Log file open, 03/23/19 16:17:24
LogWindows: Failed to load 'aqProf.dll' (GetLastError=126)
LogWindows: File 'aqProf.dll' does not exist
LogWindows: Failed to load 'VSPerf140.dll' (GetLastError=126)
LogWindows: File 'VSPerf140.dll' does not exist
LogWindows: Failed to load 'VtuneApi.dll' (GetLastError=126)
LogWindows: File 'VtuneApi.dll' does not exist
LogWindows: Failed to load 'VtuneApi32e.dll' (GetLastError=126)
LogWindows: File 'VtuneApi32e.dll' does not exist
LogInit: Display: Running engine for game: FujiwaraBattleField
LogPlatformFile: Not using cached read wrapper
LogTaskGraph: Started task graph with 5 named threads and 11 total threads with 3 sets of task threads.
LogStats: Stats thread started at 0.224832
LogD3D11RHI: Loaded GFSDK_Aftermath_Lib.x64.dll
LogICUInternationalization: Display: ICU TimeZone Detection - Raw Offset: +9:00, Platform Override: ''
LogPluginManager: Mounting plugin Paper2D
LogPluginManager: Mounting plugin AISupport
LogPluginManager: Mounting plugin LightPropagationVolume
LogPluginManager: Mounting plugin CLionSourceCodeAccess
LogPluginManager: Mounting plugin CodeLiteSourceCodeAccess
LogPluginManager: Mounting plugin GitSourceControl
LogPluginManager: Mounting plugin KDevelopSourceCodeAccess
LogPluginManager: Mounting plugin NullSourceCodeAccess
LogPluginManager: Mounting plugin PerforceSourceControl
LogPluginManager: Mounting plugin SubversionSourceControl
LogPluginManager: Mounting plugin UObjectPlugin
LogPluginManager: Mounting plugin VisualStudioCodeSourceCodeAccess
LogPluginManager: Mounting plugin VisualStudioSourceCodeAccess
LogPluginManager: Mounting plugin XCodeSourceCodeAccess
LogPluginManager: Mounting plugin AssetManagerEditor
LogPluginManager: Mounting plugin CryptoKeys
LogPluginManager: Mounting plugin DataValidation
LogPluginManager: Mounting plugin FacialAnimation
LogPluginManager: Mounting plugin GameplayTagsEditor
LogPluginManager: Mounting plugin MacGraphicsSwitching
LogPluginManager: Mounting plugin MeshEditor
LogPluginManager: Mounting plugin MobileLauncherProfileWizard
LogPluginManager: Mounting plugin PluginBrowser
LogPluginManager: Mounting plugin SpeedTreeImporter
LogPluginManager: Mounting plugin DatasmithContent
LogPluginManager: Mounting plugin AlembicImporter
LogPluginManager: Mounting plugin AppleImageUtils
LogPluginManager: Mounting plugin AppleVision
LogPluginManager: Mounting plugin BackChannel
LogPluginManager: Mounting plugin CharacterAI
LogPluginManager: Mounting plugin GeometryCache
LogPluginManager: Mounting plugin HTML5Networking
LogPluginManager: Mounting plugin ProxyLODPlugin
LogPluginManager: Mounting plugin MagicLeap
LogPluginManager: Mounting plugin MagicLeapEmulator
LogPluginManager: Mounting plugin MagicLeapMedia
LogPluginManager: Mounting plugin AndroidMedia
LogPluginManager: Mounting plugin AvfMedia
LogPluginManager: Mounting plugin ImgMedia
LogPluginManager: Mounting plugin LinearTimecode
LogPluginManager: Mounting plugin MediaCompositing
LogPluginManager: Mounting plugin MediaPlayerEditor
LogPluginManager: Mounting plugin WmfMedia
LogPluginManager: Mounting plugin TcpMessaging
LogPluginManager: Mounting plugin UdpMessaging
LogPluginManager: Mounting plugin ActorSequence
LogPluginManager: Mounting plugin LevelSequenceEditor
LogPluginManager: Mounting plugin MatineeToLevelSequence
LogPluginManager: Mounting plugin NetcodeUnitTest
LogPluginManager: Mounting plugin NUTUnrealEngine4
LogPluginManager: Mounting plugin OnlineSubsystemGooglePlay
LogPluginManager: Mounting plugin OnlineSubsystemIOS
LogPluginManager: Mounting plugin OnlineSubsystem
LogPluginManager: Mounting plugin OnlineSubsystemNull
LogPluginManager: Mounting plugin OnlineSubsystemUtils
LogPluginManager: Mounting plugin LauncherChunkInstaller
LogPluginManager: Mounting plugin AndroidDeviceProfileSelector
LogPluginManager: Mounting plugin AndroidMoviePlayer
LogPluginManager: Mounting plugin AndroidPermission
LogPluginManager: Mounting plugin AppleMoviePlayer
LogPluginManager: Mounting plugin ArchVisCharacter
LogPluginManager: Mounting plugin AudioCapture
LogPluginManager: Mounting plugin CableComponent
LogPluginManager: Mounting plugin CustomMeshComponent
LogPluginManager: Mounting plugin EditableMesh
LogPluginManager: Mounting plugin ExampleDeviceProfileSelector
LogPluginManager: Mounting plugin GoogleCloudMessaging
LogPluginManager: Mounting plugin ImmediatePhysics
LogPluginManager: Mounting plugin IOSDeviceProfileSelector
LogPluginManager: Mounting plugin LinuxDeviceProfileSelector
LogPluginManager: Mounting plugin LocationServicesBPLibrary
LogPluginManager: Mounting plugin MobilePatchingUtils
LogPluginManager: Mounting plugin OculusVR
LogPluginManager: Plugin shader directory ../../../Engine/Plugins/Runtime/Oculus/OculusVR/Shaders found
LogPluginManager: Mapping shader source directory ../../../Engine/Plugins/Runtime/Oculus/OculusVR/Shaders to virtual directory /Plugin/OculusVR
LogPluginManager: Mounting plugin PhysXVehicles
LogPluginManager: Mounting plugin ProceduralMeshComponent
LogPluginManager: Mounting plugin RuntimePhysXCooking
LogPluginManager: Mounting plugin SteamVR
LogPluginManager: Mounting plugin WindowsMoviePlayer
LogStreaming: Display: Took  0.121s to configure plugins.
LogInit: Using libcurl 7.55.1-DEV
LogInit:  - built for x86_64-pc-win32
LogInit:  - supports SSL with OpenSSL/1.0.2h
LogInit:  - supports HTTP deflate (compression) using libz 1.2.8
LogInit:  - other features:
LogInit:      CURL_VERSION_SSL
LogInit:      CURL_VERSION_LIBZ
LogInit:      CURL_VERSION_IPV6
LogInit:      CURL_VERSION_ASYNCHDNS
LogInit:      CURL_VERSION_LARGEFILE
LogInit:      CURL_VERSION_IDN
LogInit:  CurlRequestOptions (configurable via config and command line):
LogInit:  - bVerifyPeer = false  - Libcurl will NOT verify peer certificate
LogInit:  - bUseHttpProxy = false  - Libcurl will NOT use HTTP proxy
LogInit:  - bDontReuseConnections = false  - Libcurl will reuse connections
LogInit:  - CertBundlePath = nullptr  - Libcurl will use whatever was configured at build time.
LogInit:  - MaxHostConnections = 16  - Libcurl will limit the number of connections to a host
LogInit:  - LocalHostAddr = Default
LogInit:  - BufferSize = 65536
LogInit: WinSock: version 1.1 (2.2), MaxSocks=32767, MaxUdp=65467
LogInit: Build: ++UE4+Release-4.20-CL-4369336
LogInit: Engine Version: 4.20.3-4369336+++UE4+Release-4.20
LogInit: Compatible Engine Version: 4.20.0-4212847+++UE4+Release-4.20
LogInit: Net CL: 4212847
LogInit: OS: Windows 10 (), CPU: Intel(R) Core(TM) i5-7200U CPU @ 2.50GHz, GPU: Intel(R) HD Graphics 620
LogInit: Compiled (64-bit): Sep 17 2018 12:26:19
LogInit: Compiled with Visual C++: 19.13.26129.00
LogInit: Build Configuration: Development
LogInit: Branch Name: ++UE4+Release-4.20
LogInit: Command Line: 
LogInit: Base Directory: C:/Program Files/Epic Games/UE_4.20/Engine/Binaries/Win64/
LogInit: Installed Engine Build: 1
LogDevObjectVersion: Number of dev versions registered: 20
LogDevObjectVersion:   Dev-Blueprints (B0D832E4-1F89-4F0D-ACCF-7EB736FD4AA2): 10
LogDevObjectVersion:   Dev-Build (E1C64328-A22C-4D53-A36C-8E866417BD8C): 0
LogDevObjectVersion:   Dev-Core (375EC13C-06E4-48FB-B500-84F0262A717E): 2
LogDevObjectVersion:   Dev-Editor (E4B068ED-F494-42E9-A231-DA0B2E46BB41): 24
LogDevObjectVersion:   Dev-Framework (CFFC743F-43B0-4480-9391-14DF171D2073): 34
LogDevObjectVersion:   Dev-Mobile (B02B49B5-BB20-44E9-A304-32B752E40360): 2
LogDevObjectVersion:   Dev-Networking (A4E4105C-59A1-49B5-A7C5-40C4547EDFEE): 0
LogDevObjectVersion:   Dev-Online (39C831C9-5AE6-47DC-9A44-9C173E1C8E7C): 0
LogDevObjectVersion:   Dev-Physics (78F01B33-EBEA-4F98-B9B4-84EACCB95AA2): 0
LogDevObjectVersion:   Dev-Platform (6631380F-2D4D-43E0-8009-CF276956A95A): 0
LogDevObjectVersion:   Dev-Rendering (12F88B9F-8875-4AFC-A67C-D90C383ABD29): 26
LogDevObjectVersion:   Dev-Sequencer (7B5AE74C-D270-4C10-A958-57980B212A5A): 9
LogDevObjectVersion:   Dev-VR (D7296918-1DD6-4BDD-9DE2-64A83CC13884): 2
LogDevObjectVersion:   Dev-LoadTimes (C2A15278-BFE7-4AFE-6C17-90FF531DF755): 1
LogDevObjectVersion:   Private-Geometry (6EACA3D4-40EC-4CC1-B786-8BED09428FC5): 3
LogDevObjectVersion:   Dev-AnimPhys (29E575DD-E0A3-4627-9D10-D276232CDCEA): 17
LogDevObjectVersion:   Dev-ReflectionCapture (6B266CEC-1EC7-4B8F-A30B-E4D90942FC07): 1
LogDevObjectVersion:   Dev-Automation (0DF73D61-A23F-47EA-B727-89E90C41499A): 1
LogDevObjectVersion:   FortniteMain (601D1886-AC64-4F84-AA16-D3DE0DEAC7D6): 12
LogDevObjectVersion:   Dev-Enterprise (9DFFBCD6-494F-0158-E221-12823C92A888): 1
LogStreaming: Display: Took  0.007s to delete old logs.
LogInit: Presizing for max 8388607 objects, including 0 objects not considered by GC, pre-allocating 0 bytes for permanent pool.
LogInit: Object subsystem initialized
[2019.03.23-07.17.24:631][  0]LogInit: Selected Device Profile: [Windows]
[2019.03.23-07.17.24:631][  0]LogInit: Applying CVar settings loaded from the selected device profile: [Windows]
[2019.03.23-07.17.24:645][  0]LogHAL: Display: Platform has ~ 8 GB [8442224640 / 8589934592 / 8], which maps to Default [LargestMinGB=32, LargerMinGB=12, DefaultMinGB=8, SmallerMinGB=6, SmallestMinGB=0)
[2019.03.23-07.17.24:645][  0]LogInit: Setting Device Profile CVar: [[r.Vulkan.UseRealUBs:1]]
[2019.03.23-07.17.24:645][  0]LogInit: Going up to parent DeviceProfile []
[2019.03.23-07.17.24:646][  0]LogInit: Computer: DESKTOP-3RQR4D6
[2019.03.23-07.17.24:646][  0]LogInit: User: hoon
[2019.03.23-07.17.24:646][  0]LogInit: CPU Page size=4096, Cores=2
[2019.03.23-07.17.24:646][  0]LogInit: High frequency timer resolution =2.648442 MHz
[2019.03.23-07.17.24:646][  0]LogMemory: Memory total: Physical=7.9GB (8GB approx)
[2019.03.23-07.17.24:646][  0]LogMemory: Platform Memory Stats for Windows
[2019.03.23-07.17.24:646][  0]LogMemory: Process Physical Memory: 101.00 MB used, 101.00 MB peak
[2019.03.23-07.17.24:646][  0]LogMemory: Process Virtual Memory: 92.21 MB used, 92.21 MB peak
[2019.03.23-07.17.24:646][  0]LogMemory: Physical Memory: 3888.31 MB used,  4162.82 MB free, 8051.13 MB total
[2019.03.23-07.17.24:646][  0]LogMemory: Virtual Memory: 4629.48 MB used,  4162.82 MB free, 134217728.00 MB total
[2019.03.23-07.17.24:683][  0]LogInit: Using OS detected language (ko-KR).
[2019.03.23-07.17.24:683][  0]LogInit: Using OS detected locale (ko-KR).
[2019.03.23-07.17.24:686][  0]LogTextLocalizationManager: No specific localization for 'ko-KR' exists, so the 'ko' localization will be used.
[2019.03.23-07.17.25:104][  0]LogStreaming: Display: Took  0.421s to InitEngineTextLocalization.
[2019.03.23-07.17.25:104][  0]LogInit: Setting process to per monitor DPI aware
[2019.03.23-07.17.25:173][  0]LogSlate: New Slate User Created.  User Index 0, Is Virtual User: 0
[2019.03.23-07.17.25:173][  0]LogSlate: Slate User Registered.  User Index 0, Is Virtual User: 0
[2019.03.23-07.17.25:827][  0]LogHMD: Failed to initialize OpenVR with code 110
[2019.03.23-07.17.25:827][  0]LogD3D11RHI: D3D11 adapters:
[2019.03.23-07.17.25:839][  0]LogD3D11RHI:    0. 'Intel(R) HD Graphics 620' (Feature Level 11_0)
[2019.03.23-07.17.25:840][  0]LogD3D11RHI:       128/0/4025 MB DedicatedVideo/DedicatedSystem/SharedSystem, Outputs:1, VendorId:0x8086
[2019.03.23-07.17.25:844][  0]LogD3D11RHI:    1. 'Microsoft Basic Render Driver' (Feature Level 11_0)
[2019.03.23-07.17.25:844][  0]LogD3D11RHI:       0/0/4025 MB DedicatedVideo/DedicatedSystem/SharedSystem, Outputs:0, VendorId:0x1414
[2019.03.23-07.17.25:844][  0]LogD3D11RHI: Chosen D3D11 Adapter: 0
[2019.03.23-07.17.25:852][  0]LogD3D11RHI: Creating new Direct3DDevice
[2019.03.23-07.17.25:852][  0]LogD3D11RHI:     GPU DeviceId: 0x5916 (for the marketing name, search the web for "GPU Device Id")
[2019.03.23-07.17.25:852][  0]LogWindows: EnumDisplayDevices:
[2019.03.23-07.17.25:852][  0]LogWindows:    0. 'Intel(R) HD Graphics 620' (P:1 D:1)
[2019.03.23-07.17.25:854][  0]LogWindows:    1. 'Intel(R) HD Graphics 620' (P:0 D:0)
[2019.03.23-07.17.25:855][  0]LogWindows:    2. 'Intel(R) HD Graphics 620' (P:0 D:0)
[2019.03.23-07.17.25:856][  0]LogWindows: DebugString: FoundDriverCount:3 
[2019.03.23-07.17.25:856][  0]LogD3D11RHI:     Adapter Name: Intel(R) HD Graphics 620
[2019.03.23-07.17.25:856][  0]LogD3D11RHI:   Driver Version: 21.20.16.4528 (internal:21.20.16.4528, unified:21.20.16.4528)
[2019.03.23-07.17.25:856][  0]LogD3D11RHI:      Driver Date: 9-23-2016
[2019.03.23-07.17.25:856][  0]LogRHI: Texture pool is 1498 MB (70% of 2140 MB)
[2019.03.23-07.17.25:863][  0]LogD3D11RHI: Async texture creation enabled
[2019.03.23-07.17.25:872][  0]LogD3D11RHI: GPU Timing Frequency: 12.000000 (Debug: 2 0)
[2019.03.23-07.17.25:874][  0]LogShaderCompilers: Guid format shader working directory is -27 characters bigger than the processId version (../../../../../../Users/hoon/Desktop/UE4STAG/UE4STAG/FujiwaraBattleField/Intermediate/Shaders/WorkingDirectory/9360/).
[2019.03.23-07.17.25:874][  0]LogShaderCompilers: Cleaned the shader compiler working directory 'C:/Users/hoon/AppData/Local/Temp/UnrealShaderWorkingDir/310013194B43D2C1307B26914FC53EDF/'.
[2019.03.23-07.17.26:424][  0]LogTemp: Display: Loaded TP AllDesktopTargetPlatform
[2019.03.23-07.17.26:440][  0]LogTemp: Display: Loaded TP MacClientTargetPlatform
[2019.03.23-07.17.26:456][  0]LogTemp: Display: Loaded TP MacNoEditorTargetPlatform
[2019.03.23-07.17.26:472][  0]LogTemp: Display: Loaded TP MacServerTargetPlatform
[2019.03.23-07.17.26:490][  0]LogTemp: Display: Loaded TP MacTargetPlatform
[2019.03.23-07.17.26:506][  0]LogTemp: Display: Loaded TP WindowsClientTargetPlatform
[2019.03.23-07.17.26:522][  0]LogTemp: Display: Loaded TP WindowsNoEditorTargetPlatform
[2019.03.23-07.17.26:540][  0]LogTemp: Display: Loaded TP WindowsServerTargetPlatform
[2019.03.23-07.17.26:548][  0]LogTemp: Display: Loaded TP WindowsTargetPlatform
[2019.03.23-07.17.26:639][  0]LogTemp: Display: Loaded TP AndroidTargetPlatform
[2019.03.23-07.17.26:639][  0]LogTemp: Display: Loaded TP AndroidTargetPlatform
[2019.03.23-07.17.26:639][  0]LogTemp: Display: Loaded TP AndroidTargetPlatform
[2019.03.23-07.17.26:639][  0]LogTemp: Display: Loaded TP AndroidTargetPlatform
[2019.03.23-07.17.26:639][  0]LogTemp: Display: Loaded TP AndroidTargetPlatform
[2019.03.23-07.17.26:639][  0]LogTemp: Display: Loaded TP AndroidTargetPlatform
[2019.03.23-07.17.26:639][  0]LogTemp: Display: Loaded TP AndroidTargetPlatform
[2019.03.23-07.17.26:639][  0]LogTemp: Display: Loaded TP AndroidTargetPlatform
[2019.03.23-07.17.26:639][  0]LogTemp: Display: Loaded TP AndroidTargetPlatform
[2019.03.23-07.17.26:639][  0]LogTemp: Display: Loaded TP AndroidTargetPlatform
[2019.03.23-07.17.26:639][  0]LogTemp: Display: Loaded TP AndroidTargetPlatform
[2019.03.23-07.17.26:639][  0]LogTemp: Display: Loaded TP AndroidTargetPlatform
[2019.03.23-07.17.26:639][  0]LogTemp: Display: Loaded TP AndroidTargetPlatform
[2019.03.23-07.17.26:639][  0]LogTemp: Display: Loaded TP AndroidTargetPlatform
[2019.03.23-07.17.26:639][  0]LogTemp: Display: Loaded TP AndroidTargetPlatform
[2019.03.23-07.17.26:639][  0]LogTemp: Display: Loaded TP AndroidTargetPlatform
[2019.03.23-07.17.26:639][  0]LogTemp: Display: Loaded TP AndroidTargetPlatform
[2019.03.23-07.17.26:639][  0]LogTemp: Display: Loaded TP AndroidTargetPlatform
[2019.03.23-07.17.26:641][  0]LogTemp: Display: Loaded TP HTML5TargetPlatform
[2019.03.23-07.17.26:708][  0]LogTemp: Display: Loaded TP IOSTargetPlatform
[2019.03.23-07.17.26:708][  0]LogTemp: Display: Loaded TP IOSTargetPlatform
[2019.03.23-07.17.26:734][  0]LogTemp: Display: Loaded TP TVOSTargetPlatform
[2019.03.23-07.17.26:734][  0]LogTemp: Display: Loaded TP TVOSTargetPlatform
[2019.03.23-07.17.26:749][  0]LogTemp: Display: Loaded TP LinuxClientTargetPlatform
[2019.03.23-07.17.26:762][  0]LogTemp: Display: Loaded TP LinuxNoEditorTargetPlatform
[2019.03.23-07.17.26:776][  0]LogTemp: Display: Loaded TP LinuxServerTargetPlatform
[2019.03.23-07.17.26:792][  0]LogTemp: Display: Loaded TP LinuxTargetPlatform
[2019.03.23-07.17.26:802][  0]LogTemp: Display: Loaded TP LuminTargetPlatform
[2019.03.23-07.17.26:802][  0]LogTargetPlatformManager: Display: Building Assets For Windows
[2019.03.23-07.17.26:889][  0]LogXGEController: Cleaning working directory: C:/Users/hoon/AppData/Local/Temp/UnrealXGEWorkingDir/
[2019.03.23-07.17.26:889][  0]LogXGEController: Cannot use XGE Controller as Incredibuild is not installed on this machine.
[2019.03.23-07.17.26:889][  0]LogShaderCompilers: Cannot use XGE Shader Compiler as Incredibuild is not installed on this machine.
[2019.03.23-07.17.26:889][  0]LogShaderCompilers: Display: Using Local Shader Compiler.
[2019.03.23-07.17.28:137][  0]LogDerivedDataCache: Display: Max Cache Size: 512 MB
[2019.03.23-07.17.28:734][  0]LogDerivedDataCache: Loaded boot cache 0.60s 71MB C:/Users/hoon/AppData/Local/UnrealEngine/4.20/DerivedDataCache/Boot.ddc.
[2019.03.23-07.17.28:735][  0]LogDerivedDataCache: Display: Loaded Boot cache: C:/Users/hoon/AppData/Local/UnrealEngine/4.20/DerivedDataCache/Boot.ddc
[2019.03.23-07.17.28:735][  0]LogDerivedDataCache: FDerivedDataBackendGraph:  Pak pak cache file ../../../../../../Users/hoon/Desktop/UE4STAG/UE4STAG/FujiwaraBattleField/DerivedDataCache/DDC.ddp not found, will not use a pak cache.
[2019.03.23-07.17.28:735][  0]LogDerivedDataCache: Unable to find inner node Pak for hierarchical cache Hierarchy.
[2019.03.23-07.17.28:735][  0]LogDerivedDataCache: FDerivedDataBackendGraph:  CompressedPak pak cache file ../../../../../../Users/hoon/Desktop/UE4STAG/UE4STAG/FujiwaraBattleField/DerivedDataCache/Compressed.ddp not found, will not use a pak cache.
[2019.03.23-07.17.28:735][  0]LogDerivedDataCache: Unable to find inner node CompressedPak for hierarchical cache Hierarchy.
[2019.03.23-07.17.28:753][  0]LogDerivedDataCache: Display: Pak cache opened for reading ../../../Engine/DerivedDataCache/Compressed.ddp.
[2019.03.23-07.17.28:765][  0]LogDerivedDataCache: Using Local data cache path C:/Users/hoon/AppData/Local/UnrealEngine/Common/DerivedDataCache: Writable
[2019.03.23-07.17.28:765][  0]LogDerivedDataCache: Shared data cache path not found in *engine.ini, will not use an Shared cache.
[2019.03.23-07.17.28:765][  0]LogDerivedDataCache: Unable to find inner node Shared for hierarchical cache Hierarchy.
[2019.03.23-07.17.28:786][  0]LogMaterial: Verifying Global Shaders for PCD3D_SM5
[2019.03.23-07.17.28:788][  0]LogSlate: Using FreeType 2.6.0
[2019.03.23-07.17.28:789][  0]LogSlate: SlateFontServices - WITH_FREETYPE: 1, WITH_HARFBUZZ: 1
[2019.03.23-07.17.28:872][  0]LogAssetRegistry: FAssetRegistry took 0.0292 seconds to start up
[2019.03.23-07.17.29:414][  0]LogInit: Selected Device Profile: [Windows]
[2019.03.23-07.17.29:512][  0]LogSimplygon: Simplygon DLL not present - disabling.
[2019.03.23-07.17.29:520][  0]LogMeshReduction: Using SimplygonSwarm for distributed automatic mesh merging
[2019.03.23-07.17.29:521][  0]LogMeshReduction: Using ProxyLODMeshReduction for automatic mesh merging
[2019.03.23-07.17.29:521][  0]LogMeshReduction: Using QuadricMeshReduction for automatic static mesh reduction
[2019.03.23-07.17.29:521][  0]LogMeshReduction: No automatic skeletal mesh reduction module available
[2019.03.23-07.17.29:653][  0]LogNetVersion: FujiwaraBattleField 1.0.0, NetCL: 4212847, EngineNetVer: 5, GameNetVer: 0 (Checksum: 1838566955)
[2019.03.23-07.17.30:254][  0]LogPackageLocalizationCache: Processed 11 localized package path(s) for 2 prioritized culture(s) in 0.091123 seconds
[2019.03.23-07.17.30:261][  0]LogUObjectArray: 38425 objects as part of root set at end of initial load.
[2019.03.23-07.17.30:261][  0]LogUObjectAllocator: 6690872 out of 0 bytes used by permanent object pool.
[2019.03.23-07.17.30:261][  0]LogUObjectArray: CloseDisregardForGC: 0/0 objects in disregard for GC pool
[2019.03.23-07.17.32:056][  0]LogTcpMessaging: Initializing TcpMessaging bridge
[2019.03.23-07.17.32:070][  0]LogUdpMessaging: Initializing bridge on interface 0.0.0.0:0 to multicast group 230.0.0.1:6666.
[2019.03.23-07.17.32:262][  0]SourceControl: 소스 컨트롤이 꺼졌습니다.
[2019.03.23-07.17.32:263][  0]SourceControl: 소스 컨트롤이 꺼졌습니다.
[2019.03.23-07.17.32:268][  0]SourceControl: 소스 컨트롤이 꺼졌습니다.
[2019.03.23-07.17.32:270][  0]SourceControl: 소스 컨트롤이 꺼졌습니다.
[2019.03.23-07.17.32:474][  0]LogAndroidPermission: UAndroidPermissionCallbackProxy::GetInstance
[2019.03.23-07.17.32:577][  0]LogOcInput: OculusInput pre-init called
[2019.03.23-07.17.32:648][  0]LogEngine: Initializing Engine...
[2019.03.23-07.17.32:649][  0]LogHMD: Failed to initialize OpenVR with code 110
[2019.03.23-07.17.32:650][  0]LogStats: UGameplayTagsManager::ConstructGameplayTagTree: ImportINI prefixes -  0.000 s
[2019.03.23-07.17.32:650][  0]LogStats: UGameplayTagsManager::ConstructGameplayTagTree: Construct from data asset -  0.000 s
[2019.03.23-07.17.32:650][  0]LogStats: UGameplayTagsManager::ConstructGameplayTagTree: ImportINI -  0.000 s
[2019.03.23-07.17.32:650][  0]LogStats: UGameplayTagsManager::ConstructGameplayTagTree: GameplayTagTreeChangedEvent.Broadcast -  0.000 s
[2019.03.23-07.17.32:886][  0]LogInit: Initializing FReadOnlyCVARCache
[2019.03.23-07.17.32:913][  0]LogAIModule: Creating AISystem for world Untitled
[2019.03.23-07.17.32:938][  0]LogInit: XAudio2 using 'Speakers(Conexant HD Audio)' : 2 channels at 48 kHz using 32 bits per sample (channel mask 0x3)
[2019.03.23-07.17.33:116][  0]LogInit: FAudioDevice initialized.
[2019.03.23-07.17.33:116][  0]LogNetVersion: Set ProjectVersion to 1.0.0.0. Version Checksum will be recalculated on next use.
[2019.03.23-07.17.33:300][  0]LogDerivedDataCache: Saved boot cache 0.18s 71MB C:/Users/hoon/AppData/Local/UnrealEngine/4.20/DerivedDataCache/Boot.ddc.
[2019.03.23-07.17.33:312][  0]LogInit: Texture streaming: Enabled
[2019.03.23-07.17.33:338][  0]LogEngineSessionManager: EngineSessionManager initialized
[2019.03.23-07.17.33:338][  0]LogEngineSessionManager: EngineSessionManager sent abnormal shutdown report. Type=Crashed, SessionId={A065E313-4176-CC49-C2AB-B99A8D84E7AE}
[2019.03.23-07.17.33:355][  0]LogInit: Transaction tracking system initialized
[2019.03.23-07.17.33:396][  0]BlueprintLog: New page: 에디터 로드
[2019.03.23-07.17.33:510][  0]LocalizationService: 현지화 서비스가 비활성화되었습니다.
[2019.03.23-07.17.34:213][  0]LogCook: Display: Max memory allowance for cook 16384mb min free memory 0mb
[2019.03.23-07.17.34:213][  0]LogCook: Display: Mobile HDR setting 1
[2019.03.23-07.17.34:213][  0]LogGameplayTags: Display: UGameplayTagsManager::DoneAddingNativeTags. DelegateIsBound: 0
[2019.03.23-07.17.34:213][  0]LogStats: UGameplayTagsManager::ConstructGameplayTagTree: ImportINI prefixes -  0.000 s
[2019.03.23-07.17.34:213][  0]LogStats: UGameplayTagsManager::ConstructGameplayTagTree: Construct from data asset -  0.000 s
[2019.03.23-07.17.34:213][  0]LogStats: UGameplayTagsManager::ConstructGameplayTagTree: ImportINI -  0.000 s
[2019.03.23-07.17.34:213][  0]LogStats: UGameplayTagsManager::ConstructGameplayTagTree: GameplayTagTreeChangedEvent.Broadcast -  0.000 s
[2019.03.23-07.17.34:409][  0]SourceControl: 소스 컨트롤이 꺼졌습니다.
[2019.03.23-07.17.34:409][  0]Cmd: MAP LOAD FILE="../../../../../../Users/hoon/Desktop/UE4STAG/UE4STAG/FujiwaraBattleField/Content/Maps/Map_LostBambooForest.umap" TEMPLATE=0 SHOWPROGRESS=1 FEATURELEVEL=3
[2019.03.23-07.17.34:410][  0]LightingResults: New page: 라이팅 빌드
[2019.03.23-07.17.34:414][  0]MapCheck: New page: 맵 체크
[2019.03.23-07.17.34:414][  0]LightingResults: New page: 라이팅 빌드
[2019.03.23-07.17.38:523][  0]LogBlueprint: Warning: [Compiler GideonPlayerCharacter] InputAction Event 가  ResetVR 입력 액션  에 대해 알려지지 않은 'ResetVR' 액션을 레퍼런싱합니다.
[2019.03.23-07.17.38:523][  0]LogBlueprint: Warning: [Compiler GideonPlayerCharacter] Input Axis Event 가  LookUpRate 입력 축  에 대해 알려지지 않은 'LookUpRate' 축을 레퍼런싱합니다.
[2019.03.23-07.17.38:523][  0]LogBlueprint: Warning: [Compiler GideonPlayerCharacter] Input Axis Event 가  TurnRate 입력 축  에 대해 알려지지 않은 'TurnRate' 축을 레퍼런싱합니다.
[2019.03.23-07.17.38:532][  0]LogBlueprint: Warning: [Compiler PhasePlayerCharacter] InputAction Event 가  ResetVR 입력 액션  에 대해 알려지지 않은 'ResetVR' 액션을 레퍼런싱합니다.
[2019.03.23-07.17.38:532][  0]LogBlueprint: Warning: [Compiler PhasePlayerCharacter] Input Axis Event 가  LookUpRate 입력 축  에 대해 알려지지 않은 'LookUpRate' 축을 레퍼런싱합니다.
[2019.03.23-07.17.38:532][  0]LogBlueprint: Warning: [Compiler PhasePlayerCharacter] Input Axis Event 가  TurnRate 입력 축  에 대해 알려지지 않은 'TurnRate' 축을 레퍼런싱합니다.
[2019.03.23-07.17.39:013][  0]LogBlueprint: Warning: [Compiler GideonPlayerCharacter] [0017.34] GideonPlayerCharacter 컴파일에 성공했습니다만, 경고가 3 회 있습니다. [소요시간 899 ms] (/Game/ParagonGideon/Characters/Heroes/Gideon/GideonPlayerCharacter.GideonPlayerCharacter)
[2019.03.23-07.17.39:013][  0]LogBlueprint: Warning: [Compiler PhasePlayerCharacter] [0017.34] PhasePlayerCharacter 컴파일에 성공했습니다만, 경고가 3 회 있습니다. [소요시간 898 ms] (/Game/ParagonPhase/Characters/Heroes/Phase/PhasePlayerCharacter.PhasePlayerCharacter)
[2019.03.23-07.17.39:055][  0]LogLinker: Warning: '/Game/Maps/Map_LostBambooForest_BuiltData' 파일을 찾을 수 없습니다.
[2019.03.23-07.17.39:055][  0]LogLinker: Warning: ../../../../../../Users/hoon/Desktop/UE4STAG/UE4STAG/FujiwaraBattleField/Content/Maps/Map_LostBambooForest.umap 로드중 '/Game/Maps/Map_LostBambooForest_BuiltData' 애셋에 대한 파일을 찾을 수 없습니다.
[2019.03.23-07.17.39:055][  0]LoadErrors: Error: /Game/Maps/Map_LostBambooForest : 애셋에 대한 파일을 찾을 수 없습니다. /Game/Maps/Map_LostBambooForest_BuiltData
[2019.03.23-07.17.39:229][  0]LogLinker: Warning: '/Game/Maps/Map_LostBambooForest_BuiltData' 파일을 찾을 수 없습니다.
[2019.03.23-07.17.39:230][  0]LogLinker: Warning: ../../../../../../Users/hoon/Desktop/UE4STAG/UE4STAG/FujiwaraBattleField/Content/Maps/Map_LostBambooForest.umap 로드중 '/Game/Maps/Map_LostBambooForest_BuiltData' 애셋에 대한 파일을 찾을 수 없습니다.
[2019.03.23-07.17.39:230][  0]LoadErrors: Error: /Game/Maps/Map_LostBambooForest : 애셋에 대한 파일을 찾을 수 없습니다. /Game/Maps/Map_LostBambooForest_BuiltData
[2019.03.23-07.17.39:278][  0]LogLinker: Warning: '/Game/Maps/Map_LostBambooForest_BuiltData' 파일을 찾을 수 없습니다.
[2019.03.23-07.17.39:279][  0]LogLinker: Warning: NULL 로드중 '/Game/Maps/Map_LostBambooForest_BuiltData' 애셋에 대한 파일을 찾을 수 없습니다.
[2019.03.23-07.17.39:279][  0]LogLinker: Warning: '/Game/Maps/Map_LostBambooForest_BuiltData' 파일을 찾을 수 없습니다.
[2019.03.23-07.17.39:279][  0]LogLinker: Warning: NULL 로드중 '/Game/Maps/Map_LostBambooForest_BuiltData' 애셋에 대한 파일을 찾을 수 없습니다.
[2019.03.23-07.17.39:514][  0]LogLinker: Warning: '/Game/Maps/Map_LostBambooForest_BuiltData' 파일을 찾을 수 없습니다.
[2019.03.23-07.17.39:514][  0]LoadErrors: 로드에 실패했습니다. /Game/Maps/Map_LostBambooForest_BuiltData.Map_LostBambooForest_BuiltData 레퍼런싱한 것: PersistentLevel
[2019.03.23-07.17.39:515][  0]LogLinker: Warning: NULL 로드중 '/Game/Maps/Map_LostBambooForest_BuiltData' 애셋에 대한 파일을 찾을 수 없습니다.
[2019.03.23-07.17.39:515][  0]LoadErrors: 로드에 실패했습니다. /Game/Maps/Map_LostBambooForest_BuiltData.Map_LostBambooForest_BuiltData 레퍼런싱한 것: PersistentLevel
[2019.03.23-07.17.40:720][  0]LogMaterial: Display: Missing cached shader map for material M_UE4Man_Body, compiling. 
[2019.03.23-07.17.40:723][  0]LogMaterial: Warning: C:\Users\hoon\Desktop\UE4STAG\UE4STAG\FujiwaraBattleField\Content\_Temporary\Pawn\Character\Mannequin\Materials\M_UE4Man_Body.uasset: Failed to compile Material for platform PCD3D_SM5, Default Material will be used in game.
[2019.03.23-07.17.40:723][  0]LogMaterial: 	(Node TextureSampleParameter2D) Param2D> Requires Texture2D
[2019.03.23-07.17.40:723][  0]LogMaterial: 	Function MatLayerBlend_NormalBlend: (Node MakeMaterialAttributes) Error on property Normal
[2019.03.23-07.17.40:724][  0]LogMaterial: 	(Node TextureSample) Texture Sample> Missing input texture
[2019.03.23-07.17.40:724][  0]LogMaterial: 	Function MatLayerBlend_Simple: (Node MakeMaterialAttributes) Error on property EmissiveColor
[2019.03.23-07.17.40:724][  0]LogMaterial: 	Function MatLayerBlend_Simple: (Node MakeMaterialAttributes) Error on property BaseColor
[2019.03.23-07.17.40:724][  0]LogMaterial: 	Function MatLayerBlend_Simple: (Node MakeMaterialAttributes) Error on property Metallic
[2019.03.23-07.17.40:724][  0]LogMaterial: 	Function MatLayerBlend_Simple: (Node MakeMaterialAttributes) Error on property Roughness
[2019.03.23-07.17.40:726][  0]LogMaterial: Display: Missing cached shader map for material M_UE4Man_Body, compiling. 
[2019.03.23-07.17.40:727][  0]LogMaterial: Warning: C:\Users\hoon\Desktop\UE4STAG\UE4STAG\FujiwaraBattleField\Content\_Temporary\Pawn\Character\Mannequin\Materials\M_UE4Man_ChestLogo.uasset: Failed to compile Material Instance with Base M_UE4Man_Body for platform PCD3D_SM5, Default Material will be used in game.
[2019.03.23-07.17.40:727][  0]LogMaterial: 	(Node TextureSampleParameter2D) Param2D> Requires Texture2D
[2019.03.23-07.17.40:727][  0]LogMaterial: 	Function MatLayerBlend_NormalBlend: (Node MakeMaterialAttributes) Error on property Normal
[2019.03.23-07.17.40:727][  0]LogMaterial: 	Function ML_Plastic_Shiny_Beige_LOGO: (Node TextureSample) Logo Mask> Missing input texture
[2019.03.23-07.17.40:727][  0]LogMaterial: 	Function ML_Plastic_Shiny_Beige_LOGO: (Node MakeMaterialAttributes) Error on property OpacityMask
[2019.03.23-07.17.43:698][  0]LogAIModule: Creating AISystem for world Map_LostBambooForest
[2019.03.23-07.17.44:209][  0]LogStreaming: Display: ULevelStreaming::RequestLevel(/Game/Maps/LBF_BattleField) is flushing async loading
[2019.03.23-07.17.44:209][  0]LogStreaming: Display: Flushing async loaders.
[2019.03.23-07.17.44:212][  0]LogLinker: Warning: '/Game/Maps/LBF_BattleField_BuiltData' 파일을 찾을 수 없습니다.
[2019.03.23-07.17.44:212][  0]LogLinker: Warning: NULL 로드중 '/Game/Maps/LBF_BattleField_BuiltData' 애셋에 대한 파일을 찾을 수 없습니다.
[2019.03.23-07.17.44:212][  0]LogLinker: Warning: '/Game/Maps/LBF_BattleField_BuiltData' 파일을 찾을 수 없습니다.
[2019.03.23-07.17.44:213][  0]LogLinker: Warning: NULL 로드중 '/Game/Maps/LBF_BattleField_BuiltData' 애셋에 대한 파일을 찾을 수 없습니다.
[2019.03.23-07.17.44:213][  0]LogLinker: Warning: '/Game/Maps/LBF_BattleField_BuiltData' 파일을 찾을 수 없습니다.
[2019.03.23-07.17.44:213][  0]LogLinker: Warning: NULL 로드중 '/Game/Maps/LBF_BattleField_BuiltData' 애셋에 대한 파일을 찾을 수 없습니다.
[2019.03.23-07.17.44:214][  0]LogLinker: Warning: '/Game/Maps/LBF_BattleField_BuiltData' 파일을 찾을 수 없습니다.
[2019.03.23-07.17.44:214][  0]LogLinker: Warning: NULL 로드중 '/Game/Maps/LBF_BattleField_BuiltData' 애셋에 대한 파일을 찾을 수 없습니다.
[2019.03.23-07.17.44:215][  0]LogLinker: Warning: '/Game/Maps/LBF_BattleField_BuiltData' 파일을 찾을 수 없습니다.
[2019.03.23-07.17.44:216][  0]LoadErrors: 로드에 실패했습니다. /Game/Maps/LBF_BattleField_BuiltData.LBF_BattleField_BuiltData 레퍼런싱한 것: PersistentLevel
[2019.03.23-07.17.44:216][  0]LogLinker: Warning: NULL 로드중 '/Game/Maps/LBF_BattleField_BuiltData' 애셋에 대한 파일을 찾을 수 없습니다.
[2019.03.23-07.17.44:216][  0]LoadErrors: 로드에 실패했습니다. /Game/Maps/LBF_BattleField_BuiltData.LBF_BattleField_BuiltData 레퍼런싱한 것: PersistentLevel
[2019.03.23-07.17.44:218][  0]LogEditorServer: Finished looking for orphan Actors (0.000 secs)
[2019.03.23-07.17.44:320][  0]Cmd: MAP CHECKDEP NOCLEARLOG
[2019.03.23-07.17.44:702][  0]MapCheck: 맵 체크 완료: 오류 0 회, 경고 0 회, 소요 시간 381.257ms.
[2019.03.23-07.17.44:702][  0]LogFileHelpers: Loading map 'Map_LostBambooForest' took 10.294
[2019.03.23-07.17.44:831][  0]LogSlate: Updating window title bar state: overlay mode, drag disabled, window buttons hidden, title bar hidden
[2019.03.23-07.17.44:840][  0]LogSlate: Updating window title bar state: overlay mode, drag disabled, window buttons hidden, title bar hidden
[2019.03.23-07.17.44:848][  0]LogSlate: Updating window title bar state: overlay mode, drag disabled, window buttons hidden, title bar hidden
[2019.03.23-07.17.44:858][  0]LogSlate: Updating window title bar state: overlay mode, drag disabled, window buttons hidden, title bar hidden
[2019.03.23-07.17.44:869][  0]LogCollectionManager: Loaded 0 collections in 0.002543 seconds
[2019.03.23-07.17.44:913][  0]LogFileCache: Scanning file cache for directory 'C:/Users/hoon/Desktop/UE4STAG/UE4STAG/FujiwaraBattleField/Saved/Collections/' took 0.01s
[2019.03.23-07.17.44:914][  0]LogFileCache: Scanning file cache for directory 'C:/Users/hoon/Desktop/UE4STAG/UE4STAG/FujiwaraBattleField/Content/Developers/hoon/Collections/' took 0.01s
[2019.03.23-07.17.44:914][  0]LogFileCache: Scanning file cache for directory 'C:/Users/hoon/Desktop/UE4STAG/UE4STAG/FujiwaraBattleField/Content/Collections/' took 0.01s
[2019.03.23-07.17.44:914][  0]LogCollectionManager: Rebuilt the GUID cache for 0 collections in 0.000001 seconds
[2019.03.23-07.17.44:926][  0]LogContentBrowser: Native class hierarchy populated in 0.0122 seconds. Added 2578 classes and 609 folders.
[2019.03.23-07.17.44:936][  0]LogContentBrowser: Native class hierarchy updated for 'WidgetCarousel' in 0.0005 seconds. Added 0 classes and 0 folders.
[2019.03.23-07.17.45:093][  0]LogContentBrowser: Native class hierarchy updated for 'AddContentDialog' in 0.0004 seconds. Added 0 classes and 0 folders.
[2019.03.23-07.17.45:102][  0]LogContentBrowser: Native class hierarchy updated for 'SceneOutliner' in 0.0005 seconds. Added 1 classes and 2 folders.
[2019.03.23-07.17.45:316][  0]LogContentBrowser: Native class hierarchy updated for 'HierarchicalLODOutliner' in 0.0005 seconds. Added 0 classes and 0 folders.
[2019.03.23-07.17.45:316][  0]LogLoad: (Engine Initialization) Total time: 23.64 seconds
[2019.03.23-07.17.45:316][  0]LogLoad: (Engine Initialization) Total Blueprint compile time: 0.00 seconds
[2019.03.23-07.17.45:339][  0]LogWindowsTextInputMethodSystem: Display: IME system now activated using TSF (Microsoft 입력기).
[2019.03.23-07.17.45:366][  0]LogContentStreaming: Texture pool size now 400 MB
[2019.03.23-07.17.45:370][  0]LogSlate: Took 0.000198 seconds to synchronously load lazily loaded font '../../../Engine/Content/Slate/Fonts/Roboto-Regular.ttf' (155K)
[2019.03.23-07.17.45:386][  0]LogSlate: Took 0.015206 seconds to synchronously load lazily loaded font '../../../Engine/Content/Editor/Slate/Fonts/NanumGothic.ttf' (4243K)
[2019.03.23-07.17.45:403][  0]LogSlate: Took 0.016014 seconds to synchronously load lazily loaded font '../../../Engine/Content/Editor/Slate/Fonts/NanumGothicBold.ttf' (4188K)
[2019.03.23-07.17.45:403][  0]LogSlate: Took 0.000226 seconds to synchronously load lazily loaded font '../../../Engine/Content/Slate/Fonts/Roboto-Bold.ttf' (160K)
[2019.03.23-07.17.45:409][  0]LogSlate: Took 0.001472 seconds to synchronously load lazily loaded font '../../../Engine/Content/Editor/Slate/Fonts/FontAwesome.ttf' (139K)
[2019.03.23-07.17.45:522][  0]LogSlate: Took 0.001543 seconds to synchronously load lazily loaded font '../../../Engine/Content/Slate/Fonts/Roboto-Light.ttf' (167K)
[2019.03.23-07.17.45:543][  1]LogRenderer: Reallocating scene render targets to support 612x288 Format 9 NumSamples 1 (Frame:1).
[2019.03.23-07.17.46:451][  4]LogSlate: Took 0.000339 seconds to synchronously load lazily loaded font '../../../Engine/Content/Slate/Fonts/Roboto-Light.ttf' (167K)
[2019.03.23-07.17.46:475][  5]LogAssetRegistry: Asset discovery search completed in 17.6260 seconds
[2019.03.23-07.17.46:478][  5]LogCollectionManager: Rebuilt the object cache for 0 collections in 0.000000 seconds (found 0 objects)
[2019.03.23-07.17.46:479][  5]LogCollectionManager: Fixed up redirectors for 0 collections in 0.000102 seconds (updated 0 objects)
[2019.03.23-07.17.48:244][109]LogSlate: FSceneViewport::OnFocusLost() reason 0
[2019.03.23-07.17.49:582][168]LogRenderer: Reallocating scene render targets to support 1336x288 Format 9 NumSamples 1 (Frame:97).
[2019.03.23-07.17.58:532][558]LogLinker: Warning: '/Game/_Temporary/Mannequin/Animations/ThirdPerson_AnimBP' 파일을 찾을 수 없습니다.
[2019.03.23-07.17.58:532][558]LogLinker: Warning: ../../../../../../Users/hoon/Desktop/UE4STAG/UE4STAG/FujiwaraBattleField/Content/AI/BP_FBFCharacter_copy.uasset 로드중 '/Game/_Temporary/Mannequin/Animations/ThirdPerson_AnimBP' 애셋에 대한 파일을 찾을 수 없습니다.
[2019.03.23-07.17.58:532][558]LoadErrors: Error: /Game/AI/BP_FBFCharacter_copy : 애셋에 대한 파일을 찾을 수 없습니다. /Game/_Temporary/Mannequin/Animations/ThirdPerson_AnimBP
[2019.03.23-07.17.58:533][558]LogLinker: Warning: '/Game/_Temporary/HUD/W_Main' 파일을 찾을 수 없습니다.
[2019.03.23-07.17.58:533][558]LogLinker: Warning: ../../../../../../Users/hoon/Desktop/UE4STAG/UE4STAG/FujiwaraBattleField/Content/AI/BP_FBFCharacter_copy.uasset 로드중 '/Game/_Temporary/HUD/W_Main' 애셋에 대한 파일을 찾을 수 없습니다.
[2019.03.23-07.17.58:533][558]LoadErrors: Error: /Game/AI/BP_FBFCharacter_copy : 애셋에 대한 파일을 찾을 수 없습니다. /Game/_Temporary/HUD/W_Main
[2019.03.23-07.17.58:533][558]LogLinker: Warning: '/Game/_Temporary/Character/BP_FBFPlayableCharacter_2' 파일을 찾을 수 없습니다.
[2019.03.23-07.17.58:534][558]LogLinker: Warning: ../../../../../../Users/hoon/Desktop/UE4STAG/UE4STAG/FujiwaraBattleField/Content/AI/BP_FBFCharacter_copy.uasset 로드중 '/Game/_Temporary/Character/BP_FBFPlayableCharacter_2' 애셋에 대한 파일을 찾을 수 없습니다.
[2019.03.23-07.17.58:534][558]LoadErrors: Error: /Game/AI/BP_FBFCharacter_copy : 애셋에 대한 파일을 찾을 수 없습니다. /Game/_Temporary/Character/BP_FBFPlayableCharacter_2
[2019.03.23-07.17.58:534][558]LogLinker: Warning: '/Game/_Temporary/Skill/MasterSkill' 파일을 찾을 수 없습니다.
[2019.03.23-07.17.58:534][558]LogLinker: Warning: ../../../../../../Users/hoon/Desktop/UE4STAG/UE4STAG/FujiwaraBattleField/Content/AI/BP_FBFCharacter_copy.uasset 로드중 '/Game/_Temporary/Skill/MasterSkill' 애셋에 대한 파일을 찾을 수 없습니다.
[2019.03.23-07.17.58:534][558]LoadErrors: Error: /Game/AI/BP_FBFCharacter_copy : 애셋에 대한 파일을 찾을 수 없습니다. /Game/_Temporary/Skill/MasterSkill
[2019.03.23-07.17.58:534][558]LogLinker: Warning: '/Game/_Temporary/Skill/Skill_Fast' 파일을 찾을 수 없습니다.
[2019.03.23-07.17.58:534][558]LogLinker: Warning: ../../../../../../Users/hoon/Desktop/UE4STAG/UE4STAG/FujiwaraBattleField/Content/AI/BP_FBFCharacter_copy.uasset 로드중 '/Game/_Temporary/Skill/Skill_Fast' 애셋에 대한 파일을 찾을 수 없습니다.
[2019.03.23-07.17.58:534][558]LoadErrors: Error: /Game/AI/BP_FBFCharacter_copy : 애셋에 대한 파일을 찾을 수 없습니다. /Game/_Temporary/Skill/Skill_Fast
[2019.03.23-07.17.58:535][558]LogLinker: Warning: '/Game/_Temporary/Skill/Skill_Spell_Basic' 파일을 찾을 수 없습니다.
[2019.03.23-07.17.58:535][558]LogLinker: Warning: ../../../../../../Users/hoon/Desktop/UE4STAG/UE4STAG/FujiwaraBattleField/Content/AI/BP_FBFCharacter_copy.uasset 로드중 '/Game/_Temporary/Skill/Skill_Spell_Basic' 애셋에 대한 파일을 찾을 수 없습니다.
[2019.03.23-07.17.58:535][558]LoadErrors: Error: /Game/AI/BP_FBFCharacter_copy : 애셋에 대한 파일을 찾을 수 없습니다. /Game/_Temporary/Skill/Skill_Spell_Basic
[2019.03.23-07.17.58:535][558]LogLinker: Warning: '/Game/_Temporary/Structs/S_StatusBar' 파일을 찾을 수 없습니다.
[2019.03.23-07.17.58:535][558]LogLinker: Warning: ../../../../../../Users/hoon/Desktop/UE4STAG/UE4STAG/FujiwaraBattleField/Content/AI/BP_FBFCharacter_copy.uasset 로드중 '/Game/_Temporary/Structs/S_StatusBar' 애셋에 대한 파일을 찾을 수 없습니다.
[2019.03.23-07.17.58:535][558]LoadErrors: Error: /Game/AI/BP_FBFCharacter_copy : 애셋에 대한 파일을 찾을 수 없습니다. /Game/_Temporary/Structs/S_StatusBar
[2019.03.23-07.17.58:535][558]LogLinker: Warning: '/Game/_Temporary/Structs/S_StatusBar' 파일을 찾을 수 없습니다.
[2019.03.23-07.17.58:535][558]LogLinker: Warning: ../../../../../../Users/hoon/Desktop/UE4STAG/UE4STAG/FujiwaraBattleField/Content/AI/BP_FBFCharacter_copy.uasset 로드중 '/Game/_Temporary/Structs/S_StatusBar' 애셋에 대한 파일을 찾을 수 없습니다.
[2019.03.23-07.17.58:536][558]LogLinker: Warning: '/Game/_Temporary/Structs/S_StatusBar' 파일을 찾을 수 없습니다.
[2019.03.23-07.17.58:536][558]LogLinker: Warning: ../../../../../../Users/hoon/Desktop/UE4STAG/UE4STAG/FujiwaraBattleField/Content/AI/BP_FBFCharacter_copy.uasset 로드중 '/Game/_Temporary/Structs/S_StatusBar' 애셋에 대한 파일을 찾을 수 없습니다.
[2019.03.23-07.17.58:536][558]LogLinker: Warning: '/Game/_Temporary/Structs/S_StatusLerp' 파일을 찾을 수 없습니다.
[2019.03.23-07.17.58:536][558]LogLinker: Warning: ../../../../../../Users/hoon/Desktop/UE4STAG/UE4STAG/FujiwaraBattleField/Content/AI/BP_FBFCharacter_copy.uasset 로드중 '/Game/_Temporary/Structs/S_StatusLerp' 애셋에 대한 파일을 찾을 수 없습니다.
[2019.03.23-07.17.58:536][558]LoadErrors: Error: /Game/AI/BP_FBFCharacter_copy : 애셋에 대한 파일을 찾을 수 없습니다. /Game/_Temporary/Structs/S_StatusLerp
[2019.03.23-07.17.58:538][558]LogLinker: Warning: '/Game/_Temporary/Structs/S_StatusBar' 파일을 찾을 수 없습니다.
[2019.03.23-07.17.58:538][558]LogLinker: Warning: ../../../../../../Users/hoon/Desktop/UE4STAG/UE4STAG/FujiwaraBattleField/Content/AI/BP_FBFCharacter_copy.uasset 로드중 '/Game/_Temporary/Structs/S_StatusBar' 애셋에 대한 파일을 찾을 수 없습니다.
[2019.03.23-07.17.58:539][558]LogLinker: Warning: '/Game/_Temporary/Structs/S_StatusBar' 파일을 찾을 수 없습니다.
[2019.03.23-07.17.58:539][558]LogLinker: Warning: ../../../../../../Users/hoon/Desktop/UE4STAG/UE4STAG/FujiwaraBattleField/Content/AI/BP_FBFCharacter_copy.uasset 로드중 '/Game/_Temporary/Structs/S_StatusBar' 애셋에 대한 파일을 찾을 수 없습니다.
[2019.03.23-07.17.58:539][558]LogLinker: Warning: '/Game/_Temporary/Structs/S_StatusBar' 파일을 찾을 수 없습니다.
[2019.03.23-07.17.58:539][558]LogLinker: Warning: ../../../../../../Users/hoon/Desktop/UE4STAG/UE4STAG/FujiwaraBattleField/Content/AI/BP_FBFCharacter_copy.uasset 로드중 '/Game/_Temporary/Structs/S_StatusBar' 애셋에 대한 파일을 찾을 수 없습니다.
[2019.03.23-07.17.58:539][558]LogLinker: Warning: '/Game/_Temporary/Structs/S_StatusBar' 파일을 찾을 수 없습니다.
[2019.03.23-07.17.58:540][558]LogLinker: Warning: ../../../../../../Users/hoon/Desktop/UE4STAG/UE4STAG/FujiwaraBattleField/Content/AI/BP_FBFCharacter_copy.uasset 로드중 '/Game/_Temporary/Structs/S_StatusBar' 애셋에 대한 파일을 찾을 수 없습니다.
[2019.03.23-07.17.58:540][558]LogLinker: Warning: '/Game/_Temporary/Structs/S_StatusLerp' 파일을 찾을 수 없습니다.
[2019.03.23-07.17.58:540][558]LogLinker: Warning: ../../../../../../Users/hoon/Desktop/UE4STAG/UE4STAG/FujiwaraBattleField/Content/AI/BP_FBFCharacter_copy.uasset 로드중 '/Game/_Temporary/Structs/S_StatusLerp' 애셋에 대한 파일을 찾을 수 없습니다.
[2019.03.23-07.17.58:540][558]LogLinker: Warning: '/Game/_Temporary/Structs/S_StatusLerp' 파일을 찾을 수 없습니다.
[2019.03.23-07.17.58:540][558]LogLinker: Warning: ../../../../../../Users/hoon/Desktop/UE4STAG/UE4STAG/FujiwaraBattleField/Content/AI/BP_FBFCharacter_copy.uasset 로드중 '/Game/_Temporary/Structs/S_StatusLerp' 애셋에 대한 파일을 찾을 수 없습니다.
[2019.03.23-07.17.58:542][558]LogLinker: Warning: '/Game/_Temporary/Structs/S_StatusBar' 파일을 찾을 수 없습니다.
[2019.03.23-07.17.58:542][558]LogLinker: Warning: ../../../../../../Users/hoon/Desktop/UE4STAG/UE4STAG/FujiwaraBattleField/Content/AI/BP_FBFCharacter_copy.uasset 로드중 '/Game/_Temporary/Structs/S_StatusBar' 애셋에 대한 파일을 찾을 수 없습니다.
[2019.03.23-07.17.58:542][558]LogLinker: Warning: '/Game/_Temporary/Structs/S_StatusBar' 파일을 찾을 수 없습니다.
[2019.03.23-07.17.58:542][558]LogLinker: Warning: ../../../../../../Users/hoon/Desktop/UE4STAG/UE4STAG/FujiwaraBattleField/Content/AI/BP_FBFCharacter_copy.uasset 로드중 '/Game/_Temporary/Structs/S_StatusBar' 애셋에 대한 파일을 찾을 수 없습니다.
[2019.03.23-07.17.58:542][558]LogLinker: Warning: '/Game/_Temporary/HUD/W_StatusBar' 파일을 찾을 수 없습니다.
[2019.03.23-07.17.58:543][558]LogLinker: Warning: ../../../../../../Users/hoon/Desktop/UE4STAG/UE4STAG/FujiwaraBattleField/Content/AI/BP_FBFCharacter_copy.uasset 로드중 '/Game/_Temporary/HUD/W_StatusBar' 애셋에 대한 파일을 찾을 수 없습니다.
[2019.03.23-07.17.58:543][558]LoadErrors: Error: /Game/AI/BP_FBFCharacter_copy : 애셋에 대한 파일을 찾을 수 없습니다. /Game/_Temporary/HUD/W_StatusBar
[2019.03.23-07.17.58:543][558]LogLinker: Warning: '/Game/_Temporary/HUD/W_StatusBar' 파일을 찾을 수 없습니다.
[2019.03.23-07.17.58:543][558]LogLinker: Warning: ../../../../../../Users/hoon/Desktop/UE4STAG/UE4STAG/FujiwaraBattleField/Content/AI/BP_FBFCharacter_copy.uasset 로드중 '/Game/_Temporary/HUD/W_StatusBar' 애셋에 대한 파일을 찾을 수 없습니다.
[2019.03.23-07.17.58:543][558]LogLinker: Warning: '/Game/_Temporary/HUD/W_StatusBar' 파일을 찾을 수 없습니다.
[2019.03.23-07.17.58:543][558]LogLinker: Warning: ../../../../../../Users/hoon/Desktop/UE4STAG/UE4STAG/FujiwaraBattleField/Content/AI/BP_FBFCharacter_copy.uasset 로드중 '/Game/_Temporary/HUD/W_StatusBar' 애셋에 대한 파일을 찾을 수 없습니다.
[2019.03.23-07.17.58:544][558]LogLinker: Warning: '/Game/_Temporary/HUD/W_StatusBar' 파일을 찾을 수 없습니다.
[2019.03.23-07.17.58:544][558]LogLinker: Warning: ../../../../../../Users/hoon/Desktop/UE4STAG/UE4STAG/FujiwaraBattleField/Content/AI/BP_FBFCharacter_copy.uasset 로드중 '/Game/_Temporary/HUD/W_StatusBar' 애셋에 대한 파일을 찾을 수 없습니다.
[2019.03.23-07.17.58:544][558]LogLinker: Warning: '/Game/_Temporary/Skill/W_SkillHotKey' 파일을 찾을 수 없습니다.
[2019.03.23-07.17.58:544][558]LogLinker: Warning: ../../../../../../Users/hoon/Desktop/UE4STAG/UE4STAG/FujiwaraBattleField/Content/AI/BP_FBFCharacter_copy.uasset 로드중 '/Game/_Temporary/Skill/W_SkillHotKey' 애셋에 대한 파일을 찾을 수 없습니다.
[2019.03.23-07.17.58:544][558]LoadErrors: Error: /Game/AI/BP_FBFCharacter_copy : 애셋에 대한 파일을 찾을 수 없습니다. /Game/_Temporary/Skill/W_SkillHotKey
[2019.03.23-07.17.58:545][558]LogLinker: Warning: '/Game/_Temporary/Structs/S_StatusBar' 파일을 찾을 수 없습니다.
[2019.03.23-07.17.58:545][558]LogLinker: Warning: ../../../../../../Users/hoon/Desktop/UE4STAG/UE4STAG/FujiwaraBattleField/Content/AI/BP_FBFCharacter_copy.uasset 로드중 '/Game/_Temporary/Structs/S_StatusBar' 애셋에 대한 파일을 찾을 수 없습니다.
[2019.03.23-07.17.58:545][558]LogLinker: Warning: '/Game/_Temporary/Character/BP_FBFPlayableCharacter_2' 파일을 찾을 수 없습니다.
[2019.03.23-07.17.58:545][558]LogLinker: Warning: ../../../../../../Users/hoon/Desktop/UE4STAG/UE4STAG/FujiwaraBattleField/Content/AI/BP_FBFCharacter_copy.uasset 로드중 '/Game/_Temporary/Character/BP_FBFPlayableCharacter_2' 애셋에 대한 파일을 찾을 수 없습니다.
[2019.03.23-07.17.58:546][558]LogLinker: Warning: '/Game/_Temporary/Enums/E_Status' 파일을 찾을 수 없습니다.
[2019.03.23-07.17.58:546][558]LogLinker: Warning: ../../../../../../Users/hoon/Desktop/UE4STAG/UE4STAG/FujiwaraBattleField/Content/AI/BP_FBFCharacter_copy.uasset 로드중 '/Game/_Temporary/Enums/E_Status' 애셋에 대한 파일을 찾을 수 없습니다.
[2019.03.23-07.17.58:546][558]LoadErrors: Error: /Game/AI/BP_FBFCharacter_copy : 애셋에 대한 파일을 찾을 수 없습니다. /Game/_Temporary/Enums/E_Status
[2019.03.23-07.17.58:546][558]LogLinker: Warning: '/Game/_Temporary/HUD/W_Main' 파일을 찾을 수 없습니다.
[2019.03.23-07.17.58:546][558]LogLinker: Warning: ../../../../../../Users/hoon/Desktop/UE4STAG/UE4STAG/FujiwaraBattleField/Content/AI/BP_FBFCharacter_copy.uasset 로드중 '/Game/_Temporary/HUD/W_Main' 애셋에 대한 파일을 찾을 수 없습니다.
[2019.03.23-07.17.58:546][558]LogLinker: Warning: '/Game/_Temporary/HUD/W_StatusBar' 파일을 찾을 수 없습니다.
[2019.03.23-07.17.58:546][558]LogLinker: Warning: ../../../../../../Users/hoon/Desktop/UE4STAG/UE4STAG/FujiwaraBattleField/Content/AI/BP_FBFCharacter_copy.uasset 로드중 '/Game/_Temporary/HUD/W_StatusBar' 애셋에 대한 파일을 찾을 수 없습니다.
[2019.03.23-07.17.58:547][558]LogLinker: Warning: '/Game/_Temporary/Mannequin/Animations/ThirdPerson_AnimBP' 파일을 찾을 수 없습니다.
[2019.03.23-07.17.58:547][558]LogLinker: Warning: ../../../../../../Users/hoon/Desktop/UE4STAG/UE4STAG/FujiwaraBattleField/Content/AI/BP_FBFCharacter_copy.uasset 로드중 '/Game/_Temporary/Mannequin/Animations/ThirdPerson_AnimBP' 애셋에 대한 파일을 찾을 수 없습니다.
[2019.03.23-07.17.58:547][558]LogLinker: Warning: '/Game/_Temporary/Mannequin/Character/Mesh/SK_Mannequin' 파일을 찾을 수 없습니다.
[2019.03.23-07.17.58:547][558]LogLinker: Warning: ../../../../../../Users/hoon/Desktop/UE4STAG/UE4STAG/FujiwaraBattleField/Content/AI/BP_FBFCharacter_copy.uasset 로드중 '/Game/_Temporary/Mannequin/Character/Mesh/SK_Mannequin' 애셋에 대한 파일을 찾을 수 없습니다.
[2019.03.23-07.17.58:547][558]LoadErrors: Error: /Game/AI/BP_FBFCharacter_copy : 애셋에 대한 파일을 찾을 수 없습니다. /Game/_Temporary/Mannequin/Character/Mesh/SK_Mannequin
[2019.03.23-07.17.58:547][558]LogLinker: Warning: '/Game/_Temporary/Skill/MasterSkill' 파일을 찾을 수 없습니다.
[2019.03.23-07.17.58:548][558]LogLinker: Warning: ../../../../../../Users/hoon/Desktop/UE4STAG/UE4STAG/FujiwaraBattleField/Content/AI/BP_FBFCharacter_copy.uasset 로드중 '/Game/_Temporary/Skill/MasterSkill' 애셋에 대한 파일을 찾을 수 없습니다.
[2019.03.23-07.17.58:548][558]LogLinker: Warning: '/Game/_Temporary/Skill/Skill_Fast' 파일을 찾을 수 없습니다.
[2019.03.23-07.17.58:548][558]LogLinker: Warning: ../../../../../../Users/hoon/Desktop/UE4STAG/UE4STAG/FujiwaraBattleField/Content/AI/BP_FBFCharacter_copy.uasset 로드중 '/Game/_Temporary/Skill/Skill_Fast' 애셋에 대한 파일을 찾을 수 없습니다.
[2019.03.23-07.17.58:548][558]LogLinker: Warning: '/Game/_Temporary/Skill/Skill_Spell_Basic' 파일을 찾을 수 없습니다.
[2019.03.23-07.17.58:548][558]LogLinker: Warning: ../../../../../../Users/hoon/Desktop/UE4STAG/UE4STAG/FujiwaraBattleField/Content/AI/BP_FBFCharacter_copy.uasset 로드중 '/Game/_Temporary/Skill/Skill_Spell_Basic' 애셋에 대한 파일을 찾을 수 없습니다.
[2019.03.23-07.17.58:549][558]LogLinker: Warning: '/Game/_Temporary/Skill/W_SkillHotKey' 파일을 찾을 수 없습니다.
[2019.03.23-07.17.58:549][558]LogLinker: Warning: ../../../../../../Users/hoon/Desktop/UE4STAG/UE4STAG/FujiwaraBattleField/Content/AI/BP_FBFCharacter_copy.uasset 로드중 '/Game/_Temporary/Skill/W_SkillHotKey' 애셋에 대한 파일을 찾을 수 없습니다.
[2019.03.23-07.17.58:549][558]LogLinker: Warning: '/Game/_Temporary/Structs/S_StatusBar' 파일을 찾을 수 없습니다.
[2019.03.23-07.17.58:549][558]LogLinker: Warning: ../../../../../../Users/hoon/Desktop/UE4STAG/UE4STAG/FujiwaraBattleField/Content/AI/BP_FBFCharacter_copy.uasset 로드중 '/Game/_Temporary/Structs/S_StatusBar' 애셋에 대한 파일을 찾을 수 없습니다.
[2019.03.23-07.17.58:549][558]LogLinker: Warning: '/Game/_Temporary/Structs/S_StatusLerp' 파일을 찾을 수 없습니다.
[2019.03.23-07.17.58:549][558]LogLinker: Warning: ../../../../../../Users/hoon/Desktop/UE4STAG/UE4STAG/FujiwaraBattleField/Content/AI/BP_FBFCharacter_copy.uasset 로드중 '/Game/_Temporary/Structs/S_StatusLerp' 애셋에 대한 파일을 찾을 수 없습니다.
[2019.03.23-07.17.58:550][558]LogLinker: Warning: '/Game/_Temporary/Mannequin/Character/Mesh/SK_Mannequin' 파일을 찾을 수 없습니다.
[2019.03.23-07.17.58:550][558]LogLinker: Warning: ../../../../../../Users/hoon/Desktop/UE4STAG/UE4STAG/FujiwaraBattleField/Content/AI/BP_FBFCharacter_copy.uasset 로드중 '/Game/_Temporary/Mannequin/Character/Mesh/SK_Mannequin' 애셋에 대한 파일을 찾을 수 없습니다.
[2019.03.23-07.17.58:550][558]LogLinker: Warning: '/Game/_Temporary/Structs/S_StatusBar' 파일을 찾을 수 없습니다.
[2019.03.23-07.17.58:551][558]LogLinker: Warning: ../../../../../../Users/hoon/Desktop/UE4STAG/UE4STAG/FujiwaraBattleField/Content/AI/BP_FBFCharacter_copy.uasset 로드중 '/Game/_Temporary/Structs/S_StatusBar' 애셋에 대한 파일을 찾을 수 없습니다.
[2019.03.23-07.17.58:551][558]LogLinker: Warning: '/Game/_Temporary/HUD/W_StatusBar' 파일을 찾을 수 없습니다.
[2019.03.23-07.17.58:551][558]LogLinker: Warning: ../../../../../../Users/hoon/Desktop/UE4STAG/UE4STAG/FujiwaraBattleField/Content/AI/BP_FBFCharacter_copy.uasset 로드중 '/Game/_Temporary/HUD/W_StatusBar' 애셋에 대한 파일을 찾을 수 없습니다.
[2019.03.23-07.17.58:551][558]LogLinker: Warning: '/Game/_Temporary/Skill/W_SkillHotKey' 파일을 찾을 수 없습니다.
[2019.03.23-07.17.58:551][558]LogLinker: Warning: ../../../../../../Users/hoon/Desktop/UE4STAG/UE4STAG/FujiwaraBattleField/Content/AI/BP_FBFCharacter_copy.uasset 로드중 '/Game/_Temporary/Skill/W_SkillHotKey' 애셋에 대한 파일을 찾을 수 없습니다.
[2019.03.23-07.17.58:552][558]LogLinker: Warning: '/Game/_Temporary/Structs/S_StatusBar' 파일을 찾을 수 없습니다.
[2019.03.23-07.17.58:552][558]LogLinker: Warning: ../../../../../../Users/hoon/Desktop/UE4STAG/UE4STAG/FujiwaraBattleField/Content/AI/BP_FBFCharacter_copy.uasset 로드중 '/Game/_Temporary/Structs/S_StatusBar' 애셋에 대한 파일을 찾을 수 없습니다.
[2019.03.23-07.17.58:552][558]LogLinker: Warning: '/Game/_Temporary/Enums/E_Status' 파일을 찾을 수 없습니다.
[2019.03.23-07.17.58:552][558]LogLinker: Warning: ../../../../../../Users/hoon/Desktop/UE4STAG/UE4STAG/FujiwaraBattleField/Content/AI/BP_FBFCharacter_copy.uasset 로드중 '/Game/_Temporary/Enums/E_Status' 애셋에 대한 파일을 찾을 수 없습니다.
[2019.03.23-07.17.58:552][558]LogLinker: Warning: '/Game/_Temporary/Structs/S_StatusBar' 파일을 찾을 수 없습니다.
[2019.03.23-07.17.58:552][558]LogLinker: Warning: ../../../../../../Users/hoon/Desktop/UE4STAG/UE4STAG/FujiwaraBattleField/Content/AI/BP_FBFCharacter_copy.uasset 로드중 '/Game/_Temporary/Structs/S_StatusBar' 애셋에 대한 파일을 찾을 수 없습니다.
[2019.03.23-07.17.58:553][558]LogLinker: Warning: '/Game/_Temporary/Structs/S_StatusLerp' 파일을 찾을 수 없습니다.
[2019.03.23-07.17.58:553][558]LogLinker: Warning: ../../../../../../Users/hoon/Desktop/UE4STAG/UE4STAG/FujiwaraBattleField/Content/AI/BP_FBFCharacter_copy.uasset 로드중 '/Game/_Temporary/Structs/S_StatusLerp' 애셋에 대한 파일을 찾을 수 없습니다.
[2019.03.23-07.17.58:553][558]LogLinker: Warning: '/Game/_Temporary/HUD/W_Main' 파일을 찾을 수 없습니다.
[2019.03.23-07.17.58:553][558]LogLinker: Warning: ../../../../../../Users/hoon/Desktop/UE4STAG/UE4STAG/FujiwaraBattleField/Content/AI/BP_FBFCharacter_copy.uasset 로드중 '/Game/_Temporary/HUD/W_Main' 애셋에 대한 파일을 찾을 수 없습니다.
[2019.03.23-07.17.58:553][558]LogLinker: Warning: '/Game/_Temporary/HUD/W_StatusBar' 파일을 찾을 수 없습니다.
[2019.03.23-07.17.58:554][558]LogLinker: Warning: ../../../../../../Users/hoon/Desktop/UE4STAG/UE4STAG/FujiwaraBattleField/Content/AI/BP_FBFCharacter_copy.uasset 로드중 '/Game/_Temporary/HUD/W_StatusBar' 애셋에 대한 파일을 찾을 수 없습니다.
[2019.03.23-07.17.58:554][558]LogLinker: Warning: '/Game/_Temporary/Skill/W_SkillHotKey' 파일을 찾을 수 없습니다.
[2019.03.23-07.17.58:554][558]LogLinker: Warning: ../../../../../../Users/hoon/Desktop/UE4STAG/UE4STAG/FujiwaraBattleField/Content/AI/BP_FBFCharacter_copy.uasset 로드중 '/Game/_Temporary/Skill/W_SkillHotKey' 애셋에 대한 파일을 찾을 수 없습니다.
[2019.03.23-07.17.58:555][558]LogLinker: Warning: '/Game/_Temporary/Enums/E_Status' 파일을 찾을 수 없습니다.
[2019.03.23-07.17.58:555][558]LoadErrors: 로드에 실패했습니다. /Game/_Temporary/Enums/E_Status.E_Status 레퍼런싱한 것: Status
[2019.03.23-07.17.58:556][558]LogLinker: Warning: NULL 로드중 '/Game/_Temporary/Enums/E_Status' 애셋에 대한 파일을 찾을 수 없습니다.
[2019.03.23-07.17.58:556][558]LogLinker: Warning: '/Game/_Temporary/Structs/S_StatusBar' 파일을 찾을 수 없습니다.
[2019.03.23-07.17.58:556][558]LoadErrors: 로드에 실패했습니다. /Game/_Temporary/Structs/S_StatusBar.S_StatusBar 레퍼런싱한 것: CallFunc_GetStatus_Data
[2019.03.23-07.17.58:556][558]LogLinker: Warning: NULL 로드중 '/Game/_Temporary/Structs/S_StatusBar' 애셋에 대한 파일을 찾을 수 없습니다.
[2019.03.23-07.17.58:556][558]LogProperty: Error: UStructProperty::Serialize Loading: Property 'StructProperty /Game/AI/BP_FBFCharacter_copy.BP_FBFCharacter_copy_C:OnStartusLerpEnd.CallFunc_GetStatus_Data'. Unknown structure.
[2019.03.23-07.17.58:556][558]LogLinker: Warning: '/Game/_Temporary/Structs/S_StatusBar' 파일을 찾을 수 없습니다.
[2019.03.23-07.17.58:556][558]LoadErrors: 로드에 실패했습니다. /Game/_Temporary/Structs/S_StatusBar.S_StatusBar 레퍼런싱한 것: K2Node_SetFieldsInStruct_StructOut
[2019.03.23-07.17.58:557][558]LogLinker: Warning: NULL 로드중 '/Game/_Temporary/Structs/S_StatusBar' 애셋에 대한 파일을 찾을 수 없습니다.
[2019.03.23-07.17.58:557][558]LogProperty: Error: UStructProperty::Serialize Loading: Property 'StructProperty /Game/AI/BP_FBFCharacter_copy.BP_FBFCharacter_copy_C:OnStartusLerpEnd.K2Node_SetFieldsInStruct_StructOut'. Unknown structure.
[2019.03.23-07.17.58:557][558]LogLinker: Warning: '/Game/_Temporary/Enums/E_Status' 파일을 찾을 수 없습니다.
[2019.03.23-07.17.58:557][558]LogLinker: Warning: NULL 로드중 '/Game/_Temporary/Enums/E_Status' 애셋에 대한 파일을 찾을 수 없습니다.
[2019.03.23-07.17.58:557][558]LogLinker: Warning: '/Game/_Temporary/Structs/S_StatusBar' 파일을 찾을 수 없습니다.
[2019.03.23-07.17.58:557][558]LogLinker: Warning: NULL 로드중 '/Game/_Temporary/Structs/S_StatusBar' 애셋에 대한 파일을 찾을 수 없습니다.
[2019.03.23-07.17.58:558][558]LogProperty: Error: UStructProperty::Serialize Loading: Property 'StructProperty /Game/AI/BP_FBFCharacter_copy.BP_FBFCharacter_copy_C:OnStartusLerpStart.CallFunc_GetStatus_Data'. Unknown structure.
[2019.03.23-07.17.58:558][558]LogLinker: Warning: '/Game/_Temporary/Structs/S_StatusBar' 파일을 찾을 수 없습니다.
[2019.03.23-07.17.58:558][558]LogLinker: Warning: NULL 로드중 '/Game/_Temporary/Structs/S_StatusBar' 애셋에 대한 파일을 찾을 수 없습니다.
[2019.03.23-07.17.58:558][558]LogProperty: Error: UStructProperty::Serialize Loading: Property 'StructProperty /Game/AI/BP_FBFCharacter_copy.BP_FBFCharacter_copy_C:OnStartusLerpStart.K2Node_SetFieldsInStruct_StructOut'. Unknown structure.
[2019.03.23-07.17.58:558][558]LogLinker: Warning: '/Game/_Temporary/Enums/E_Status' 파일을 찾을 수 없습니다.
[2019.03.23-07.17.58:558][558]LogLinker: Warning: NULL 로드중 '/Game/_Temporary/Enums/E_Status' 애셋에 대한 파일을 찾을 수 없습니다.
[2019.03.23-07.17.58:559][558]LogLinker: Warning: '/Game/_Temporary/Structs/S_StatusBar' 파일을 찾을 수 없습니다.
[2019.03.23-07.17.58:559][558]LogLinker: Warning: NULL 로드중 '/Game/_Temporary/Structs/S_StatusBar' 애셋에 대한 파일을 찾을 수 없습니다.
[2019.03.23-07.17.58:559][558]LogProperty: Error: UStructProperty::Serialize Loading: Property 'StructProperty /Game/AI/BP_FBFCharacter_copy.BP_FBFCharacter_copy_C:HandleRegeneration.CallFunc_GetStatus_Data'. Unknown structure.
[2019.03.23-07.17.58:559][558]LogLinker: Warning: '/Game/_Temporary/Enums/E_Status' 파일을 찾을 수 없습니다.
[2019.03.23-07.17.58:559][558]LogLinker: Warning: NULL 로드중 '/Game/_Temporary/Enums/E_Status' 애셋에 대한 파일을 찾을 수 없습니다.
[2019.03.23-07.17.58:560][558]LogLinker: Warning: '/Game/_Temporary/Enums/E_Status' 파일을 찾을 수 없습니다.
[2019.03.23-07.17.58:560][558]LoadErrors: 로드에 실패했습니다. /Game/_Temporary/Enums/E_Status.E_Status 레퍼런싱한 것: LocalStatus
[2019.03.23-07.17.58:560][558]LogLinker: Warning: NULL 로드중 '/Game/_Temporary/Enums/E_Status' 애셋에 대한 파일을 찾을 수 없습니다.
[2019.03.23-07.17.58:560][558]LogLinker: Warning: '/Game/_Temporary/Structs/S_StatusBar' 파일을 찾을 수 없습니다.
[2019.03.23-07.17.58:560][558]LogLinker: Warning: NULL 로드중 '/Game/_Temporary/Structs/S_StatusBar' 애셋에 대한 파일을 찾을 수 없습니다.
[2019.03.23-07.17.58:560][558]LogProperty: Error: UStructProperty::Serialize Loading: Property 'StructProperty /Game/AI/BP_FBFCharacter_copy.BP_FBFCharacter_copy_C:ModifyStatus.CallFunc_GetStatus_Data'. Unknown structure.
[2019.03.23-07.17.58:561][558]LogLinker: Warning: '/Game/_Temporary/Structs/S_StatusBar' 파일을 찾을 수 없습니다.
[2019.03.23-07.17.58:561][558]LoadErrors: 로드에 실패했습니다. /Game/_Temporary/Structs/S_StatusBar.S_StatusBar 레퍼런싱한 것: CallFunc_GetStatus_Data1
[2019.03.23-07.17.58:561][558]LogLinker: Warning: NULL 로드중 '/Game/_Temporary/Structs/S_StatusBar' 애셋에 대한 파일을 찾을 수 없습니다.
[2019.03.23-07.17.58:561][558]LogProperty: Error: UStructProperty::Serialize Loading: Property 'StructProperty /Game/AI/BP_FBFCharacter_copy.BP_FBFCharacter_copy_C:ModifyStatus.CallFunc_GetStatus_Data1'. Unknown structure.
[2019.03.23-07.17.58:561][558]LogLinker: Warning: '/Game/_Temporary/Structs/S_StatusBar' 파일을 찾을 수 없습니다.
[2019.03.23-07.17.58:561][558]LoadErrors: 로드에 실패했습니다. /Game/_Temporary/Structs/S_StatusBar.S_StatusBar 레퍼런싱한 것: CallFunc_GetStatus_Data2
[2019.03.23-07.17.58:561][558]LogLinker: Warning: NULL 로드중 '/Game/_Temporary/Structs/S_StatusBar' 애셋에 대한 파일을 찾을 수 없습니다.
[2019.03.23-07.17.58:561][558]LogProperty: Error: UStructProperty::Serialize Loading: Property 'StructProperty /Game/AI/BP_FBFCharacter_copy.BP_FBFCharacter_copy_C:ModifyStatus.CallFunc_GetStatus_Data2'. Unknown structure.
[2019.03.23-07.17.58:562][558]LogLinker: Warning: '/Game/_Temporary/Structs/S_StatusBar' 파일을 찾을 수 없습니다.
[2019.03.23-07.17.58:562][558]LogLinker: Warning: NULL 로드중 '/Game/_Temporary/Structs/S_StatusBar' 애셋에 대한 파일을 찾을 수 없습니다.
[2019.03.23-07.17.58:562][558]LogProperty: Error: UStructProperty::Serialize Loading: Property 'StructProperty /Game/AI/BP_FBFCharacter_copy.BP_FBFCharacter_copy_C:ModifyStatus.K2Node_SetFieldsInStruct_StructOut'. Unknown structure.
[2019.03.23-07.17.58:562][558]LogLinker: Warning: '/Game/_Temporary/Structs/S_StatusBar' 파일을 찾을 수 없습니다.
[2019.03.23-07.17.58:562][558]LoadErrors: 로드에 실패했습니다. /Game/_Temporary/Structs/S_StatusBar.S_StatusBar 레퍼런싱한 것: K2Node_SetFieldsInStruct_StructOut1
[2019.03.23-07.17.58:562][558]LogLinker: Warning: NULL 로드중 '/Game/_Temporary/Structs/S_StatusBar' 애셋에 대한 파일을 찾을 수 없습니다.
[2019.03.23-07.17.58:562][558]LogProperty: Error: UStructProperty::Serialize Loading: Property 'StructProperty /Game/AI/BP_FBFCharacter_copy.BP_FBFCharacter_copy_C:ModifyStatus.K2Node_SetFieldsInStruct_StructOut1'. Unknown structure.
[2019.03.23-07.17.58:562][558]LogLinker: Warning: '/Game/_Temporary/Enums/E_Status' 파일을 찾을 수 없습니다.
[2019.03.23-07.17.58:563][558]LogLinker: Warning: NULL 로드중 '/Game/_Temporary/Enums/E_Status' 애셋에 대한 파일을 찾을 수 없습니다.
[2019.03.23-07.17.58:563][558]LogLinker: Warning: '/Game/_Temporary/Structs/S_StatusBar' 파일을 찾을 수 없습니다.
[2019.03.23-07.17.58:563][558]LogLinker: Warning: NULL 로드중 '/Game/_Temporary/Structs/S_StatusBar' 애셋에 대한 파일을 찾을 수 없습니다.
[2019.03.23-07.17.58:563][558]LogProperty: Error: UStructProperty::Serialize Loading: Property 'StructProperty /Game/AI/BP_FBFCharacter_copy.BP_FBFCharacter_copy_C:UpdateStatus.CallFunc_GetStatus_Data'. Unknown structure.
[2019.03.23-07.17.58:563][558]LogLinker: Warning: '/Game/_Temporary/Enums/E_Status' 파일을 찾을 수 없습니다.
[2019.03.23-07.17.58:563][558]LogLinker: Warning: NULL 로드중 '/Game/_Temporary/Enums/E_Status' 애셋에 대한 파일을 찾을 수 없습니다.
[2019.03.23-07.17.58:564][558]LogLinker: Warning: '/Game/_Temporary/Structs/S_StatusBar' 파일을 찾을 수 없습니다.
[2019.03.23-07.17.58:564][558]LoadErrors: 로드에 실패했습니다. /Game/_Temporary/Structs/S_StatusBar.S_StatusBar 레퍼런싱한 것: NewValue
[2019.03.23-07.17.58:564][558]LogLinker: Warning: NULL 로드중 '/Game/_Temporary/Structs/S_StatusBar' 애셋에 대한 파일을 찾을 수 없습니다.
[2019.03.23-07.17.58:564][558]LogProperty: Error: UStructProperty::Serialize Loading: Property 'StructProperty /Game/AI/BP_FBFCharacter_copy.BP_FBFCharacter_copy_C:SetStatus.NewValue'. Unknown structure.
[2019.03.23-07.17.58:564][558]LogLinker: Warning: '/Game/_Temporary/Enums/E_Status' 파일을 찾을 수 없습니다.
[2019.03.23-07.17.58:565][558]LogLinker: Warning: NULL 로드중 '/Game/_Temporary/Enums/E_Status' 애셋에 대한 파일을 찾을 수 없습니다.
[2019.03.23-07.17.58:565][558]LogLinker: Warning: '/Game/_Temporary/Structs/S_StatusBar' 파일을 찾을 수 없습니다.
[2019.03.23-07.17.58:565][558]LoadErrors: 로드에 실패했습니다. /Game/_Temporary/Structs/S_StatusBar.S_StatusBar 레퍼런싱한 것: Data
[2019.03.23-07.17.58:565][558]LogLinker: Warning: NULL 로드중 '/Game/_Temporary/Structs/S_StatusBar' 애셋에 대한 파일을 찾을 수 없습니다.
[2019.03.23-07.17.58:565][558]LogProperty: Error: UStructProperty::Serialize Loading: Property 'StructProperty /Game/AI/BP_FBFCharacter_copy.BP_FBFCharacter_copy_C:GetStatus.Data'. Unknown structure.
[2019.03.23-07.17.58:565][558]LogLinker: Warning: '/Game/_Temporary/Structs/S_StatusBar' 파일을 찾을 수 없습니다.
[2019.03.23-07.17.58:565][558]LoadErrors: 로드에 실패했습니다. /Game/_Temporary/Structs/S_StatusBar.S_StatusBar 레퍼런싱한 것: CallFunc_Map_Find_Value
[2019.03.23-07.17.58:566][558]LogLinker: Warning: NULL 로드중 '/Game/_Temporary/Structs/S_StatusBar' 애셋에 대한 파일을 찾을 수 없습니다.
[2019.03.23-07.17.58:566][558]LogProperty: Error: UStructProperty::Serialize Loading: Property 'StructProperty /Game/AI/BP_FBFCharacter_copy.BP_FBFCharacter_copy_C:GetStatus.CallFunc_Map_Find_Value'. Unknown structure.
[2019.03.23-07.17.58:566][558]LogLinker: Warning: '/Game/_Temporary/Enums/E_Status' 파일을 찾을 수 없습니다.
[2019.03.23-07.17.58:566][558]LogLinker: Warning: NULL 로드중 '/Game/_Temporary/Enums/E_Status' 애셋에 대한 파일을 찾을 수 없습니다.
[2019.03.23-07.17.58:566][558]LogLinker: Warning: '/Game/_Temporary/Enums/E_Status' 파일을 찾을 수 없습니다.
[2019.03.23-07.17.58:567][558]LoadErrors: 로드에 실패했습니다. /Game/_Temporary/Enums/E_Status.E_Status 레퍼런싱한 것: CallFunc_Array_Get_Item
[2019.03.23-07.17.58:567][558]LogLinker: Warning: NULL 로드중 '/Game/_Temporary/Enums/E_Status' 애셋에 대한 파일을 찾을 수 없습니다.
[2019.03.23-07.17.58:567][558]LogLinker: Warning: '/Game/_Temporary/Structs/S_StatusBar' 파일을 찾을 수 없습니다.
[2019.03.23-07.17.58:567][558]LogLinker: Warning: NULL 로드중 '/Game/_Temporary/Structs/S_StatusBar' 애셋에 대한 파일을 찾을 수 없습니다.
[2019.03.23-07.17.58:567][558]LogProperty: Error: UStructProperty::Serialize Loading: Property 'StructProperty /Game/AI/BP_FBFCharacter_copy.BP_FBFCharacter_copy_C:ExecuteUbergraph_BP_FBFCharacter_copy.CallFunc_GetStatus_Data'. Unknown structure.
[2019.03.23-07.17.58:567][558]LogLinker: Warning: '/Game/_Temporary/Structs/S_StatusBar' 파일을 찾을 수 없습니다.
[2019.03.23-07.17.58:568][558]LogLinker: Warning: NULL 로드중 '/Game/_Temporary/Structs/S_StatusBar' 애셋에 대한 파일을 찾을 수 없습니다.
[2019.03.23-07.17.58:568][558]LogProperty: Error: UStructProperty::Serialize Loading: Property 'StructProperty /Game/AI/BP_FBFCharacter_copy.BP_FBFCharacter_copy_C:ExecuteUbergraph_BP_FBFCharacter_copy.K2Node_SetFieldsInStruct_StructOut'. Unknown structure.
[2019.03.23-07.17.58:568][558]LogLinker: Warning: '/Game/_Temporary/Enums/E_Status' 파일을 찾을 수 없습니다.
[2019.03.23-07.17.58:568][558]LoadErrors: 로드에 실패했습니다. /Game/_Temporary/Enums/E_Status.E_Status 레퍼런싱한 것: K2Node_CustomEvent_Status
[2019.03.23-07.17.58:568][558]LogLinker: Warning: NULL 로드중 '/Game/_Temporary/Enums/E_Status' 애셋에 대한 파일을 찾을 수 없습니다.
[2019.03.23-07.17.58:568][558]LogLinker: Warning: '/Game/_Temporary/Structs/S_StatusBar' 파일을 찾을 수 없습니다.
[2019.03.23-07.17.58:568][558]LogLinker: Warning: NULL 로드중 '/Game/_Temporary/Structs/S_StatusBar' 애셋에 대한 파일을 찾을 수 없습니다.
[2019.03.23-07.17.58:569][558]LogProperty: Error: UStructProperty::Serialize Loading: Property 'StructProperty /Game/AI/BP_FBFCharacter_copy.BP_FBFCharacter_copy_C:ExecuteUbergraph_BP_FBFCharacter_copy.CallFunc_GetStatus_Data1'. Unknown structure.
[2019.03.23-07.17.58:569][558]LogLinker: Warning: '/Game/_Temporary/Structs/S_StatusLerp' 파일을 찾을 수 없습니다.
[2019.03.23-07.17.58:569][558]LoadErrors: 로드에 실패했습니다. /Game/_Temporary/Structs/S_StatusLerp.S_StatusLerp 레퍼런싱한 것: K2Node_MakeStruct_S_StatusLerp
[2019.03.23-07.17.58:569][558]LogLinker: Warning: NULL 로드중 '/Game/_Temporary/Structs/S_StatusLerp' 애셋에 대한 파일을 찾을 수 없습니다.
[2019.03.23-07.17.58:569][558]LogProperty: Error: UStructProperty::Serialize Loading: Property 'StructProperty /Game/AI/BP_FBFCharacter_copy.BP_FBFCharacter_copy_C:ExecuteUbergraph_BP_FBFCharacter_copy.K2Node_MakeStruct_S_StatusLerp'. Unknown structure.
[2019.03.23-07.17.58:569][558]LogLinker: Warning: '/Game/_Temporary/Enums/E_Status' 파일을 찾을 수 없습니다.
[2019.03.23-07.17.58:569][558]LoadErrors: 로드에 실패했습니다. /Game/_Temporary/Enums/E_Status.E_Status 레퍼런싱한 것: CallFunc_Map_Keys_Keys
[2019.03.23-07.17.58:570][558]LogLinker: Warning: NULL 로드중 '/Game/_Temporary/Enums/E_Status' 애셋에 대한 파일을 찾을 수 없습니다.
[2019.03.23-07.17.58:570][558]LogLinker: Warning: '/Game/_Temporary/Enums/E_Status' 파일을 찾을 수 없습니다.
[2019.03.23-07.17.58:570][558]LogLinker: Warning: NULL 로드중 '/Game/_Temporary/Enums/E_Status' 애셋에 대한 파일을 찾을 수 없습니다.
[2019.03.23-07.17.58:570][558]LogLinker: Warning: '/Game/_Temporary/Structs/S_StatusBar' 파일을 찾을 수 없습니다.
[2019.03.23-07.17.58:570][558]LoadErrors: 로드에 실패했습니다. /Game/_Temporary/Structs/S_StatusBar.S_StatusBar 레퍼런싱한 것: Status_Value
[2019.03.23-07.17.58:570][558]LogLinker: Warning: NULL 로드중 '/Game/_Temporary/Structs/S_StatusBar' 애셋에 대한 파일을 찾을 수 없습니다.
[2019.03.23-07.17.58:571][558]LogProperty: Error: UStructProperty::Serialize Loading: Property 'StructProperty /Game/AI/BP_FBFCharacter_copy.BP_FBFCharacter_copy_C:Status.Status_Value'. Unknown structure.
[2019.03.23-07.17.58:571][558]LogLinker: Warning: '/Game/_Temporary/Enums/E_Status' 파일을 찾을 수 없습니다.
[2019.03.23-07.17.58:571][558]LoadErrors: 로드에 실패했습니다. /Game/_Temporary/Enums/E_Status.E_Status 레퍼런싱한 것: StatusLerpData
[2019.03.23-07.17.58:571][558]LogLinker: Warning: NULL 로드중 '/Game/_Temporary/Enums/E_Status' 애셋에 대한 파일을 찾을 수 없습니다.
[2019.03.23-07.17.58:571][558]LogLinker: Warning: '/Game/_Temporary/Structs/S_StatusLerp' 파일을 찾을 수 없습니다.
[2019.03.23-07.17.58:571][558]LoadErrors: 로드에 실패했습니다. /Game/_Temporary/Structs/S_StatusLerp.S_StatusLerp 레퍼런싱한 것: StatusLerpData_Value
[2019.03.23-07.17.58:572][558]LogLinker: Warning: NULL 로드중 '/Game/_Temporary/Structs/S_StatusLerp' 애셋에 대한 파일을 찾을 수 없습니다.
[2019.03.23-07.17.58:572][558]LogProperty: Error: UStructProperty::Serialize Loading: Property 'StructProperty /Game/AI/BP_FBFCharacter_copy.BP_FBFCharacter_copy_C:StatusLerpData.StatusLerpData_Value'. Unknown structure.
[2019.03.23-07.17.58:572][558]LogLinker: Warning: '/Game/_Temporary/Skill/MasterSkill' 파일을 찾을 수 없습니다.
[2019.03.23-07.17.58:572][558]LogLinker: Warning: NULL 로드중 '/Game/_Temporary/Skill/MasterSkill' 애셋에 대한 파일을 찾을 수 없습니다.
[2019.03.23-07.17.58:572][558]LogLinker: Warning: '/Game/_Temporary/HUD/W_Main' 파일을 찾을 수 없습니다.
[2019.03.23-07.17.58:572][558]LogLinker: Warning: NULL 로드중 '/Game/_Temporary/HUD/W_Main' 애셋에 대한 파일을 찾을 수 없습니다.
[2019.03.23-07.17.58:573][558]LogLinker: Warning: '/Game/_Temporary/Skill/W_SkillHotKey' 파일을 찾을 수 없습니다.
[2019.03.23-07.17.58:573][558]LogLinker: Warning: NULL 로드중 '/Game/_Temporary/Skill/W_SkillHotKey' 애셋에 대한 파일을 찾을 수 없습니다.
[2019.03.23-07.17.58:573][558]LogLinker: Warning: '/Game/_Temporary/Mannequin/Animations/ThirdPerson_AnimBP' 파일을 찾을 수 없습니다.
[2019.03.23-07.17.58:573][558]LogLinker: Warning: NULL 로드중 '/Game/_Temporary/Mannequin/Animations/ThirdPerson_AnimBP' 애셋에 대한 파일을 찾을 수 없습니다.
[2019.03.23-07.17.58:573][558]LogLinker: Warning: '/Game/_Temporary/HUD/W_Main' 파일을 찾을 수 없습니다.
[2019.03.23-07.17.58:574][558]LogLinker: Warning: NULL 로드중 '/Game/_Temporary/HUD/W_Main' 애셋에 대한 파일을 찾을 수 없습니다.
[2019.03.23-07.17.58:574][558]LogLinker: Warning: '/Game/_Temporary/Character/BP_FBFPlayableCharacter_2' 파일을 찾을 수 없습니다.
[2019.03.23-07.17.58:574][558]LogLinker: Warning: NULL 로드중 '/Game/_Temporary/Character/BP_FBFPlayableCharacter_2' 애셋에 대한 파일을 찾을 수 없습니다.
[2019.03.23-07.17.58:574][558]LogLinker: Warning: '/Game/_Temporary/Skill/MasterSkill' 파일을 찾을 수 없습니다.
[2019.03.23-07.17.58:574][558]LogLinker: Warning: NULL 로드중 '/Game/_Temporary/Skill/MasterSkill' 애셋에 대한 파일을 찾을 수 없습니다.
[2019.03.23-07.17.58:574][558]LogLinker: Warning: '/Game/_Temporary/Skill/Skill_Fast' 파일을 찾을 수 없습니다.
[2019.03.23-07.17.58:575][558]LogLinker: Warning: NULL 로드중 '/Game/_Temporary/Skill/Skill_Fast' 애셋에 대한 파일을 찾을 수 없습니다.
[2019.03.23-07.17.58:575][558]LogLinker: Warning: '/Game/_Temporary/Skill/Skill_Spell_Basic' 파일을 찾을 수 없습니다.
[2019.03.23-07.17.58:575][558]LogLinker: Warning: NULL 로드중 '/Game/_Temporary/Skill/Skill_Spell_Basic' 애셋에 대한 파일을 찾을 수 없습니다.
[2019.03.23-07.17.58:575][558]LogLinker: Warning: '/Game/_Temporary/Structs/S_StatusBar' 파일을 찾을 수 없습니다.
[2019.03.23-07.17.58:575][558]LogLinker: Warning: NULL 로드중 '/Game/_Temporary/Structs/S_StatusBar' 애셋에 대한 파일을 찾을 수 없습니다.
[2019.03.23-07.17.58:575][558]LogLinker: Warning: '/Game/_Temporary/Structs/S_StatusBar' 파일을 찾을 수 없습니다.
[2019.03.23-07.17.58:575][558]LogLinker: Warning: NULL 로드중 '/Game/_Temporary/Structs/S_StatusBar' 애셋에 대한 파일을 찾을 수 없습니다.
[2019.03.23-07.17.58:576][558]LogLinker: Warning: '/Game/_Temporary/Structs/S_StatusBar' 파일을 찾을 수 없습니다.
[2019.03.23-07.17.58:576][558]LogLinker: Warning: NULL 로드중 '/Game/_Temporary/Structs/S_StatusBar' 애셋에 대한 파일을 찾을 수 없습니다.
[2019.03.23-07.17.58:576][558]LogLinker: Warning: '/Game/_Temporary/Structs/S_StatusLerp' 파일을 찾을 수 없습니다.
[2019.03.23-07.17.58:576][558]LogLinker: Warning: NULL 로드중 '/Game/_Temporary/Structs/S_StatusLerp' 애셋에 대한 파일을 찾을 수 없습니다.
[2019.03.23-07.17.58:576][558]LogLinker: Warning: '/Game/_Temporary/Structs/S_StatusBar' 파일을 찾을 수 없습니다.
[2019.03.23-07.17.58:576][558]LogLinker: Warning: NULL 로드중 '/Game/_Temporary/Structs/S_StatusBar' 애셋에 대한 파일을 찾을 수 없습니다.
[2019.03.23-07.17.58:577][558]LogLinker: Warning: '/Game/_Temporary/Structs/S_StatusBar' 파일을 찾을 수 없습니다.
[2019.03.23-07.17.58:577][558]LogLinker: Warning: NULL 로드중 '/Game/_Temporary/Structs/S_StatusBar' 애셋에 대한 파일을 찾을 수 없습니다.
[2019.03.23-07.17.58:577][558]LogLinker: Warning: '/Game/_Temporary/Structs/S_StatusBar' 파일을 찾을 수 없습니다.
[2019.03.23-07.17.58:577][558]LogLinker: Warning: NULL 로드중 '/Game/_Temporary/Structs/S_StatusBar' 애셋에 대한 파일을 찾을 수 없습니다.
[2019.03.23-07.17.58:577][558]LogLinker: Warning: '/Game/_Temporary/Structs/S_StatusBar' 파일을 찾을 수 없습니다.
[2019.03.23-07.17.58:577][558]LogLinker: Warning: NULL 로드중 '/Game/_Temporary/Structs/S_StatusBar' 애셋에 대한 파일을 찾을 수 없습니다.
[2019.03.23-07.17.58:577][558]LogLinker: Warning: '/Game/_Temporary/Structs/S_StatusLerp' 파일을 찾을 수 없습니다.
[2019.03.23-07.17.58:578][558]LogLinker: Warning: NULL 로드중 '/Game/_Temporary/Structs/S_StatusLerp' 애셋에 대한 파일을 찾을 수 없습니다.
[2019.03.23-07.17.58:578][558]LogLinker: Warning: '/Game/_Temporary/Structs/S_StatusLerp' 파일을 찾을 수 없습니다.
[2019.03.23-07.17.58:578][558]LogLinker: Warning: NULL 로드중 '/Game/_Temporary/Structs/S_StatusLerp' 애셋에 대한 파일을 찾을 수 없습니다.
[2019.03.23-07.17.58:578][558]LogLinker: Warning: '/Game/_Temporary/Structs/S_StatusBar' 파일을 찾을 수 없습니다.
[2019.03.23-07.17.58:578][558]LogLinker: Warning: NULL 로드중 '/Game/_Temporary/Structs/S_StatusBar' 애셋에 대한 파일을 찾을 수 없습니다.
[2019.03.23-07.17.58:578][558]LogLinker: Warning: '/Game/_Temporary/Structs/S_StatusBar' 파일을 찾을 수 없습니다.
[2019.03.23-07.17.58:579][558]LogLinker: Warning: NULL 로드중 '/Game/_Temporary/Structs/S_StatusBar' 애셋에 대한 파일을 찾을 수 없습니다.
[2019.03.23-07.17.58:579][558]LogLinker: Warning: '/Game/_Temporary/HUD/W_StatusBar' 파일을 찾을 수 없습니다.
[2019.03.23-07.17.58:579][558]LogLinker: Warning: NULL 로드중 '/Game/_Temporary/HUD/W_StatusBar' 애셋에 대한 파일을 찾을 수 없습니다.
[2019.03.23-07.17.58:579][558]LogLinker: Warning: '/Game/_Temporary/HUD/W_StatusBar' 파일을 찾을 수 없습니다.
[2019.03.23-07.17.58:579][558]LogLinker: Warning: NULL 로드중 '/Game/_Temporary/HUD/W_StatusBar' 애셋에 대한 파일을 찾을 수 없습니다.
[2019.03.23-07.17.58:579][558]LogLinker: Warning: '/Game/_Temporary/HUD/W_StatusBar' 파일을 찾을 수 없습니다.
[2019.03.23-07.17.58:579][558]LogLinker: Warning: NULL 로드중 '/Game/_Temporary/HUD/W_StatusBar' 애셋에 대한 파일을 찾을 수 없습니다.
[2019.03.23-07.17.58:580][558]LogLinker: Warning: '/Game/_Temporary/HUD/W_StatusBar' 파일을 찾을 수 없습니다.
[2019.03.23-07.17.58:580][558]LogLinker: Warning: NULL 로드중 '/Game/_Temporary/HUD/W_StatusBar' 애셋에 대한 파일을 찾을 수 없습니다.
[2019.03.23-07.17.58:580][558]LogLinker: Warning: '/Game/_Temporary/Skill/W_SkillHotKey' 파일을 찾을 수 없습니다.
[2019.03.23-07.17.58:580][558]LogLinker: Warning: NULL 로드중 '/Game/_Temporary/Skill/W_SkillHotKey' 애셋에 대한 파일을 찾을 수 없습니다.
[2019.03.23-07.17.58:580][558]LogLinker: Warning: '/Game/_Temporary/Structs/S_StatusBar' 파일을 찾을 수 없습니다.
[2019.03.23-07.17.58:580][558]LogLinker: Warning: NULL 로드중 '/Game/_Temporary/Structs/S_StatusBar' 애셋에 대한 파일을 찾을 수 없습니다.
[2019.03.23-07.17.58:581][558]LogLinker: Warning: '/Game/_Temporary/Character/BP_FBFPlayableCharacter_2' 파일을 찾을 수 없습니다.
[2019.03.23-07.17.58:581][558]LogLinker: Warning: NULL 로드중 '/Game/_Temporary/Character/BP_FBFPlayableCharacter_2' 애셋에 대한 파일을 찾을 수 없습니다.
[2019.03.23-07.17.58:581][558]LogLinker: Warning: '/Game/_Temporary/Enums/E_Status' 파일을 찾을 수 없습니다.
[2019.03.23-07.17.58:581][558]LogLinker: Warning: NULL 로드중 '/Game/_Temporary/Enums/E_Status' 애셋에 대한 파일을 찾을 수 없습니다.
[2019.03.23-07.17.58:581][558]LogLinker: Warning: '/Game/_Temporary/HUD/W_Main' 파일을 찾을 수 없습니다.
[2019.03.23-07.17.58:581][558]LogLinker: Warning: NULL 로드중 '/Game/_Temporary/HUD/W_Main' 애셋에 대한 파일을 찾을 수 없습니다.
[2019.03.23-07.17.58:582][558]LogLinker: Warning: '/Game/_Temporary/HUD/W_StatusBar' 파일을 찾을 수 없습니다.
[2019.03.23-07.17.58:582][558]LogLinker: Warning: NULL 로드중 '/Game/_Temporary/HUD/W_StatusBar' 애셋에 대한 파일을 찾을 수 없습니다.
[2019.03.23-07.17.58:582][558]LogLinker: Warning: '/Game/_Temporary/Mannequin/Animations/ThirdPerson_AnimBP' 파일을 찾을 수 없습니다.
[2019.03.23-07.17.58:582][558]LogLinker: Warning: NULL 로드중 '/Game/_Temporary/Mannequin/Animations/ThirdPerson_AnimBP' 애셋에 대한 파일을 찾을 수 없습니다.
[2019.03.23-07.17.58:582][558]LogLinker: Warning: '/Game/_Temporary/Mannequin/Character/Mesh/SK_Mannequin' 파일을 찾을 수 없습니다.
[2019.03.23-07.17.58:582][558]LogLinker: Warning: NULL 로드중 '/Game/_Temporary/Mannequin/Character/Mesh/SK_Mannequin' 애셋에 대한 파일을 찾을 수 없습니다.
[2019.03.23-07.17.58:582][558]LogLinker: Warning: '/Game/_Temporary/Skill/MasterSkill' 파일을 찾을 수 없습니다.
[2019.03.23-07.17.58:583][558]LogLinker: Warning: NULL 로드중 '/Game/_Temporary/Skill/MasterSkill' 애셋에 대한 파일을 찾을 수 없습니다.
[2019.03.23-07.17.58:583][558]LogLinker: Warning: '/Game/_Temporary/Skill/Skill_Fast' 파일을 찾을 수 없습니다.
[2019.03.23-07.17.58:583][558]LogLinker: Warning: NULL 로드중 '/Game/_Temporary/Skill/Skill_Fast' 애셋에 대한 파일을 찾을 수 없습니다.
[2019.03.23-07.17.58:583][558]LogLinker: Warning: '/Game/_Temporary/Skill/Skill_Spell_Basic' 파일을 찾을 수 없습니다.
[2019.03.23-07.17.58:583][558]LogLinker: Warning: NULL 로드중 '/Game/_Temporary/Skill/Skill_Spell_Basic' 애셋에 대한 파일을 찾을 수 없습니다.
[2019.03.23-07.17.58:583][558]LogLinker: Warning: '/Game/_Temporary/Skill/W_SkillHotKey' 파일을 찾을 수 없습니다.
[2019.03.23-07.17.58:584][558]LogLinker: Warning: NULL 로드중 '/Game/_Temporary/Skill/W_SkillHotKey' 애셋에 대한 파일을 찾을 수 없습니다.
[2019.03.23-07.17.58:584][558]LogLinker: Warning: '/Game/_Temporary/Structs/S_StatusBar' 파일을 찾을 수 없습니다.
[2019.03.23-07.17.58:584][558]LogLinker: Warning: NULL 로드중 '/Game/_Temporary/Structs/S_StatusBar' 애셋에 대한 파일을 찾을 수 없습니다.
[2019.03.23-07.17.58:584][558]LogLinker: Warning: '/Game/_Temporary/Structs/S_StatusLerp' 파일을 찾을 수 없습니다.
[2019.03.23-07.17.58:584][558]LogLinker: Warning: NULL 로드중 '/Game/_Temporary/Structs/S_StatusLerp' 애셋에 대한 파일을 찾을 수 없습니다.
[2019.03.23-07.17.58:584][558]LogLinker: Warning: '/Game/_Temporary/Mannequin/Character/Mesh/SK_Mannequin' 파일을 찾을 수 없습니다.
[2019.03.23-07.17.58:585][558]LogLinker: Warning: NULL 로드중 '/Game/_Temporary/Mannequin/Character/Mesh/SK_Mannequin' 애셋에 대한 파일을 찾을 수 없습니다.
[2019.03.23-07.17.58:585][558]LogLinker: Warning: '/Game/_Temporary/Structs/S_StatusBar' 파일을 찾을 수 없습니다.
[2019.03.23-07.17.58:585][558]LogLinker: Warning: NULL 로드중 '/Game/_Temporary/Structs/S_StatusBar' 애셋에 대한 파일을 찾을 수 없습니다.
[2019.03.23-07.17.58:585][558]LogLinker: Warning: '/Game/_Temporary/HUD/W_StatusBar' 파일을 찾을 수 없습니다.
[2019.03.23-07.17.58:585][558]LogLinker: Warning: NULL 로드중 '/Game/_Temporary/HUD/W_StatusBar' 애셋에 대한 파일을 찾을 수 없습니다.
[2019.03.23-07.17.58:585][558]LogLinker: Warning: '/Game/_Temporary/Skill/W_SkillHotKey' 파일을 찾을 수 없습니다.
[2019.03.23-07.17.58:585][558]LogLinker: Warning: NULL 로드중 '/Game/_Temporary/Skill/W_SkillHotKey' 애셋에 대한 파일을 찾을 수 없습니다.
[2019.03.23-07.17.58:586][558]LogLinker: Warning: '/Game/_Temporary/Structs/S_StatusBar' 파일을 찾을 수 없습니다.
[2019.03.23-07.17.58:586][558]LogLinker: Warning: NULL 로드중 '/Game/_Temporary/Structs/S_StatusBar' 애셋에 대한 파일을 찾을 수 없습니다.
[2019.03.23-07.17.58:586][558]LogLinker: Warning: '/Game/_Temporary/Enums/E_Status' 파일을 찾을 수 없습니다.
[2019.03.23-07.17.58:586][558]LogLinker: Warning: NULL 로드중 '/Game/_Temporary/Enums/E_Status' 애셋에 대한 파일을 찾을 수 없습니다.
[2019.03.23-07.17.58:586][558]LogLinker: Warning: '/Game/_Temporary/Structs/S_StatusBar' 파일을 찾을 수 없습니다.
[2019.03.23-07.17.58:587][558]LogLinker: Warning: NULL 로드중 '/Game/_Temporary/Structs/S_StatusBar' 애셋에 대한 파일을 찾을 수 없습니다.
[2019.03.23-07.17.58:587][558]LogLinker: Warning: '/Game/_Temporary/Structs/S_StatusLerp' 파일을 찾을 수 없습니다.
[2019.03.23-07.17.58:587][558]LogLinker: Warning: NULL 로드중 '/Game/_Temporary/Structs/S_StatusLerp' 애셋에 대한 파일을 찾을 수 없습니다.
[2019.03.23-07.17.58:587][558]LogLinker: Warning: '/Game/_Temporary/HUD/W_Main' 파일을 찾을 수 없습니다.
[2019.03.23-07.17.58:587][558]LogLinker: Warning: NULL 로드중 '/Game/_Temporary/HUD/W_Main' 애셋에 대한 파일을 찾을 수 없습니다.
[2019.03.23-07.17.58:587][558]LogLinker: Warning: '/Game/_Temporary/HUD/W_StatusBar' 파일을 찾을 수 없습니다.
[2019.03.23-07.17.58:587][558]LogLinker: Warning: NULL 로드중 '/Game/_Temporary/HUD/W_StatusBar' 애셋에 대한 파일을 찾을 수 없습니다.
[2019.03.23-07.17.58:588][558]LogLinker: Warning: '/Game/_Temporary/Skill/W_SkillHotKey' 파일을 찾을 수 없습니다.
[2019.03.23-07.17.58:588][558]LogLinker: Warning: NULL 로드중 '/Game/_Temporary/Skill/W_SkillHotKey' 애셋에 대한 파일을 찾을 수 없습니다.
[2019.03.23-07.17.58:588][558]LogLinker: Error: Bad name index 26017792/566
[2019.03.23-07.17.58:588][558]LogWindows: Windows GetLastError: 작업을 완료했습니다. (0)
[2019.03.23-07.18.00:055][558]LogWindows: Error: === Critical error: ===
[2019.03.23-07.18.00:055][558]LogWindows: Error: 
[2019.03.23-07.18.00:055][558]LogWindows: Error: Assertion failed: InPos >= 0 && InPos <= TotalSizeOrMaxInt64IfNotReady() [File:D:\Build\++UE4\Sync\Engine\Source\Runtime\CoreUObject\Private\Serialization\AsyncLoading.cpp] [Line: 7505] 
[2019.03.23-07.18.00:055][558]LogWindows: Error: Bad position in FArchiveAsync2::Seek. Filename:../../../../../../Users/hoon/Desktop/UE4STAG/UE4STAG/FujiwaraBattleField/Content/AI/BP_FBFCharacter_copy.uasset InPos:21398067, Size:656208
[2019.03.23-07.18.00:055][558]LogWindows: Error: 
[2019.03.23-07.18.00:055][558]LogWindows: Error: 
[2019.03.23-07.18.00:055][558]LogWindows: Error: [Callstack] 0x00007ffc6bf9a388 KERNELBASE.dll!UnknownFunction []
[2019.03.23-07.18.00:055][558]LogWindows: Error: [Callstack] 0x00007ffc50876850 UE4Editor-ApplicationCore.dll!UnknownFunction []
[2019.03.23-07.18.00:055][558]LogWindows: Error: [Callstack] 0x00007ffc326a62fc UE4Editor-Core.dll!UnknownFunction []
[2019.03.23-07.18.00:055][558]LogWindows: Error: [Callstack] 0x00007ffc326351db UE4Editor-Core.dll!UnknownFunction []
[2019.03.23-07.18.00:055][558]LogWindows: Error: [Callstack] 0x00007ffc32ef3bd2 UE4Editor-CoreUObject.dll!UnknownFunction []
[2019.03.23-07.18.00:055][558]LogWindows: Error: [Callstack] 0x00007ffc33015110 UE4Editor-CoreUObject.dll!UnknownFunction []
[2019.03.23-07.18.00:055][558]LogWindows: Error: [Callstack] 0x00007ffc33012c33 UE4Editor-CoreUObject.dll!UnknownFunction []
[2019.03.23-07.18.00:055][558]LogWindows: Error: [Callstack] 0x00007ffc33195076 UE4Editor-CoreUObject.dll!UnknownFunction []
[2019.03.23-07.18.00:055][558]LogWindows: Error: [Callstack] 0x00007ffc33123b7f UE4Editor-CoreUObject.dll!UnknownFunction []
[2019.03.23-07.18.00:055][558]LogWindows: Error: [Callstack] 0x00007ffc33195295 UE4Editor-CoreUObject.dll!UnknownFunction []
[2019.03.23-07.18.00:056][558]LogWindows: Error: [Callstack] 0x00007ffc33014e4c UE4Editor-CoreUObject.dll!UnknownFunction []
[2019.03.23-07.18.00:056][558]LogWindows: Error: [Callstack] 0x00007ffc3300a7d7 UE4Editor-CoreUObject.dll!UnknownFunction []
[2019.03.23-07.18.00:056][558]LogWindows: Error: [Callstack] 0x00007ffc0c5b6f6b UE4Editor-Engine.dll!UnknownFunction []
[2019.03.23-07.18.00:056][558]LogWindows: Error: [Callstack] 0x00007ffc3307ff63 UE4Editor-CoreUObject.dll!UnknownFunction []
[2019.03.23-07.18.00:056][558]LogWindows: Error: [Callstack] 0x00007ffc32ef074b UE4Editor-CoreUObject.dll!UnknownFunction []
[2019.03.23-07.18.00:056][558]LogWindows: Error: [Callstack] 0x00007ffc32ea537c UE4Editor-CoreUObject.dll!UnknownFunction []
[2019.03.23-07.18.00:056][558]LogWindows: Error: [Callstack] 0x00007ffc33080590 UE4Editor-CoreUObject.dll!UnknownFunction []
[2019.03.23-07.18.00:056][558]LogWindows: Error: [Callstack] 0x00007ffc3303bddb UE4Editor-CoreUObject.dll!UnknownFunction []
[2019.03.23-07.18.00:056][558]LogWindows: Error: [Callstack] 0x00007ffc330722ca UE4Editor-CoreUObject.dll!UnknownFunction []
[2019.03.23-07.18.00:056][558]LogWindows: Error: [Callstack] 0x00007ffc3303a369 UE4Editor-CoreUObject.dll!UnknownFunction []
[2019.03.23-07.18.00:056][558]LogWindows: Error: [Callstack] 0x00007ffc3303c1fb UE4Editor-CoreUObject.dll!UnknownFunction []
[2019.03.23-07.18.00:056][558]LogWindows: Error: [Callstack] 0x00007ffc33072f84 UE4Editor-CoreUObject.dll!UnknownFunction []
[2019.03.23-07.18.00:056][558]LogWindows: Error: [Callstack] 0x00007ffc331e627a UE4Editor-CoreUObject.dll!UnknownFunction []
[2019.03.23-07.18.00:056][558]LogWindows: Error: [Callstack] 0x00007ffc331e54b9 UE4Editor-CoreUObject.dll!UnknownFunction []
[2019.03.23-07.18.00:056][558]LogWindows: Error: [Callstack] 0x00007ffc331fc30e UE4Editor-CoreUObject.dll!UnknownFunction []
[2019.03.23-07.18.00:056][558]LogWindows: Error: [Callstack] 0x00007ffc33209a28 UE4Editor-CoreUObject.dll!UnknownFunction []
[2019.03.23-07.18.00:056][558]LogWindows: Error: [Callstack] 0x00007ffc3320916e UE4Editor-CoreUObject.dll!UnknownFunction []
[2019.03.23-07.18.00:056][558]LogWindows: Error: [Callstack] 0x00007ffbf120346e UE4Editor-ContentBrowser.dll!UnknownFunction []
[2019.03.23-07.18.00:056][558]LogWindows: Error: [Callstack] 0x00007ffbf1291938 UE4Editor-ContentBrowser.dll!UnknownFunction []
[2019.03.23-07.18.00:056][558]LogWindows: Error: [Callstack] 0x00007ffbf132aded UE4Editor-ContentBrowser.dll!UnknownFunction []
[2019.03.23-07.18.00:056][558]LogWindows: Error: [Callstack] 0x00007ffbf12d3d08 UE4Editor-ContentBrowser.dll!UnknownFunction []
[2019.03.23-07.18.00:056][558]LogWindows: Error: [Callstack] 0x00007ffc321f8aab UE4Editor-Slate.dll!UnknownFunction []
[2019.03.23-07.18.00:056][558]LogWindows: Error: [Callstack] 0x00007ffbf133ba99 UE4Editor-ContentBrowser.dll!UnknownFunction []
[2019.03.23-07.18.00:056][558]LogWindows: Error: [Callstack] 0x00007ffbf133210f UE4Editor-ContentBrowser.dll!UnknownFunction []
[2019.03.23-07.18.00:056][558]LogWindows: Error: [Callstack] 0x00007ffc31f18b7d UE4Editor-Slate.dll!UnknownFunction []
[2019.03.23-07.18.00:056][558]LogWindows: Error: [Callstack] 0x00007ffc31fb1ff8 UE4Editor-Slate.dll!UnknownFunction []
[2019.03.23-07.18.00:056][558]LogWindows: Error: [Callstack] 0x00007ffc31f97c7a UE4Editor-Slate.dll!UnknownFunction []
[2019.03.23-07.18.00:056][558]LogWindows: Error: [Callstack] 0x00007ffc31f8b25c UE4Editor-Slate.dll!UnknownFunction []
[2019.03.23-07.18.00:056][558]LogWindows: Error: [Callstack] 0x00007ffc5086d1c7 UE4Editor-ApplicationCore.dll!UnknownFunction []
[2019.03.23-07.18.00:056][558]LogWindows: Error: [Callstack] 0x00007ffc50860270 UE4Editor-ApplicationCore.dll!UnknownFunction []
[2019.03.23-07.18.00:056][558]LogWindows: Error: [Callstack] 0x00007ffc5086f4c5 UE4Editor-ApplicationCore.dll!UnknownFunction []
[2019.03.23-07.18.00:056][558]LogWindows: Error: [Callstack] 0x00007ffc5085c209 UE4Editor-ApplicationCore.dll!UnknownFunction []
[2019.03.23-07.18.00:056][558]LogWindows: Error: [Callstack] 0x00007ffc6c1f6d41 USER32.dll!UnknownFunction []
[2019.03.23-07.18.00:056][558]LogWindows: Error: [Callstack] 0x00007ffc6c1f6713 USER32.dll!UnknownFunction []
[2019.03.23-07.18.00:056][558]LogWindows: Error: [Callstack] 0x00007ffc50870646 UE4Editor-ApplicationCore.dll!UnknownFunction []
[2019.03.23-07.18.00:057][558]LogWindows: Error: [Callstack] 0x00007ff65bb554e5 UE4Editor.exe!UnknownFunction []
[2019.03.23-07.18.00:057][558]LogWindows: Error: [Callstack] 0x00007ff65bb65b3c UE4Editor.exe!UnknownFunction []
[2019.03.23-07.18.00:057][558]LogWindows: Error: [Callstack] 0x00007ff65bb65bba UE4Editor.exe!UnknownFunction []
[2019.03.23-07.18.00:057][558]LogWindows: Error: [Callstack] 0x00007ff65bb73dac UE4Editor.exe!UnknownFunction []
[2019.03.23-07.18.00:057][558]LogWindows: Error: [Callstack] 0x00007ff65bb75aaa UE4Editor.exe!UnknownFunction []
[2019.03.23-07.18.00:057][558]LogWindows: Error: [Callstack] 0x00007ffc6c8f3dc4 KERNEL32.DLL!UnknownFunction []
[2019.03.23-07.18.00:057][558]LogWindows: Error: [Callstack] 0x00007ffc6edc3691 ntdll.dll!UnknownFunction []
[2019.03.23-07.18.00:057][558]LogWindows: Error: 
[2019.03.23-07.18.00:066][558]LogExit: Executing StaticShutdownAfterError
[2019.03.23-07.18.00:071][558]LogWindows: FPlatformMisc::RequestExit(1)
[2019.03.23-07.18.00:080][558]Log file closed, 03/23/19 16:18:00
