Log file open, 10/30/18 20:37:18
LogWindows: Failed to load 'aqProf.dll' (GetLastError=126)
LogWindows: File 'aqProf.dll' does not exist
LogWindows: Failed to load 'VSPerf140.dll' (GetLastError=126)
LogWindows: File 'VSPerf140.dll' does not exist
LogWindows: Failed to load 'VtuneApi.dll' (GetLastError=126)
LogWindows: File 'VtuneApi.dll' does not exist
LogWindows: Failed to load 'VtuneApi32e.dll' (GetLastError=126)
LogWindows: File 'VtuneApi32e.dll' does not exist
LogInit: Display: Running engine for game: FujiwaraBattleField
LogPlatformFile: Not using cached read wrapper
LogTaskGraph: Started task graph with 5 named threads and 23 total threads with 3 sets of task threads.
LogStats: Stats thread started at 0.353451
LogD3D11RHI: Loaded GFSDK_Aftermath_Lib.x64.dll
LogICUInternationalization: Display: ICU TimeZone Detection - Raw Offset: +9:00, Platform Override: ''
LogPluginManager: Mounting plugin Paper2D
LogPluginManager: Mounting plugin AISupport
LogPluginManager: Mounting plugin LightPropagationVolume
LogPluginManager: Mounting plugin CLionSourceCodeAccess
LogPluginManager: Mounting plugin CodeLiteSourceCodeAccess
LogPluginManager: Mounting plugin GitSourceControl
LogPluginManager: Mounting plugin KDevelopSourceCodeAccess
LogPluginManager: Mounting plugin NullSourceCodeAccess
LogPluginManager: Mounting plugin PerforceSourceControl
LogPluginManager: Mounting plugin SubversionSourceControl
LogPluginManager: Mounting plugin UObjectPlugin
LogPluginManager: Mounting plugin VisualStudioCodeSourceCodeAccess
LogPluginManager: Mounting plugin VisualStudioSourceCodeAccess
LogPluginManager: Mounting plugin XCodeSourceCodeAccess
LogPluginManager: Mounting plugin AssetManagerEditor
LogPluginManager: Mounting plugin CryptoKeys
LogPluginManager: Mounting plugin DataValidation
LogPluginManager: Mounting plugin FacialAnimation
LogPluginManager: Mounting plugin GameplayTagsEditor
LogPluginManager: Mounting plugin MacGraphicsSwitching
LogPluginManager: Mounting plugin MeshEditor
LogPluginManager: Mounting plugin MobileLauncherProfileWizard
LogPluginManager: Mounting plugin PluginBrowser
LogPluginManager: Mounting plugin SpeedTreeImporter
LogPluginManager: Mounting plugin DatasmithContent
LogPluginManager: Mounting plugin AlembicImporter
LogPluginManager: Mounting plugin AppleImageUtils
LogPluginManager: Mounting plugin AppleVision
LogPluginManager: Mounting plugin BackChannel
LogPluginManager: Mounting plugin CharacterAI
LogPluginManager: Mounting plugin GeometryCache
LogPluginManager: Mounting plugin HTML5Networking
LogPluginManager: Mounting plugin ProxyLODPlugin
LogPluginManager: Mounting plugin MagicLeap
LogPluginManager: Mounting plugin MagicLeapEmulator
LogPluginManager: Mounting plugin MagicLeapMedia
LogPluginManager: Mounting plugin AndroidMedia
LogPluginManager: Mounting plugin AvfMedia
LogPluginManager: Mounting plugin ImgMedia
LogPluginManager: Mounting plugin LinearTimecode
LogPluginManager: Mounting plugin MediaCompositing
LogPluginManager: Mounting plugin MediaPlayerEditor
LogPluginManager: Mounting plugin WmfMedia
LogPluginManager: Mounting plugin TcpMessaging
LogPluginManager: Mounting plugin UdpMessaging
LogPluginManager: Mounting plugin ActorSequence
LogPluginManager: Mounting plugin LevelSequenceEditor
LogPluginManager: Mounting plugin MatineeToLevelSequence
LogPluginManager: Mounting plugin NetcodeUnitTest
LogPluginManager: Mounting plugin NUTUnrealEngine4
LogPluginManager: Mounting plugin OnlineSubsystemGooglePlay
LogPluginManager: Mounting plugin OnlineSubsystemIOS
LogPluginManager: Mounting plugin OnlineSubsystem
LogPluginManager: Mounting plugin OnlineSubsystemNull
LogPluginManager: Mounting plugin OnlineSubsystemUtils
LogPluginManager: Mounting plugin LauncherChunkInstaller
LogPluginManager: Mounting plugin AndroidDeviceProfileSelector
LogPluginManager: Mounting plugin AndroidMoviePlayer
LogPluginManager: Mounting plugin AndroidPermission
LogPluginManager: Mounting plugin AppleMoviePlayer
LogPluginManager: Mounting plugin ArchVisCharacter
LogPluginManager: Mounting plugin AudioCapture
LogPluginManager: Mounting plugin CableComponent
LogPluginManager: Mounting plugin CustomMeshComponent
LogPluginManager: Mounting plugin EditableMesh
LogPluginManager: Mounting plugin ExampleDeviceProfileSelector
LogPluginManager: Mounting plugin GoogleCloudMessaging
LogPluginManager: Mounting plugin ImmediatePhysics
LogPluginManager: Mounting plugin IOSDeviceProfileSelector
LogPluginManager: Mounting plugin LinuxDeviceProfileSelector
LogPluginManager: Mounting plugin LocationServicesBPLibrary
LogPluginManager: Mounting plugin MobilePatchingUtils
LogPluginManager: Mounting plugin OculusVR
LogPluginManager: Plugin shader directory ../../../Engine/Plugins/Runtime/Oculus/OculusVR/Shaders found
LogPluginManager: Mapping shader source directory ../../../Engine/Plugins/Runtime/Oculus/OculusVR/Shaders to virtual directory /Plugin/OculusVR
LogPluginManager: Mounting plugin PhysXVehicles
LogPluginManager: Mounting plugin ProceduralMeshComponent
LogPluginManager: Mounting plugin RuntimePhysXCooking
LogPluginManager: Mounting plugin SteamVR
LogPluginManager: Mounting plugin WindowsMoviePlayer
LogStreaming: Display: Took  0.218s to configure plugins.
LogInit: Using libcurl 7.55.1-DEV
LogInit:  - built for x86_64-pc-win32
LogInit:  - supports SSL with OpenSSL/1.0.2h
LogInit:  - supports HTTP deflate (compression) using libz 1.2.8
LogInit:  - other features:
LogInit:      CURL_VERSION_SSL
LogInit:      CURL_VERSION_LIBZ
LogInit:      CURL_VERSION_IPV6
LogInit:      CURL_VERSION_ASYNCHDNS
LogInit:      CURL_VERSION_LARGEFILE
LogInit:      CURL_VERSION_IDN
LogInit:  CurlRequestOptions (configurable via config and command line):
LogInit:  - bVerifyPeer = false  - Libcurl will NOT verify peer certificate
LogInit:  - bUseHttpProxy = false  - Libcurl will NOT use HTTP proxy
LogInit:  - bDontReuseConnections = false  - Libcurl will reuse connections
LogInit:  - CertBundlePath = nullptr  - Libcurl will use whatever was configured at build time.
LogInit:  - MaxHostConnections = 16  - Libcurl will limit the number of connections to a host
LogInit:  - LocalHostAddr = Default
LogInit:  - BufferSize = 65536
LogInit: WinSock: version 1.1 (2.2), MaxSocks=32767, MaxUdp=65467
LogInit: Build: ++UE4+Release-4.20-CL-4369336
LogInit: Engine Version: 4.20.3-4369336+++UE4+Release-4.20
LogInit: Compatible Engine Version: 4.20.0-4212847+++UE4+Release-4.20
LogInit: Net CL: 4212847
LogInit: OS: Windows 10 (), CPU: Intel(R) Core(TM) i7-6700HQ CPU @ 2.60GHz, GPU: Intel(R) HD Graphics 530
LogInit: Compiled (64-bit): Sep 17 2018 12:26:19
LogInit: Compiled with Visual C++: 19.13.26129.00
LogInit: Build Configuration: Development
LogInit: Branch Name: ++UE4+Release-4.20
LogInit: Command Line:  
LogInit: Base Directory: C:/Program Files (x86)/~Game/Epic Games/UE_4.20/Engine/Binaries/Win64/
LogInit: Installed Engine Build: 1
LogDevObjectVersion: Number of dev versions registered: 20
LogDevObjectVersion:   Dev-Blueprints (B0D832E4-1F89-4F0D-ACCF-7EB736FD4AA2): 10
LogDevObjectVersion:   Dev-Build (E1C64328-A22C-4D53-A36C-8E866417BD8C): 0
LogDevObjectVersion:   Dev-Core (375EC13C-06E4-48FB-B500-84F0262A717E): 2
LogDevObjectVersion:   Dev-Editor (E4B068ED-F494-42E9-A231-DA0B2E46BB41): 24
LogDevObjectVersion:   Dev-Framework (CFFC743F-43B0-4480-9391-14DF171D2073): 34
LogDevObjectVersion:   Dev-Mobile (B02B49B5-BB20-44E9-A304-32B752E40360): 2
LogDevObjectVersion:   Dev-Networking (A4E4105C-59A1-49B5-A7C5-40C4547EDFEE): 0
LogDevObjectVersion:   Dev-Online (39C831C9-5AE6-47DC-9A44-9C173E1C8E7C): 0
LogDevObjectVersion:   Dev-Physics (78F01B33-EBEA-4F98-B9B4-84EACCB95AA2): 0
LogDevObjectVersion:   Dev-Platform (6631380F-2D4D-43E0-8009-CF276956A95A): 0
LogDevObjectVersion:   Dev-Rendering (12F88B9F-8875-4AFC-A67C-D90C383ABD29): 26
LogDevObjectVersion:   Dev-Sequencer (7B5AE74C-D270-4C10-A958-57980B212A5A): 9
LogDevObjectVersion:   Dev-VR (D7296918-1DD6-4BDD-9DE2-64A83CC13884): 2
LogDevObjectVersion:   Dev-LoadTimes (C2A15278-BFE7-4AFE-6C17-90FF531DF755): 1
LogDevObjectVersion:   Private-Geometry (6EACA3D4-40EC-4CC1-B786-8BED09428FC5): 3
LogDevObjectVersion:   Dev-AnimPhys (29E575DD-E0A3-4627-9D10-D276232CDCEA): 17
LogDevObjectVersion:   Dev-ReflectionCapture (6B266CEC-1EC7-4B8F-A30B-E4D90942FC07): 1
LogDevObjectVersion:   Dev-Automation (0DF73D61-A23F-47EA-B727-89E90C41499A): 1
LogDevObjectVersion:   FortniteMain (601D1886-AC64-4F84-AA16-D3DE0DEAC7D6): 12
LogDevObjectVersion:   Dev-Enterprise (9DFFBCD6-494F-0158-E221-12823C92A888): 1
LogStreaming: Display: Took  0.004s to delete old logs.
LogInit: Presizing for max 8388607 objects, including 0 objects not considered by GC, pre-allocating 0 bytes for permanent pool.
LogInit: Object subsystem initialized
[2018.10.30-11.37.19:032][  0]LogInit: Selected Device Profile: [Windows]
[2018.10.30-11.37.19:032][  0]LogInit: Applying CVar settings loaded from the selected device profile: [Windows]
[2018.10.30-11.37.19:078][  0]LogHAL: Display: Platform has ~ 8 GB [8393322496 / 8589934592 / 8], which maps to Default [LargestMinGB=32, LargerMinGB=12, DefaultMinGB=8, SmallerMinGB=6, SmallestMinGB=0)
[2018.10.30-11.37.19:078][  0]LogInit: Setting Device Profile CVar: [[r.Vulkan.UseRealUBs:1]]
[2018.10.30-11.37.19:078][  0]LogInit: Going up to parent DeviceProfile []
[2018.10.30-11.37.19:090][  0]LogInit: Computer: DESKTOP-33J3PSK
[2018.10.30-11.37.19:090][  0]LogInit: User: Utsuho
[2018.10.30-11.37.19:090][  0]LogInit: CPU Page size=4096, Cores=4
[2018.10.30-11.37.19:090][  0]LogInit: High frequency timer resolution =2.531254 MHz
[2018.10.30-11.37.19:090][  0]LogMemory: Memory total: Physical=7.8GB (8GB approx)
[2018.10.30-11.37.19:091][  0]LogMemory: Platform Memory Stats for Windows
[2018.10.30-11.37.19:091][  0]LogMemory: Process Physical Memory: 100.68 MB used, 100.68 MB peak
[2018.10.30-11.37.19:091][  0]LogMemory: Process Virtual Memory: 89.33 MB used, 89.33 MB peak
[2018.10.30-11.37.19:091][  0]LogMemory: Physical Memory: 5939.87 MB used,  2064.63 MB free, 8004.50 MB total
[2018.10.30-11.37.19:091][  0]LogMemory: Virtual Memory: 4643.48 MB used,  2064.63 MB free, 134217728.00 MB total
[2018.10.30-11.37.19:175][  0]LogInit: Using OS detected language (ko-KR).
[2018.10.30-11.37.19:176][  0]LogInit: Using OS detected locale (ko-KR).
[2018.10.30-11.37.19:179][  0]LogTextLocalizationManager: No specific localization for 'ko-KR' exists, so the 'ko' localization will be used.
[2018.10.30-11.37.19:755][  0]LogStreaming: Display: Took  0.580s to InitEngineTextLocalization.
[2018.10.30-11.37.19:756][  0]LogInit: Setting process to per monitor DPI aware
[2018.10.30-11.37.19:908][  0]LogSlate: New Slate User Created.  User Index 0, Is Virtual User: 0
[2018.10.30-11.37.19:908][  0]LogSlate: Slate User Registered.  User Index 0, Is Virtual User: 0
[2018.10.30-11.37.23:118][  0]LogHMD: Failed to initialize OpenVR with code 110
[2018.10.30-11.37.23:118][  0]LogD3D11RHI: D3D11 adapters:
[2018.10.30-11.37.23:215][  0]LogD3D11RHI:    0. 'NVIDIA GeForce GTX 960M' (Feature Level 11_0)
[2018.10.30-11.37.23:215][  0]LogD3D11RHI:       2007/0/4002 MB DedicatedVideo/DedicatedSystem/SharedSystem, Outputs:1, VendorId:0x10de
[2018.10.30-11.37.23:231][  0]LogD3D11RHI:    1. 'Intel(R) HD Graphics 530' (Feature Level 11_0)
[2018.10.30-11.37.23:231][  0]LogD3D11RHI:       128/0/4002 MB DedicatedVideo/DedicatedSystem/SharedSystem, Outputs:0, VendorId:0x8086
[2018.10.30-11.37.23:233][  0]LogD3D11RHI:    2. 'Microsoft Basic Render Driver' (Feature Level 11_0)
[2018.10.30-11.37.23:233][  0]LogD3D11RHI:       0/0/4002 MB DedicatedVideo/DedicatedSystem/SharedSystem, Outputs:0, VendorId:0x1414
[2018.10.30-11.37.23:233][  0]LogD3D11RHI: Chosen D3D11 Adapter: 0
[2018.10.30-11.37.23:281][  0]LogD3D11RHI: Creating new Direct3DDevice
[2018.10.30-11.37.23:281][  0]LogD3D11RHI:     GPU DeviceId: 0x139b (for the marketing name, search the web for "GPU Device Id")
[2018.10.30-11.37.23:282][  0]LogWindows: EnumDisplayDevices:
[2018.10.30-11.37.23:282][  0]LogWindows:    0. 'Intel(R) HD Graphics 530' (P:1 D:1)
[2018.10.30-11.37.23:283][  0]LogWindows:    1. 'Intel(R) HD Graphics 530' (P:0 D:0)
[2018.10.30-11.37.23:284][  0]LogWindows:    2. 'Intel(R) HD Graphics 530' (P:0 D:0)
[2018.10.30-11.37.23:284][  0]LogWindows:    3. 'NVIDIA GeForce GTX 960M' (P:0 D:0)
[2018.10.30-11.37.23:285][  0]LogWindows:    4. 'NVIDIA GeForce GTX 960M' (P:0 D:0)
[2018.10.30-11.37.23:286][  0]LogWindows:    5. 'NVIDIA GeForce GTX 960M' (P:0 D:0)
[2018.10.30-11.37.23:287][  0]LogWindows:    6. 'NVIDIA GeForce GTX 960M' (P:0 D:0)
[2018.10.30-11.37.23:288][  0]LogWindows:    7. 'Mirage Driver' (P:0 D:0)
[2018.10.30-11.37.23:288][  0]LogWindows: DebugString: PrimaryIsNotTheChoosenAdapter PrimaryIsNotTheChoosenAdapter PrimaryIsNotTheChoosenAdapter GetVideoDriverDetailsInvalid PrimaryIsNotTheChoosenAdapter FoundDriverCount:4 
[2018.10.30-11.37.23:289][  0]LogD3D11RHI:     Adapter Name: NVIDIA GeForce GTX 960M
[2018.10.30-11.37.23:289][  0]LogD3D11RHI:   Driver Version: 391.01 (internal:23.21.13.9101, unified:391.01)
[2018.10.30-11.37.23:289][  0]LogD3D11RHI:      Driver Date: 2-23-2018
[2018.10.30-11.37.23:289][  0]LogRHI: Texture pool is 1405 MB (70% of 2007 MB)
[2018.10.30-11.37.23:337][  0]LogD3D11RHI: Async texture creation enabled
[2018.10.30-11.37.23:357][  0]LogD3D11RHI: GPU Timing Frequency: 1000.000000 (Debug: 2 2)
[2018.10.30-11.37.23:361][  0]LogShaderCompilers: Guid format shader working directory is -44 characters bigger than the processId version (../../../../../../../Users/Utsuho/Desktop/General/ProjectSpace/UE4STAG/FujiwaraBattleField/Intermediate/Shaders/WorkingDirectory/27644/).
[2018.10.30-11.37.23:361][  0]LogShaderCompilers: Cleaned the shader compiler working directory 'C:/Users/Utsuho/AppData/Local/Temp/UnrealShaderWorkingDir/772655804EC069DC81E766A9F7ACDF15/'.
[2018.10.30-11.37.23:946][  0]LogTemp: Display: Loaded TP AllDesktopTargetPlatform
[2018.10.30-11.37.23:964][  0]LogTemp: Display: Loaded TP MacClientTargetPlatform
[2018.10.30-11.37.23:981][  0]LogTemp: Display: Loaded TP MacNoEditorTargetPlatform
[2018.10.30-11.37.23:999][  0]LogTemp: Display: Loaded TP MacServerTargetPlatform
[2018.10.30-11.37.24:019][  0]LogTemp: Display: Loaded TP MacTargetPlatform
[2018.10.30-11.37.24:037][  0]LogTemp: Display: Loaded TP WindowsClientTargetPlatform
[2018.10.30-11.37.24:054][  0]LogTemp: Display: Loaded TP WindowsNoEditorTargetPlatform
[2018.10.30-11.37.24:073][  0]LogTemp: Display: Loaded TP WindowsServerTargetPlatform
[2018.10.30-11.37.24:082][  0]LogTemp: Display: Loaded TP WindowsTargetPlatform
[2018.10.30-11.37.24:194][  0]LogTemp: Display: Loaded TP AndroidTargetPlatform
[2018.10.30-11.37.24:194][  0]LogTemp: Display: Loaded TP AndroidTargetPlatform
[2018.10.30-11.37.24:194][  0]LogTemp: Display: Loaded TP AndroidTargetPlatform
[2018.10.30-11.37.24:194][  0]LogTemp: Display: Loaded TP AndroidTargetPlatform
[2018.10.30-11.37.24:194][  0]LogTemp: Display: Loaded TP AndroidTargetPlatform
[2018.10.30-11.37.24:194][  0]LogTemp: Display: Loaded TP AndroidTargetPlatform
[2018.10.30-11.37.24:194][  0]LogTemp: Display: Loaded TP AndroidTargetPlatform
[2018.10.30-11.37.24:194][  0]LogTemp: Display: Loaded TP AndroidTargetPlatform
[2018.10.30-11.37.24:194][  0]LogTemp: Display: Loaded TP AndroidTargetPlatform
[2018.10.30-11.37.24:194][  0]LogTemp: Display: Loaded TP AndroidTargetPlatform
[2018.10.30-11.37.24:194][  0]LogTemp: Display: Loaded TP AndroidTargetPlatform
[2018.10.30-11.37.24:194][  0]LogTemp: Display: Loaded TP AndroidTargetPlatform
[2018.10.30-11.37.24:194][  0]LogTemp: Display: Loaded TP AndroidTargetPlatform
[2018.10.30-11.37.24:194][  0]LogTemp: Display: Loaded TP AndroidTargetPlatform
[2018.10.30-11.37.24:194][  0]LogTemp: Display: Loaded TP AndroidTargetPlatform
[2018.10.30-11.37.24:194][  0]LogTemp: Display: Loaded TP AndroidTargetPlatform
[2018.10.30-11.37.24:194][  0]LogTemp: Display: Loaded TP AndroidTargetPlatform
[2018.10.30-11.37.24:194][  0]LogTemp: Display: Loaded TP AndroidTargetPlatform
[2018.10.30-11.37.24:198][  0]LogTemp: Display: Loaded TP HTML5TargetPlatform
[2018.10.30-11.37.24:271][  0]LogTemp: Display: Loaded TP IOSTargetPlatform
[2018.10.30-11.37.24:271][  0]LogTemp: Display: Loaded TP IOSTargetPlatform
[2018.10.30-11.37.24:312][  0]LogTemp: Display: Loaded TP TVOSTargetPlatform
[2018.10.30-11.37.24:312][  0]LogTemp: Display: Loaded TP TVOSTargetPlatform
[2018.10.30-11.37.24:329][  0]LogTemp: Display: Loaded TP LinuxClientTargetPlatform
[2018.10.30-11.37.24:348][  0]LogTemp: Display: Loaded TP LinuxNoEditorTargetPlatform
[2018.10.30-11.37.24:364][  0]LogTemp: Display: Loaded TP LinuxServerTargetPlatform
[2018.10.30-11.37.24:392][  0]LogTemp: Display: Loaded TP LinuxTargetPlatform
[2018.10.30-11.37.24:405][  0]LogTemp: Display: Loaded TP LuminTargetPlatform
[2018.10.30-11.37.24:406][  0]LogTargetPlatformManager: Display: Building Assets For Windows
[2018.10.30-11.37.24:518][  0]LogXGEController: Cannot use XGE Controller as Incredibuild is not installed on this machine.
[2018.10.30-11.37.24:518][  0]LogShaderCompilers: Cannot use XGE Shader Compiler as Incredibuild is not installed on this machine.
[2018.10.30-11.37.24:518][  0]LogShaderCompilers: Display: Using Local Shader Compiler.
[2018.10.30-11.37.27:121][  0]LogDerivedDataCache: Display: Max Cache Size: 512 MB
[2018.10.30-11.37.27:307][  0]LogDerivedDataCache: Loaded boot cache 0.19s 71MB C:/Users/Utsuho/AppData/Local/UnrealEngine/4.20/DerivedDataCache/Boot.ddc.
[2018.10.30-11.37.27:308][  0]LogDerivedDataCache: Display: Loaded Boot cache: C:/Users/Utsuho/AppData/Local/UnrealEngine/4.20/DerivedDataCache/Boot.ddc
[2018.10.30-11.37.27:308][  0]LogDerivedDataCache: FDerivedDataBackendGraph:  Pak pak cache file ../../../../../../../Users/Utsuho/Desktop/General/ProjectSpace/UE4STAG/FujiwaraBattleField/DerivedDataCache/DDC.ddp not found, will not use a pak cache.
[2018.10.30-11.37.27:308][  0]LogDerivedDataCache: Unable to find inner node Pak for hierarchical cache Hierarchy.
[2018.10.30-11.37.27:308][  0]LogDerivedDataCache: FDerivedDataBackendGraph:  CompressedPak pak cache file ../../../../../../../Users/Utsuho/Desktop/General/ProjectSpace/UE4STAG/FujiwaraBattleField/DerivedDataCache/Compressed.ddp not found, will not use a pak cache.
[2018.10.30-11.37.27:308][  0]LogDerivedDataCache: Unable to find inner node CompressedPak for hierarchical cache Hierarchy.
[2018.10.30-11.37.27:326][  0]LogDerivedDataCache: Display: Pak cache opened for reading ../../../Engine/DerivedDataCache/Compressed.ddp.
[2018.10.30-11.37.27:339][  0]LogDerivedDataCache: Using Local data cache path C:/Users/Utsuho/AppData/Local/UnrealEngine/Common/DerivedDataCache: Writable
[2018.10.30-11.37.27:339][  0]LogDerivedDataCache: Shared data cache path not found in *engine.ini, will not use an Shared cache.
[2018.10.30-11.37.27:339][  0]LogDerivedDataCache: Unable to find inner node Shared for hierarchical cache Hierarchy.
[2018.10.30-11.37.27:360][  0]LogMaterial: Verifying Global Shaders for PCD3D_SM5
[2018.10.30-11.37.27:362][  0]LogSlate: Using FreeType 2.6.0
[2018.10.30-11.37.27:378][  0]LogSlate: SlateFontServices - WITH_FREETYPE: 1, WITH_HARFBUZZ: 1
[2018.10.30-11.37.27:727][  0]LogAssetRegistry: FAssetRegistry took 0.0278 seconds to start up
[2018.10.30-11.37.28:157][  0]LogInit: Selected Device Profile: [Windows]
[2018.10.30-11.37.28:350][  0]LogSimplygon: Simplygon DLL not present - disabling.
[2018.10.30-11.37.28:357][  0]LogMeshReduction: Using SimplygonSwarm for distributed automatic mesh merging
[2018.10.30-11.37.28:357][  0]LogMeshReduction: Using ProxyLODMeshReduction for automatic mesh merging
[2018.10.30-11.37.28:357][  0]LogMeshReduction: Using QuadricMeshReduction for automatic static mesh reduction
[2018.10.30-11.37.28:357][  0]LogMeshReduction: No automatic skeletal mesh reduction module available
[2018.10.30-11.37.28:383][  0]LogNetVersion: FujiwaraBattleField 1.0.0, NetCL: 4212847, EngineNetVer: 5, GameNetVer: 0 (Checksum: 1838566955)
[2018.10.30-11.37.29:129][  0]LogPackageLocalizationCache: Processed 11 localized package path(s) for 2 prioritized culture(s) in 0.188061 seconds
[2018.10.30-11.37.29:138][  0]LogUObjectArray: 38425 objects as part of root set at end of initial load.
[2018.10.30-11.37.29:138][  0]LogUObjectAllocator: 6690872 out of 0 bytes used by permanent object pool.
[2018.10.30-11.37.29:138][  0]LogUObjectArray: CloseDisregardForGC: 0/0 objects in disregard for GC pool
[2018.10.30-11.37.33:127][  0]LogTcpMessaging: Initializing TcpMessaging bridge
[2018.10.30-11.37.33:143][  0]LogUdpMessaging: Initializing bridge on interface 0.0.0.0:0 to multicast group 230.0.0.1:6666.
[2018.10.30-11.37.33:475][  0]SourceControl: 소스 컨트롤이 꺼졌습니다.
[2018.10.30-11.37.33:475][  0]SourceControl: 소스 컨트롤이 꺼졌습니다.
[2018.10.30-11.37.33:480][  0]SourceControl: 소스 컨트롤이 꺼졌습니다.
[2018.10.30-11.37.33:482][  0]SourceControl: 소스 컨트롤이 꺼졌습니다.
[2018.10.30-11.37.33:730][  0]LogAndroidPermission: UAndroidPermissionCallbackProxy::GetInstance
[2018.10.30-11.37.33:928][  0]LogOcInput: OculusInput pre-init called
[2018.10.30-11.37.34:018][  0]LogEngine: Initializing Engine...
[2018.10.30-11.37.34:019][  0]LogHMD: Failed to initialize OpenVR with code 110
[2018.10.30-11.37.34:021][  0]LogStats: UGameplayTagsManager::ConstructGameplayTagTree: ImportINI prefixes -  0.000 s
[2018.10.30-11.37.34:021][  0]LogStats: UGameplayTagsManager::ConstructGameplayTagTree: Construct from data asset -  0.000 s
[2018.10.30-11.37.34:021][  0]LogStats: UGameplayTagsManager::ConstructGameplayTagTree: ImportINI -  0.000 s
[2018.10.30-11.37.34:021][  0]LogStats: UGameplayTagsManager::ConstructGameplayTagTree: GameplayTagTreeChangedEvent.Broadcast -  0.000 s
[2018.10.30-11.37.34:320][  0]LogInit: Initializing FReadOnlyCVARCache
[2018.10.30-11.37.34:347][  0]LogAIModule: Creating AISystem for world Untitled
[2018.10.30-11.37.34:425][  0]LogInit: XAudio2 using '스피커(Realtek High Definition Audio)' : 2 channels at 48 kHz using 32 bits per sample (channel mask 0x3)
[2018.10.30-11.37.34:593][  0]LogInit: FAudioDevice initialized.
[2018.10.30-11.37.34:594][  0]LogNetVersion: Set ProjectVersion to 1.0.0.0. Version Checksum will be recalculated on next use.
[2018.10.30-11.37.34:675][  0]LogDerivedDataCache: Saved boot cache 0.08s 71MB C:/Users/Utsuho/AppData/Local/UnrealEngine/4.20/DerivedDataCache/Boot.ddc.
[2018.10.30-11.37.34:691][  0]LogInit: Texture streaming: Enabled
[2018.10.30-11.37.34:730][  0]LogEngineSessionManager: EngineSessionManager initialized
[2018.10.30-11.37.34:763][  0]LogInit: Transaction tracking system initialized
[2018.10.30-11.37.34:813][  0]BlueprintLog: New page: 에디터 로드
[2018.10.30-11.37.34:960][  0]LocalizationService: 현지화 서비스가 비활성화되었습니다.
[2018.10.30-11.37.35:372][  0]LogCook: Display: Max memory allowance for cook 16384mb min free memory 0mb
[2018.10.30-11.37.35:372][  0]LogCook: Display: Mobile HDR setting 1
[2018.10.30-11.37.35:372][  0]LogGameplayTags: Display: UGameplayTagsManager::DoneAddingNativeTags. DelegateIsBound: 0
[2018.10.30-11.37.35:372][  0]LogStats: UGameplayTagsManager::ConstructGameplayTagTree: ImportINI prefixes -  0.000 s
[2018.10.30-11.37.35:372][  0]LogStats: UGameplayTagsManager::ConstructGameplayTagTree: Construct from data asset -  0.000 s
[2018.10.30-11.37.35:373][  0]LogStats: UGameplayTagsManager::ConstructGameplayTagTree: ImportINI -  0.000 s
[2018.10.30-11.37.35:373][  0]LogStats: UGameplayTagsManager::ConstructGameplayTagTree: GameplayTagTreeChangedEvent.Broadcast -  0.000 s
[2018.10.30-11.37.35:648][  0]LogFileCache: Scanning file cache for directory 'C:/Users/Utsuho/Desktop/General/ProjectSpace/UE4STAG/FujiwaraBattleField/Content/' took 0.02s
[2018.10.30-11.37.35:648][  0]SourceControl: 소스 컨트롤이 꺼졌습니다.
[2018.10.30-11.37.35:648][  0]Cmd: MAP LOAD FILE="../../../../../../../Users/Utsuho/Desktop/General/ProjectSpace/UE4STAG/FujiwaraBattleField/Content/StarterContent/Maps/Minimal_Default.umap" TEMPLATE=0 SHOWPROGRESS=1 FEATURELEVEL=3
[2018.10.30-11.37.35:656][  0]LightingResults: New page: 라이팅 빌드
[2018.10.30-11.37.35:661][  0]MapCheck: New page: 맵 체크
[2018.10.30-11.37.35:661][  0]LightingResults: New page: 라이팅 빌드
[2018.10.30-11.37.36:553][  0]LogAIModule: Creating AISystem for world Minimal_Default
[2018.10.30-11.37.36:567][  0]LogEditorServer: Finished looking for orphan Actors (0.000 secs)
[2018.10.30-11.37.36:594][  0]Cmd: MAP CHECKDEP NOCLEARLOG
[2018.10.30-11.37.36:719][  0]MapCheck: 맵 체크 완료: 오류 0 회, 경고 0 회, 소요 시간 124.465ms.
[2018.10.30-11.37.36:719][  0]LogFileHelpers: Loading map 'Minimal_Default' took 1.071
[2018.10.30-11.37.36:885][  0]LogSlate: Updating window title bar state: overlay mode, drag disabled, window buttons hidden, title bar hidden
[2018.10.30-11.37.36:897][  0]LogSlate: Updating window title bar state: overlay mode, drag disabled, window buttons hidden, title bar hidden
[2018.10.30-11.37.36:909][  0]LogSlate: Updating window title bar state: overlay mode, drag disabled, window buttons hidden, title bar hidden
[2018.10.30-11.37.36:920][  0]LogSlate: Updating window title bar state: overlay mode, drag disabled, window buttons hidden, title bar hidden
[2018.10.30-11.37.36:933][  0]LogCollectionManager: Loaded 0 collections in 0.003042 seconds
[2018.10.30-11.37.36:980][  0]LogFileCache: Scanning file cache for directory 'C:/Users/Utsuho/Desktop/General/ProjectSpace/UE4STAG/FujiwaraBattleField/Saved/Collections/' took 0.01s
[2018.10.30-11.37.36:980][  0]LogFileCache: Scanning file cache for directory 'C:/Users/Utsuho/Desktop/General/ProjectSpace/UE4STAG/FujiwaraBattleField/Content/Developers/Utsuho/Collections/' took 0.01s
[2018.10.30-11.37.36:980][  0]LogFileCache: Scanning file cache for directory 'C:/Users/Utsuho/Desktop/General/ProjectSpace/UE4STAG/FujiwaraBattleField/Content/Collections/' took 0.01s
[2018.10.30-11.37.36:980][  0]LogCollectionManager: Rebuilt the GUID cache for 0 collections in 0.000000 seconds
[2018.10.30-11.37.36:994][  0]LogContentBrowser: Native class hierarchy populated in 0.0139 seconds. Added 2573 classes and 605 folders.
[2018.10.30-11.37.37:008][  0]LogContentBrowser: Native class hierarchy updated for 'WidgetCarousel' in 0.0004 seconds. Added 0 classes and 0 folders.
[2018.10.30-11.37.37:545][  0]LogContentBrowser: Native class hierarchy updated for 'AddContentDialog' in 0.0005 seconds. Added 0 classes and 0 folders.
[2018.10.30-11.37.37:553][  0]LogContentBrowser: Native class hierarchy updated for 'SceneOutliner' in 0.0004 seconds. Added 1 classes and 2 folders.
[2018.10.30-11.37.37:568][  0]LogContentBrowser: Native class hierarchy updated for 'WorldBrowser' in 0.0006 seconds. Added 2 classes and 3 folders.
[2018.10.30-11.37.37:669][  0]LogSlate: Took 0.010549 seconds to synchronously load lazily loaded font '../../../Engine/Content/Slate/Fonts/Roboto-Regular.ttf' (155K)
[2018.10.30-11.37.37:693][  0]LogSlate: Took 0.022646 seconds to synchronously load lazily loaded font '../../../Engine/Content/Editor/Slate/Fonts/NanumGothic.ttf' (4243K)
[2018.10.30-11.37.37:713][  0]LogSlate: Took 0.014838 seconds to synchronously load lazily loaded font '../../../Engine/Content/Editor/Slate/Fonts/NanumGothicBold.ttf' (4188K)
[2018.10.30-11.37.37:722][  0]LogSlate: Took 0.009107 seconds to synchronously load lazily loaded font '../../../Engine/Content/Slate/Fonts/Roboto-Bold.ttf' (160K)
[2018.10.30-11.37.37:736][  0]LogSlate: Took 0.009359 seconds to synchronously load lazily loaded font '../../../Engine/Content/Editor/Slate/Fonts/FontAwesome.ttf' (139K)
[2018.10.30-11.37.37:863][  0]LogRenderer: Reallocating scene render targets to support 1128x560 Format 10 NumSamples 1 (Frame:1).
[2018.10.30-11.37.38:070][  0]LogContentBrowser: Native class hierarchy updated for 'HierarchicalLODOutliner' in 0.0006 seconds. Added 0 classes and 0 folders.
[2018.10.30-11.37.38:070][  0]LogLoad: (Engine Initialization) Total time: 24.26 seconds
[2018.10.30-11.37.38:070][  0]LogLoad: (Engine Initialization) Total Blueprint compile time: 0.00 seconds
[2018.10.30-11.37.38:107][  0]LogContentStreaming: Texture pool size now 1000 MB
[2018.10.30-11.37.38:183][  1]LogAssetRegistry: Asset discovery search completed in 10.4788 seconds
[2018.10.30-11.37.38:186][  1]LogCollectionManager: Rebuilt the object cache for 0 collections in 0.000000 seconds (found 0 objects)
[2018.10.30-11.37.38:186][  1]LogCollectionManager: Fixed up redirectors for 0 collections in 0.000071 seconds (updated 0 objects)
[2018.10.30-11.37.42:188][422]LogSlate: Took 0.008450 seconds to synchronously load lazily loaded font '../../../Engine/Content/Slate/Fonts/Roboto-Light.ttf' (167K)
[2018.10.30-11.57.24:994][483]LogSlate: FSceneViewport::OnFocusLost() reason 0
[2018.10.30-11.57.35:239][285]LogSlate: Took 0.000322 seconds to synchronously load lazily loaded font '../../../Engine/Content/Slate/Fonts/Roboto-Light.ttf' (167K)
[2018.10.30-11.57.35:383][285]LogContentBrowser: Verbose: The majority of assets in the view are of type: Skeleton
[2018.10.30-11.57.40:070][285]LogContentBrowser: Verbose: The majority of assets in the view are of type: Skeleton
[2018.10.30-11.57.42:973][285]LogSlate: Window '메시지' being destroyed
[2018.10.30-11.57.45:459][285]LogSlate: Window '애니메이션 블루프린트 생성' being destroyed
[2018.10.30-11.57.46:310][325]LogAssetEditorManager: Opening Asset editor for AnimBlueprint /Game/Props/NewAnimBlueprint.NewAnimBlueprint
[2018.10.30-11.57.46:352][325]LogContentBrowser: Native class hierarchy updated for 'SkeletonEditor' in 0.0005 seconds. Added 1 classes and 2 folders.
[2018.10.30-11.57.46:699][325]LogActorComponent: RegisterComponentWithWorld: (/Engine/Transient.World_2:PersistentLevel.AnimationEditorPreviewActor_0.DebugSkelMeshComponent_0) Already registered. Aborting.
[2018.10.30-11.57.46:708][325]LogContentBrowser: Native class hierarchy updated for 'PinnedCommandList' in 0.0005 seconds. Added 1 classes and 0 folders.
[2018.10.30-11.57.47:321][325]LogContentBrowser: Native class hierarchy updated for 'BlueprintGraph' in 0.0009 seconds. Added 116 classes and 0 folders.
[2018.10.30-11.57.48:211][325]LogSkeletalMesh: USkeletalMeshComponent::InitArticulated : Bodies already created (/Engine/Transient.World_2:PersistentLevel.AnimationEditorPreviewActor_0.DebugSkelMeshComponent_0) - call TermArticulated first.
[2018.10.30-11.57.48:649][325]LogSlate: Took 0.007388 seconds to synchronously load lazily loaded font '../../../Engine/Content/Slate/Fonts/Roboto-BoldCondensed.ttf' (158K)
[2018.10.30-11.57.48:720][325]LogContentBrowser: Native class hierarchy updated for 'ClothingSystemEditorInterface' in 0.0004 seconds. Added 1 classes and 0 folders.
[2018.10.30-11.58.06:571][225]LogSlate: Took 0.007107 seconds to synchronously load lazily loaded font '../../../Engine/Content/Slate/Fonts/Roboto-Italic.ttf' (157K)
[2018.10.30-12.07.45:782][ 55]LogFileHelpers: Editor autosave (incl. sublevels) for '/Game/StarterContent/Maps/Minimal_Default' took 0.039
[2018.10.30-12.07.45:786][ 55]OBJ SavePackage: Generating thumbnails for [1] asset(s) in package [/Game/Props/NewAnimBlueprint] ([1] browsable assets)...
[2018.10.30-12.07.45:828][ 55]OBJ SavePackage:     Rendered thumbnail for [AnimBlueprint /Game/Props/NewAnimBlueprint.NewAnimBlueprint]
[2018.10.30-12.07.45:828][ 55]OBJ SavePackage: Finished generating thumbnails for package [/Game/Props/NewAnimBlueprint]
[2018.10.30-12.07.45:865][ 55]LogSavePackage: Moving '../../../../../../../Users/Utsuho/Desktop/General/ProjectSpace/UE4STAG/FujiwaraBattleField/Saved/NewAnimBlueprint_Auto1ED6B761E4C4D86004E2A1F950FB02169.tmp' to '../../../../../../../Users/Utsuho/Desktop/General/ProjectSpace/UE4STAG/FujiwaraBattleField/Saved/Autosaves/Game/Props/NewAnimBlueprint_Auto1.uasset'
[2018.10.30-12.07.45:867][ 55]LogFileHelpers: Auto-saving content packages took 0.085
[2018.10.30-13.06.13:138][798]LogSlate: Window 'NewAnimBlueprint*' being destroyed
[2018.10.30-13.06.13:159][798]LogSlate: Window 'NewAnimBlueprint*' being destroyed
[2018.10.30-13.06.16:836][840]LogSlate: Window '콘텐츠 저장' being destroyed
[2018.10.30-13.06.16:937][840]LogSlate: Window 'FujiwaraBattleField - 언리얼 에디터' being destroyed
[2018.10.30-13.06.17:257][841]Cmd: QUIT_EDITOR
[2018.10.30-13.06.17:317][841]LogWindowsTextInputMethodSystem: Display: IME system now activated using TSF (Microsoft 입력기).
[2018.10.30-13.06.17:343][841]LogExit: Preparing to exit.
[2018.10.30-13.06.18:213][841]LogExit: Editor shut down
[2018.10.30-13.06.18:215][841]LogExit: Transaction tracking system shut down
[2018.10.30-13.06.19:191][841]LogExit: Object subsystem successfully closed.
[2018.10.30-13.06.19:227][841]LogShaderCompilers: Display: Shaders left to compile 0
[2018.10.30-13.06.19:237][841]LogD3D11RHI: Shutdown
[2018.10.30-13.06.19:237][841]LogD3D11RHI: CleanupD3DDevice
[2018.10.30-13.06.19:245][841]LogD3D11RHI: ~FD3D11DynamicRHI
[2018.10.30-13.06.19:316][841]LogModuleManager: Shutting down and abandoning module ClothingSystemEditorInterface (624)
[2018.10.30-13.06.19:316][841]LogModuleManager: Shutting down and abandoning module BlueprintGraph (622)
[2018.10.30-13.06.19:316][841]LogModuleManager: Shutting down and abandoning module PinnedCommandList (620)
[2018.10.30-13.06.19:316][841]LogModuleManager: Shutting down and abandoning module SkeletonEditor (618)
[2018.10.30-13.06.19:316][841]LogModuleManager: Shutting down and abandoning module AnimationBlueprintEditor (616)
[2018.10.30-13.06.19:316][841]LogModuleManager: Shutting down and abandoning module HierarchicalLODOutliner (614)
[2018.10.30-13.06.19:316][841]LogModuleManager: Shutting down and abandoning module WorldBrowser (612)
[2018.10.30-13.06.19:317][841]LogModuleManager: Shutting down and abandoning module SceneOutliner (610)
[2018.10.30-13.06.19:317][841]LogModuleManager: Shutting down and abandoning module AddContentDialog (608)
[2018.10.30-13.06.19:322][841]LogModuleManager: Shutting down and abandoning module WidgetCarousel (607)
[2018.10.30-13.06.19:322][841]LogModuleManager: Shutting down and abandoning module EditorWidgets (604)
[2018.10.30-13.06.19:322][841]LogModuleManager: Shutting down and abandoning module CollectionManager (602)
[2018.10.30-13.06.19:323][841]LogModuleManager: Shutting down and abandoning module StatsViewer (600)
[2018.10.30-13.06.19:324][841]LogModuleManager: Shutting down and abandoning module FoliageEdit (598)
[2018.10.30-13.06.19:324][841]LogModuleManager: Shutting down and abandoning module LandscapeEditor (596)
[2018.10.30-13.06.19:325][841]LogModuleManager: Shutting down and abandoning module MeshPaintMode (594)
[2018.10.30-13.06.19:325][841]LogModuleManager: Shutting down and abandoning module SceneDepthPickerMode (592)
[2018.10.30-13.06.19:325][841]LogModuleManager: Shutting down and abandoning module ActorPickerMode (590)
[2018.10.30-13.06.19:326][841]LogModuleManager: Shutting down and abandoning module GeometryMode (588)
[2018.10.30-13.06.19:326][841]LogModuleManager: Shutting down and abandoning module TextureAlignMode (586)
[2018.10.30-13.06.19:326][841]LogModuleManager: Shutting down and abandoning module BspMode (584)
[2018.10.30-13.06.19:326][841]LogModuleManager: Shutting down and abandoning module PIEPreviewDeviceProfileSelector (582)
[2018.10.30-13.06.19:327][841]LogModuleManager: Shutting down and abandoning module SequenceRecorderSections (580)
[2018.10.30-13.06.19:327][841]LogModuleManager: Shutting down and abandoning module AutomationWorker (578)
[2018.10.30-13.06.19:327][841]LogModuleManager: Shutting down and abandoning module AudioCaptureEditor (576)
[2018.10.30-13.06.19:327][841]LogModuleManager: Shutting down and abandoning module SequenceRecorder (575)
[2018.10.30-13.06.19:327][841]LogModuleManager: Shutting down and abandoning module MatineeToLevelSequence (572)
[2018.10.30-13.06.19:328][841]LogModuleManager: Shutting down and abandoning module LevelSequenceEditor (570)
[2018.10.30-13.06.19:330][841]LogModuleManager: Shutting down and abandoning module PlacementMode (569)
[2018.10.30-13.06.19:330][841]LogModuleManager: Shutting down and abandoning module MaterialEditor (568)
[2018.10.30-13.06.19:331][841]LogModuleManager: Shutting down and abandoning module WmfMediaFactory (564)
[2018.10.30-13.06.19:331][841]LogModuleManager: Shutting down and abandoning module WmfMediaEditor (562)
[2018.10.30-13.06.19:331][841]LogModuleManager: Shutting down and abandoning module MediaPlayerEditor (560)
[2018.10.30-13.06.19:332][841]LogModuleManager: Shutting down and abandoning module OpenExrWrapper (558)
[2018.10.30-13.06.19:332][841]LogModuleManager: Shutting down and abandoning module ImgMediaFactory (556)
[2018.10.30-13.06.19:332][841]LogModuleManager: Shutting down and abandoning module ImgMediaEditor (554)
[2018.10.30-13.06.19:332][841]LogModuleManager: Shutting down and abandoning module AvfMediaFactory (552)
[2018.10.30-13.06.19:332][841]LogModuleManager: Shutting down and abandoning module AvfMediaEditor (550)
[2018.10.30-13.06.19:332][841]LogModuleManager: Shutting down and abandoning module AndroidMediaFactory (548)
[2018.10.30-13.06.19:332][841]LogModuleManager: Shutting down and abandoning module AndroidMediaEditor (546)
[2018.10.30-13.06.19:332][841]LogModuleManager: Shutting down and abandoning module MagicLeapCameraPreviewFactory (544)
[2018.10.30-13.06.19:332][841]LogModuleManager: Shutting down and abandoning module MagicLeapMediaFactory (542)
[2018.10.30-13.06.19:332][841]LogModuleManager: Shutting down and abandoning module MagicLeapMediaEditor (540)
[2018.10.30-13.06.19:332][841]LogModuleManager: Shutting down and abandoning module CharacterAI (538)
[2018.10.30-13.06.19:332][841]LogModuleManager: Shutting down and abandoning module SmartSnapping (536)
[2018.10.30-13.06.19:332][841]LogModuleManager: Shutting down and abandoning module SessionServices (534)
[2018.10.30-13.06.19:332][841]LogModuleManager: Shutting down and abandoning module ViewportSnapping (532)
[2018.10.30-13.06.19:332][841]LogModuleManager: Shutting down and abandoning module ViewportInteraction (530)
[2018.10.30-13.06.19:332][841]LogModuleManager: Shutting down and abandoning module ClothPainter (528)
[2018.10.30-13.06.19:333][841]LogModuleManager: Shutting down and abandoning module SkeletalMeshEditor (527)
[2018.10.30-13.06.19:334][841]LogModuleManager: Shutting down and abandoning module LogVisualizer (524)
[2018.10.30-13.06.19:335][841]LogModuleManager: Shutting down and abandoning module IntroTutorials (522)
[2018.10.30-13.06.19:336][841]LogModuleManager: Shutting down and abandoning module GameProjectGeneration (521)
[2018.10.30-13.06.19:336][841]LogModuleManager: Shutting down and abandoning module LuminPlatformEditor (518)
[2018.10.30-13.06.19:336][841]LogModuleManager: Shutting down and abandoning module IOSPlatformEditor (516)
[2018.10.30-13.06.19:337][841]LogModuleManager: Shutting down and abandoning module HTML5PlatformEditor (514)
[2018.10.30-13.06.19:337][841]LogModuleManager: Shutting down and abandoning module AndroidPlatformEditor (512)
[2018.10.30-13.06.19:337][841]LogModuleManager: Shutting down and abandoning module AndroidDeviceDetection (511)
[2018.10.30-13.06.19:509][841]LogModuleManager: Shutting down and abandoning module WindowsPlatformEditor (508)
[2018.10.30-13.06.19:509][841]LogModuleManager: Shutting down and abandoning module LuminRuntimeSettings (506)
[2018.10.30-13.06.19:509][841]LogModuleManager: Shutting down and abandoning module IOSRuntimeSettings (504)
[2018.10.30-13.06.19:509][841]LogModuleManager: Shutting down and abandoning module AndroidRuntimeSettings (502)
[2018.10.30-13.06.19:509][841]LogModuleManager: Shutting down and abandoning module InputBindingEditor (500)
[2018.10.30-13.06.19:510][841]LogModuleManager: Shutting down and abandoning module MergeActors (498)
[2018.10.30-13.06.19:510][841]LogModuleManager: Shutting down and abandoning module LocalizationDashboard (496)
[2018.10.30-13.06.19:511][841]LogModuleManager: Shutting down and abandoning module LocalizationService (495)
[2018.10.30-13.06.19:511][841]LogModuleManager: Shutting down and abandoning module HardwareTargeting (492)
[2018.10.30-13.06.19:511][841]LogModuleManager: Shutting down and abandoning module DeviceProfileEditor (490)
[2018.10.30-13.06.19:511][841]LogModuleManager: Shutting down and abandoning module UndoHistory (488)
[2018.10.30-13.06.19:512][841]LogModuleManager: Shutting down and abandoning module XmlParser (486)
[2018.10.30-13.06.19:512][841]LogModuleManager: Shutting down and abandoning module Blutility (484)
[2018.10.30-13.06.19:512][841]LogModuleManager: Shutting down and abandoning module ProjectSettingsViewer (482)
[2018.10.30-13.06.19:512][841]LogModuleManager: Shutting down and abandoning module ProjectTargetPlatformEditor (481)
[2018.10.30-13.06.19:512][841]LogModuleManager: Shutting down and abandoning module EditorSettingsViewer (478)
[2018.10.30-13.06.19:513][841]LogModuleManager: Shutting down and abandoning module SettingsEditor (476)
[2018.10.30-13.06.19:513][841]LogModuleManager: Shutting down and abandoning module ProjectLauncher (474)
[2018.10.30-13.06.19:514][841]LogModuleManager: Shutting down and abandoning module SessionFrontend (472)
[2018.10.30-13.06.19:514][841]LogModuleManager: Shutting down and abandoning module ProfilerClient (470)
[2018.10.30-13.06.19:514][841]LogModuleManager: Shutting down and abandoning module DeviceManager (468)
[2018.10.30-13.06.19:514][841]LogModuleManager: Shutting down and abandoning module TargetDeviceServices (467)
[2018.10.30-13.06.19:569][841]LogModuleManager: Shutting down and abandoning module AutomationController (464)
[2018.10.30-13.06.19:570][841]LogModuleManager: Shutting down and abandoning module AutomationWindow (462)
[2018.10.30-13.06.19:570][841]LogModuleManager: Shutting down and abandoning module Layers (460)
[2018.10.30-13.06.19:571][841]LogModuleManager: Shutting down and abandoning module ComponentVisualizers (458)
[2018.10.30-13.06.19:572][841]LogModuleManager: Shutting down and abandoning module DetailCustomizations (456)
[2018.10.30-13.06.19:572][841]LogModuleManager: Shutting down and abandoning module PackagesDialog (454)
[2018.10.30-13.06.19:573][841]LogModuleManager: Shutting down and abandoning module Persona (452)
[2018.10.30-13.06.19:573][841]LogModuleManager: Shutting down and abandoning module AdvancedPreviewScene (451)
[2018.10.30-13.06.19:573][841]LogModuleManager: Shutting down and abandoning module AnimGraph (449)
[2018.10.30-13.06.19:573][841]LogModuleManager: Shutting down and abandoning module Kismet (446)
[2018.10.30-13.06.19:585][841]LogModuleManager: Shutting down and abandoning module GraphEditor (444)
[2018.10.30-13.06.19:585][841]LogModuleManager: Shutting down and abandoning module ClassViewer (442)
[2018.10.30-13.06.19:588][841]LogModuleManager: Shutting down and abandoning module Toolbox (440)
[2018.10.30-13.06.19:588][841]LogModuleManager: Shutting down and abandoning module DesktopPlatform (439)
[2018.10.30-13.06.19:588][841]LogModuleManager: Shutting down and abandoning module ModuleUI (436)
[2018.10.30-13.06.19:589][841]LogModuleManager: Shutting down and abandoning module MovieSceneTools (434)
[2018.10.30-13.06.19:589][841]LogModuleManager: Shutting down and abandoning module OutputLog (432)
[2018.10.30-13.06.19:589][841]LogModuleManager: Shutting down and abandoning module GammaUI (430)
[2018.10.30-13.06.19:590][841]LogModuleManager: Shutting down and abandoning module Documentation (428)
[2018.10.30-13.06.19:590][841]LogModuleManager: Shutting down and abandoning module MovieSceneTracks (426)
[2018.10.30-13.06.19:591][841]LogModuleManager: Shutting down and abandoning module MovieScene (424)
[2018.10.30-13.06.19:591][841]LogModuleManager: Shutting down and abandoning module StreamingPauseRendering (422)
[2018.10.30-13.06.19:592][841]LogModuleManager: Shutting down and abandoning module LauncherPlatform (420)
[2018.10.30-13.06.19:592][841]LogModuleManager: Shutting down and abandoning module AnalyticsET (418)
[2018.10.30-13.06.19:592][841]LogModuleManager: Shutting down and abandoning module PortalServices (416)
[2018.10.30-13.06.19:592][841]LogModuleManager: Shutting down and abandoning module PortalRpc (414)
[2018.10.30-13.06.19:592][841]LogModuleManager: Shutting down and abandoning module MessagingRpc (412)
[2018.10.30-13.06.19:592][841]LogModuleManager: Shutting down and abandoning module AIModule (410)
[2018.10.30-13.06.19:593][841]LogModuleManager: Shutting down and abandoning module GameplayDebugger (409)
[2018.10.30-13.06.19:594][841]LogModuleManager: Shutting down and abandoning module AITestSuite (407)
[2018.10.30-13.06.19:594][841]LogModuleManager: Shutting down and abandoning module NavigationSystem (405)
[2018.10.30-13.06.19:594][841]LogModuleManager: Shutting down and abandoning module ProfilerService (402)
[2018.10.30-13.06.19:627][841]LogModuleManager: Shutting down and abandoning module TaskGraph (400)
[2018.10.30-13.06.19:628][841]LogModuleManager: Shutting down and abandoning module SteamVRController (398)
[2018.10.30-13.06.19:628][841]LogModuleManager: Shutting down and abandoning module ProceduralMeshComponentEditor (396)
[2018.10.30-13.06.19:628][841]LogModuleManager: Shutting down and abandoning module ProceduralMeshComponent (394)
[2018.10.30-13.06.19:628][841]LogModuleManager: Shutting down and abandoning module OculusInput (392)
[2018.10.30-13.06.19:628][841]LogModuleManager: Shutting down and abandoning module MobilePatchingUtils (390)
[2018.10.30-13.06.19:628][841]LogModuleManager: Shutting down and abandoning module EditableMesh (388)
[2018.10.30-13.06.19:629][841]LogModuleManager: Shutting down and abandoning module CustomMeshComponent (386)
[2018.10.30-13.06.19:629][841]LogModuleManager: Shutting down and abandoning module CableComponent (384)
[2018.10.30-13.06.19:629][841]LogModuleManager: Shutting down and abandoning module AudioCapture (382)
[2018.10.30-13.06.19:629][841]LogModuleManager: Shutting down and abandoning module ArchVisCharacter (380)
[2018.10.30-13.06.19:629][841]LogModuleManager: Shutting down and abandoning module AndroidPermission (378)
[2018.10.30-13.06.19:629][841]LogModuleManager: Shutting down and abandoning module NUTUnrealEngine4 (376)
[2018.10.30-13.06.19:629][841]LogModuleManager: Shutting down and abandoning module NetcodeUnitTest (374)
[2018.10.30-13.06.19:630][841]LogModuleManager: Shutting down and abandoning module MediaCompositingEditor (372)
[2018.10.30-13.06.19:630][841]LogModuleManager: Shutting down and abandoning module MediaCompositing (370)
[2018.10.30-13.06.19:630][841]LogModuleManager: Shutting down and abandoning module LinearTimecode (368)
[2018.10.30-13.06.19:630][841]LogModuleManager: Shutting down and abandoning module ImgMedia (366)
[2018.10.30-13.06.19:635][841]LogModuleManager: Shutting down and abandoning module HTML5Networking (364)
[2018.10.30-13.06.19:635][841]LogModuleManager: Shutting down and abandoning module GeometryCacheTracks (362)
[2018.10.30-13.06.19:635][841]LogModuleManager: Shutting down and abandoning module GeometryCacheSequencer (360)
[2018.10.30-13.06.19:635][841]LogModuleManager: Shutting down and abandoning module BackChannel (358)
[2018.10.30-13.06.19:636][841]LogModuleManager: Shutting down and abandoning module AppleVision (356)
[2018.10.30-13.06.19:636][841]LogModuleManager: Shutting down and abandoning module AppleImageUtils (354)
[2018.10.30-13.06.19:636][841]LogModuleManager: Shutting down and abandoning module AlembicImporter (352)
[2018.10.30-13.06.19:636][841]LogModuleManager: Shutting down and abandoning module AlembicLibrary (351)
[2018.10.30-13.06.19:636][841]LogModuleManager: Shutting down and abandoning module GeometryCache (350)
[2018.10.30-13.06.19:636][841]LogModuleManager: Shutting down and abandoning module GeometryCacheEd (349)
[2018.10.30-13.06.19:636][841]LogModuleManager: Shutting down and abandoning module DatasmithContentEditor (344)
[2018.10.30-13.06.19:636][841]LogModuleManager: Shutting down and abandoning module DatasmithContent (342)
[2018.10.30-13.06.19:637][841]LogModuleManager: Shutting down and abandoning module SpeedTreeImporter (340)
[2018.10.30-13.06.19:637][841]LogModuleManager: Shutting down and abandoning module PluginBrowser (338)
[2018.10.30-13.06.19:638][841]LogModuleManager: Shutting down and abandoning module MobileLauncherProfileWizard (336)
[2018.10.30-13.06.19:639][841]LogModuleManager: Shutting down and abandoning module PolygonModeling (334)
[2018.10.30-13.06.19:639][841]LogModuleManager: Shutting down and abandoning module MeshEditor (332)
[2018.10.30-13.06.19:639][841]LogModuleManager: Shutting down and abandoning module CryptoKeysOpenSSL (330)
[2018.10.30-13.06.19:639][841]LogModuleManager: Shutting down and abandoning module CryptoKeys (328)
[2018.10.30-13.06.19:639][841]LogModuleManager: Shutting down and abandoning module VisualStudioSourceCodeAccess (326)
[2018.10.30-13.06.19:639][841]LogModuleManager: Shutting down and abandoning module VisualStudioCodeSourceCodeAccess (324)
[2018.10.30-13.06.19:639][841]LogModuleManager: Shutting down and abandoning module UObjectPlugin (322)
[2018.10.30-13.06.19:639][841]LogModuleManager: Shutting down and abandoning module SubversionSourceControl (320)
[2018.10.30-13.06.19:640][841]LogModuleManager: Shutting down and abandoning module PerforceSourceControl (318)
[2018.10.30-13.06.19:641][841]LogModuleManager: Shutting down and abandoning module GitSourceControl (316)
[2018.10.30-13.06.19:642][841]LogModuleManager: Shutting down and abandoning module SourceControl (315)
[2018.10.30-13.06.19:642][841]LogModuleManager: Shutting down and abandoning module CLionSourceCodeAccess (312)
[2018.10.30-13.06.19:642][841]LogModuleManager: Shutting down and abandoning module LightPropagationVolumeEditor (310)
[2018.10.30-13.06.19:643][841]LogModuleManager: Shutting down and abandoning module PaperTiledImporter (308)
[2018.10.30-13.06.19:643][841]LogModuleManager: Shutting down and abandoning module PaperSpriteSheetImporter (306)
[2018.10.30-13.06.19:643][841]LogModuleManager: Shutting down and abandoning module Paper2DEditor (304)
[2018.10.30-13.06.19:644][841]LogModuleManager: Shutting down and abandoning module MeshPaint (303)
[2018.10.30-13.06.19:645][841]LogModuleManager: Shutting down and abandoning module FujiwaraBattleField (300)
[2018.10.30-13.06.19:645][841]LogModuleManager: Shutting down and abandoning module RuntimePhysXCooking (298)
[2018.10.30-13.06.19:645][841]LogModuleManager: Shutting down and abandoning module PhysXVehiclesEditor (296)
[2018.10.30-13.06.19:645][841]LogModuleManager: Shutting down and abandoning module PhysXVehicles (294)
[2018.10.30-13.06.19:645][841]LogModuleManager: Shutting down and abandoning module OculusEditor (292)
[2018.10.30-13.06.19:645][841]LogModuleManager: Shutting down and abandoning module LocationServicesBPLibrary (290)
[2018.10.30-13.06.19:645][841]LogModuleManager: Shutting down and abandoning module ImmediatePhysicsEditor (288)
[2018.10.30-13.06.19:645][841]LogModuleManager: Shutting down and abandoning module ImmediatePhysics (286)
[2018.10.30-13.06.19:646][841]LogModuleManager: Shutting down and abandoning module ActorSequence (284)
[2018.10.30-13.06.19:646][841]LogModuleManager: Shutting down and abandoning module UdpMessaging (282)
[2018.10.30-13.06.19:747][841]LogModuleManager: Shutting down and abandoning module TcpMessaging (280)
[2018.10.30-13.06.19:848][841]LogModuleManager: Shutting down and abandoning module MagicLeapAudio (278)
[2018.10.30-13.06.19:848][841]LogModuleManager: Shutting down and abandoning module GameplayTagsEditor (276)
[2018.10.30-13.06.19:849][841]LogModuleManager: Shutting down and abandoning module FacialAnimationEditor (274)
[2018.10.30-13.06.19:849][841]LogModuleManager: Shutting down and abandoning module FacialAnimation (272)
[2018.10.30-13.06.19:849][841]LogModuleManager: Shutting down and abandoning module DataValidation (270)
[2018.10.30-13.06.19:849][841]LogModuleManager: Shutting down and abandoning module AssetManagerEditor (268)
[2018.10.30-13.06.19:850][841]LogModuleManager: Shutting down and abandoning module LevelEditor (267)
[2018.10.30-13.06.19:853][841]LogModuleManager: Shutting down and abandoning module PixelInspectorModule (266)
[2018.10.30-13.06.19:853][841]LogModuleManager: Shutting down and abandoning module CommonMenuExtensions (264)
[2018.10.30-13.06.19:854][841]LogModuleManager: Shutting down and abandoning module MainFrame (262)
[2018.10.30-13.06.19:854][841]LogModuleManager: Shutting down and abandoning module HotReload (261)
[2018.10.30-13.06.19:855][841]LogModuleManager: Shutting down and abandoning module ContentBrowser (257)
[2018.10.30-13.06.19:859][841]LogModuleManager: Shutting down and abandoning module TreeMap (255)
[2018.10.30-13.06.19:860][841]LogModuleManager: Shutting down and abandoning module LightPropagationVolumeRuntime (252)
[2018.10.30-13.06.19:860][841]LogModuleManager: Shutting down and abandoning module AISupportModule (250)
[2018.10.30-13.06.19:860][841]LogModuleManager: Shutting down and abandoning module Paper2D (248)
[2018.10.30-13.06.19:860][841]LogModuleManager: Shutting down and abandoning module WindowsMoviePlayer (246)
[2018.10.30-13.06.19:861][841]LogModuleManager: Shutting down and abandoning module WmfMedia (244)
[2018.10.30-13.06.19:865][841]LogModuleManager: Shutting down and abandoning module Media (243)
[2018.10.30-13.06.19:872][841]LogModuleManager: Shutting down and abandoning module PacketHandler (240)
[2018.10.30-13.06.19:872][841]LogModuleManager: Shutting down and abandoning module ClothingSystemEditor (238)
[2018.10.30-13.06.19:872][841]LogModuleManager: Shutting down and abandoning module ClothingSystemRuntime (236)
[2018.10.30-13.06.19:872][841]LogModuleManager: Shutting down and abandoning module MediaAssets (234)
[2018.10.30-13.06.19:873][841]LogModuleManager: Shutting down and abandoning module Overlay (232)
[2018.10.30-13.06.19:873][841]LogModuleManager: Shutting down and abandoning module OverlayEditor (231)
[2018.10.30-13.06.19:873][841]LogModuleManager: Shutting down and abandoning module VREditor (228)
[2018.10.30-13.06.19:873][841]LogModuleManager: Shutting down and abandoning module StringTableEditor (226)
[2018.10.30-13.06.19:873][841]LogModuleManager: Shutting down and abandoning module GameplayTasksEditor (224)
[2018.10.30-13.06.19:873][841]LogModuleManager: Shutting down and abandoning module BehaviorTreeEditor (222)
[2018.10.30-13.06.19:875][841]LogModuleManager: Shutting down and abandoning module FunctionalTesting (220)
[2018.10.30-13.06.19:875][841]LogModuleManager: Shutting down and abandoning module CollisionAnalyzer (218)
[2018.10.30-13.06.19:876][841]LogModuleManager: Shutting down and abandoning module WorkspaceMenuStructure (217)
[2018.10.30-13.06.19:876][841]LogModuleManager: Shutting down and abandoning module UMG (214)
[2018.10.30-13.06.19:878][841]LogModuleManager: Shutting down and abandoning module UMGEditor (213)
[2018.10.30-13.06.19:879][841]LogModuleManager: Shutting down and abandoning module Sequencer (212)
[2018.10.30-13.06.19:881][841]LogModuleManager: Shutting down and abandoning module MessageLog (209)
[2018.10.30-13.06.19:881][841]LogModuleManager: Shutting down and abandoning module SlateReflector (204)
[2018.10.30-13.06.19:883][841]LogModuleManager: Shutting down and abandoning module Slate (202)
[2018.10.30-13.06.19:883][841]LogModuleManager: Shutting down and abandoning module EditorStyle (200)
[2018.10.30-13.06.19:887][841]LogModuleManager: Shutting down and abandoning module MRMesh (198)
[2018.10.30-13.06.19:887][841]LogModuleManager: Shutting down and abandoning module SourceCodeAccess (196)
[2018.10.30-13.06.19:887][841]LogModuleManager: Shutting down and abandoning module HeadMountedDisplay (194)
[2018.10.30-13.06.19:887][841]LogModuleManager: Shutting down and abandoning module XAudio2 (192)
[2018.10.30-13.06.19:887][841]LogModuleManager: Shutting down and abandoning module Networking (190)
[2018.10.30-13.06.19:887][841]LogModuleManager: Shutting down and abandoning module Core (188)
[2018.10.30-13.06.19:887][841]LogModuleManager: Shutting down and abandoning module LevelSequence (186)
[2018.10.30-13.06.19:887][841]LogModuleManager: Shutting down and abandoning module KismetCompiler (184)
[2018.10.30-13.06.19:887][841]LogModuleManager: Shutting down and abandoning module MeshUtilities (182)
[2018.10.30-13.06.19:888][841]LogModuleManager: Shutting down and abandoning module MeshMergeUtilities (181)
[2018.10.30-13.06.19:888][841]LogModuleManager: Shutting down and abandoning module MeshReductionInterface (180)
[2018.10.30-13.06.19:888][841]LogModuleManager: Shutting down and abandoning module SimplygonSwarm (179)
[2018.10.30-13.06.19:889][841]LogModuleManager: Shutting down and abandoning module ProxyLODMeshReduction (177)
[2018.10.30-13.06.19:889][841]LogModuleManager: Shutting down and abandoning module SimplygonMeshReduction (175)
[2018.10.30-13.06.19:889][841]LogModuleManager: Shutting down and abandoning module QuadricMeshReduction (173)
[2018.10.30-13.06.19:890][841]LogModuleManager: Shutting down and abandoning module MaterialBaking (169)
[2018.10.30-13.06.19:890][841]LogModuleManager: Shutting down and abandoning module DirectoryWatcher (165)
[2018.10.30-13.06.19:892][841]LogModuleManager: Shutting down and abandoning module DerivedDataCache (162)
[2018.10.30-13.06.19:975][841]LogDerivedDataCache: Shutdown
[2018.10.30-13.06.19:975][841]LogModuleManager: Shutting down and abandoning module XGEController (160)
[2018.10.30-13.06.19:976][841]LogModuleManager: Shutting down and abandoning module TargetPlatform (158)
[2018.10.30-13.06.19:977][841]LogModuleManager: Shutting down and abandoning module VulkanShaderFormat (157)
[2018.10.30-13.06.19:977][841]LogModuleManager: Shutting down and abandoning module ShaderFormatVectorVM (155)
[2018.10.30-13.06.19:977][841]LogModuleManager: Shutting down and abandoning module ShaderFormatOpenGL (153)
[2018.10.30-13.06.19:978][841]LogModuleManager: Shutting down and abandoning module ShaderFormatD3D (151)
[2018.10.30-13.06.19:978][841]LogModuleManager: Shutting down and abandoning module MetalShaderFormat (149)
[2018.10.30-13.06.19:978][841]LogModuleManager: Shutting down and abandoning module TextureFormatUncompressed (147)
[2018.10.30-13.06.19:978][841]LogModuleManager: Shutting down and abandoning module TextureFormatPVR (145)
[2018.10.30-13.06.19:978][841]LogModuleManager: Shutting down and abandoning module TextureFormatDXT (143)
[2018.10.30-13.06.19:979][841]LogModuleManager: Shutting down and abandoning module TextureFormatIntelISPCTexComp (141)
[2018.10.30-13.06.19:979][841]LogModuleManager: Shutting down and abandoning module TextureFormatASTC (139)
[2018.10.30-13.06.19:979][841]LogModuleManager: Shutting down and abandoning module ImageWrapper (138)
[2018.10.30-13.06.19:979][841]LogModuleManager: Shutting down and abandoning module TextureFormatAndroid (135)
[2018.10.30-13.06.19:979][841]LogModuleManager: Shutting down and abandoning module AudioFormatOpus (133)
[2018.10.30-13.06.19:979][841]LogModuleManager: Shutting down and abandoning module AudioFormatOgg (131)
[2018.10.30-13.06.19:979][841]LogModuleManager: Shutting down and abandoning module AudioFormatADPCM (129)
[2018.10.30-13.06.19:979][841]LogModuleManager: Shutting down and abandoning module LuminTargetPlatform (127)
[2018.10.30-13.06.19:979][841]LogModuleManager: Shutting down and abandoning module LinuxTargetPlatform (125)
[2018.10.30-13.06.19:980][841]LogModuleManager: Shutting down and abandoning module LinuxServerTargetPlatform (123)
[2018.10.30-13.06.19:980][841]LogModuleManager: Shutting down and abandoning module LinuxNoEditorTargetPlatform (121)
[2018.10.30-13.06.19:980][841]LogModuleManager: Shutting down and abandoning module LinuxClientTargetPlatform (119)
[2018.10.30-13.06.19:980][841]LogModuleManager: Shutting down and abandoning module TVOSTargetPlatform (117)
[2018.10.30-13.06.19:995][841]LogModuleManager: Shutting down and abandoning module Messaging (115)
[2018.10.30-13.06.19:995][841]LogModuleManager: Shutting down and abandoning module IOSTargetPlatform (113)
[2018.10.30-13.06.20:004][841]LogModuleManager: Shutting down and abandoning module HTML5TargetPlatform (111)
[2018.10.30-13.06.20:004][841]LogModuleManager: Shutting down and abandoning module AndroidTargetPlatform (109)
[2018.10.30-13.06.20:073][841]LogModuleManager: Shutting down and abandoning module WindowsTargetPlatform (107)
[2018.10.30-13.06.20:073][841]LogModuleManager: Shutting down and abandoning module WindowsServerTargetPlatform (105)
[2018.10.30-13.06.20:073][841]LogModuleManager: Shutting down and abandoning module WindowsNoEditorTargetPlatform (103)
[2018.10.30-13.06.20:073][841]LogModuleManager: Shutting down and abandoning module WindowsClientTargetPlatform (101)
[2018.10.30-13.06.20:073][841]LogModuleManager: Shutting down and abandoning module MacTargetPlatform (99)
[2018.10.30-13.06.20:073][841]LogModuleManager: Shutting down and abandoning module MacServerTargetPlatform (97)
[2018.10.30-13.06.20:073][841]LogModuleManager: Shutting down and abandoning module MacNoEditorTargetPlatform (95)
[2018.10.30-13.06.20:073][841]LogModuleManager: Shutting down and abandoning module MacClientTargetPlatform (93)
[2018.10.30-13.06.20:073][841]LogModuleManager: Shutting down and abandoning module AllDesktopTargetPlatform (91)
[2018.10.30-13.06.20:073][841]LogModuleManager: Shutting down and abandoning module InputCore (88)
[2018.10.30-13.06.20:073][841]LogModuleManager: Shutting down and abandoning module Settings (86)
[2018.10.30-13.06.20:074][841]LogModuleManager: Shutting down and abandoning module PhysXCooking (84)
[2018.10.30-13.06.20:074][841]LogModuleManager: Shutting down and abandoning module SteamVR (82)
[2018.10.30-13.06.20:074][841]LogModuleManager: Shutting down and abandoning module OculusHMD (80)
[2018.10.30-13.06.20:074][841]LogModuleManager: Shutting down and abandoning module ExampleDeviceProfileSelector (78)
[2018.10.30-13.06.20:074][841]LogModuleManager: Shutting down and abandoning module LauncherChunkInstaller (76)
[2018.10.30-13.06.20:074][841]LogModuleManager: Shutting down and abandoning module OnlineBlueprintSupport (74)
[2018.10.30-13.06.20:074][841]LogModuleManager: Shutting down and abandoning module OnlineSubsystem (70)
[2018.10.30-13.06.20:076][841]LogModuleManager: Shutting down and abandoning module XMPP (65)
[2018.10.30-13.06.20:079][841]LogModuleManager: Shutting down and abandoning module WebSockets (64)
[2018.10.30-13.06.20:103][841]LogModuleManager: Shutting down and abandoning module HTTP (61)
[2018.10.30-13.06.20:103][841]LogHttp: Display: Http module shutting down, but needs to wait on 1 outstanding Http requests:
[2018.10.30-13.06.20:103][841]LogHttp: Display: 	verb=[POST] url=[https://datarouter.ol.epicgames.com/datarouter/api/v1/public/data?SessionID=%7B037E02D7-4C80-E70E-DDD5-C694DD200993%7D&AppID=UEEditor.Rocket.Release&AppVersion=4.20.3-4369336%2B%2B%2BUE4%2BRelease-4.20&UserID=1e51e6584cfdab19cc033a923e4d2e37%7Cf20972f491e24565a030c6afa01aa409%7C36b8a828-7a73-4478-a859-aadf467041c6&AppEnvironment=datacollector-binary&UploadType=eteventstream] status=Processing
[2018.10.30-13.06.20:114][841]LogModuleManager: Shutting down and abandoning module SSL (60)
[2018.10.30-13.06.20:117][841]LogModuleManager: Shutting down and abandoning module MagicLeapEmulator (56)
[2018.10.30-13.06.20:117][841]LogModuleManager: Shutting down and abandoning module MagicLeapPrivileges (54)
[2018.10.30-13.06.20:117][841]LogModuleManager: Shutting down and abandoning module MagicLeapIdentity (52)
[2018.10.30-13.06.20:117][841]LogModuleManager: Shutting down and abandoning module MagicLeapHelperVulkan (50)
[2018.10.30-13.06.20:117][841]LogModuleManager: Shutting down and abandoning module MagicLeapHelperOpenGL (48)
[2018.10.30-13.06.20:117][841]LogModuleManager: Shutting down and abandoning module MagicLeapSecureStorage (46)
[2018.10.30-13.06.20:117][841]LogModuleManager: Shutting down and abandoning module MagicLeapGestures (44)
[2018.10.30-13.06.20:117][841]LogModuleManager: Shutting down and abandoning module MagicLeapEyeTracker (42)
[2018.10.30-13.06.20:117][841]LogModuleManager: Shutting down and abandoning module MagicLeapController (40)
[2018.10.30-13.06.20:118][841]LogSlate: Slate User Destroyed.  User Index 0, Is Virtual User: 0
[2018.10.30-13.06.20:118][841]LogModuleManager: Shutting down and abandoning module MagicLeap (38)
[2018.10.30-13.06.20:118][841]LogModuleManager: Shutting down and abandoning module AnimationModifiers (36)
[2018.10.30-13.06.20:119][841]LogModuleManager: Shutting down and abandoning module PropertyEditor (35)
[2018.10.30-13.06.20:119][841]LogModuleManager: Shutting down and abandoning module AudioEditor (32)
[2018.10.30-13.06.20:120][841]LogModuleManager: Shutting down and abandoning module TextureCompressor (30)
[2018.10.30-13.06.20:121][841]LogModuleManager: Shutting down and abandoning module ShaderCore (28)
[2018.10.30-13.06.20:121][841]LogModuleManager: Shutting down and abandoning module Landscape (26)
[2018.10.30-13.06.20:121][841]LogModuleManager: Shutting down and abandoning module SlateRHIRenderer (24)
[2018.10.30-13.06.20:124][841]LogModuleManager: Shutting down and abandoning module OpenGLDrv (22)
[2018.10.30-13.06.20:124][841]LogModuleManager: Shutting down and abandoning module D3D11RHI (20)
[2018.10.30-13.06.20:124][841]LogModuleManager: Shutting down and abandoning module AnimGraphRuntime (18)
[2018.10.30-13.06.20:124][841]LogModuleManager: Shutting down and abandoning module Renderer (16)
[2018.10.30-13.06.20:125][841]LogModuleManager: Shutting down and abandoning module Engine (14)
[2018.10.30-13.06.20:125][841]LogModuleManager: Shutting down and abandoning module CoreUObject (12)
[2018.10.30-13.06.20:125][841]LogModuleManager: Shutting down and abandoning module NetworkFile (10)
[2018.10.30-13.06.20:125][841]LogModuleManager: Shutting down and abandoning module CookedIterativeFile (8)
[2018.10.30-13.06.20:125][841]LogModuleManager: Shutting down and abandoning module StreamingFile (6)
[2018.10.30-13.06.20:125][841]LogModuleManager: Shutting down and abandoning module SandboxFile (4)
[2018.10.30-13.06.20:125][841]LogModuleManager: Shutting down and abandoning module PakFile (2)
[2018.10.30-13.06.20:137][841]LogExit: Exiting.
[2018.10.30-13.06.20:170][841]Log file closed, 10/30/18 22:06:20
