Log file open, 12/26/18 14:23:26
LogWindows: Failed to load 'aqProf.dll' (GetLastError=126)
LogWindows: File 'aqProf.dll' does not exist
LogWindows: Failed to load 'VSPerf140.dll' (GetLastError=126)
LogWindows: File 'VSPerf140.dll' does not exist
LogWindows: Failed to load 'VtuneApi.dll' (GetLastError=126)
LogWindows: File 'VtuneApi.dll' does not exist
LogWindows: Failed to load 'VtuneApi32e.dll' (GetLastError=126)
LogWindows: File 'VtuneApi32e.dll' does not exist
LogInit: Display: Running engine for game: FujiwaraBattleField
LogPlatformFile: Not using cached read wrapper
LogTaskGraph: Started task graph with 5 named threads and 23 total threads with 3 sets of task threads.
LogStats: Stats thread started at 0.409569
LogD3D11RHI: Loaded GFSDK_Aftermath_Lib.x64.dll
LogICUInternationalization: Display: ICU TimeZone Detection - Raw Offset: +9:00, Platform Override: ''
LogPluginManager: Mounting plugin Paper2D
LogPluginManager: Mounting plugin AISupport
LogPluginManager: Mounting plugin LightPropagationVolume
LogPluginManager: Mounting plugin CLionSourceCodeAccess
LogPluginManager: Mounting plugin CodeLiteSourceCodeAccess
LogPluginManager: Mounting plugin GitSourceControl
LogPluginManager: Mounting plugin KDevelopSourceCodeAccess
LogPluginManager: Mounting plugin NullSourceCodeAccess
LogPluginManager: Mounting plugin PerforceSourceControl
LogPluginManager: Mounting plugin SubversionSourceControl
LogPluginManager: Mounting plugin UObjectPlugin
LogPluginManager: Mounting plugin VisualStudioCodeSourceCodeAccess
LogPluginManager: Mounting plugin VisualStudioSourceCodeAccess
LogPluginManager: Mounting plugin XCodeSourceCodeAccess
LogPluginManager: Mounting plugin AssetManagerEditor
LogPluginManager: Mounting plugin CryptoKeys
LogPluginManager: Mounting plugin DataValidation
LogPluginManager: Mounting plugin FacialAnimation
LogPluginManager: Mounting plugin GameplayTagsEditor
LogPluginManager: Mounting plugin MacGraphicsSwitching
LogPluginManager: Mounting plugin MeshEditor
LogPluginManager: Mounting plugin MobileLauncherProfileWizard
LogPluginManager: Mounting plugin PluginBrowser
LogPluginManager: Mounting plugin SpeedTreeImporter
LogPluginManager: Mounting plugin DatasmithContent
LogPluginManager: Mounting plugin AlembicImporter
LogPluginManager: Mounting plugin AppleImageUtils
LogPluginManager: Mounting plugin AppleVision
LogPluginManager: Mounting plugin BackChannel
LogPluginManager: Mounting plugin CharacterAI
LogPluginManager: Mounting plugin GeometryCache
LogPluginManager: Mounting plugin HTML5Networking
LogPluginManager: Mounting plugin ProxyLODPlugin
LogPluginManager: Mounting plugin MagicLeap
LogPluginManager: Mounting plugin MagicLeapEmulator
LogPluginManager: Mounting plugin MagicLeapMedia
LogPluginManager: Mounting plugin AndroidMedia
LogPluginManager: Mounting plugin AvfMedia
LogPluginManager: Mounting plugin ImgMedia
LogPluginManager: Mounting plugin LinearTimecode
LogPluginManager: Mounting plugin MediaCompositing
LogPluginManager: Mounting plugin MediaPlayerEditor
LogPluginManager: Mounting plugin WmfMedia
LogPluginManager: Mounting plugin TcpMessaging
LogPluginManager: Mounting plugin UdpMessaging
LogPluginManager: Mounting plugin ActorSequence
LogPluginManager: Mounting plugin LevelSequenceEditor
LogPluginManager: Mounting plugin MatineeToLevelSequence
LogPluginManager: Mounting plugin NetcodeUnitTest
LogPluginManager: Mounting plugin NUTUnrealEngine4
LogPluginManager: Mounting plugin OnlineSubsystemGooglePlay
LogPluginManager: Mounting plugin OnlineSubsystemIOS
LogPluginManager: Mounting plugin OnlineSubsystem
LogPluginManager: Mounting plugin OnlineSubsystemNull
LogPluginManager: Mounting plugin OnlineSubsystemUtils
LogPluginManager: Mounting plugin LauncherChunkInstaller
LogPluginManager: Mounting plugin AndroidDeviceProfileSelector
LogPluginManager: Mounting plugin AndroidMoviePlayer
LogPluginManager: Mounting plugin AndroidPermission
LogPluginManager: Mounting plugin AppleMoviePlayer
LogPluginManager: Mounting plugin ArchVisCharacter
LogPluginManager: Mounting plugin AudioCapture
LogPluginManager: Mounting plugin CableComponent
LogPluginManager: Mounting plugin CustomMeshComponent
LogPluginManager: Mounting plugin EditableMesh
LogPluginManager: Mounting plugin ExampleDeviceProfileSelector
LogPluginManager: Mounting plugin GoogleCloudMessaging
LogPluginManager: Mounting plugin ImmediatePhysics
LogPluginManager: Mounting plugin IOSDeviceProfileSelector
LogPluginManager: Mounting plugin LinuxDeviceProfileSelector
LogPluginManager: Mounting plugin LocationServicesBPLibrary
LogPluginManager: Mounting plugin MobilePatchingUtils
LogPluginManager: Mounting plugin OculusVR
LogPluginManager: Plugin shader directory ../../../Engine/Plugins/Runtime/Oculus/OculusVR/Shaders found
LogPluginManager: Mapping shader source directory ../../../Engine/Plugins/Runtime/Oculus/OculusVR/Shaders to virtual directory /Plugin/OculusVR
LogPluginManager: Mounting plugin PhysXVehicles
LogPluginManager: Mounting plugin ProceduralMeshComponent
LogPluginManager: Mounting plugin RuntimePhysXCooking
LogPluginManager: Mounting plugin SteamVR
LogPluginManager: Mounting plugin WindowsMoviePlayer
LogStreaming: Display: Took  0.493s to configure plugins.
LogInit: Using libcurl 7.55.1-DEV
LogInit:  - built for x86_64-pc-win32
LogInit:  - supports SSL with OpenSSL/1.0.2h
LogInit:  - supports HTTP deflate (compression) using libz 1.2.8
LogInit:  - other features:
LogInit:      CURL_VERSION_SSL
LogInit:      CURL_VERSION_LIBZ
LogInit:      CURL_VERSION_IPV6
LogInit:      CURL_VERSION_ASYNCHDNS
LogInit:      CURL_VERSION_LARGEFILE
LogInit:      CURL_VERSION_IDN
LogInit:  CurlRequestOptions (configurable via config and command line):
LogInit:  - bVerifyPeer = false  - Libcurl will NOT verify peer certificate
LogInit:  - bUseHttpProxy = false  - Libcurl will NOT use HTTP proxy
LogInit:  - bDontReuseConnections = false  - Libcurl will reuse connections
LogInit:  - CertBundlePath = nullptr  - Libcurl will use whatever was configured at build time.
LogInit:  - MaxHostConnections = 16  - Libcurl will limit the number of connections to a host
LogInit:  - LocalHostAddr = Default
LogInit:  - BufferSize = 65536
LogInit: WinSock: version 1.1 (2.2), MaxSocks=32767, MaxUdp=65467
LogInit: Build: ++UE4+Release-4.20-CL-4369336
LogInit: Engine Version: 4.20.3-4369336+++UE4+Release-4.20
LogInit: Compatible Engine Version: 4.20.0-4212847+++UE4+Release-4.20
LogInit: Net CL: 4212847
LogInit: OS: Windows 10 (), CPU: Intel(R) Core(TM) i7-6700HQ CPU @ 2.60GHz, GPU: Intel(R) HD Graphics 530
LogInit: Compiled (64-bit): Sep 17 2018 12:26:19
LogInit: Compiled with Visual C++: 19.13.26129.00
LogInit: Build Configuration: Development
LogInit: Branch Name: ++UE4+Release-4.20
LogInit: Command Line:  
LogInit: Base Directory: C:/Program Files (x86)/~Game/Epic Games/UE_4.20/Engine/Binaries/Win64/
LogInit: Installed Engine Build: 1
LogDevObjectVersion: Number of dev versions registered: 20
LogDevObjectVersion:   Dev-Blueprints (B0D832E4-1F89-4F0D-ACCF-7EB736FD4AA2): 10
LogDevObjectVersion:   Dev-Build (E1C64328-A22C-4D53-A36C-8E866417BD8C): 0
LogDevObjectVersion:   Dev-Core (375EC13C-06E4-48FB-B500-84F0262A717E): 2
LogDevObjectVersion:   Dev-Editor (E4B068ED-F494-42E9-A231-DA0B2E46BB41): 24
LogDevObjectVersion:   Dev-Framework (CFFC743F-43B0-4480-9391-14DF171D2073): 34
LogDevObjectVersion:   Dev-Mobile (B02B49B5-BB20-44E9-A304-32B752E40360): 2
LogDevObjectVersion:   Dev-Networking (A4E4105C-59A1-49B5-A7C5-40C4547EDFEE): 0
LogDevObjectVersion:   Dev-Online (39C831C9-5AE6-47DC-9A44-9C173E1C8E7C): 0
LogDevObjectVersion:   Dev-Physics (78F01B33-EBEA-4F98-B9B4-84EACCB95AA2): 0
LogDevObjectVersion:   Dev-Platform (6631380F-2D4D-43E0-8009-CF276956A95A): 0
LogDevObjectVersion:   Dev-Rendering (12F88B9F-8875-4AFC-A67C-D90C383ABD29): 26
LogDevObjectVersion:   Dev-Sequencer (7B5AE74C-D270-4C10-A958-57980B212A5A): 9
LogDevObjectVersion:   Dev-VR (D7296918-1DD6-4BDD-9DE2-64A83CC13884): 2
LogDevObjectVersion:   Dev-LoadTimes (C2A15278-BFE7-4AFE-6C17-90FF531DF755): 1
LogDevObjectVersion:   Private-Geometry (6EACA3D4-40EC-4CC1-B786-8BED09428FC5): 3
LogDevObjectVersion:   Dev-AnimPhys (29E575DD-E0A3-4627-9D10-D276232CDCEA): 17
LogDevObjectVersion:   Dev-ReflectionCapture (6B266CEC-1EC7-4B8F-A30B-E4D90942FC07): 1
LogDevObjectVersion:   Dev-Automation (0DF73D61-A23F-47EA-B727-89E90C41499A): 1
LogDevObjectVersion:   FortniteMain (601D1886-AC64-4F84-AA16-D3DE0DEAC7D6): 12
LogDevObjectVersion:   Dev-Enterprise (9DFFBCD6-494F-0158-E221-12823C92A888): 1
LogStreaming: Display: Took  0.020s to delete old logs.
LogInit: Presizing for max 8388607 objects, including 0 objects not considered by GC, pre-allocating 0 bytes for permanent pool.
LogInit: Object subsystem initialized
[2018.12.26-05.23.27:480][  0]LogInit: Selected Device Profile: [Windows]
[2018.12.26-05.23.27:480][  0]LogInit: Applying CVar settings loaded from the selected device profile: [Windows]
[2018.12.26-05.23.27:551][  0]LogHAL: Display: Platform has ~ 8 GB [8393322496 / 8589934592 / 8], which maps to Default [LargestMinGB=32, LargerMinGB=12, DefaultMinGB=8, SmallerMinGB=6, SmallestMinGB=0)
[2018.12.26-05.23.27:551][  0]LogInit: Setting Device Profile CVar: [[r.Vulkan.UseRealUBs:1]]
[2018.12.26-05.23.27:551][  0]LogInit: Going up to parent DeviceProfile []
[2018.12.26-05.23.27:552][  0]LogInit: Computer: DESKTOP-33J3PSK
[2018.12.26-05.23.27:552][  0]LogInit: User: Utsuho
[2018.12.26-05.23.27:552][  0]LogInit: CPU Page size=4096, Cores=4
[2018.12.26-05.23.27:552][  0]LogInit: High frequency timer resolution =2.531249 MHz
[2018.12.26-05.23.27:553][  0]LogMemory: Memory total: Physical=7.8GB (8GB approx)
[2018.12.26-05.23.27:553][  0]LogMemory: Platform Memory Stats for Windows
[2018.12.26-05.23.27:553][  0]LogMemory: Process Physical Memory: 101.76 MB used, 101.76 MB peak
[2018.12.26-05.23.27:553][  0]LogMemory: Process Virtual Memory: 90.45 MB used, 90.45 MB peak
[2018.12.26-05.23.27:553][  0]LogMemory: Physical Memory: 6266.37 MB used,  1738.13 MB free, 8004.50 MB total
[2018.12.26-05.23.27:553][  0]LogMemory: Virtual Memory: 4644.86 MB used,  1738.13 MB free, 134217728.00 MB total
[2018.12.26-05.23.27:680][  0]LogInit: Using OS detected language (ko-KR).
[2018.12.26-05.23.27:680][  0]LogInit: Using OS detected locale (ko-KR).
[2018.12.26-05.23.27:683][  0]LogTextLocalizationManager: No specific localization for 'ko-KR' exists, so the 'ko' localization will be used.
[2018.12.26-05.23.28:799][  0]LogStreaming: Display: Took  1.119s to InitEngineTextLocalization.
[2018.12.26-05.23.28:800][  0]LogInit: Setting process to per monitor DPI aware
[2018.12.26-05.23.29:022][  0]LogSlate: New Slate User Created.  User Index 0, Is Virtual User: 0
[2018.12.26-05.23.29:022][  0]LogSlate: Slate User Registered.  User Index 0, Is Virtual User: 0
[2018.12.26-05.23.29:915][  0]LogHMD: Failed to initialize OpenVR with code 110
[2018.12.26-05.23.29:915][  0]LogD3D11RHI: D3D11 adapters:
[2018.12.26-05.23.29:951][  0]LogD3D11RHI:    0. 'Intel(R) HD Graphics 530' (Feature Level 11_0)
[2018.12.26-05.23.29:951][  0]LogD3D11RHI:       128/0/4002 MB DedicatedVideo/DedicatedSystem/SharedSystem, Outputs:1, VendorId:0x8086
[2018.12.26-05.23.30:050][  0]LogD3D11RHI:    1. 'NVIDIA GeForce GTX 960M' (Feature Level 11_0)
[2018.12.26-05.23.30:051][  0]LogD3D11RHI:       1993/0/4002 MB DedicatedVideo/DedicatedSystem/SharedSystem, Outputs:0, VendorId:0x10de
[2018.12.26-05.23.30:060][  0]LogD3D11RHI:    2. 'Microsoft Basic Render Driver' (Feature Level 11_0)
[2018.12.26-05.23.30:060][  0]LogD3D11RHI:       0/0/4002 MB DedicatedVideo/DedicatedSystem/SharedSystem, Outputs:0, VendorId:0x1414
[2018.12.26-05.23.30:060][  0]LogD3D11RHI: Chosen D3D11 Adapter: 1
[2018.12.26-05.23.30:111][  0]LogD3D11RHI: Creating new Direct3DDevice
[2018.12.26-05.23.30:111][  0]LogD3D11RHI:     GPU DeviceId: 0x139b (for the marketing name, search the web for "GPU Device Id")
[2018.12.26-05.23.30:111][  0]LogWindows: EnumDisplayDevices:
[2018.12.26-05.23.30:112][  0]LogWindows:    0. 'Intel(R) HD Graphics 530' (P:1 D:1)
[2018.12.26-05.23.30:115][  0]LogWindows:    1. 'Intel(R) HD Graphics 530' (P:0 D:0)
[2018.12.26-05.23.30:117][  0]LogWindows:    2. 'Intel(R) HD Graphics 530' (P:0 D:0)
[2018.12.26-05.23.30:120][  0]LogWindows:    3. 'NVIDIA GeForce GTX 960M' (P:0 D:0)
[2018.12.26-05.23.30:122][  0]LogWindows:    4. 'NVIDIA GeForce GTX 960M' (P:0 D:0)
[2018.12.26-05.23.30:125][  0]LogWindows:    5. 'NVIDIA GeForce GTX 960M' (P:0 D:0)
[2018.12.26-05.23.30:127][  0]LogWindows:    6. 'NVIDIA GeForce GTX 960M' (P:0 D:0)
[2018.12.26-05.23.30:130][  0]LogWindows:    7. 'Mirage Driver' (P:0 D:0)
[2018.12.26-05.23.30:132][  0]LogWindows: DebugString: PrimaryIsNotTheChoosenAdapter PrimaryIsNotTheChoosenAdapter PrimaryIsNotTheChoosenAdapter GetVideoDriverDetailsInvalid PrimaryIsNotTheChoosenAdapter FoundDriverCount:4 
[2018.12.26-05.23.30:132][  0]LogD3D11RHI:     Adapter Name: NVIDIA GeForce GTX 960M
[2018.12.26-05.23.30:132][  0]LogD3D11RHI:   Driver Version: 353.54 (internal:10.18.13.5354, unified:353.54)
[2018.12.26-05.23.30:132][  0]LogD3D11RHI:      Driver Date: 7-13-2015
[2018.12.26-05.23.30:132][  0]LogRHI: Texture pool is 1395 MB (70% of 1993 MB)
[2018.12.26-05.23.30:185][  0]LogD3D11RHI: NvAPI_D3D_GetCurrentSLIState failed: 0xfffffff7
[2018.12.26-05.23.30:185][  0]LogD3D11RHI: Async texture creation enabled
[2018.12.26-05.23.30:208][  0]LogD3D11RHI: GPU Timing Frequency: 1000.000000 (Debug: 2 1)
[2018.12.26-05.23.30:211][  0]LogShaderCompilers: Guid format shader working directory is -44 characters bigger than the processId version (../../../../../../../Users/Utsuho/Desktop/General/ProjectSpace/UE4STAG/FujiwaraBattleField/Intermediate/Shaders/WorkingDirectory/96424/).
[2018.12.26-05.23.30:211][  0]LogShaderCompilers: Cleaned the shader compiler working directory 'C:/Users/Utsuho/AppData/Local/Temp/UnrealShaderWorkingDir/30A1B74940AC09E4CCF49FBAF8AC0F70/'.
[2018.12.26-05.23.31:642][  0]LogTemp: Display: Loaded TP AllDesktopTargetPlatform
[2018.12.26-05.23.31:688][  0]LogTemp: Display: Loaded TP MacClientTargetPlatform
[2018.12.26-05.23.31:732][  0]LogTemp: Display: Loaded TP MacNoEditorTargetPlatform
[2018.12.26-05.23.31:769][  0]LogTemp: Display: Loaded TP MacServerTargetPlatform
[2018.12.26-05.23.31:812][  0]LogTemp: Display: Loaded TP MacTargetPlatform
[2018.12.26-05.23.31:851][  0]LogTemp: Display: Loaded TP WindowsClientTargetPlatform
[2018.12.26-05.23.31:890][  0]LogTemp: Display: Loaded TP WindowsNoEditorTargetPlatform
[2018.12.26-05.23.31:928][  0]LogTemp: Display: Loaded TP WindowsServerTargetPlatform
[2018.12.26-05.23.31:952][  0]LogTemp: Display: Loaded TP WindowsTargetPlatform
[2018.12.26-05.23.32:145][  0]LogTemp: Display: Loaded TP AndroidTargetPlatform
[2018.12.26-05.23.32:145][  0]LogTemp: Display: Loaded TP AndroidTargetPlatform
[2018.12.26-05.23.32:145][  0]LogTemp: Display: Loaded TP AndroidTargetPlatform
[2018.12.26-05.23.32:145][  0]LogTemp: Display: Loaded TP AndroidTargetPlatform
[2018.12.26-05.23.32:145][  0]LogTemp: Display: Loaded TP AndroidTargetPlatform
[2018.12.26-05.23.32:145][  0]LogTemp: Display: Loaded TP AndroidTargetPlatform
[2018.12.26-05.23.32:145][  0]LogTemp: Display: Loaded TP AndroidTargetPlatform
[2018.12.26-05.23.32:145][  0]LogTemp: Display: Loaded TP AndroidTargetPlatform
[2018.12.26-05.23.32:145][  0]LogTemp: Display: Loaded TP AndroidTargetPlatform
[2018.12.26-05.23.32:145][  0]LogTemp: Display: Loaded TP AndroidTargetPlatform
[2018.12.26-05.23.32:145][  0]LogTemp: Display: Loaded TP AndroidTargetPlatform
[2018.12.26-05.23.32:145][  0]LogTemp: Display: Loaded TP AndroidTargetPlatform
[2018.12.26-05.23.32:145][  0]LogTemp: Display: Loaded TP AndroidTargetPlatform
[2018.12.26-05.23.32:145][  0]LogTemp: Display: Loaded TP AndroidTargetPlatform
[2018.12.26-05.23.32:145][  0]LogTemp: Display: Loaded TP AndroidTargetPlatform
[2018.12.26-05.23.32:145][  0]LogTemp: Display: Loaded TP AndroidTargetPlatform
[2018.12.26-05.23.32:145][  0]LogTemp: Display: Loaded TP AndroidTargetPlatform
[2018.12.26-05.23.32:145][  0]LogTemp: Display: Loaded TP AndroidTargetPlatform
[2018.12.26-05.23.32:151][  0]LogTemp: Display: Loaded TP HTML5TargetPlatform
[2018.12.26-05.23.32:261][  0]LogTemp: Display: Loaded TP IOSTargetPlatform
[2018.12.26-05.23.32:261][  0]LogTemp: Display: Loaded TP IOSTargetPlatform
[2018.12.26-05.23.32:334][  0]LogTemp: Display: Loaded TP TVOSTargetPlatform
[2018.12.26-05.23.32:334][  0]LogTemp: Display: Loaded TP TVOSTargetPlatform
[2018.12.26-05.23.32:368][  0]LogTemp: Display: Loaded TP LinuxClientTargetPlatform
[2018.12.26-05.23.32:404][  0]LogTemp: Display: Loaded TP LinuxNoEditorTargetPlatform
[2018.12.26-05.23.32:437][  0]LogTemp: Display: Loaded TP LinuxServerTargetPlatform
[2018.12.26-05.23.32:469][  0]LogTemp: Display: Loaded TP LinuxTargetPlatform
[2018.12.26-05.23.32:496][  0]LogTemp: Display: Loaded TP LuminTargetPlatform
[2018.12.26-05.23.32:496][  0]LogTargetPlatformManager: Display: Building Assets For Windows
[2018.12.26-05.23.32:707][  0]LogXGEController: Cannot use XGE Controller as Incredibuild is not installed on this machine.
[2018.12.26-05.23.32:707][  0]LogShaderCompilers: Cannot use XGE Shader Compiler as Incredibuild is not installed on this machine.
[2018.12.26-05.23.32:707][  0]LogShaderCompilers: Display: Using Local Shader Compiler.
[2018.12.26-05.23.34:737][  0]LogDerivedDataCache: Display: Max Cache Size: 512 MB
[2018.12.26-05.23.34:868][  0]LogDerivedDataCache: Loaded boot cache 0.13s 71MB C:/Users/Utsuho/AppData/Local/UnrealEngine/4.20/DerivedDataCache/Boot.ddc.
[2018.12.26-05.23.34:869][  0]LogDerivedDataCache: Display: Loaded Boot cache: C:/Users/Utsuho/AppData/Local/UnrealEngine/4.20/DerivedDataCache/Boot.ddc
[2018.12.26-05.23.34:869][  0]LogDerivedDataCache: FDerivedDataBackendGraph:  Pak pak cache file ../../../../../../../Users/Utsuho/Desktop/General/ProjectSpace/UE4STAG/FujiwaraBattleField/DerivedDataCache/DDC.ddp not found, will not use a pak cache.
[2018.12.26-05.23.34:869][  0]LogDerivedDataCache: Unable to find inner node Pak for hierarchical cache Hierarchy.
[2018.12.26-05.23.34:870][  0]LogDerivedDataCache: FDerivedDataBackendGraph:  CompressedPak pak cache file ../../../../../../../Users/Utsuho/Desktop/General/ProjectSpace/UE4STAG/FujiwaraBattleField/DerivedDataCache/Compressed.ddp not found, will not use a pak cache.
[2018.12.26-05.23.34:870][  0]LogDerivedDataCache: Unable to find inner node CompressedPak for hierarchical cache Hierarchy.
[2018.12.26-05.23.34:899][  0]LogDerivedDataCache: Display: Pak cache opened for reading ../../../Engine/DerivedDataCache/Compressed.ddp.
[2018.12.26-05.23.34:913][  0]LogDerivedDataCache: Using Local data cache path C:/Users/Utsuho/AppData/Local/UnrealEngine/Common/DerivedDataCache: Writable
[2018.12.26-05.23.34:913][  0]LogDerivedDataCache: Shared data cache path not found in *engine.ini, will not use an Shared cache.
[2018.12.26-05.23.34:913][  0]LogDerivedDataCache: Unable to find inner node Shared for hierarchical cache Hierarchy.
[2018.12.26-05.23.34:953][  0]LogMaterial: Verifying Global Shaders for PCD3D_SM5
[2018.12.26-05.23.34:955][  0]LogSlate: Using FreeType 2.6.0
[2018.12.26-05.23.34:956][  0]LogSlate: SlateFontServices - WITH_FREETYPE: 1, WITH_HARFBUZZ: 1
[2018.12.26-05.23.35:124][  0]LogAssetRegistry: FAssetRegistry took 0.0357 seconds to start up
[2018.12.26-05.23.36:027][  0]LogInit: Selected Device Profile: [Windows]
[2018.12.26-05.23.36:410][  0]LogSimplygon: Simplygon DLL not present - disabling.
[2018.12.26-05.23.36:425][  0]LogMeshReduction: Using SimplygonSwarm for distributed automatic mesh merging
[2018.12.26-05.23.36:425][  0]LogMeshReduction: Using ProxyLODMeshReduction for automatic mesh merging
[2018.12.26-05.23.36:425][  0]LogMeshReduction: Using QuadricMeshReduction for automatic static mesh reduction
[2018.12.26-05.23.36:425][  0]LogMeshReduction: No automatic skeletal mesh reduction module available
[2018.12.26-05.23.36:462][  0]LogNetVersion: FujiwaraBattleField 1.0.0, NetCL: 4212847, EngineNetVer: 5, GameNetVer: 0 (Checksum: 1838566955)
[2018.12.26-05.23.38:271][  0]LogPackageLocalizationCache: Processed 11 localized package path(s) for 2 prioritized culture(s) in 0.479336 seconds
[2018.12.26-05.23.38:294][  0]LogUObjectArray: 38425 objects as part of root set at end of initial load.
[2018.12.26-05.23.38:295][  0]LogUObjectAllocator: 6690872 out of 0 bytes used by permanent object pool.
[2018.12.26-05.23.38:295][  0]LogUObjectArray: CloseDisregardForGC: 0/0 objects in disregard for GC pool
[2018.12.26-05.23.41:968][  0]LogTcpMessaging: Initializing TcpMessaging bridge
[2018.12.26-05.23.42:057][  0]LogUdpMessaging: Initializing bridge on interface 0.0.0.0:0 to multicast group 230.0.0.1:6666.
[2018.12.26-05.23.42:616][  0]SourceControl: 소스 컨트롤이 꺼졌습니다.
[2018.12.26-05.23.42:616][  0]SourceControl: 소스 컨트롤이 꺼졌습니다.
[2018.12.26-05.23.42:625][  0]SourceControl: 소스 컨트롤이 꺼졌습니다.
[2018.12.26-05.23.42:631][  0]SourceControl: 소스 컨트롤이 꺼졌습니다.
[2018.12.26-05.23.43:171][  0]LogAndroidPermission: UAndroidPermissionCallbackProxy::GetInstance
[2018.12.26-05.23.43:989][  0]LogOcInput: OculusInput pre-init called
[2018.12.26-05.23.44:199][  0]LogEngine: Initializing Engine...
[2018.12.26-05.23.44:201][  0]LogHMD: Failed to initialize OpenVR with code 110
[2018.12.26-05.23.44:206][  0]LogStats: UGameplayTagsManager::ConstructGameplayTagTree: ImportINI prefixes -  0.000 s
[2018.12.26-05.23.44:206][  0]LogStats: UGameplayTagsManager::ConstructGameplayTagTree: Construct from data asset -  0.000 s
[2018.12.26-05.23.44:206][  0]LogStats: UGameplayTagsManager::ConstructGameplayTagTree: ImportINI -  0.000 s
[2018.12.26-05.23.44:206][  0]LogStats: UGameplayTagsManager::ConstructGameplayTagTree: GameplayTagTreeChangedEvent.Broadcast -  0.000 s
[2018.12.26-05.23.44:996][  0]LogInit: Initializing FReadOnlyCVARCache
[2018.12.26-05.23.45:047][  0]LogAIModule: Creating AISystem for world Untitled
[2018.12.26-05.23.45:295][  0]LogInit: XAudio2 using '스피커(Realtek High Definition Audio)' : 2 channels at 48 kHz using 32 bits per sample (channel mask 0x3)
[2018.12.26-05.23.45:478][  0]LogInit: FAudioDevice initialized.
[2018.12.26-05.23.45:479][  0]LogNetVersion: Set ProjectVersion to 1.0.0.0. Version Checksum will be recalculated on next use.
[2018.12.26-05.23.45:950][  0]LogDerivedDataCache: Saved boot cache 0.47s 71MB C:/Users/Utsuho/AppData/Local/UnrealEngine/4.20/DerivedDataCache/Boot.ddc.
[2018.12.26-05.23.45:978][  0]LogInit: Texture streaming: Enabled
[2018.12.26-05.23.46:044][  0]LogEngineSessionManager: EngineSessionManager initialized
[2018.12.26-05.23.46:159][  0]LogInit: Transaction tracking system initialized
[2018.12.26-05.23.46:248][  0]BlueprintLog: New page: 에디터 로드
[2018.12.26-05.23.46:504][  0]LocalizationService: 현지화 서비스가 비활성화되었습니다.
[2018.12.26-05.23.49:103][  0]LogCook: Display: Max memory allowance for cook 16384mb min free memory 0mb
[2018.12.26-05.23.49:104][  0]LogCook: Display: Mobile HDR setting 1
[2018.12.26-05.23.49:104][  0]LogGameplayTags: Display: UGameplayTagsManager::DoneAddingNativeTags. DelegateIsBound: 0
[2018.12.26-05.23.49:104][  0]LogStats: UGameplayTagsManager::ConstructGameplayTagTree: ImportINI prefixes -  0.000 s
[2018.12.26-05.23.49:105][  0]LogStats: UGameplayTagsManager::ConstructGameplayTagTree: Construct from data asset -  0.000 s
[2018.12.26-05.23.49:105][  0]LogStats: UGameplayTagsManager::ConstructGameplayTagTree: ImportINI -  0.000 s
[2018.12.26-05.23.49:105][  0]LogStats: UGameplayTagsManager::ConstructGameplayTagTree: GameplayTagTreeChangedEvent.Broadcast -  0.000 s
[2018.12.26-05.23.50:234][  0]SourceControl: 소스 컨트롤이 꺼졌습니다.
[2018.12.26-05.23.50:235][  0]Cmd: MAP LOAD FILE="../../../../../../../Users/Utsuho/Desktop/General/ProjectSpace/UE4STAG/FujiwaraBattleField/Content/Maps/Maps_LostBambooForest.umap" TEMPLATE=0 SHOWPROGRESS=1 FEATURELEVEL=3
[2018.12.26-05.23.50:237][  0]LightingResults: New page: 라이팅 빌드
[2018.12.26-05.23.50:254][  0]MapCheck: New page: 맵 체크
[2018.12.26-05.23.50:254][  0]LightingResults: New page: 라이팅 빌드
[2018.12.26-05.24.13:406][  0]LogLinker: Warning: '/Game/_Temporary/UI/Widget/InGame/W_DamageFloating' 파일을 찾을 수 없습니다.
[2018.12.26-05.24.13:407][  0]LoadErrors: 로드에 실패했습니다. /Game/_Temporary/UI/Widget/InGame/W_DamageFloating.W_DamageFloating_C 레퍼런싱한 것: CharacterMesh0
[2018.12.26-05.24.13:407][  0]LogLinker: Warning: ../../../../../../../Users/Utsuho/Desktop/General/ProjectSpace/UE4STAG/FujiwaraBattleField/Content/ParagonGideon/Characters/Heroes/Gideon/Gideon_AnimBlueprint.uasset 로드중 '/Game/_Temporary/UI/Widget/InGame/W_DamageFloating' 애셋에 대한 파일을 찾을 수 없습니다.
[2018.12.26-05.24.13:407][  0]LoadErrors: 로드에 실패했습니다. /Game/_Temporary/UI/Widget/InGame/W_DamageFloating.W_DamageFloating_C 레퍼런싱한 것: CharacterMesh0
[2018.12.26-05.24.13:407][  0]LoadErrors: Error: /Game/ParagonGideon/Characters/Heroes/Gideon/Gideon_AnimBlueprint : 애셋에 대한 파일을 찾을 수 없습니다. /Game/_Temporary/UI/Widget/InGame/W_DamageFloating
[2018.12.26-05.24.13:407][  0]LogLinker: Warning: '/Game/_Temporary/UI/Widget/InGame/W_SkillHotKey' 파일을 찾을 수 없습니다.
[2018.12.26-05.24.13:407][  0]LoadErrors: 로드에 실패했습니다. /Game/_Temporary/UI/Widget/InGame/W_SkillHotKey.W_SkillHotKey_C 레퍼런싱한 것: CharacterMesh0
[2018.12.26-05.24.13:408][  0]LogLinker: Warning: ../../../../../../../Users/Utsuho/Desktop/General/ProjectSpace/UE4STAG/FujiwaraBattleField/Content/ParagonGideon/Characters/Heroes/Gideon/Gideon_AnimBlueprint.uasset 로드중 '/Game/_Temporary/UI/Widget/InGame/W_SkillHotKey' 애셋에 대한 파일을 찾을 수 없습니다.
[2018.12.26-05.24.13:408][  0]LoadErrors: 로드에 실패했습니다. /Game/_Temporary/UI/Widget/InGame/W_SkillHotKey.W_SkillHotKey_C 레퍼런싱한 것: CharacterMesh0
[2018.12.26-05.24.13:408][  0]LoadErrors: Error: /Game/ParagonGideon/Characters/Heroes/Gideon/Gideon_AnimBlueprint : 애셋에 대한 파일을 찾을 수 없습니다. /Game/_Temporary/UI/Widget/InGame/W_SkillHotKey
[2018.12.26-05.24.14:467][  0]LogLinker: Warning: '/Game/AI/MovetoCenter' 파일을 찾을 수 없습니다.
[2018.12.26-05.24.14:468][  0]LogLinker: Warning: ../../../../../../../Users/Utsuho/Desktop/General/ProjectSpace/UE4STAG/FujiwaraBattleField/Content/AI/Move.uasset 로드중 '/Game/AI/MovetoCenter' 애셋에 대한 파일을 찾을 수 없습니다.
[2018.12.26-05.24.14:468][  0]LoadErrors: Error: /Game/AI/Move : 애셋에 대한 파일을 찾을 수 없습니다. /Game/AI/MovetoCenter
[2018.12.26-05.24.14:468][  0]LogLinker: Warning: '/Game/AI/MovetoCenter' 파일을 찾을 수 없습니다.
[2018.12.26-05.24.14:468][  0]LogLinker: Warning: ../../../../../../../Users/Utsuho/Desktop/General/ProjectSpace/UE4STAG/FujiwaraBattleField/Content/AI/Move.uasset 로드중 '/Game/AI/MovetoCenter' 애셋에 대한 파일을 찾을 수 없습니다.
[2018.12.26-05.24.14:468][  0]LoadErrors: Error: /Game/AI/Move : 애셋에 대한 파일을 찾을 수 없습니다. /Game/AI/MovetoCenter
[2018.12.26-05.24.14:487][  0]LogLinker: Warning: '/Game/AI/SetBlackboardKey' 파일을 찾을 수 없습니다.
[2018.12.26-05.24.14:487][  0]LogLinker: Warning: ../../../../../../../Users/Utsuho/Desktop/General/ProjectSpace/UE4STAG/FujiwaraBattleField/Content/AI/Move.uasset 로드중 '/Game/AI/SetBlackboardKey' 애셋에 대한 파일을 찾을 수 없습니다.
[2018.12.26-05.24.14:487][  0]LoadErrors: Error: /Game/AI/Move : 애셋에 대한 파일을 찾을 수 없습니다. /Game/AI/SetBlackboardKey
[2018.12.26-05.24.14:487][  0]LogLinker: Warning: '/Game/AI/SetBlackboardKey' 파일을 찾을 수 없습니다.
[2018.12.26-05.24.14:487][  0]LogLinker: Warning: ../../../../../../../Users/Utsuho/Desktop/General/ProjectSpace/UE4STAG/FujiwaraBattleField/Content/AI/Move.uasset 로드중 '/Game/AI/SetBlackboardKey' 애셋에 대한 파일을 찾을 수 없습니다.
[2018.12.26-05.24.14:488][  0]LoadErrors: Error: /Game/AI/Move : 애셋에 대한 파일을 찾을 수 없습니다. /Game/AI/SetBlackboardKey
[2018.12.26-05.24.14:495][  0]LogLinker: Warning: '/Game/AI/UseSkill2' 파일을 찾을 수 없습니다.
[2018.12.26-05.24.14:495][  0]LogLinker: Warning: ../../../../../../../Users/Utsuho/Desktop/General/ProjectSpace/UE4STAG/FujiwaraBattleField/Content/AI/Move.uasset 로드중 '/Game/AI/UseSkill2' 애셋에 대한 파일을 찾을 수 없습니다.
[2018.12.26-05.24.14:495][  0]LoadErrors: Error: /Game/AI/Move : 애셋에 대한 파일을 찾을 수 없습니다. /Game/AI/UseSkill2
[2018.12.26-05.24.14:496][  0]LogLinker: Warning: '/Game/AI/UseSkill2' 파일을 찾을 수 없습니다.
[2018.12.26-05.24.14:496][  0]LogLinker: Warning: ../../../../../../../Users/Utsuho/Desktop/General/ProjectSpace/UE4STAG/FujiwaraBattleField/Content/AI/Move.uasset 로드중 '/Game/AI/UseSkill2' 애셋에 대한 파일을 찾을 수 없습니다.
[2018.12.26-05.24.14:496][  0]LoadErrors: Error: /Game/AI/Move : 애셋에 대한 파일을 찾을 수 없습니다. /Game/AI/UseSkill2
[2018.12.26-05.24.14:526][  0]LogLinker: Warning: '/Game/AI/MovetoCenter' 파일을 찾을 수 없습니다.
[2018.12.26-05.24.14:526][  0]LogLinker: Warning: ../../../../../../../Users/Utsuho/Desktop/General/ProjectSpace/UE4STAG/FujiwaraBattleField/Content/AI/BT_BossBehavierTree.uasset 로드중 '/Game/AI/MovetoCenter' 애셋에 대한 파일을 찾을 수 없습니다.
[2018.12.26-05.24.14:526][  0]LoadErrors: Error: /Game/AI/BT_BossBehavierTree : 애셋에 대한 파일을 찾을 수 없습니다. /Game/AI/MovetoCenter
[2018.12.26-05.24.14:526][  0]LogLinker: Warning: '/Game/AI/SetBlackboardKey' 파일을 찾을 수 없습니다.
[2018.12.26-05.24.14:527][  0]LogLinker: Warning: ../../../../../../../Users/Utsuho/Desktop/General/ProjectSpace/UE4STAG/FujiwaraBattleField/Content/AI/BT_BossBehavierTree.uasset 로드중 '/Game/AI/SetBlackboardKey' 애셋에 대한 파일을 찾을 수 없습니다.
[2018.12.26-05.24.14:527][  0]LoadErrors: Error: /Game/AI/BT_BossBehavierTree : 애셋에 대한 파일을 찾을 수 없습니다. /Game/AI/SetBlackboardKey
[2018.12.26-05.24.14:527][  0]LogLinker: Warning: '/Game/AI/UseSkill2' 파일을 찾을 수 없습니다.
[2018.12.26-05.24.14:527][  0]LogLinker: Warning: ../../../../../../../Users/Utsuho/Desktop/General/ProjectSpace/UE4STAG/FujiwaraBattleField/Content/AI/BT_BossBehavierTree.uasset 로드중 '/Game/AI/UseSkill2' 애셋에 대한 파일을 찾을 수 없습니다.
[2018.12.26-05.24.14:527][  0]LoadErrors: Error: /Game/AI/BT_BossBehavierTree : 애셋에 대한 파일을 찾을 수 없습니다. /Game/AI/UseSkill2
[2018.12.26-05.24.14:529][  0]LogLinker: Warning: '/Game/AI/MovetoCenter' 파일을 찾을 수 없습니다.
[2018.12.26-05.24.14:530][  0]LogLinker: Warning: ../../../../../../../Users/Utsuho/Desktop/General/ProjectSpace/UE4STAG/FujiwaraBattleField/Content/AI/BT_BossBehavierTree.uasset 로드중 '/Game/AI/MovetoCenter' 애셋에 대한 파일을 찾을 수 없습니다.
[2018.12.26-05.24.14:530][  0]LoadErrors: Error: /Game/AI/BT_BossBehavierTree : 애셋에 대한 파일을 찾을 수 없습니다. /Game/AI/MovetoCenter
[2018.12.26-05.24.14:531][  0]LogLinker: Warning: '/Game/AI/SetBlackboardKey' 파일을 찾을 수 없습니다.
[2018.12.26-05.24.14:531][  0]LogLinker: Warning: ../../../../../../../Users/Utsuho/Desktop/General/ProjectSpace/UE4STAG/FujiwaraBattleField/Content/AI/BT_BossBehavierTree.uasset 로드중 '/Game/AI/SetBlackboardKey' 애셋에 대한 파일을 찾을 수 없습니다.
[2018.12.26-05.24.14:531][  0]LoadErrors: Error: /Game/AI/BT_BossBehavierTree : 애셋에 대한 파일을 찾을 수 없습니다. /Game/AI/SetBlackboardKey
[2018.12.26-05.24.14:532][  0]LogLinker: Warning: '/Game/AI/UseSkill2' 파일을 찾을 수 없습니다.
[2018.12.26-05.24.14:532][  0]LogLinker: Warning: ../../../../../../../Users/Utsuho/Desktop/General/ProjectSpace/UE4STAG/FujiwaraBattleField/Content/AI/BT_BossBehavierTree.uasset 로드중 '/Game/AI/UseSkill2' 애셋에 대한 파일을 찾을 수 없습니다.
[2018.12.26-05.24.14:532][  0]LoadErrors: Error: /Game/AI/BT_BossBehavierTree : 애셋에 대한 파일을 찾을 수 없습니다. /Game/AI/UseSkill2
[2018.12.26-05.24.14:552][  0]LogLinker: Warning: '/Game/_Temporary/UI/Widget/InGame/W_SkillHotKey' 파일을 찾을 수 없습니다.
[2018.12.26-05.24.14:552][  0]LogLinker: Warning: ../../../../../../../Users/Utsuho/Desktop/General/ProjectSpace/UE4STAG/FujiwaraBattleField/Content/ParagonGideon/Characters/Heroes/Gideon/Gideon_AnimBlueprint.uasset 로드중 '/Game/_Temporary/UI/Widget/InGame/W_SkillHotKey' 애셋에 대한 파일을 찾을 수 없습니다.
[2018.12.26-05.24.14:552][  0]LoadErrors: Error: /Game/ParagonGideon/Characters/Heroes/Gideon/Gideon_AnimBlueprint : 애셋에 대한 파일을 찾을 수 없습니다. /Game/_Temporary/UI/Widget/InGame/W_SkillHotKey
[2018.12.26-05.24.14:553][  0]LogLinker: Warning: '/Game/_Temporary/UI/Widget/InGame/W_SkillHotKey' 파일을 찾을 수 없습니다.
[2018.12.26-05.24.14:553][  0]LogLinker: Warning: ../../../../../../../Users/Utsuho/Desktop/General/ProjectSpace/UE4STAG/FujiwaraBattleField/Content/ParagonGideon/Characters/Heroes/Gideon/Gideon_AnimBlueprint.uasset 로드중 '/Game/_Temporary/UI/Widget/InGame/W_SkillHotKey' 애셋에 대한 파일을 찾을 수 없습니다.
[2018.12.26-05.24.14:553][  0]LoadErrors: Error: /Game/ParagonGideon/Characters/Heroes/Gideon/Gideon_AnimBlueprint : 애셋에 대한 파일을 찾을 수 없습니다. /Game/_Temporary/UI/Widget/InGame/W_SkillHotKey
[2018.12.26-05.24.14:565][  0]LogLinker: Warning: '/Game/_Temporary/UI/Widget/InGame/W_SkillHotKey' 파일을 찾을 수 없습니다.
[2018.12.26-05.24.14:565][  0]LoadErrors: 로드에 실패했습니다. /Game/_Temporary/UI/Widget/InGame/W_SkillHotKey.W_SkillHotKey_C 레퍼런싱한 것: K2Node_SpawnActorFromClass_0
[2018.12.26-05.24.14:565][  0]LogLinker: Warning: ../../../../../../../Users/Utsuho/Desktop/General/ProjectSpace/UE4STAG/FujiwaraBattleField/Content/ParagonGideon/Characters/Heroes/Gideon/Gideon_AnimBlueprint.uasset 로드중 '/Game/_Temporary/UI/Widget/InGame/W_SkillHotKey' 애셋에 대한 파일을 찾을 수 없습니다.
[2018.12.26-05.24.14:565][  0]LoadErrors: 로드에 실패했습니다. /Game/_Temporary/UI/Widget/InGame/W_SkillHotKey.W_SkillHotKey_C 레퍼런싱한 것: K2Node_SpawnActorFromClass_0
[2018.12.26-05.24.14:565][  0]LoadErrors: Error: /Game/ParagonGideon/Characters/Heroes/Gideon/Gideon_AnimBlueprint : 애셋에 대한 파일을 찾을 수 없습니다. /Game/_Temporary/UI/Widget/InGame/W_SkillHotKey
[2018.12.26-05.24.14:589][  0]LogLinker: Warning: '/Game/_Temporary/UI/Widget/InGame/W_SkillHotKey' 파일을 찾을 수 없습니다.
[2018.12.26-05.24.14:589][  0]LogLinker: Warning: ../../../../../../../Users/Utsuho/Desktop/General/ProjectSpace/UE4STAG/FujiwaraBattleField/Content/_Temporary/Pawn/Character/Enemy/BP_FBFEnemyCharacter.uasset 로드중 '/Game/_Temporary/UI/Widget/InGame/W_SkillHotKey' 애셋에 대한 파일을 찾을 수 없습니다.
[2018.12.26-05.24.14:589][  0]LoadErrors: Error: /Game/_Temporary/Pawn/Character/Enemy/BP_FBFEnemyCharacter : 애셋에 대한 파일을 찾을 수 없습니다. /Game/_Temporary/UI/Widget/InGame/W_SkillHotKey
[2018.12.26-05.24.14:591][  0]LogLinker: Warning: '/Game/_Temporary/UI/Widget/InGame/W_SkillHotKey' 파일을 찾을 수 없습니다.
[2018.12.26-05.24.14:592][  0]LogLinker: Warning: ../../../../../../../Users/Utsuho/Desktop/General/ProjectSpace/UE4STAG/FujiwaraBattleField/Content/_Temporary/Pawn/Character/Enemy/BP_FBFEnemyCharacter.uasset 로드중 '/Game/_Temporary/UI/Widget/InGame/W_SkillHotKey' 애셋에 대한 파일을 찾을 수 없습니다.
[2018.12.26-05.24.14:592][  0]LoadErrors: Error: /Game/_Temporary/Pawn/Character/Enemy/BP_FBFEnemyCharacter : 애셋에 대한 파일을 찾을 수 없습니다. /Game/_Temporary/UI/Widget/InGame/W_SkillHotKey
[2018.12.26-05.24.14:729][  0]LogLinker: Warning: '/Game/_Temporary/UI/Widget/InGame/W_SkillHotKey' 파일을 찾을 수 없습니다.
[2018.12.26-05.24.14:729][  0]LogLinker: Warning: ../../../../../../../Users/Utsuho/Desktop/General/ProjectSpace/UE4STAG/FujiwaraBattleField/Content/ParagonPhase/Characters/Heroes/Phase/Phase_AnimBlueprint.uasset 로드중 '/Game/_Temporary/UI/Widget/InGame/W_SkillHotKey' 애셋에 대한 파일을 찾을 수 없습니다.
[2018.12.26-05.24.14:729][  0]LoadErrors: Error: /Game/ParagonPhase/Characters/Heroes/Phase/Phase_AnimBlueprint : 애셋에 대한 파일을 찾을 수 없습니다. /Game/_Temporary/UI/Widget/InGame/W_SkillHotKey
[2018.12.26-05.24.14:730][  0]LogLinker: Warning: '/Game/_Temporary/UI/Widget/InGame/W_DamageFloating' 파일을 찾을 수 없습니다.
[2018.12.26-05.24.14:730][  0]LogLinker: Warning: ../../../../../../../Users/Utsuho/Desktop/General/ProjectSpace/UE4STAG/FujiwaraBattleField/Content/ParagonPhase/Characters/Heroes/Phase/Phase_AnimBlueprint.uasset 로드중 '/Game/_Temporary/UI/Widget/InGame/W_DamageFloating' 애셋에 대한 파일을 찾을 수 없습니다.
[2018.12.26-05.24.14:730][  0]LoadErrors: Error: /Game/ParagonPhase/Characters/Heroes/Phase/Phase_AnimBlueprint : 애셋에 대한 파일을 찾을 수 없습니다. /Game/_Temporary/UI/Widget/InGame/W_DamageFloating
[2018.12.26-05.24.14:731][  0]LogLinker: Warning: '/Game/_Temporary/UI/Widget/InGame/W_SkillHotKey' 파일을 찾을 수 없습니다.
[2018.12.26-05.24.14:731][  0]LogLinker: Warning: ../../../../../../../Users/Utsuho/Desktop/General/ProjectSpace/UE4STAG/FujiwaraBattleField/Content/ParagonPhase/Characters/Heroes/Phase/Phase_AnimBlueprint.uasset 로드중 '/Game/_Temporary/UI/Widget/InGame/W_SkillHotKey' 애셋에 대한 파일을 찾을 수 없습니다.
[2018.12.26-05.24.14:731][  0]LoadErrors: Error: /Game/ParagonPhase/Characters/Heroes/Phase/Phase_AnimBlueprint : 애셋에 대한 파일을 찾을 수 없습니다. /Game/_Temporary/UI/Widget/InGame/W_SkillHotKey
[2018.12.26-05.24.14:731][  0]LogLinker: Warning: '/Game/_Temporary/UI/Widget/InGame/W_SkillHotKey' 파일을 찾을 수 없습니다.
[2018.12.26-05.24.14:731][  0]LogLinker: Warning: ../../../../../../../Users/Utsuho/Desktop/General/ProjectSpace/UE4STAG/FujiwaraBattleField/Content/ParagonPhase/Characters/Heroes/Phase/Phase_AnimBlueprint.uasset 로드중 '/Game/_Temporary/UI/Widget/InGame/W_SkillHotKey' 애셋에 대한 파일을 찾을 수 없습니다.
[2018.12.26-05.24.14:731][  0]LoadErrors: Error: /Game/ParagonPhase/Characters/Heroes/Phase/Phase_AnimBlueprint : 애셋에 대한 파일을 찾을 수 없습니다. /Game/_Temporary/UI/Widget/InGame/W_SkillHotKey
[2018.12.26-05.24.14:732][  0]LogLinker: Warning: '/Game/_Temporary/UI/Widget/InGame/W_DamageFloating' 파일을 찾을 수 없습니다.
[2018.12.26-05.24.14:732][  0]LogLinker: Warning: ../../../../../../../Users/Utsuho/Desktop/General/ProjectSpace/UE4STAG/FujiwaraBattleField/Content/ParagonPhase/Characters/Heroes/Phase/Phase_AnimBlueprint.uasset 로드중 '/Game/_Temporary/UI/Widget/InGame/W_DamageFloating' 애셋에 대한 파일을 찾을 수 없습니다.
[2018.12.26-05.24.14:732][  0]LoadErrors: Error: /Game/ParagonPhase/Characters/Heroes/Phase/Phase_AnimBlueprint : 애셋에 대한 파일을 찾을 수 없습니다. /Game/_Temporary/UI/Widget/InGame/W_DamageFloating
[2018.12.26-05.24.14:732][  0]LogLinker: Warning: '/Game/_Temporary/UI/Widget/InGame/W_SkillHotKey' 파일을 찾을 수 없습니다.
[2018.12.26-05.24.14:732][  0]LogLinker: Warning: ../../../../../../../Users/Utsuho/Desktop/General/ProjectSpace/UE4STAG/FujiwaraBattleField/Content/ParagonPhase/Characters/Heroes/Phase/Phase_AnimBlueprint.uasset 로드중 '/Game/_Temporary/UI/Widget/InGame/W_SkillHotKey' 애셋에 대한 파일을 찾을 수 없습니다.
[2018.12.26-05.24.14:732][  0]LoadErrors: Error: /Game/ParagonPhase/Characters/Heroes/Phase/Phase_AnimBlueprint : 애셋에 대한 파일을 찾을 수 없습니다. /Game/_Temporary/UI/Widget/InGame/W_SkillHotKey
[2018.12.26-05.24.14:734][  0]LogLinker: Warning: '/Game/_Temporary/UI/Widget/InGame/W_SkillHotKey' 파일을 찾을 수 없습니다.
[2018.12.26-05.24.14:734][  0]LoadErrors: 로드에 실패했습니다. /Game/_Temporary/UI/Widget/InGame/W_SkillHotKey.W_SkillHotKey_C 레퍼런싱한 것: K2Node_MacroInstance_2
[2018.12.26-05.24.14:735][  0]LogLinker: Warning: ../../../../../../../Users/Utsuho/Desktop/General/ProjectSpace/UE4STAG/FujiwaraBattleField/Content/ParagonPhase/Characters/Heroes/Phase/Phase_AnimBlueprint.uasset 로드중 '/Game/_Temporary/UI/Widget/InGame/W_SkillHotKey' 애셋에 대한 파일을 찾을 수 없습니다.
[2018.12.26-05.24.14:735][  0]LoadErrors: 로드에 실패했습니다. /Game/_Temporary/UI/Widget/InGame/W_SkillHotKey.W_SkillHotKey_C 레퍼런싱한 것: K2Node_MacroInstance_2
[2018.12.26-05.24.14:735][  0]LoadErrors: Error: /Game/ParagonPhase/Characters/Heroes/Phase/Phase_AnimBlueprint : 애셋에 대한 파일을 찾을 수 없습니다. /Game/_Temporary/UI/Widget/InGame/W_SkillHotKey
[2018.12.26-05.24.14:735][  0]LogLinker: Warning: '/Game/_Temporary/UI/Widget/InGame/W_SkillHotKey' 파일을 찾을 수 없습니다.
[2018.12.26-05.24.14:735][  0]LoadErrors: 로드에 실패했습니다. /Game/_Temporary/UI/Widget/InGame/W_SkillHotKey.W_SkillHotKey_C 레퍼런싱한 것: K2Node_MacroInstance_2
[2018.12.26-05.24.14:735][  0]LogLinker: Warning: ../../../../../../../Users/Utsuho/Desktop/General/ProjectSpace/UE4STAG/FujiwaraBattleField/Content/ParagonPhase/Characters/Heroes/Phase/Phase_AnimBlueprint.uasset 로드중 '/Game/_Temporary/UI/Widget/InGame/W_SkillHotKey' 애셋에 대한 파일을 찾을 수 없습니다.
[2018.12.26-05.24.14:735][  0]LoadErrors: 로드에 실패했습니다. /Game/_Temporary/UI/Widget/InGame/W_SkillHotKey.W_SkillHotKey_C 레퍼런싱한 것: K2Node_MacroInstance_2
[2018.12.26-05.24.14:735][  0]LoadErrors: Error: /Game/ParagonPhase/Characters/Heroes/Phase/Phase_AnimBlueprint : 애셋에 대한 파일을 찾을 수 없습니다. /Game/_Temporary/UI/Widget/InGame/W_SkillHotKey
[2018.12.26-05.24.14:736][  0]LogLinker: Warning: '/Game/_Temporary/UI/Widget/InGame/W_SkillHotKey' 파일을 찾을 수 없습니다.
[2018.12.26-05.24.14:736][  0]LoadErrors: 로드에 실패했습니다. /Game/_Temporary/UI/Widget/InGame/W_SkillHotKey.W_SkillHotKey_C 레퍼런싱한 것: K2Node_MacroInstance_2
[2018.12.26-05.24.14:736][  0]LogLinker: Warning: ../../../../../../../Users/Utsuho/Desktop/General/ProjectSpace/UE4STAG/FujiwaraBattleField/Content/ParagonPhase/Characters/Heroes/Phase/Phase_AnimBlueprint.uasset 로드중 '/Game/_Temporary/UI/Widget/InGame/W_SkillHotKey' 애셋에 대한 파일을 찾을 수 없습니다.
[2018.12.26-05.24.14:736][  0]LoadErrors: 로드에 실패했습니다. /Game/_Temporary/UI/Widget/InGame/W_SkillHotKey.W_SkillHotKey_C 레퍼런싱한 것: K2Node_MacroInstance_2
[2018.12.26-05.24.14:736][  0]LoadErrors: Error: /Game/ParagonPhase/Characters/Heroes/Phase/Phase_AnimBlueprint : 애셋에 대한 파일을 찾을 수 없습니다. /Game/_Temporary/UI/Widget/InGame/W_SkillHotKey
[2018.12.26-05.24.14:736][  0]LogLinker: Warning: '/Game/_Temporary/UI/Widget/InGame/W_SkillHotKey' 파일을 찾을 수 없습니다.
[2018.12.26-05.24.14:736][  0]LoadErrors: 로드에 실패했습니다. /Game/_Temporary/UI/Widget/InGame/W_SkillHotKey.W_SkillHotKey_C 레퍼런싱한 것: K2Node_VariableGet_11
[2018.12.26-05.24.14:736][  0]LogLinker: Warning: ../../../../../../../Users/Utsuho/Desktop/General/ProjectSpace/UE4STAG/FujiwaraBattleField/Content/ParagonPhase/Characters/Heroes/Phase/Phase_AnimBlueprint.uasset 로드중 '/Game/_Temporary/UI/Widget/InGame/W_SkillHotKey' 애셋에 대한 파일을 찾을 수 없습니다.
[2018.12.26-05.24.14:736][  0]LoadErrors: 로드에 실패했습니다. /Game/_Temporary/UI/Widget/InGame/W_SkillHotKey.W_SkillHotKey_C 레퍼런싱한 것: K2Node_VariableGet_11
[2018.12.26-05.24.14:737][  0]LoadErrors: Error: /Game/ParagonPhase/Characters/Heroes/Phase/Phase_AnimBlueprint : 애셋에 대한 파일을 찾을 수 없습니다. /Game/_Temporary/UI/Widget/InGame/W_SkillHotKey
[2018.12.26-05.24.14:737][  0]LogLinker: Warning: '/Game/_Temporary/UI/Widget/InGame/W_SkillHotKey' 파일을 찾을 수 없습니다.
[2018.12.26-05.24.14:737][  0]LoadErrors: 로드에 실패했습니다. /Game/_Temporary/UI/Widget/InGame/W_SkillHotKey.W_SkillHotKey_C 레퍼런싱한 것: K2Node_VariableGet_12
[2018.12.26-05.24.14:737][  0]LogLinker: Warning: ../../../../../../../Users/Utsuho/Desktop/General/ProjectSpace/UE4STAG/FujiwaraBattleField/Content/ParagonPhase/Characters/Heroes/Phase/Phase_AnimBlueprint.uasset 로드중 '/Game/_Temporary/UI/Widget/InGame/W_SkillHotKey' 애셋에 대한 파일을 찾을 수 없습니다.
[2018.12.26-05.24.14:737][  0]LoadErrors: 로드에 실패했습니다. /Game/_Temporary/UI/Widget/InGame/W_SkillHotKey.W_SkillHotKey_C 레퍼런싱한 것: K2Node_VariableGet_12
[2018.12.26-05.24.14:737][  0]LoadErrors: Error: /Game/ParagonPhase/Characters/Heroes/Phase/Phase_AnimBlueprint : 애셋에 대한 파일을 찾을 수 없습니다. /Game/_Temporary/UI/Widget/InGame/W_SkillHotKey
[2018.12.26-05.24.14:737][  0]LogLinker: Warning: '/Game/_Temporary/UI/Widget/InGame/W_SkillHotKey' 파일을 찾을 수 없습니다.
[2018.12.26-05.24.14:737][  0]LoadErrors: 로드에 실패했습니다. /Game/_Temporary/UI/Widget/InGame/W_SkillHotKey.W_SkillHotKey_C 레퍼런싱한 것: K2Node_VariableGet_12
[2018.12.26-05.24.14:738][  0]LogLinker: Warning: ../../../../../../../Users/Utsuho/Desktop/General/ProjectSpace/UE4STAG/FujiwaraBattleField/Content/ParagonPhase/Characters/Heroes/Phase/Phase_AnimBlueprint.uasset 로드중 '/Game/_Temporary/UI/Widget/InGame/W_SkillHotKey' 애셋에 대한 파일을 찾을 수 없습니다.
[2018.12.26-05.24.14:738][  0]LoadErrors: 로드에 실패했습니다. /Game/_Temporary/UI/Widget/InGame/W_SkillHotKey.W_SkillHotKey_C 레퍼런싱한 것: K2Node_VariableGet_12
[2018.12.26-05.24.14:738][  0]LoadErrors: Error: /Game/ParagonPhase/Characters/Heroes/Phase/Phase_AnimBlueprint : 애셋에 대한 파일을 찾을 수 없습니다. /Game/_Temporary/UI/Widget/InGame/W_SkillHotKey
[2018.12.26-05.24.14:738][  0]LogLinker: Warning: '/Game/_Temporary/UI/Widget/InGame/W_SkillHotKey' 파일을 찾을 수 없습니다.
[2018.12.26-05.24.14:738][  0]LoadErrors: 로드에 실패했습니다. /Game/_Temporary/UI/Widget/InGame/W_SkillHotKey.W_SkillHotKey_C 레퍼런싱한 것: K2Node_VariableGet_7
[2018.12.26-05.24.14:739][  0]LogLinker: Warning: ../../../../../../../Users/Utsuho/Desktop/General/ProjectSpace/UE4STAG/FujiwaraBattleField/Content/ParagonPhase/Characters/Heroes/Phase/Phase_AnimBlueprint.uasset 로드중 '/Game/_Temporary/UI/Widget/InGame/W_SkillHotKey' 애셋에 대한 파일을 찾을 수 없습니다.
[2018.12.26-05.24.14:739][  0]LoadErrors: 로드에 실패했습니다. /Game/_Temporary/UI/Widget/InGame/W_SkillHotKey.W_SkillHotKey_C 레퍼런싱한 것: K2Node_VariableGet_7
[2018.12.26-05.24.14:739][  0]LoadErrors: Error: /Game/ParagonPhase/Characters/Heroes/Phase/Phase_AnimBlueprint : 애셋에 대한 파일을 찾을 수 없습니다. /Game/_Temporary/UI/Widget/InGame/W_SkillHotKey
[2018.12.26-05.24.14:739][  0]LogLinker: Warning: '/Game/_Temporary/UI/Widget/InGame/W_SkillHotKey' 파일을 찾을 수 없습니다.
[2018.12.26-05.24.14:739][  0]LoadErrors: 로드에 실패했습니다. /Game/_Temporary/UI/Widget/InGame/W_SkillHotKey.W_SkillHotKey_C 레퍼런싱한 것: K2Node_VariableGet_7
[2018.12.26-05.24.14:739][  0]LogLinker: Warning: ../../../../../../../Users/Utsuho/Desktop/General/ProjectSpace/UE4STAG/FujiwaraBattleField/Content/ParagonPhase/Characters/Heroes/Phase/Phase_AnimBlueprint.uasset 로드중 '/Game/_Temporary/UI/Widget/InGame/W_SkillHotKey' 애셋에 대한 파일을 찾을 수 없습니다.
[2018.12.26-05.24.14:739][  0]LoadErrors: 로드에 실패했습니다. /Game/_Temporary/UI/Widget/InGame/W_SkillHotKey.W_SkillHotKey_C 레퍼런싱한 것: K2Node_VariableGet_7
[2018.12.26-05.24.14:739][  0]LoadErrors: Error: /Game/ParagonPhase/Characters/Heroes/Phase/Phase_AnimBlueprint : 애셋에 대한 파일을 찾을 수 없습니다. /Game/_Temporary/UI/Widget/InGame/W_SkillHotKey
[2018.12.26-05.24.14:750][  0]LogLinker: Warning: '/Game/_Temporary/UI/Widget/InGame/W_DamageFloating' 파일을 찾을 수 없습니다.
[2018.12.26-05.24.14:750][  0]LoadErrors: 로드에 실패했습니다. /Game/_Temporary/UI/Widget/InGame/W_DamageFloating.W_DamageFloating_C 레퍼런싱한 것: K2Node_CreateWidget_0
[2018.12.26-05.24.14:751][  0]LogLinker: Warning: ../../../../../../../Users/Utsuho/Desktop/General/ProjectSpace/UE4STAG/FujiwaraBattleField/Content/ParagonPhase/Characters/Heroes/Phase/Phase_AnimBlueprint.uasset 로드중 '/Game/_Temporary/UI/Widget/InGame/W_DamageFloating' 애셋에 대한 파일을 찾을 수 없습니다.
[2018.12.26-05.24.14:751][  0]LoadErrors: 로드에 실패했습니다. /Game/_Temporary/UI/Widget/InGame/W_DamageFloating.W_DamageFloating_C 레퍼런싱한 것: K2Node_CreateWidget_0
[2018.12.26-05.24.14:751][  0]LoadErrors: Error: /Game/ParagonPhase/Characters/Heroes/Phase/Phase_AnimBlueprint : 애셋에 대한 파일을 찾을 수 없습니다. /Game/_Temporary/UI/Widget/InGame/W_DamageFloating
[2018.12.26-05.24.14:751][  0]LogLinker: Warning: '/Game/_Temporary/UI/Widget/InGame/W_DamageFloating' 파일을 찾을 수 없습니다.
[2018.12.26-05.24.14:751][  0]LoadErrors: 로드에 실패했습니다. /Game/_Temporary/UI/Widget/InGame/W_DamageFloating.W_DamageFloating_C 레퍼런싱한 것: K2Node_CreateWidget_0
[2018.12.26-05.24.14:751][  0]LogLinker: Warning: ../../../../../../../Users/Utsuho/Desktop/General/ProjectSpace/UE4STAG/FujiwaraBattleField/Content/ParagonPhase/Characters/Heroes/Phase/Phase_AnimBlueprint.uasset 로드중 '/Game/_Temporary/UI/Widget/InGame/W_DamageFloating' 애셋에 대한 파일을 찾을 수 없습니다.
[2018.12.26-05.24.14:752][  0]LoadErrors: 로드에 실패했습니다. /Game/_Temporary/UI/Widget/InGame/W_DamageFloating.W_DamageFloating_C 레퍼런싱한 것: K2Node_CreateWidget_0
[2018.12.26-05.24.14:752][  0]LoadErrors: Error: /Game/ParagonPhase/Characters/Heroes/Phase/Phase_AnimBlueprint : 애셋에 대한 파일을 찾을 수 없습니다. /Game/_Temporary/UI/Widget/InGame/W_DamageFloating
[2018.12.26-05.24.14:772][  0]LogLinker: Warning: '/Game/_Temporary/UI/Widget/InGame/W_SkillHotKey' 파일을 찾을 수 없습니다.
[2018.12.26-05.24.14:772][  0]LogLinker: Warning: ../../../../../../../Users/Utsuho/Desktop/General/ProjectSpace/UE4STAG/FujiwaraBattleField/Content/_Temporary/Pawn/Character/Player/BP_FBFPlayableCharacter.uasset 로드중 '/Game/_Temporary/UI/Widget/InGame/W_SkillHotKey' 애셋에 대한 파일을 찾을 수 없습니다.
[2018.12.26-05.24.14:772][  0]LoadErrors: Error: /Game/_Temporary/Pawn/Character/Player/BP_FBFPlayableCharacter : 애셋에 대한 파일을 찾을 수 없습니다. /Game/_Temporary/UI/Widget/InGame/W_SkillHotKey
[2018.12.26-05.24.14:776][  0]LogLinker: Warning: '/Game/_Temporary/UI/Widget/InGame/W_DamageFloating' 파일을 찾을 수 없습니다.
[2018.12.26-05.24.14:777][  0]LogLinker: Warning: ../../../../../../../Users/Utsuho/Desktop/General/ProjectSpace/UE4STAG/FujiwaraBattleField/Content/_Temporary/Pawn/Character/Player/BP_FBFPlayableCharacter.uasset 로드중 '/Game/_Temporary/UI/Widget/InGame/W_DamageFloating' 애셋에 대한 파일을 찾을 수 없습니다.
[2018.12.26-05.24.14:777][  0]LoadErrors: Error: /Game/_Temporary/Pawn/Character/Player/BP_FBFPlayableCharacter : 애셋에 대한 파일을 찾을 수 없습니다. /Game/_Temporary/UI/Widget/InGame/W_DamageFloating
[2018.12.26-05.24.14:777][  0]LogLinker: Warning: '/Game/_Temporary/UI/Widget/InGame/W_SkillHotKey' 파일을 찾을 수 없습니다.
[2018.12.26-05.24.14:777][  0]LogLinker: Warning: ../../../../../../../Users/Utsuho/Desktop/General/ProjectSpace/UE4STAG/FujiwaraBattleField/Content/_Temporary/Pawn/Character/Player/BP_FBFPlayableCharacter.uasset 로드중 '/Game/_Temporary/UI/Widget/InGame/W_SkillHotKey' 애셋에 대한 파일을 찾을 수 없습니다.
[2018.12.26-05.24.14:778][  0]LoadErrors: Error: /Game/_Temporary/Pawn/Character/Player/BP_FBFPlayableCharacter : 애셋에 대한 파일을 찾을 수 없습니다. /Game/_Temporary/UI/Widget/InGame/W_SkillHotKey
[2018.12.26-05.24.14:783][  0]LogLinker: Warning: '/Game/_Temporary/UI/Widget/InGame/W_SkillHotKey' 파일을 찾을 수 없습니다.
[2018.12.26-05.24.14:783][  0]LogLinker: Warning: ../../../../../../../Users/Utsuho/Desktop/General/ProjectSpace/UE4STAG/FujiwaraBattleField/Content/_Temporary/Pawn/Character/Player/BP_FBFPlayableCharacter.uasset 로드중 '/Game/_Temporary/UI/Widget/InGame/W_SkillHotKey' 애셋에 대한 파일을 찾을 수 없습니다.
[2018.12.26-05.24.14:783][  0]LoadErrors: Error: /Game/_Temporary/Pawn/Character/Player/BP_FBFPlayableCharacter : 애셋에 대한 파일을 찾을 수 없습니다. /Game/_Temporary/UI/Widget/InGame/W_SkillHotKey
[2018.12.26-05.24.14:783][  0]LogLinker: Warning: '/Game/_Temporary/UI/Widget/InGame/W_DamageFloating' 파일을 찾을 수 없습니다.
[2018.12.26-05.24.14:784][  0]LogLinker: Warning: ../../../../../../../Users/Utsuho/Desktop/General/ProjectSpace/UE4STAG/FujiwaraBattleField/Content/_Temporary/Pawn/Character/Player/BP_FBFPlayableCharacter.uasset 로드중 '/Game/_Temporary/UI/Widget/InGame/W_DamageFloating' 애셋에 대한 파일을 찾을 수 없습니다.
[2018.12.26-05.24.14:784][  0]LoadErrors: Error: /Game/_Temporary/Pawn/Character/Player/BP_FBFPlayableCharacter : 애셋에 대한 파일을 찾을 수 없습니다. /Game/_Temporary/UI/Widget/InGame/W_DamageFloating
[2018.12.26-05.24.14:784][  0]LogLinker: Warning: '/Game/_Temporary/UI/Widget/InGame/W_SkillHotKey' 파일을 찾을 수 없습니다.
[2018.12.26-05.24.14:784][  0]LogLinker: Warning: ../../../../../../../Users/Utsuho/Desktop/General/ProjectSpace/UE4STAG/FujiwaraBattleField/Content/_Temporary/Pawn/Character/Player/BP_FBFPlayableCharacter.uasset 로드중 '/Game/_Temporary/UI/Widget/InGame/W_SkillHotKey' 애셋에 대한 파일을 찾을 수 없습니다.
[2018.12.26-05.24.14:784][  0]LoadErrors: Error: /Game/_Temporary/Pawn/Character/Player/BP_FBFPlayableCharacter : 애셋에 대한 파일을 찾을 수 없습니다. /Game/_Temporary/UI/Widget/InGame/W_SkillHotKey
[2018.12.26-05.24.15:565][  0]LogBlueprint: Warning: [Compiler GideonPlayerCharacter] InputAction Event 가  ResetVR 입력 액션  에 대해 알려지지 않은 'ResetVR' 액션을 레퍼런싱합니다.
[2018.12.26-05.24.15:566][  0]LogBlueprint: Warning: [Compiler GideonPlayerCharacter] Input Axis Event 가  LookUpRate 입력 축  에 대해 알려지지 않은 'LookUpRate' 축을 레퍼런싱합니다.
[2018.12.26-05.24.15:566][  0]LogBlueprint: Warning: [Compiler GideonPlayerCharacter] Input Axis Event 가  TurnRate 입력 축  에 대해 알려지지 않은 'TurnRate' 축을 레퍼런싱합니다.
[2018.12.26-05.24.15:580][  0]LogBlueprint: Warning: [Compiler PhasePlayerCharacter] InputAction Event 가  ResetVR 입력 액션  에 대해 알려지지 않은 'ResetVR' 액션을 레퍼런싱합니다.
[2018.12.26-05.24.15:581][  0]LogBlueprint: Warning: [Compiler PhasePlayerCharacter] Input Axis Event 가  LookUpRate 입력 축  에 대해 알려지지 않은 'LookUpRate' 축을 레퍼런싱합니다.
[2018.12.26-05.24.15:583][  0]LogBlueprint: Warning: [Compiler PhasePlayerCharacter] Input Axis Event 가  TurnRate 입력 축  에 대해 알려지지 않은 'TurnRate' 축을 레퍼런싱합니다.
[2018.12.26-05.24.15:685][  0]LogBlueprint: Warning: [Compiler BP_FBFEnemyCharacter] 기본값이 아닌  Hot Key  입력 핀이  스폰 액터  노드에 더 이상 존재하지 않습니다. 노드를 새로고치거나 핀을 기본값으로 리셋시켜 제거하세요.
[2018.12.26-05.24.15:721][  0]LogBlueprint: Error: [Compiler BP_FBFPlayableCharacter] Create Widget  노드 스폰에는 클래스를 지정해야 합니다.
[2018.12.26-05.24.15:725][  0]LogBlueprint: Error: [Compiler BP_FBFPlayableCharacter] 사용 중인  Init Location  핀은 더 이상  Create Widget  노드에 존재하지 않습니다. 노드를 새로고치거나 연결을 끊어 제거하세요.
[2018.12.26-05.24.15:725][  0]LogBlueprint: Error: [Compiler BP_FBFPlayableCharacter] 사용 중인  Damage to Display  핀은 더 이상  Create Widget  노드에 존재하지 않습니다. 노드를 새로고치거나 연결을 끊어 제거하세요.
[2018.12.26-05.24.15:725][  0]LogBlueprint: Error: [Compiler BP_FBFPlayableCharacter] 사용 중인  Isplayer  핀은 더 이상  Create Widget  노드에 존재하지 않습니다. 노드를 새로고치거나 연결을 끊어 제거하세요.
[2018.12.26-05.24.15:728][  0]LogBlueprint: Warning: [Compiler BP_FBFPlayableCharacter] 'BP_FBFPlayableCharacter' 에서 "AssignedSpell" 라는 이름의 변수를 찾을 수 없습니다.
 AssignedSpell 구하기  에 대해 'BP_FBFPlayableCharacter' 컴파일이 되었는지 확인하세요.
[2018.12.26-05.24.15:729][  0]LogBlueprint: Warning: [Compiler BP_FBFPlayableCharacter] 'BP_FBFPlayableCharacter' 에서 "HotKey" 라는 이름의 변수를 찾을 수 없습니다.
 HotKey 구하기  에 대해 'BP_FBFPlayableCharacter' 컴파일이 되었는지 확인하세요.
[2018.12.26-05.24.15:729][  0]LogBlueprint: Error: [Compiler BP_FBFPlayableCharacter] 사용 중인  All Hot Key Slots  핀은 더 이상  Get  노드에 존재하지 않습니다. 노드를 새로고치거나 연결을 끊어 제거하세요.
[2018.12.26-05.24.16:125][  0]LogBlueprint: Error: [Compiler BP_FBFPlayableCharacter] ' Array ' 핀의 현재 값이 유효하지 않습니다: ('Target Array' 핀과 같은) 배열 입력에는 반드시 입력이 연결되어 있어야 합니다 (MakeArray 노드를 연결해 보십시오).
[2018.12.26-05.24.16:125][  0]LogBlueprint: Error: [Compiler BP_FBFPlayableCharacter] Assigned Spell  와 연관된 프로퍼티를 찾지 못했습니다.
[2018.12.26-05.24.16:125][  0]LogBlueprint: Error: [Compiler BP_FBFPlayableCharacter] Hot Key  와 연관된 프로퍼티를 찾지 못했습니다.
[2018.12.26-05.24.16:458][  0]LogBlueprint: Warning: [Compiler GideonPlayerCharacter] [0054.74] GideonPlayerCharacter 컴파일에 성공했습니다만, 경고가 3 회 있습니다. [소요시간 1,571 ms] (/Game/ParagonGideon/Characters/Heroes/Gideon/GideonPlayerCharacter.GideonPlayerCharacter)
[2018.12.26-05.24.16:458][  0]LogBlueprint: Warning: [Compiler PhasePlayerCharacter] [0054.74] PhasePlayerCharacter 컴파일에 성공했습니다만, 경고가 3 회 있습니다. [소요시간 1,570 ms] (/Game/ParagonPhase/Characters/Heroes/Phase/PhasePlayerCharacter.PhasePlayerCharacter)
[2018.12.26-05.24.16:458][  0]LogBlueprint: Warning: [Compiler BP_FBFEnemyCharacter] [0054.74] BP_FBFEnemyCharacter 컴파일에 성공했습니다만, 경고가 1 회 있습니다. [소요시간 1,569 ms] (/Game/_Temporary/Pawn/Character/Enemy/BP_FBFEnemyCharacter.BP_FBFEnemyCharacter)
[2018.12.26-05.24.16:459][  0]LogBlueprint: Warning: [Compiler BP_FBFPlayableCharacter] [0054.74] BP_FBFPlayableCharacter 컴파일에 실패했습니다. 치명적 오류 8 회, 경고 2 회, [소요시간 1,569 ms] (/Game/_Temporary/Pawn/Character/Player/BP_FBFPlayableCharacter.BP_FBFPlayableCharacter)
[2018.12.26-05.24.34:062][  0]LogTexture: Display: 텍스처 빌드: Gradations_RectBar (AutoDXT, 360X32)
[2018.12.26-05.24.34:069][  0]LogTexture: Display: 텍스처 빌드: T_ScratchMask (AutoDXT, 1024X1024)
[2018.12.26-05.24.34:069][  0]LogTexture: Display: 텍스처 빌드: T_Noise_Rough_Dark_Big (AutoDXT, 1024X1024)
[2018.12.26-05.24.34:069][  0]LogTexture: Display: 텍스처 빌드: T_Phase_body_head_2_Skin_Mask02 (AutoDXT, 4096X4096)
[2018.12.26-05.24.34:069][  0]LogTexture: Display: 텍스처 빌드: T_Gray_Flat_Black (AutoDXT, 2048X2048)
[2018.12.26-05.24.34:069][  0]LogTexture: Display: 텍스처 빌드: T_Gideon_Corona_D (AutoDXT, 2048X2048)
[2018.12.26-05.24.34:069][  0]LogTexture: Display: 텍스처 빌드: T_Metal_SandCast_Med_N (BC5, 2048X2048)
[2018.12.26-05.24.34:069][  0]LogTexture: Display: 텍스처 빌드: T_Phase_body_head_2_Skin_Mask (AutoDXT, 4096X4096)
[2018.12.26-05.24.34:070][  0]LogTexture: Display: 텍스처 빌드: T_Gideon_Upperbody_Mask_2 (AutoDXT, 4096X4096)
[2018.12.26-05.24.34:070][  0]LogTexture: Display: 텍스처 빌드: T_Gideon_Upperbody_Normal (BC5, 4096X4096)
[2018.12.26-05.24.34:070][  0]LogTexture: Display: 텍스처 빌드: T_Gideon_Upperbody_Mask (AutoDXT, 4096X4096)
[2018.12.26-05.24.34:070][  0]LogTexture: Display: 텍스처 빌드: T_Gideon_Eye_D (AutoDXT, 2048X2048)
[2018.12.26-05.24.35:598][  0]LogTexture: Display: 텍스처 빌드: T_RoughMetal01_N (BC5, 2048X2048)
[2018.12.26-05.24.35:599][  0]LogTexture: Display: 텍스처 빌드: T_Blank_N (BC5, 128X128)
[2018.12.26-05.24.35:599][  0]LogTexture: Display: 텍스처 빌드: T_ML_Gold_Metal01 (AutoDXT, 2048X2048)
[2018.12.26-05.24.35:601][  0]LogTexture: Display: 텍스처 빌드: T_Rust01_N (BC5, 2048X2048)
[2018.12.26-05.25.18:568][  0]LogTexture: Display: 텍스처 빌드: T_ML_FineLeather01_N (BC5, 2048X2048)
[2018.12.26-05.25.18:573][  0]LogTexture: Display: 텍스처 빌드: T_Black_Linear (AutoDXT, 32X32)
[2018.12.26-05.25.18:573][  0]LogTexture: Display: 텍스처 빌드: T_FineFabric01_N (BC5, 2048X2048)
[2018.12.26-05.25.18:573][  0]LogTexture: Display: 텍스처 빌드: T_Portal_SpaceMask_M (AutoDXT, 512X512)
[2018.12.26-05.25.18:573][  0]LogTexture: Display: 텍스처 빌드: T_Inky_Smoke_Tile (AutoDXT, 1024X1024)
[2018.12.26-05.25.18:573][  0]LogTexture: Display: 텍스처 빌드: T_Gideon_Head_M (AutoDXT, 2048X2048)
[2018.12.26-05.25.18:573][  0]LogTexture: Display: 텍스처 빌드: T_LP_Rift_Head_N (BC5, 4096X4096)
[2018.12.26-05.25.18:574][  0]LogTexture: Display: 텍스처 빌드: T_Pore_Specular (AutoDXT, 1024X1024)
[2018.12.26-05.25.18:574][  0]LogTexture: Display: 텍스처 빌드: T_Pore_Normals2 (BC5, 1024X1024)
[2018.12.26-05.25.18:574][  0]LogTexture: Display: 텍스처 빌드: T_Eye_Tearduct__normals2 (BC5, 2048X2048)
[2018.12.26-05.25.18:574][  0]LogTexture: Display: 텍스처 빌드: T_EyeIrisBaseColor_Example_6 (AutoDXT, 512X512)
[2018.12.26-05.25.18:574][  0]LogTexture: Display: 텍스처 빌드: T_EyeOcclusion2 (G8, 512X512)
[2018.12.26-05.25.18:574][  0]LogTexture: Display: 텍스처 빌드: T_Universal_Eyelashes_D (AutoDXT, 2048X2048)
[2018.12.26-05.25.18:574][  0]LogTexture: Display: 텍스처 빌드: T_Blue_Metal02 (AutoDXT, 2048X2048)
[2018.12.26-05.25.18:574][  0]LogTexture: Display: 텍스처 빌드: T_TestML_Mask (AutoDXT, 512X512)
[2018.12.26-05.25.18:574][  0]LogTexture: Display: 텍스처 빌드: T_AtmosphericCloudNoise03 (BGRA8, 2048X2048)
[2018.12.26-05.25.18:574][  0]LogTexture: Display: 텍스처 빌드: T_AtmosphericCloudNoise01_N (BC5, 2048X2048)
[2018.12.26-05.25.18:574][  0]LogTexture: Display: 텍스처 빌드: T_AtmosphericCloudNoise01 (AutoDXT, 2048X2048)
[2018.12.26-05.25.18:574][  0]LogTexture: Display: 텍스처 빌드: T_Global_Feathers_Flow (BC5, 512X512)
[2018.12.26-05.25.18:574][  0]LogTexture: Display: 텍스처 빌드: T_Hawk_Feathers_Color (AutoDXT, 4096X4096)
[2018.12.26-05.25.18:574][  0]LogTexture: Display: 텍스처 빌드: T_Feather_Global_O (AutoDXT, 4096X4096)
[2018.12.26-05.25.18:574][  0]LogTexture: Display: 텍스처 빌드: T_Feather_Global_N (BC5, 4096X4096)
[2018.12.26-05.25.18:574][  0]LogTexture: Display: 텍스처 빌드: T_silkroughness (AutoDXT, 512X512)
[2018.12.26-05.25.18:574][  0]LogTexture: Display: 텍스처 빌드: T_Caustics_2 (DXT1, 512X512)
[2018.12.26-05.25.18:574][  0]LogTexture: Display: 텍스처 빌드: T_GoldFabric01_N (BC5, 2048X2048)
[2018.12.26-05.25.18:574][  0]LogTexture: Display: 텍스처 빌드: T_TeethAndTongue_N (BC5, 1024X1024)
[2018.12.26-05.25.18:574][  0]LogTexture: Display: 텍스처 빌드: T_TeethAndTongue_D (AutoDXT, 1024X1024)
[2018.12.26-05.25.18:575][  0]LogTexture: Display: 텍스처 빌드: T_Master_Mouth_1_RGB (AutoDXT, 2048X2048)
[2018.12.26-05.25.18:575][  0]LogTexture: Display: 텍스처 빌드: T_Master_Mouth_1_N (BC5, 2048X2048)
[2018.12.26-05.25.18:575][  0]LogTexture: Display: 텍스처 빌드: T_Master_Mouth_1_COLOR (AutoDXT, 2048X2048)
[2018.12.26-05.25.18:575][  0]LogTexture: Display: 텍스처 빌드: T_Gideon_Upperbody_RGB (AutoDXT, 4096X4096)
[2018.12.26-05.25.18:575][  0]LogTexture: Display: 텍스처 빌드: T_Gideon_OuterRing_RGB (AutoDXT, 4096X4096)
[2018.12.26-05.25.18:575][  0]LogTexture: Display: 텍스처 빌드: T_Gideon_OuterRing_Mask (AutoDXT, 4096X4096)
[2018.12.26-05.25.18:575][  0]LogTexture: Display: 텍스처 빌드: T_Gideon_OuterRing_Normals (BC5, 4096X4096)
[2018.12.26-05.25.18:575][  0]LogTexture: Display: 텍스처 빌드: T_ML_PaintedConstructionMetal_N (BC5, 2048X2048)
[2018.12.26-05.25.18:575][  0]LogTexture: Display: 텍스처 빌드: T_Cream_Painted_Metal_N (BC5, 2048X2048)
[2018.12.26-05.25.18:575][  0]LogTexture: Display: 텍스처 빌드: T_Gideon_Legs_normals (BC5, 4096X4096)
[2018.12.26-05.25.18:575][  0]LogTexture: Display: 텍스처 빌드: T_Gideon_Legs_RGB_2 (AutoDXT, 4096X4096)
[2018.12.26-05.25.19:345][  0]LogTexture: Display: 텍스처 빌드: T_Gideon_Legs_Mask_2 (AutoDXT, 4096X4096)
[2018.12.26-05.25.19:345][  0]LogMaterial: Display: Missing cached shader map for material Mat_RectProgressDefault, compiling. 
[2018.12.26-05.25.20:328][  0]LogTexture: Display: 텍스처 빌드: T_Gideon_Legs_Mask (AutoDXT, 4096X4096)
[2018.12.26-05.25.20:333][  0]LogShaderCompilers: Display: Shaders left to compile 25
[2018.12.26-05.25.20:333][  0]LogShaderCompilers: Display: Shaders left to compile 15
[2018.12.26-05.25.20:333][  0]LogShaderCompilers: Display: Shaders left to compile 5
[2018.12.26-05.25.21:842][  0]LogTexture: Display: 텍스처 빌드: T_Undertow_Wheel_Mask (AutoDXT, 4096X4096)
[2018.12.26-05.25.21:842][  0]LogMaterial: Display: Missing cached shader map for material M_UE4Man_Body, compiling. 
[2018.12.26-05.25.21:852][  0]LogMaterial: Warning: C:\Users\Utsuho\Desktop\General\ProjectSpace\UE4STAG\FujiwaraBattleField\Content\_Temporary\Pawn\Character\Mannequin\Materials\M_UE4Man_Body.uasset: Failed to compile Material for platform PCD3D_SM5, Default Material will be used in game.
[2018.12.26-05.25.21:852][  0]LogMaterial: 	(Node TextureSampleParameter2D) Param2D> Requires Texture2D
[2018.12.26-05.25.21:852][  0]LogMaterial: 	Function MatLayerBlend_NormalBlend: (Node MakeMaterialAttributes) Error on property Normal
[2018.12.26-05.25.21:852][  0]LogMaterial: 	(Node TextureSample) Texture Sample> Missing input texture
[2018.12.26-05.25.21:852][  0]LogMaterial: 	Function MatLayerBlend_Simple: (Node MakeMaterialAttributes) Error on property EmissiveColor
[2018.12.26-05.25.21:852][  0]LogMaterial: 	Function MatLayerBlend_Simple: (Node MakeMaterialAttributes) Error on property BaseColor
[2018.12.26-05.25.21:852][  0]LogMaterial: 	Function MatLayerBlend_Simple: (Node MakeMaterialAttributes) Error on property Metallic
[2018.12.26-05.25.21:852][  0]LogMaterial: 	Function MatLayerBlend_Simple: (Node MakeMaterialAttributes) Error on property Roughness
[2018.12.26-05.25.21:859][  0]LogMaterial: Display: Missing cached shader map for material M_UE4Man_Body, compiling. 
[2018.12.26-05.25.21:862][  0]LogMaterial: Warning: C:\Users\Utsuho\Desktop\General\ProjectSpace\UE4STAG\FujiwaraBattleField\Content\_Temporary\Pawn\Character\Mannequin\Materials\M_UE4Man_ChestLogo.uasset: Failed to compile Material Instance with Base M_UE4Man_Body for platform PCD3D_SM5, Default Material will be used in game.
[2018.12.26-05.25.21:862][  0]LogMaterial: 	(Node TextureSampleParameter2D) Param2D> Requires Texture2D
[2018.12.26-05.25.21:862][  0]LogMaterial: 	Function MatLayerBlend_NormalBlend: (Node MakeMaterialAttributes) Error on property Normal
[2018.12.26-05.25.21:863][  0]LogMaterial: 	Function ML_Plastic_Shiny_Beige_LOGO: (Node TextureSample) Logo Mask> Missing input texture
[2018.12.26-05.25.21:863][  0]LogMaterial: 	Function ML_Plastic_Shiny_Beige_LOGO: (Node MakeMaterialAttributes) Error on property OpacityMask
[2018.12.26-05.25.25:144][  0]LogAnimationCompression: Building Anim DDC data for AnimSequence /Game/ParagonGideon/Characters/Heroes/Gideon/Animations/Jog_Downhill_Fwd.Jog_Downhill_Fwd
[2018.12.26-05.25.25:148][  0]LogAnimationCompression: Recompressing (AnimSequence /Game/ParagonGideon/Characters/Heroes/Gideon/Animations/Jog_Downhill_Fwd.Jog_Downhill_Fwd) using current/default (AnimCompress_PerTrackCompression_8186) bFirstRecompressUsingCurrentOrDefault(1) bTryAlternateCompressor(0) IsCompressedDataValid(0)
[2018.12.26-05.25.25:164][  0]LogAnimationCompression: Building Anim DDC data for AnimSequence /Game/ParagonGideon/Characters/Heroes/Gideon/Animations/Jump_In_Place_Start.Jump_In_Place_Start
[2018.12.26-05.25.25:165][  0]LogAnimationCompression: Recompressing (AnimSequence /Game/ParagonGideon/Characters/Heroes/Gideon/Animations/Jump_In_Place_Start.Jump_In_Place_Start) using current/default (AnimCompress_PerTrackCompression_64) bFirstRecompressUsingCurrentOrDefault(1) bTryAlternateCompressor(0) IsCompressedDataValid(0)
[2018.12.26-05.25.25:264][  0]LogAnimationCompression: Building Anim DDC data for AnimSequence /Game/ParagonGideon/Characters/Heroes/Gideon/Animations/Jump_In_Place_Recover.Jump_In_Place_Recover
[2018.12.26-05.25.25:280][  0]LogAnimationCompression: Recompressing (AnimSequence /Game/ParagonGideon/Characters/Heroes/Gideon/Animations/Jump_In_Place_Recover.Jump_In_Place_Recover) using current/default (AnimCompress_PerTrackCompression_3) bFirstRecompressUsingCurrentOrDefault(1) bTryAlternateCompressor(0) IsCompressedDataValid(0)
[2018.12.26-05.25.25:427][  0]LogAnimationCompression: Building Anim DDC data for AnimSequence /Game/ParagonGideon/Characters/Heroes/Gideon/Animations/Jump_In_Place_Land.Jump_In_Place_Land
[2018.12.26-05.25.25:428][  0]LogAnimationCompression: Recompressing (AnimSequence /Game/ParagonGideon/Characters/Heroes/Gideon/Animations/Jump_In_Place_Land.Jump_In_Place_Land) using current/default (AnimCompress_PerTrackCompression_61) bFirstRecompressUsingCurrentOrDefault(1) bTryAlternateCompressor(0) IsCompressedDataValid(0)
[2018.12.26-05.25.25:598][  0]LogAnimationCompression: Building Anim DDC data for AnimSequence /Game/ParagonGideon/Characters/Heroes/Gideon/Animations/Jump_In_Place_Apex.Jump_In_Place_Apex
[2018.12.26-05.25.25:599][  0]LogAnimationCompression: Recompressing (AnimSequence /Game/ParagonGideon/Characters/Heroes/Gideon/Animations/Jump_In_Place_Apex.Jump_In_Place_Apex) using current/default (AnimCompress_PerTrackCompression_60) bFirstRecompressUsingCurrentOrDefault(1) bTryAlternateCompressor(0) IsCompressedDataValid(0)
[2018.12.26-05.25.25:725][  0]LogAnimationCompression: Building Anim DDC data for AnimSequence /Game/ParagonGideon/Characters/Heroes/Gideon/Animations/Jog_Fwd_Stop.Jog_Fwd_Stop
[2018.12.26-05.25.25:725][  0]LogAnimationCompression: Recompressing (AnimSequence /Game/ParagonGideon/Characters/Heroes/Gideon/Animations/Jog_Fwd_Stop.Jog_Fwd_Stop) using current/default (AnimCompress_PerTrackCompression_8404) bFirstRecompressUsingCurrentOrDefault(1) bTryAlternateCompressor(0) IsCompressedDataValid(0)
[2018.12.26-05.25.26:151][  0]LogAnimationCompression: Building Anim DDC data for AnimSequence /Game/ParagonGideon/Characters/Heroes/Gideon/Animations/Jog_Fwd_Start.Jog_Fwd_Start
[2018.12.26-05.25.26:152][  0]LogAnimationCompression: Recompressing (AnimSequence /Game/ParagonGideon/Characters/Heroes/Gideon/Animations/Jog_Fwd_Start.Jog_Fwd_Start) using current/default (AnimCompress_PerTrackCompression_8376) bFirstRecompressUsingCurrentOrDefault(1) bTryAlternateCompressor(0) IsCompressedDataValid(0)
[2018.12.26-05.25.26:584][  0]LogAnimationCompression: Building Anim DDC data for AnimSequence /Game/ParagonGideon/Characters/Heroes/Gideon/Animations/LevelStart.LevelStart
[2018.12.26-05.25.26:586][  0]LogAnimationCompression: Recompressing (AnimSequence /Game/ParagonGideon/Characters/Heroes/Gideon/Animations/LevelStart.LevelStart) using current/default (AnimCompress_PerTrackCompression_3) bFirstRecompressUsingCurrentOrDefault(1) bTryAlternateCompressor(0) IsCompressedDataValid(0)
[2018.12.26-05.25.27:310][  0]LogTexture: Display: 텍스처 빌드: T_Gideon_Wheel_Demo_N (BC5, 4096X4096)
[2018.12.26-05.25.27:322][  0]LogAnimationCompression: Building Anim DDC data for AnimSequence /Game/ParagonGideon/Characters/Heroes/Gideon/Animations/Idle.Idle
[2018.12.26-05.25.27:323][  0]LogAnimationCompression: Recompressing (AnimSequence /Game/ParagonGideon/Characters/Heroes/Gideon/Animations/Idle.Idle) using current/default (AnimCompress_PerTrackCompression_7916) bFirstRecompressUsingCurrentOrDefault(1) bTryAlternateCompressor(0) IsCompressedDataValid(0)
[2018.12.26-05.25.27:368][  0]LogAnimationCompression: Building Anim DDC data for AnimSequence /Game/ParagonGideon/Characters/Heroes/Gideon/Animations/AimOffsets/AO_RU.AO_RU
[2018.12.26-05.25.27:372][  0]LogAnimationCompression: Recompressing (AnimSequence /Game/ParagonGideon/Characters/Heroes/Gideon/Animations/AimOffsets/AO_RU.AO_RU) using current/default (AnimCompress_PerTrackCompression_3583) bFirstRecompressUsingCurrentOrDefault(1) bTryAlternateCompressor(0) IsCompressedDataValid(0)
[2018.12.26-05.25.27:410][  0]LogAnimationCompression: Building Anim DDC data for AnimSequence /Game/ParagonGideon/Characters/Heroes/Gideon/Animations/AimOffsets/AO_RD.AO_RD
[2018.12.26-05.25.27:413][  0]LogAnimationCompression: Recompressing (AnimSequence /Game/ParagonGideon/Characters/Heroes/Gideon/Animations/AimOffsets/AO_RD.AO_RD) using current/default (AnimCompress_PerTrackCompression_3565) bFirstRecompressUsingCurrentOrDefault(1) bTryAlternateCompressor(0) IsCompressedDataValid(0)
[2018.12.26-05.25.27:416][  0]LogAnimationCompression: Building Anim DDC data for AnimSequence /Game/ParagonGideon/Characters/Heroes/Gideon/Animations/AimOffsets/AO_RC.AO_RC
[2018.12.26-05.25.27:418][  0]LogAnimationCompression: Recompressing (AnimSequence /Game/ParagonGideon/Characters/Heroes/Gideon/Animations/AimOffsets/AO_RC.AO_RC) using current/default (AnimCompress_PerTrackCompression_0) bFirstRecompressUsingCurrentOrDefault(1) bTryAlternateCompressor(0) IsCompressedDataValid(0)
[2018.12.26-05.25.27:459][  0]LogAnimationCompression: Building Anim DDC data for AnimSequence /Game/ParagonGideon/Characters/Heroes/Gideon/Animations/AimOffsets/AO_LU.AO_LU
[2018.12.26-05.25.27:460][  0]LogAnimationCompression: Recompressing (AnimSequence /Game/ParagonGideon/Characters/Heroes/Gideon/Animations/AimOffsets/AO_LU.AO_LU) using current/default (AnimCompress_PerTrackCompression_3471) bFirstRecompressUsingCurrentOrDefault(1) bTryAlternateCompressor(0) IsCompressedDataValid(0)
[2018.12.26-05.25.27:520][  0]LogAnimationCompression: Building Anim DDC data for AnimSequence /Game/ParagonGideon/Characters/Heroes/Gideon/Animations/AimOffsets/AO_LD.AO_LD
[2018.12.26-05.25.27:522][  0]LogAnimationCompression: Recompressing (AnimSequence /Game/ParagonGideon/Characters/Heroes/Gideon/Animations/AimOffsets/AO_LD.AO_LD) using current/default (AnimCompress_PerTrackCompression_3453) bFirstRecompressUsingCurrentOrDefault(1) bTryAlternateCompressor(0) IsCompressedDataValid(0)
[2018.12.26-05.25.27:525][  0]LogAnimationCompression: Building Anim DDC data for AnimSequence /Game/ParagonGideon/Characters/Heroes/Gideon/Animations/AimOffsets/AO_LC.AO_LC
[2018.12.26-05.25.27:526][  0]LogAnimationCompression: Recompressing (AnimSequence /Game/ParagonGideon/Characters/Heroes/Gideon/Animations/AimOffsets/AO_LC.AO_LC) using current/default (AnimCompress_PerTrackCompression_3425) bFirstRecompressUsingCurrentOrDefault(1) bTryAlternateCompressor(0) IsCompressedDataValid(0)
[2018.12.26-05.25.27:529][  0]LogAnimationCompression: Building Anim DDC data for AnimSequence /Game/ParagonGideon/Characters/Heroes/Gideon/Animations/AimOffsets/AO_CU.AO_CU
[2018.12.26-05.25.27:530][  0]LogAnimationCompression: Recompressing (AnimSequence /Game/ParagonGideon/Characters/Heroes/Gideon/Animations/AimOffsets/AO_CU.AO_CU) using current/default (AnimCompress_PerTrackCompression_3355) bFirstRecompressUsingCurrentOrDefault(1) bTryAlternateCompressor(0) IsCompressedDataValid(0)
[2018.12.26-05.25.27:533][  0]LogAnimationCompression: Building Anim DDC data for AnimSequence /Game/ParagonGideon/Characters/Heroes/Gideon/Animations/AimOffsets/AO_CD.AO_CD
[2018.12.26-05.25.27:535][  0]LogAnimationCompression: Recompressing (AnimSequence /Game/ParagonGideon/Characters/Heroes/Gideon/Animations/AimOffsets/AO_CD.AO_CD) using current/default (AnimCompress_PerTrackCompression_3346) bFirstRecompressUsingCurrentOrDefault(1) bTryAlternateCompressor(0) IsCompressedDataValid(0)
[2018.12.26-05.25.27:573][  0]LogAnimationCompression: Building Anim DDC data for AnimSequence /Game/ParagonGideon/Characters/Heroes/Gideon/Animations/AimOffsets/AO_CC.AO_CC
[2018.12.26-05.25.27:575][  0]LogAnimationCompression: Recompressing (AnimSequence /Game/ParagonGideon/Characters/Heroes/Gideon/Animations/AimOffsets/AO_CC.AO_CC) using current/default (AnimCompress_PerTrackCompression_3309) bFirstRecompressUsingCurrentOrDefault(1) bTryAlternateCompressor(0) IsCompressedDataValid(0)
[2018.12.26-05.25.27:943][  0]LogAnimationCompression: Building Anim DDC data for AnimSequence /Game/ParagonPhase/Characters/Heroes/Phase/Animations/Jog_Fwd_Uphill.Jog_Fwd_Uphill
[2018.12.26-05.25.27:946][  0]LogAnimationCompression: Recompressing (AnimSequence /Game/ParagonPhase/Characters/Heroes/Phase/Animations/Jog_Fwd_Uphill.Jog_Fwd_Uphill) using current/default (AnimCompress_PerTrackCompression_1) bFirstRecompressUsingCurrentOrDefault(1) bTryAlternateCompressor(0) IsCompressedDataValid(0)
[2018.12.26-05.25.28:121][  0]LogAnimationCompression: Building Anim DDC data for AnimSequence /Game/ParagonPhase/Characters/Heroes/Phase/Animations/Jog_Fwd_Downhill.Jog_Fwd_Downhill
[2018.12.26-05.25.28:122][  0]LogAnimationCompression: Recompressing (AnimSequence /Game/ParagonPhase/Characters/Heroes/Phase/Animations/Jog_Fwd_Downhill.Jog_Fwd_Downhill) using current/default (AnimCompress_PerTrackCompression_1) bFirstRecompressUsingCurrentOrDefault(1) bTryAlternateCompressor(0) IsCompressedDataValid(0)
[2018.12.26-05.25.28:290][  0]LogAnimationCompression: Building Anim DDC data for AnimSequence /Game/ParagonPhase/Characters/Heroes/Phase/Animations/Jog_Fwd_Circle_Right.Jog_Fwd_Circle_Right
[2018.12.26-05.25.28:291][  0]LogAnimationCompression: Recompressing (AnimSequence /Game/ParagonPhase/Characters/Heroes/Phase/Animations/Jog_Fwd_Circle_Right.Jog_Fwd_Circle_Right) using current/default (AnimCompress_PerTrackCompression_0) bFirstRecompressUsingCurrentOrDefault(1) bTryAlternateCompressor(0) IsCompressedDataValid(0)
[2018.12.26-05.25.29:437][  0]LogAnimationCompression: Building Anim DDC data for AnimSequence /Game/ParagonPhase/Characters/Heroes/Phase/Animations/Jog_Fwd_Circle_Left.Jog_Fwd_Circle_Left
[2018.12.26-05.25.29:438][  0]LogAnimationCompression: Recompressing (AnimSequence /Game/ParagonPhase/Characters/Heroes/Phase/Animations/Jog_Fwd_Circle_Left.Jog_Fwd_Circle_Left) using current/default (AnimCompress_PerTrackCompression_0) bFirstRecompressUsingCurrentOrDefault(1) bTryAlternateCompressor(0) IsCompressedDataValid(0)
[2018.12.26-05.25.29:508][  0]LogAnimationCompression: Building Anim DDC data for AnimSequence /Game/ParagonPhase/Characters/Heroes/Phase/Animations/Jog_Fwd.Jog_Fwd
[2018.12.26-05.25.29:509][  0]LogAnimationCompression: Recompressing (AnimSequence /Game/ParagonPhase/Characters/Heroes/Phase/Animations/Jog_Fwd.Jog_Fwd) using current/default (AnimCompress_PerTrackCompression_1) bFirstRecompressUsingCurrentOrDefault(1) bTryAlternateCompressor(0) IsCompressedDataValid(0)
[2018.12.26-05.25.29:765][  0]LogTexture: Display: 텍스처 빌드: T_Wood01_D (AutoDXT, 1024X1024)
[2018.12.26-05.25.29:765][  0]LogAnimationCompression: Building Anim DDC data for AnimSequence /Game/ParagonPhase/Characters/Heroes/Phase/Animations/Jump_Start.Jump_Start
[2018.12.26-05.25.29:765][  0]LogAnimationCompression: Recompressing (AnimSequence /Game/ParagonPhase/Characters/Heroes/Phase/Animations/Jump_Start.Jump_Start) using current/default (AnimCompress_PerTrackCompression_0) bFirstRecompressUsingCurrentOrDefault(1) bTryAlternateCompressor(0) IsCompressedDataValid(0)
[2018.12.26-05.25.29:819][  0]LogAnimationCompression: Building Anim DDC data for AnimSequence /Game/ParagonPhase/Characters/Heroes/Phase/Animations/Jump_Recovery_Additive.Jump_Recovery_Additive
[2018.12.26-05.25.29:828][  0]LogAnimationCompression: Recompressing (AnimSequence /Game/ParagonPhase/Characters/Heroes/Phase/Animations/Jump_Recovery_Additive.Jump_Recovery_Additive) using current/default (AnimCompress_PerTrackCompression_1) bFirstRecompressUsingCurrentOrDefault(1) bTryAlternateCompressor(0) IsCompressedDataValid(0)
[2018.12.26-05.25.30:188][  0]LogAnimationCompression: Building Anim DDC data for AnimSequence /Game/ParagonPhase/Characters/Heroes/Phase/Animations/Jump_Land.Jump_Land
[2018.12.26-05.25.30:188][  0]LogAnimationCompression: Recompressing (AnimSequence /Game/ParagonPhase/Characters/Heroes/Phase/Animations/Jump_Land.Jump_Land) using current/default (AnimCompress_PerTrackCompression_27) bFirstRecompressUsingCurrentOrDefault(1) bTryAlternateCompressor(0) IsCompressedDataValid(0)
[2018.12.26-05.25.30:268][  0]LogAnimationCompression: Building Anim DDC data for AnimSequence /Game/ParagonPhase/Characters/Heroes/Phase/Animations/Jump_Apex.Jump_Apex
[2018.12.26-05.25.30:269][  0]LogAnimationCompression: Recompressing (AnimSequence /Game/ParagonPhase/Characters/Heroes/Phase/Animations/Jump_Apex.Jump_Apex) using current/default (AnimCompress_PerTrackCompression_0) bFirstRecompressUsingCurrentOrDefault(1) bTryAlternateCompressor(0) IsCompressedDataValid(0)
[2018.12.26-05.25.30:348][  0]LogAnimationCompression: Building Anim DDC data for AnimSequence /Game/ParagonPhase/Characters/Heroes/Phase/Animations/Jog_Fwd_Stop.Jog_Fwd_Stop
[2018.12.26-05.25.30:348][  0]LogAnimationCompression: Recompressing (AnimSequence /Game/ParagonPhase/Characters/Heroes/Phase/Animations/Jog_Fwd_Stop.Jog_Fwd_Stop) using current/default (AnimCompress_PerTrackCompression_0) bFirstRecompressUsingCurrentOrDefault(1) bTryAlternateCompressor(0) IsCompressedDataValid(0)
[2018.12.26-05.25.30:361][  0]LogAnimationCompression: Building Anim DDC data for AnimSequence /Game/ParagonPhase/Characters/Heroes/Phase/Animations/Jog_Fwd_Start.Jog_Fwd_Start
[2018.12.26-05.25.30:362][  0]LogAnimationCompression: Recompressing (AnimSequence /Game/ParagonPhase/Characters/Heroes/Phase/Animations/Jog_Fwd_Start.Jog_Fwd_Start) using current/default (AnimCompress_PerTrackCompression_0) bFirstRecompressUsingCurrentOrDefault(1) bTryAlternateCompressor(0) IsCompressedDataValid(0)
[2018.12.26-05.25.30:766][  0]LogAnimationCompression: Building Anim DDC data for AnimSequence /Game/ParagonPhase/Characters/Heroes/Phase/Animations/LevelStart.LevelStart
[2018.12.26-05.25.30:768][  0]LogAnimationCompression: Recompressing (AnimSequence /Game/ParagonPhase/Characters/Heroes/Phase/Animations/LevelStart.LevelStart) using current/default (AnimCompress_PerTrackCompression_0) bFirstRecompressUsingCurrentOrDefault(1) bTryAlternateCompressor(0) IsCompressedDataValid(0)
[2018.12.26-05.25.30:793][  0]LogAnimationCompression: Building Anim DDC data for AnimSequence /Game/ParagonPhase/Characters/Heroes/Phase/Animations/Idle.Idle
[2018.12.26-05.25.30:793][  0]LogAnimationCompression: Recompressing (AnimSequence /Game/ParagonPhase/Characters/Heroes/Phase/Animations/Idle.Idle) using current/default (AnimCompress_PerTrackCompression_0) bFirstRecompressUsingCurrentOrDefault(1) bTryAlternateCompressor(0) IsCompressedDataValid(0)
[2018.12.26-05.25.30:823][  0]LogAnimationCompression: Building Anim DDC data for AnimSequence /Game/ParagonPhase/Characters/Heroes/Phase/Animations/AimOffset/Idle_AO_RU.Idle_AO_RU
[2018.12.26-05.25.30:825][  0]LogAnimationCompression: Recompressing (AnimSequence /Game/ParagonPhase/Characters/Heroes/Phase/Animations/AimOffset/Idle_AO_RU.Idle_AO_RU) using current/default (AnimCompress_PerTrackCompression_0) bFirstRecompressUsingCurrentOrDefault(1) bTryAlternateCompressor(0) IsCompressedDataValid(0)
[2018.12.26-05.25.30:844][  0]LogAnimationCompression: Building Anim DDC data for AnimSequence /Game/ParagonPhase/Characters/Heroes/Phase/Animations/AimOffset/Idle_AO_RD.Idle_AO_RD
[2018.12.26-05.25.30:845][  0]LogAnimationCompression: Recompressing (AnimSequence /Game/ParagonPhase/Characters/Heroes/Phase/Animations/AimOffset/Idle_AO_RD.Idle_AO_RD) using current/default (AnimCompress_PerTrackCompression_0) bFirstRecompressUsingCurrentOrDefault(1) bTryAlternateCompressor(0) IsCompressedDataValid(0)
[2018.12.26-05.25.30:864][  0]LogAnimationCompression: Building Anim DDC data for AnimSequence /Game/ParagonPhase/Characters/Heroes/Phase/Animations/AimOffset/Idle_AO_RC.Idle_AO_RC
[2018.12.26-05.25.30:865][  0]LogAnimationCompression: Recompressing (AnimSequence /Game/ParagonPhase/Characters/Heroes/Phase/Animations/AimOffset/Idle_AO_RC.Idle_AO_RC) using current/default (AnimCompress_PerTrackCompression_0) bFirstRecompressUsingCurrentOrDefault(1) bTryAlternateCompressor(0) IsCompressedDataValid(0)
[2018.12.26-05.25.30:868][  0]LogAnimationCompression: Building Anim DDC data for AnimSequence /Game/ParagonPhase/Characters/Heroes/Phase/Animations/AimOffset/Idle_AO_LU.Idle_AO_LU
[2018.12.26-05.25.30:869][  0]LogAnimationCompression: Recompressing (AnimSequence /Game/ParagonPhase/Characters/Heroes/Phase/Animations/AimOffset/Idle_AO_LU.Idle_AO_LU) using current/default (AnimCompress_PerTrackCompression_0) bFirstRecompressUsingCurrentOrDefault(1) bTryAlternateCompressor(0) IsCompressedDataValid(0)
[2018.12.26-05.25.30:879][  0]LogAnimationCompression: Building Anim DDC data for AnimSequence /Game/ParagonPhase/Characters/Heroes/Phase/Animations/AimOffset/Idle_AO_LD.Idle_AO_LD
[2018.12.26-05.25.30:880][  0]LogAnimationCompression: Recompressing (AnimSequence /Game/ParagonPhase/Characters/Heroes/Phase/Animations/AimOffset/Idle_AO_LD.Idle_AO_LD) using current/default (AnimCompress_PerTrackCompression_0) bFirstRecompressUsingCurrentOrDefault(1) bTryAlternateCompressor(0) IsCompressedDataValid(0)
[2018.12.26-05.25.30:900][  0]LogAnimationCompression: Building Anim DDC data for AnimSequence /Game/ParagonPhase/Characters/Heroes/Phase/Animations/AimOffset/Idle_AO_LC.Idle_AO_LC
[2018.12.26-05.25.30:902][  0]LogAnimationCompression: Recompressing (AnimSequence /Game/ParagonPhase/Characters/Heroes/Phase/Animations/AimOffset/Idle_AO_LC.Idle_AO_LC) using current/default (AnimCompress_PerTrackCompression_0) bFirstRecompressUsingCurrentOrDefault(1) bTryAlternateCompressor(0) IsCompressedDataValid(0)
[2018.12.26-05.25.30:912][  0]LogAnimationCompression: Building Anim DDC data for AnimSequence /Game/ParagonPhase/Characters/Heroes/Phase/Animations/AimOffset/Idle_AO_CU.Idle_AO_CU
[2018.12.26-05.25.30:913][  0]LogAnimationCompression: Recompressing (AnimSequence /Game/ParagonPhase/Characters/Heroes/Phase/Animations/AimOffset/Idle_AO_CU.Idle_AO_CU) using current/default (AnimCompress_PerTrackCompression_0) bFirstRecompressUsingCurrentOrDefault(1) bTryAlternateCompressor(0) IsCompressedDataValid(0)
[2018.12.26-05.25.30:931][  0]LogAnimationCompression: Building Anim DDC data for AnimSequence /Game/ParagonPhase/Characters/Heroes/Phase/Animations/AimOffset/Idle_AO_CD.Idle_AO_CD
[2018.12.26-05.25.30:932][  0]LogAnimationCompression: Recompressing (AnimSequence /Game/ParagonPhase/Characters/Heroes/Phase/Animations/AimOffset/Idle_AO_CD.Idle_AO_CD) using current/default (AnimCompress_PerTrackCompression_0) bFirstRecompressUsingCurrentOrDefault(1) bTryAlternateCompressor(0) IsCompressedDataValid(0)
[2018.12.26-05.25.30:952][  0]LogAnimationCompression: Building Anim DDC data for AnimSequence /Game/ParagonPhase/Characters/Heroes/Phase/Animations/AimOffset/Idle_AO_CC.Idle_AO_CC
[2018.12.26-05.25.30:953][  0]LogAnimationCompression: Recompressing (AnimSequence /Game/ParagonPhase/Characters/Heroes/Phase/Animations/AimOffset/Idle_AO_CC.Idle_AO_CC) using current/default (AnimCompress_PerTrackCompression_0) bFirstRecompressUsingCurrentOrDefault(1) bTryAlternateCompressor(0) IsCompressedDataValid(0)
[2018.12.26-05.25.31:588][  0]LogTexture: Display: 텍스처 빌드: T_Swirly_Noise (AutoDXT, 1024X1024)
[2018.12.26-05.25.31:588][  0]LogMaterial: Display: Missing cached shader map for material M_EyelashMaster, compiling. 
[2018.12.26-05.25.31:934][  0]LogShaderCompilers: Display: Shaders left to compile 205
[2018.12.26-05.25.31:934][  0]LogShaderCompilers: Display: Shaders left to compile 195
[2018.12.26-05.25.31:938][  0]LogSkeletalMesh: Building Skeletal Mesh Gideon...
[2018.12.26-05.25.32:477][  0]LogSkeletalMesh: Built Skeletal Mesh [0.54s] /Game/ParagonGideon/Characters/Heroes/Gideon/Meshes/Gideon.Gideon
[2018.12.26-05.25.32:479][  0]LogAnimationCompression: Building Anim DDC data for AnimSequence /Game/ParagonGideon/Characters/Heroes/Gideon/Animations/Primary_Attack_C_Medium.Primary_Attack_C_Medium
[2018.12.26-05.25.32:480][  0]LogAnimationCompression: Recompressing (AnimSequence /Game/ParagonGideon/Characters/Heroes/Gideon/Animations/Primary_Attack_C_Medium.Primary_Attack_C_Medium) using current/default (AnimCompress_PerTrackCompression_0) bFirstRecompressUsingCurrentOrDefault(1) bTryAlternateCompressor(0) IsCompressedDataValid(0)
[2018.12.26-05.25.32:820][  0]LogAnimationCompression: Building Anim DDC data for AnimSequence /Game/ParagonGideon/Characters/Heroes/Gideon/Animations/Primary_Attack_B_Medium.Primary_Attack_B_Medium
[2018.12.26-05.25.32:821][  0]LogAnimationCompression: Recompressing (AnimSequence /Game/ParagonGideon/Characters/Heroes/Gideon/Animations/Primary_Attack_B_Medium.Primary_Attack_B_Medium) using current/default (AnimCompress_PerTrackCompression_0) bFirstRecompressUsingCurrentOrDefault(1) bTryAlternateCompressor(0) IsCompressedDataValid(0)
[2018.12.26-05.25.33:214][  0]LogTexture: Display: 텍스처 빌드: T_EpicQuadPanorama_CC (RGBA16F, 7372X3686)
[2018.12.26-05.25.33:214][  0]LogTexture: Display: 텍스처 빌드: T_DecalMask_Radial03 (G8, 512X512)
[2018.12.26-05.25.33:218][  0]LogAnimationCompression: Building Anim DDC data for AnimSequence /Game/ParagonGideon/Characters/Heroes/Gideon/Animations/Primary_Attack_A_Medium.Primary_Attack_A_Medium
[2018.12.26-05.25.33:219][  0]LogAnimationCompression: Recompressing (AnimSequence /Game/ParagonGideon/Characters/Heroes/Gideon/Animations/Primary_Attack_A_Medium.Primary_Attack_A_Medium) using current/default (AnimCompress_PerTrackCompression_0) bFirstRecompressUsingCurrentOrDefault(1) bTryAlternateCompressor(0) IsCompressedDataValid(0)
[2018.12.26-05.25.34:125][  0]LogTexture: Display: 텍스처 빌드: T_Sphere_EYE_NORMALS (BC5, 1024X1024)
[2018.12.26-05.25.34:125][  0]LogTexture: Display: 텍스처 빌드: T_EyeIrisBaseColor_Example_2 (AutoDXT, 512X512)
[2018.12.26-05.25.34:125][  0]LogAnimationCompression: Building Anim DDC data for AnimSequence /Game/ParagonGideon/Characters/Heroes/Gideon/Animations/Jog_Uphill_Fwd.Jog_Uphill_Fwd
[2018.12.26-05.25.34:127][  0]LogAnimationCompression: Recompressing (AnimSequence /Game/ParagonGideon/Characters/Heroes/Gideon/Animations/Jog_Uphill_Fwd.Jog_Uphill_Fwd) using current/default (AnimCompress_PerTrackCompression_8780) bFirstRecompressUsingCurrentOrDefault(1) bTryAlternateCompressor(0) IsCompressedDataValid(0)
[2018.12.26-05.25.34:134][  0]LogAnimationCompression: Building Anim DDC data for AnimSequence /Game/ParagonGideon/Characters/Heroes/Gideon/Animations/Jog_Fwd_Circle_Right.Jog_Fwd_Circle_Right
[2018.12.26-05.25.34:135][  0]LogAnimationCompression: Recompressing (AnimSequence /Game/ParagonGideon/Characters/Heroes/Gideon/Animations/Jog_Fwd_Circle_Right.Jog_Fwd_Circle_Right) using current/default (AnimCompress_PerTrackCompression_8325) bFirstRecompressUsingCurrentOrDefault(1) bTryAlternateCompressor(0) IsCompressedDataValid(0)
[2018.12.26-05.25.34:270][  0]LogTexture: Display: 텍스처 빌드: T_Eye_Wet_Normal (BC5, 1024X1024)
[2018.12.26-05.25.34:270][  0]LogAnimationCompression: Building Anim DDC data for AnimSequence /Game/ParagonGideon/Characters/Heroes/Gideon/Animations/Jog_Fwd_Circle_Left.Jog_Fwd_Circle_Left
[2018.12.26-05.25.34:270][  0]LogAnimationCompression: Recompressing (AnimSequence /Game/ParagonGideon/Characters/Heroes/Gideon/Animations/Jog_Fwd_Circle_Left.Jog_Fwd_Circle_Left) using current/default (AnimCompress_PerTrackCompression_8294) bFirstRecompressUsingCurrentOrDefault(1) bTryAlternateCompressor(0) IsCompressedDataValid(0)
[2018.12.26-05.25.34:279][  0]LogAnimationCompression: Building Anim DDC data for AnimSequence /Game/ParagonGideon/Characters/Heroes/Gideon/Animations/Jog_Fwd.Jog_Fwd
[2018.12.26-05.25.34:280][  0]LogAnimationCompression: Recompressing (AnimSequence /Game/ParagonGideon/Characters/Heroes/Gideon/Animations/Jog_Fwd.Jog_Fwd) using current/default (AnimCompress_PerTrackCompression_0) bFirstRecompressUsingCurrentOrDefault(1) bTryAlternateCompressor(0) IsCompressedDataValid(0)
[2018.12.26-05.25.35:759][  0]LogTexture: Display: 텍스처 빌드: T_EYE_NORMALS (BC5, 512X512)
[2018.12.26-05.25.35:759][  0]LogTexture: Display: 텍스처 빌드: T_EyeMidPlaneDisplacement_Example (RGBA16F, 1024X1024)
[2018.12.26-05.25.35:759][  0]LogTexture: Display: 텍스처 빌드: T_EyeScleraBaseColor_Example_2 (AutoDXT, 2048X2048)
[2018.12.26-05.25.35:759][  0]LogTexture: Display: 텍스처 빌드: T_HairClump02_DyeMask (AutoDXT, 2048X2048)
[2018.12.26-05.25.35:759][  0]LogTexture: Display: 텍스처 빌드: T_HairClump02_ID (G8, 2048X2048)
[2018.12.26-05.25.35:759][  0]LogTexture: Display: 텍스처 빌드: T_RoughMetal01 (AutoDXT, 2048X2048)
[2018.12.26-05.25.51:779][  0]LogTexture: Display: 텍스처 빌드: T_HairClump02_Depth (G8, 2048X2048)
[2018.12.26-05.25.51:784][  0]LogTexture: Display: 텍스처 빌드: T_HairClump02_Alpha (G8, 2048X2048)
[2018.12.26-05.25.51:784][  0]LogTexture: Display: 텍스처 빌드: T_gradient_stasis (AutoDXT, 256X256)
[2018.12.26-05.25.51:784][  0]LogTexture: Display: 텍스처 빌드: T_BEARD_ID_01 (G8, 4096X4096)
[2018.12.26-05.25.51:784][  0]LogTexture: Display: 텍스처 빌드: T_BEARD_Grad_01 (G8, 4096X4096)
[2018.12.26-05.25.51:784][  0]LogTexture: Display: 텍스처 빌드: T_BEARD_Alpha_01 (G8, 4096X4096)
[2018.12.26-05.25.51:784][  0]LogTexture: Display: 텍스처 빌드: T_HairClump02_Roots (G8, 2048X2048)
[2018.12.26-05.25.51:784][  0]LogTexture: Display: 텍스처 빌드: T_Phase_Backpack_Purse_RGBAO (AutoDXT, 4096X4096)
[2018.12.26-05.25.51:784][  0]LogTexture: Display: 텍스처 빌드: T_ThinFilm_Spectrum_COLOR (AutoDXT, 256X64)
[2018.12.26-05.25.51:784][  0]LogTexture: Display: 텍스처 빌드: T_Phase_body_head_2_DIFF (AutoDXT, 4096X4096)
[2018.12.26-05.25.51:784][  0]LogTexture: Display: 텍스처 빌드: T_Feather_Global_Masks (AutoDXT, 4096X4096)
[2018.12.26-05.25.51:784][  0]LogTexture: Display: 텍스처 빌드: T_Undertow_Wheel_RGB (AutoDXT, 4096X4096)
[2018.12.26-05.25.55:635][  0]LogTexture: Display: 텍스처 빌드: T_T_Worn_Under_Leather (AutoDXT, 2048X2048)
[2018.12.26-05.26.14:205][  0]LogTexture: Display: 텍스처 빌드: T_ML_FineLeather01 (AutoDXT, 2048X2048)
