Log file open, 11/23/18 14:54:37
LogWindows: Failed to load 'aqProf.dll' (GetLastError=126)
LogWindows: File 'aqProf.dll' does not exist
LogWindows: Failed to load 'VSPerf140.dll' (GetLastError=126)
LogWindows: File 'VSPerf140.dll' does not exist
LogWindows: Failed to load 'VtuneApi.dll' (GetLastError=126)
LogWindows: File 'VtuneApi.dll' does not exist
LogWindows: Failed to load 'VtuneApi32e.dll' (GetLastError=126)
LogWindows: File 'VtuneApi32e.dll' does not exist
LogInit: Display: Running engine for game: FujiwaraBattleField
LogPlatformFile: Not using cached read wrapper
LogTaskGraph: Started task graph with 5 named threads and 11 total threads with 3 sets of task threads.
LogStats: Stats thread started at 0.184620
LogD3D11RHI: Loaded GFSDK_Aftermath_Lib.x64.dll
LogICUInternationalization: Display: ICU TimeZone Detection - Raw Offset: +9:00, Platform Override: ''
LogPluginManager: Mounting plugin Paper2D
LogPluginManager: Mounting plugin AISupport
LogPluginManager: Mounting plugin LightPropagationVolume
LogPluginManager: Mounting plugin CLionSourceCodeAccess
LogPluginManager: Mounting plugin CodeLiteSourceCodeAccess
LogPluginManager: Mounting plugin GitSourceControl
LogPluginManager: Mounting plugin KDevelopSourceCodeAccess
LogPluginManager: Mounting plugin NullSourceCodeAccess
LogPluginManager: Mounting plugin PerforceSourceControl
LogPluginManager: Mounting plugin SubversionSourceControl
LogPluginManager: Mounting plugin UObjectPlugin
LogPluginManager: Mounting plugin VisualStudioCodeSourceCodeAccess
LogPluginManager: Mounting plugin VisualStudioSourceCodeAccess
LogPluginManager: Mounting plugin XCodeSourceCodeAccess
LogPluginManager: Mounting plugin AssetManagerEditor
LogPluginManager: Mounting plugin CryptoKeys
LogPluginManager: Mounting plugin DataValidation
LogPluginManager: Mounting plugin FacialAnimation
LogPluginManager: Mounting plugin GameplayTagsEditor
LogPluginManager: Mounting plugin MacGraphicsSwitching
LogPluginManager: Mounting plugin MeshEditor
LogPluginManager: Mounting plugin MobileLauncherProfileWizard
LogPluginManager: Mounting plugin PluginBrowser
LogPluginManager: Mounting plugin SpeedTreeImporter
LogPluginManager: Mounting plugin DatasmithContent
LogPluginManager: Mounting plugin AlembicImporter
LogPluginManager: Mounting plugin AppleImageUtils
LogPluginManager: Mounting plugin AppleVision
LogPluginManager: Mounting plugin BackChannel
LogPluginManager: Mounting plugin CharacterAI
LogPluginManager: Mounting plugin GeometryCache
LogPluginManager: Mounting plugin HTML5Networking
LogPluginManager: Mounting plugin ProxyLODPlugin
LogPluginManager: Mounting plugin MagicLeap
LogPluginManager: Mounting plugin MagicLeapEmulator
LogPluginManager: Mounting plugin MagicLeapMedia
LogPluginManager: Mounting plugin AndroidMedia
LogPluginManager: Mounting plugin AvfMedia
LogPluginManager: Mounting plugin ImgMedia
LogPluginManager: Mounting plugin LinearTimecode
LogPluginManager: Mounting plugin MediaCompositing
LogPluginManager: Mounting plugin MediaPlayerEditor
LogPluginManager: Mounting plugin WmfMedia
LogPluginManager: Mounting plugin TcpMessaging
LogPluginManager: Mounting plugin UdpMessaging
LogPluginManager: Mounting plugin ActorSequence
LogPluginManager: Mounting plugin LevelSequenceEditor
LogPluginManager: Mounting plugin MatineeToLevelSequence
LogPluginManager: Mounting plugin NetcodeUnitTest
LogPluginManager: Mounting plugin NUTUnrealEngine4
LogPluginManager: Mounting plugin OnlineSubsystemGooglePlay
LogPluginManager: Mounting plugin OnlineSubsystemIOS
LogPluginManager: Mounting plugin OnlineSubsystem
LogPluginManager: Mounting plugin OnlineSubsystemNull
LogPluginManager: Mounting plugin OnlineSubsystemUtils
LogPluginManager: Mounting plugin LauncherChunkInstaller
LogPluginManager: Mounting plugin AndroidDeviceProfileSelector
LogPluginManager: Mounting plugin AndroidMoviePlayer
LogPluginManager: Mounting plugin AndroidPermission
LogPluginManager: Mounting plugin AppleMoviePlayer
LogPluginManager: Mounting plugin ArchVisCharacter
LogPluginManager: Mounting plugin AudioCapture
LogPluginManager: Mounting plugin CableComponent
LogPluginManager: Mounting plugin CustomMeshComponent
LogPluginManager: Mounting plugin EditableMesh
LogPluginManager: Mounting plugin ExampleDeviceProfileSelector
LogPluginManager: Mounting plugin GoogleCloudMessaging
LogPluginManager: Mounting plugin ImmediatePhysics
LogPluginManager: Mounting plugin IOSDeviceProfileSelector
LogPluginManager: Mounting plugin LinuxDeviceProfileSelector
LogPluginManager: Mounting plugin LocationServicesBPLibrary
LogPluginManager: Mounting plugin MobilePatchingUtils
LogPluginManager: Mounting plugin OculusVR
LogPluginManager: Plugin shader directory ../../../Engine/Plugins/Runtime/Oculus/OculusVR/Shaders found
LogPluginManager: Mapping shader source directory ../../../Engine/Plugins/Runtime/Oculus/OculusVR/Shaders to virtual directory /Plugin/OculusVR
LogPluginManager: Mounting plugin PhysXVehicles
LogPluginManager: Mounting plugin ProceduralMeshComponent
LogPluginManager: Mounting plugin RuntimePhysXCooking
LogPluginManager: Mounting plugin SteamVR
LogPluginManager: Mounting plugin WindowsMoviePlayer
LogStreaming: Display: Took  0.147s to configure plugins.
LogInit: Using libcurl 7.55.1-DEV
LogInit:  - built for x86_64-pc-win32
LogInit:  - supports SSL with OpenSSL/1.0.2h
LogInit:  - supports HTTP deflate (compression) using libz 1.2.8
LogInit:  - other features:
LogInit:      CURL_VERSION_SSL
LogInit:      CURL_VERSION_LIBZ
LogInit:      CURL_VERSION_IPV6
LogInit:      CURL_VERSION_ASYNCHDNS
LogInit:      CURL_VERSION_LARGEFILE
LogInit:      CURL_VERSION_IDN
LogInit:  CurlRequestOptions (configurable via config and command line):
LogInit:  - bVerifyPeer = false  - Libcurl will NOT verify peer certificate
LogInit:  - bUseHttpProxy = false  - Libcurl will NOT use HTTP proxy
LogInit:  - bDontReuseConnections = false  - Libcurl will reuse connections
LogInit:  - CertBundlePath = nullptr  - Libcurl will use whatever was configured at build time.
LogInit:  - MaxHostConnections = 16  - Libcurl will limit the number of connections to a host
LogInit:  - LocalHostAddr = Default
LogInit:  - BufferSize = 65536
LogInit: WinSock: version 1.1 (2.2), MaxSocks=32767, MaxUdp=65467
LogInit: Build: ++UE4+Release-4.20-CL-4369336
LogInit: Engine Version: 4.20.3-4369336+++UE4+Release-4.20
LogInit: Compatible Engine Version: 4.20.0-4212847+++UE4+Release-4.20
LogInit: Net CL: 4212847
LogInit: OS: Windows 10 (), CPU: Intel(R) Core(TM) i5-7200U CPU @ 2.50GHz, GPU: Intel(R) HD Graphics 620
LogInit: Compiled (64-bit): Sep 17 2018 12:26:19
LogInit: Compiled with Visual C++: 19.13.26129.00
LogInit: Build Configuration: Development
LogInit: Branch Name: ++UE4+Release-4.20
LogInit: Command Line: 
LogInit: Base Directory: C:/Program Files/Epic Games/UE_4.20/Engine/Binaries/Win64/
LogInit: Installed Engine Build: 1
LogDevObjectVersion: Number of dev versions registered: 20
LogDevObjectVersion:   Dev-Blueprints (B0D832E4-1F89-4F0D-ACCF-7EB736FD4AA2): 10
LogDevObjectVersion:   Dev-Build (E1C64328-A22C-4D53-A36C-8E866417BD8C): 0
LogDevObjectVersion:   Dev-Core (375EC13C-06E4-48FB-B500-84F0262A717E): 2
LogDevObjectVersion:   Dev-Editor (E4B068ED-F494-42E9-A231-DA0B2E46BB41): 24
LogDevObjectVersion:   Dev-Framework (CFFC743F-43B0-4480-9391-14DF171D2073): 34
LogDevObjectVersion:   Dev-Mobile (B02B49B5-BB20-44E9-A304-32B752E40360): 2
LogDevObjectVersion:   Dev-Networking (A4E4105C-59A1-49B5-A7C5-40C4547EDFEE): 0
LogDevObjectVersion:   Dev-Online (39C831C9-5AE6-47DC-9A44-9C173E1C8E7C): 0
LogDevObjectVersion:   Dev-Physics (78F01B33-EBEA-4F98-B9B4-84EACCB95AA2): 0
LogDevObjectVersion:   Dev-Platform (6631380F-2D4D-43E0-8009-CF276956A95A): 0
LogDevObjectVersion:   Dev-Rendering (12F88B9F-8875-4AFC-A67C-D90C383ABD29): 26
LogDevObjectVersion:   Dev-Sequencer (7B5AE74C-D270-4C10-A958-57980B212A5A): 9
LogDevObjectVersion:   Dev-VR (D7296918-1DD6-4BDD-9DE2-64A83CC13884): 2
LogDevObjectVersion:   Dev-LoadTimes (C2A15278-BFE7-4AFE-6C17-90FF531DF755): 1
LogDevObjectVersion:   Private-Geometry (6EACA3D4-40EC-4CC1-B786-8BED09428FC5): 3
LogDevObjectVersion:   Dev-AnimPhys (29E575DD-E0A3-4627-9D10-D276232CDCEA): 17
LogDevObjectVersion:   Dev-ReflectionCapture (6B266CEC-1EC7-4B8F-A30B-E4D90942FC07): 1
LogDevObjectVersion:   Dev-Automation (0DF73D61-A23F-47EA-B727-89E90C41499A): 1
LogDevObjectVersion:   FortniteMain (601D1886-AC64-4F84-AA16-D3DE0DEAC7D6): 12
LogDevObjectVersion:   Dev-Enterprise (9DFFBCD6-494F-0158-E221-12823C92A888): 1
LogStreaming: Display: Took  0.006s to delete old logs.
LogInit: Presizing for max 8388607 objects, including 0 objects not considered by GC, pre-allocating 0 bytes for permanent pool.
LogInit: Object subsystem initialized
[2018.11.23-05.54.37:820][  0]LogInit: Selected Device Profile: [Windows]
[2018.11.23-05.54.37:821][  0]LogInit: Applying CVar settings loaded from the selected device profile: [Windows]
[2018.11.23-05.54.37:832][  0]LogHAL: Display: Platform has ~ 8 GB [8442224640 / 8589934592 / 8], which maps to Default [LargestMinGB=32, LargerMinGB=12, DefaultMinGB=8, SmallerMinGB=6, SmallestMinGB=0)
[2018.11.23-05.54.37:832][  0]LogInit: Setting Device Profile CVar: [[r.Vulkan.UseRealUBs:1]]
[2018.11.23-05.54.37:832][  0]LogInit: Going up to parent DeviceProfile []
[2018.11.23-05.54.37:833][  0]LogInit: Computer: DESKTOP-3RQR4D6
[2018.11.23-05.54.37:833][  0]LogInit: User: hoon
[2018.11.23-05.54.37:833][  0]LogInit: CPU Page size=4096, Cores=2
[2018.11.23-05.54.37:833][  0]LogInit: High frequency timer resolution =2.648438 MHz
[2018.11.23-05.54.37:834][  0]LogMemory: Memory total: Physical=7.9GB (8GB approx)
[2018.11.23-05.54.37:834][  0]LogMemory: Platform Memory Stats for Windows
[2018.11.23-05.54.37:834][  0]LogMemory: Process Physical Memory: 101.23 MB used, 101.23 MB peak
[2018.11.23-05.54.37:834][  0]LogMemory: Process Virtual Memory: 92.06 MB used, 92.06 MB peak
[2018.11.23-05.54.37:834][  0]LogMemory: Physical Memory: 4933.39 MB used,  3117.74 MB free, 8051.13 MB total
[2018.11.23-05.54.37:834][  0]LogMemory: Virtual Memory: 4629.23 MB used,  3117.74 MB free, 134217728.00 MB total
[2018.11.23-05.54.37:859][  0]LogInit: Using OS detected language (ko-KR).
[2018.11.23-05.54.37:859][  0]LogInit: Using OS detected locale (ko-KR).
[2018.11.23-05.54.37:862][  0]LogTextLocalizationManager: No specific localization for 'ko-KR' exists, so the 'ko' localization will be used.
[2018.11.23-05.54.38:348][  0]LogStreaming: Display: Took  0.489s to InitEngineTextLocalization.
[2018.11.23-05.54.38:348][  0]LogInit: Setting process to per monitor DPI aware
[2018.11.23-05.54.38:410][  0]LogSlate: New Slate User Created.  User Index 0, Is Virtual User: 0
[2018.11.23-05.54.38:410][  0]LogSlate: Slate User Registered.  User Index 0, Is Virtual User: 0
[2018.11.23-05.54.38:825][  0]LogHMD: Failed to initialize OpenVR with code 110
[2018.11.23-05.54.38:825][  0]LogD3D11RHI: D3D11 adapters:
[2018.11.23-05.54.38:836][  0]LogD3D11RHI:    0. 'Intel(R) HD Graphics 620' (Feature Level 11_0)
[2018.11.23-05.54.38:836][  0]LogD3D11RHI:       128/0/4025 MB DedicatedVideo/DedicatedSystem/SharedSystem, Outputs:1, VendorId:0x8086
[2018.11.23-05.54.38:840][  0]LogD3D11RHI:    1. 'Microsoft Basic Render Driver' (Feature Level 11_0)
[2018.11.23-05.54.38:840][  0]LogD3D11RHI:       0/0/4025 MB DedicatedVideo/DedicatedSystem/SharedSystem, Outputs:0, VendorId:0x1414
[2018.11.23-05.54.38:840][  0]LogD3D11RHI: Chosen D3D11 Adapter: 0
[2018.11.23-05.54.38:848][  0]LogD3D11RHI: Creating new Direct3DDevice
[2018.11.23-05.54.38:848][  0]LogD3D11RHI:     GPU DeviceId: 0x5916 (for the marketing name, search the web for "GPU Device Id")
[2018.11.23-05.54.38:848][  0]LogWindows: EnumDisplayDevices:
[2018.11.23-05.54.38:849][  0]LogWindows:    0. 'Intel(R) HD Graphics 620' (P:1 D:1)
[2018.11.23-05.54.38:850][  0]LogWindows:    1. 'Intel(R) HD Graphics 620' (P:0 D:0)
[2018.11.23-05.54.38:850][  0]LogWindows:    2. 'Intel(R) HD Graphics 620' (P:0 D:0)
[2018.11.23-05.54.38:851][  0]LogWindows: DebugString: FoundDriverCount:3 
[2018.11.23-05.54.38:851][  0]LogD3D11RHI:     Adapter Name: Intel(R) HD Graphics 620
[2018.11.23-05.54.38:851][  0]LogD3D11RHI:   Driver Version: 21.20.16.4528 (internal:21.20.16.4528, unified:21.20.16.4528)
[2018.11.23-05.54.38:851][  0]LogD3D11RHI:      Driver Date: 9-23-2016
[2018.11.23-05.54.38:851][  0]LogRHI: Texture pool is 1498 MB (70% of 2140 MB)
[2018.11.23-05.54.38:860][  0]LogD3D11RHI: Async texture creation enabled
[2018.11.23-05.54.38:871][  0]LogD3D11RHI: GPU Timing Frequency: 12.000000 (Debug: 2 0)
[2018.11.23-05.54.38:873][  0]LogShaderCompilers: Guid format shader working directory is -27 characters bigger than the processId version (../../../../../../Users/hoon/Desktop/UE4STAG/UE4STAG/FujiwaraBattleField/Intermediate/Shaders/WorkingDirectory/4784/).
[2018.11.23-05.54.38:873][  0]LogShaderCompilers: Cleaned the shader compiler working directory 'C:/Users/hoon/AppData/Local/Temp/UnrealShaderWorkingDir/8601F3BF4B0C5A632F36B3B5D8DD0257/'.
[2018.11.23-05.54.39:631][  0]LogTemp: Display: Loaded TP AllDesktopTargetPlatform
[2018.11.23-05.54.39:648][  0]LogTemp: Display: Loaded TP MacClientTargetPlatform
[2018.11.23-05.54.39:665][  0]LogTemp: Display: Loaded TP MacNoEditorTargetPlatform
[2018.11.23-05.54.39:681][  0]LogTemp: Display: Loaded TP MacServerTargetPlatform
[2018.11.23-05.54.39:702][  0]LogTemp: Display: Loaded TP MacTargetPlatform
[2018.11.23-05.54.39:727][  0]LogTemp: Display: Loaded TP WindowsClientTargetPlatform
[2018.11.23-05.54.39:742][  0]LogTemp: Display: Loaded TP WindowsNoEditorTargetPlatform
[2018.11.23-05.54.39:759][  0]LogTemp: Display: Loaded TP WindowsServerTargetPlatform
[2018.11.23-05.54.39:769][  0]LogTemp: Display: Loaded TP WindowsTargetPlatform
[2018.11.23-05.54.39:891][  0]LogTemp: Display: Loaded TP AndroidTargetPlatform
[2018.11.23-05.54.39:891][  0]LogTemp: Display: Loaded TP AndroidTargetPlatform
[2018.11.23-05.54.39:891][  0]LogTemp: Display: Loaded TP AndroidTargetPlatform
[2018.11.23-05.54.39:891][  0]LogTemp: Display: Loaded TP AndroidTargetPlatform
[2018.11.23-05.54.39:891][  0]LogTemp: Display: Loaded TP AndroidTargetPlatform
[2018.11.23-05.54.39:891][  0]LogTemp: Display: Loaded TP AndroidTargetPlatform
[2018.11.23-05.54.39:891][  0]LogTemp: Display: Loaded TP AndroidTargetPlatform
[2018.11.23-05.54.39:891][  0]LogTemp: Display: Loaded TP AndroidTargetPlatform
[2018.11.23-05.54.39:891][  0]LogTemp: Display: Loaded TP AndroidTargetPlatform
[2018.11.23-05.54.39:891][  0]LogTemp: Display: Loaded TP AndroidTargetPlatform
[2018.11.23-05.54.39:891][  0]LogTemp: Display: Loaded TP AndroidTargetPlatform
[2018.11.23-05.54.39:891][  0]LogTemp: Display: Loaded TP AndroidTargetPlatform
[2018.11.23-05.54.39:891][  0]LogTemp: Display: Loaded TP AndroidTargetPlatform
[2018.11.23-05.54.39:891][  0]LogTemp: Display: Loaded TP AndroidTargetPlatform
[2018.11.23-05.54.39:891][  0]LogTemp: Display: Loaded TP AndroidTargetPlatform
[2018.11.23-05.54.39:891][  0]LogTemp: Display: Loaded TP AndroidTargetPlatform
[2018.11.23-05.54.39:891][  0]LogTemp: Display: Loaded TP AndroidTargetPlatform
[2018.11.23-05.54.39:891][  0]LogTemp: Display: Loaded TP AndroidTargetPlatform
[2018.11.23-05.54.39:893][  0]LogTemp: Display: Loaded TP HTML5TargetPlatform
[2018.11.23-05.54.39:971][  0]LogTemp: Display: Loaded TP IOSTargetPlatform
[2018.11.23-05.54.39:971][  0]LogTemp: Display: Loaded TP IOSTargetPlatform
[2018.11.23-05.54.40:014][  0]LogTemp: Display: Loaded TP TVOSTargetPlatform
[2018.11.23-05.54.40:014][  0]LogTemp: Display: Loaded TP TVOSTargetPlatform
[2018.11.23-05.54.40:033][  0]LogTemp: Display: Loaded TP LinuxClientTargetPlatform
[2018.11.23-05.54.40:048][  0]LogTemp: Display: Loaded TP LinuxNoEditorTargetPlatform
[2018.11.23-05.54.40:066][  0]LogTemp: Display: Loaded TP LinuxServerTargetPlatform
[2018.11.23-05.54.40:087][  0]LogTemp: Display: Loaded TP LinuxTargetPlatform
[2018.11.23-05.54.40:099][  0]LogTemp: Display: Loaded TP LuminTargetPlatform
[2018.11.23-05.54.40:099][  0]LogTargetPlatformManager: Display: Building Assets For Windows
[2018.11.23-05.54.40:178][  0]LogXGEController: Cannot use XGE Controller as Incredibuild is not installed on this machine.
[2018.11.23-05.54.40:178][  0]LogShaderCompilers: Cannot use XGE Shader Compiler as Incredibuild is not installed on this machine.
[2018.11.23-05.54.40:178][  0]LogShaderCompilers: Display: Using Local Shader Compiler.
[2018.11.23-05.54.41:428][  0]LogDerivedDataCache: Display: Max Cache Size: 512 MB
[2018.11.23-05.54.41:501][  0]LogDerivedDataCache: Loaded boot cache 0.07s 71MB C:/Users/hoon/AppData/Local/UnrealEngine/4.20/DerivedDataCache/Boot.ddc.
[2018.11.23-05.54.41:501][  0]LogDerivedDataCache: Display: Loaded Boot cache: C:/Users/hoon/AppData/Local/UnrealEngine/4.20/DerivedDataCache/Boot.ddc
[2018.11.23-05.54.41:502][  0]LogDerivedDataCache: FDerivedDataBackendGraph:  Pak pak cache file ../../../../../../Users/hoon/Desktop/UE4STAG/UE4STAG/FujiwaraBattleField/DerivedDataCache/DDC.ddp not found, will not use a pak cache.
[2018.11.23-05.54.41:502][  0]LogDerivedDataCache: Unable to find inner node Pak for hierarchical cache Hierarchy.
[2018.11.23-05.54.41:502][  0]LogDerivedDataCache: FDerivedDataBackendGraph:  CompressedPak pak cache file ../../../../../../Users/hoon/Desktop/UE4STAG/UE4STAG/FujiwaraBattleField/DerivedDataCache/Compressed.ddp not found, will not use a pak cache.
[2018.11.23-05.54.41:502][  0]LogDerivedDataCache: Unable to find inner node CompressedPak for hierarchical cache Hierarchy.
[2018.11.23-05.54.41:520][  0]LogDerivedDataCache: Display: Pak cache opened for reading ../../../Engine/DerivedDataCache/Compressed.ddp.
[2018.11.23-05.54.41:533][  0]LogDerivedDataCache: Using Local data cache path C:/Users/hoon/AppData/Local/UnrealEngine/Common/DerivedDataCache: Writable
[2018.11.23-05.54.41:533][  0]LogDerivedDataCache: Shared data cache path not found in *engine.ini, will not use an Shared cache.
[2018.11.23-05.54.41:533][  0]LogDerivedDataCache: Unable to find inner node Shared for hierarchical cache Hierarchy.
[2018.11.23-05.54.41:576][  0]LogMaterial: Verifying Global Shaders for PCD3D_SM5
[2018.11.23-05.54.41:579][  0]LogSlate: Using FreeType 2.6.0
[2018.11.23-05.54.41:580][  0]LogSlate: SlateFontServices - WITH_FREETYPE: 1, WITH_HARFBUZZ: 1
[2018.11.23-05.54.41:701][  0]LogAssetRegistry: FAssetRegistry took 0.0287 seconds to start up
[2018.11.23-05.54.42:318][  0]LogInit: Selected Device Profile: [Windows]
[2018.11.23-05.54.42:619][  0]LogSimplygon: Simplygon DLL not present - disabling.
[2018.11.23-05.54.42:628][  0]LogMeshReduction: Using SimplygonSwarm for distributed automatic mesh merging
[2018.11.23-05.54.42:628][  0]LogMeshReduction: Using ProxyLODMeshReduction for automatic mesh merging
[2018.11.23-05.54.42:628][  0]LogMeshReduction: Using QuadricMeshReduction for automatic static mesh reduction
[2018.11.23-05.54.42:628][  0]LogMeshReduction: No automatic skeletal mesh reduction module available
[2018.11.23-05.54.42:683][  0]LogNetVersion: FujiwaraBattleField 1.0.0, NetCL: 4212847, EngineNetVer: 5, GameNetVer: 0 (Checksum: 1838566955)
[2018.11.23-05.54.43:666][  0]LogPackageLocalizationCache: Processed 11 localized package path(s) for 2 prioritized culture(s) in 0.149270 seconds
[2018.11.23-05.54.43:676][  0]LogUObjectArray: 38425 objects as part of root set at end of initial load.
[2018.11.23-05.54.43:676][  0]LogUObjectAllocator: 6690872 out of 0 bytes used by permanent object pool.
[2018.11.23-05.54.43:676][  0]LogUObjectArray: CloseDisregardForGC: 0/0 objects in disregard for GC pool
[2018.11.23-05.54.45:040][  0]LogTcpMessaging: Initializing TcpMessaging bridge
[2018.11.23-05.54.45:055][  0]LogUdpMessaging: Initializing bridge on interface 0.0.0.0:0 to multicast group 230.0.0.1:6666.
[2018.11.23-05.54.45:257][  0]SourceControl: 소스 컨트롤이 꺼졌습니다.
[2018.11.23-05.54.45:257][  0]SourceControl: 소스 컨트롤이 꺼졌습니다.
[2018.11.23-05.54.45:259][  0]SourceControl: 소스 컨트롤이 꺼졌습니다.
[2018.11.23-05.54.45:261][  0]SourceControl: 소스 컨트롤이 꺼졌습니다.
[2018.11.23-05.54.45:459][  0]LogAndroidPermission: UAndroidPermissionCallbackProxy::GetInstance
[2018.11.23-05.54.45:588][  0]LogOcInput: OculusInput pre-init called
[2018.11.23-05.54.45:676][  0]LogEngine: Initializing Engine...
[2018.11.23-05.54.45:678][  0]LogHMD: Failed to initialize OpenVR with code 110
[2018.11.23-05.54.45:680][  0]LogStats: UGameplayTagsManager::ConstructGameplayTagTree: ImportINI prefixes -  0.000 s
[2018.11.23-05.54.45:680][  0]LogStats: UGameplayTagsManager::ConstructGameplayTagTree: Construct from data asset -  0.000 s
[2018.11.23-05.54.45:680][  0]LogStats: UGameplayTagsManager::ConstructGameplayTagTree: ImportINI -  0.000 s
[2018.11.23-05.54.45:680][  0]LogStats: UGameplayTagsManager::ConstructGameplayTagTree: GameplayTagTreeChangedEvent.Broadcast -  0.000 s
[2018.11.23-05.54.46:138][  0]LogInit: Initializing FReadOnlyCVARCache
[2018.11.23-05.54.46:167][  0]LogAIModule: Creating AISystem for world Untitled
[2018.11.23-05.54.46:187][  0]LogInit: XAudio2 using 'Speakers(Conexant HD Audio)' : 2 channels at 48 kHz using 32 bits per sample (channel mask 0x3)
[2018.11.23-05.54.46:356][  0]LogInit: FAudioDevice initialized.
[2018.11.23-05.54.46:356][  0]LogNetVersion: Set ProjectVersion to 1.0.0.0. Version Checksum will be recalculated on next use.
[2018.11.23-05.54.46:452][  0]LogDerivedDataCache: Saved boot cache 0.10s 71MB C:/Users/hoon/AppData/Local/UnrealEngine/4.20/DerivedDataCache/Boot.ddc.
[2018.11.23-05.54.46:452][  0]LogInit: Texture streaming: Enabled
[2018.11.23-05.54.46:476][  0]LogEngineSessionManager: EngineSessionManager initialized
[2018.11.23-05.54.46:492][  0]LogInit: Transaction tracking system initialized
[2018.11.23-05.54.46:525][  0]BlueprintLog: New page: 에디터 로드
[2018.11.23-05.54.46:631][  0]LocalizationService: 현지화 서비스가 비활성화되었습니다.
[2018.11.23-05.54.47:487][  0]LogCook: Display: Max memory allowance for cook 16384mb min free memory 0mb
[2018.11.23-05.54.47:487][  0]LogCook: Display: Mobile HDR setting 1
[2018.11.23-05.54.47:487][  0]LogGameplayTags: Display: UGameplayTagsManager::DoneAddingNativeTags. DelegateIsBound: 0
[2018.11.23-05.54.47:487][  0]LogStats: UGameplayTagsManager::ConstructGameplayTagTree: ImportINI prefixes -  0.000 s
[2018.11.23-05.54.47:487][  0]LogStats: UGameplayTagsManager::ConstructGameplayTagTree: Construct from data asset -  0.000 s
[2018.11.23-05.54.47:488][  0]LogStats: UGameplayTagsManager::ConstructGameplayTagTree: ImportINI -  0.000 s
[2018.11.23-05.54.47:488][  0]LogStats: UGameplayTagsManager::ConstructGameplayTagTree: GameplayTagTreeChangedEvent.Broadcast -  0.000 s
[2018.11.23-05.54.47:711][  0]LogFileCache: Scanning file cache for directory 'C:/Users/hoon/Desktop/UE4STAG/UE4STAG/FujiwaraBattleField/Content/' took 0.03s
[2018.11.23-05.54.47:711][  0]SourceControl: 소스 컨트롤이 꺼졌습니다.
[2018.11.23-05.54.47:712][  0]Cmd: MAP LOAD FILE="../../../../../../Users/hoon/Desktop/UE4STAG/UE4STAG/FujiwaraBattleField/Content/Maps/Maps_LostBambooForest.umap" TEMPLATE=0 SHOWPROGRESS=1 FEATURELEVEL=3
[2018.11.23-05.54.47:712][  0]LightingResults: New page: 라이팅 빌드
[2018.11.23-05.54.47:717][  0]MapCheck: New page: 맵 체크
[2018.11.23-05.54.47:717][  0]LightingResults: New page: 라이팅 빌드
[2018.11.23-05.54.48:073][  0]LogLinker: Warning: '/Game/_Temporary/Pawn/Character/Mannequin/Character/Textures/UE4_LOGO_CARD' 파일을 찾을 수 없습니다.
[2018.11.23-05.54.48:074][  0]LoadErrors: 로드에 실패했습니다. /Game/_Temporary/Pawn/Character/Player/Mesh/SK_Mannequin.SK_Mannequin 레퍼런싱한 것: CharacterMesh0
[2018.11.23-05.54.48:074][  0]LogLinker: Warning: ../../../../../../Users/hoon/Desktop/UE4STAG/UE4STAG/FujiwaraBattleField/Content/_Temporary/Pawn/Character/Player/Materials/MaterialLayers/ML_Plastic_Shiny_Beige_LOGO.uasset 로드중 '/Game/_Temporary/Pawn/Character/Mannequin/Character/Textures/UE4_LOGO_CARD' 애셋에 대한 파일을 찾을 수 없습니다.
[2018.11.23-05.54.48:074][  0]LoadErrors: 로드에 실패했습니다. /Game/_Temporary/Pawn/Character/Player/Mesh/SK_Mannequin.SK_Mannequin 레퍼런싱한 것: CharacterMesh0
[2018.11.23-05.54.48:074][  0]LoadErrors: Error: /Game/_Temporary/Pawn/Character/Player/Materials/MaterialLayers/ML_Plastic_Shiny_Beige_LOGO : 애셋에 대한 파일을 찾을 수 없습니다. /Game/_Temporary/Pawn/Character/Mannequin/Character/Textures/UE4_LOGO_CARD
[2018.11.23-05.54.48:074][  0]LogLinker: Warning: '/Game/_Temporary/Pawn/Character/Mannequin/Character/Textures/UE4_LOGO_CARD' 파일을 찾을 수 없습니다.
[2018.11.23-05.54.48:074][  0]LoadErrors: 로드에 실패했습니다. /Game/_Temporary/Pawn/Character/Player/Mesh/SK_Mannequin.SK_Mannequin 레퍼런싱한 것: CharacterMesh0
[2018.11.23-05.54.48:074][  0]LogLinker: Warning: ../../../../../../Users/hoon/Desktop/UE4STAG/UE4STAG/FujiwaraBattleField/Content/_Temporary/Pawn/Character/Player/Materials/MaterialLayers/ML_Plastic_Shiny_Beige_LOGO.uasset 로드중 '/Game/_Temporary/Pawn/Character/Mannequin/Character/Textures/UE4_LOGO_CARD' 애셋에 대한 파일을 찾을 수 없습니다.
[2018.11.23-05.54.48:074][  0]LoadErrors: 로드에 실패했습니다. /Game/_Temporary/Pawn/Character/Player/Mesh/SK_Mannequin.SK_Mannequin 레퍼런싱한 것: CharacterMesh0
[2018.11.23-05.54.48:074][  0]LoadErrors: Error: /Game/_Temporary/Pawn/Character/Player/Materials/MaterialLayers/ML_Plastic_Shiny_Beige_LOGO : 애셋에 대한 파일을 찾을 수 없습니다. /Game/_Temporary/Pawn/Character/Mannequin/Character/Textures/UE4_LOGO_CARD
[2018.11.23-05.54.48:083][  0]LogLinker: Warning: '/Game/_Temporary/Pawn/Character/Mannequin/Character/Textures/UE4_Mannequin__normals' 파일을 찾을 수 없습니다.
[2018.11.23-05.54.48:083][  0]LoadErrors: 로드에 실패했습니다. /Game/_Temporary/Pawn/Character/Player/Mesh/SK_Mannequin.SK_Mannequin 레퍼런싱한 것: CharacterMesh0
[2018.11.23-05.54.48:083][  0]LogLinker: Warning: ../../../../../../Users/hoon/Desktop/UE4STAG/UE4STAG/FujiwaraBattleField/Content/_Temporary/Pawn/Character/Player/Materials/M_UE4Man_Body.uasset 로드중 '/Game/_Temporary/Pawn/Character/Mannequin/Character/Textures/UE4_Mannequin__normals' 애셋에 대한 파일을 찾을 수 없습니다.
[2018.11.23-05.54.48:084][  0]LoadErrors: 로드에 실패했습니다. /Game/_Temporary/Pawn/Character/Player/Mesh/SK_Mannequin.SK_Mannequin 레퍼런싱한 것: CharacterMesh0
[2018.11.23-05.54.48:084][  0]LoadErrors: Error: /Game/_Temporary/Pawn/Character/Player/Materials/M_UE4Man_Body : 애셋에 대한 파일을 찾을 수 없습니다. /Game/_Temporary/Pawn/Character/Mannequin/Character/Textures/UE4_Mannequin__normals
[2018.11.23-05.54.48:084][  0]LogLinker: Warning: '/Game/_Temporary/Pawn/Character/Mannequin/Character/Textures/UE4_Mannequin_MAT_MASKA' 파일을 찾을 수 없습니다.
[2018.11.23-05.54.48:084][  0]LoadErrors: 로드에 실패했습니다. /Game/_Temporary/Pawn/Character/Player/Mesh/SK_Mannequin.SK_Mannequin 레퍼런싱한 것: CharacterMesh0
[2018.11.23-05.54.48:084][  0]LogLinker: Warning: ../../../../../../Users/hoon/Desktop/UE4STAG/UE4STAG/FujiwaraBattleField/Content/_Temporary/Pawn/Character/Player/Materials/M_UE4Man_Body.uasset 로드중 '/Game/_Temporary/Pawn/Character/Mannequin/Character/Textures/UE4_Mannequin_MAT_MASKA' 애셋에 대한 파일을 찾을 수 없습니다.
[2018.11.23-05.54.48:084][  0]LoadErrors: 로드에 실패했습니다. /Game/_Temporary/Pawn/Character/Player/Mesh/SK_Mannequin.SK_Mannequin 레퍼런싱한 것: CharacterMesh0
[2018.11.23-05.54.48:084][  0]LoadErrors: Error: /Game/_Temporary/Pawn/Character/Player/Materials/M_UE4Man_Body : 애셋에 대한 파일을 찾을 수 없습니다. /Game/_Temporary/Pawn/Character/Mannequin/Character/Textures/UE4_Mannequin_MAT_MASKA
[2018.11.23-05.54.48:085][  0]LogLinker: Warning: '/Game/_Temporary/Pawn/Character/Mannequin/Character/Textures/UE4_Mannequin__normals' 파일을 찾을 수 없습니다.
[2018.11.23-05.54.48:085][  0]LoadErrors: 로드에 실패했습니다. /Game/_Temporary/Pawn/Character/Player/Mesh/SK_Mannequin.SK_Mannequin 레퍼런싱한 것: CharacterMesh0
[2018.11.23-05.54.48:085][  0]LogLinker: Warning: ../../../../../../Users/hoon/Desktop/UE4STAG/UE4STAG/FujiwaraBattleField/Content/_Temporary/Pawn/Character/Player/Materials/M_UE4Man_Body.uasset 로드중 '/Game/_Temporary/Pawn/Character/Mannequin/Character/Textures/UE4_Mannequin__normals' 애셋에 대한 파일을 찾을 수 없습니다.
[2018.11.23-05.54.48:086][  0]LoadErrors: 로드에 실패했습니다. /Game/_Temporary/Pawn/Character/Player/Mesh/SK_Mannequin.SK_Mannequin 레퍼런싱한 것: CharacterMesh0
[2018.11.23-05.54.48:086][  0]LoadErrors: Error: /Game/_Temporary/Pawn/Character/Player/Materials/M_UE4Man_Body : 애셋에 대한 파일을 찾을 수 없습니다. /Game/_Temporary/Pawn/Character/Mannequin/Character/Textures/UE4_Mannequin__normals
[2018.11.23-05.54.48:086][  0]LogLinker: Warning: '/Game/_Temporary/Pawn/Character/Mannequin/Character/Textures/UE4_Mannequin_MAT_MASKA' 파일을 찾을 수 없습니다.
[2018.11.23-05.54.48:086][  0]LoadErrors: 로드에 실패했습니다. /Game/_Temporary/Pawn/Character/Player/Mesh/SK_Mannequin.SK_Mannequin 레퍼런싱한 것: CharacterMesh0
[2018.11.23-05.54.48:086][  0]LogLinker: Warning: ../../../../../../Users/hoon/Desktop/UE4STAG/UE4STAG/FujiwaraBattleField/Content/_Temporary/Pawn/Character/Player/Materials/M_UE4Man_Body.uasset 로드중 '/Game/_Temporary/Pawn/Character/Mannequin/Character/Textures/UE4_Mannequin_MAT_MASKA' 애셋에 대한 파일을 찾을 수 없습니다.
[2018.11.23-05.54.48:086][  0]LoadErrors: 로드에 실패했습니다. /Game/_Temporary/Pawn/Character/Player/Mesh/SK_Mannequin.SK_Mannequin 레퍼런싱한 것: CharacterMesh0
[2018.11.23-05.54.48:086][  0]LoadErrors: Error: /Game/_Temporary/Pawn/Character/Player/Materials/M_UE4Man_Body : 애셋에 대한 파일을 찾을 수 없습니다. /Game/_Temporary/Pawn/Character/Mannequin/Character/Textures/UE4_Mannequin_MAT_MASKA
[2018.11.23-05.54.48:089][  0]LogLinker: Warning: '/Game/_Temporary/Pawn/Character/Mannequin/Character/Textures/UE4Man_Logo_N' 파일을 찾을 수 없습니다.
[2018.11.23-05.54.48:089][  0]LoadErrors: 로드에 실패했습니다. /Game/_Temporary/Pawn/Character/Player/Mesh/SK_Mannequin.SK_Mannequin 레퍼런싱한 것: CharacterMesh0
[2018.11.23-05.54.48:089][  0]LogLinker: Warning: ../../../../../../Users/hoon/Desktop/UE4STAG/UE4STAG/FujiwaraBattleField/Content/_Temporary/Pawn/Character/Player/Materials/M_UE4Man_ChestLogo.uasset 로드중 '/Game/_Temporary/Pawn/Character/Mannequin/Character/Textures/UE4Man_Logo_N' 애셋에 대한 파일을 찾을 수 없습니다.
[2018.11.23-05.54.48:089][  0]LoadErrors: 로드에 실패했습니다. /Game/_Temporary/Pawn/Character/Player/Mesh/SK_Mannequin.SK_Mannequin 레퍼런싱한 것: CharacterMesh0
[2018.11.23-05.54.48:090][  0]LoadErrors: Error: /Game/_Temporary/Pawn/Character/Player/Materials/M_UE4Man_ChestLogo : 애셋에 대한 파일을 찾을 수 없습니다. /Game/_Temporary/Pawn/Character/Mannequin/Character/Textures/UE4Man_Logo_N
[2018.11.23-05.54.48:090][  0]LogLinker: Warning: '/Game/_Temporary/Pawn/Character/Mannequin/Character/Textures/UE4Man_Logo_N' 파일을 찾을 수 없습니다.
[2018.11.23-05.54.48:090][  0]LoadErrors: 로드에 실패했습니다. /Game/_Temporary/Pawn/Character/Player/Mesh/SK_Mannequin.SK_Mannequin 레퍼런싱한 것: CharacterMesh0
[2018.11.23-05.54.48:090][  0]LogLinker: Warning: ../../../../../../Users/hoon/Desktop/UE4STAG/UE4STAG/FujiwaraBattleField/Content/_Temporary/Pawn/Character/Player/Materials/M_UE4Man_ChestLogo.uasset 로드중 '/Game/_Temporary/Pawn/Character/Mannequin/Character/Textures/UE4Man_Logo_N' 애셋에 대한 파일을 찾을 수 없습니다.
[2018.11.23-05.54.48:090][  0]LoadErrors: 로드에 실패했습니다. /Game/_Temporary/Pawn/Character/Player/Mesh/SK_Mannequin.SK_Mannequin 레퍼런싱한 것: CharacterMesh0
[2018.11.23-05.54.48:091][  0]LoadErrors: Error: /Game/_Temporary/Pawn/Character/Player/Materials/M_UE4Man_ChestLogo : 애셋에 대한 파일을 찾을 수 없습니다. /Game/_Temporary/Pawn/Character/Mannequin/Character/Textures/UE4Man_Logo_N
[2018.11.23-05.54.48:814][  0]LogLinker: Warning: '/Game/_Temporary/Pawn/Character/Mannequin/Character/Textures/UE4Man_Logo_N' 파일을 찾을 수 없습니다.
[2018.11.23-05.54.48:814][  0]LoadErrors: 로드에 실패했습니다. /Game/_Temporary/Pawn/Character/Mannequin/Character/Textures/UE4Man_Logo_N.UE4Man_Logo_N 레퍼런싱한 것: M_UE4Man_ChestLogo
[2018.11.23-05.54.48:814][  0]LogLinker: Warning: NULL 로드중 '/Game/_Temporary/Pawn/Character/Mannequin/Character/Textures/UE4Man_Logo_N' 애셋에 대한 파일을 찾을 수 없습니다.
[2018.11.23-05.54.48:814][  0]LoadErrors: 로드에 실패했습니다. /Game/_Temporary/Pawn/Character/Mannequin/Character/Textures/UE4Man_Logo_N.UE4Man_Logo_N 레퍼런싱한 것: M_UE4Man_ChestLogo
[2018.11.23-05.54.48:815][  0]LogLinker: Warning: '/Game/_Temporary/Pawn/Character/Mannequin/Character/Textures/UE4_LOGO_CARD' 파일을 찾을 수 없습니다.
[2018.11.23-05.54.48:816][  0]LoadErrors: 로드에 실패했습니다. /Game/_Temporary/Pawn/Character/Mannequin/Character/Textures/UE4_LOGO_CARD.UE4_LOGO_CARD 레퍼런싱한 것: MaterialExpressionTextureSample_2
[2018.11.23-05.54.48:816][  0]LogLinker: Warning: NULL 로드중 '/Game/_Temporary/Pawn/Character/Mannequin/Character/Textures/UE4_LOGO_CARD' 애셋에 대한 파일을 찾을 수 없습니다.
[2018.11.23-05.54.48:816][  0]LoadErrors: 로드에 실패했습니다. /Game/_Temporary/Pawn/Character/Mannequin/Character/Textures/UE4_LOGO_CARD.UE4_LOGO_CARD 레퍼런싱한 것: MaterialExpressionTextureSample_2
[2018.11.23-05.54.48:819][  0]LogLinker: Warning: '/Game/_Temporary/Pawn/Character/Mannequin/Character/Textures/UE4_Mannequin_MAT_MASKA' 파일을 찾을 수 없습니다.
[2018.11.23-05.54.48:819][  0]LoadErrors: 로드에 실패했습니다. /Game/_Temporary/Pawn/Character/Mannequin/Character/Textures/UE4_Mannequin_MAT_MASKA.UE4_Mannequin_MAT_MASKA 레퍼런싱한 것: MaterialExpressionTextureSample_4
[2018.11.23-05.54.48:820][  0]LogLinker: Warning: NULL 로드중 '/Game/_Temporary/Pawn/Character/Mannequin/Character/Textures/UE4_Mannequin_MAT_MASKA' 애셋에 대한 파일을 찾을 수 없습니다.
[2018.11.23-05.54.48:820][  0]LoadErrors: 로드에 실패했습니다. /Game/_Temporary/Pawn/Character/Mannequin/Character/Textures/UE4_Mannequin_MAT_MASKA.UE4_Mannequin_MAT_MASKA 레퍼런싱한 것: MaterialExpressionTextureSample_4
[2018.11.23-05.54.48:820][  0]LogLinker: Warning: '/Game/_Temporary/Pawn/Character/Mannequin/Character/Textures/UE4_Mannequin__normals' 파일을 찾을 수 없습니다.
[2018.11.23-05.54.48:820][  0]LoadErrors: 로드에 실패했습니다. /Game/_Temporary/Pawn/Character/Mannequin/Character/Textures/UE4_Mannequin__normals.UE4_Mannequin__normals 레퍼런싱한 것: MaterialExpressionTextureSampleParameter2D_0
[2018.11.23-05.54.48:820][  0]LogLinker: Warning: NULL 로드중 '/Game/_Temporary/Pawn/Character/Mannequin/Character/Textures/UE4_Mannequin__normals' 애셋에 대한 파일을 찾을 수 없습니다.
[2018.11.23-05.54.48:820][  0]LoadErrors: 로드에 실패했습니다. /Game/_Temporary/Pawn/Character/Mannequin/Character/Textures/UE4_Mannequin__normals.UE4_Mannequin__normals 레퍼런싱한 것: MaterialExpressionTextureSampleParameter2D_0
[2018.11.23-05.54.49:197][  0]LogMaterial: Display: Missing cached shader map for material M_UE4Man_Body, compiling. 
[2018.11.23-05.54.49:201][  0]LogMaterial: Warning: C:\Users\hoon\Desktop\UE4STAG\UE4STAG\FujiwaraBattleField\Content\_Temporary\Pawn\Character\Player\Materials\M_UE4Man_Body.uasset: Failed to compile Material for platform PCD3D_SM5, Default Material will be used in game.
[2018.11.23-05.54.49:201][  0]LogMaterial: 	(Node TextureSampleParameter2D) Param2D> Requires Texture2D
[2018.11.23-05.54.49:201][  0]LogMaterial: 	Function MatLayerBlend_NormalBlend: (Node MakeMaterialAttributes) Error on property Normal
[2018.11.23-05.54.49:201][  0]LogMaterial: 	(Node TextureSample) Texture Sample> Missing input texture
[2018.11.23-05.54.49:201][  0]LogMaterial: 	Function MatLayerBlend_Simple: (Node MakeMaterialAttributes) Error on property EmissiveColor
[2018.11.23-05.54.49:201][  0]LogMaterial: 	Function MatLayerBlend_Simple: (Node MakeMaterialAttributes) Error on property BaseColor
[2018.11.23-05.54.49:201][  0]LogMaterial: 	Function MatLayerBlend_Simple: (Node MakeMaterialAttributes) Error on property Metallic
[2018.11.23-05.54.49:201][  0]LogMaterial: 	Function MatLayerBlend_Simple: (Node MakeMaterialAttributes) Error on property Roughness
[2018.11.23-05.54.49:203][  0]LogMaterial: Display: Missing cached shader map for material M_UE4Man_Body, compiling. 
[2018.11.23-05.54.49:204][  0]LogMaterial: Warning: C:\Users\hoon\Desktop\UE4STAG\UE4STAG\FujiwaraBattleField\Content\_Temporary\Pawn\Character\Player\Materials\M_UE4Man_ChestLogo.uasset: Failed to compile Material Instance with Base M_UE4Man_Body for platform PCD3D_SM5, Default Material will be used in game.
[2018.11.23-05.54.49:204][  0]LogMaterial: 	(Node TextureSampleParameter2D) Param2D> Requires Texture2D
[2018.11.23-05.54.49:205][  0]LogMaterial: 	Function MatLayerBlend_NormalBlend: (Node MakeMaterialAttributes) Error on property Normal
[2018.11.23-05.54.49:205][  0]LogMaterial: 	Function ML_Plastic_Shiny_Beige_LOGO: (Node TextureSample) Logo Mask> Missing input texture
[2018.11.23-05.54.49:205][  0]LogMaterial: 	Function ML_Plastic_Shiny_Beige_LOGO: (Node MakeMaterialAttributes) Error on property OpacityMask
[2018.11.23-05.54.49:417][  0]LogAIModule: Creating AISystem for world Maps_LostBambooForest
[2018.11.23-05.54.49:770][  0]LogEditorServer: Finished looking for orphan Actors (0.000 secs)
[2018.11.23-05.54.49:808][  0]Cmd: MAP CHECKDEP NOCLEARLOG
[2018.11.23-05.54.49:921][  0]MapCheck: 맵 체크 완료: 오류 0 회, 경고 0 회, 소요 시간 112.209ms.
[2018.11.23-05.54.49:921][  0]LogFileHelpers: Loading map 'Maps_LostBambooForest' took 2.209
[2018.11.23-05.54.50:055][  0]LogSlate: Updating window title bar state: overlay mode, drag disabled, window buttons hidden, title bar hidden
[2018.11.23-05.54.50:065][  0]LogSlate: Updating window title bar state: overlay mode, drag disabled, window buttons hidden, title bar hidden
[2018.11.23-05.54.50:074][  0]LogSlate: Updating window title bar state: overlay mode, drag disabled, window buttons hidden, title bar hidden
[2018.11.23-05.54.50:082][  0]LogSlate: Updating window title bar state: overlay mode, drag disabled, window buttons hidden, title bar hidden
[2018.11.23-05.54.50:095][  0]LogCollectionManager: Loaded 0 collections in 0.002123 seconds
[2018.11.23-05.54.50:167][  0]LogFileCache: Scanning file cache for directory 'C:/Users/hoon/Desktop/UE4STAG/UE4STAG/FujiwaraBattleField/Saved/Collections/' took 0.01s
[2018.11.23-05.54.50:167][  0]LogFileCache: Scanning file cache for directory 'C:/Users/hoon/Desktop/UE4STAG/UE4STAG/FujiwaraBattleField/Content/Developers/hoon/Collections/' took 0.01s
[2018.11.23-05.54.50:167][  0]LogFileCache: Scanning file cache for directory 'C:/Users/hoon/Desktop/UE4STAG/UE4STAG/FujiwaraBattleField/Content/Collections/' took 0.01s
[2018.11.23-05.54.50:167][  0]LogCollectionManager: Rebuilt the GUID cache for 0 collections in 0.000000 seconds
[2018.11.23-05.54.50:183][  0]LogContentBrowser: Native class hierarchy populated in 0.0131 seconds. Added 2574 classes and 607 folders.
[2018.11.23-05.54.50:204][  0]LogContentBrowser: Native class hierarchy updated for 'WidgetCarousel' in 0.0005 seconds. Added 0 classes and 0 folders.
[2018.11.23-05.54.50:347][  0]LogContentBrowser: Native class hierarchy updated for 'AddContentDialog' in 0.0004 seconds. Added 0 classes and 0 folders.
[2018.11.23-05.54.50:362][  0]LogContentBrowser: Native class hierarchy updated for 'SceneOutliner' in 0.0006 seconds. Added 1 classes and 2 folders.
[2018.11.23-05.54.50:409][  0]LogSlate: Took 0.000250 seconds to synchronously load lazily loaded font '../../../Engine/Content/Slate/Fonts/Roboto-Regular.ttf' (155K)
[2018.11.23-05.54.50:415][  0]LogSlate: Took 0.003778 seconds to synchronously load lazily loaded font '../../../Engine/Content/Editor/Slate/Fonts/NanumGothic.ttf' (4243K)
[2018.11.23-05.54.50:421][  0]LogSlate: Took 0.002840 seconds to synchronously load lazily loaded font '../../../Engine/Content/Editor/Slate/Fonts/NanumGothicBold.ttf' (4188K)
[2018.11.23-05.54.50:422][  0]LogSlate: Took 0.000453 seconds to synchronously load lazily loaded font '../../../Engine/Content/Slate/Fonts/Roboto-Bold.ttf' (160K)
[2018.11.23-05.54.50:435][  0]LogSlate: Took 0.008788 seconds to synchronously load lazily loaded font '../../../Engine/Content/Editor/Slate/Fonts/FontAwesome.ttf' (139K)
[2018.11.23-05.54.50:589][  0]LogRenderer: Reallocating scene render targets to support 920x412 Format 9 NumSamples 1 (Frame:1).
[2018.11.23-05.54.51:227][  0]LogContentBrowser: Native class hierarchy updated for 'HierarchicalLODOutliner' in 0.0004 seconds. Added 0 classes and 0 folders.
[2018.11.23-05.54.51:227][  0]LogLoad: (Engine Initialization) Total time: 15.46 seconds
[2018.11.23-05.54.51:227][  0]LogLoad: (Engine Initialization) Total Blueprint compile time: 0.00 seconds
[2018.11.23-05.54.51:246][  0]LogWindowsTextInputMethodSystem: Display: IME system now activated using TSF (Microsoft 입력기).
[2018.11.23-05.54.51:273][  0]LogContentStreaming: Texture pool size now 400 MB
[2018.11.23-05.54.51:303][  0]LogSlate: Took 0.001443 seconds to synchronously load lazily loaded font '../../../Engine/Content/Slate/Fonts/Roboto-Light.ttf' (167K)
[2018.11.23-05.54.51:330][  1]LogAssetRegistry: Asset discovery search completed in 9.6511 seconds
[2018.11.23-05.54.51:332][  1]LogCollectionManager: Rebuilt the object cache for 0 collections in 0.000000 seconds (found 0 objects)
[2018.11.23-05.54.51:332][  1]LogCollectionManager: Fixed up redirectors for 0 collections in 0.000068 seconds (updated 0 objects)
[2018.11.23-05.54.52:407][ 27]LogSlate: FSceneViewport::OnFocusLost() reason 0
[2018.11.23-05.55.41:220][357]LogSlate: Took 0.000310 seconds to synchronously load lazily loaded font '../../../Engine/Content/Slate/Fonts/Roboto-Light.ttf' (167K)
[2018.11.23-05.55.41:229][357]LogAssetEditorManager: Opening Asset editor for WidgetBlueprint /Game/_Temporary/UI/Widget/InGame/W_DamageFloating.W_DamageFloating
[2018.11.23-05.55.41:862][357]LogContentBrowser: Native class hierarchy updated for 'BlueprintGraph' in 0.0008 seconds. Added 116 classes and 0 folders.
[2018.11.23-05.55.42:842][357]LogSlate: Took 0.001317 seconds to synchronously load lazily loaded font '../../../Engine/Content/Slate/Fonts/Roboto-BoldCondensed.ttf' (158K)
[2018.11.23-05.55.42:871][357]LogSlate: Took 0.003178 seconds to synchronously load lazily loaded font '../../../Engine/Content/Slate/Fonts/../../Editor/Slate/Fonts/NanumGothic.ttf' (4243K)
[2018.11.23-05.58.29:548][172]BlueprintLog: New page: W_DamageFloating 컴파일
[2018.11.23-05.58.31:603][236]LogSlate: Window 'W_DamageFloating*' being destroyed
[2018.11.23-05.58.31:614][236]LogSlate: Window 'W_DamageFloating*' being destroyed
[2018.11.23-05.58.43:419][977]LogAssetEditorManager: Opening Asset editor for WidgetBlueprint /Game/_Temporary/UI/Widget/InGame/W_DamageArea.W_DamageArea
[2018.11.23-06.04.51:508][222]LogFileHelpers: Editor autosave (incl. sublevels) for '/Game/Maps/Maps_LostBambooForest' took 0.042
[2018.11.23-06.04.51:511][222]OBJ SavePackage: Generating thumbnails for [0] asset(s) in package [/Game/_Temporary/UI/Widget/InGame/W_DamageFloating] ([1] browsable assets)...
[2018.11.23-06.04.51:511][222]OBJ SavePackage: Finished generating thumbnails for package [/Game/_Temporary/UI/Widget/InGame/W_DamageFloating]
[2018.11.23-06.04.51:597][222]LogSavePackage: Moving '../../../../../../Users/hoon/Desktop/UE4STAG/UE4STAG/FujiwaraBattleField/Saved/W_DamageFloating_Auto1F74E19924F276CD096930ABB3799E89D.tmp' to '../../../../../../Users/hoon/Desktop/UE4STAG/UE4STAG/FujiwaraBattleField/Saved/Autosaves/Game/_Temporary/UI/Widget/InGame/W_DamageFloating_Auto1.uasset'
[2018.11.23-06.04.51:600][222]OBJ SavePackage: Generating thumbnails for [0] asset(s) in package [/Game/_Temporary/UI/Widget/InGame/W_DamageArea] ([1] browsable assets)...
[2018.11.23-06.04.51:600][222]OBJ SavePackage: Finished generating thumbnails for package [/Game/_Temporary/UI/Widget/InGame/W_DamageArea]
[2018.11.23-06.04.51:608][222]LogSavePackage: Moving '../../../../../../Users/hoon/Desktop/UE4STAG/UE4STAG/FujiwaraBattleField/Saved/W_DamageArea_Auto1350E6E2C499335418025EEAEB527151E.tmp' to '../../../../../../Users/hoon/Desktop/UE4STAG/UE4STAG/FujiwaraBattleField/Saved/Autosaves/Game/_Temporary/UI/Widget/InGame/W_DamageArea_Auto1.uasset'
[2018.11.23-06.04.51:609][222]LogFileHelpers: Auto-saving content packages took 0.101
[2018.11.23-06.55.44:615][320]LogSlate: Window '콘텐츠 저장' being destroyed
[2018.11.23-06.55.44:662][320]LogSavePackage: Moving '../../../../../../Users/hoon/Desktop/UE4STAG/UE4STAG/FujiwaraBattleField/Saved/W_DamageArea9711E3594539B34542411A890EDB3DA3.tmp' to '../../../../../../Users/hoon/Desktop/UE4STAG/UE4STAG/FujiwaraBattleField/Content/_Temporary/UI/Widget/InGame/W_DamageArea.uasset'
[2018.11.23-06.55.44:752][320]LogSavePackage: Moving '../../../../../../Users/hoon/Desktop/UE4STAG/UE4STAG/FujiwaraBattleField/Saved/W_DamageFloatingB3F643AE4C1DAFDAAAA6F89C5BA26D2F.tmp' to '../../../../../../Users/hoon/Desktop/UE4STAG/UE4STAG/FujiwaraBattleField/Content/_Temporary/UI/Widget/InGame/W_DamageFloating.uasset'
[2018.11.23-06.55.44:855][320]LogSlate: Window 'W_DamageArea' being destroyed
[2018.11.23-06.55.44:929][320]LogSlate: Window 'FujiwaraBattleField - 언리얼 에디터' being destroyed
[2018.11.23-06.55.44:932][320]LogWindowsTextInputMethodSystem: Display: IME system now activated using TSF (Microsoft 입력기).
[2018.11.23-06.55.45:220][321]Cmd: QUIT_EDITOR
[2018.11.23-06.55.45:298][321]LogExit: Preparing to exit.
[2018.11.23-06.55.46:128][321]LogExit: Editor shut down
[2018.11.23-06.55.46:130][321]LogExit: Transaction tracking system shut down
[2018.11.23-06.55.46:846][321]LogExit: Object subsystem successfully closed.
[2018.11.23-06.55.46:876][321]LogShaderCompilers: Display: Shaders left to compile 0
[2018.11.23-06.55.46:883][321]LogD3D11RHI: Shutdown
[2018.11.23-06.55.46:883][321]LogD3D11RHI: CleanupD3DDevice
[2018.11.23-06.55.46:926][321]LogD3D11RHI: ~FD3D11DynamicRHI
[2018.11.23-06.55.46:957][321]LogModuleManager: Shutting down and abandoning module SequencerWidgets (616)
[2018.11.23-06.55.46:957][321]LogModuleManager: Shutting down and abandoning module BlueprintGraph (614)
[2018.11.23-06.55.46:957][321]LogModuleManager: Shutting down and abandoning module HierarchicalLODOutliner (612)
[2018.11.23-06.55.46:957][321]LogModuleManager: Shutting down and abandoning module SceneOutliner (610)
[2018.11.23-06.55.46:957][321]LogModuleManager: Shutting down and abandoning module AddContentDialog (608)
[2018.11.23-06.55.46:960][321]LogModuleManager: Shutting down and abandoning module WidgetCarousel (607)
[2018.11.23-06.55.46:960][321]LogModuleManager: Shutting down and abandoning module EditorWidgets (604)
[2018.11.23-06.55.46:961][321]LogModuleManager: Shutting down and abandoning module CollectionManager (602)
[2018.11.23-06.55.46:961][321]LogModuleManager: Shutting down and abandoning module StatsViewer (600)
[2018.11.23-06.55.46:961][321]LogModuleManager: Shutting down and abandoning module FoliageEdit (598)
[2018.11.23-06.55.46:961][321]LogModuleManager: Shutting down and abandoning module LandscapeEditor (596)
[2018.11.23-06.55.46:961][321]LogModuleManager: Shutting down and abandoning module MeshPaintMode (594)
[2018.11.23-06.55.46:961][321]LogModuleManager: Shutting down and abandoning module SceneDepthPickerMode (592)
[2018.11.23-06.55.46:961][321]LogModuleManager: Shutting down and abandoning module ActorPickerMode (590)
[2018.11.23-06.55.46:961][321]LogModuleManager: Shutting down and abandoning module GeometryMode (588)
[2018.11.23-06.55.46:961][321]LogModuleManager: Shutting down and abandoning module TextureAlignMode (586)
[2018.11.23-06.55.46:961][321]LogModuleManager: Shutting down and abandoning module BspMode (584)
[2018.11.23-06.55.46:961][321]LogModuleManager: Shutting down and abandoning module PIEPreviewDeviceProfileSelector (582)
[2018.11.23-06.55.46:961][321]LogModuleManager: Shutting down and abandoning module SequenceRecorderSections (580)
[2018.11.23-06.55.46:961][321]LogModuleManager: Shutting down and abandoning module AutomationWorker (578)
[2018.11.23-06.55.46:961][321]LogModuleManager: Shutting down and abandoning module AudioCaptureEditor (576)
[2018.11.23-06.55.46:961][321]LogModuleManager: Shutting down and abandoning module SequenceRecorder (575)
[2018.11.23-06.55.46:961][321]LogModuleManager: Shutting down and abandoning module MatineeToLevelSequence (572)
[2018.11.23-06.55.46:961][321]LogModuleManager: Shutting down and abandoning module LevelSequenceEditor (570)
[2018.11.23-06.55.46:962][321]LogModuleManager: Shutting down and abandoning module PlacementMode (569)
[2018.11.23-06.55.46:962][321]LogModuleManager: Shutting down and abandoning module MaterialEditor (568)
[2018.11.23-06.55.46:962][321]LogModuleManager: Shutting down and abandoning module WmfMediaFactory (564)
[2018.11.23-06.55.46:962][321]LogModuleManager: Shutting down and abandoning module WmfMediaEditor (562)
[2018.11.23-06.55.46:962][321]LogModuleManager: Shutting down and abandoning module MediaPlayerEditor (560)
[2018.11.23-06.55.46:962][321]LogModuleManager: Shutting down and abandoning module OpenExrWrapper (558)
[2018.11.23-06.55.46:962][321]LogModuleManager: Shutting down and abandoning module ImgMediaFactory (556)
[2018.11.23-06.55.46:962][321]LogModuleManager: Shutting down and abandoning module ImgMediaEditor (554)
[2018.11.23-06.55.46:962][321]LogModuleManager: Shutting down and abandoning module AvfMediaFactory (552)
[2018.11.23-06.55.46:962][321]LogModuleManager: Shutting down and abandoning module AvfMediaEditor (550)
[2018.11.23-06.55.46:962][321]LogModuleManager: Shutting down and abandoning module AndroidMediaFactory (548)
[2018.11.23-06.55.46:962][321]LogModuleManager: Shutting down and abandoning module AndroidMediaEditor (546)
[2018.11.23-06.55.46:962][321]LogModuleManager: Shutting down and abandoning module MagicLeapCameraPreviewFactory (544)
[2018.11.23-06.55.46:962][321]LogModuleManager: Shutting down and abandoning module MagicLeapMediaFactory (542)
[2018.11.23-06.55.46:962][321]LogModuleManager: Shutting down and abandoning module MagicLeapMediaEditor (540)
[2018.11.23-06.55.46:962][321]LogModuleManager: Shutting down and abandoning module CharacterAI (538)
[2018.11.23-06.55.46:962][321]LogModuleManager: Shutting down and abandoning module SmartSnapping (536)
[2018.11.23-06.55.46:962][321]LogModuleManager: Shutting down and abandoning module SessionServices (534)
[2018.11.23-06.55.46:962][321]LogModuleManager: Shutting down and abandoning module ViewportSnapping (532)
[2018.11.23-06.55.46:962][321]LogModuleManager: Shutting down and abandoning module ViewportInteraction (530)
[2018.11.23-06.55.46:962][321]LogModuleManager: Shutting down and abandoning module ClothPainter (528)
[2018.11.23-06.55.46:962][321]LogModuleManager: Shutting down and abandoning module SkeletalMeshEditor (527)
[2018.11.23-06.55.46:962][321]LogModuleManager: Shutting down and abandoning module LogVisualizer (524)
[2018.11.23-06.55.46:962][321]LogModuleManager: Shutting down and abandoning module IntroTutorials (522)
[2018.11.23-06.55.46:962][321]LogModuleManager: Shutting down and abandoning module GameProjectGeneration (521)
[2018.11.23-06.55.46:962][321]LogModuleManager: Shutting down and abandoning module LuminPlatformEditor (518)
[2018.11.23-06.55.46:962][321]LogModuleManager: Shutting down and abandoning module IOSPlatformEditor (516)
[2018.11.23-06.55.46:962][321]LogModuleManager: Shutting down and abandoning module HTML5PlatformEditor (514)
[2018.11.23-06.55.46:962][321]LogModuleManager: Shutting down and abandoning module AndroidPlatformEditor (512)
[2018.11.23-06.55.46:963][321]LogModuleManager: Shutting down and abandoning module AndroidDeviceDetection (511)
[2018.11.23-06.55.47:585][321]LogModuleManager: Shutting down and abandoning module WindowsPlatformEditor (508)
[2018.11.23-06.55.47:585][321]LogModuleManager: Shutting down and abandoning module LuminRuntimeSettings (506)
[2018.11.23-06.55.47:585][321]LogModuleManager: Shutting down and abandoning module IOSRuntimeSettings (504)
[2018.11.23-06.55.47:585][321]LogModuleManager: Shutting down and abandoning module AndroidRuntimeSettings (502)
[2018.11.23-06.55.47:585][321]LogModuleManager: Shutting down and abandoning module InputBindingEditor (500)
[2018.11.23-06.55.47:585][321]LogModuleManager: Shutting down and abandoning module MergeActors (498)
[2018.11.23-06.55.47:585][321]LogModuleManager: Shutting down and abandoning module LocalizationDashboard (496)
[2018.11.23-06.55.47:585][321]LogModuleManager: Shutting down and abandoning module LocalizationService (495)
[2018.11.23-06.55.47:585][321]LogModuleManager: Shutting down and abandoning module HardwareTargeting (492)
[2018.11.23-06.55.47:585][321]LogModuleManager: Shutting down and abandoning module DeviceProfileEditor (490)
[2018.11.23-06.55.47:585][321]LogModuleManager: Shutting down and abandoning module UndoHistory (488)
[2018.11.23-06.55.47:585][321]LogModuleManager: Shutting down and abandoning module XmlParser (486)
[2018.11.23-06.55.47:585][321]LogModuleManager: Shutting down and abandoning module Blutility (484)
[2018.11.23-06.55.47:585][321]LogModuleManager: Shutting down and abandoning module ProjectSettingsViewer (482)
[2018.11.23-06.55.47:585][321]LogModuleManager: Shutting down and abandoning module ProjectTargetPlatformEditor (481)
[2018.11.23-06.55.47:585][321]LogModuleManager: Shutting down and abandoning module EditorSettingsViewer (478)
[2018.11.23-06.55.47:585][321]LogModuleManager: Shutting down and abandoning module SettingsEditor (476)
[2018.11.23-06.55.47:585][321]LogModuleManager: Shutting down and abandoning module ProjectLauncher (474)
[2018.11.23-06.55.47:585][321]LogModuleManager: Shutting down and abandoning module SessionFrontend (472)
[2018.11.23-06.55.47:586][321]LogModuleManager: Shutting down and abandoning module ProfilerClient (470)
[2018.11.23-06.55.47:586][321]LogModuleManager: Shutting down and abandoning module DeviceManager (468)
[2018.11.23-06.55.47:586][321]LogModuleManager: Shutting down and abandoning module TargetDeviceServices (467)
[2018.11.23-06.55.47:640][321]LogModuleManager: Shutting down and abandoning module AutomationController (464)
[2018.11.23-06.55.47:640][321]LogModuleManager: Shutting down and abandoning module AutomationWindow (462)
[2018.11.23-06.55.47:640][321]LogModuleManager: Shutting down and abandoning module Layers (460)
[2018.11.23-06.55.47:641][321]LogModuleManager: Shutting down and abandoning module ComponentVisualizers (458)
[2018.11.23-06.55.47:641][321]LogModuleManager: Shutting down and abandoning module DetailCustomizations (456)
[2018.11.23-06.55.47:641][321]LogModuleManager: Shutting down and abandoning module PackagesDialog (454)
[2018.11.23-06.55.47:642][321]LogModuleManager: Shutting down and abandoning module Persona (452)
[2018.11.23-06.55.47:642][321]LogModuleManager: Shutting down and abandoning module AdvancedPreviewScene (451)
[2018.11.23-06.55.47:642][321]LogModuleManager: Shutting down and abandoning module AnimGraph (449)
[2018.11.23-06.55.47:642][321]LogModuleManager: Shutting down and abandoning module Kismet (446)
[2018.11.23-06.55.47:661][321]LogModuleManager: Shutting down and abandoning module GraphEditor (444)
[2018.11.23-06.55.47:661][321]LogModuleManager: Shutting down and abandoning module ClassViewer (442)
[2018.11.23-06.55.47:661][321]LogModuleManager: Shutting down and abandoning module Toolbox (440)
[2018.11.23-06.55.47:661][321]LogModuleManager: Shutting down and abandoning module DesktopPlatform (439)
[2018.11.23-06.55.47:661][321]LogModuleManager: Shutting down and abandoning module ModuleUI (436)
[2018.11.23-06.55.47:661][321]LogModuleManager: Shutting down and abandoning module MovieSceneTools (434)
[2018.11.23-06.55.47:662][321]LogModuleManager: Shutting down and abandoning module OutputLog (432)
[2018.11.23-06.55.47:662][321]LogModuleManager: Shutting down and abandoning module GammaUI (430)
[2018.11.23-06.55.47:662][321]LogModuleManager: Shutting down and abandoning module Documentation (428)
[2018.11.23-06.55.47:662][321]LogModuleManager: Shutting down and abandoning module MovieSceneTracks (426)
[2018.11.23-06.55.47:662][321]LogModuleManager: Shutting down and abandoning module MovieScene (424)
[2018.11.23-06.55.47:662][321]LogModuleManager: Shutting down and abandoning module StreamingPauseRendering (422)
[2018.11.23-06.55.47:662][321]LogModuleManager: Shutting down and abandoning module LauncherPlatform (420)
[2018.11.23-06.55.47:662][321]LogModuleManager: Shutting down and abandoning module AnalyticsET (418)
[2018.11.23-06.55.47:662][321]LogModuleManager: Shutting down and abandoning module PortalServices (416)
[2018.11.23-06.55.47:662][321]LogModuleManager: Shutting down and abandoning module PortalRpc (414)
[2018.11.23-06.55.47:662][321]LogModuleManager: Shutting down and abandoning module MessagingRpc (412)
[2018.11.23-06.55.47:662][321]LogModuleManager: Shutting down and abandoning module AIModule (410)
[2018.11.23-06.55.47:662][321]LogModuleManager: Shutting down and abandoning module GameplayDebugger (409)
[2018.11.23-06.55.47:662][321]LogModuleManager: Shutting down and abandoning module AITestSuite (407)
[2018.11.23-06.55.47:662][321]LogModuleManager: Shutting down and abandoning module NavigationSystem (405)
[2018.11.23-06.55.47:662][321]LogModuleManager: Shutting down and abandoning module ProfilerService (402)
[2018.11.23-06.55.47:814][321]LogModuleManager: Shutting down and abandoning module TaskGraph (400)
[2018.11.23-06.55.47:814][321]LogModuleManager: Shutting down and abandoning module SteamVRController (398)
[2018.11.23-06.55.47:814][321]LogModuleManager: Shutting down and abandoning module ProceduralMeshComponentEditor (396)
[2018.11.23-06.55.47:814][321]LogModuleManager: Shutting down and abandoning module ProceduralMeshComponent (394)
[2018.11.23-06.55.47:814][321]LogModuleManager: Shutting down and abandoning module OculusInput (392)
[2018.11.23-06.55.47:814][321]LogModuleManager: Shutting down and abandoning module MobilePatchingUtils (390)
[2018.11.23-06.55.47:814][321]LogModuleManager: Shutting down and abandoning module EditableMesh (388)
[2018.11.23-06.55.47:814][321]LogModuleManager: Shutting down and abandoning module CustomMeshComponent (386)
[2018.11.23-06.55.47:814][321]LogModuleManager: Shutting down and abandoning module CableComponent (384)
[2018.11.23-06.55.47:814][321]LogModuleManager: Shutting down and abandoning module AudioCapture (382)
[2018.11.23-06.55.47:814][321]LogModuleManager: Shutting down and abandoning module ArchVisCharacter (380)
[2018.11.23-06.55.47:814][321]LogModuleManager: Shutting down and abandoning module AndroidPermission (378)
[2018.11.23-06.55.47:814][321]LogModuleManager: Shutting down and abandoning module NUTUnrealEngine4 (376)
[2018.11.23-06.55.47:814][321]LogModuleManager: Shutting down and abandoning module NetcodeUnitTest (374)
[2018.11.23-06.55.47:814][321]LogModuleManager: Shutting down and abandoning module MediaCompositingEditor (372)
[2018.11.23-06.55.47:815][321]LogModuleManager: Shutting down and abandoning module MediaCompositing (370)
[2018.11.23-06.55.47:815][321]LogModuleManager: Shutting down and abandoning module LinearTimecode (368)
[2018.11.23-06.55.47:815][321]LogModuleManager: Shutting down and abandoning module ImgMedia (366)
[2018.11.23-06.55.47:821][321]LogModuleManager: Shutting down and abandoning module HTML5Networking (364)
[2018.11.23-06.55.47:821][321]LogModuleManager: Shutting down and abandoning module GeometryCacheTracks (362)
[2018.11.23-06.55.47:821][321]LogModuleManager: Shutting down and abandoning module GeometryCacheSequencer (360)
[2018.11.23-06.55.47:821][321]LogModuleManager: Shutting down and abandoning module BackChannel (358)
[2018.11.23-06.55.47:821][321]LogModuleManager: Shutting down and abandoning module AppleVision (356)
[2018.11.23-06.55.47:821][321]LogModuleManager: Shutting down and abandoning module AppleImageUtils (354)
[2018.11.23-06.55.47:822][321]LogModuleManager: Shutting down and abandoning module AlembicImporter (352)
[2018.11.23-06.55.47:822][321]LogModuleManager: Shutting down and abandoning module AlembicLibrary (351)
[2018.11.23-06.55.47:822][321]LogModuleManager: Shutting down and abandoning module GeometryCache (350)
[2018.11.23-06.55.47:822][321]LogModuleManager: Shutting down and abandoning module GeometryCacheEd (349)
[2018.11.23-06.55.47:822][321]LogModuleManager: Shutting down and abandoning module DatasmithContentEditor (344)
[2018.11.23-06.55.47:823][321]LogModuleManager: Shutting down and abandoning module DatasmithContent (342)
[2018.11.23-06.55.47:823][321]LogModuleManager: Shutting down and abandoning module SpeedTreeImporter (340)
[2018.11.23-06.55.47:823][321]LogModuleManager: Shutting down and abandoning module PluginBrowser (338)
[2018.11.23-06.55.47:823][321]LogModuleManager: Shutting down and abandoning module MobileLauncherProfileWizard (336)
[2018.11.23-06.55.47:824][321]LogModuleManager: Shutting down and abandoning module PolygonModeling (334)
[2018.11.23-06.55.47:824][321]LogModuleManager: Shutting down and abandoning module MeshEditor (332)
[2018.11.23-06.55.47:824][321]LogModuleManager: Shutting down and abandoning module CryptoKeysOpenSSL (330)
[2018.11.23-06.55.47:824][321]LogModuleManager: Shutting down and abandoning module CryptoKeys (328)
[2018.11.23-06.55.47:824][321]LogModuleManager: Shutting down and abandoning module VisualStudioSourceCodeAccess (326)
[2018.11.23-06.55.47:824][321]LogModuleManager: Shutting down and abandoning module VisualStudioCodeSourceCodeAccess (324)
[2018.11.23-06.55.47:824][321]LogModuleManager: Shutting down and abandoning module UObjectPlugin (322)
[2018.11.23-06.55.47:824][321]LogModuleManager: Shutting down and abandoning module SubversionSourceControl (320)
[2018.11.23-06.55.47:824][321]LogModuleManager: Shutting down and abandoning module PerforceSourceControl (318)
[2018.11.23-06.55.47:824][321]LogModuleManager: Shutting down and abandoning module GitSourceControl (316)
[2018.11.23-06.55.47:824][321]LogModuleManager: Shutting down and abandoning module SourceControl (315)
[2018.11.23-06.55.47:824][321]LogModuleManager: Shutting down and abandoning module CLionSourceCodeAccess (312)
[2018.11.23-06.55.47:824][321]LogModuleManager: Shutting down and abandoning module LightPropagationVolumeEditor (310)
[2018.11.23-06.55.47:824][321]LogModuleManager: Shutting down and abandoning module PaperTiledImporter (308)
[2018.11.23-06.55.47:824][321]LogModuleManager: Shutting down and abandoning module PaperSpriteSheetImporter (306)
[2018.11.23-06.55.47:824][321]LogModuleManager: Shutting down and abandoning module Paper2DEditor (304)
[2018.11.23-06.55.47:824][321]LogModuleManager: Shutting down and abandoning module MeshPaint (303)
[2018.11.23-06.55.47:824][321]LogModuleManager: Shutting down and abandoning module FujiwaraBattleField (300)
[2018.11.23-06.55.47:825][321]LogModuleManager: Shutting down and abandoning module RuntimePhysXCooking (298)
[2018.11.23-06.55.47:825][321]LogModuleManager: Shutting down and abandoning module PhysXVehiclesEditor (296)
[2018.11.23-06.55.47:825][321]LogModuleManager: Shutting down and abandoning module PhysXVehicles (294)
[2018.11.23-06.55.47:825][321]LogModuleManager: Shutting down and abandoning module OculusEditor (292)
[2018.11.23-06.55.47:825][321]LogModuleManager: Shutting down and abandoning module LocationServicesBPLibrary (290)
[2018.11.23-06.55.47:825][321]LogModuleManager: Shutting down and abandoning module ImmediatePhysicsEditor (288)
[2018.11.23-06.55.47:825][321]LogModuleManager: Shutting down and abandoning module ImmediatePhysics (286)
[2018.11.23-06.55.47:825][321]LogModuleManager: Shutting down and abandoning module ActorSequence (284)
[2018.11.23-06.55.47:825][321]LogModuleManager: Shutting down and abandoning module UdpMessaging (282)
[2018.11.23-06.55.47:925][321]LogModuleManager: Shutting down and abandoning module TcpMessaging (280)
[2018.11.23-06.55.48:026][321]LogModuleManager: Shutting down and abandoning module MagicLeapAudio (278)
[2018.11.23-06.55.48:026][321]LogModuleManager: Shutting down and abandoning module GameplayTagsEditor (276)
[2018.11.23-06.55.48:026][321]LogModuleManager: Shutting down and abandoning module FacialAnimationEditor (274)
[2018.11.23-06.55.48:026][321]LogModuleManager: Shutting down and abandoning module FacialAnimation (272)
[2018.11.23-06.55.48:026][321]LogModuleManager: Shutting down and abandoning module DataValidation (270)
[2018.11.23-06.55.48:026][321]LogModuleManager: Shutting down and abandoning module AssetManagerEditor (268)
[2018.11.23-06.55.48:026][321]LogModuleManager: Shutting down and abandoning module LevelEditor (267)
[2018.11.23-06.55.48:027][321]LogModuleManager: Shutting down and abandoning module PixelInspectorModule (266)
[2018.11.23-06.55.48:027][321]LogModuleManager: Shutting down and abandoning module CommonMenuExtensions (264)
[2018.11.23-06.55.48:028][321]LogModuleManager: Shutting down and abandoning module MainFrame (262)
[2018.11.23-06.55.48:028][321]LogModuleManager: Shutting down and abandoning module HotReload (261)
[2018.11.23-06.55.48:028][321]LogModuleManager: Shutting down and abandoning module ContentBrowser (257)
[2018.11.23-06.55.48:031][321]LogModuleManager: Shutting down and abandoning module TreeMap (255)
[2018.11.23-06.55.48:031][321]LogModuleManager: Shutting down and abandoning module LightPropagationVolumeRuntime (252)
[2018.11.23-06.55.48:031][321]LogModuleManager: Shutting down and abandoning module AISupportModule (250)
[2018.11.23-06.55.48:031][321]LogModuleManager: Shutting down and abandoning module Paper2D (248)
[2018.11.23-06.55.48:031][321]LogModuleManager: Shutting down and abandoning module WindowsMoviePlayer (246)
[2018.11.23-06.55.48:031][321]LogModuleManager: Shutting down and abandoning module WmfMedia (244)
[2018.11.23-06.55.48:033][321]LogModuleManager: Shutting down and abandoning module Media (243)
[2018.11.23-06.55.48:039][321]LogModuleManager: Shutting down and abandoning module PacketHandler (240)
[2018.11.23-06.55.48:039][321]LogModuleManager: Shutting down and abandoning module ClothingSystemEditor (238)
[2018.11.23-06.55.48:039][321]LogModuleManager: Shutting down and abandoning module ClothingSystemRuntime (236)
[2018.11.23-06.55.48:039][321]LogModuleManager: Shutting down and abandoning module MediaAssets (234)
[2018.11.23-06.55.48:039][321]LogModuleManager: Shutting down and abandoning module Overlay (232)
[2018.11.23-06.55.48:039][321]LogModuleManager: Shutting down and abandoning module OverlayEditor (231)
[2018.11.23-06.55.48:039][321]LogModuleManager: Shutting down and abandoning module VREditor (228)
[2018.11.23-06.55.48:039][321]LogModuleManager: Shutting down and abandoning module StringTableEditor (226)
[2018.11.23-06.55.48:040][321]LogModuleManager: Shutting down and abandoning module GameplayTasksEditor (224)
[2018.11.23-06.55.48:040][321]LogModuleManager: Shutting down and abandoning module BehaviorTreeEditor (222)
[2018.11.23-06.55.48:040][321]LogModuleManager: Shutting down and abandoning module FunctionalTesting (220)
[2018.11.23-06.55.48:040][321]LogModuleManager: Shutting down and abandoning module CollisionAnalyzer (218)
[2018.11.23-06.55.48:040][321]LogModuleManager: Shutting down and abandoning module WorkspaceMenuStructure (217)
[2018.11.23-06.55.48:040][321]LogModuleManager: Shutting down and abandoning module UMG (214)
[2018.11.23-06.55.48:040][321]LogModuleManager: Shutting down and abandoning module UMGEditor (213)
[2018.11.23-06.55.48:040][321]LogModuleManager: Shutting down and abandoning module Sequencer (212)
[2018.11.23-06.55.48:040][321]LogModuleManager: Shutting down and abandoning module MessageLog (209)
[2018.11.23-06.55.48:040][321]LogModuleManager: Shutting down and abandoning module SlateReflector (204)
[2018.11.23-06.55.48:040][321]LogModuleManager: Shutting down and abandoning module Slate (202)
[2018.11.23-06.55.48:040][321]LogModuleManager: Shutting down and abandoning module EditorStyle (200)
[2018.11.23-06.55.48:059][321]LogModuleManager: Shutting down and abandoning module MRMesh (198)
[2018.11.23-06.55.48:059][321]LogModuleManager: Shutting down and abandoning module SourceCodeAccess (196)
[2018.11.23-06.55.48:059][321]LogModuleManager: Shutting down and abandoning module HeadMountedDisplay (194)
[2018.11.23-06.55.48:059][321]LogModuleManager: Shutting down and abandoning module XAudio2 (192)
[2018.11.23-06.55.48:059][321]LogModuleManager: Shutting down and abandoning module Networking (190)
[2018.11.23-06.55.48:059][321]LogModuleManager: Shutting down and abandoning module Core (188)
[2018.11.23-06.55.48:059][321]LogModuleManager: Shutting down and abandoning module LevelSequence (186)
[2018.11.23-06.55.48:059][321]LogModuleManager: Shutting down and abandoning module KismetCompiler (184)
[2018.11.23-06.55.48:059][321]LogModuleManager: Shutting down and abandoning module MeshUtilities (182)
[2018.11.23-06.55.48:059][321]LogModuleManager: Shutting down and abandoning module MeshMergeUtilities (181)
[2018.11.23-06.55.48:059][321]LogModuleManager: Shutting down and abandoning module MeshReductionInterface (180)
[2018.11.23-06.55.48:060][321]LogModuleManager: Shutting down and abandoning module SimplygonSwarm (179)
[2018.11.23-06.55.48:060][321]LogModuleManager: Shutting down and abandoning module ProxyLODMeshReduction (177)
[2018.11.23-06.55.48:060][321]LogModuleManager: Shutting down and abandoning module SimplygonMeshReduction (175)
[2018.11.23-06.55.48:060][321]LogModuleManager: Shutting down and abandoning module QuadricMeshReduction (173)
[2018.11.23-06.55.48:068][321]LogModuleManager: Shutting down and abandoning module MaterialBaking (169)
[2018.11.23-06.55.48:068][321]LogModuleManager: Shutting down and abandoning module DirectoryWatcher (165)
[2018.11.23-06.55.48:069][321]LogModuleManager: Shutting down and abandoning module DerivedDataCache (162)
[2018.11.23-06.55.48:121][321]LogDerivedDataCache: Shutdown
[2018.11.23-06.55.48:121][321]LogModuleManager: Shutting down and abandoning module XGEController (160)
[2018.11.23-06.55.48:122][321]LogModuleManager: Shutting down and abandoning module TargetPlatform (158)
[2018.11.23-06.55.48:122][321]LogModuleManager: Shutting down and abandoning module VulkanShaderFormat (157)
[2018.11.23-06.55.48:122][321]LogModuleManager: Shutting down and abandoning module ShaderFormatVectorVM (155)
[2018.11.23-06.55.48:122][321]LogModuleManager: Shutting down and abandoning module ShaderFormatOpenGL (153)
[2018.11.23-06.55.48:122][321]LogModuleManager: Shutting down and abandoning module ShaderFormatD3D (151)
[2018.11.23-06.55.48:122][321]LogModuleManager: Shutting down and abandoning module MetalShaderFormat (149)
[2018.11.23-06.55.48:122][321]LogModuleManager: Shutting down and abandoning module TextureFormatUncompressed (147)
[2018.11.23-06.55.48:122][321]LogModuleManager: Shutting down and abandoning module TextureFormatPVR (145)
[2018.11.23-06.55.48:122][321]LogModuleManager: Shutting down and abandoning module TextureFormatDXT (143)
[2018.11.23-06.55.48:122][321]LogModuleManager: Shutting down and abandoning module TextureFormatIntelISPCTexComp (141)
[2018.11.23-06.55.48:122][321]LogModuleManager: Shutting down and abandoning module TextureFormatASTC (139)
[2018.11.23-06.55.48:122][321]LogModuleManager: Shutting down and abandoning module ImageWrapper (138)
[2018.11.23-06.55.48:122][321]LogModuleManager: Shutting down and abandoning module TextureFormatAndroid (135)
[2018.11.23-06.55.48:122][321]LogModuleManager: Shutting down and abandoning module AudioFormatOpus (133)
[2018.11.23-06.55.48:122][321]LogModuleManager: Shutting down and abandoning module AudioFormatOgg (131)
[2018.11.23-06.55.48:122][321]LogModuleManager: Shutting down and abandoning module AudioFormatADPCM (129)
[2018.11.23-06.55.48:122][321]LogModuleManager: Shutting down and abandoning module LuminTargetPlatform (127)
[2018.11.23-06.55.48:122][321]LogModuleManager: Shutting down and abandoning module LinuxTargetPlatform (125)
[2018.11.23-06.55.48:122][321]LogModuleManager: Shutting down and abandoning module LinuxServerTargetPlatform (123)
[2018.11.23-06.55.48:123][321]LogModuleManager: Shutting down and abandoning module LinuxNoEditorTargetPlatform (121)
[2018.11.23-06.55.48:123][321]LogModuleManager: Shutting down and abandoning module LinuxClientTargetPlatform (119)
[2018.11.23-06.55.48:123][321]LogModuleManager: Shutting down and abandoning module TVOSTargetPlatform (117)
[2018.11.23-06.55.48:131][321]LogModuleManager: Shutting down and abandoning module Messaging (115)
[2018.11.23-06.55.48:131][321]LogModuleManager: Shutting down and abandoning module IOSTargetPlatform (113)
[2018.11.23-06.55.48:136][321]LogModuleManager: Shutting down and abandoning module HTML5TargetPlatform (111)
[2018.11.23-06.55.48:136][321]LogModuleManager: Shutting down and abandoning module AndroidTargetPlatform (109)
[2018.11.23-06.55.48:172][321]LogModuleManager: Shutting down and abandoning module WindowsTargetPlatform (107)
[2018.11.23-06.55.48:172][321]LogModuleManager: Shutting down and abandoning module WindowsServerTargetPlatform (105)
[2018.11.23-06.55.48:172][321]LogModuleManager: Shutting down and abandoning module WindowsNoEditorTargetPlatform (103)
[2018.11.23-06.55.48:172][321]LogModuleManager: Shutting down and abandoning module WindowsClientTargetPlatform (101)
[2018.11.23-06.55.48:172][321]LogModuleManager: Shutting down and abandoning module MacTargetPlatform (99)
[2018.11.23-06.55.48:173][321]LogModuleManager: Shutting down and abandoning module MacServerTargetPlatform (97)
[2018.11.23-06.55.48:173][321]LogModuleManager: Shutting down and abandoning module MacNoEditorTargetPlatform (95)
[2018.11.23-06.55.48:173][321]LogModuleManager: Shutting down and abandoning module MacClientTargetPlatform (93)
[2018.11.23-06.55.48:173][321]LogModuleManager: Shutting down and abandoning module AllDesktopTargetPlatform (91)
[2018.11.23-06.55.48:173][321]LogModuleManager: Shutting down and abandoning module InputCore (88)
[2018.11.23-06.55.48:173][321]LogModuleManager: Shutting down and abandoning module Settings (86)
[2018.11.23-06.55.48:173][321]LogModuleManager: Shutting down and abandoning module PhysXCooking (84)
[2018.11.23-06.55.48:173][321]LogModuleManager: Shutting down and abandoning module SteamVR (82)
[2018.11.23-06.55.48:173][321]LogModuleManager: Shutting down and abandoning module OculusHMD (80)
[2018.11.23-06.55.48:173][321]LogModuleManager: Shutting down and abandoning module ExampleDeviceProfileSelector (78)
[2018.11.23-06.55.48:173][321]LogModuleManager: Shutting down and abandoning module LauncherChunkInstaller (76)
[2018.11.23-06.55.48:173][321]LogModuleManager: Shutting down and abandoning module OnlineBlueprintSupport (74)
[2018.11.23-06.55.48:173][321]LogModuleManager: Shutting down and abandoning module OnlineSubsystem (70)
[2018.11.23-06.55.48:174][321]LogModuleManager: Shutting down and abandoning module XMPP (65)
[2018.11.23-06.55.48:174][321]LogModuleManager: Shutting down and abandoning module WebSockets (64)
[2018.11.23-06.55.48:204][321]LogModuleManager: Shutting down and abandoning module HTTP (61)
[2018.11.23-06.55.48:204][321]LogHttp: Display: Http module shutting down, but needs to wait on 1 outstanding Http requests:
[2018.11.23-06.55.48:204][321]LogHttp: Display: 	verb=[POST] url=[https://datarouter.ol.epicgames.com/datarouter/api/v1/public/data?SessionID=%7B3B850811-4488-90FE-B33A-23919B21B9A1%7D&AppID=UEEditor.Rocket.Release&AppVersion=4.20.3-4369336%2B%2B%2BUE4%2BRelease-4.20&UserID=5b0eb9ea4fda3e341e3a4f8469f8b716%7Cc6d252eadabe4478b45225fa32f2ee07%7C8efa9574-8605-47f4-81c9-781c6a52107c&AppEnvironment=datacollector-binary&UploadType=eteventstream] status=Processing
[2018.11.23-06.55.48:209][321]LogModuleManager: Shutting down and abandoning module SSL (60)
[2018.11.23-06.55.48:210][321]LogModuleManager: Shutting down and abandoning module MagicLeapEmulator (56)
[2018.11.23-06.55.48:210][321]LogModuleManager: Shutting down and abandoning module MagicLeapPrivileges (54)
[2018.11.23-06.55.48:210][321]LogModuleManager: Shutting down and abandoning module MagicLeapIdentity (52)
[2018.11.23-06.55.48:210][321]LogModuleManager: Shutting down and abandoning module MagicLeapHelperVulkan (50)
[2018.11.23-06.55.48:211][321]LogModuleManager: Shutting down and abandoning module MagicLeapHelperOpenGL (48)
[2018.11.23-06.55.48:211][321]LogModuleManager: Shutting down and abandoning module MagicLeapSecureStorage (46)
[2018.11.23-06.55.48:211][321]LogModuleManager: Shutting down and abandoning module MagicLeapGestures (44)
[2018.11.23-06.55.48:211][321]LogModuleManager: Shutting down and abandoning module MagicLeapEyeTracker (42)
[2018.11.23-06.55.48:211][321]LogModuleManager: Shutting down and abandoning module MagicLeapController (40)
[2018.11.23-06.55.48:211][321]LogSlate: Slate User Destroyed.  User Index 0, Is Virtual User: 0
[2018.11.23-06.55.48:211][321]LogModuleManager: Shutting down and abandoning module MagicLeap (38)
[2018.11.23-06.55.48:211][321]LogModuleManager: Shutting down and abandoning module AnimationModifiers (36)
[2018.11.23-06.55.48:211][321]LogModuleManager: Shutting down and abandoning module PropertyEditor (35)
[2018.11.23-06.55.48:211][321]LogModuleManager: Shutting down and abandoning module AudioEditor (32)
[2018.11.23-06.55.48:211][321]LogModuleManager: Shutting down and abandoning module TextureCompressor (30)
[2018.11.23-06.55.48:212][321]LogModuleManager: Shutting down and abandoning module ShaderCore (28)
[2018.11.23-06.55.48:212][321]LogModuleManager: Shutting down and abandoning module Landscape (26)
[2018.11.23-06.55.48:212][321]LogModuleManager: Shutting down and abandoning module SlateRHIRenderer (24)
[2018.11.23-06.55.48:214][321]LogModuleManager: Shutting down and abandoning module OpenGLDrv (22)
[2018.11.23-06.55.48:214][321]LogModuleManager: Shutting down and abandoning module D3D11RHI (20)
[2018.11.23-06.55.48:214][321]LogModuleManager: Shutting down and abandoning module AnimGraphRuntime (18)
[2018.11.23-06.55.48:214][321]LogModuleManager: Shutting down and abandoning module Renderer (16)
[2018.11.23-06.55.48:214][321]LogModuleManager: Shutting down and abandoning module Engine (14)
[2018.11.23-06.55.48:214][321]LogModuleManager: Shutting down and abandoning module CoreUObject (12)
[2018.11.23-06.55.48:214][321]LogModuleManager: Shutting down and abandoning module NetworkFile (10)
[2018.11.23-06.55.48:214][321]LogModuleManager: Shutting down and abandoning module CookedIterativeFile (8)
[2018.11.23-06.55.48:214][321]LogModuleManager: Shutting down and abandoning module StreamingFile (6)
[2018.11.23-06.55.48:214][321]LogModuleManager: Shutting down and abandoning module SandboxFile (4)
[2018.11.23-06.55.48:214][321]LogModuleManager: Shutting down and abandoning module PakFile (2)
[2018.11.23-06.55.48:217][321]LogExit: Exiting.
[2018.11.23-06.55.48:226][321]Log file closed, 11/23/18 15:55:48
