Log file open, 11/29/18 18:02:47
LogWindows: Failed to load 'aqProf.dll' (GetLastError=126)
LogWindows: File 'aqProf.dll' does not exist
LogWindows: Failed to load 'VSPerf140.dll' (GetLastError=126)
LogWindows: File 'VSPerf140.dll' does not exist
LogWindows: Failed to load 'VtuneApi.dll' (GetLastError=126)
LogWindows: File 'VtuneApi.dll' does not exist
LogWindows: Failed to load 'VtuneApi32e.dll' (GetLastError=126)
LogWindows: File 'VtuneApi32e.dll' does not exist
LogInit: Display: Running engine for game: FujiwaraBattleField
LogPlatformFile: Not using cached read wrapper
LogTaskGraph: Started task graph with 5 named threads and 11 total threads with 3 sets of task threads.
LogStats: Stats thread started at 0.224129
LogD3D11RHI: Loaded GFSDK_Aftermath_Lib.x64.dll
LogICUInternationalization: Display: ICU TimeZone Detection - Raw Offset: +9:00, Platform Override: ''
LogPluginManager: Mounting plugin Paper2D
LogPluginManager: Mounting plugin AISupport
LogPluginManager: Mounting plugin LightPropagationVolume
LogPluginManager: Mounting plugin CLionSourceCodeAccess
LogPluginManager: Mounting plugin CodeLiteSourceCodeAccess
LogPluginManager: Mounting plugin GitSourceControl
LogPluginManager: Mounting plugin KDevelopSourceCodeAccess
LogPluginManager: Mounting plugin NullSourceCodeAccess
LogPluginManager: Mounting plugin PerforceSourceControl
LogPluginManager: Mounting plugin SubversionSourceControl
LogPluginManager: Mounting plugin UObjectPlugin
LogPluginManager: Mounting plugin VisualStudioCodeSourceCodeAccess
LogPluginManager: Mounting plugin VisualStudioSourceCodeAccess
LogPluginManager: Mounting plugin XCodeSourceCodeAccess
LogPluginManager: Mounting plugin AssetManagerEditor
LogPluginManager: Mounting plugin CryptoKeys
LogPluginManager: Mounting plugin DataValidation
LogPluginManager: Mounting plugin FacialAnimation
LogPluginManager: Mounting plugin GameplayTagsEditor
LogPluginManager: Mounting plugin MacGraphicsSwitching
LogPluginManager: Mounting plugin MeshEditor
LogPluginManager: Mounting plugin MobileLauncherProfileWizard
LogPluginManager: Mounting plugin PluginBrowser
LogPluginManager: Mounting plugin SpeedTreeImporter
LogPluginManager: Mounting plugin DatasmithContent
LogPluginManager: Mounting plugin AlembicImporter
LogPluginManager: Mounting plugin AppleImageUtils
LogPluginManager: Mounting plugin AppleVision
LogPluginManager: Mounting plugin BackChannel
LogPluginManager: Mounting plugin CharacterAI
LogPluginManager: Mounting plugin GeometryCache
LogPluginManager: Mounting plugin HTML5Networking
LogPluginManager: Mounting plugin ProxyLODPlugin
LogPluginManager: Mounting plugin MagicLeap
LogPluginManager: Mounting plugin MagicLeapEmulator
LogPluginManager: Mounting plugin MagicLeapMedia
LogPluginManager: Mounting plugin AndroidMedia
LogPluginManager: Mounting plugin AvfMedia
LogPluginManager: Mounting plugin ImgMedia
LogPluginManager: Mounting plugin LinearTimecode
LogPluginManager: Mounting plugin MediaCompositing
LogPluginManager: Mounting plugin MediaPlayerEditor
LogPluginManager: Mounting plugin WmfMedia
LogPluginManager: Mounting plugin TcpMessaging
LogPluginManager: Mounting plugin UdpMessaging
LogPluginManager: Mounting plugin ActorSequence
LogPluginManager: Mounting plugin LevelSequenceEditor
LogPluginManager: Mounting plugin MatineeToLevelSequence
LogPluginManager: Mounting plugin NetcodeUnitTest
LogPluginManager: Mounting plugin NUTUnrealEngine4
LogPluginManager: Mounting plugin OnlineSubsystemGooglePlay
LogPluginManager: Mounting plugin OnlineSubsystemIOS
LogPluginManager: Mounting plugin OnlineSubsystem
LogPluginManager: Mounting plugin OnlineSubsystemNull
LogPluginManager: Mounting plugin OnlineSubsystemUtils
LogPluginManager: Mounting plugin LauncherChunkInstaller
LogPluginManager: Mounting plugin AndroidDeviceProfileSelector
LogPluginManager: Mounting plugin AndroidMoviePlayer
LogPluginManager: Mounting plugin AndroidPermission
LogPluginManager: Mounting plugin AppleMoviePlayer
LogPluginManager: Mounting plugin ArchVisCharacter
LogPluginManager: Mounting plugin AudioCapture
LogPluginManager: Mounting plugin CableComponent
LogPluginManager: Mounting plugin CustomMeshComponent
LogPluginManager: Mounting plugin EditableMesh
LogPluginManager: Mounting plugin ExampleDeviceProfileSelector
LogPluginManager: Mounting plugin GoogleCloudMessaging
LogPluginManager: Mounting plugin ImmediatePhysics
LogPluginManager: Mounting plugin IOSDeviceProfileSelector
LogPluginManager: Mounting plugin LinuxDeviceProfileSelector
LogPluginManager: Mounting plugin LocationServicesBPLibrary
LogPluginManager: Mounting plugin MobilePatchingUtils
LogPluginManager: Mounting plugin OculusVR
LogPluginManager: Plugin shader directory ../../../Engine/Plugins/Runtime/Oculus/OculusVR/Shaders found
LogPluginManager: Mapping shader source directory ../../../Engine/Plugins/Runtime/Oculus/OculusVR/Shaders to virtual directory /Plugin/OculusVR
LogPluginManager: Mounting plugin PhysXVehicles
LogPluginManager: Mounting plugin ProceduralMeshComponent
LogPluginManager: Mounting plugin RuntimePhysXCooking
LogPluginManager: Mounting plugin SteamVR
LogPluginManager: Mounting plugin WindowsMoviePlayer
LogStreaming: Display: Took  0.169s to configure plugins.
LogInit: Using libcurl 7.55.1-DEV
LogInit:  - built for x86_64-pc-win32
LogInit:  - supports SSL with OpenSSL/1.0.2h
LogInit:  - supports HTTP deflate (compression) using libz 1.2.8
LogInit:  - other features:
LogInit:      CURL_VERSION_SSL
LogInit:      CURL_VERSION_LIBZ
LogInit:      CURL_VERSION_IPV6
LogInit:      CURL_VERSION_ASYNCHDNS
LogInit:      CURL_VERSION_LARGEFILE
LogInit:      CURL_VERSION_IDN
LogInit:  CurlRequestOptions (configurable via config and command line):
LogInit:  - bVerifyPeer = false  - Libcurl will NOT verify peer certificate
LogInit:  - bUseHttpProxy = false  - Libcurl will NOT use HTTP proxy
LogInit:  - bDontReuseConnections = false  - Libcurl will reuse connections
LogInit:  - CertBundlePath = nullptr  - Libcurl will use whatever was configured at build time.
LogInit:  - MaxHostConnections = 16  - Libcurl will limit the number of connections to a host
LogInit:  - LocalHostAddr = Default
LogInit:  - BufferSize = 65536
LogInit: WinSock: version 1.1 (2.2), MaxSocks=32767, MaxUdp=65467
LogInit: Build: ++UE4+Release-4.20-CL-4369336
LogInit: Engine Version: 4.20.3-4369336+++UE4+Release-4.20
LogInit: Compatible Engine Version: 4.20.0-4212847+++UE4+Release-4.20
LogInit: Net CL: 4212847
LogInit: OS: Windows 10 (), CPU: Intel(R) Core(TM) i5-7200U CPU @ 2.50GHz, GPU: Intel(R) HD Graphics 620
LogInit: Compiled (64-bit): Sep 17 2018 12:26:19
LogInit: Compiled with Visual C++: 19.13.26129.00
LogInit: Build Configuration: Development
LogInit: Branch Name: ++UE4+Release-4.20
LogInit: Command Line: 
LogInit: Base Directory: C:/Program Files/Epic Games/UE_4.20/Engine/Binaries/Win64/
LogInit: Installed Engine Build: 1
LogDevObjectVersion: Number of dev versions registered: 20
LogDevObjectVersion:   Dev-Blueprints (B0D832E4-1F89-4F0D-ACCF-7EB736FD4AA2): 10
LogDevObjectVersion:   Dev-Build (E1C64328-A22C-4D53-A36C-8E866417BD8C): 0
LogDevObjectVersion:   Dev-Core (375EC13C-06E4-48FB-B500-84F0262A717E): 2
LogDevObjectVersion:   Dev-Editor (E4B068ED-F494-42E9-A231-DA0B2E46BB41): 24
LogDevObjectVersion:   Dev-Framework (CFFC743F-43B0-4480-9391-14DF171D2073): 34
LogDevObjectVersion:   Dev-Mobile (B02B49B5-BB20-44E9-A304-32B752E40360): 2
LogDevObjectVersion:   Dev-Networking (A4E4105C-59A1-49B5-A7C5-40C4547EDFEE): 0
LogDevObjectVersion:   Dev-Online (39C831C9-5AE6-47DC-9A44-9C173E1C8E7C): 0
LogDevObjectVersion:   Dev-Physics (78F01B33-EBEA-4F98-B9B4-84EACCB95AA2): 0
LogDevObjectVersion:   Dev-Platform (6631380F-2D4D-43E0-8009-CF276956A95A): 0
LogDevObjectVersion:   Dev-Rendering (12F88B9F-8875-4AFC-A67C-D90C383ABD29): 26
LogDevObjectVersion:   Dev-Sequencer (7B5AE74C-D270-4C10-A958-57980B212A5A): 9
LogDevObjectVersion:   Dev-VR (D7296918-1DD6-4BDD-9DE2-64A83CC13884): 2
LogDevObjectVersion:   Dev-LoadTimes (C2A15278-BFE7-4AFE-6C17-90FF531DF755): 1
LogDevObjectVersion:   Private-Geometry (6EACA3D4-40EC-4CC1-B786-8BED09428FC5): 3
LogDevObjectVersion:   Dev-AnimPhys (29E575DD-E0A3-4627-9D10-D276232CDCEA): 17
LogDevObjectVersion:   Dev-ReflectionCapture (6B266CEC-1EC7-4B8F-A30B-E4D90942FC07): 1
LogDevObjectVersion:   Dev-Automation (0DF73D61-A23F-47EA-B727-89E90C41499A): 1
LogDevObjectVersion:   FortniteMain (601D1886-AC64-4F84-AA16-D3DE0DEAC7D6): 12
LogDevObjectVersion:   Dev-Enterprise (9DFFBCD6-494F-0158-E221-12823C92A888): 1
LogStreaming: Display: Took  0.003s to delete old logs.
LogInit: Presizing for max 8388607 objects, including 0 objects not considered by GC, pre-allocating 0 bytes for permanent pool.
LogInit: Object subsystem initialized
[2018.11.29-09.02.48:264][  0]LogInit: Selected Device Profile: [Windows]
[2018.11.29-09.02.48:264][  0]LogInit: Applying CVar settings loaded from the selected device profile: [Windows]
[2018.11.29-09.02.48:279][  0]LogHAL: Display: Platform has ~ 8 GB [8442224640 / 8589934592 / 8], which maps to Default [LargestMinGB=32, LargerMinGB=12, DefaultMinGB=8, SmallerMinGB=6, SmallestMinGB=0)
[2018.11.29-09.02.48:279][  0]LogInit: Setting Device Profile CVar: [[r.Vulkan.UseRealUBs:1]]
[2018.11.29-09.02.48:279][  0]LogInit: Going up to parent DeviceProfile []
[2018.11.29-09.02.48:280][  0]LogInit: Computer: DESKTOP-3RQR4D6
[2018.11.29-09.02.48:280][  0]LogInit: User: hoon
[2018.11.29-09.02.48:280][  0]LogInit: CPU Page size=4096, Cores=2
[2018.11.29-09.02.48:280][  0]LogInit: High frequency timer resolution =2.648432 MHz
[2018.11.29-09.02.48:280][  0]LogMemory: Memory total: Physical=7.9GB (8GB approx)
[2018.11.29-09.02.48:280][  0]LogMemory: Platform Memory Stats for Windows
[2018.11.29-09.02.48:280][  0]LogMemory: Process Physical Memory: 99.71 MB used, 99.71 MB peak
[2018.11.29-09.02.48:280][  0]LogMemory: Process Virtual Memory: 90.54 MB used, 90.54 MB peak
[2018.11.29-09.02.48:280][  0]LogMemory: Physical Memory: 4101.21 MB used,  3949.92 MB free, 8051.13 MB total
[2018.11.29-09.02.48:280][  0]LogMemory: Virtual Memory: 4627.66 MB used,  3949.92 MB free, 134217728.00 MB total
[2018.11.29-09.02.48:309][  0]LogInit: Using OS detected language (ko-KR).
[2018.11.29-09.02.48:309][  0]LogInit: Using OS detected locale (ko-KR).
[2018.11.29-09.02.48:310][  0]LogTextLocalizationManager: No specific localization for 'ko-KR' exists, so the 'ko' localization will be used.
[2018.11.29-09.02.48:875][  0]LogStreaming: Display: Took  0.566s to InitEngineTextLocalization.
[2018.11.29-09.02.48:875][  0]LogInit: Setting process to per monitor DPI aware
[2018.11.29-09.02.48:929][  0]LogSlate: New Slate User Created.  User Index 0, Is Virtual User: 0
[2018.11.29-09.02.48:929][  0]LogSlate: Slate User Registered.  User Index 0, Is Virtual User: 0
[2018.11.29-09.02.49:294][  0]LogHMD: Failed to initialize OpenVR with code 110
[2018.11.29-09.02.49:295][  0]LogD3D11RHI: D3D11 adapters:
[2018.11.29-09.02.49:307][  0]LogD3D11RHI:    0. 'Intel(R) HD Graphics 620' (Feature Level 11_0)
[2018.11.29-09.02.49:307][  0]LogD3D11RHI:       128/0/4025 MB DedicatedVideo/DedicatedSystem/SharedSystem, Outputs:1, VendorId:0x8086
[2018.11.29-09.02.49:311][  0]LogD3D11RHI:    1. 'Microsoft Basic Render Driver' (Feature Level 11_0)
[2018.11.29-09.02.49:311][  0]LogD3D11RHI:       0/0/4025 MB DedicatedVideo/DedicatedSystem/SharedSystem, Outputs:0, VendorId:0x1414
[2018.11.29-09.02.49:311][  0]LogD3D11RHI: Chosen D3D11 Adapter: 0
[2018.11.29-09.02.49:320][  0]LogD3D11RHI: Creating new Direct3DDevice
[2018.11.29-09.02.49:320][  0]LogD3D11RHI:     GPU DeviceId: 0x5916 (for the marketing name, search the web for "GPU Device Id")
[2018.11.29-09.02.49:320][  0]LogWindows: EnumDisplayDevices:
[2018.11.29-09.02.49:321][  0]LogWindows:    0. 'Intel(R) HD Graphics 620' (P:1 D:1)
[2018.11.29-09.02.49:322][  0]LogWindows:    1. 'Intel(R) HD Graphics 620' (P:0 D:0)
[2018.11.29-09.02.49:323][  0]LogWindows:    2. 'Intel(R) HD Graphics 620' (P:0 D:0)
[2018.11.29-09.02.49:324][  0]LogWindows: DebugString: FoundDriverCount:3 
[2018.11.29-09.02.49:324][  0]LogD3D11RHI:     Adapter Name: Intel(R) HD Graphics 620
[2018.11.29-09.02.49:324][  0]LogD3D11RHI:   Driver Version: 21.20.16.4528 (internal:21.20.16.4528, unified:21.20.16.4528)
[2018.11.29-09.02.49:324][  0]LogD3D11RHI:      Driver Date: 9-23-2016
[2018.11.29-09.02.49:324][  0]LogRHI: Texture pool is 1498 MB (70% of 2140 MB)
[2018.11.29-09.02.49:333][  0]LogD3D11RHI: Async texture creation enabled
[2018.11.29-09.02.49:346][  0]LogD3D11RHI: GPU Timing Frequency: 12.000000 (Debug: 2 0)
[2018.11.29-09.02.49:348][  0]LogShaderCompilers: Guid format shader working directory is -28 characters bigger than the processId version (../../../../../../Users/hoon/Desktop/UE4STAG/UE4STAG/FujiwaraBattleField/Intermediate/Shaders/WorkingDirectory/14536/).
[2018.11.29-09.02.49:348][  0]LogShaderCompilers: Cleaned the shader compiler working directory 'C:/Users/hoon/AppData/Local/Temp/UnrealShaderWorkingDir/8C807FCA420EFDE011201F9F12003432/'.
[2018.11.29-09.02.50:012][  0]LogTemp: Display: Loaded TP AllDesktopTargetPlatform
[2018.11.29-09.02.50:040][  0]LogTemp: Display: Loaded TP MacClientTargetPlatform
[2018.11.29-09.02.50:068][  0]LogTemp: Display: Loaded TP MacNoEditorTargetPlatform
[2018.11.29-09.02.50:096][  0]LogTemp: Display: Loaded TP MacServerTargetPlatform
[2018.11.29-09.02.50:124][  0]LogTemp: Display: Loaded TP MacTargetPlatform
[2018.11.29-09.02.50:150][  0]LogTemp: Display: Loaded TP WindowsClientTargetPlatform
[2018.11.29-09.02.50:175][  0]LogTemp: Display: Loaded TP WindowsNoEditorTargetPlatform
[2018.11.29-09.02.50:201][  0]LogTemp: Display: Loaded TP WindowsServerTargetPlatform
[2018.11.29-09.02.50:213][  0]LogTemp: Display: Loaded TP WindowsTargetPlatform
[2018.11.29-09.02.50:379][  0]LogTemp: Display: Loaded TP AndroidTargetPlatform
[2018.11.29-09.02.50:379][  0]LogTemp: Display: Loaded TP AndroidTargetPlatform
[2018.11.29-09.02.50:379][  0]LogTemp: Display: Loaded TP AndroidTargetPlatform
[2018.11.29-09.02.50:379][  0]LogTemp: Display: Loaded TP AndroidTargetPlatform
[2018.11.29-09.02.50:379][  0]LogTemp: Display: Loaded TP AndroidTargetPlatform
[2018.11.29-09.02.50:379][  0]LogTemp: Display: Loaded TP AndroidTargetPlatform
[2018.11.29-09.02.50:379][  0]LogTemp: Display: Loaded TP AndroidTargetPlatform
[2018.11.29-09.02.50:379][  0]LogTemp: Display: Loaded TP AndroidTargetPlatform
[2018.11.29-09.02.50:379][  0]LogTemp: Display: Loaded TP AndroidTargetPlatform
[2018.11.29-09.02.50:379][  0]LogTemp: Display: Loaded TP AndroidTargetPlatform
[2018.11.29-09.02.50:379][  0]LogTemp: Display: Loaded TP AndroidTargetPlatform
[2018.11.29-09.02.50:379][  0]LogTemp: Display: Loaded TP AndroidTargetPlatform
[2018.11.29-09.02.50:379][  0]LogTemp: Display: Loaded TP AndroidTargetPlatform
[2018.11.29-09.02.50:379][  0]LogTemp: Display: Loaded TP AndroidTargetPlatform
[2018.11.29-09.02.50:380][  0]LogTemp: Display: Loaded TP AndroidTargetPlatform
[2018.11.29-09.02.50:380][  0]LogTemp: Display: Loaded TP AndroidTargetPlatform
[2018.11.29-09.02.50:380][  0]LogTemp: Display: Loaded TP AndroidTargetPlatform
[2018.11.29-09.02.50:380][  0]LogTemp: Display: Loaded TP AndroidTargetPlatform
[2018.11.29-09.02.50:382][  0]LogTemp: Display: Loaded TP HTML5TargetPlatform
[2018.11.29-09.02.50:468][  0]LogTemp: Display: Loaded TP IOSTargetPlatform
[2018.11.29-09.02.50:468][  0]LogTemp: Display: Loaded TP IOSTargetPlatform
[2018.11.29-09.02.50:509][  0]LogTemp: Display: Loaded TP TVOSTargetPlatform
[2018.11.29-09.02.50:509][  0]LogTemp: Display: Loaded TP TVOSTargetPlatform
[2018.11.29-09.02.50:529][  0]LogTemp: Display: Loaded TP LinuxClientTargetPlatform
[2018.11.29-09.02.50:548][  0]LogTemp: Display: Loaded TP LinuxNoEditorTargetPlatform
[2018.11.29-09.02.50:573][  0]LogTemp: Display: Loaded TP LinuxServerTargetPlatform
[2018.11.29-09.02.50:600][  0]LogTemp: Display: Loaded TP LinuxTargetPlatform
[2018.11.29-09.02.50:618][  0]LogTemp: Display: Loaded TP LuminTargetPlatform
[2018.11.29-09.02.50:618][  0]LogTargetPlatformManager: Display: Building Assets For Windows
[2018.11.29-09.02.50:736][  0]LogXGEController: Cannot use XGE Controller as Incredibuild is not installed on this machine.
[2018.11.29-09.02.50:736][  0]LogShaderCompilers: Cannot use XGE Shader Compiler as Incredibuild is not installed on this machine.
[2018.11.29-09.02.50:736][  0]LogShaderCompilers: Display: Using Local Shader Compiler.
[2018.11.29-09.02.52:246][  0]LogDerivedDataCache: Display: Max Cache Size: 512 MB
[2018.11.29-09.02.52:344][  0]LogDerivedDataCache: Loaded boot cache 0.10s 71MB C:/Users/hoon/AppData/Local/UnrealEngine/4.20/DerivedDataCache/Boot.ddc.
[2018.11.29-09.02.52:345][  0]LogDerivedDataCache: Display: Loaded Boot cache: C:/Users/hoon/AppData/Local/UnrealEngine/4.20/DerivedDataCache/Boot.ddc
[2018.11.29-09.02.52:345][  0]LogDerivedDataCache: FDerivedDataBackendGraph:  Pak pak cache file ../../../../../../Users/hoon/Desktop/UE4STAG/UE4STAG/FujiwaraBattleField/DerivedDataCache/DDC.ddp not found, will not use a pak cache.
[2018.11.29-09.02.52:345][  0]LogDerivedDataCache: Unable to find inner node Pak for hierarchical cache Hierarchy.
[2018.11.29-09.02.52:345][  0]LogDerivedDataCache: FDerivedDataBackendGraph:  CompressedPak pak cache file ../../../../../../Users/hoon/Desktop/UE4STAG/UE4STAG/FujiwaraBattleField/DerivedDataCache/Compressed.ddp not found, will not use a pak cache.
[2018.11.29-09.02.52:345][  0]LogDerivedDataCache: Unable to find inner node CompressedPak for hierarchical cache Hierarchy.
[2018.11.29-09.02.52:368][  0]LogDerivedDataCache: Display: Pak cache opened for reading ../../../Engine/DerivedDataCache/Compressed.ddp.
[2018.11.29-09.02.52:380][  0]LogDerivedDataCache: Using Local data cache path C:/Users/hoon/AppData/Local/UnrealEngine/Common/DerivedDataCache: Writable
[2018.11.29-09.02.52:380][  0]LogDerivedDataCache: Shared data cache path not found in *engine.ini, will not use an Shared cache.
[2018.11.29-09.02.52:380][  0]LogDerivedDataCache: Unable to find inner node Shared for hierarchical cache Hierarchy.
[2018.11.29-09.02.52:416][  0]LogMaterial: Verifying Global Shaders for PCD3D_SM5
[2018.11.29-09.02.52:418][  0]LogSlate: Using FreeType 2.6.0
[2018.11.29-09.02.52:419][  0]LogSlate: SlateFontServices - WITH_FREETYPE: 1, WITH_HARFBUZZ: 1
[2018.11.29-09.02.52:533][  0]LogAssetRegistry: FAssetRegistry took 0.0305 seconds to start up
[2018.11.29-09.02.53:171][  0]LogInit: Selected Device Profile: [Windows]
[2018.11.29-09.02.53:427][  0]LogSimplygon: Simplygon DLL not present - disabling.
[2018.11.29-09.02.53:435][  0]LogMeshReduction: Using SimplygonSwarm for distributed automatic mesh merging
[2018.11.29-09.02.53:435][  0]LogMeshReduction: Using ProxyLODMeshReduction for automatic mesh merging
[2018.11.29-09.02.53:435][  0]LogMeshReduction: Using QuadricMeshReduction for automatic static mesh reduction
[2018.11.29-09.02.53:435][  0]LogMeshReduction: No automatic skeletal mesh reduction module available
[2018.11.29-09.02.53:465][  0]LogNetVersion: FujiwaraBattleField 1.0.0, NetCL: 4212847, EngineNetVer: 5, GameNetVer: 0 (Checksum: 1838566955)
[2018.11.29-09.02.54:582][  0]LogPackageLocalizationCache: Processed 11 localized package path(s) for 2 prioritized culture(s) in 0.260359 seconds
[2018.11.29-09.02.54:595][  0]LogUObjectArray: 38425 objects as part of root set at end of initial load.
[2018.11.29-09.02.54:595][  0]LogUObjectAllocator: 6690872 out of 0 bytes used by permanent object pool.
[2018.11.29-09.02.54:595][  0]LogUObjectArray: CloseDisregardForGC: 0/0 objects in disregard for GC pool
[2018.11.29-09.02.56:153][  0]LogTcpMessaging: Initializing TcpMessaging bridge
[2018.11.29-09.02.56:168][  0]LogUdpMessaging: Initializing bridge on interface 0.0.0.0:0 to multicast group 230.0.0.1:6666.
[2018.11.29-09.02.56:391][  0]SourceControl: 소스 컨트롤이 꺼졌습니다.
[2018.11.29-09.02.56:391][  0]SourceControl: 소스 컨트롤이 꺼졌습니다.
[2018.11.29-09.02.56:394][  0]SourceControl: 소스 컨트롤이 꺼졌습니다.
[2018.11.29-09.02.56:396][  0]SourceControl: 소스 컨트롤이 꺼졌습니다.
[2018.11.29-09.02.56:629][  0]LogAndroidPermission: UAndroidPermissionCallbackProxy::GetInstance
[2018.11.29-09.02.56:753][  0]LogOcInput: OculusInput pre-init called
[2018.11.29-09.02.56:851][  0]LogEngine: Initializing Engine...
[2018.11.29-09.02.56:853][  0]LogHMD: Failed to initialize OpenVR with code 110
[2018.11.29-09.02.56:855][  0]LogStats: UGameplayTagsManager::ConstructGameplayTagTree: ImportINI prefixes -  0.000 s
[2018.11.29-09.02.56:855][  0]LogStats: UGameplayTagsManager::ConstructGameplayTagTree: Construct from data asset -  0.000 s
[2018.11.29-09.02.56:855][  0]LogStats: UGameplayTagsManager::ConstructGameplayTagTree: ImportINI -  0.000 s
[2018.11.29-09.02.56:855][  0]LogStats: UGameplayTagsManager::ConstructGameplayTagTree: GameplayTagTreeChangedEvent.Broadcast -  0.000 s
[2018.11.29-09.02.57:280][  0]LogInit: Initializing FReadOnlyCVARCache
[2018.11.29-09.02.57:310][  0]LogAIModule: Creating AISystem for world Untitled
[2018.11.29-09.02.57:338][  0]LogInit: XAudio2 using 'Speakers(Conexant HD Audio)' : 2 channels at 48 kHz using 32 bits per sample (channel mask 0x3)
[2018.11.29-09.02.59:415][  0]LogInit: FAudioDevice initialized.
[2018.11.29-09.02.59:415][  0]LogNetVersion: Set ProjectVersion to 1.0.0.0. Version Checksum will be recalculated on next use.
[2018.11.29-09.02.59:508][  0]LogDerivedDataCache: Saved boot cache 0.09s 71MB C:/Users/hoon/AppData/Local/UnrealEngine/4.20/DerivedDataCache/Boot.ddc.
[2018.11.29-09.02.59:528][  0]LogInit: Texture streaming: Enabled
[2018.11.29-09.02.59:560][  0]LogEngineSessionManager: EngineSessionManager initialized
[2018.11.29-09.02.59:581][  0]LogInit: Transaction tracking system initialized
[2018.11.29-09.02.59:628][  0]BlueprintLog: New page: 에디터 로드
[2018.11.29-09.02.59:767][  0]LocalizationService: 현지화 서비스가 비활성화되었습니다.
[2018.11.29-09.03.00:740][  0]LogCook: Display: Max memory allowance for cook 16384mb min free memory 0mb
[2018.11.29-09.03.00:740][  0]LogCook: Display: Mobile HDR setting 1
[2018.11.29-09.03.00:740][  0]LogGameplayTags: Display: UGameplayTagsManager::DoneAddingNativeTags. DelegateIsBound: 0
[2018.11.29-09.03.00:740][  0]LogStats: UGameplayTagsManager::ConstructGameplayTagTree: ImportINI prefixes -  0.000 s
[2018.11.29-09.03.00:740][  0]LogStats: UGameplayTagsManager::ConstructGameplayTagTree: Construct from data asset -  0.000 s
[2018.11.29-09.03.00:741][  0]LogStats: UGameplayTagsManager::ConstructGameplayTagTree: ImportINI -  0.000 s
[2018.11.29-09.03.00:741][  0]LogStats: UGameplayTagsManager::ConstructGameplayTagTree: GameplayTagTreeChangedEvent.Broadcast -  0.000 s
[2018.11.29-09.03.00:968][  0]LogFileCache: Scanning file cache for directory 'C:/Users/hoon/Desktop/UE4STAG/UE4STAG/FujiwaraBattleField/Content/' took 0.03s
[2018.11.29-09.03.00:968][  0]SourceControl: 소스 컨트롤이 꺼졌습니다.
[2018.11.29-09.03.00:968][  0]Cmd: MAP LOAD FILE="../../../../../../Users/hoon/Desktop/UE4STAG/UE4STAG/FujiwaraBattleField/Content/Maps/Maps_LostBambooForest.umap" TEMPLATE=0 SHOWPROGRESS=1 FEATURELEVEL=3
[2018.11.29-09.03.00:970][  0]LightingResults: New page: 라이팅 빌드
[2018.11.29-09.03.00:975][  0]MapCheck: New page: 맵 체크
[2018.11.29-09.03.00:975][  0]LightingResults: New page: 라이팅 빌드
[2018.11.29-09.03.03:900][  0]LogMaterial: Display: Missing cached shader map for material M_UE4Man_Body, compiling. 
[2018.11.29-09.03.03:906][  0]LogMaterial: Warning: C:\Users\hoon\Desktop\UE4STAG\UE4STAG\FujiwaraBattleField\Content\_Temporary\Pawn\Character\Mannequin\Materials\M_UE4Man_Body.uasset: Failed to compile Material for platform PCD3D_SM5, Default Material will be used in game.
[2018.11.29-09.03.03:906][  0]LogMaterial: 	(Node TextureSampleParameter2D) Param2D> Requires Texture2D
[2018.11.29-09.03.03:906][  0]LogMaterial: 	Function MatLayerBlend_NormalBlend: (Node MakeMaterialAttributes) Error on property Normal
[2018.11.29-09.03.03:906][  0]LogMaterial: 	(Node TextureSample) Texture Sample> Missing input texture
[2018.11.29-09.03.03:906][  0]LogMaterial: 	Function MatLayerBlend_Simple: (Node MakeMaterialAttributes) Error on property EmissiveColor
[2018.11.29-09.03.03:906][  0]LogMaterial: 	Function MatLayerBlend_Simple: (Node MakeMaterialAttributes) Error on property BaseColor
[2018.11.29-09.03.03:906][  0]LogMaterial: 	Function MatLayerBlend_Simple: (Node MakeMaterialAttributes) Error on property Metallic
[2018.11.29-09.03.03:906][  0]LogMaterial: 	Function MatLayerBlend_Simple: (Node MakeMaterialAttributes) Error on property Roughness
[2018.11.29-09.03.03:910][  0]LogMaterial: Display: Missing cached shader map for material M_UE4Man_Body, compiling. 
[2018.11.29-09.03.03:913][  0]LogMaterial: Warning: C:\Users\hoon\Desktop\UE4STAG\UE4STAG\FujiwaraBattleField\Content\_Temporary\Pawn\Character\Mannequin\Materials\M_UE4Man_ChestLogo.uasset: Failed to compile Material Instance with Base M_UE4Man_Body for platform PCD3D_SM5, Default Material will be used in game.
[2018.11.29-09.03.03:913][  0]LogMaterial: 	(Node TextureSampleParameter2D) Param2D> Requires Texture2D
[2018.11.29-09.03.03:913][  0]LogMaterial: 	Function MatLayerBlend_NormalBlend: (Node MakeMaterialAttributes) Error on property Normal
[2018.11.29-09.03.03:913][  0]LogMaterial: 	Function ML_Plastic_Shiny_Beige_LOGO: (Node TextureSample) Logo Mask> Missing input texture
[2018.11.29-09.03.03:913][  0]LogMaterial: 	Function ML_Plastic_Shiny_Beige_LOGO: (Node MakeMaterialAttributes) Error on property OpacityMask
[2018.11.29-09.03.04:687][  0]LogAIModule: Creating AISystem for world Maps_LostBambooForest
[2018.11.29-09.03.05:157][  0]LogEditorServer: Finished looking for orphan Actors (0.000 secs)
[2018.11.29-09.03.05:206][  0]Cmd: MAP CHECKDEP NOCLEARLOG
[2018.11.29-09.03.05:400][  0]MapCheck: 맵 체크 완료: 오류 0 회, 경고 0 회, 소요 시간 194.299ms.
[2018.11.29-09.03.05:400][  0]LogFileHelpers: Loading map 'Maps_LostBambooForest' took 4.433
[2018.11.29-09.03.05:597][  0]LogSlate: Updating window title bar state: overlay mode, drag disabled, window buttons hidden, title bar hidden
[2018.11.29-09.03.05:616][  0]LogSlate: Updating window title bar state: overlay mode, drag disabled, window buttons hidden, title bar hidden
[2018.11.29-09.03.05:631][  0]LogSlate: Updating window title bar state: overlay mode, drag disabled, window buttons hidden, title bar hidden
[2018.11.29-09.03.05:646][  0]LogSlate: Updating window title bar state: overlay mode, drag disabled, window buttons hidden, title bar hidden
[2018.11.29-09.03.05:666][  0]LogCollectionManager: Loaded 0 collections in 0.003529 seconds
[2018.11.29-09.03.05:731][  0]LogFileCache: Scanning file cache for directory 'C:/Users/hoon/Desktop/UE4STAG/UE4STAG/FujiwaraBattleField/Saved/Collections/' took 0.01s
[2018.11.29-09.03.05:731][  0]LogFileCache: Scanning file cache for directory 'C:/Users/hoon/Desktop/UE4STAG/UE4STAG/FujiwaraBattleField/Content/Developers/hoon/Collections/' took 0.01s
[2018.11.29-09.03.05:732][  0]LogFileCache: Scanning file cache for directory 'C:/Users/hoon/Desktop/UE4STAG/UE4STAG/FujiwaraBattleField/Content/Collections/' took 0.01s
[2018.11.29-09.03.05:732][  0]LogCollectionManager: Rebuilt the GUID cache for 0 collections in 0.000000 seconds
[2018.11.29-09.03.05:752][  0]LogContentBrowser: Native class hierarchy populated in 0.0190 seconds. Added 2578 classes and 609 folders.
[2018.11.29-09.03.05:769][  0]LogContentBrowser: Native class hierarchy updated for 'WidgetCarousel' in 0.0006 seconds. Added 0 classes and 0 folders.
[2018.11.29-09.03.05:949][  0]LogContentBrowser: Native class hierarchy updated for 'AddContentDialog' in 0.0008 seconds. Added 0 classes and 0 folders.
[2018.11.29-09.03.05:965][  0]LogContentBrowser: Native class hierarchy updated for 'SceneOutliner' in 0.0005 seconds. Added 1 classes and 2 folders.
[2018.11.29-09.03.06:078][  0]LogContentBrowser: Native class hierarchy updated for 'HierarchicalLODOutliner' in 0.0007 seconds. Added 0 classes and 0 folders.
[2018.11.29-09.03.06:078][  0]LogLoad: (Engine Initialization) Total time: 20.19 seconds
[2018.11.29-09.03.06:078][  0]LogLoad: (Engine Initialization) Total Blueprint compile time: 0.00 seconds
[2018.11.29-09.03.06:106][  0]LogWindowsTextInputMethodSystem: Display: IME system now activated using TSF (Microsoft 입력기).
[2018.11.29-09.03.06:146][  0]LogContentStreaming: Texture pool size now 400 MB
[2018.11.29-09.03.06:148][  0]LogSlate: Took 0.000265 seconds to synchronously load lazily loaded font '../../../Engine/Content/Slate/Fonts/Roboto-Regular.ttf' (155K)
[2018.11.29-09.03.06:153][  0]LogSlate: Took 0.003116 seconds to synchronously load lazily loaded font '../../../Engine/Content/Editor/Slate/Fonts/NanumGothic.ttf' (4243K)
[2018.11.29-09.03.06:162][  0]LogSlate: Took 0.005629 seconds to synchronously load lazily loaded font '../../../Engine/Content/Editor/Slate/Fonts/NanumGothicBold.ttf' (4188K)
[2018.11.29-09.03.06:162][  0]LogSlate: Took 0.000216 seconds to synchronously load lazily loaded font '../../../Engine/Content/Slate/Fonts/Roboto-Bold.ttf' (160K)
[2018.11.29-09.03.06:166][  0]LogSlate: Took 0.001215 seconds to synchronously load lazily loaded font '../../../Engine/Content/Editor/Slate/Fonts/FontAwesome.ttf' (139K)
[2018.11.29-09.03.06:310][  0]LogSlate: Took 0.001406 seconds to synchronously load lazily loaded font '../../../Engine/Content/Slate/Fonts/Roboto-Light.ttf' (167K)
[2018.11.29-09.03.06:930][  1]LogRenderer: Reallocating scene render targets to support 708x380 Format 9 NumSamples 1 (Frame:1).
[2018.11.29-09.03.07:928][  2]LogAssetRegistry: Asset discovery search completed in 15.4170 seconds
[2018.11.29-09.03.07:930][  2]LogCollectionManager: Rebuilt the object cache for 0 collections in 0.000000 seconds (found 0 objects)
[2018.11.29-09.03.07:931][  2]LogCollectionManager: Fixed up redirectors for 0 collections in 0.000071 seconds (updated 0 objects)
[2018.11.29-09.03.08:014][  3]LogSlate: Took 0.000272 seconds to synchronously load lazily loaded font '../../../Engine/Content/Slate/Fonts/Roboto-Light.ttf' (167K)
[2018.11.29-09.03.11:189][ 64]LogSlate: FSceneViewport::OnFocusLost() reason 0
[2018.11.29-09.03.11:332][ 64]LogAssetEditorManager: Opening Asset editor for WidgetBlueprint /Game/_Temporary/UI/Widget/Menu/W_SaveSlot.W_SaveSlot
[2018.11.29-09.03.12:612][ 64]LogContentBrowser: Native class hierarchy updated for 'BlueprintGraph' in 0.0015 seconds. Added 116 classes and 0 folders.
[2018.11.29-09.03.14:582][ 64]LogLinker: Warning: 애셋 이름을 해석할 수 없습니다.
[2018.11.29-09.03.14:592][ 64]LogAssetEditorManager: Opening Asset editor for Blueprint /Game/_Temporary/GameFamework/BP_MyGameInstance.BP_MyGameInstance
[2018.11.29-09.03.15:079][ 64]LogSlate: Took 0.001489 seconds to synchronously load lazily loaded font '../../../Engine/Content/Slate/Fonts/Roboto-BoldCondensed.ttf' (158K)
[2018.11.29-09.03.15:224][ 65]LogSlate: Took 0.003419 seconds to synchronously load lazily loaded font '../../../Engine/Content/Slate/Fonts/Roboto-Italic.ttf' (157K)
[2018.11.29-09.03.16:973][ 78]LogRenderer: Reallocating scene render targets to support 856x408 Format 9 NumSamples 1 (Frame:15).
[2018.11.29-09.03.20:328][141]LogSlate: Took 0.004503 seconds to synchronously load lazily loaded font '../../../Engine/Content/Slate/Fonts/../../Editor/Slate/Fonts/NanumGothic.ttf' (4243K)
[2018.11.29-09.03.51:470][602]LogSlate: Window '색 선택 툴' being destroyed
[2018.11.29-09.04.01:011][740]LogSlate: Window '색 선택 툴' being destroyed
[2018.11.29-09.04.02:759][764]LogEditorTransaction: Undo Color and Opacity 편집
[2018.11.29-09.04.05:685][764]LogStats: FPlatformStackWalk::StackWalkAndDump -  2.891 s
[2018.11.29-09.04.05:686][764]LogOutputDevice: Error: === Handled ensure: ===
[2018.11.29-09.04.05:686][764]LogOutputDevice: Error: 
[2018.11.29-09.04.05:686][764]LogOutputDevice: Error: Ensure condition failed: !GIsTransacting [File:D:\Build\++UE4\Sync\Engine\Source\Editor\UnrealEd\Private\ScopedTransaction.cpp] [Line: 20]
[2018.11.29-09.04.05:686][764]LogOutputDevice: Error: 
[2018.11.29-09.04.05:686][764]LogOutputDevice: Error: Stack: 
[2018.11.29-09.04.05:686][764]LogOutputDevice: Error: [Callstack] 0x00007ffefa5a71f6 UE4Editor-Core.dll!UnknownFunction []
[2018.11.29-09.04.05:686][764]LogOutputDevice: Error: [Callstack] 0x00007ffefa2e0c92 UE4Editor-Core.dll!UnknownFunction []
[2018.11.29-09.04.05:686][764]LogOutputDevice: Error: [Callstack] 0x00007ffefa2fb356 UE4Editor-Core.dll!UnknownFunction []
[2018.11.29-09.04.05:686][764]LogOutputDevice: Error: [Callstack] 0x00007ffef2a7ca6b UE4Editor-UnrealEd.dll!UnknownFunction []
[2018.11.29-09.04.05:686][764]LogOutputDevice: Error: [Callstack] 0x00007ffef2a4ccc0 UE4Editor-UnrealEd.dll!UnknownFunction []
[2018.11.29-09.04.05:686][764]LogOutputDevice: Error: [Callstack] 0x00007ffee746fa78 UE4Editor-DetailCustomizations.dll!UnknownFunction []
[2018.11.29-09.04.05:686][764]LogOutputDevice: Error: [Callstack] 0x00007ffee7423279 UE4Editor-DetailCustomizations.dll!UnknownFunction []
[2018.11.29-09.04.05:686][764]LogOutputDevice: Error: [Callstack] 0x00007ffefde76a2e UE4Editor-Slate.dll!UnknownFunction []
[2018.11.29-09.04.05:686][764]LogOutputDevice: Error: [Callstack] 0x00007ffefdc893b0 UE4Editor-Slate.dll!UnknownFunction []
[2018.11.29-09.04.05:687][764]LogOutputDevice: Error: [Callstack] 0x00007ffefdc21444 UE4Editor-Slate.dll!UnknownFunction []
[2018.11.29-09.04.05:687][764]LogOutputDevice: Error: [Callstack] 0x00007ffee9f26cd4 UE4Editor-UMGEditor.dll!UnknownFunction []
[2018.11.29-09.04.05:687][764]LogOutputDevice: Error: [Callstack] 0x00007ffee9ec5a96 UE4Editor-UMGEditor.dll!UnknownFunction []
[2018.11.29-09.04.05:687][764]LogOutputDevice: Error: [Callstack] 0x00007ffee9e573c4 UE4Editor-UMGEditor.dll!UnknownFunction []
[2018.11.29-09.04.05:687][764]LogOutputDevice: Error: [Callstack] 0x00007ffee9f59a79 UE4Editor-UMGEditor.dll!UnknownFunction []
[2018.11.29-09.04.05:687][764]LogOutputDevice: Error: [Callstack] 0x00007ffee9f1ee5b UE4Editor-UMGEditor.dll!UnknownFunction []
[2018.11.29-09.04.05:687][764]LogOutputDevice: Error: [Callstack] 0x00007ffeeb54fce9 UE4Editor-Kismet.dll!UnknownFunction []
[2018.11.29-09.04.05:687][764]LogOutputDevice: Error: [Callstack] 0x00007ffeecf4d8d3 UE4Editor-Engine.dll!UnknownFunction []
[2018.11.29-09.04.05:687][764]LogOutputDevice: Error: [Callstack] 0x00007ffef28349b5 UE4Editor-UnrealEd.dll!UnknownFunction []
[2018.11.29-09.04.05:687][764]LogOutputDevice: Error: [Callstack] 0x00007ffeeb6be4cd UE4Editor-Kismet.dll!UnknownFunction []
[2018.11.29-09.04.05:687][764]LogOutputDevice: Error: [Callstack] 0x00007ffef2464dc6 UE4Editor-UnrealEd.dll!UnknownFunction []
[2018.11.29-09.04.05:687][764]LogOutputDevice: Error: [Callstack] 0x00007ffef24901fb UE4Editor-UnrealEd.dll!UnknownFunction []
[2018.11.29-09.04.05:687][764]LogOutputDevice: Error: [Callstack] 0x00007ffef2476535 UE4Editor-UnrealEd.dll!UnknownFunction []
[2018.11.29-09.04.05:687][764]LogOutputDevice: Error: [Callstack] 0x00007ffef24e2dc5 UE4Editor-UnrealEd.dll!UnknownFunction []
[2018.11.29-09.04.05:687][764]LogOutputDevice: Error: [Callstack] 0x00007ffef2529b6d UE4Editor-UnrealEd.dll!UnknownFunction []
[2018.11.29-09.04.05:687][764]LogOutputDevice: Error: [Callstack] 0x00007ffef24bc81f UE4Editor-UnrealEd.dll!UnknownFunction []
[2018.11.29-09.04.05:687][764]LogOutputDevice: Error: [Callstack] 0x00007ffeeb5505b8 UE4Editor-Kismet.dll!UnknownFunction []
[2018.11.29-09.04.05:687][764]LogOutputDevice: Error: [Callstack] 0x00007ffefdc224df UE4Editor-Slate.dll!UnknownFunction []
[2018.11.29-09.04.05:687][764]LogOutputDevice: Error: [Callstack] 0x00007ffefdc6437e UE4Editor-Slate.dll!UnknownFunction []
[2018.11.29-09.04.05:688][764]LogOutputDevice: Error: [Callstack] 0x00007ffef2d13a8e UE4Editor-UnrealEd.dll!UnknownFunction []
[2018.11.29-09.04.05:688][764]LogOutputDevice: Error: [Callstack] 0x00007ffef2d01a08 UE4Editor-UnrealEd.dll!UnknownFunction []
[2018.11.29-09.04.05:688][764]LogOutputDevice: Error: [Callstack] 0x00007ffefdbe70ac UE4Editor-Slate.dll!UnknownFunction []
[2018.11.29-09.04.05:688][764]LogOutputDevice: Error: [Callstack] 0x00007ffefdc6606c UE4Editor-Slate.dll!UnknownFunction []
[2018.11.29-09.04.05:688][764]LogOutputDevice: Error: [Callstack] 0x00007ffefdc59846 UE4Editor-Slate.dll!UnknownFunction []
[2018.11.29-09.04.05:688][764]LogOutputDevice: Error: [Callstack] 0x00007ffefeb0ce45 UE4Editor-ApplicationCore.dll!UnknownFunction []
[2018.11.29-09.04.05:688][764]LogOutputDevice: Error: [Callstack] 0x00007ffefeb00270 UE4Editor-ApplicationCore.dll!UnknownFunction []
[2018.11.29-09.04.05:688][764]LogOutputDevice: Error: [Callstack] 0x00007ffefeb0f4c5 UE4Editor-ApplicationCore.dll!UnknownFunction []
[2018.11.29-09.04.05:688][764]LogOutputDevice: Error: [Callstack] 0x00007ffefeafc209 UE4Editor-ApplicationCore.dll!UnknownFunction []
[2018.11.29-09.04.05:688][764]LogOutputDevice: Error: [Callstack] 0x00007fff3a566d41 USER32.dll!UnknownFunction []
[2018.11.29-09.04.05:688][764]LogOutputDevice: Error: [Callstack] 0x00007fff3a566713 USER32.dll!UnknownFunction []
[2018.11.29-09.04.05:688][764]LogOutputDevice: Error: [Callstack] 0x00007ffefeb10646 UE4Editor-ApplicationCore.dll!UnknownFunction []
[2018.11.29-09.04.05:688][764]LogOutputDevice: Error: [Callstack] 0x00007ff780aa54e5 UE4Editor.exe!UnknownFunction []
[2018.11.29-09.04.05:689][764]LogOutputDevice: Error: [Callstack] 0x00007ff780ab5b3c UE4Editor.exe!UnknownFunction []
[2018.11.29-09.04.05:689][764]LogOutputDevice: Error: [Callstack] 0x00007ff780ab5bba UE4Editor.exe!UnknownFunction []
[2018.11.29-09.04.05:689][764]LogOutputDevice: Error: [Callstack] 0x00007ff780ac3dac UE4Editor.exe!UnknownFunction []
[2018.11.29-09.04.05:689][764]LogOutputDevice: Error: [Callstack] 0x00007ff780ac5aaa UE4Editor.exe!UnknownFunction []
[2018.11.29-09.04.05:689][764]LogOutputDevice: Error: [Callstack] 0x00007fff39f13034 KERNEL32.DLL!UnknownFunction []
[2018.11.29-09.04.05:689][764]LogOutputDevice: Error: [Callstack] 0x00007fff3c401471 ntdll.dll!UnknownFunction []
[2018.11.29-09.04.05:689][764]LogOutputDevice: Error: 
[2018.11.29-09.04.05:689][764]LogStats:                SubmitErrorReport -  0.000 s
[2018.11.29-09.04.07:595][764]LogStats:                    SendNewReport -  1.906 s
[2018.11.29-09.04.07:595][764]LogStats:             FDebug::EnsureFailed -  4.801 s
[2018.11.29-09.04.07:796][764]Cmd: TRANSACTION UNDO
[2018.11.29-09.04.07:796][764]LogEditorTransaction: Undo Color and Opacity 편집
[2018.11.29-09.04.07:992][764]Cmd: TRANSACTION UNDO
[2018.11.29-09.04.07:992][764]LogEditorTransaction: Undo Color and Opacity 편집
[2018.11.29-09.04.08:216][764]LogEditorTransaction: Undo Normal Padding 편집
[2018.11.29-09.04.08:422][764]Cmd: TRANSACTION UNDO
[2018.11.29-09.04.08:422][764]LogEditorTransaction: Undo Normal Padding 편집
[2018.11.29-09.04.10:850][792]LogSlate: Window '색 선택 툴' being destroyed
[2018.11.29-09.04.23:208][950]LogSlate: Window '색 선택 툴' being destroyed
[2018.11.29-09.04.47:963][306]BlueprintLog: New page: W_SaveSlot 컴파일
[2018.11.29-09.08.38:437][920]LogSlate: Window '부모 클래스 선택' being destroyed
[2018.11.29-09.08.59:575][320]LogMetaData: Removing '/Game/_Temporary/UI/Widget/Menu/W_SCheck.SKEL_W_SCheck_C' ref from Metadata '/Game/_Temporary/UI/Widget/Menu/W_SaveCheck.PackageMetaData'
[2018.11.29-09.08.59:575][320]LogMetaData: Removing '/Game/_Temporary/UI/Widget/Menu/W_SCheck.W_SCheck_C' ref from Metadata '/Game/_Temporary/UI/Widget/Menu/W_SaveCheck.PackageMetaData'
[2018.11.29-09.08.59:575][320]LogMetaData: Removing '/Game/_Temporary/UI/Widget/Menu/W_SCheck.W_SCheck:EventGraph.K2Node_Event_0' ref from Metadata '/Game/_Temporary/UI/Widget/Menu/W_SaveCheck.PackageMetaData'
[2018.11.29-09.08.59:576][320]LogMetaData: Removing '/Game/_Temporary/UI/Widget/Menu/W_SCheck.W_SCheck:EventGraph.K2Node_CallParentFunction_0' ref from Metadata '/Game/_Temporary/UI/Widget/Menu/W_SaveCheck.PackageMetaData'
[2018.11.29-09.08.59:576][320]LogMetaData: Removing '/Game/_Temporary/UI/Widget/Menu/W_SCheck.W_SCheck:EventGraph.K2Node_Event_1' ref from Metadata '/Game/_Temporary/UI/Widget/Menu/W_SaveCheck.PackageMetaData'
[2018.11.29-09.08.59:576][320]LogMetaData: Removing '/Game/_Temporary/UI/Widget/Menu/W_SCheck.W_SCheck:EventGraph.K2Node_CallParentFunction_1' ref from Metadata '/Game/_Temporary/UI/Widget/Menu/W_SaveCheck.PackageMetaData'
[2018.11.29-09.08.59:576][320]LogMetaData: Removing '/Game/_Temporary/UI/Widget/Menu/W_SCheck.W_SCheck:EventGraph.K2Node_Event_2' ref from Metadata '/Game/_Temporary/UI/Widget/Menu/W_SaveCheck.PackageMetaData'
[2018.11.29-09.08.59:660][320]LogSavePackage: Moving '../../../../../../Users/hoon/Desktop/UE4STAG/UE4STAG/FujiwaraBattleField/Saved/W_SCheck42FE46A349118BD55A6BE7BA362A9074.tmp' to '../../../../../../Users/hoon/Desktop/UE4STAG/UE4STAG/FujiwaraBattleField/Content/_Temporary/UI/Widget/Menu/W_SCheck.uasset'
[2018.11.29-09.09.59:274][735]LogSlate: Window 'Delete Assets' being destroyed
[2018.11.29-09.10.02:369][783]BlueprintLog: New page: W_SaveSlot 컴파일
[2018.11.29-09.10.17:486][910]LogSlate: Window '부모 클래스 선택' being destroyed
[2018.11.29-09.10.36:219][203]LogSlate: Window 'BP_MyGameInstance' being destroyed
[2018.11.29-09.10.36:235][203]LogSlate: Window 'BP_MyGameInstance' being destroyed
[2018.11.29-09.10.37:857][203]LogSlate: Window '콘텐츠 저장' being destroyed
[2018.11.29-09.10.37:989][203]LogSavePackage: Moving '../../../../../../Users/hoon/Desktop/UE4STAG/UE4STAG/FujiwaraBattleField/Saved/W_MissCheckB4F9DD56417E88A493DF66AA3740F9DD.tmp' to '../../../../../../Users/hoon/Desktop/UE4STAG/UE4STAG/FujiwaraBattleField/Content/_Temporary/UI/Widget/Menu/W_MissCheck.uasset'
[2018.11.29-09.10.38:196][203]LogSavePackage: Moving '../../../../../../Users/hoon/Desktop/UE4STAG/UE4STAG/FujiwaraBattleField/Saved/W_SaveSlotFF963A4C4323222334EC3C8291BD40FF.tmp' to '../../../../../../Users/hoon/Desktop/UE4STAG/UE4STAG/FujiwaraBattleField/Content/_Temporary/UI/Widget/Menu/W_SaveSlot.uasset'
[2018.11.29-09.10.38:372][203]LogSlate: Window 'FujiwaraBattleField - 언리얼 에디터' being destroyed
[2018.11.29-09.10.38:382][203]LogWindowsTextInputMethodSystem: Display: IME system now activated using TSF (Microsoft 입력기).
[2018.11.29-09.10.38:706][204]Cmd: QUIT_EDITOR
[2018.11.29-09.10.38:849][204]LogExit: Preparing to exit.
[2018.11.29-09.10.39:119][204]LogDirectoryWatcher: A directory notification failed for 'C:/Users/hoon/Desktop/UE4STAG/UE4STAG/FujiwaraBattleField/Content/', and we were unable to create a new request.
[2018.11.29-09.10.39:334][204]LogExit: Editor shut down
[2018.11.29-09.10.39:336][204]LogExit: Transaction tracking system shut down
[2018.11.29-09.10.40:414][204]LogExit: Object subsystem successfully closed.
[2018.11.29-09.10.40:445][204]LogShaderCompilers: Display: Shaders left to compile 0
[2018.11.29-09.10.40:455][204]LogD3D11RHI: Shutdown
[2018.11.29-09.10.40:455][204]LogD3D11RHI: CleanupD3DDevice
[2018.11.29-09.10.40:533][204]LogD3D11RHI: ~FD3D11DynamicRHI
[2018.11.29-09.10.40:647][204]LogModuleManager: Shutting down and abandoning module SequencerWidgets (616)
[2018.11.29-09.10.40:648][204]LogModuleManager: Shutting down and abandoning module BlueprintGraph (614)
[2018.11.29-09.10.40:648][204]LogModuleManager: Shutting down and abandoning module HierarchicalLODOutliner (612)
[2018.11.29-09.10.40:648][204]LogModuleManager: Shutting down and abandoning module SceneOutliner (610)
[2018.11.29-09.10.40:648][204]LogModuleManager: Shutting down and abandoning module AddContentDialog (608)
[2018.11.29-09.10.40:649][204]LogModuleManager: Shutting down and abandoning module WidgetCarousel (607)
[2018.11.29-09.10.40:649][204]LogModuleManager: Shutting down and abandoning module EditorWidgets (604)
[2018.11.29-09.10.40:649][204]LogModuleManager: Shutting down and abandoning module CollectionManager (602)
[2018.11.29-09.10.40:650][204]LogModuleManager: Shutting down and abandoning module StatsViewer (600)
[2018.11.29-09.10.40:650][204]LogModuleManager: Shutting down and abandoning module FoliageEdit (598)
[2018.11.29-09.10.40:650][204]LogModuleManager: Shutting down and abandoning module LandscapeEditor (596)
[2018.11.29-09.10.40:651][204]LogModuleManager: Shutting down and abandoning module MeshPaintMode (594)
[2018.11.29-09.10.40:651][204]LogModuleManager: Shutting down and abandoning module SceneDepthPickerMode (592)
[2018.11.29-09.10.40:651][204]LogModuleManager: Shutting down and abandoning module ActorPickerMode (590)
[2018.11.29-09.10.40:651][204]LogModuleManager: Shutting down and abandoning module GeometryMode (588)
[2018.11.29-09.10.40:651][204]LogModuleManager: Shutting down and abandoning module TextureAlignMode (586)
[2018.11.29-09.10.40:651][204]LogModuleManager: Shutting down and abandoning module BspMode (584)
[2018.11.29-09.10.40:651][204]LogModuleManager: Shutting down and abandoning module PIEPreviewDeviceProfileSelector (582)
[2018.11.29-09.10.40:652][204]LogModuleManager: Shutting down and abandoning module SequenceRecorderSections (580)
[2018.11.29-09.10.40:652][204]LogModuleManager: Shutting down and abandoning module AutomationWorker (578)
[2018.11.29-09.10.40:652][204]LogModuleManager: Shutting down and abandoning module AudioCaptureEditor (576)
[2018.11.29-09.10.40:652][204]LogModuleManager: Shutting down and abandoning module SequenceRecorder (575)
[2018.11.29-09.10.40:652][204]LogModuleManager: Shutting down and abandoning module MatineeToLevelSequence (572)
[2018.11.29-09.10.40:652][204]LogModuleManager: Shutting down and abandoning module LevelSequenceEditor (570)
[2018.11.29-09.10.40:653][204]LogModuleManager: Shutting down and abandoning module PlacementMode (569)
[2018.11.29-09.10.40:653][204]LogModuleManager: Shutting down and abandoning module MaterialEditor (568)
[2018.11.29-09.10.40:653][204]LogModuleManager: Shutting down and abandoning module WmfMediaFactory (564)
[2018.11.29-09.10.40:653][204]LogModuleManager: Shutting down and abandoning module WmfMediaEditor (562)
[2018.11.29-09.10.40:653][204]LogModuleManager: Shutting down and abandoning module MediaPlayerEditor (560)
[2018.11.29-09.10.40:654][204]LogModuleManager: Shutting down and abandoning module OpenExrWrapper (558)
[2018.11.29-09.10.40:654][204]LogModuleManager: Shutting down and abandoning module ImgMediaFactory (556)
[2018.11.29-09.10.40:654][204]LogModuleManager: Shutting down and abandoning module ImgMediaEditor (554)
[2018.11.29-09.10.40:654][204]LogModuleManager: Shutting down and abandoning module AvfMediaFactory (552)
[2018.11.29-09.10.40:654][204]LogModuleManager: Shutting down and abandoning module AvfMediaEditor (550)
[2018.11.29-09.10.40:654][204]LogModuleManager: Shutting down and abandoning module AndroidMediaFactory (548)
[2018.11.29-09.10.40:654][204]LogModuleManager: Shutting down and abandoning module AndroidMediaEditor (546)
[2018.11.29-09.10.40:654][204]LogModuleManager: Shutting down and abandoning module MagicLeapCameraPreviewFactory (544)
[2018.11.29-09.10.40:655][204]LogModuleManager: Shutting down and abandoning module MagicLeapMediaFactory (542)
[2018.11.29-09.10.40:655][204]LogModuleManager: Shutting down and abandoning module MagicLeapMediaEditor (540)
[2018.11.29-09.10.40:655][204]LogModuleManager: Shutting down and abandoning module CharacterAI (538)
[2018.11.29-09.10.40:655][204]LogModuleManager: Shutting down and abandoning module SmartSnapping (536)
[2018.11.29-09.10.40:655][204]LogModuleManager: Shutting down and abandoning module SessionServices (534)
[2018.11.29-09.10.40:655][204]LogModuleManager: Shutting down and abandoning module ViewportSnapping (532)
[2018.11.29-09.10.40:656][204]LogModuleManager: Shutting down and abandoning module ViewportInteraction (530)
[2018.11.29-09.10.40:656][204]LogModuleManager: Shutting down and abandoning module ClothPainter (528)
[2018.11.29-09.10.40:656][204]LogModuleManager: Shutting down and abandoning module SkeletalMeshEditor (527)
[2018.11.29-09.10.40:657][204]LogModuleManager: Shutting down and abandoning module LogVisualizer (524)
[2018.11.29-09.10.40:657][204]LogModuleManager: Shutting down and abandoning module IntroTutorials (522)
[2018.11.29-09.10.40:658][204]LogModuleManager: Shutting down and abandoning module GameProjectGeneration (521)
[2018.11.29-09.10.40:658][204]LogModuleManager: Shutting down and abandoning module LuminPlatformEditor (518)
[2018.11.29-09.10.40:658][204]LogModuleManager: Shutting down and abandoning module IOSPlatformEditor (516)
[2018.11.29-09.10.40:658][204]LogModuleManager: Shutting down and abandoning module HTML5PlatformEditor (514)
[2018.11.29-09.10.40:658][204]LogModuleManager: Shutting down and abandoning module AndroidPlatformEditor (512)
[2018.11.29-09.10.40:659][204]LogModuleManager: Shutting down and abandoning module AndroidDeviceDetection (511)
[2018.11.29-09.10.40:830][204]LogModuleManager: Shutting down and abandoning module WindowsPlatformEditor (508)
[2018.11.29-09.10.40:830][204]LogModuleManager: Shutting down and abandoning module LuminRuntimeSettings (506)
[2018.11.29-09.10.40:830][204]LogModuleManager: Shutting down and abandoning module IOSRuntimeSettings (504)
[2018.11.29-09.10.40:830][204]LogModuleManager: Shutting down and abandoning module AndroidRuntimeSettings (502)
[2018.11.29-09.10.40:830][204]LogModuleManager: Shutting down and abandoning module InputBindingEditor (500)
[2018.11.29-09.10.40:830][204]LogModuleManager: Shutting down and abandoning module MergeActors (498)
[2018.11.29-09.10.40:830][204]LogModuleManager: Shutting down and abandoning module LocalizationDashboard (496)
[2018.11.29-09.10.40:831][204]LogModuleManager: Shutting down and abandoning module LocalizationService (495)
[2018.11.29-09.10.40:831][204]LogModuleManager: Shutting down and abandoning module HardwareTargeting (492)
[2018.11.29-09.10.40:831][204]LogModuleManager: Shutting down and abandoning module DeviceProfileEditor (490)
[2018.11.29-09.10.40:831][204]LogModuleManager: Shutting down and abandoning module UndoHistory (488)
[2018.11.29-09.10.40:831][204]LogModuleManager: Shutting down and abandoning module XmlParser (486)
[2018.11.29-09.10.40:831][204]LogModuleManager: Shutting down and abandoning module Blutility (484)
[2018.11.29-09.10.40:831][204]LogModuleManager: Shutting down and abandoning module ProjectSettingsViewer (482)
[2018.11.29-09.10.40:831][204]LogModuleManager: Shutting down and abandoning module ProjectTargetPlatformEditor (481)
[2018.11.29-09.10.40:832][204]LogModuleManager: Shutting down and abandoning module EditorSettingsViewer (478)
[2018.11.29-09.10.40:832][204]LogModuleManager: Shutting down and abandoning module SettingsEditor (476)
[2018.11.29-09.10.40:832][204]LogModuleManager: Shutting down and abandoning module ProjectLauncher (474)
[2018.11.29-09.10.40:832][204]LogModuleManager: Shutting down and abandoning module SessionFrontend (472)
[2018.11.29-09.10.40:832][204]LogModuleManager: Shutting down and abandoning module ProfilerClient (470)
[2018.11.29-09.10.40:833][204]LogModuleManager: Shutting down and abandoning module DeviceManager (468)
[2018.11.29-09.10.40:833][204]LogModuleManager: Shutting down and abandoning module TargetDeviceServices (467)
[2018.11.29-09.10.40:886][204]LogModuleManager: Shutting down and abandoning module AutomationController (464)
[2018.11.29-09.10.40:886][204]LogModuleManager: Shutting down and abandoning module AutomationWindow (462)
[2018.11.29-09.10.40:886][204]LogModuleManager: Shutting down and abandoning module Layers (460)
[2018.11.29-09.10.40:886][204]LogModuleManager: Shutting down and abandoning module ComponentVisualizers (458)
[2018.11.29-09.10.40:886][204]LogModuleManager: Shutting down and abandoning module DetailCustomizations (456)
[2018.11.29-09.10.40:886][204]LogModuleManager: Shutting down and abandoning module PackagesDialog (454)
[2018.11.29-09.10.40:887][204]LogModuleManager: Shutting down and abandoning module Persona (452)
[2018.11.29-09.10.40:887][204]LogModuleManager: Shutting down and abandoning module AdvancedPreviewScene (451)
[2018.11.29-09.10.40:887][204]LogModuleManager: Shutting down and abandoning module AnimGraph (449)
[2018.11.29-09.10.40:887][204]LogModuleManager: Shutting down and abandoning module Kismet (446)
[2018.11.29-09.10.40:905][204]LogModuleManager: Shutting down and abandoning module GraphEditor (444)
[2018.11.29-09.10.40:905][204]LogModuleManager: Shutting down and abandoning module ClassViewer (442)
[2018.11.29-09.10.40:910][204]LogModuleManager: Shutting down and abandoning module Toolbox (440)
[2018.11.29-09.10.40:910][204]LogModuleManager: Shutting down and abandoning module DesktopPlatform (439)
[2018.11.29-09.10.40:910][204]LogModuleManager: Shutting down and abandoning module ModuleUI (436)
[2018.11.29-09.10.40:910][204]LogModuleManager: Shutting down and abandoning module MovieSceneTools (434)
[2018.11.29-09.10.40:910][204]LogModuleManager: Shutting down and abandoning module OutputLog (432)
[2018.11.29-09.10.40:910][204]LogModuleManager: Shutting down and abandoning module GammaUI (430)
[2018.11.29-09.10.40:910][204]LogModuleManager: Shutting down and abandoning module Documentation (428)
[2018.11.29-09.10.40:910][204]LogModuleManager: Shutting down and abandoning module MovieSceneTracks (426)
[2018.11.29-09.10.40:911][204]LogModuleManager: Shutting down and abandoning module MovieScene (424)
[2018.11.29-09.10.40:911][204]LogModuleManager: Shutting down and abandoning module StreamingPauseRendering (422)
[2018.11.29-09.10.40:911][204]LogModuleManager: Shutting down and abandoning module LauncherPlatform (420)
[2018.11.29-09.10.40:911][204]LogModuleManager: Shutting down and abandoning module AnalyticsET (418)
[2018.11.29-09.10.40:911][204]LogModuleManager: Shutting down and abandoning module PortalServices (416)
[2018.11.29-09.10.40:911][204]LogModuleManager: Shutting down and abandoning module PortalRpc (414)
[2018.11.29-09.10.40:911][204]LogModuleManager: Shutting down and abandoning module MessagingRpc (412)
[2018.11.29-09.10.40:911][204]LogModuleManager: Shutting down and abandoning module AIModule (410)
[2018.11.29-09.10.40:912][204]LogModuleManager: Shutting down and abandoning module GameplayDebugger (409)
[2018.11.29-09.10.40:912][204]LogModuleManager: Shutting down and abandoning module AITestSuite (407)
[2018.11.29-09.10.40:912][204]LogModuleManager: Shutting down and abandoning module NavigationSystem (405)
[2018.11.29-09.10.40:912][204]LogModuleManager: Shutting down and abandoning module ProfilerService (402)
[2018.11.29-09.10.41:030][204]LogModuleManager: Shutting down and abandoning module TaskGraph (400)
[2018.11.29-09.10.41:030][204]LogModuleManager: Shutting down and abandoning module SteamVRController (398)
[2018.11.29-09.10.41:030][204]LogModuleManager: Shutting down and abandoning module ProceduralMeshComponentEditor (396)
[2018.11.29-09.10.41:030][204]LogModuleManager: Shutting down and abandoning module ProceduralMeshComponent (394)
[2018.11.29-09.10.41:031][204]LogModuleManager: Shutting down and abandoning module OculusInput (392)
[2018.11.29-09.10.41:031][204]LogModuleManager: Shutting down and abandoning module MobilePatchingUtils (390)
[2018.11.29-09.10.41:031][204]LogModuleManager: Shutting down and abandoning module EditableMesh (388)
[2018.11.29-09.10.41:031][204]LogModuleManager: Shutting down and abandoning module CustomMeshComponent (386)
[2018.11.29-09.10.41:031][204]LogModuleManager: Shutting down and abandoning module CableComponent (384)
[2018.11.29-09.10.41:031][204]LogModuleManager: Shutting down and abandoning module AudioCapture (382)
[2018.11.29-09.10.41:031][204]LogModuleManager: Shutting down and abandoning module ArchVisCharacter (380)
[2018.11.29-09.10.41:031][204]LogModuleManager: Shutting down and abandoning module AndroidPermission (378)
[2018.11.29-09.10.41:031][204]LogModuleManager: Shutting down and abandoning module NUTUnrealEngine4 (376)
[2018.11.29-09.10.41:031][204]LogModuleManager: Shutting down and abandoning module NetcodeUnitTest (374)
[2018.11.29-09.10.41:032][204]LogModuleManager: Shutting down and abandoning module MediaCompositingEditor (372)
[2018.11.29-09.10.41:032][204]LogModuleManager: Shutting down and abandoning module MediaCompositing (370)
[2018.11.29-09.10.41:032][204]LogModuleManager: Shutting down and abandoning module LinearTimecode (368)
[2018.11.29-09.10.41:032][204]LogModuleManager: Shutting down and abandoning module ImgMedia (366)
[2018.11.29-09.10.41:044][204]LogModuleManager: Shutting down and abandoning module HTML5Networking (364)
[2018.11.29-09.10.41:044][204]LogModuleManager: Shutting down and abandoning module GeometryCacheTracks (362)
[2018.11.29-09.10.41:044][204]LogModuleManager: Shutting down and abandoning module GeometryCacheSequencer (360)
[2018.11.29-09.10.41:044][204]LogModuleManager: Shutting down and abandoning module BackChannel (358)
[2018.11.29-09.10.41:044][204]LogModuleManager: Shutting down and abandoning module AppleVision (356)
[2018.11.29-09.10.41:044][204]LogModuleManager: Shutting down and abandoning module AppleImageUtils (354)
[2018.11.29-09.10.41:044][204]LogModuleManager: Shutting down and abandoning module AlembicImporter (352)
[2018.11.29-09.10.41:044][204]LogModuleManager: Shutting down and abandoning module AlembicLibrary (351)
[2018.11.29-09.10.41:044][204]LogModuleManager: Shutting down and abandoning module GeometryCache (350)
[2018.11.29-09.10.41:044][204]LogModuleManager: Shutting down and abandoning module GeometryCacheEd (349)
[2018.11.29-09.10.41:044][204]LogModuleManager: Shutting down and abandoning module DatasmithContentEditor (344)
[2018.11.29-09.10.41:044][204]LogModuleManager: Shutting down and abandoning module DatasmithContent (342)
[2018.11.29-09.10.41:046][204]LogModuleManager: Shutting down and abandoning module SpeedTreeImporter (340)
[2018.11.29-09.10.41:046][204]LogModuleManager: Shutting down and abandoning module PluginBrowser (338)
[2018.11.29-09.10.41:046][204]LogModuleManager: Shutting down and abandoning module MobileLauncherProfileWizard (336)
[2018.11.29-09.10.41:046][204]LogModuleManager: Shutting down and abandoning module PolygonModeling (334)
[2018.11.29-09.10.41:046][204]LogModuleManager: Shutting down and abandoning module MeshEditor (332)
[2018.11.29-09.10.41:047][204]LogModuleManager: Shutting down and abandoning module CryptoKeysOpenSSL (330)
[2018.11.29-09.10.41:047][204]LogModuleManager: Shutting down and abandoning module CryptoKeys (328)
[2018.11.29-09.10.41:047][204]LogModuleManager: Shutting down and abandoning module VisualStudioSourceCodeAccess (326)
[2018.11.29-09.10.41:047][204]LogModuleManager: Shutting down and abandoning module VisualStudioCodeSourceCodeAccess (324)
[2018.11.29-09.10.41:047][204]LogModuleManager: Shutting down and abandoning module UObjectPlugin (322)
[2018.11.29-09.10.41:047][204]LogModuleManager: Shutting down and abandoning module SubversionSourceControl (320)
[2018.11.29-09.10.41:047][204]LogModuleManager: Shutting down and abandoning module PerforceSourceControl (318)
[2018.11.29-09.10.41:047][204]LogModuleManager: Shutting down and abandoning module GitSourceControl (316)
[2018.11.29-09.10.41:047][204]LogModuleManager: Shutting down and abandoning module SourceControl (315)
[2018.11.29-09.10.41:048][204]LogModuleManager: Shutting down and abandoning module CLionSourceCodeAccess (312)
[2018.11.29-09.10.41:048][204]LogModuleManager: Shutting down and abandoning module LightPropagationVolumeEditor (310)
[2018.11.29-09.10.41:048][204]LogModuleManager: Shutting down and abandoning module PaperTiledImporter (308)
[2018.11.29-09.10.41:048][204]LogModuleManager: Shutting down and abandoning module PaperSpriteSheetImporter (306)
[2018.11.29-09.10.41:048][204]LogModuleManager: Shutting down and abandoning module Paper2DEditor (304)
[2018.11.29-09.10.41:048][204]LogModuleManager: Shutting down and abandoning module MeshPaint (303)
[2018.11.29-09.10.41:048][204]LogModuleManager: Shutting down and abandoning module FujiwaraBattleField (300)
[2018.11.29-09.10.41:048][204]LogModuleManager: Shutting down and abandoning module RuntimePhysXCooking (298)
[2018.11.29-09.10.41:048][204]LogModuleManager: Shutting down and abandoning module PhysXVehiclesEditor (296)
[2018.11.29-09.10.41:048][204]LogModuleManager: Shutting down and abandoning module PhysXVehicles (294)
[2018.11.29-09.10.41:048][204]LogModuleManager: Shutting down and abandoning module OculusEditor (292)
[2018.11.29-09.10.41:049][204]LogModuleManager: Shutting down and abandoning module LocationServicesBPLibrary (290)
[2018.11.29-09.10.41:049][204]LogModuleManager: Shutting down and abandoning module ImmediatePhysicsEditor (288)
[2018.11.29-09.10.41:049][204]LogModuleManager: Shutting down and abandoning module ImmediatePhysics (286)
[2018.11.29-09.10.41:049][204]LogModuleManager: Shutting down and abandoning module ActorSequence (284)
[2018.11.29-09.10.41:049][204]LogModuleManager: Shutting down and abandoning module UdpMessaging (282)
[2018.11.29-09.10.41:150][204]LogModuleManager: Shutting down and abandoning module TcpMessaging (280)
[2018.11.29-09.10.41:251][204]LogModuleManager: Shutting down and abandoning module MagicLeapAudio (278)
[2018.11.29-09.10.41:251][204]LogModuleManager: Shutting down and abandoning module GameplayTagsEditor (276)
[2018.11.29-09.10.41:251][204]LogModuleManager: Shutting down and abandoning module FacialAnimationEditor (274)
[2018.11.29-09.10.41:251][204]LogModuleManager: Shutting down and abandoning module FacialAnimation (272)
[2018.11.29-09.10.41:252][204]LogModuleManager: Shutting down and abandoning module DataValidation (270)
[2018.11.29-09.10.41:252][204]LogModuleManager: Shutting down and abandoning module AssetManagerEditor (268)
[2018.11.29-09.10.41:253][204]LogModuleManager: Shutting down and abandoning module LevelEditor (267)
[2018.11.29-09.10.41:255][204]LogModuleManager: Shutting down and abandoning module PixelInspectorModule (266)
[2018.11.29-09.10.41:255][204]LogModuleManager: Shutting down and abandoning module CommonMenuExtensions (264)
[2018.11.29-09.10.41:256][204]LogModuleManager: Shutting down and abandoning module MainFrame (262)
[2018.11.29-09.10.41:256][204]LogModuleManager: Shutting down and abandoning module HotReload (261)
[2018.11.29-09.10.41:258][204]LogModuleManager: Shutting down and abandoning module ContentBrowser (257)
[2018.11.29-09.10.41:261][204]LogModuleManager: Shutting down and abandoning module TreeMap (255)
[2018.11.29-09.10.41:261][204]LogModuleManager: Shutting down and abandoning module LightPropagationVolumeRuntime (252)
[2018.11.29-09.10.41:261][204]LogModuleManager: Shutting down and abandoning module AISupportModule (250)
[2018.11.29-09.10.41:262][204]LogModuleManager: Shutting down and abandoning module Paper2D (248)
[2018.11.29-09.10.41:262][204]LogModuleManager: Shutting down and abandoning module WindowsMoviePlayer (246)
[2018.11.29-09.10.41:262][204]LogModuleManager: Shutting down and abandoning module WmfMedia (244)
[2018.11.29-09.10.41:268][204]LogModuleManager: Shutting down and abandoning module Media (243)
[2018.11.29-09.10.41:275][204]LogModuleManager: Shutting down and abandoning module PacketHandler (240)
[2018.11.29-09.10.41:275][204]LogModuleManager: Shutting down and abandoning module ClothingSystemEditor (238)
[2018.11.29-09.10.41:275][204]LogModuleManager: Shutting down and abandoning module ClothingSystemRuntime (236)
[2018.11.29-09.10.41:275][204]LogModuleManager: Shutting down and abandoning module MediaAssets (234)
[2018.11.29-09.10.41:275][204]LogModuleManager: Shutting down and abandoning module Overlay (232)
[2018.11.29-09.10.41:276][204]LogModuleManager: Shutting down and abandoning module OverlayEditor (231)
[2018.11.29-09.10.41:276][204]LogModuleManager: Shutting down and abandoning module VREditor (228)
[2018.11.29-09.10.41:276][204]LogModuleManager: Shutting down and abandoning module StringTableEditor (226)
[2018.11.29-09.10.41:276][204]LogModuleManager: Shutting down and abandoning module GameplayTasksEditor (224)
[2018.11.29-09.10.41:276][204]LogModuleManager: Shutting down and abandoning module BehaviorTreeEditor (222)
[2018.11.29-09.10.41:276][204]LogModuleManager: Shutting down and abandoning module FunctionalTesting (220)
[2018.11.29-09.10.41:276][204]LogModuleManager: Shutting down and abandoning module CollisionAnalyzer (218)
[2018.11.29-09.10.41:276][204]LogModuleManager: Shutting down and abandoning module WorkspaceMenuStructure (217)
[2018.11.29-09.10.41:276][204]LogModuleManager: Shutting down and abandoning module UMG (214)
[2018.11.29-09.10.41:277][204]LogModuleManager: Shutting down and abandoning module UMGEditor (213)
[2018.11.29-09.10.41:277][204]LogModuleManager: Shutting down and abandoning module Sequencer (212)
[2018.11.29-09.10.41:277][204]LogModuleManager: Shutting down and abandoning module MessageLog (209)
[2018.11.29-09.10.41:277][204]LogModuleManager: Shutting down and abandoning module SlateReflector (204)
[2018.11.29-09.10.41:277][204]LogModuleManager: Shutting down and abandoning module Slate (202)
[2018.11.29-09.10.41:277][204]LogModuleManager: Shutting down and abandoning module EditorStyle (200)
[2018.11.29-09.10.41:286][204]LogModuleManager: Shutting down and abandoning module MRMesh (198)
[2018.11.29-09.10.41:286][204]LogModuleManager: Shutting down and abandoning module SourceCodeAccess (196)
[2018.11.29-09.10.41:287][204]LogModuleManager: Shutting down and abandoning module HeadMountedDisplay (194)
[2018.11.29-09.10.41:287][204]LogModuleManager: Shutting down and abandoning module XAudio2 (192)
[2018.11.29-09.10.41:287][204]LogModuleManager: Shutting down and abandoning module Networking (190)
[2018.11.29-09.10.41:287][204]LogModuleManager: Shutting down and abandoning module Core (188)
[2018.11.29-09.10.41:288][204]LogModuleManager: Shutting down and abandoning module LevelSequence (186)
[2018.11.29-09.10.41:288][204]LogModuleManager: Shutting down and abandoning module KismetCompiler (184)
[2018.11.29-09.10.41:288][204]LogModuleManager: Shutting down and abandoning module MeshUtilities (182)
[2018.11.29-09.10.41:288][204]LogModuleManager: Shutting down and abandoning module MeshMergeUtilities (181)
[2018.11.29-09.10.41:288][204]LogModuleManager: Shutting down and abandoning module MeshReductionInterface (180)
[2018.11.29-09.10.41:288][204]LogModuleManager: Shutting down and abandoning module SimplygonSwarm (179)
[2018.11.29-09.10.41:288][204]LogModuleManager: Shutting down and abandoning module ProxyLODMeshReduction (177)
[2018.11.29-09.10.41:288][204]LogModuleManager: Shutting down and abandoning module SimplygonMeshReduction (175)
[2018.11.29-09.10.41:288][204]LogModuleManager: Shutting down and abandoning module QuadricMeshReduction (173)
[2018.11.29-09.10.41:288][204]LogModuleManager: Shutting down and abandoning module MaterialBaking (169)
[2018.11.29-09.10.41:288][204]LogModuleManager: Shutting down and abandoning module DirectoryWatcher (165)
[2018.11.29-09.10.41:289][204]LogModuleManager: Shutting down and abandoning module DerivedDataCache (162)
[2018.11.29-09.10.41:386][204]LogDerivedDataCache: Shutdown
[2018.11.29-09.10.41:386][204]LogModuleManager: Shutting down and abandoning module XGEController (160)
[2018.11.29-09.10.41:386][204]LogModuleManager: Shutting down and abandoning module TargetPlatform (158)
[2018.11.29-09.10.41:387][204]LogModuleManager: Shutting down and abandoning module VulkanShaderFormat (157)
[2018.11.29-09.10.41:387][204]LogModuleManager: Shutting down and abandoning module ShaderFormatVectorVM (155)
[2018.11.29-09.10.41:387][204]LogModuleManager: Shutting down and abandoning module ShaderFormatOpenGL (153)
[2018.11.29-09.10.41:387][204]LogModuleManager: Shutting down and abandoning module ShaderFormatD3D (151)
[2018.11.29-09.10.41:387][204]LogModuleManager: Shutting down and abandoning module MetalShaderFormat (149)
[2018.11.29-09.10.41:387][204]LogModuleManager: Shutting down and abandoning module TextureFormatUncompressed (147)
[2018.11.29-09.10.41:387][204]LogModuleManager: Shutting down and abandoning module TextureFormatPVR (145)
[2018.11.29-09.10.41:387][204]LogModuleManager: Shutting down and abandoning module TextureFormatDXT (143)
[2018.11.29-09.10.41:387][204]LogModuleManager: Shutting down and abandoning module TextureFormatIntelISPCTexComp (141)
[2018.11.29-09.10.41:388][204]LogModuleManager: Shutting down and abandoning module TextureFormatASTC (139)
[2018.11.29-09.10.41:388][204]LogModuleManager: Shutting down and abandoning module ImageWrapper (138)
[2018.11.29-09.10.41:388][204]LogModuleManager: Shutting down and abandoning module TextureFormatAndroid (135)
[2018.11.29-09.10.41:388][204]LogModuleManager: Shutting down and abandoning module AudioFormatOpus (133)
[2018.11.29-09.10.41:388][204]LogModuleManager: Shutting down and abandoning module AudioFormatOgg (131)
[2018.11.29-09.10.41:388][204]LogModuleManager: Shutting down and abandoning module AudioFormatADPCM (129)
[2018.11.29-09.10.41:388][204]LogModuleManager: Shutting down and abandoning module LuminTargetPlatform (127)
[2018.11.29-09.10.41:388][204]LogModuleManager: Shutting down and abandoning module LinuxTargetPlatform (125)
[2018.11.29-09.10.41:388][204]LogModuleManager: Shutting down and abandoning module LinuxServerTargetPlatform (123)
[2018.11.29-09.10.41:388][204]LogModuleManager: Shutting down and abandoning module LinuxNoEditorTargetPlatform (121)
[2018.11.29-09.10.41:388][204]LogModuleManager: Shutting down and abandoning module LinuxClientTargetPlatform (119)
[2018.11.29-09.10.41:389][204]LogModuleManager: Shutting down and abandoning module TVOSTargetPlatform (117)
[2018.11.29-09.10.41:391][204]LogModuleManager: Shutting down and abandoning module Messaging (115)
[2018.11.29-09.10.41:391][204]LogModuleManager: Shutting down and abandoning module IOSTargetPlatform (113)
[2018.11.29-09.10.41:394][204]LogModuleManager: Shutting down and abandoning module HTML5TargetPlatform (111)
[2018.11.29-09.10.41:394][204]LogModuleManager: Shutting down and abandoning module AndroidTargetPlatform (109)
[2018.11.29-09.10.41:419][204]LogModuleManager: Shutting down and abandoning module WindowsTargetPlatform (107)
[2018.11.29-09.10.41:419][204]LogModuleManager: Shutting down and abandoning module WindowsServerTargetPlatform (105)
[2018.11.29-09.10.41:419][204]LogModuleManager: Shutting down and abandoning module WindowsNoEditorTargetPlatform (103)
[2018.11.29-09.10.41:420][204]LogModuleManager: Shutting down and abandoning module WindowsClientTargetPlatform (101)
[2018.11.29-09.10.41:420][204]LogModuleManager: Shutting down and abandoning module MacTargetPlatform (99)
[2018.11.29-09.10.41:420][204]LogModuleManager: Shutting down and abandoning module MacServerTargetPlatform (97)
[2018.11.29-09.10.41:420][204]LogModuleManager: Shutting down and abandoning module MacNoEditorTargetPlatform (95)
[2018.11.29-09.10.41:420][204]LogModuleManager: Shutting down and abandoning module MacClientTargetPlatform (93)
[2018.11.29-09.10.41:420][204]LogModuleManager: Shutting down and abandoning module AllDesktopTargetPlatform (91)
[2018.11.29-09.10.41:420][204]LogModuleManager: Shutting down and abandoning module InputCore (88)
[2018.11.29-09.10.41:420][204]LogModuleManager: Shutting down and abandoning module Settings (86)
[2018.11.29-09.10.41:420][204]LogModuleManager: Shutting down and abandoning module PhysXCooking (84)
[2018.11.29-09.10.41:420][204]LogModuleManager: Shutting down and abandoning module SteamVR (82)
[2018.11.29-09.10.41:421][204]LogModuleManager: Shutting down and abandoning module OculusHMD (80)
[2018.11.29-09.10.41:421][204]LogModuleManager: Shutting down and abandoning module ExampleDeviceProfileSelector (78)
[2018.11.29-09.10.41:421][204]LogModuleManager: Shutting down and abandoning module LauncherChunkInstaller (76)
[2018.11.29-09.10.41:421][204]LogModuleManager: Shutting down and abandoning module OnlineBlueprintSupport (74)
[2018.11.29-09.10.41:421][204]LogModuleManager: Shutting down and abandoning module OnlineSubsystem (70)
[2018.11.29-09.10.41:423][204]LogModuleManager: Shutting down and abandoning module XMPP (65)
[2018.11.29-09.10.41:424][204]LogModuleManager: Shutting down and abandoning module WebSockets (64)
[2018.11.29-09.10.41:459][204]LogModuleManager: Shutting down and abandoning module HTTP (61)
[2018.11.29-09.10.41:460][204]LogHttp: Display: Http module shutting down, but needs to wait on 1 outstanding Http requests:
[2018.11.29-09.10.41:460][204]LogHttp: Display: 	verb=[POST] url=[https://datarouter.ol.epicgames.com/datarouter/api/v1/public/data?SessionID=%7B154BBB61-4A60-5B94-10E3-3D9EB902FBC0%7D&AppID=UEEditor.Rocket.Release&AppVersion=4.20.3-4369336%2B%2B%2BUE4%2BRelease-4.20&UserID=5b0eb9ea4fda3e341e3a4f8469f8b716%7Cc6d252eadabe4478b45225fa32f2ee07%7C8efa9574-8605-47f4-81c9-781c6a52107c&AppEnvironment=datacollector-binary&UploadType=eteventstream] status=Processing
[2018.11.29-09.10.41:486][204]LogModuleManager: Shutting down and abandoning module SSL (60)
[2018.11.29-09.10.41:490][204]LogModuleManager: Shutting down and abandoning module MagicLeapEmulator (56)
[2018.11.29-09.10.41:490][204]LogModuleManager: Shutting down and abandoning module MagicLeapPrivileges (54)
[2018.11.29-09.10.41:490][204]LogModuleManager: Shutting down and abandoning module MagicLeapIdentity (52)
[2018.11.29-09.10.41:490][204]LogModuleManager: Shutting down and abandoning module MagicLeapHelperVulkan (50)
[2018.11.29-09.10.41:490][204]LogModuleManager: Shutting down and abandoning module MagicLeapHelperOpenGL (48)
[2018.11.29-09.10.41:490][204]LogModuleManager: Shutting down and abandoning module MagicLeapSecureStorage (46)
[2018.11.29-09.10.41:490][204]LogModuleManager: Shutting down and abandoning module MagicLeapGestures (44)
[2018.11.29-09.10.41:490][204]LogModuleManager: Shutting down and abandoning module MagicLeapEyeTracker (42)
[2018.11.29-09.10.41:490][204]LogModuleManager: Shutting down and abandoning module MagicLeapController (40)
[2018.11.29-09.10.41:491][204]LogSlate: Slate User Destroyed.  User Index 0, Is Virtual User: 0
[2018.11.29-09.10.41:491][204]LogModuleManager: Shutting down and abandoning module MagicLeap (38)
[2018.11.29-09.10.41:491][204]LogModuleManager: Shutting down and abandoning module AnimationModifiers (36)
[2018.11.29-09.10.41:491][204]LogModuleManager: Shutting down and abandoning module PropertyEditor (35)
[2018.11.29-09.10.41:492][204]LogModuleManager: Shutting down and abandoning module AudioEditor (32)
[2018.11.29-09.10.41:492][204]LogModuleManager: Shutting down and abandoning module TextureCompressor (30)
[2018.11.29-09.10.41:492][204]LogModuleManager: Shutting down and abandoning module ShaderCore (28)
[2018.11.29-09.10.41:493][204]LogModuleManager: Shutting down and abandoning module Landscape (26)
[2018.11.29-09.10.41:493][204]LogModuleManager: Shutting down and abandoning module SlateRHIRenderer (24)
[2018.11.29-09.10.41:499][204]LogModuleManager: Shutting down and abandoning module OpenGLDrv (22)
[2018.11.29-09.10.41:499][204]LogModuleManager: Shutting down and abandoning module D3D11RHI (20)
[2018.11.29-09.10.41:499][204]LogModuleManager: Shutting down and abandoning module AnimGraphRuntime (18)
[2018.11.29-09.10.41:500][204]LogModuleManager: Shutting down and abandoning module Renderer (16)
[2018.11.29-09.10.41:500][204]LogModuleManager: Shutting down and abandoning module Engine (14)
[2018.11.29-09.10.41:500][204]LogModuleManager: Shutting down and abandoning module CoreUObject (12)
[2018.11.29-09.10.41:500][204]LogModuleManager: Shutting down and abandoning module NetworkFile (10)
[2018.11.29-09.10.41:500][204]LogModuleManager: Shutting down and abandoning module CookedIterativeFile (8)
[2018.11.29-09.10.41:500][204]LogModuleManager: Shutting down and abandoning module StreamingFile (6)
[2018.11.29-09.10.41:500][204]LogModuleManager: Shutting down and abandoning module SandboxFile (4)
[2018.11.29-09.10.41:500][204]LogModuleManager: Shutting down and abandoning module PakFile (2)
[2018.11.29-09.10.41:510][204]LogExit: Exiting.
[2018.11.29-09.10.41:523][204]Log file closed, 11/29/18 18:10:41
