Log file open, 10/30/18 14:13:57
LogWindows: Failed to load 'aqProf.dll' (GetLastError=126)
LogWindows: File 'aqProf.dll' does not exist
LogWindows: Failed to load 'VSPerf140.dll' (GetLastError=126)
LogWindows: File 'VSPerf140.dll' does not exist
LogWindows: Failed to load 'VtuneApi.dll' (GetLastError=126)
LogWindows: File 'VtuneApi.dll' does not exist
LogWindows: Failed to load 'VtuneApi32e.dll' (GetLastError=126)
LogWindows: File 'VtuneApi32e.dll' does not exist
LogInit: Display: Running engine for game: FujiwaraBattleField
LogPlatformFile: Not using cached read wrapper
LogTaskGraph: Started task graph with 5 named threads and 23 total threads with 3 sets of task threads.
LogStats: Stats thread started at 0.431418
LogD3D11RHI: Loaded GFSDK_Aftermath_Lib.x64.dll
LogICUInternationalization: Display: ICU TimeZone Detection - Raw Offset: +9:00, Platform Override: ''
LogPluginManager: Mounting plugin Paper2D
LogPluginManager: Mounting plugin AISupport
LogPluginManager: Mounting plugin LightPropagationVolume
LogPluginManager: Mounting plugin CLionSourceCodeAccess
LogPluginManager: Mounting plugin CodeLiteSourceCodeAccess
LogPluginManager: Mounting plugin GitSourceControl
LogPluginManager: Mounting plugin KDevelopSourceCodeAccess
LogPluginManager: Mounting plugin NullSourceCodeAccess
LogPluginManager: Mounting plugin PerforceSourceControl
LogPluginManager: Mounting plugin SubversionSourceControl
LogPluginManager: Mounting plugin UObjectPlugin
LogPluginManager: Mounting plugin VisualStudioCodeSourceCodeAccess
LogPluginManager: Mounting plugin VisualStudioSourceCodeAccess
LogPluginManager: Mounting plugin XCodeSourceCodeAccess
LogPluginManager: Mounting plugin AssetManagerEditor
LogPluginManager: Mounting plugin CryptoKeys
LogPluginManager: Mounting plugin DataValidation
LogPluginManager: Mounting plugin FacialAnimation
LogPluginManager: Mounting plugin GameplayTagsEditor
LogPluginManager: Mounting plugin MacGraphicsSwitching
LogPluginManager: Mounting plugin MeshEditor
LogPluginManager: Mounting plugin MobileLauncherProfileWizard
LogPluginManager: Mounting plugin PluginBrowser
LogPluginManager: Mounting plugin SpeedTreeImporter
LogPluginManager: Mounting plugin DatasmithContent
LogPluginManager: Mounting plugin AlembicImporter
LogPluginManager: Mounting plugin AppleImageUtils
LogPluginManager: Mounting plugin AppleVision
LogPluginManager: Mounting plugin BackChannel
LogPluginManager: Mounting plugin CharacterAI
LogPluginManager: Mounting plugin GeometryCache
LogPluginManager: Mounting plugin HTML5Networking
LogPluginManager: Mounting plugin ProxyLODPlugin
LogPluginManager: Mounting plugin MagicLeap
LogPluginManager: Mounting plugin MagicLeapEmulator
LogPluginManager: Mounting plugin MagicLeapMedia
LogPluginManager: Mounting plugin AndroidMedia
LogPluginManager: Mounting plugin AvfMedia
LogPluginManager: Mounting plugin ImgMedia
LogPluginManager: Mounting plugin LinearTimecode
LogPluginManager: Mounting plugin MediaCompositing
LogPluginManager: Mounting plugin MediaPlayerEditor
LogPluginManager: Mounting plugin WmfMedia
LogPluginManager: Mounting plugin TcpMessaging
LogPluginManager: Mounting plugin UdpMessaging
LogPluginManager: Mounting plugin ActorSequence
LogPluginManager: Mounting plugin LevelSequenceEditor
LogPluginManager: Mounting plugin MatineeToLevelSequence
LogPluginManager: Mounting plugin NetcodeUnitTest
LogPluginManager: Mounting plugin NUTUnrealEngine4
LogPluginManager: Mounting plugin OnlineSubsystemGooglePlay
LogPluginManager: Mounting plugin OnlineSubsystemIOS
LogPluginManager: Mounting plugin OnlineSubsystem
LogPluginManager: Mounting plugin OnlineSubsystemNull
LogPluginManager: Mounting plugin OnlineSubsystemUtils
LogPluginManager: Mounting plugin LauncherChunkInstaller
LogPluginManager: Mounting plugin AndroidDeviceProfileSelector
LogPluginManager: Mounting plugin AndroidMoviePlayer
LogPluginManager: Mounting plugin AndroidPermission
LogPluginManager: Mounting plugin AppleMoviePlayer
LogPluginManager: Mounting plugin ArchVisCharacter
LogPluginManager: Mounting plugin AudioCapture
LogPluginManager: Mounting plugin CableComponent
LogPluginManager: Mounting plugin CustomMeshComponent
LogPluginManager: Mounting plugin EditableMesh
LogPluginManager: Mounting plugin ExampleDeviceProfileSelector
LogPluginManager: Mounting plugin GoogleCloudMessaging
LogPluginManager: Mounting plugin ImmediatePhysics
LogPluginManager: Mounting plugin IOSDeviceProfileSelector
LogPluginManager: Mounting plugin LinuxDeviceProfileSelector
LogPluginManager: Mounting plugin LocationServicesBPLibrary
LogPluginManager: Mounting plugin MobilePatchingUtils
LogPluginManager: Mounting plugin OculusVR
LogPluginManager: Plugin shader directory ../../../Engine/Plugins/Runtime/Oculus/OculusVR/Shaders found
LogPluginManager: Mapping shader source directory ../../../Engine/Plugins/Runtime/Oculus/OculusVR/Shaders to virtual directory /Plugin/OculusVR
LogPluginManager: Mounting plugin PhysXVehicles
LogPluginManager: Mounting plugin ProceduralMeshComponent
LogPluginManager: Mounting plugin RuntimePhysXCooking
LogPluginManager: Mounting plugin SteamVR
LogPluginManager: Mounting plugin WindowsMoviePlayer
LogStreaming: Display: Took  0.370s to configure plugins.
LogInit: Using libcurl 7.55.1-DEV
LogInit:  - built for x86_64-pc-win32
LogInit:  - supports SSL with OpenSSL/1.0.2h
LogInit:  - supports HTTP deflate (compression) using libz 1.2.8
LogInit:  - other features:
LogInit:      CURL_VERSION_SSL
LogInit:      CURL_VERSION_LIBZ
LogInit:      CURL_VERSION_IPV6
LogInit:      CURL_VERSION_ASYNCHDNS
LogInit:      CURL_VERSION_LARGEFILE
LogInit:      CURL_VERSION_IDN
LogInit:  CurlRequestOptions (configurable via config and command line):
LogInit:  - bVerifyPeer = false  - Libcurl will NOT verify peer certificate
LogInit:  - bUseHttpProxy = false  - Libcurl will NOT use HTTP proxy
LogInit:  - bDontReuseConnections = false  - Libcurl will reuse connections
LogInit:  - CertBundlePath = nullptr  - Libcurl will use whatever was configured at build time.
LogInit:  - MaxHostConnections = 16  - Libcurl will limit the number of connections to a host
LogInit:  - LocalHostAddr = Default
LogInit:  - BufferSize = 65536
LogInit: WinSock: version 1.1 (2.2), MaxSocks=32767, MaxUdp=65467
LogInit: Build: ++UE4+Release-4.20-CL-4369336
LogInit: Engine Version: 4.20.3-4369336+++UE4+Release-4.20
LogInit: Compatible Engine Version: 4.20.0-4212847+++UE4+Release-4.20
LogInit: Net CL: 4212847
LogInit: OS: Windows 10 (), CPU: Intel(R) Core(TM) i7-6700HQ CPU @ 2.60GHz, GPU: Intel(R) HD Graphics 530
LogInit: Compiled (64-bit): Sep 17 2018 12:26:19
LogInit: Compiled with Visual C++: 19.13.26129.00
LogInit: Build Configuration: Development
LogInit: Branch Name: ++UE4+Release-4.20
LogInit: Command Line: -EpicPortal -epicusername="Minusi" -epicuserid=f20972f491e24565a030c6afa01aa409 -epiclocale=ko-KR
LogInit: Base Directory: C:/Program Files (x86)/~Game/Epic Games/UE_4.20/Engine/Binaries/Win64/
LogInit: Installed Engine Build: 1
LogDevObjectVersion: Number of dev versions registered: 20
LogDevObjectVersion:   Dev-Blueprints (B0D832E4-1F89-4F0D-ACCF-7EB736FD4AA2): 10
LogDevObjectVersion:   Dev-Build (E1C64328-A22C-4D53-A36C-8E866417BD8C): 0
LogDevObjectVersion:   Dev-Core (375EC13C-06E4-48FB-B500-84F0262A717E): 2
LogDevObjectVersion:   Dev-Editor (E4B068ED-F494-42E9-A231-DA0B2E46BB41): 24
LogDevObjectVersion:   Dev-Framework (CFFC743F-43B0-4480-9391-14DF171D2073): 34
LogDevObjectVersion:   Dev-Mobile (B02B49B5-BB20-44E9-A304-32B752E40360): 2
LogDevObjectVersion:   Dev-Networking (A4E4105C-59A1-49B5-A7C5-40C4547EDFEE): 0
LogDevObjectVersion:   Dev-Online (39C831C9-5AE6-47DC-9A44-9C173E1C8E7C): 0
LogDevObjectVersion:   Dev-Physics (78F01B33-EBEA-4F98-B9B4-84EACCB95AA2): 0
LogDevObjectVersion:   Dev-Platform (6631380F-2D4D-43E0-8009-CF276956A95A): 0
LogDevObjectVersion:   Dev-Rendering (12F88B9F-8875-4AFC-A67C-D90C383ABD29): 26
LogDevObjectVersion:   Dev-Sequencer (7B5AE74C-D270-4C10-A958-57980B212A5A): 9
LogDevObjectVersion:   Dev-VR (D7296918-1DD6-4BDD-9DE2-64A83CC13884): 2
LogDevObjectVersion:   Dev-LoadTimes (C2A15278-BFE7-4AFE-6C17-90FF531DF755): 1
LogDevObjectVersion:   Private-Geometry (6EACA3D4-40EC-4CC1-B786-8BED09428FC5): 3
LogDevObjectVersion:   Dev-AnimPhys (29E575DD-E0A3-4627-9D10-D276232CDCEA): 17
LogDevObjectVersion:   Dev-ReflectionCapture (6B266CEC-1EC7-4B8F-A30B-E4D90942FC07): 1
LogDevObjectVersion:   Dev-Automation (0DF73D61-A23F-47EA-B727-89E90C41499A): 1
LogDevObjectVersion:   FortniteMain (601D1886-AC64-4F84-AA16-D3DE0DEAC7D6): 12
LogDevObjectVersion:   Dev-Enterprise (9DFFBCD6-494F-0158-E221-12823C92A888): 1
LogStreaming: Display: Took  0.002s to delete old logs.
LogInit: Presizing for max 8388607 objects, including 0 objects not considered by GC, pre-allocating 0 bytes for permanent pool.
LogInit: Object subsystem initialized
[2018.10.30-05.13.58:564][  0]LogInit: Selected Device Profile: [Windows]
[2018.10.30-05.13.58:565][  0]LogInit: Applying CVar settings loaded from the selected device profile: [Windows]
[2018.10.30-05.13.58:611][  0]LogHAL: Display: Platform has ~ 8 GB [8393322496 / 8589934592 / 8], which maps to Default [LargestMinGB=32, LargerMinGB=12, DefaultMinGB=8, SmallerMinGB=6, SmallestMinGB=0)
[2018.10.30-05.13.58:611][  0]LogInit: Setting Device Profile CVar: [[r.Vulkan.UseRealUBs:1]]
[2018.10.30-05.13.58:611][  0]LogInit: Going up to parent DeviceProfile []
[2018.10.30-05.13.58:612][  0]LogInit: Computer: DESKTOP-33J3PSK
[2018.10.30-05.13.58:612][  0]LogInit: User: Utsuho
[2018.10.30-05.13.58:612][  0]LogInit: CPU Page size=4096, Cores=4
[2018.10.30-05.13.58:612][  0]LogInit: High frequency timer resolution =2.531250 MHz
[2018.10.30-05.13.58:613][  0]LogMemory: Memory total: Physical=7.8GB (8GB approx)
[2018.10.30-05.13.58:613][  0]LogMemory: Platform Memory Stats for Windows
[2018.10.30-05.13.58:613][  0]LogMemory: Process Physical Memory: 100.54 MB used, 100.54 MB peak
[2018.10.30-05.13.58:613][  0]LogMemory: Process Virtual Memory: 89.45 MB used, 89.45 MB peak
[2018.10.30-05.13.58:613][  0]LogMemory: Physical Memory: 6255.37 MB used,  1749.13 MB free, 8004.50 MB total
[2018.10.30-05.13.58:613][  0]LogMemory: Virtual Memory: 4643.48 MB used,  1749.13 MB free, 134217728.00 MB total
[2018.10.30-05.13.58:726][  0]LogInit: Using OS detected language (ko-KR).
[2018.10.30-05.13.58:726][  0]LogInit: Using OS detected locale (ko-KR).
[2018.10.30-05.13.58:728][  0]LogTextLocalizationManager: No specific localization for 'ko-KR' exists, so the 'ko' localization will be used.
[2018.10.30-05.13.59:669][  0]LogStreaming: Display: Took  0.943s to InitEngineTextLocalization.
[2018.10.30-05.13.59:669][  0]LogInit: Setting process to per monitor DPI aware
[2018.10.30-05.13.59:824][  0]LogSlate: New Slate User Created.  User Index 0, Is Virtual User: 0
[2018.10.30-05.13.59:824][  0]LogSlate: Slate User Registered.  User Index 0, Is Virtual User: 0
[2018.10.30-05.14.00:566][  0]LogHMD: Failed to initialize OpenVR with code 110
[2018.10.30-05.14.00:566][  0]LogD3D11RHI: D3D11 adapters:
[2018.10.30-05.14.00:736][  0]LogD3D11RHI:    0. 'NVIDIA GeForce GTX 960M' (Feature Level 11_0)
[2018.10.30-05.14.00:736][  0]LogD3D11RHI:       2007/0/4002 MB DedicatedVideo/DedicatedSystem/SharedSystem, Outputs:1, VendorId:0x10de
[2018.10.30-05.14.00:759][  0]LogD3D11RHI:    1. 'Intel(R) HD Graphics 530' (Feature Level 11_0)
[2018.10.30-05.14.00:759][  0]LogD3D11RHI:       128/0/4002 MB DedicatedVideo/DedicatedSystem/SharedSystem, Outputs:0, VendorId:0x8086
[2018.10.30-05.14.00:765][  0]LogD3D11RHI:    2. 'Microsoft Basic Render Driver' (Feature Level 11_0)
[2018.10.30-05.14.00:765][  0]LogD3D11RHI:       0/0/4002 MB DedicatedVideo/DedicatedSystem/SharedSystem, Outputs:0, VendorId:0x1414
[2018.10.30-05.14.00:765][  0]LogD3D11RHI: Chosen D3D11 Adapter: 0
[2018.10.30-05.14.00:869][  0]LogD3D11RHI: Creating new Direct3DDevice
[2018.10.30-05.14.00:869][  0]LogD3D11RHI:     GPU DeviceId: 0x139b (for the marketing name, search the web for "GPU Device Id")
[2018.10.30-05.14.00:869][  0]LogWindows: EnumDisplayDevices:
[2018.10.30-05.14.00:870][  0]LogWindows:    0. 'Intel(R) HD Graphics 530' (P:1 D:1)
[2018.10.30-05.14.00:872][  0]LogWindows:    1. 'Intel(R) HD Graphics 530' (P:0 D:0)
[2018.10.30-05.14.00:874][  0]LogWindows:    2. 'Intel(R) HD Graphics 530' (P:0 D:0)
[2018.10.30-05.14.00:876][  0]LogWindows:    3. 'NVIDIA GeForce GTX 960M' (P:0 D:0)
[2018.10.30-05.14.00:879][  0]LogWindows:    4. 'NVIDIA GeForce GTX 960M' (P:0 D:0)
[2018.10.30-05.14.00:880][  0]LogWindows:    5. 'NVIDIA GeForce GTX 960M' (P:0 D:0)
[2018.10.30-05.14.00:882][  0]LogWindows:    6. 'NVIDIA GeForce GTX 960M' (P:0 D:0)
[2018.10.30-05.14.00:885][  0]LogWindows:    7. 'Mirage Driver' (P:0 D:0)
[2018.10.30-05.14.00:887][  0]LogWindows: DebugString: PrimaryIsNotTheChoosenAdapter PrimaryIsNotTheChoosenAdapter PrimaryIsNotTheChoosenAdapter GetVideoDriverDetailsInvalid PrimaryIsNotTheChoosenAdapter FoundDriverCount:4 
[2018.10.30-05.14.00:887][  0]LogD3D11RHI:     Adapter Name: NVIDIA GeForce GTX 960M
[2018.10.30-05.14.00:887][  0]LogD3D11RHI:   Driver Version: 391.01 (internal:23.21.13.9101, unified:391.01)
[2018.10.30-05.14.00:887][  0]LogD3D11RHI:      Driver Date: 2-23-2018
[2018.10.30-05.14.00:887][  0]LogRHI: Texture pool is 1405 MB (70% of 2007 MB)
[2018.10.30-05.14.00:984][  0]LogD3D11RHI: Async texture creation enabled
[2018.10.30-05.14.01:010][  0]LogD3D11RHI: GPU Timing Frequency: 1000.000000 (Debug: 2 2)
[2018.10.30-05.14.01:015][  0]LogShaderCompilers: Guid format shader working directory is -44 characters bigger than the processId version (../../../../../../../Users/Utsuho/Desktop/General/ProjectSpace/UE4STAG/FujiwaraBattleField/Intermediate/Shaders/WorkingDirectory/10884/).
[2018.10.30-05.14.01:016][  0]LogShaderCompilers: Cleaned the shader compiler working directory 'C:/Users/Utsuho/AppData/Local/Temp/UnrealShaderWorkingDir/FAFA3D084882BAABE3196FAA6954052F/'.
[2018.10.30-05.14.01:970][  0]LogTemp: Display: Loaded TP AllDesktopTargetPlatform
[2018.10.30-05.14.02:005][  0]LogTemp: Display: Loaded TP MacClientTargetPlatform
[2018.10.30-05.14.02:038][  0]LogTemp: Display: Loaded TP MacNoEditorTargetPlatform
[2018.10.30-05.14.02:072][  0]LogTemp: Display: Loaded TP MacServerTargetPlatform
[2018.10.30-05.14.02:115][  0]LogTemp: Display: Loaded TP MacTargetPlatform
[2018.10.30-05.14.02:160][  0]LogTemp: Display: Loaded TP WindowsClientTargetPlatform
[2018.10.30-05.14.02:199][  0]LogTemp: Display: Loaded TP WindowsNoEditorTargetPlatform
[2018.10.30-05.14.02:239][  0]LogTemp: Display: Loaded TP WindowsServerTargetPlatform
[2018.10.30-05.14.02:258][  0]LogTemp: Display: Loaded TP WindowsTargetPlatform
[2018.10.30-05.14.02:435][  0]LogTemp: Display: Loaded TP AndroidTargetPlatform
[2018.10.30-05.14.02:435][  0]LogTemp: Display: Loaded TP AndroidTargetPlatform
[2018.10.30-05.14.02:435][  0]LogTemp: Display: Loaded TP AndroidTargetPlatform
[2018.10.30-05.14.02:435][  0]LogTemp: Display: Loaded TP AndroidTargetPlatform
[2018.10.30-05.14.02:435][  0]LogTemp: Display: Loaded TP AndroidTargetPlatform
[2018.10.30-05.14.02:435][  0]LogTemp: Display: Loaded TP AndroidTargetPlatform
[2018.10.30-05.14.02:435][  0]LogTemp: Display: Loaded TP AndroidTargetPlatform
[2018.10.30-05.14.02:435][  0]LogTemp: Display: Loaded TP AndroidTargetPlatform
[2018.10.30-05.14.02:435][  0]LogTemp: Display: Loaded TP AndroidTargetPlatform
[2018.10.30-05.14.02:435][  0]LogTemp: Display: Loaded TP AndroidTargetPlatform
[2018.10.30-05.14.02:435][  0]LogTemp: Display: Loaded TP AndroidTargetPlatform
[2018.10.30-05.14.02:435][  0]LogTemp: Display: Loaded TP AndroidTargetPlatform
[2018.10.30-05.14.02:435][  0]LogTemp: Display: Loaded TP AndroidTargetPlatform
[2018.10.30-05.14.02:435][  0]LogTemp: Display: Loaded TP AndroidTargetPlatform
[2018.10.30-05.14.02:435][  0]LogTemp: Display: Loaded TP AndroidTargetPlatform
[2018.10.30-05.14.02:435][  0]LogTemp: Display: Loaded TP AndroidTargetPlatform
[2018.10.30-05.14.02:435][  0]LogTemp: Display: Loaded TP AndroidTargetPlatform
[2018.10.30-05.14.02:435][  0]LogTemp: Display: Loaded TP AndroidTargetPlatform
[2018.10.30-05.14.02:440][  0]LogTemp: Display: Loaded TP HTML5TargetPlatform
[2018.10.30-05.14.02:541][  0]LogTemp: Display: Loaded TP IOSTargetPlatform
[2018.10.30-05.14.02:541][  0]LogTemp: Display: Loaded TP IOSTargetPlatform
[2018.10.30-05.14.02:602][  0]LogTemp: Display: Loaded TP TVOSTargetPlatform
[2018.10.30-05.14.02:602][  0]LogTemp: Display: Loaded TP TVOSTargetPlatform
[2018.10.30-05.14.02:636][  0]LogTemp: Display: Loaded TP LinuxClientTargetPlatform
[2018.10.30-05.14.02:674][  0]LogTemp: Display: Loaded TP LinuxNoEditorTargetPlatform
[2018.10.30-05.14.02:716][  0]LogTemp: Display: Loaded TP LinuxServerTargetPlatform
[2018.10.30-05.14.02:747][  0]LogTemp: Display: Loaded TP LinuxTargetPlatform
[2018.10.30-05.14.02:769][  0]LogTemp: Display: Loaded TP LuminTargetPlatform
[2018.10.30-05.14.02:769][  0]LogTargetPlatformManager: Display: Building Assets For Windows
[2018.10.30-05.14.02:978][  0]LogXGEController: Cannot use XGE Controller as Incredibuild is not installed on this machine.
[2018.10.30-05.14.02:979][  0]LogShaderCompilers: Cannot use XGE Shader Compiler as Incredibuild is not installed on this machine.
[2018.10.30-05.14.02:979][  0]LogShaderCompilers: Display: Using Local Shader Compiler.
[2018.10.30-05.14.04:861][  0]LogDerivedDataCache: Display: Max Cache Size: 512 MB
[2018.10.30-05.14.04:992][  0]LogDerivedDataCache: Loaded boot cache 0.13s 71MB C:/Users/Utsuho/AppData/Local/UnrealEngine/4.20/DerivedDataCache/Boot.ddc.
[2018.10.30-05.14.04:993][  0]LogDerivedDataCache: Display: Loaded Boot cache: C:/Users/Utsuho/AppData/Local/UnrealEngine/4.20/DerivedDataCache/Boot.ddc
[2018.10.30-05.14.04:993][  0]LogDerivedDataCache: FDerivedDataBackendGraph:  Pak pak cache file ../../../../../../../Users/Utsuho/Desktop/General/ProjectSpace/UE4STAG/FujiwaraBattleField/DerivedDataCache/DDC.ddp not found, will not use a pak cache.
[2018.10.30-05.14.04:993][  0]LogDerivedDataCache: Unable to find inner node Pak for hierarchical cache Hierarchy.
[2018.10.30-05.14.04:993][  0]LogDerivedDataCache: FDerivedDataBackendGraph:  CompressedPak pak cache file ../../../../../../../Users/Utsuho/Desktop/General/ProjectSpace/UE4STAG/FujiwaraBattleField/DerivedDataCache/Compressed.ddp not found, will not use a pak cache.
[2018.10.30-05.14.04:994][  0]LogDerivedDataCache: Unable to find inner node CompressedPak for hierarchical cache Hierarchy.
[2018.10.30-05.14.05:025][  0]LogDerivedDataCache: Display: Pak cache opened for reading ../../../Engine/DerivedDataCache/Compressed.ddp.
[2018.10.30-05.14.05:038][  0]LogDerivedDataCache: Using Local data cache path C:/Users/Utsuho/AppData/Local/UnrealEngine/Common/DerivedDataCache: Writable
[2018.10.30-05.14.05:038][  0]LogDerivedDataCache: Shared data cache path not found in *engine.ini, will not use an Shared cache.
[2018.10.30-05.14.05:038][  0]LogDerivedDataCache: Unable to find inner node Shared for hierarchical cache Hierarchy.
[2018.10.30-05.14.05:075][  0]LogMaterial: Verifying Global Shaders for PCD3D_SM5
[2018.10.30-05.14.05:078][  0]LogSlate: Using FreeType 2.6.0
[2018.10.30-05.14.05:079][  0]LogSlate: SlateFontServices - WITH_FREETYPE: 1, WITH_HARFBUZZ: 1
[2018.10.30-05.14.05:229][  0]LogAssetRegistry: FAssetRegistry took 0.0330 seconds to start up
[2018.10.30-05.14.06:007][  0]LogInit: Selected Device Profile: [Windows]
[2018.10.30-05.14.06:316][  0]LogSimplygon: Simplygon DLL not present - disabling.
[2018.10.30-05.14.06:330][  0]LogMeshReduction: Using SimplygonSwarm for distributed automatic mesh merging
[2018.10.30-05.14.06:330][  0]LogMeshReduction: Using ProxyLODMeshReduction for automatic mesh merging
[2018.10.30-05.14.06:330][  0]LogMeshReduction: Using QuadricMeshReduction for automatic static mesh reduction
[2018.10.30-05.14.06:330][  0]LogMeshReduction: No automatic skeletal mesh reduction module available
[2018.10.30-05.14.06:366][  0]LogNetVersion: FujiwaraBattleField 1.0.0, NetCL: 4212847, EngineNetVer: 5, GameNetVer: 0 (Checksum: 1838566955)
[2018.10.30-05.14.07:567][  0]LogPackageLocalizationCache: Processed 11 localized package path(s) for 2 prioritized culture(s) in 0.263319 seconds
[2018.10.30-05.14.07:588][  0]LogUObjectArray: 38425 objects as part of root set at end of initial load.
[2018.10.30-05.14.07:588][  0]LogUObjectAllocator: 6690872 out of 0 bytes used by permanent object pool.
[2018.10.30-05.14.07:588][  0]LogUObjectArray: CloseDisregardForGC: 0/0 objects in disregard for GC pool
[2018.10.30-05.14.09:849][  0]LogTcpMessaging: Initializing TcpMessaging bridge
[2018.10.30-05.14.09:868][  0]LogUdpMessaging: Initializing bridge on interface 0.0.0.0:0 to multicast group 230.0.0.1:6666.
[2018.10.30-05.14.10:195][  0]SourceControl: 소스 컨트롤이 꺼졌습니다.
[2018.10.30-05.14.10:196][  0]SourceControl: 소스 컨트롤이 꺼졌습니다.
[2018.10.30-05.14.10:202][  0]SourceControl: 소스 컨트롤이 꺼졌습니다.
[2018.10.30-05.14.10:207][  0]SourceControl: 소스 컨트롤이 꺼졌습니다.
[2018.10.30-05.14.10:550][  0]LogAndroidPermission: UAndroidPermissionCallbackProxy::GetInstance
[2018.10.30-05.14.10:983][  0]LogOcInput: OculusInput pre-init called
[2018.10.30-05.14.11:128][  0]LogEngine: Initializing Engine...
[2018.10.30-05.14.11:130][  0]LogHMD: Failed to initialize OpenVR with code 110
[2018.10.30-05.14.11:133][  0]LogStats: UGameplayTagsManager::ConstructGameplayTagTree: ImportINI prefixes -  0.000 s
[2018.10.30-05.14.11:133][  0]LogStats: UGameplayTagsManager::ConstructGameplayTagTree: Construct from data asset -  0.000 s
[2018.10.30-05.14.11:133][  0]LogStats: UGameplayTagsManager::ConstructGameplayTagTree: ImportINI -  0.000 s
[2018.10.30-05.14.11:133][  0]LogStats: UGameplayTagsManager::ConstructGameplayTagTree: GameplayTagTreeChangedEvent.Broadcast -  0.000 s
[2018.10.30-05.14.11:610][  0]LogInit: Initializing FReadOnlyCVARCache
[2018.10.30-05.14.11:656][  0]LogAIModule: Creating AISystem for world Untitled
[2018.10.30-05.14.11:803][  0]LogInit: XAudio2 using '스피커(Realtek High Definition Audio)' : 2 channels at 48 kHz using 32 bits per sample (channel mask 0x3)
[2018.10.30-05.14.12:094][  0]LogInit: FAudioDevice initialized.
[2018.10.30-05.14.12:094][  0]LogNetVersion: Set ProjectVersion to 1.0.0.0. Version Checksum will be recalculated on next use.
[2018.10.30-05.14.12:237][  0]LogDerivedDataCache: Saved boot cache 0.14s 71MB C:/Users/Utsuho/AppData/Local/UnrealEngine/4.20/DerivedDataCache/Boot.ddc.
[2018.10.30-05.14.12:259][  0]LogInit: Texture streaming: Enabled
[2018.10.30-05.14.12:313][  0]LogEngineSessionManager: EngineSessionManager initialized
[2018.10.30-05.14.12:313][  0]LogEngineSessionManager: EngineSessionManager sent abnormal shutdown report. Type=Crashed, SessionId={977B927E-4518-F350-080B-E6855AB4574F}
[2018.10.30-05.14.12:366][  0]LogInit: Transaction tracking system initialized
[2018.10.30-05.14.12:441][  0]BlueprintLog: New page: 에디터 로드
[2018.10.30-05.14.12:690][  0]LocalizationService: 현지화 서비스가 비활성화되었습니다.
[2018.10.30-05.14.13:363][  0]LogCook: Display: Max memory allowance for cook 16384mb min free memory 0mb
[2018.10.30-05.14.13:364][  0]LogCook: Display: Mobile HDR setting 1
[2018.10.30-05.14.13:364][  0]LogGameplayTags: Display: UGameplayTagsManager::DoneAddingNativeTags. DelegateIsBound: 0
[2018.10.30-05.14.13:364][  0]LogStats: UGameplayTagsManager::ConstructGameplayTagTree: ImportINI prefixes -  0.000 s
[2018.10.30-05.14.13:364][  0]LogStats: UGameplayTagsManager::ConstructGameplayTagTree: Construct from data asset -  0.000 s
[2018.10.30-05.14.13:364][  0]LogStats: UGameplayTagsManager::ConstructGameplayTagTree: ImportINI -  0.000 s
[2018.10.30-05.14.13:364][  0]LogStats: UGameplayTagsManager::ConstructGameplayTagTree: GameplayTagTreeChangedEvent.Broadcast -  0.000 s
[2018.10.30-05.14.13:416][  0]LogFileCache: Scanning file cache for directory 'C:/Users/Utsuho/Desktop/General/ProjectSpace/UE4STAG/FujiwaraBattleField/Content/' took 0.02s
[2018.10.30-05.14.13:765][  0]SourceControl: 소스 컨트롤이 꺼졌습니다.
[2018.10.30-05.14.13:765][  0]Cmd: MAP LOAD FILE="../../../../../../../Users/Utsuho/Desktop/General/ProjectSpace/UE4STAG/FujiwaraBattleField/Content/StarterContent/Maps/Minimal_Default.umap" TEMPLATE=0 SHOWPROGRESS=1 FEATURELEVEL=3
[2018.10.30-05.14.13:766][  0]LightingResults: New page: 라이팅 빌드
[2018.10.30-05.14.13:775][  0]MapCheck: New page: 맵 체크
[2018.10.30-05.14.13:775][  0]LightingResults: New page: 라이팅 빌드
[2018.10.30-05.14.14:496][  0]LogAIModule: Creating AISystem for world Minimal_Default
[2018.10.30-05.14.14:515][  0]LogEditorServer: Finished looking for orphan Actors (0.000 secs)
[2018.10.30-05.14.14:570][  0]Cmd: MAP CHECKDEP NOCLEARLOG
[2018.10.30-05.14.14:800][  0]MapCheck: 맵 체크 완료: 오류 0 회, 경고 0 회, 소요 시간 229.661ms.
[2018.10.30-05.14.14:800][  0]LogFileHelpers: Loading map 'Minimal_Default' took 1.036
[2018.10.30-05.14.15:094][  0]LogSlate: Updating window title bar state: overlay mode, drag disabled, window buttons hidden, title bar hidden
[2018.10.30-05.14.15:118][  0]LogSlate: Updating window title bar state: overlay mode, drag disabled, window buttons hidden, title bar hidden
[2018.10.30-05.14.15:145][  0]LogSlate: Updating window title bar state: overlay mode, drag disabled, window buttons hidden, title bar hidden
[2018.10.30-05.14.15:178][  0]LogSlate: Updating window title bar state: overlay mode, drag disabled, window buttons hidden, title bar hidden
[2018.10.30-05.14.15:202][  0]LogCollectionManager: Loaded 0 collections in 0.007029 seconds
[2018.10.30-05.14.15:266][  0]LogFileCache: Scanning file cache for directory 'C:/Users/Utsuho/Desktop/General/ProjectSpace/UE4STAG/FujiwaraBattleField/Saved/Collections/' took 0.01s
[2018.10.30-05.14.15:266][  0]LogFileCache: Scanning file cache for directory 'C:/Users/Utsuho/Desktop/General/ProjectSpace/UE4STAG/FujiwaraBattleField/Content/Developers/Utsuho/Collections/' took 0.01s
[2018.10.30-05.14.15:266][  0]LogFileCache: Scanning file cache for directory 'C:/Users/Utsuho/Desktop/General/ProjectSpace/UE4STAG/FujiwaraBattleField/Content/Collections/' took 0.01s
[2018.10.30-05.14.15:266][  0]LogCollectionManager: Rebuilt the GUID cache for 0 collections in 0.000000 seconds
[2018.10.30-05.14.15:286][  0]LogContentBrowser: Native class hierarchy populated in 0.0198 seconds. Added 2573 classes and 605 folders.
[2018.10.30-05.14.15:306][  0]LogContentBrowser: Native class hierarchy updated for 'WidgetCarousel' in 0.0007 seconds. Added 0 classes and 0 folders.
[2018.10.30-05.14.15:438][  0]LogContentBrowser: Native class hierarchy updated for 'AddContentDialog' in 0.0008 seconds. Added 0 classes and 0 folders.
[2018.10.30-05.14.15:454][  0]LogContentBrowser: Native class hierarchy updated for 'SceneOutliner' in 0.0010 seconds. Added 1 classes and 2 folders.
[2018.10.30-05.14.15:473][  0]LogContentBrowser: Native class hierarchy updated for 'WorldBrowser' in 0.0008 seconds. Added 2 classes and 3 folders.
[2018.10.30-05.14.15:610][  0]LogSlate: Took 0.000420 seconds to synchronously load lazily loaded font '../../../Engine/Content/Slate/Fonts/Roboto-Regular.ttf' (155K)
[2018.10.30-05.14.15:618][  0]LogSlate: Took 0.006049 seconds to synchronously load lazily loaded font '../../../Engine/Content/Editor/Slate/Fonts/NanumGothic.ttf' (4243K)
[2018.10.30-05.14.15:631][  0]LogSlate: Took 0.006340 seconds to synchronously load lazily loaded font '../../../Engine/Content/Editor/Slate/Fonts/NanumGothicBold.ttf' (4188K)
[2018.10.30-05.14.15:632][  0]LogSlate: Took 0.000581 seconds to synchronously load lazily loaded font '../../../Engine/Content/Slate/Fonts/Roboto-Bold.ttf' (160K)
[2018.10.30-05.14.15:641][  0]LogSlate: Took 0.000504 seconds to synchronously load lazily loaded font '../../../Engine/Content/Editor/Slate/Fonts/FontAwesome.ttf' (139K)
[2018.10.30-05.14.15:827][  0]LogRenderer: Reallocating scene render targets to support 1128x560 Format 10 NumSamples 1 (Frame:1).
[2018.10.30-05.14.16:100][  0]LogContentBrowser: Native class hierarchy updated for 'HierarchicalLODOutliner' in 0.0008 seconds. Added 0 classes and 0 folders.
[2018.10.30-05.14.16:100][  0]LogLoad: (Engine Initialization) Total time: 22.10 seconds
[2018.10.30-05.14.16:100][  0]LogLoad: (Engine Initialization) Total Blueprint compile time: 0.00 seconds
[2018.10.30-05.14.16:149][  0]LogContentStreaming: Texture pool size now 1000 MB
[2018.10.30-05.14.16:303][  2]LogAssetRegistry: Asset discovery search completed in 11.0975 seconds
[2018.10.30-05.14.16:307][  2]LogCollectionManager: Rebuilt the object cache for 0 collections in 0.000000 seconds (found 0 objects)
[2018.10.30-05.14.16:307][  2]LogCollectionManager: Fixed up redirectors for 0 collections in 0.000246 seconds (updated 0 objects)
[2018.10.30-05.14.35:624][ 98]LogSlate: FSceneViewport::OnFocusLost() reason 0
[2018.10.30-05.14.35:736][100]LogSlate: Took 0.000458 seconds to synchronously load lazily loaded font '../../../Engine/Content/Slate/Fonts/Roboto-Light.ttf' (167K)
[2018.10.30-05.14.38:253][172]LogSlate: Took 0.000403 seconds to synchronously load lazily loaded font '../../../Engine/Content/Slate/Fonts/Roboto-Light.ttf' (167K)
[2018.10.30-05.14.38:688][172]LogAIModule: Creating AISystem for world Map_LostBambooForest
[2018.10.30-05.14.38:780][172]LogAssetEditorManager: Opening Asset editor for World /Game/Maps/Map_LostBambooForest.Map_LostBambooForest
[2018.10.30-05.14.38:831][172]Cmd: MAP LOAD FILE="../../../../../../../Users/Utsuho/Desktop/General/ProjectSpace/UE4STAG/FujiwaraBattleField/Content/Maps/Map_LostBambooForest.umap" TEMPLATE=0 SHOWPROGRESS=1 FEATURELEVEL=3
[2018.10.30-05.14.38:831][172]LightingResults: New page: 라이팅 빌드
[2018.10.30-05.14.38:832][172]LoadErrors: New page: 맵 로드중: Map_LostBambooForest.umap
[2018.10.30-05.14.38:835][172]MapCheck: New page: 맵 체크
[2018.10.30-05.14.38:835][172]LightingResults: New page: 라이팅 빌드
[2018.10.30-05.14.39:741][172]LogEditorServer: Finished looking for orphan Actors (0.000 secs)
[2018.10.30-05.14.39:863][172]Cmd: MAP CHECKDEP NOCLEARLOG
[2018.10.30-05.14.40:088][172]MapCheck: 맵 체크 완료: 오류 0 회, 경고 0 회, 소요 시간 224.249ms.
[2018.10.30-05.14.40:095][172]LogFileHelpers: Loading map 'Map_LostBambooForest' took 1.265
[2018.10.30-05.14.43:239][267]LogSlate: FSceneViewport::OnFocusLost() reason 0
[2018.10.30-05.21.22:242][626]LogSlate: FSceneViewport::OnFocusLost() reason 0
[2018.10.30-05.21.37:786][795]LogSlate: Window '부모 클래스 선택' being destroyed
[2018.10.30-05.21.40:720][868]LogSlate: Took 0.000437 seconds to synchronously load lazily loaded font '../../../Engine/Content/Slate/Fonts/Roboto-Italic.ttf' (157K)
[2018.10.30-05.21.45:377][  7]LogSlate: FSceneViewport::OnFocusLost() reason 2
[2018.10.30-05.21.46:464][ 28]LogSlate: FSceneViewport::OnFocusLost() reason 2
[2018.10.30-05.21.46:474][ 28]LogAssetEditorManager: Opening Asset editor for Blueprint /Game/NewBlueprint.NewBlueprint
[2018.10.30-05.21.47:720][ 28]LogContentBrowser: Native class hierarchy updated for 'BlueprintGraph' in 0.0016 seconds. Added 116 classes and 0 folders.
[2018.10.30-05.21.49:699][ 28]LogRenderer: Reallocating scene render targets to support 1232x696 Format 10 NumSamples 1 (Frame:1).
[2018.10.30-05.21.52:168][ 87]LogSlate: FSceneViewport::OnFocusLost() reason 2
[2018.10.30-05.21.53:285][105]LogD3D11RHI: Error: Result failed 
 at D:\Build\++UE4\Sync\Engine\Source\Runtime\Windows\D3D11RHI\Private\D3D11Query.cpp:146 
 with error DXGI_ERROR_DEVICE_REMOVED DXGI_ERROR_DEVICE_HUNG
[2018.10.30-05.21.53:285][105]LogD3D11RHI: [Aftermath] GDynamicRHI=0000020B3AADC100, GDX11NVAfterMathEnabled=0, Result=0xFFFFFFFF, bDeviceActive=0
[2018.10.30-05.21.53:285][105]LogWindows: Windows GetLastError: 작업을 완료했습니다. (0)
[2018.10.30-05.21.57:600][105]LogWindows: Windows GetLastError: 작업을 완료했습니다. (0)
[2018.10.30-05.21.57:600][105]LogWindows: Error: === Critical error: ===
[2018.10.30-05.21.57:600][105]LogWindows: Error: 
[2018.10.30-05.21.57:600][105]LogWindows: Error: Fatal error: [File:D:\Build\++UE4\Sync\Engine\Source\Runtime\RenderCore\Private\RenderingThread.cpp] [Line: 826] 
[2018.10.30-05.21.57:600][105]LogWindows: Error: Rendering thread exception:
[2018.10.30-05.21.57:600][105]LogWindows: Error: Fatal error: [File:D:\Build\++UE4\Sync\Engine\Source\Runtime\Windows\D3D11RHI\Private\D3D11Util.cpp] [Line: 200] 
[2018.10.30-05.21.57:600][105]LogWindows: Error: Unreal Engine is exiting due to D3D device being lost. (Error: 0x887A0006 - 'HUNG')
[2018.10.30-05.21.57:600][105]LogWindows: Error: 
[2018.10.30-05.21.57:600][105]LogWindows: Error: 
[2018.10.30-05.21.57:600][105]LogWindows: Error: [Callstack] 0x00007ff98069a388 KERNELBASE.dll!UnknownFunction []
[2018.10.30-05.21.57:600][105]LogWindows: Error: [Callstack] 0x00007ff972ab6850 UE4Editor-ApplicationCore.dll!UnknownFunction []
[2018.10.30-05.21.57:600][105]LogWindows: Error: [Callstack] 0x00007ff934ff62fc UE4Editor-Core.dll!UnknownFunction []
[2018.10.30-05.21.57:600][105]LogWindows: Error: [Callstack] 0x00007ff934f851db UE4Editor-Core.dll!UnknownFunction []
[2018.10.30-05.21.57:600][105]LogWindows: Error: [Callstack] 0x00007ff92a9aadea UE4Editor-D3D11RHI.dll!UnknownFunction []
[2018.10.30-05.21.57:601][105]LogWindows: Error: [Callstack] 0x00007ff92a9ae6e4 UE4Editor-D3D11RHI.dll!UnknownFunction []
[2018.10.30-05.21.57:601][105]LogWindows: Error: [Callstack] 0x00007ff92a985951 UE4Editor-D3D11RHI.dll!UnknownFunction []
[2018.10.30-05.21.57:601][105]LogWindows: Error: [Callstack] 0x00007ff92a99abf8 UE4Editor-D3D11RHI.dll!UnknownFunction []
[2018.10.30-05.21.57:601][105]LogWindows: Error: [Callstack] 0x00007ff972c5b106 UE4Editor-RHI.dll!UnknownFunction []
[2018.10.30-05.21.57:601][105]LogWindows: Error: [Callstack] 0x00007ff92a611b42 UE4Editor-SlateRHIRenderer.dll!UnknownFunction []
[2018.10.30-05.21.57:601][105]LogWindows: Error: [Callstack] 0x00007ff92a617d0a UE4Editor-SlateRHIRenderer.dll!UnknownFunction []
[2018.10.30-05.21.57:601][105]LogWindows: Error: [Callstack] 0x00007ff934e11f92 UE4Editor-Core.dll!UnknownFunction []
[2018.10.30-05.21.57:601][105]LogWindows: Error: [Callstack] 0x00007ff934e12456 UE4Editor-Core.dll!UnknownFunction []
[2018.10.30-05.21.57:601][105]LogWindows: Error: [Callstack] 0x00007ff972b375f9 UE4Editor-RenderCore.dll!UnknownFunction []
[2018.10.30-05.21.57:601][105]LogWindows: Error: [Callstack] 0x00007ff972b38574 UE4Editor-RenderCore.dll!UnknownFunction []
[2018.10.30-05.21.57:601][105]LogWindows: Error: [Callstack] 0x00007ff935256b7c UE4Editor-Core.dll!UnknownFunction []
[2018.10.30-05.21.57:601][105]LogWindows: Error: [Callstack] 0x00007ff9352517c7 UE4Editor-Core.dll!UnknownFunction []
[2018.10.30-05.21.57:601][105]LogWindows: Error: [Callstack] 0x00007ff982443034 KERNEL32.DLL!UnknownFunction []
[2018.10.30-05.21.57:601][105]LogWindows: Error: [Callstack] 0x00007ff983ae1461 ntdll.dll!UnknownFunction []
[2018.10.30-05.21.57:601][105]LogWindows: Error: 
[2018.10.30-05.21.57:601][105]LogWindows: Error: 
[2018.10.30-05.21.57:601][105]LogWindows: Error: 
[2018.10.30-05.21.57:601][105]LogWindows: Error: 
[2018.10.30-05.21.57:643][105]LogExit: Executing StaticShutdownAfterError
[2018.10.30-05.21.57:655][105]LogWindows: FPlatformMisc::RequestExit(1)
[2018.10.30-05.21.57:664][105]Log file closed, 10/30/18 14:21:57
