Log file open, 11/19/18 18:29:44
LogWindows: Failed to load 'aqProf.dll' (GetLastError=126)
LogWindows: File 'aqProf.dll' does not exist
LogWindows: Failed to load 'VSPerf140.dll' (GetLastError=126)
LogWindows: File 'VSPerf140.dll' does not exist
LogWindows: Failed to load 'VtuneApi.dll' (GetLastError=126)
LogWindows: File 'VtuneApi.dll' does not exist
LogWindows: Failed to load 'VtuneApi32e.dll' (GetLastError=126)
LogWindows: File 'VtuneApi32e.dll' does not exist
LogInit: Display: Running engine for game: FujiwaraBattleField
LogPlatformFile: Not using cached read wrapper
LogTaskGraph: Started task graph with 5 named threads and 11 total threads with 3 sets of task threads.
LogStats: Stats thread started at 0.313015
LogD3D11RHI: Loaded GFSDK_Aftermath_Lib.x64.dll
LogICUInternationalization: Display: ICU TimeZone Detection - Raw Offset: +9:00, Platform Override: ''
LogPluginManager: Mounting plugin Paper2D
LogPluginManager: Mounting plugin AISupport
LogPluginManager: Mounting plugin LightPropagationVolume
LogPluginManager: Mounting plugin CLionSourceCodeAccess
LogPluginManager: Mounting plugin CodeLiteSourceCodeAccess
LogPluginManager: Mounting plugin GitSourceControl
LogPluginManager: Mounting plugin KDevelopSourceCodeAccess
LogPluginManager: Mounting plugin NullSourceCodeAccess
LogPluginManager: Mounting plugin PerforceSourceControl
LogPluginManager: Mounting plugin SubversionSourceControl
LogPluginManager: Mounting plugin UObjectPlugin
LogPluginManager: Mounting plugin VisualStudioCodeSourceCodeAccess
LogPluginManager: Mounting plugin VisualStudioSourceCodeAccess
LogPluginManager: Mounting plugin XCodeSourceCodeAccess
LogPluginManager: Mounting plugin AssetManagerEditor
LogPluginManager: Mounting plugin CryptoKeys
LogPluginManager: Mounting plugin DataValidation
LogPluginManager: Mounting plugin FacialAnimation
LogPluginManager: Mounting plugin GameplayTagsEditor
LogPluginManager: Mounting plugin MacGraphicsSwitching
LogPluginManager: Mounting plugin MeshEditor
LogPluginManager: Mounting plugin MobileLauncherProfileWizard
LogPluginManager: Mounting plugin PluginBrowser
LogPluginManager: Mounting plugin SpeedTreeImporter
LogPluginManager: Mounting plugin DatasmithContent
LogPluginManager: Mounting plugin AlembicImporter
LogPluginManager: Mounting plugin AppleImageUtils
LogPluginManager: Mounting plugin AppleVision
LogPluginManager: Mounting plugin BackChannel
LogPluginManager: Mounting plugin CharacterAI
LogPluginManager: Mounting plugin GeometryCache
LogPluginManager: Mounting plugin HTML5Networking
LogPluginManager: Mounting plugin ProxyLODPlugin
LogPluginManager: Mounting plugin MagicLeap
LogPluginManager: Mounting plugin MagicLeapEmulator
LogPluginManager: Mounting plugin MagicLeapMedia
LogPluginManager: Mounting plugin AndroidMedia
LogPluginManager: Mounting plugin AvfMedia
LogPluginManager: Mounting plugin ImgMedia
LogPluginManager: Mounting plugin LinearTimecode
LogPluginManager: Mounting plugin MediaCompositing
LogPluginManager: Mounting plugin MediaPlayerEditor
LogPluginManager: Mounting plugin WmfMedia
LogPluginManager: Mounting plugin TcpMessaging
LogPluginManager: Mounting plugin UdpMessaging
LogPluginManager: Mounting plugin ActorSequence
LogPluginManager: Mounting plugin LevelSequenceEditor
LogPluginManager: Mounting plugin MatineeToLevelSequence
LogPluginManager: Mounting plugin NetcodeUnitTest
LogPluginManager: Mounting plugin NUTUnrealEngine4
LogPluginManager: Mounting plugin OnlineSubsystemGooglePlay
LogPluginManager: Mounting plugin OnlineSubsystemIOS
LogPluginManager: Mounting plugin OnlineSubsystem
LogPluginManager: Mounting plugin OnlineSubsystemNull
LogPluginManager: Mounting plugin OnlineSubsystemUtils
LogPluginManager: Mounting plugin LauncherChunkInstaller
LogPluginManager: Mounting plugin AndroidDeviceProfileSelector
LogPluginManager: Mounting plugin AndroidMoviePlayer
LogPluginManager: Mounting plugin AndroidPermission
LogPluginManager: Mounting plugin AppleMoviePlayer
LogPluginManager: Mounting plugin ArchVisCharacter
LogPluginManager: Mounting plugin AudioCapture
LogPluginManager: Mounting plugin CableComponent
LogPluginManager: Mounting plugin CustomMeshComponent
LogPluginManager: Mounting plugin EditableMesh
LogPluginManager: Mounting plugin ExampleDeviceProfileSelector
LogPluginManager: Mounting plugin GoogleCloudMessaging
LogPluginManager: Mounting plugin ImmediatePhysics
LogPluginManager: Mounting plugin IOSDeviceProfileSelector
LogPluginManager: Mounting plugin LinuxDeviceProfileSelector
LogPluginManager: Mounting plugin LocationServicesBPLibrary
LogPluginManager: Mounting plugin MobilePatchingUtils
LogPluginManager: Mounting plugin OculusVR
LogPluginManager: Plugin shader directory ../../../Engine/Plugins/Runtime/Oculus/OculusVR/Shaders found
LogPluginManager: Mapping shader source directory ../../../Engine/Plugins/Runtime/Oculus/OculusVR/Shaders to virtual directory /Plugin/OculusVR
LogPluginManager: Mounting plugin PhysXVehicles
LogPluginManager: Mounting plugin ProceduralMeshComponent
LogPluginManager: Mounting plugin RuntimePhysXCooking
LogPluginManager: Mounting plugin SteamVR
LogPluginManager: Mounting plugin WindowsMoviePlayer
LogStreaming: Display: Took  0.276s to configure plugins.
LogInit: Using libcurl 7.55.1-DEV
LogInit:  - built for x86_64-pc-win32
LogInit:  - supports SSL with OpenSSL/1.0.2h
LogInit:  - supports HTTP deflate (compression) using libz 1.2.8
LogInit:  - other features:
LogInit:      CURL_VERSION_SSL
LogInit:      CURL_VERSION_LIBZ
LogInit:      CURL_VERSION_IPV6
LogInit:      CURL_VERSION_ASYNCHDNS
LogInit:      CURL_VERSION_LARGEFILE
LogInit:      CURL_VERSION_IDN
LogInit:  CurlRequestOptions (configurable via config and command line):
LogInit:  - bVerifyPeer = false  - Libcurl will NOT verify peer certificate
LogInit:  - bUseHttpProxy = false  - Libcurl will NOT use HTTP proxy
LogInit:  - bDontReuseConnections = false  - Libcurl will reuse connections
LogInit:  - CertBundlePath = nullptr  - Libcurl will use whatever was configured at build time.
LogInit:  - MaxHostConnections = 16  - Libcurl will limit the number of connections to a host
LogInit:  - LocalHostAddr = Default
LogInit:  - BufferSize = 65536
LogInit: WinSock: version 1.1 (2.2), MaxSocks=32767, MaxUdp=65467
LogInit: Build: ++UE4+Release-4.20-CL-4369336
LogInit: Engine Version: 4.20.3-4369336+++UE4+Release-4.20
LogInit: Compatible Engine Version: 4.20.0-4212847+++UE4+Release-4.20
LogInit: Net CL: 4212847
LogInit: OS: Windows 10 (), CPU: Intel(R) Core(TM) i5-7200U CPU @ 2.50GHz, GPU: Intel(R) HD Graphics 620
LogInit: Compiled (64-bit): Sep 17 2018 12:26:19
LogInit: Compiled with Visual C++: 19.13.26129.00
LogInit: Build Configuration: Development
LogInit: Branch Name: ++UE4+Release-4.20
LogInit: Command Line:  
LogInit: Base Directory: C:/Program Files/Epic Games/UE_4.20/Engine/Binaries/Win64/
LogInit: Installed Engine Build: 1
LogDevObjectVersion: Number of dev versions registered: 20
LogDevObjectVersion:   Dev-Blueprints (B0D832E4-1F89-4F0D-ACCF-7EB736FD4AA2): 10
LogDevObjectVersion:   Dev-Build (E1C64328-A22C-4D53-A36C-8E866417BD8C): 0
LogDevObjectVersion:   Dev-Core (375EC13C-06E4-48FB-B500-84F0262A717E): 2
LogDevObjectVersion:   Dev-Editor (E4B068ED-F494-42E9-A231-DA0B2E46BB41): 24
LogDevObjectVersion:   Dev-Framework (CFFC743F-43B0-4480-9391-14DF171D2073): 34
LogDevObjectVersion:   Dev-Mobile (B02B49B5-BB20-44E9-A304-32B752E40360): 2
LogDevObjectVersion:   Dev-Networking (A4E4105C-59A1-49B5-A7C5-40C4547EDFEE): 0
LogDevObjectVersion:   Dev-Online (39C831C9-5AE6-47DC-9A44-9C173E1C8E7C): 0
LogDevObjectVersion:   Dev-Physics (78F01B33-EBEA-4F98-B9B4-84EACCB95AA2): 0
LogDevObjectVersion:   Dev-Platform (6631380F-2D4D-43E0-8009-CF276956A95A): 0
LogDevObjectVersion:   Dev-Rendering (12F88B9F-8875-4AFC-A67C-D90C383ABD29): 26
LogDevObjectVersion:   Dev-Sequencer (7B5AE74C-D270-4C10-A958-57980B212A5A): 9
LogDevObjectVersion:   Dev-VR (D7296918-1DD6-4BDD-9DE2-64A83CC13884): 2
LogDevObjectVersion:   Dev-LoadTimes (C2A15278-BFE7-4AFE-6C17-90FF531DF755): 1
LogDevObjectVersion:   Private-Geometry (6EACA3D4-40EC-4CC1-B786-8BED09428FC5): 3
LogDevObjectVersion:   Dev-AnimPhys (29E575DD-E0A3-4627-9D10-D276232CDCEA): 17
LogDevObjectVersion:   Dev-ReflectionCapture (6B266CEC-1EC7-4B8F-A30B-E4D90942FC07): 1
LogDevObjectVersion:   Dev-Automation (0DF73D61-A23F-47EA-B727-89E90C41499A): 1
LogDevObjectVersion:   FortniteMain (601D1886-AC64-4F84-AA16-D3DE0DEAC7D6): 12
LogDevObjectVersion:   Dev-Enterprise (9DFFBCD6-494F-0158-E221-12823C92A888): 1
LogStreaming: Display: Took  0.006s to delete old logs.
LogInit: Presizing for max 8388607 objects, including 0 objects not considered by GC, pre-allocating 0 bytes for permanent pool.
LogInit: Object subsystem initialized
[2018.11.19-09.29.45:059][  0]LogInit: Selected Device Profile: [Windows]
[2018.11.19-09.29.45:060][  0]LogInit: Applying CVar settings loaded from the selected device profile: [Windows]
[2018.11.19-09.29.45:088][  0]LogHAL: Display: Platform has ~ 8 GB [8442224640 / 8589934592 / 8], which maps to Default [LargestMinGB=32, LargerMinGB=12, DefaultMinGB=8, SmallerMinGB=6, SmallestMinGB=0)
[2018.11.19-09.29.45:090][  0]LogInit: Setting Device Profile CVar: [[r.Vulkan.UseRealUBs:1]]
[2018.11.19-09.29.45:090][  0]LogInit: Going up to parent DeviceProfile []
[2018.11.19-09.29.45:095][  0]LogInit: Computer: DESKTOP-3RQR4D6
[2018.11.19-09.29.45:095][  0]LogInit: User: hoon
[2018.11.19-09.29.45:095][  0]LogInit: CPU Page size=4096, Cores=2
[2018.11.19-09.29.45:095][  0]LogInit: High frequency timer resolution =2.648438 MHz
[2018.11.19-09.29.45:096][  0]LogMemory: Memory total: Physical=7.9GB (8GB approx)
[2018.11.19-09.29.45:096][  0]LogMemory: Platform Memory Stats for Windows
[2018.11.19-09.29.45:096][  0]LogMemory: Process Physical Memory: 100.06 MB used, 100.06 MB peak
[2018.11.19-09.29.45:096][  0]LogMemory: Process Virtual Memory: 84.07 MB used, 84.07 MB peak
[2018.11.19-09.29.45:096][  0]LogMemory: Physical Memory: 3727.04 MB used,  4324.10 MB free, 8051.13 MB total
[2018.11.19-09.29.45:096][  0]LogMemory: Virtual Memory: 4621.23 MB used,  4324.10 MB free, 134217728.00 MB total
[2018.11.19-09.29.45:288][  0]LogInit: Using OS detected language (ko-KR).
[2018.11.19-09.29.45:288][  0]LogInit: Using OS detected locale (ko-KR).
[2018.11.19-09.29.45:296][  0]LogTextLocalizationManager: No specific localization for 'ko-KR' exists, so the 'ko' localization will be used.
[2018.11.19-09.29.46:507][  0]LogStreaming: Display: Took  1.219s to InitEngineTextLocalization.
[2018.11.19-09.29.46:508][  0]LogInit: Setting process to per monitor DPI aware
[2018.11.19-09.29.46:712][  0]LogSlate: New Slate User Created.  User Index 0, Is Virtual User: 0
[2018.11.19-09.29.46:713][  0]LogSlate: Slate User Registered.  User Index 0, Is Virtual User: 0
[2018.11.19-09.29.47:620][  0]LogHMD: Failed to initialize OpenVR with code 110
[2018.11.19-09.29.47:620][  0]LogD3D11RHI: D3D11 adapters:
[2018.11.19-09.29.47:643][  0]LogD3D11RHI:    0. 'Intel(R) HD Graphics 620' (Feature Level 11_0)
[2018.11.19-09.29.47:644][  0]LogD3D11RHI:       128/0/4025 MB DedicatedVideo/DedicatedSystem/SharedSystem, Outputs:1, VendorId:0x8086
[2018.11.19-09.29.47:648][  0]LogD3D11RHI:    1. 'Microsoft Basic Render Driver' (Feature Level 11_0)
[2018.11.19-09.29.47:648][  0]LogD3D11RHI:       0/0/4025 MB DedicatedVideo/DedicatedSystem/SharedSystem, Outputs:0, VendorId:0x1414
[2018.11.19-09.29.47:649][  0]LogD3D11RHI: Chosen D3D11 Adapter: 0
[2018.11.19-09.29.47:663][  0]LogD3D11RHI: Creating new Direct3DDevice
[2018.11.19-09.29.47:663][  0]LogD3D11RHI:     GPU DeviceId: 0x5916 (for the marketing name, search the web for "GPU Device Id")
[2018.11.19-09.29.47:663][  0]LogWindows: EnumDisplayDevices:
[2018.11.19-09.29.47:664][  0]LogWindows:    0. 'Intel(R) HD Graphics 620' (P:1 D:1)
[2018.11.19-09.29.47:666][  0]LogWindows:    1. 'Intel(R) HD Graphics 620' (P:0 D:0)
[2018.11.19-09.29.47:668][  0]LogWindows:    2. 'Intel(R) HD Graphics 620' (P:0 D:0)
[2018.11.19-09.29.47:669][  0]LogWindows: DebugString: FoundDriverCount:3 
[2018.11.19-09.29.47:670][  0]LogD3D11RHI:     Adapter Name: Intel(R) HD Graphics 620
[2018.11.19-09.29.47:670][  0]LogD3D11RHI:   Driver Version: 21.20.16.4528 (internal:21.20.16.4528, unified:21.20.16.4528)
[2018.11.19-09.29.47:670][  0]LogD3D11RHI:      Driver Date: 9-23-2016
[2018.11.19-09.29.47:670][  0]LogRHI: Texture pool is 1498 MB (70% of 2140 MB)
[2018.11.19-09.29.47:687][  0]LogD3D11RHI: Async texture creation enabled
[2018.11.19-09.29.47:741][  0]LogD3D11RHI: GPU Timing Frequency: 12.000000 (Debug: 2 0)
[2018.11.19-09.29.47:751][  0]LogShaderCompilers: Guid format shader working directory is -20 characters bigger than the processId version (../../../../../../Users/hoon/Desktop/UE4STAG/FujiwaraBattleField/Intermediate/Shaders/WorkingDirectory/15536/).
[2018.11.19-09.29.47:751][  0]LogShaderCompilers: Cleaned the shader compiler working directory 'C:/Users/hoon/AppData/Local/Temp/UnrealShaderWorkingDir/934F1DA84C99119A91607E81B4F3D9EF/'.
[2018.11.19-09.29.48:680][  0]LogTemp: Display: Loaded TP AllDesktopTargetPlatform
[2018.11.19-09.29.48:709][  0]LogTemp: Display: Loaded TP MacClientTargetPlatform
[2018.11.19-09.29.48:739][  0]LogTemp: Display: Loaded TP MacNoEditorTargetPlatform
[2018.11.19-09.29.48:768][  0]LogTemp: Display: Loaded TP MacServerTargetPlatform
[2018.11.19-09.29.48:798][  0]LogTemp: Display: Loaded TP MacTargetPlatform
[2018.11.19-09.29.48:824][  0]LogTemp: Display: Loaded TP WindowsClientTargetPlatform
[2018.11.19-09.29.48:850][  0]LogTemp: Display: Loaded TP WindowsNoEditorTargetPlatform
[2018.11.19-09.29.48:885][  0]LogTemp: Display: Loaded TP WindowsServerTargetPlatform
[2018.11.19-09.29.48:902][  0]LogTemp: Display: Loaded TP WindowsTargetPlatform
[2018.11.19-09.29.49:106][  0]LogTemp: Display: Loaded TP AndroidTargetPlatform
[2018.11.19-09.29.49:106][  0]LogTemp: Display: Loaded TP AndroidTargetPlatform
[2018.11.19-09.29.49:106][  0]LogTemp: Display: Loaded TP AndroidTargetPlatform
[2018.11.19-09.29.49:106][  0]LogTemp: Display: Loaded TP AndroidTargetPlatform
[2018.11.19-09.29.49:106][  0]LogTemp: Display: Loaded TP AndroidTargetPlatform
[2018.11.19-09.29.49:106][  0]LogTemp: Display: Loaded TP AndroidTargetPlatform
[2018.11.19-09.29.49:106][  0]LogTemp: Display: Loaded TP AndroidTargetPlatform
[2018.11.19-09.29.49:106][  0]LogTemp: Display: Loaded TP AndroidTargetPlatform
[2018.11.19-09.29.49:106][  0]LogTemp: Display: Loaded TP AndroidTargetPlatform
[2018.11.19-09.29.49:107][  0]LogTemp: Display: Loaded TP AndroidTargetPlatform
[2018.11.19-09.29.49:107][  0]LogTemp: Display: Loaded TP AndroidTargetPlatform
[2018.11.19-09.29.49:107][  0]LogTemp: Display: Loaded TP AndroidTargetPlatform
[2018.11.19-09.29.49:107][  0]LogTemp: Display: Loaded TP AndroidTargetPlatform
[2018.11.19-09.29.49:107][  0]LogTemp: Display: Loaded TP AndroidTargetPlatform
[2018.11.19-09.29.49:107][  0]LogTemp: Display: Loaded TP AndroidTargetPlatform
[2018.11.19-09.29.49:107][  0]LogTemp: Display: Loaded TP AndroidTargetPlatform
[2018.11.19-09.29.49:107][  0]LogTemp: Display: Loaded TP AndroidTargetPlatform
[2018.11.19-09.29.49:107][  0]LogTemp: Display: Loaded TP AndroidTargetPlatform
[2018.11.19-09.29.49:113][  0]LogTemp: Display: Loaded TP HTML5TargetPlatform
[2018.11.19-09.29.49:239][  0]LogTemp: Display: Loaded TP IOSTargetPlatform
[2018.11.19-09.29.49:239][  0]LogTemp: Display: Loaded TP IOSTargetPlatform
[2018.11.19-09.29.49:341][  0]LogTemp: Display: Loaded TP TVOSTargetPlatform
[2018.11.19-09.29.49:342][  0]LogTemp: Display: Loaded TP TVOSTargetPlatform
[2018.11.19-09.29.49:389][  0]LogTemp: Display: Loaded TP LinuxClientTargetPlatform
[2018.11.19-09.29.49:428][  0]LogTemp: Display: Loaded TP LinuxNoEditorTargetPlatform
[2018.11.19-09.29.49:455][  0]LogTemp: Display: Loaded TP LinuxServerTargetPlatform
[2018.11.19-09.29.49:484][  0]LogTemp: Display: Loaded TP LinuxTargetPlatform
[2018.11.19-09.29.49:506][  0]LogTemp: Display: Loaded TP LuminTargetPlatform
[2018.11.19-09.29.49:506][  0]LogTargetPlatformManager: Display: Building Assets For Windows
[2018.11.19-09.29.49:757][  0]LogXGEController: Cleaning working directory: C:/Users/hoon/AppData/Local/Temp/UnrealXGEWorkingDir/
[2018.11.19-09.29.49:758][  0]LogXGEController: Cannot use XGE Controller as Incredibuild is not installed on this machine.
[2018.11.19-09.29.49:758][  0]LogShaderCompilers: Cannot use XGE Shader Compiler as Incredibuild is not installed on this machine.
[2018.11.19-09.29.49:758][  0]LogShaderCompilers: Display: Using Local Shader Compiler.
[2018.11.19-09.29.52:077][  0]LogDerivedDataCache: Display: Max Cache Size: 512 MB
[2018.11.19-09.29.52:518][  0]LogDerivedDataCache: Loaded boot cache 0.44s 73MB C:/Users/hoon/AppData/Local/UnrealEngine/4.20/DerivedDataCache/Boot.ddc.
[2018.11.19-09.29.52:520][  0]LogDerivedDataCache: Display: Loaded Boot cache: C:/Users/hoon/AppData/Local/UnrealEngine/4.20/DerivedDataCache/Boot.ddc
[2018.11.19-09.29.52:520][  0]LogDerivedDataCache: FDerivedDataBackendGraph:  Pak pak cache file ../../../../../../Users/hoon/Desktop/UE4STAG/FujiwaraBattleField/DerivedDataCache/DDC.ddp not found, will not use a pak cache.
[2018.11.19-09.29.52:521][  0]LogDerivedDataCache: Unable to find inner node Pak for hierarchical cache Hierarchy.
[2018.11.19-09.29.52:521][  0]LogDerivedDataCache: FDerivedDataBackendGraph:  CompressedPak pak cache file ../../../../../../Users/hoon/Desktop/UE4STAG/FujiwaraBattleField/DerivedDataCache/Compressed.ddp not found, will not use a pak cache.
[2018.11.19-09.29.52:521][  0]LogDerivedDataCache: Unable to find inner node CompressedPak for hierarchical cache Hierarchy.
[2018.11.19-09.29.52:564][  0]LogDerivedDataCache: Display: Pak cache opened for reading ../../../Engine/DerivedDataCache/Compressed.ddp.
[2018.11.19-09.29.52:578][  0]LogDerivedDataCache: Using Local data cache path C:/Users/hoon/AppData/Local/UnrealEngine/Common/DerivedDataCache: Writable
[2018.11.19-09.29.52:578][  0]LogDerivedDataCache: Shared data cache path not found in *engine.ini, will not use an Shared cache.
[2018.11.19-09.29.52:578][  0]LogDerivedDataCache: Unable to find inner node Shared for hierarchical cache Hierarchy.
[2018.11.19-09.29.52:634][  0]LogMaterial: Verifying Global Shaders for PCD3D_SM5
[2018.11.19-09.29.52:642][  0]LogSlate: Using FreeType 2.6.0
[2018.11.19-09.29.52:646][  0]LogSlate: SlateFontServices - WITH_FREETYPE: 1, WITH_HARFBUZZ: 1
[2018.11.19-09.29.52:899][  0]LogAssetRegistry: FAssetRegistry took 0.0385 seconds to start up
[2018.11.19-09.29.54:180][  0]LogInit: Selected Device Profile: [Windows]
[2018.11.19-09.29.54:432][  0]LogSimplygon: Simplygon DLL not present - disabling.
[2018.11.19-09.29.54:462][  0]LogMeshReduction: Using SimplygonSwarm for distributed automatic mesh merging
[2018.11.19-09.29.54:463][  0]LogMeshReduction: Using ProxyLODMeshReduction for automatic mesh merging
[2018.11.19-09.29.54:464][  0]LogMeshReduction: Using QuadricMeshReduction for automatic static mesh reduction
[2018.11.19-09.29.54:464][  0]LogMeshReduction: No automatic skeletal mesh reduction module available
[2018.11.19-09.29.54:802][  0]LogNetVersion: FujiwaraBattleField 1.0.0, NetCL: 4212847, EngineNetVer: 5, GameNetVer: 0 (Checksum: 1838566955)
[2018.11.19-09.29.56:743][  0]LogPackageLocalizationCache: Processed 11 localized package path(s) for 2 prioritized culture(s) in 0.336462 seconds
[2018.11.19-09.29.56:762][  0]LogUObjectArray: 38425 objects as part of root set at end of initial load.
[2018.11.19-09.29.56:762][  0]LogUObjectAllocator: 6690864 out of 0 bytes used by permanent object pool.
[2018.11.19-09.29.56:762][  0]LogUObjectArray: CloseDisregardForGC: 0/0 objects in disregard for GC pool
[2018.11.19-09.30.00:113][  0]LogTcpMessaging: Initializing TcpMessaging bridge
[2018.11.19-09.30.00:133][  0]LogUdpMessaging: Initializing bridge on interface 0.0.0.0:0 to multicast group 230.0.0.1:6666.
[2018.11.19-09.30.00:406][  0]LogModuleManager: Warning: ModuleManager: Unable to load module 'FujiwaraBattleField' because the file 'C:/Users/hoon/Desktop/UE4STAG/FujiwaraBattleField/Binaries/Win64/UE4Editor-FujiwaraBattleField.dll' was not found.
[2018.11.19-09.30.00:580][  0]LogWindowsTextInputMethodSystem: Display: IME system now activated using TSF (Microsoft 입력기).
[2018.11.19-09.30.06:143][  0]LogWindowsTextInputMethodSystem: Display: IME system now activated using TSF (Microsoft 입력기).
[2018.11.19-09.30.06:196][  0]LogSlate: Slate User Destroyed.  User Index 0, Is Virtual User: 0
[2018.11.19-09.30.06:198][  0]LogExit: Preparing to exit.
[2018.11.19-09.30.07:997][  0]LogExit: Object subsystem successfully closed.
[2018.11.19-09.30.08:020][  0]LogShaderCompilers: Display: Shaders left to compile 0
[2018.11.19-09.30.08:024][  0]LogD3D11RHI: Shutdown
[2018.11.19-09.30.08:025][  0]LogD3D11RHI: CleanupD3DDevice
[2018.11.19-09.30.08:116][  0]LogD3D11RHI: ~FD3D11DynamicRHI
[2018.11.19-09.30.08:188][  0]LogModuleManager: Shutting down and abandoning module RuntimePhysXCooking (298)
[2018.11.19-09.30.08:188][  0]LogModuleManager: Shutting down and abandoning module PhysXVehiclesEditor (296)
[2018.11.19-09.30.08:188][  0]LogModuleManager: Shutting down and abandoning module PhysXVehicles (294)
[2018.11.19-09.30.08:188][  0]LogModuleManager: Shutting down and abandoning module OculusEditor (292)
[2018.11.19-09.30.08:188][  0]LogModuleManager: Shutting down and abandoning module LocationServicesBPLibrary (290)
[2018.11.19-09.30.08:188][  0]LogModuleManager: Shutting down and abandoning module ImmediatePhysicsEditor (288)
[2018.11.19-09.30.08:189][  0]LogModuleManager: Shutting down and abandoning module ImmediatePhysics (286)
[2018.11.19-09.30.08:189][  0]LogModuleManager: Shutting down and abandoning module ActorSequence (284)
[2018.11.19-09.30.08:189][  0]LogModuleManager: Shutting down and abandoning module UdpMessaging (282)
[2018.11.19-09.30.08:289][  0]LogModuleManager: Shutting down and abandoning module TcpMessaging (280)
[2018.11.19-09.30.08:390][  0]LogModuleManager: Shutting down and abandoning module MagicLeapAudio (278)
[2018.11.19-09.30.08:390][  0]LogModuleManager: Shutting down and abandoning module GameplayTagsEditor (276)
[2018.11.19-09.30.08:390][  0]LogModuleManager: Shutting down and abandoning module FacialAnimationEditor (274)
[2018.11.19-09.30.08:390][  0]LogModuleManager: Shutting down and abandoning module FacialAnimation (272)
[2018.11.19-09.30.08:390][  0]LogModuleManager: Shutting down and abandoning module DataValidation (270)
[2018.11.19-09.30.08:391][  0]LogModuleManager: Shutting down and abandoning module AssetManagerEditor (268)
[2018.11.19-09.30.08:391][  0]LogModuleManager: Shutting down and abandoning module LevelEditor (267)
[2018.11.19-09.30.08:394][  0]LogModuleManager: Shutting down and abandoning module PixelInspectorModule (266)
[2018.11.19-09.30.08:394][  0]LogModuleManager: Shutting down and abandoning module CommonMenuExtensions (264)
[2018.11.19-09.30.08:395][  0]LogModuleManager: Shutting down and abandoning module MainFrame (262)
[2018.11.19-09.30.08:395][  0]LogModuleManager: Shutting down and abandoning module HotReload (261)
[2018.11.19-09.30.08:396][  0]LogModuleManager: Shutting down and abandoning module ContentBrowser (257)
[2018.11.19-09.30.08:397][  0]LogModuleManager: Shutting down and abandoning module TreeMap (255)
[2018.11.19-09.30.08:397][  0]LogModuleManager: Shutting down and abandoning module LightPropagationVolumeRuntime (252)
[2018.11.19-09.30.08:397][  0]LogModuleManager: Shutting down and abandoning module AISupportModule (250)
[2018.11.19-09.30.08:397][  0]LogModuleManager: Shutting down and abandoning module Paper2D (248)
[2018.11.19-09.30.08:397][  0]LogModuleManager: Shutting down and abandoning module WindowsMoviePlayer (246)
[2018.11.19-09.30.08:397][  0]LogModuleManager: Shutting down and abandoning module WmfMedia (244)
[2018.11.19-09.30.08:427][  0]LogModuleManager: Shutting down and abandoning module Media (243)
[2018.11.19-09.30.08:433][  0]LogModuleManager: Shutting down and abandoning module PacketHandler (240)
[2018.11.19-09.30.08:433][  0]LogModuleManager: Shutting down and abandoning module ClothingSystemEditor (238)
[2018.11.19-09.30.08:433][  0]LogModuleManager: Shutting down and abandoning module ClothingSystemRuntime (236)
[2018.11.19-09.30.08:434][  0]LogModuleManager: Shutting down and abandoning module MediaAssets (234)
[2018.11.19-09.30.08:434][  0]LogModuleManager: Shutting down and abandoning module Overlay (232)
[2018.11.19-09.30.08:434][  0]LogModuleManager: Shutting down and abandoning module OverlayEditor (231)
[2018.11.19-09.30.08:434][  0]LogModuleManager: Shutting down and abandoning module VREditor (228)
[2018.11.19-09.30.08:435][  0]LogModuleManager: Shutting down and abandoning module StringTableEditor (226)
[2018.11.19-09.30.08:435][  0]LogModuleManager: Shutting down and abandoning module GameplayTasksEditor (224)
[2018.11.19-09.30.08:435][  0]LogModuleManager: Shutting down and abandoning module BehaviorTreeEditor (222)
[2018.11.19-09.30.08:436][  0]LogModuleManager: Shutting down and abandoning module FunctionalTesting (220)
[2018.11.19-09.30.08:436][  0]LogModuleManager: Shutting down and abandoning module CollisionAnalyzer (218)
[2018.11.19-09.30.08:436][  0]LogModuleManager: Shutting down and abandoning module WorkspaceMenuStructure (217)
[2018.11.19-09.30.08:436][  0]LogModuleManager: Shutting down and abandoning module UMG (214)
[2018.11.19-09.30.08:437][  0]LogModuleManager: Shutting down and abandoning module UMGEditor (213)
[2018.11.19-09.30.08:437][  0]LogModuleManager: Shutting down and abandoning module Sequencer (212)
[2018.11.19-09.30.08:439][  0]LogModuleManager: Shutting down and abandoning module MessageLog (209)
[2018.11.19-09.30.08:439][  0]LogModuleManager: Shutting down and abandoning module SlateReflector (204)
[2018.11.19-09.30.08:440][  0]LogModuleManager: Shutting down and abandoning module Slate (202)
[2018.11.19-09.30.08:440][  0]LogModuleManager: Shutting down and abandoning module EditorStyle (200)
[2018.11.19-09.30.08:446][  0]LogModuleManager: Shutting down and abandoning module MRMesh (198)
[2018.11.19-09.30.08:446][  0]LogModuleManager: Shutting down and abandoning module SourceCodeAccess (196)
[2018.11.19-09.30.08:446][  0]LogModuleManager: Shutting down and abandoning module HeadMountedDisplay (194)
[2018.11.19-09.30.08:446][  0]LogModuleManager: Shutting down and abandoning module XAudio2 (192)
[2018.11.19-09.30.08:446][  0]LogModuleManager: Shutting down and abandoning module Networking (190)
[2018.11.19-09.30.08:446][  0]LogModuleManager: Shutting down and abandoning module Core (188)
[2018.11.19-09.30.08:446][  0]LogModuleManager: Shutting down and abandoning module LevelSequence (186)
[2018.11.19-09.30.08:447][  0]LogModuleManager: Shutting down and abandoning module KismetCompiler (184)
[2018.11.19-09.30.08:447][  0]LogModuleManager: Shutting down and abandoning module MeshUtilities (182)
[2018.11.19-09.30.08:447][  0]LogModuleManager: Shutting down and abandoning module MeshMergeUtilities (181)
[2018.11.19-09.30.08:447][  0]LogModuleManager: Shutting down and abandoning module MeshReductionInterface (180)
[2018.11.19-09.30.08:447][  0]LogModuleManager: Shutting down and abandoning module SimplygonSwarm (179)
[2018.11.19-09.30.08:448][  0]LogModuleManager: Shutting down and abandoning module ProxyLODMeshReduction (177)
[2018.11.19-09.30.08:448][  0]LogModuleManager: Shutting down and abandoning module SimplygonMeshReduction (175)
[2018.11.19-09.30.08:448][  0]LogModuleManager: Shutting down and abandoning module QuadricMeshReduction (173)
[2018.11.19-09.30.08:449][  0]LogModuleManager: Shutting down and abandoning module MaterialBaking (169)
[2018.11.19-09.30.08:449][  0]LogModuleManager: Shutting down and abandoning module DirectoryWatcher (165)
[2018.11.19-09.30.08:449][  0]LogModuleManager: Shutting down and abandoning module DerivedDataCache (162)
[2018.11.19-09.30.08:599][  0]LogDerivedDataCache: Shutdown
[2018.11.19-09.30.08:599][  0]LogModuleManager: Shutting down and abandoning module XGEController (160)
[2018.11.19-09.30.08:599][  0]LogXGEController: Cleaning working directory: C:/Users/hoon/AppData/Local/Temp/UnrealXGEWorkingDir/
[2018.11.19-09.30.08:600][  0]LogModuleManager: Shutting down and abandoning module TargetPlatform (158)
[2018.11.19-09.30.08:600][  0]LogModuleManager: Shutting down and abandoning module VulkanShaderFormat (157)
[2018.11.19-09.30.08:600][  0]LogModuleManager: Shutting down and abandoning module ShaderFormatVectorVM (155)
[2018.11.19-09.30.08:600][  0]LogModuleManager: Shutting down and abandoning module ShaderFormatOpenGL (153)
[2018.11.19-09.30.08:602][  0]LogModuleManager: Shutting down and abandoning module ShaderFormatD3D (151)
[2018.11.19-09.30.08:602][  0]LogModuleManager: Shutting down and abandoning module MetalShaderFormat (149)
[2018.11.19-09.30.08:602][  0]LogModuleManager: Shutting down and abandoning module TextureFormatUncompressed (147)
[2018.11.19-09.30.08:602][  0]LogModuleManager: Shutting down and abandoning module TextureFormatPVR (145)
[2018.11.19-09.30.08:602][  0]LogModuleManager: Shutting down and abandoning module TextureFormatDXT (143)
[2018.11.19-09.30.08:602][  0]LogModuleManager: Shutting down and abandoning module TextureFormatIntelISPCTexComp (141)
[2018.11.19-09.30.08:602][  0]LogModuleManager: Shutting down and abandoning module TextureFormatASTC (139)
[2018.11.19-09.30.08:602][  0]LogModuleManager: Shutting down and abandoning module ImageWrapper (138)
[2018.11.19-09.30.08:602][  0]LogModuleManager: Shutting down and abandoning module TextureFormatAndroid (135)
[2018.11.19-09.30.08:603][  0]LogModuleManager: Shutting down and abandoning module AudioFormatOpus (133)
[2018.11.19-09.30.08:603][  0]LogModuleManager: Shutting down and abandoning module AudioFormatOgg (131)
[2018.11.19-09.30.08:603][  0]LogModuleManager: Shutting down and abandoning module AudioFormatADPCM (129)
[2018.11.19-09.30.08:603][  0]LogModuleManager: Shutting down and abandoning module LuminTargetPlatform (127)
[2018.11.19-09.30.08:603][  0]LogModuleManager: Shutting down and abandoning module LinuxTargetPlatform (125)
[2018.11.19-09.30.08:603][  0]LogModuleManager: Shutting down and abandoning module LinuxServerTargetPlatform (123)
[2018.11.19-09.30.08:603][  0]LogModuleManager: Shutting down and abandoning module LinuxNoEditorTargetPlatform (121)
[2018.11.19-09.30.08:603][  0]LogModuleManager: Shutting down and abandoning module LinuxClientTargetPlatform (119)
[2018.11.19-09.30.08:603][  0]LogModuleManager: Shutting down and abandoning module TVOSTargetPlatform (117)
[2018.11.19-09.30.08:604][  0]LogModuleManager: Shutting down and abandoning module Messaging (115)
[2018.11.19-09.30.08:604][  0]LogModuleManager: Shutting down and abandoning module IOSTargetPlatform (113)
[2018.11.19-09.30.08:605][  0]LogModuleManager: Shutting down and abandoning module HTML5TargetPlatform (111)
[2018.11.19-09.30.08:605][  0]LogModuleManager: Shutting down and abandoning module AndroidTargetPlatform (109)
[2018.11.19-09.30.08:616][  0]LogModuleManager: Shutting down and abandoning module WindowsTargetPlatform (107)
[2018.11.19-09.30.08:616][  0]LogModuleManager: Shutting down and abandoning module WindowsServerTargetPlatform (105)
[2018.11.19-09.30.08:616][  0]LogModuleManager: Shutting down and abandoning module WindowsNoEditorTargetPlatform (103)
[2018.11.19-09.30.08:616][  0]LogModuleManager: Shutting down and abandoning module WindowsClientTargetPlatform (101)
[2018.11.19-09.30.08:616][  0]LogModuleManager: Shutting down and abandoning module MacTargetPlatform (99)
[2018.11.19-09.30.08:616][  0]LogModuleManager: Shutting down and abandoning module MacServerTargetPlatform (97)
[2018.11.19-09.30.08:616][  0]LogModuleManager: Shutting down and abandoning module MacNoEditorTargetPlatform (95)
[2018.11.19-09.30.08:616][  0]LogModuleManager: Shutting down and abandoning module MacClientTargetPlatform (93)
[2018.11.19-09.30.08:616][  0]LogModuleManager: Shutting down and abandoning module AllDesktopTargetPlatform (91)
[2018.11.19-09.30.08:617][  0]LogModuleManager: Shutting down and abandoning module InputCore (88)
[2018.11.19-09.30.08:617][  0]LogModuleManager: Shutting down and abandoning module Settings (86)
[2018.11.19-09.30.08:617][  0]LogModuleManager: Shutting down and abandoning module PhysXCooking (84)
[2018.11.19-09.30.08:617][  0]LogModuleManager: Shutting down and abandoning module SteamVR (82)
[2018.11.19-09.30.08:617][  0]LogModuleManager: Shutting down and abandoning module OculusHMD (80)
[2018.11.19-09.30.08:617][  0]LogModuleManager: Shutting down and abandoning module ExampleDeviceProfileSelector (78)
[2018.11.19-09.30.08:617][  0]LogModuleManager: Shutting down and abandoning module LauncherChunkInstaller (76)
[2018.11.19-09.30.08:617][  0]LogModuleManager: Shutting down and abandoning module OnlineBlueprintSupport (74)
[2018.11.19-09.30.08:617][  0]LogModuleManager: Shutting down and abandoning module OnlineSubsystem (70)
[2018.11.19-09.30.08:618][  0]LogModuleManager: Shutting down and abandoning module XMPP (65)
[2018.11.19-09.30.08:619][  0]LogModuleManager: Shutting down and abandoning module WebSockets (64)
[2018.11.19-09.30.08:638][  0]LogModuleManager: Shutting down and abandoning module HTTP (61)
[2018.11.19-09.30.08:654][  0]LogModuleManager: Shutting down and abandoning module SSL (60)
[2018.11.19-09.30.08:656][  0]LogModuleManager: Shutting down and abandoning module MagicLeapEmulator (56)
[2018.11.19-09.30.08:656][  0]LogModuleManager: Shutting down and abandoning module MagicLeapPrivileges (54)
[2018.11.19-09.30.08:656][  0]LogModuleManager: Shutting down and abandoning module MagicLeapIdentity (52)
[2018.11.19-09.30.08:656][  0]LogModuleManager: Shutting down and abandoning module MagicLeapHelperVulkan (50)
[2018.11.19-09.30.08:656][  0]LogModuleManager: Shutting down and abandoning module MagicLeapHelperOpenGL (48)
[2018.11.19-09.30.08:656][  0]LogModuleManager: Shutting down and abandoning module MagicLeapSecureStorage (46)
[2018.11.19-09.30.08:656][  0]LogModuleManager: Shutting down and abandoning module MagicLeapGestures (44)
[2018.11.19-09.30.08:656][  0]LogModuleManager: Shutting down and abandoning module MagicLeapEyeTracker (42)
[2018.11.19-09.30.08:656][  0]LogModuleManager: Shutting down and abandoning module MagicLeapController (40)
[2018.11.19-09.30.08:657][  0]LogModuleManager: Shutting down and abandoning module MagicLeap (38)
[2018.11.19-09.30.08:657][  0]LogModuleManager: Shutting down and abandoning module AnimationModifiers (36)
[2018.11.19-09.30.08:657][  0]LogModuleManager: Shutting down and abandoning module PropertyEditor (35)
[2018.11.19-09.30.08:659][  0]LogModuleManager: Shutting down and abandoning module AudioEditor (32)
[2018.11.19-09.30.08:660][  0]LogModuleManager: Shutting down and abandoning module TextureCompressor (30)
[2018.11.19-09.30.08:660][  0]LogModuleManager: Shutting down and abandoning module ShaderCore (28)
[2018.11.19-09.30.08:660][  0]LogModuleManager: Shutting down and abandoning module Landscape (26)
[2018.11.19-09.30.08:660][  0]LogModuleManager: Shutting down and abandoning module SlateRHIRenderer (24)
[2018.11.19-09.30.08:661][  0]LogModuleManager: Shutting down and abandoning module OpenGLDrv (22)
[2018.11.19-09.30.08:661][  0]LogModuleManager: Shutting down and abandoning module D3D11RHI (20)
[2018.11.19-09.30.08:661][  0]LogModuleManager: Shutting down and abandoning module AnimGraphRuntime (18)
[2018.11.19-09.30.08:661][  0]LogModuleManager: Shutting down and abandoning module Renderer (16)
[2018.11.19-09.30.08:661][  0]LogModuleManager: Shutting down and abandoning module Engine (14)
[2018.11.19-09.30.08:661][  0]LogModuleManager: Shutting down and abandoning module CoreUObject (12)
[2018.11.19-09.30.08:661][  0]LogModuleManager: Shutting down and abandoning module NetworkFile (10)
[2018.11.19-09.30.08:662][  0]LogModuleManager: Shutting down and abandoning module CookedIterativeFile (8)
[2018.11.19-09.30.08:662][  0]LogModuleManager: Shutting down and abandoning module StreamingFile (6)
[2018.11.19-09.30.08:662][  0]LogModuleManager: Shutting down and abandoning module SandboxFile (4)
[2018.11.19-09.30.08:662][  0]LogModuleManager: Shutting down and abandoning module PakFile (2)
[2018.11.19-09.30.08:667][  0]LogExit: Exiting.
[2018.11.19-09.30.08:698][  0]Log file closed, 11/19/18 18:30:08
