Log file open, 11/28/18 13:35:05
LogWindows: Failed to load 'aqProf.dll' (GetLastError=126)
LogWindows: File 'aqProf.dll' does not exist
LogWindows: Failed to load 'VSPerf140.dll' (GetLastError=126)
LogWindows: File 'VSPerf140.dll' does not exist
LogWindows: Failed to load 'VtuneApi.dll' (GetLastError=126)
LogWindows: File 'VtuneApi.dll' does not exist
LogWindows: Failed to load 'VtuneApi32e.dll' (GetLastError=126)
LogWindows: File 'VtuneApi32e.dll' does not exist
LogInit: Display: Running engine for game: FujiwaraBattleField
LogPlatformFile: Not using cached read wrapper
LogTaskGraph: Started task graph with 5 named threads and 23 total threads with 3 sets of task threads.
LogStats: Stats thread started at 0.307616
LogD3D11RHI: Loaded GFSDK_Aftermath_Lib.x64.dll
LogWindows: Failed to load '../../../Engine/Binaries/ThirdParty/nvTextureTools/Win64/nvtt_64.dll' (GetLastError=193)
LogWindows:   Missing import: MSVCR120.dll
LogWindows:   Looked in: ../../../Engine/Binaries/Win64
LogWindows:   Looked in: C:/Users/cho1h/Documents/UE4STAG/FujiwaraBattleField/Binaries/Win64
LogWindows:   Looked in: C:\Users\cho1h\Documents\UE4STAG\FujiwaraBattleField\Binaries\Win64
LogICUInternationalization: Display: ICU TimeZone Detection - Raw Offset: +9:00, Platform Override: ''
LogPluginManager: Mounting plugin Paper2D
LogPluginManager: Mounting plugin AISupport
LogPluginManager: Mounting plugin LightPropagationVolume
LogPluginManager: Mounting plugin CLionSourceCodeAccess
LogPluginManager: Mounting plugin CodeLiteSourceCodeAccess
LogPluginManager: Mounting plugin GitSourceControl
LogPluginManager: Mounting plugin KDevelopSourceCodeAccess
LogPluginManager: Mounting plugin NullSourceCodeAccess
LogPluginManager: Mounting plugin PerforceSourceControl
LogPluginManager: Mounting plugin SubversionSourceControl
LogPluginManager: Mounting plugin UObjectPlugin
LogPluginManager: Mounting plugin VisualStudioCodeSourceCodeAccess
LogPluginManager: Mounting plugin VisualStudioSourceCodeAccess
LogPluginManager: Mounting plugin XCodeSourceCodeAccess
LogPluginManager: Mounting plugin AssetManagerEditor
LogPluginManager: Mounting plugin CryptoKeys
LogPluginManager: Mounting plugin DataValidation
LogPluginManager: Mounting plugin FacialAnimation
LogPluginManager: Mounting plugin GameplayTagsEditor
LogPluginManager: Mounting plugin MacGraphicsSwitching
LogPluginManager: Mounting plugin MeshEditor
LogPluginManager: Mounting plugin MobileLauncherProfileWizard
LogPluginManager: Mounting plugin PluginBrowser
LogPluginManager: Mounting plugin SpeedTreeImporter
LogPluginManager: Mounting plugin DatasmithContent
LogPluginManager: Mounting plugin AlembicImporter
LogPluginManager: Mounting plugin AppleImageUtils
LogPluginManager: Mounting plugin AppleVision
LogPluginManager: Mounting plugin BackChannel
LogPluginManager: Mounting plugin CharacterAI
LogPluginManager: Mounting plugin GeometryCache
LogPluginManager: Mounting plugin HTML5Networking
LogPluginManager: Mounting plugin ProxyLODPlugin
LogPluginManager: Mounting plugin MagicLeap
LogPluginManager: Mounting plugin MagicLeapEmulator
LogPluginManager: Mounting plugin MagicLeapMedia
LogPluginManager: Mounting plugin AndroidMedia
LogPluginManager: Mounting plugin AvfMedia
LogPluginManager: Mounting plugin ImgMedia
LogPluginManager: Mounting plugin LinearTimecode
LogPluginManager: Mounting plugin MediaCompositing
LogPluginManager: Mounting plugin MediaPlayerEditor
LogPluginManager: Mounting plugin WmfMedia
LogPluginManager: Mounting plugin TcpMessaging
LogPluginManager: Mounting plugin UdpMessaging
LogPluginManager: Mounting plugin ActorSequence
LogPluginManager: Mounting plugin LevelSequenceEditor
LogPluginManager: Mounting plugin MatineeToLevelSequence
LogPluginManager: Mounting plugin NetcodeUnitTest
LogPluginManager: Mounting plugin NUTUnrealEngine4
LogPluginManager: Mounting plugin OnlineSubsystemGooglePlay
LogPluginManager: Mounting plugin OnlineSubsystemIOS
LogPluginManager: Mounting plugin OnlineSubsystem
LogPluginManager: Mounting plugin OnlineSubsystemNull
LogPluginManager: Mounting plugin OnlineSubsystemUtils
LogPluginManager: Mounting plugin LauncherChunkInstaller
LogPluginManager: Mounting plugin AndroidDeviceProfileSelector
LogPluginManager: Mounting plugin AndroidMoviePlayer
LogPluginManager: Mounting plugin AndroidPermission
LogPluginManager: Mounting plugin AppleMoviePlayer
LogPluginManager: Mounting plugin ArchVisCharacter
LogPluginManager: Mounting plugin AudioCapture
LogPluginManager: Mounting plugin CableComponent
LogPluginManager: Mounting plugin CustomMeshComponent
LogPluginManager: Mounting plugin EditableMesh
LogPluginManager: Mounting plugin ExampleDeviceProfileSelector
LogPluginManager: Mounting plugin GoogleCloudMessaging
LogPluginManager: Mounting plugin ImmediatePhysics
LogPluginManager: Mounting plugin IOSDeviceProfileSelector
LogPluginManager: Mounting plugin LinuxDeviceProfileSelector
LogPluginManager: Mounting plugin LocationServicesBPLibrary
LogPluginManager: Mounting plugin MobilePatchingUtils
LogPluginManager: Mounting plugin OculusVR
LogPluginManager: Plugin shader directory ../../../Engine/Plugins/Runtime/Oculus/OculusVR/Shaders found
LogPluginManager: Mapping shader source directory ../../../Engine/Plugins/Runtime/Oculus/OculusVR/Shaders to virtual directory /Plugin/OculusVR
LogPluginManager: Mounting plugin PhysXVehicles
LogPluginManager: Mounting plugin ProceduralMeshComponent
LogPluginManager: Mounting plugin RuntimePhysXCooking
LogPluginManager: Mounting plugin SteamVR
LogPluginManager: Mounting plugin WindowsMoviePlayer
LogStreaming: Display: Took  0.194s to configure plugins.
LogInit: Using libcurl 7.55.1-DEV
LogInit:  - built for x86_64-pc-win32
LogInit:  - supports SSL with OpenSSL/1.0.2h
LogInit:  - supports HTTP deflate (compression) using libz 1.2.8
LogInit:  - other features:
LogInit:      CURL_VERSION_SSL
LogInit:      CURL_VERSION_LIBZ
LogInit:      CURL_VERSION_IPV6
LogInit:      CURL_VERSION_ASYNCHDNS
LogInit:      CURL_VERSION_LARGEFILE
LogInit:      CURL_VERSION_IDN
LogInit:  CurlRequestOptions (configurable via config and command line):
LogInit:  - bVerifyPeer = false  - Libcurl will NOT verify peer certificate
LogInit:  - bUseHttpProxy = false  - Libcurl will NOT use HTTP proxy
LogInit:  - bDontReuseConnections = false  - Libcurl will reuse connections
LogInit:  - CertBundlePath = nullptr  - Libcurl will use whatever was configured at build time.
LogInit:  - MaxHostConnections = 16  - Libcurl will limit the number of connections to a host
LogInit:  - LocalHostAddr = Default
LogInit:  - BufferSize = 65536
LogInit: WinSock: version 1.1 (2.2), MaxSocks=32767, MaxUdp=65467
LogInit: Build: ++UE4+Release-4.20-CL-4369336
LogInit: Engine Version: 4.20.3-4369336+++UE4+Release-4.20
LogInit: Compatible Engine Version: 4.20.0-4212847+++UE4+Release-4.20
LogInit: Net CL: 4212847
LogInit: OS: Windows 10 (), CPU: Intel(R) Core(TM) i7-8550U CPU @ 1.80GHz, GPU: Intel(R) UHD Graphics 620
LogInit: Compiled (64-bit): Sep 17 2018 12:26:19
LogInit: Compiled with Visual C++: 19.13.26129.00
LogInit: Build Configuration: Development
LogInit: Branch Name: ++UE4+Release-4.20
LogInit: Command Line: 
LogInit: Base Directory: D:/Unreal Engine4/Epic Games/UE_4.20/Engine/Binaries/Win64/
LogInit: Installed Engine Build: 1
LogDevObjectVersion: Number of dev versions registered: 20
LogDevObjectVersion:   Dev-Blueprints (B0D832E4-1F89-4F0D-ACCF-7EB736FD4AA2): 10
LogDevObjectVersion:   Dev-Build (E1C64328-A22C-4D53-A36C-8E866417BD8C): 0
LogDevObjectVersion:   Dev-Core (375EC13C-06E4-48FB-B500-84F0262A717E): 2
LogDevObjectVersion:   Dev-Editor (E4B068ED-F494-42E9-A231-DA0B2E46BB41): 24
LogDevObjectVersion:   Dev-Framework (CFFC743F-43B0-4480-9391-14DF171D2073): 34
LogDevObjectVersion:   Dev-Mobile (B02B49B5-BB20-44E9-A304-32B752E40360): 2
LogDevObjectVersion:   Dev-Networking (A4E4105C-59A1-49B5-A7C5-40C4547EDFEE): 0
LogDevObjectVersion:   Dev-Online (39C831C9-5AE6-47DC-9A44-9C173E1C8E7C): 0
LogDevObjectVersion:   Dev-Physics (78F01B33-EBEA-4F98-B9B4-84EACCB95AA2): 0
LogDevObjectVersion:   Dev-Platform (6631380F-2D4D-43E0-8009-CF276956A95A): 0
LogDevObjectVersion:   Dev-Rendering (12F88B9F-8875-4AFC-A67C-D90C383ABD29): 26
LogDevObjectVersion:   Dev-Sequencer (7B5AE74C-D270-4C10-A958-57980B212A5A): 9
LogDevObjectVersion:   Dev-VR (D7296918-1DD6-4BDD-9DE2-64A83CC13884): 2
LogDevObjectVersion:   Dev-LoadTimes (C2A15278-BFE7-4AFE-6C17-90FF531DF755): 1
LogDevObjectVersion:   Private-Geometry (6EACA3D4-40EC-4CC1-B786-8BED09428FC5): 3
LogDevObjectVersion:   Dev-AnimPhys (29E575DD-E0A3-4627-9D10-D276232CDCEA): 17
LogDevObjectVersion:   Dev-ReflectionCapture (6B266CEC-1EC7-4B8F-A30B-E4D90942FC07): 1
LogDevObjectVersion:   Dev-Automation (0DF73D61-A23F-47EA-B727-89E90C41499A): 1
LogDevObjectVersion:   FortniteMain (601D1886-AC64-4F84-AA16-D3DE0DEAC7D6): 12
LogDevObjectVersion:   Dev-Enterprise (9DFFBCD6-494F-0158-E221-12823C92A888): 1
LogStreaming: Display: Took  0.003s to delete old logs.
LogInit: Presizing for max 8388607 objects, including 0 objects not considered by GC, pre-allocating 0 bytes for permanent pool.
LogInit: Object subsystem initialized
[2018.11.28-04.35.06:369][  0]LogInit: Selected Device Profile: [Windows]
[2018.11.28-04.35.06:369][  0]LogInit: Applying CVar settings loaded from the selected device profile: [Windows]
[2018.11.28-04.35.06:413][  0]LogHAL: Display: Platform has ~ 8 GB [8449830912 / 8589934592 / 8], which maps to Default [LargestMinGB=32, LargerMinGB=12, DefaultMinGB=8, SmallerMinGB=6, SmallestMinGB=0)
[2018.11.28-04.35.06:413][  0]LogInit: Setting Device Profile CVar: [[r.Vulkan.UseRealUBs:1]]
[2018.11.28-04.35.06:414][  0]LogInit: Going up to parent DeviceProfile []
[2018.11.28-04.35.06:414][  0]LogInit: Computer: DESKTOP-8CN6RMF
[2018.11.28-04.35.06:414][  0]LogInit: User: cho1h
[2018.11.28-04.35.06:414][  0]LogInit: CPU Page size=4096, Cores=4
[2018.11.28-04.35.06:414][  0]LogInit: High frequency timer resolution =1.945314 MHz
[2018.11.28-04.35.06:415][  0]LogMemory: Memory total: Physical=7.9GB (8GB approx)
[2018.11.28-04.35.06:415][  0]LogMemory: Platform Memory Stats for Windows
[2018.11.28-04.35.06:415][  0]LogMemory: Process Physical Memory: 100.14 MB used, 100.14 MB peak
[2018.11.28-04.35.06:415][  0]LogMemory: Process Virtual Memory: 90.96 MB used, 90.96 MB peak
[2018.11.28-04.35.06:415][  0]LogMemory: Physical Memory: 4198.84 MB used,  3859.55 MB free, 8058.39 MB total
[2018.11.28-04.35.06:415][  0]LogMemory: Virtual Memory: 4643.90 MB used,  3859.55 MB free, 134217728.00 MB total
[2018.11.28-04.35.06:447][  0]LogInit: Using OS detected language (ko-KR).
[2018.11.28-04.35.06:447][  0]LogInit: Using OS detected locale (ko-KR).
[2018.11.28-04.35.06:448][  0]LogTextLocalizationManager: No specific localization for 'ko-KR' exists, so the 'ko' localization will be used.
[2018.11.28-04.35.07:126][  0]LogStreaming: Display: Took  0.679s to InitEngineTextLocalization.
[2018.11.28-04.35.07:126][  0]LogInit: Setting process to per monitor DPI aware
[2018.11.28-04.35.07:175][  0]LogSlate: New Slate User Created.  User Index 0, Is Virtual User: 0
[2018.11.28-04.35.07:175][  0]LogSlate: Slate User Registered.  User Index 0, Is Virtual User: 0
[2018.11.28-04.35.07:584][  0]LogHMD: Failed to initialize OpenVR with code 110
[2018.11.28-04.35.07:584][  0]LogD3D11RHI: D3D11 adapters:
[2018.11.28-04.35.07:647][  0]LogD3D11RHI:    0. 'Intel(R) UHD Graphics 620' (Feature Level 11_0)
[2018.11.28-04.35.07:647][  0]LogD3D11RHI:       128/0/4029 MB DedicatedVideo/DedicatedSystem/SharedSystem, Outputs:1, VendorId:0x8086
[2018.11.28-04.35.07:653][  0]LogD3D11RHI:    1. 'Microsoft Basic Render Driver' (Feature Level 11_0)
[2018.11.28-04.35.07:653][  0]LogD3D11RHI:       0/0/4029 MB DedicatedVideo/DedicatedSystem/SharedSystem, Outputs:0, VendorId:0x1414
[2018.11.28-04.35.07:653][  0]LogD3D11RHI: Chosen D3D11 Adapter: 0
[2018.11.28-04.35.07:663][  0]LogD3D11RHI: Creating new Direct3DDevice
[2018.11.28-04.35.07:664][  0]LogD3D11RHI:     GPU DeviceId: 0x5917 (for the marketing name, search the web for "GPU Device Id")
[2018.11.28-04.35.07:664][  0]LogWindows: EnumDisplayDevices:
[2018.11.28-04.35.07:664][  0]LogWindows:    0. 'Intel(R) UHD Graphics 620' (P:1 D:1)
[2018.11.28-04.35.07:665][  0]LogWindows:    1. 'Intel(R) UHD Graphics 620' (P:0 D:0)
[2018.11.28-04.35.07:665][  0]LogWindows:    2. 'Intel(R) UHD Graphics 620' (P:0 D:0)
[2018.11.28-04.35.07:666][  0]LogWindows: DebugString: FoundDriverCount:3 
[2018.11.28-04.35.07:666][  0]LogD3D11RHI:     Adapter Name: Intel(R) UHD Graphics 620
[2018.11.28-04.35.07:666][  0]LogD3D11RHI:   Driver Version: 23.20.16.4973 (internal:23.20.16.4973, unified:23.20.16.4973)
[2018.11.28-04.35.07:666][  0]LogD3D11RHI:      Driver Date: 2-28-2018
[2018.11.28-04.35.07:666][  0]LogRHI: Texture pool is 1499 MB (70% of 2142 MB)
[2018.11.28-04.35.07:718][  0]LogD3D11RHI: Async texture creation enabled
[2018.11.28-04.35.07:729][  0]LogD3D11RHI: GPU Timing Frequency: 12.000048 (Debug: 2 0)
[2018.11.28-04.35.07:731][  0]LogShaderCompilers: Guid format shader working directory is -6 characters bigger than the processId version (C:/Users/cho1h/Documents/UE4STAG/FujiwaraBattleField/Intermediate/Shaders/WorkingDirectory/5640/).
[2018.11.28-04.35.07:732][  0]LogShaderCompilers: Cleaned the shader compiler working directory 'C:/Users/cho1h/AppData/Local/Temp/UnrealShaderWorkingDir/E38DE088440D9B42B2C54AB1D95B930E/'.
[2018.11.28-04.35.08:301][  0]LogTemp: Display: Loaded TP AllDesktopTargetPlatform
[2018.11.28-04.35.08:329][  0]LogTemp: Display: Loaded TP MacClientTargetPlatform
[2018.11.28-04.35.08:363][  0]LogTemp: Display: Loaded TP MacNoEditorTargetPlatform
[2018.11.28-04.35.08:387][  0]LogTemp: Display: Loaded TP MacServerTargetPlatform
[2018.11.28-04.35.08:410][  0]LogTemp: Display: Loaded TP MacTargetPlatform
[2018.11.28-04.35.08:433][  0]LogTemp: Display: Loaded TP WindowsClientTargetPlatform
[2018.11.28-04.35.08:455][  0]LogTemp: Display: Loaded TP WindowsNoEditorTargetPlatform
[2018.11.28-04.35.08:490][  0]LogTemp: Display: Loaded TP WindowsServerTargetPlatform
[2018.11.28-04.35.08:500][  0]LogTemp: Display: Loaded TP WindowsTargetPlatform
[2018.11.28-04.35.08:670][  0]LogTemp: Display: Loaded TP AndroidTargetPlatform
[2018.11.28-04.35.08:670][  0]LogTemp: Display: Loaded TP AndroidTargetPlatform
[2018.11.28-04.35.08:670][  0]LogTemp: Display: Loaded TP AndroidTargetPlatform
[2018.11.28-04.35.08:670][  0]LogTemp: Display: Loaded TP AndroidTargetPlatform
[2018.11.28-04.35.08:670][  0]LogTemp: Display: Loaded TP AndroidTargetPlatform
[2018.11.28-04.35.08:670][  0]LogTemp: Display: Loaded TP AndroidTargetPlatform
[2018.11.28-04.35.08:670][  0]LogTemp: Display: Loaded TP AndroidTargetPlatform
[2018.11.28-04.35.08:671][  0]LogTemp: Display: Loaded TP AndroidTargetPlatform
[2018.11.28-04.35.08:671][  0]LogTemp: Display: Loaded TP AndroidTargetPlatform
[2018.11.28-04.35.08:671][  0]LogTemp: Display: Loaded TP AndroidTargetPlatform
[2018.11.28-04.35.08:671][  0]LogTemp: Display: Loaded TP AndroidTargetPlatform
[2018.11.28-04.35.08:671][  0]LogTemp: Display: Loaded TP AndroidTargetPlatform
[2018.11.28-04.35.08:671][  0]LogTemp: Display: Loaded TP AndroidTargetPlatform
[2018.11.28-04.35.08:671][  0]LogTemp: Display: Loaded TP AndroidTargetPlatform
[2018.11.28-04.35.08:671][  0]LogTemp: Display: Loaded TP AndroidTargetPlatform
[2018.11.28-04.35.08:671][  0]LogTemp: Display: Loaded TP AndroidTargetPlatform
[2018.11.28-04.35.08:671][  0]LogTemp: Display: Loaded TP AndroidTargetPlatform
[2018.11.28-04.35.08:671][  0]LogTemp: Display: Loaded TP AndroidTargetPlatform
[2018.11.28-04.35.08:673][  0]LogTemp: Display: Loaded TP HTML5TargetPlatform
[2018.11.28-04.35.08:761][  0]LogTemp: Display: Loaded TP IOSTargetPlatform
[2018.11.28-04.35.08:761][  0]LogTemp: Display: Loaded TP IOSTargetPlatform
[2018.11.28-04.35.08:815][  0]LogTemp: Display: Loaded TP TVOSTargetPlatform
[2018.11.28-04.35.08:815][  0]LogTemp: Display: Loaded TP TVOSTargetPlatform
[2018.11.28-04.35.08:840][  0]LogTemp: Display: Loaded TP LinuxClientTargetPlatform
[2018.11.28-04.35.08:878][  0]LogTemp: Display: Loaded TP LinuxNoEditorTargetPlatform
[2018.11.28-04.35.08:901][  0]LogTemp: Display: Loaded TP LinuxServerTargetPlatform
[2018.11.28-04.35.08:923][  0]LogTemp: Display: Loaded TP LinuxTargetPlatform
[2018.11.28-04.35.08:939][  0]LogTemp: Display: Loaded TP LuminTargetPlatform
[2018.11.28-04.35.08:939][  0]LogTargetPlatformManager: Display: Building Assets For Windows
[2018.11.28-04.35.09:032][  0]LogXGEController: Cannot use XGE Controller as Incredibuild is not installed on this machine.
[2018.11.28-04.35.09:033][  0]LogShaderCompilers: Cannot use XGE Shader Compiler as Incredibuild is not installed on this machine.
[2018.11.28-04.35.09:033][  0]LogShaderCompilers: Display: Using Local Shader Compiler.
[2018.11.28-04.35.10:428][  0]LogDerivedDataCache: Display: Max Cache Size: 512 MB
[2018.11.28-04.35.10:536][  0]LogDerivedDataCache: Loaded boot cache 0.11s 71MB C:/Users/cho1h/AppData/Local/UnrealEngine/4.20/DerivedDataCache/Boot.ddc.
[2018.11.28-04.35.10:537][  0]LogDerivedDataCache: Display: Loaded Boot cache: C:/Users/cho1h/AppData/Local/UnrealEngine/4.20/DerivedDataCache/Boot.ddc
[2018.11.28-04.35.10:537][  0]LogDerivedDataCache: FDerivedDataBackendGraph:  Pak pak cache file C:/Users/cho1h/Documents/UE4STAG/FujiwaraBattleField/DerivedDataCache/DDC.ddp not found, will not use a pak cache.
[2018.11.28-04.35.10:538][  0]LogDerivedDataCache: Unable to find inner node Pak for hierarchical cache Hierarchy.
[2018.11.28-04.35.10:538][  0]LogDerivedDataCache: FDerivedDataBackendGraph:  CompressedPak pak cache file C:/Users/cho1h/Documents/UE4STAG/FujiwaraBattleField/DerivedDataCache/Compressed.ddp not found, will not use a pak cache.
[2018.11.28-04.35.10:538][  0]LogDerivedDataCache: Unable to find inner node CompressedPak for hierarchical cache Hierarchy.
[2018.11.28-04.35.10:562][  0]LogDerivedDataCache: Display: Pak cache opened for reading ../../../Engine/DerivedDataCache/Compressed.ddp.
[2018.11.28-04.35.10:574][  0]LogDerivedDataCache: Using Local data cache path C:/Users/cho1h/AppData/Local/UnrealEngine/Common/DerivedDataCache: Writable
[2018.11.28-04.35.10:574][  0]LogDerivedDataCache: Shared data cache path not found in *engine.ini, will not use an Shared cache.
[2018.11.28-04.35.10:574][  0]LogDerivedDataCache: Unable to find inner node Shared for hierarchical cache Hierarchy.
[2018.11.28-04.35.10:606][  0]LogMaterial: Verifying Global Shaders for PCD3D_SM5
[2018.11.28-04.35.10:608][  0]LogSlate: Using FreeType 2.6.0
[2018.11.28-04.35.10:609][  0]LogSlate: SlateFontServices - WITH_FREETYPE: 1, WITH_HARFBUZZ: 1
[2018.11.28-04.35.10:725][  0]LogAssetRegistry: FAssetRegistry took 0.0305 seconds to start up
[2018.11.28-04.35.11:348][  0]LogInit: Selected Device Profile: [Windows]
[2018.11.28-04.35.11:602][  0]LogSimplygon: Simplygon DLL not present - disabling.
[2018.11.28-04.35.11:608][  0]LogMeshReduction: Using SimplygonSwarm for distributed automatic mesh merging
[2018.11.28-04.35.11:608][  0]LogMeshReduction: Using ProxyLODMeshReduction for automatic mesh merging
[2018.11.28-04.35.11:608][  0]LogMeshReduction: Using QuadricMeshReduction for automatic static mesh reduction
[2018.11.28-04.35.11:608][  0]LogMeshReduction: No automatic skeletal mesh reduction module available
[2018.11.28-04.35.11:632][  0]LogNetVersion: FujiwaraBattleField 1.0.0, NetCL: 4212847, EngineNetVer: 5, GameNetVer: 0 (Checksum: 1838566955)
[2018.11.28-04.35.12:551][  0]LogPackageLocalizationCache: Processed 11 localized package path(s) for 2 prioritized culture(s) in 0.190609 seconds
[2018.11.28-04.35.12:561][  0]LogUObjectArray: 38425 objects as part of root set at end of initial load.
[2018.11.28-04.35.12:561][  0]LogUObjectAllocator: 6690864 out of 0 bytes used by permanent object pool.
[2018.11.28-04.35.12:561][  0]LogUObjectArray: CloseDisregardForGC: 0/0 objects in disregard for GC pool
[2018.11.28-04.35.14:083][  0]LogTcpMessaging: Initializing TcpMessaging bridge
[2018.11.28-04.35.14:097][  0]LogUdpMessaging: Initializing bridge on interface 0.0.0.0:0 to multicast group 230.0.0.1:6666.
[2018.11.28-04.35.14:318][  0]SourceControl: 소스 컨트롤이 꺼졌습니다.
[2018.11.28-04.35.14:318][  0]SourceControl: 소스 컨트롤이 꺼졌습니다.
[2018.11.28-04.35.14:321][  0]SourceControl: 소스 컨트롤이 꺼졌습니다.
[2018.11.28-04.35.14:322][  0]SourceControl: 소스 컨트롤이 꺼졌습니다.
[2018.11.28-04.35.14:534][  0]LogAndroidPermission: UAndroidPermissionCallbackProxy::GetInstance
[2018.11.28-04.35.14:623][  0]LogOcInput: OculusInput pre-init called
[2018.11.28-04.35.14:721][  0]LogEngine: Initializing Engine...
[2018.11.28-04.35.14:722][  0]LogHMD: Failed to initialize OpenVR with code 110
[2018.11.28-04.35.14:725][  0]LogStats: UGameplayTagsManager::ConstructGameplayTagTree: ImportINI prefixes -  0.000 s
[2018.11.28-04.35.14:725][  0]LogStats: UGameplayTagsManager::ConstructGameplayTagTree: Construct from data asset -  0.000 s
[2018.11.28-04.35.14:725][  0]LogStats: UGameplayTagsManager::ConstructGameplayTagTree: ImportINI -  0.000 s
[2018.11.28-04.35.14:725][  0]LogStats: UGameplayTagsManager::ConstructGameplayTagTree: GameplayTagTreeChangedEvent.Broadcast -  0.000 s
[2018.11.28-04.35.15:079][  0]LogInit: Initializing FReadOnlyCVARCache
[2018.11.28-04.35.15:099][  0]LogAIModule: Creating AISystem for world Untitled
[2018.11.28-04.35.15:114][  0]LogInit: XAudio2 using '스피커(Realtek High Definition Audio)' : 2 channels at 48 kHz using 32 bits per sample (channel mask 0x3)
[2018.11.28-04.35.15:189][  0]LogInit: FAudioDevice initialized.
[2018.11.28-04.35.15:189][  0]LogNetVersion: Set ProjectVersion to 1.0.0.0. Version Checksum will be recalculated on next use.
[2018.11.28-04.35.15:286][  0]LogDerivedDataCache: Saved boot cache 0.10s 71MB C:/Users/cho1h/AppData/Local/UnrealEngine/4.20/DerivedDataCache/Boot.ddc.
[2018.11.28-04.35.15:316][  0]LogInit: Texture streaming: Enabled
[2018.11.28-04.35.15:337][  0]LogEngineSessionManager: EngineSessionManager initialized
[2018.11.28-04.35.15:355][  0]LogInit: Transaction tracking system initialized
[2018.11.28-04.35.15:392][  0]BlueprintLog: New page: 에디터 로드
[2018.11.28-04.35.15:496][  0]LocalizationService: 현지화 서비스가 비활성화되었습니다.
[2018.11.28-04.35.15:567][  0]LogLinker: Warning: '/Game/TopDownBP/TopDownOverview' 파일을 찾을 수 없습니다.
[2018.11.28-04.35.15:567][  0]LogLinker: Warning: '/Game/TopDownBP/TopDownOverview' 파일을 찾을 수 없습니다.
[2018.11.28-04.35.15:567][  0]LogUObjectGlobals: Warning: 'Class /Game/TopDownBP/TopDownOverview.TopDownOverview_C' 오브젝트를 찾는 데 실패했습니다.
[2018.11.28-04.35.16:501][  0]LogCook: Display: Max memory allowance for cook 16384mb min free memory 0mb
[2018.11.28-04.35.16:501][  0]LogCook: Display: Mobile HDR setting 1
[2018.11.28-04.35.16:501][  0]LogGameplayTags: Display: UGameplayTagsManager::DoneAddingNativeTags. DelegateIsBound: 0
[2018.11.28-04.35.16:501][  0]LogStats: UGameplayTagsManager::ConstructGameplayTagTree: ImportINI prefixes -  0.000 s
[2018.11.28-04.35.16:501][  0]LogStats: UGameplayTagsManager::ConstructGameplayTagTree: Construct from data asset -  0.000 s
[2018.11.28-04.35.16:502][  0]LogStats: UGameplayTagsManager::ConstructGameplayTagTree: ImportINI -  0.000 s
[2018.11.28-04.35.16:502][  0]LogStats: UGameplayTagsManager::ConstructGameplayTagTree: GameplayTagTreeChangedEvent.Broadcast -  0.000 s
[2018.11.28-04.35.16:678][  0]LogFileCache: Scanning file cache for directory 'C:/Users/cho1h/Documents/UE4STAG/FujiwaraBattleField/Content/' took 0.04s
[2018.11.28-04.35.16:678][  0]SourceControl: 소스 컨트롤이 꺼졌습니다.
[2018.11.28-04.35.16:679][  0]Cmd: MAP LOAD FILE="C:/Users/cho1h/Documents/UE4STAG/FujiwaraBattleField/Content/Maps/Maps_LostBambooForest.umap" TEMPLATE=0 SHOWPROGRESS=1 FEATURELEVEL=3
[2018.11.28-04.35.16:679][  0]LightingResults: New page: 라이팅 빌드
[2018.11.28-04.35.16:683][  0]MapCheck: New page: 맵 체크
[2018.11.28-04.35.16:683][  0]LightingResults: New page: 라이팅 빌드
[2018.11.28-04.35.18:416][  0]LogBlueprint: Warning: [Compiler BP_FBFPlayableCharacter_2] Input Axis Event 가  MoveForward 입력 축  에 대해 알려지지 않은 'MoveForward' 축을 레퍼런싱합니다.
[2018.11.28-04.35.18:416][  0]LogBlueprint: Warning: [Compiler BP_FBFPlayableCharacter_2] Input Axis Event 가  LookUp 입력 축  에 대해 알려지지 않은 'LookUp' 축을 레퍼런싱합니다.
[2018.11.28-04.35.18:417][  0]LogBlueprint: Warning: [Compiler BP_FBFPlayableCharacter_2] Input Axis Event 가  Turn 입력 축  에 대해 알려지지 않은 'Turn' 축을 레퍼런싱합니다.
[2018.11.28-04.35.18:417][  0]LogBlueprint: Warning: [Compiler BP_FBFPlayableCharacter_2] Input Axis Event 가  MoveRight 입력 축  에 대해 알려지지 않은 'MoveRight' 축을 레퍼런싱합니다.
[2018.11.28-04.35.18:417][  0]LogBlueprint: Warning: [Compiler BP_FBFPlayableCharacter_2] InputAction Event 가  Jump 입력 액션  에 대해 알려지지 않은 'Jump' 액션을 레퍼런싱합니다.
[2018.11.28-04.35.18:547][  0]LogBlueprint: Warning: [Compiler BP_FBFPlayableCharacter_2] [0014.22] BP_FBFPlayableCharacter_2 컴파일에 성공했습니다만, 경고가 5 회 있습니다. [소요시간 339 ms] (/Game/_Temporary/Character/BP_FBFPlayableCharacter_2.BP_FBFPlayableCharacter_2)
[2018.11.28-04.35.20:450][  0]LogAIModule: Creating AISystem for world Maps_LostBambooForest
[2018.11.28-04.35.25:336][  0]LogEditorServer: Finished looking for orphan Actors (0.000 secs)
[2018.11.28-04.35.25:471][  0]Cmd: MAP CHECKDEP NOCLEARLOG
[2018.11.28-04.35.25:598][  0]MapCheck: 맵 체크 완료: 오류 0 회, 경고 0 회, 소요 시간 127.131ms.
[2018.11.28-04.35.25:598][  0]LogFileHelpers: Loading map 'Maps_LostBambooForest' took 8.920
[2018.11.28-04.35.25:831][  0]LogSlate: Updating window title bar state: overlay mode, drag disabled, window buttons hidden, title bar hidden
[2018.11.28-04.35.25:844][  0]LogSlate: Updating window title bar state: overlay mode, drag disabled, window buttons hidden, title bar hidden
[2018.11.28-04.35.25:856][  0]LogSlate: Updating window title bar state: overlay mode, drag disabled, window buttons hidden, title bar hidden
[2018.11.28-04.35.25:868][  0]LogSlate: Updating window title bar state: overlay mode, drag disabled, window buttons hidden, title bar hidden
[2018.11.28-04.35.25:890][  0]LogCollectionManager: Loaded 0 collections in 0.002267 seconds
[2018.11.28-04.35.25:936][  0]LogFileCache: Scanning file cache for directory 'C:/Users/cho1h/Documents/UE4STAG/FujiwaraBattleField/Saved/Collections/' took 0.01s
[2018.11.28-04.35.25:936][  0]LogFileCache: Scanning file cache for directory 'C:/Users/cho1h/Documents/UE4STAG/FujiwaraBattleField/Content/Developers/cho1h/Collections/' took 0.01s
[2018.11.28-04.35.25:936][  0]LogFileCache: Scanning file cache for directory 'C:/Users/cho1h/Documents/UE4STAG/FujiwaraBattleField/Content/Collections/' took 0.01s
[2018.11.28-04.35.25:936][  0]LogCollectionManager: Rebuilt the GUID cache for 0 collections in 0.000002 seconds
[2018.11.28-04.35.25:954][  0]LogContentBrowser: Native class hierarchy populated in 0.0172 seconds. Added 2573 classes and 605 folders.
[2018.11.28-04.35.25:962][  0]LogContentBrowser: Native class hierarchy updated for 'WidgetCarousel' in 0.0006 seconds. Added 0 classes and 0 folders.
[2018.11.28-04.35.27:692][  0]LogContentBrowser: Native class hierarchy updated for 'AddContentDialog' in 0.0007 seconds. Added 0 classes and 0 folders.
[2018.11.28-04.35.27:766][  0]LogContentBrowser: Native class hierarchy updated for 'SceneOutliner' in 0.0007 seconds. Added 1 classes and 2 folders.
[2018.11.28-04.35.27:801][  0]LogSlate: Took 0.000410 seconds to synchronously load lazily loaded font '../../../Engine/Content/Slate/Fonts/Roboto-Regular.ttf' (155K)
[2018.11.28-04.35.27:810][  0]LogSlate: Took 0.004851 seconds to synchronously load lazily loaded font '../../../Engine/Content/Editor/Slate/Fonts/NanumGothic.ttf' (4243K)
[2018.11.28-04.35.27:817][  0]LogSlate: Took 0.005527 seconds to synchronously load lazily loaded font '../../../Engine/Content/Editor/Slate/Fonts/NanumGothicBold.ttf' (4188K)
[2018.11.28-04.35.27:817][  0]LogSlate: Took 0.000297 seconds to synchronously load lazily loaded font '../../../Engine/Content/Slate/Fonts/Roboto-Bold.ttf' (160K)
[2018.11.28-04.35.27:912][  0]LogSlate: Took 0.088099 seconds to synchronously load lazily loaded font '../../../Engine/Content/Editor/Slate/Fonts/FontAwesome.ttf' (139K)
[2018.11.28-04.35.28:506][  0]LogRenderer: Reallocating scene render targets to support 1208x576 Format 9 NumSamples 1 (Frame:1).
[2018.11.28-04.35.28:718][  0]LogContentBrowser: Native class hierarchy updated for 'HierarchicalLODOutliner' in 0.0007 seconds. Added 0 classes and 0 folders.
[2018.11.28-04.35.28:718][  0]LogLoad: (Engine Initialization) Total time: 24.39 seconds
[2018.11.28-04.35.28:718][  0]LogLoad: (Engine Initialization) Total Blueprint compile time: 0.00 seconds
[2018.11.28-04.35.28:742][  0]LogWindowsTextInputMethodSystem: Display: IME system now activated using TSF (Microsoft 입력기).
[2018.11.28-04.35.28:775][  0]LogContentStreaming: Texture pool size now 400 MB
[2018.11.28-04.35.28:987][  0]LogSlate: Took 0.057485 seconds to synchronously load lazily loaded font '../../../Engine/Content/Slate/Fonts/Roboto-Light.ttf' (167K)
[2018.11.28-04.35.29:497][  2]LogAssetRegistry: Asset discovery search completed in 18.7949 seconds
[2018.11.28-04.35.29:501][  2]LogCollectionManager: Rebuilt the object cache for 0 collections in 0.000001 seconds (found 0 objects)
[2018.11.28-04.35.29:501][  2]LogCollectionManager: Fixed up redirectors for 0 collections in 0.000092 seconds (updated 0 objects)
[2018.11.28-04.35.44:575][422]LogSlate: FSceneViewport::OnFocusLost() reason 0
[2018.11.28-04.35.44:658][427]LogTemp: Repeating last play command: 선택된 뷰포트
[2018.11.28-04.35.44:708][427]LogPlayLevel: PlayLevel: No blueprints needed recompiling
[2018.11.28-04.35.44:724][427]PIE: New page: PIE 세션: Maps_LostBambooForest (2018. 11. 28. 오후 10:35:44)
[2018.11.28-04.35.44:724][427]LogPlayLevel: Creating play world package: /Game/Maps/UEDPIE_0_Maps_LostBambooForest
[2018.11.28-04.35.44:919][427]LogPlayLevel: PIE: StaticDuplicateObject took: (0.195367s)
[2018.11.28-04.35.44:920][427]LogAIModule: Creating AISystem for world Maps_LostBambooForest
[2018.11.28-04.35.44:921][427]LogPlayLevel: PIE: World Init took: (0.001325s)
[2018.11.28-04.35.44:921][427]LogPlayLevel: PIE: Created PIE world by copying editor world from /Game/Maps/Maps_LostBambooForest.Maps_LostBambooForest to /Game/Maps/UEDPIE_0_Maps_LostBambooForest.Maps_LostBambooForest (0.196955s)
[2018.11.28-04.35.44:967][427]LogInit: XAudio2 using '스피커(Realtek High Definition Audio)' : 2 channels at 48 kHz using 32 bits per sample (channel mask 0x3)
[2018.11.28-04.35.44:993][427]LogInit: FAudioDevice initialized.
[2018.11.28-04.35.45:043][427]LogUObjectGlobals: Warning: 'Class /Script/FujiwaraBattleField.FujiwaraBattleFieldGameMode' 오브젝트를 찾는 데 실패했습니다.
[2018.11.28-04.35.45:043][427]LogLoad: Game class is 'GameModeBase'
[2018.11.28-04.35.45:063][427]LogWorld: Bringing World /Game/Maps/UEDPIE_0_Maps_LostBambooForest.Maps_LostBambooForest up for play (max tick rate 60) at 2018.11.28-13.35.45
[2018.11.28-04.35.45:065][427]LogWorld: Bringing up level for play took: 0.019159
[2018.11.28-04.35.45:085][427]LogContentBrowser: Native class hierarchy updated for 'MovieSceneCapture' in 0.0008 seconds. Added 10 classes and 0 folders.
[2018.11.28-04.35.45:088][427]PIE: /Game/Maps/UEDPIE_0_Maps_LostBambooForest 에 대한 에디터에서 플레이 시작 시간: 1.061
[2018.11.28-04.35.45:091][427]LogBlueprintUserMessages: [BP_FBFEnemyCharacter_8] UseSkill3
[2018.11.28-04.36.05:075][428]LogScript: Warning: 런어웨이 루프가 (1,000,000 회에 걸쳐) 감지되었습니다. 로그에서 스택 추적 내역을 확인하세요.
	Task_MoveToRandomLocation_C /Game/Maps/UEDPIE_0_Maps_LostBambooForest.Maps_LostBambooForest:PersistentLevel.BP_BossContoller_C_0.BTComponent.MoveToRandomLocation_C_0
	Function /Game/AI/Task_MoveToRandomLocation.Task_MoveToRandomLocation_C:ExecuteUbergraph_Task_MoveToRandomLocation:005C
[2018.11.28-04.36.05:075][428]PIE: Error: 무한 루프가 감지되었습니다. 블루프린트:  Task_MoveToRandomLocation 함수:  출력 콜 스택:  표시
[2018.11.28-04.36.05:077][428]LogSlate: Updating window title bar state: overlay mode, drag disabled, window buttons hidden, title bar hidden
[2018.11.28-04.36.05:121][428]LogPlayLevel: Display: Shutting down PIE online subsystems
[2018.11.28-04.36.05:168][428]LogSlate: Updating window title bar state: overlay mode, drag disabled, window buttons hidden, title bar hidden
[2018.11.28-04.36.05:233][429]LogEditorViewport: Clicking on Actor (context menu): Landscape (Landscape1)
[2018.11.28-04.36.05:737][429]LogSlate: FSceneViewport::OnFocusLost() reason 2
[2018.11.28-04.36.05:748][429]LogPlayLevel: Display: Destroying online subsystem :Context_4
[2018.11.28-04.36.09:260][491]LogEditorViewport: Clicking on Actor (LMB): Landscape (Landscape1)
[2018.11.28-04.36.12:759][603]LogSlate: FSceneViewport::OnFocusLost() reason 0
[2018.11.28-04.36.18:888][784]LogSlate: FSceneViewport::OnFocusLost() reason 0
[2018.11.28-04.36.37:674][398]LogSlate: FSceneViewport::OnFocusLost() reason 0
[2018.11.28-04.36.45:588][611]LogSlate: FSceneViewport::OnFocusLost() reason 0
[2018.11.28-04.36.45:698][615]LogTemp: Repeating last play command: 선택된 뷰포트
[2018.11.28-04.36.45:740][615]LogPlayLevel: PlayLevel: No blueprints needed recompiling
[2018.11.28-04.36.45:740][615]PIE: New page: PIE 세션: Maps_LostBambooForest (2018. 11. 28. 오후 10:36:45)
[2018.11.28-04.36.45:740][615]LogPlayLevel: Creating play world package: /Game/Maps/UEDPIE_0_Maps_LostBambooForest
[2018.11.28-04.36.45:801][615]LogPlayLevel: PIE: StaticDuplicateObject took: (0.060769s)
[2018.11.28-04.36.45:802][615]LogAIModule: Creating AISystem for world Maps_LostBambooForest
[2018.11.28-04.36.45:802][615]LogPlayLevel: PIE: World Init took: (0.001092s)
[2018.11.28-04.36.45:803][615]LogPlayLevel: PIE: Created PIE world by copying editor world from /Game/Maps/Maps_LostBambooForest.Maps_LostBambooForest to /Game/Maps/UEDPIE_0_Maps_LostBambooForest.Maps_LostBambooForest (0.062062s)
[2018.11.28-04.36.45:873][615]LogInit: XAudio2 using '스피커(Realtek High Definition Audio)' : 2 channels at 48 kHz using 32 bits per sample (channel mask 0x3)
[2018.11.28-04.36.45:896][615]LogInit: FAudioDevice initialized.
[2018.11.28-04.36.45:933][615]LogLoad: Game class is 'GameModeBase'
[2018.11.28-04.36.45:948][615]LogWorld: Bringing World /Game/Maps/UEDPIE_0_Maps_LostBambooForest.Maps_LostBambooForest up for play (max tick rate 60) at 2018.11.28-13.36.45
[2018.11.28-04.36.45:950][615]LogWorld: Bringing up level for play took: 0.014929
[2018.11.28-04.36.45:977][615]PIE: /Game/Maps/UEDPIE_0_Maps_LostBambooForest 에 대한 에디터에서 플레이 시작 시간: -0.05
[2018.11.28-04.36.45:978][615]LogBlueprintUserMessages: [BP_FBFEnemyCharacter_8] UseSkill5
[2018.11.28-04.36.48:056][727]LogBlueprintUserMessages: [BP_FBFEnemyCharacter_8] UseSkill1
[2018.11.28-04.36.50:323][863]LogBlueprintUserMessages: [BP_FBFEnemyCharacter_8] UseSkill2
[2018.11.28-04.36.50:606][880]LogSlate: Updating window title bar state: overlay mode, drag disabled, window buttons hidden, title bar hidden
[2018.11.28-04.36.50:647][880]LogPlayLevel: Display: Shutting down PIE online subsystems
[2018.11.28-04.36.50:695][880]LogSlate: Updating window title bar state: overlay mode, drag disabled, window buttons hidden, title bar hidden
[2018.11.28-04.36.50:717][881]LogPlayLevel: Display: Destroying online subsystem :Context_8
[2018.11.28-04.36.55:732][ 49]LogSlate: Took 0.000383 seconds to synchronously load lazily loaded font '../../../Engine/Content/Slate/Fonts/Roboto-Light.ttf' (167K)
[2018.11.28-04.36.55:753][ 49]LogAssetEditorManager: Opening Asset editor for BehaviorTree /Game/AI/BT_BossBehavierTree.BT_BossBehavierTree
[2018.11.28-04.36.56:244][ 49]LogSlate: Took 0.016672 seconds to synchronously load lazily loaded font '../../../Engine/Content/Slate/Fonts/Roboto-BoldCondensed.ttf' (158K)
[2018.11.28-04.37.02:133][400]LogAssetEditorManager: Opening Asset editor for Blueprint /Game/AI/Task_MoveToRandomLocation.Task_MoveToRandomLocation
[2018.11.28-04.37.03:543][400]LogContentBrowser: Native class hierarchy updated for 'BlueprintGraph' in 0.0012 seconds. Added 116 classes and 0 folders.
[2018.11.28-04.37.05:628][401]LogSlate: Took 0.045975 seconds to synchronously load lazily loaded font '../../../Engine/Content/Slate/Fonts/Roboto-Italic.ttf' (157K)
[2018.11.28-04.37.36:870][230]BlueprintLog: New page: Task_MoveToRandomLocation 컴파일
[2018.11.28-04.37.38:901][309]LogSlate: Window 'Task_MoveToRandomLocation*' being destroyed
[2018.11.28-04.37.40:535][382]LogTemp: Repeating last play command: 선택된 뷰포트
[2018.11.28-04.37.40:583][382]LogPlayLevel: PlayLevel: No blueprints needed recompiling
[2018.11.28-04.37.40:583][382]PIE: New page: PIE 세션: Maps_LostBambooForest (2018. 11. 28. 오후 10:37:40)
[2018.11.28-04.37.40:583][382]LogPlayLevel: Creating play world package: /Game/Maps/UEDPIE_0_Maps_LostBambooForest
[2018.11.28-04.37.40:642][382]LogPlayLevel: PIE: StaticDuplicateObject took: (0.058893s)
[2018.11.28-04.37.40:643][382]LogAIModule: Creating AISystem for world Maps_LostBambooForest
[2018.11.28-04.37.40:643][382]LogPlayLevel: PIE: World Init took: (0.001056s)
[2018.11.28-04.37.40:643][382]LogPlayLevel: PIE: Created PIE world by copying editor world from /Game/Maps/Maps_LostBambooForest.Maps_LostBambooForest to /Game/Maps/UEDPIE_0_Maps_LostBambooForest.Maps_LostBambooForest (0.060143s)
[2018.11.28-04.37.40:700][382]LogInit: XAudio2 using '스피커(Realtek High Definition Audio)' : 2 channels at 48 kHz using 32 bits per sample (channel mask 0x3)
[2018.11.28-04.37.40:724][382]LogInit: FAudioDevice initialized.
[2018.11.28-04.37.40:760][382]LogLoad: Game class is 'GameModeBase'
[2018.11.28-04.37.40:775][382]LogWorld: Bringing World /Game/Maps/UEDPIE_0_Maps_LostBambooForest.Maps_LostBambooForest up for play (max tick rate 60) at 2018.11.28-13.37.40
[2018.11.28-04.37.40:777][382]LogWorld: Bringing up level for play took: 0.014586
[2018.11.28-04.37.40:802][382]PIE: /Game/Maps/UEDPIE_0_Maps_LostBambooForest 에 대한 에디터에서 플레이 시작 시간: 0.775
[2018.11.28-04.37.40:803][382]LogBlueprintUserMessages: [BP_FBFEnemyCharacter_8] UseSkill1
[2018.11.28-04.37.43:464][529]LogBlueprintUserMessages: [BP_FBFEnemyCharacter_8] UseSkill4
[2018.11.28-04.37.46:131][689]LogBlueprintUserMessages: [BP_FBFEnemyCharacter_8] UseSkill4
[2018.11.28-04.37.48:730][845]LogBlueprintUserMessages: [BP_FBFEnemyCharacter_8] UseSkill5
[2018.11.28-04.38.10:205][846]LogScript: Warning: 런어웨이 루프가 (1,000,000 회에 걸쳐) 감지되었습니다. 로그에서 스택 추적 내역을 확인하세요.
	Task_MoveToRandomLocation_C /Game/Maps/UEDPIE_0_Maps_LostBambooForest.Maps_LostBambooForest:PersistentLevel.BP_BossContoller_C_0.BTComponent.MoveToRandomLocation_C_0
	Function /Game/AI/Task_MoveToRandomLocation.Task_MoveToRandomLocation_C:ExecuteUbergraph_Task_MoveToRandomLocation:005C
[2018.11.28-04.38.10:206][846]PIE: Error: 무한 루프가 감지되었습니다. 블루프린트:  Task_MoveToRandomLocation 함수:  출력 콜 스택:  표시
[2018.11.28-04.38.10:213][846]LogSlate: Updating window title bar state: overlay mode, drag disabled, window buttons hidden, title bar hidden
[2018.11.28-04.38.10:250][846]LogPlayLevel: Display: Shutting down PIE online subsystems
[2018.11.28-04.38.10:304][846]LogSlate: Updating window title bar state: overlay mode, drag disabled, window buttons hidden, title bar hidden
[2018.11.28-04.38.10:384][847]LogPlayLevel: Display: Destroying online subsystem :Context_10
[2018.11.28-04.38.12:342][912]LogSlate: FSceneViewport::OnFocusLost() reason 0
[2018.11.28-04.38.23:621][454]LogAssetEditorManager: Opening Asset editor for Blueprint /Game/_Temporary/Character/BP_FBFEnemyCharacter.BP_FBFEnemyCharacter
[2018.11.28-04.38.44:519][235]LogSlate: FSceneViewport::OnFocusLost() reason 0
[2018.11.28-04.39.50:240][103]LogSlate: FSceneViewport::OnFocusLost() reason 0
[2018.11.28-04.39.50:302][105]LogTemp: Repeating last play command: 선택된 뷰포트
[2018.11.28-04.39.50:386][105]LogPlayLevel: PlayLevel: No blueprints needed recompiling
[2018.11.28-04.39.50:386][105]PIE: New page: PIE 세션: Maps_LostBambooForest (2018. 11. 28. 오후 10:39:50)
[2018.11.28-04.39.50:386][105]LogPlayLevel: Creating play world package: /Game/Maps/UEDPIE_0_Maps_LostBambooForest
[2018.11.28-04.39.50:446][105]LogPlayLevel: PIE: StaticDuplicateObject took: (0.059938s)
[2018.11.28-04.39.50:447][105]LogAIModule: Creating AISystem for world Maps_LostBambooForest
[2018.11.28-04.39.50:448][105]LogPlayLevel: PIE: World Init took: (0.001236s)
[2018.11.28-04.39.50:448][105]LogPlayLevel: PIE: Created PIE world by copying editor world from /Game/Maps/Maps_LostBambooForest.Maps_LostBambooForest to /Game/Maps/UEDPIE_0_Maps_LostBambooForest.Maps_LostBambooForest (0.061374s)
[2018.11.28-04.39.50:502][105]LogInit: XAudio2 using '스피커(Realtek High Definition Audio)' : 2 channels at 48 kHz using 32 bits per sample (channel mask 0x3)
[2018.11.28-04.39.50:525][105]LogInit: FAudioDevice initialized.
[2018.11.28-04.39.50:557][105]LogLoad: Game class is 'GameModeBase'
[2018.11.28-04.39.50:577][105]LogWorld: Bringing World /Game/Maps/UEDPIE_0_Maps_LostBambooForest.Maps_LostBambooForest up for play (max tick rate 60) at 2018.11.28-13.39.50
[2018.11.28-04.39.50:579][105]LogWorld: Bringing up level for play took: 0.021270
[2018.11.28-04.39.50:606][105]PIE: /Game/Maps/UEDPIE_0_Maps_LostBambooForest 에 대한 에디터에서 플레이 시작 시간: 0.579
[2018.11.28-04.39.50:607][105]LogBlueprintUserMessages: [BP_FBFEnemyCharacter_8] UseSkill2
[2018.11.28-04.39.52:927][230]LogBlueprintUserMessages: [BP_FBFEnemyCharacter_8] UseSkill2
[2018.11.28-04.39.55:611][391]LogBlueprintUserMessages: [BP_FBFEnemyCharacter_8] UseSkill1
[2018.11.28-04.39.58:193][546]LogBlueprintUserMessages: [BP_FBFEnemyCharacter_8] UseSkill5
[2018.11.28-04.40.18:995][547]LogScript: Warning: 런어웨이 루프가 (1,000,000 회에 걸쳐) 감지되었습니다. 로그에서 스택 추적 내역을 확인하세요.
	Task_MoveToRandomLocation_C /Game/Maps/UEDPIE_0_Maps_LostBambooForest.Maps_LostBambooForest:PersistentLevel.BP_BossContoller_C_0.BTComponent.MoveToRandomLocation_C_0
	Function /Game/AI/Task_MoveToRandomLocation.Task_MoveToRandomLocation_C:ExecuteUbergraph_Task_MoveToRandomLocation:005C
[2018.11.28-04.40.18:995][547]PIE: Error: 무한 루프가 감지되었습니다. 블루프린트:  Task_MoveToRandomLocation 함수:  출력 콜 스택:  표시
[2018.11.28-04.40.18:999][547]LogSlate: Updating window title bar state: overlay mode, drag disabled, window buttons hidden, title bar hidden
[2018.11.28-04.40.19:035][547]LogPlayLevel: Display: Shutting down PIE online subsystems
[2018.11.28-04.40.19:068][547]LogSlate: Updating window title bar state: overlay mode, drag disabled, window buttons hidden, title bar hidden
[2018.11.28-04.40.19:107][548]LogEditorViewport: Clicking on Actor (context menu): StaticMeshActor (Cylinder)
[2018.11.28-04.40.19:603][548]LogSlate: FSceneViewport::OnFocusLost() reason 2
[2018.11.28-04.40.19:629][548]LogPlayLevel: Display: Destroying online subsystem :Context_12
[2018.11.28-04.40.25:555][723]LogSlate: FSceneViewport::OnFocusLost() reason 2
[2018.11.28-04.40.27:691][784]LogSlate: FSceneViewport::OnFocusLost() reason 2
[2018.11.28-04.40.31:078][784]LogSlate: Window '콘텐츠 저장' being destroyed
[2018.11.28-04.40.31:095][784]LogSlate: FSceneViewport::OnFocusLost() reason 2
[2018.11.28-04.40.31:106][784]Cmd: OBJ SAVEPACKAGE PACKAGE="/Game/AI/Task_MoveToRandomLocation" FILE="C:/Users/cho1h/Documents/UE4STAG/FujiwaraBattleField/Content/AI/Task_MoveToRandomLocation.uasset" SILENT=true
[2018.11.28-04.40.31:257][784]LogSavePackage: Moving 'C:/Users/cho1h/Documents/UE4STAG/FujiwaraBattleField/Saved/Task_MoveToRandomLocationB3AA375A4E73CF5A894DA3804F3735ED.tmp' to 'C:/Users/cho1h/Documents/UE4STAG/FujiwaraBattleField/Content/AI/Task_MoveToRandomLocation.uasset'
[2018.11.28-04.40.33:101][784]LogSavePackage: Moving 'C:/Users/cho1h/Documents/UE4STAG/FujiwaraBattleField/Saved/Maps_LostBambooForest8BAD9F12450A183879DB499A5D3CA682.tmp' to 'C:/Users/cho1h/Documents/UE4STAG/FujiwaraBattleField/Content/Maps/Maps_LostBambooForest.umap'
[2018.11.28-04.40.33:175][784]LogFileHelpers: Saving map 'Maps_LostBambooForest' took 1.900
[2018.11.28-04.41.51:475][137]LogEditorViewport: Clicking on Actor (LMB): StaticMeshActor (Cylinder)
[2018.11.28-04.43.25:182][900]LogSlate: FSceneViewport::OnFocusLost() reason 0
[2018.11.28-04.43.25:252][902]LogTemp: Repeating last play command: 독립형 게임
[2018.11.28-04.43.29:484][ 15]LogTemp: Repeating last play command: 독립형 게임
[2018.11.28-04.43.38:149][245]LogSlate: FSceneViewport::OnFocusLost() reason 2
[2018.11.28-04.43.40:587][307]LogPlayLevel: PlayLevel: No blueprints needed recompiling
[2018.11.28-04.43.40:587][307]PIE: New page: PIE 세션: Maps_LostBambooForest (2018. 11. 28. 오후 10:43:40)
[2018.11.28-04.43.40:588][307]LogPlayLevel: Creating play world package: /Game/Maps/UEDPIE_0_Maps_LostBambooForest
[2018.11.28-04.43.40:659][307]LogPlayLevel: PIE: StaticDuplicateObject took: (0.071716s)
[2018.11.28-04.43.40:661][307]LogAIModule: Creating AISystem for world Maps_LostBambooForest
[2018.11.28-04.43.40:661][307]LogPlayLevel: PIE: World Init took: (0.001368s)
[2018.11.28-04.43.40:661][307]LogPlayLevel: PIE: Created PIE world by copying editor world from /Game/Maps/Maps_LostBambooForest.Maps_LostBambooForest to /Game/Maps/UEDPIE_0_Maps_LostBambooForest.Maps_LostBambooForest (0.073348s)
[2018.11.28-04.43.40:722][307]LogInit: XAudio2 using '스피커(Realtek High Definition Audio)' : 2 channels at 48 kHz using 32 bits per sample (channel mask 0x3)
[2018.11.28-04.43.40:746][307]LogInit: FAudioDevice initialized.
[2018.11.28-04.43.40:746][307]LogSlate: FSceneViewport::OnFocusLost() reason 2
[2018.11.28-04.43.40:780][307]LogLoad: Game class is 'GameModeBase'
[2018.11.28-04.43.40:796][307]LogWorld: Bringing World /Game/Maps/UEDPIE_0_Maps_LostBambooForest.Maps_LostBambooForest up for play (max tick rate 60) at 2018.11.28-13.43.40
[2018.11.28-04.43.40:797][307]LogWorld: Bringing up level for play took: 0.015611
[2018.11.28-04.43.40:827][307]PIE: /Game/Maps/UEDPIE_0_Maps_LostBambooForest 에 대한 에디터에서 플레이 시작 시간: 0.8
[2018.11.28-04.43.40:828][307]LogBlueprintUserMessages: [BP_FBFEnemyCharacter_8] UseSkill4
[2018.11.28-04.43.43:685][463]LogBlueprintUserMessages: [BP_FBFEnemyCharacter_8] UseSkill2
[2018.11.28-04.43.45:743][586]LogBlueprintUserMessages: [BP_FBFEnemyCharacter_8] UseSkill1
[2018.11.28-04.43.48:512][751]LogBlueprintUserMessages: [BP_FBFEnemyCharacter_8] UseSkill2
[2018.11.28-04.43.51:224][913]LogBlueprintUserMessages: [BP_FBFEnemyCharacter_8] UseSkill1
[2018.11.28-04.43.53:791][ 67]LogBlueprintUserMessages: [BP_FBFEnemyCharacter_8] UseSkill1
[2018.11.28-04.43.55:925][195]LogBlueprintUserMessages: [BP_FBFEnemyCharacter_8] UseSkill4
[2018.11.28-04.43.57:925][315]LogBlueprintUserMessages: [BP_FBFEnemyCharacter_8] UseSkill2
[2018.11.28-04.44.00:537][471]LogBlueprintUserMessages: [BP_FBFEnemyCharacter_8] UseSkill5
[2018.11.28-04.44.01:563][532]LogSlate: Updating window title bar state: overlay mode, drag disabled, window buttons hidden, title bar hidden
[2018.11.28-04.44.01:615][532]LogPlayLevel: Display: Shutting down PIE online subsystems
[2018.11.28-04.44.01:670][532]LogSlate: Updating window title bar state: overlay mode, drag disabled, window buttons hidden, title bar hidden
[2018.11.28-04.44.01:701][533]LogPlayLevel: Display: Destroying online subsystem :Context_13
[2018.11.28-05.03.15:555][624]LogEditorViewport: Clicking on Actor (context menu): PlayerStart (PlayerStart)
[2018.11.28-05.03.16:067][624]LogSlate: FSceneViewport::OnFocusLost() reason 2
[2018.11.28-05.03.17:902][684]LogNavigationPoint: PostEditMove Clear paths rebuilt
[2018.11.28-05.03.42:486][469]LogSlate: FSceneViewport::OnFocusLost() reason 2
[2018.11.28-05.03.44:245][469]LogSavePackage: Moving 'C:/Users/cho1h/Documents/UE4STAG/FujiwaraBattleField/Saved/Maps_LostBambooForest_Auto11AA81EB44C5789CFAE3C33BDAE18F978.tmp' to 'C:/Users/cho1h/Documents/UE4STAG/FujiwaraBattleField/Saved/Autosaves/Game/Maps/Maps_LostBambooForest_Auto1.umap'
[2018.11.28-05.03.44:256][469]LogFileHelpers: Editor autosave (incl. sublevels) for '/Game/Maps/Maps_LostBambooForest' took 1.731
[2018.11.28-05.03.44:256][469]LogFileHelpers: Editor autosave (incl. sublevels) for all levels took 1.731
[2018.11.28-05.12.50:455][ 76]LogSlate: FSceneViewport::OnFocusLost() reason 0
[2018.11.28-05.14.31:391][969]Cmd: OBJ SAVEPACKAGE PACKAGE="/Game/AI/BT_BossBehavierTree" FILE="C:/Users/cho1h/Documents/UE4STAG/FujiwaraBattleField/Content/AI/BT_BossBehavierTree.uasset" SILENT=true
[2018.11.28-05.14.31:474][969]LogSavePackage: Moving 'C:/Users/cho1h/Documents/UE4STAG/FujiwaraBattleField/Saved/BT_BossBehavierTreeFC3723BE4E027DD8788598BA0987DC3B.tmp' to 'C:/Users/cho1h/Documents/UE4STAG/FujiwaraBattleField/Content/AI/BT_BossBehavierTree.uasset'
[2018.11.28-05.15.54:429][942]LogFileHelpers: Editor autosave (incl. sublevels) for '/Game/Maps/Maps_LostBambooForest' took 0.025
[2018.11.28-05.15.54:431][942]OBJ SavePackage: Generating thumbnails for [0] asset(s) in package [/Game/AI/BT_BossBehavierTree] ([1] browsable assets)...
[2018.11.28-05.15.54:431][942]OBJ SavePackage: Finished generating thumbnails for package [/Game/AI/BT_BossBehavierTree]
[2018.11.28-05.15.54:465][942]LogSavePackage: Moving 'C:/Users/cho1h/Documents/UE4STAG/FujiwaraBattleField/Saved/BT_BossBehavierTree_Auto207E0E5B5447532771DF0D2A8B7A1563A.tmp' to 'C:/Users/cho1h/Documents/UE4STAG/FujiwaraBattleField/Saved/Autosaves/Game/AI/BT_BossBehavierTree_Auto2.uasset'
[2018.11.28-05.15.54:468][942]LogFileHelpers: Auto-saving content packages took 0.038
[2018.11.28-05.51.13:329][282]LogSlate: FSceneViewport::OnFocusLost() reason 0
[2018.11.28-05.51.18:079][285]LogSlate: Window '콘텐츠 저장' being destroyed
[2018.11.28-05.51.18:110][285]Cmd: OBJ SAVEPACKAGE PACKAGE="/Game/AI/BT_BossBehavierTree" FILE="C:/Users/cho1h/Documents/UE4STAG/FujiwaraBattleField/Content/AI/BT_BossBehavierTree.uasset" SILENT=true
[2018.11.28-05.51.18:205][285]LogSavePackage: Moving 'C:/Users/cho1h/Documents/UE4STAG/FujiwaraBattleField/Saved/BT_BossBehavierTreeB44F658D48C4AD2C1EE5CBAE2443C60A.tmp' to 'C:/Users/cho1h/Documents/UE4STAG/FujiwaraBattleField/Content/AI/BT_BossBehavierTree.uasset'
[2018.11.28-05.51.20:181][285]LogSavePackage: Moving 'C:/Users/cho1h/Documents/UE4STAG/FujiwaraBattleField/Saved/Maps_LostBambooForestC9E1091F40DFE9E2AC9C21A231A5DF5B.tmp' to 'C:/Users/cho1h/Documents/UE4STAG/FujiwaraBattleField/Content/Maps/Maps_LostBambooForest.umap'
[2018.11.28-05.51.20:256][285]LogFileHelpers: Saving map 'Maps_LostBambooForest' took 2.041
[2018.11.28-05.51.20:794][285]LogSlate: Window 'FujiwaraBattleField - 언리얼 에디터' being destroyed
[2018.11.28-05.51.20:799][285]LogWindowsTextInputMethodSystem: Display: IME system now activated using TSF (Microsoft 입력기).
[2018.11.28-05.51.21:128][286]Cmd: QUIT_EDITOR
[2018.11.28-05.51.21:894][286]LogExit: Preparing to exit.
[2018.11.28-05.51.23:241][286]LogExit: Editor shut down
[2018.11.28-05.51.23:245][286]LogExit: Transaction tracking system shut down
