Log file open, 12/19/18 17:20:16
LogWindows: Failed to load 'aqProf.dll' (GetLastError=126)
LogWindows: File 'aqProf.dll' does not exist
LogWindows: Failed to load 'VSPerf140.dll' (GetLastError=126)
LogWindows: File 'VSPerf140.dll' does not exist
LogWindows: Failed to load 'VtuneApi.dll' (GetLastError=126)
LogWindows: File 'VtuneApi.dll' does not exist
LogWindows: Failed to load 'VtuneApi32e.dll' (GetLastError=126)
LogWindows: File 'VtuneApi32e.dll' does not exist
LogInit: Display: Running engine for game: FujiwaraBattleField
LogPlatformFile: Not using cached read wrapper
LogTaskGraph: Started task graph with 5 named threads and 11 total threads with 3 sets of task threads.
LogStats: Stats thread started at 0.289169
LogD3D11RHI: Loaded GFSDK_Aftermath_Lib.x64.dll
LogICUInternationalization: Display: ICU TimeZone Detection - Raw Offset: +9:00, Platform Override: ''
LogPluginManager: Mounting plugin Paper2D
LogPluginManager: Mounting plugin AISupport
LogPluginManager: Mounting plugin LightPropagationVolume
LogPluginManager: Mounting plugin CLionSourceCodeAccess
LogPluginManager: Mounting plugin CodeLiteSourceCodeAccess
LogPluginManager: Mounting plugin GitSourceControl
LogPluginManager: Mounting plugin KDevelopSourceCodeAccess
LogPluginManager: Mounting plugin NullSourceCodeAccess
LogPluginManager: Mounting plugin PerforceSourceControl
LogPluginManager: Mounting plugin SubversionSourceControl
LogPluginManager: Mounting plugin UObjectPlugin
LogPluginManager: Mounting plugin VisualStudioCodeSourceCodeAccess
LogPluginManager: Mounting plugin VisualStudioSourceCodeAccess
LogPluginManager: Mounting plugin XCodeSourceCodeAccess
LogPluginManager: Mounting plugin AssetManagerEditor
LogPluginManager: Mounting plugin CryptoKeys
LogPluginManager: Mounting plugin DataValidation
LogPluginManager: Mounting plugin FacialAnimation
LogPluginManager: Mounting plugin GameplayTagsEditor
LogPluginManager: Mounting plugin MacGraphicsSwitching
LogPluginManager: Mounting plugin MeshEditor
LogPluginManager: Mounting plugin MobileLauncherProfileWizard
LogPluginManager: Mounting plugin PluginBrowser
LogPluginManager: Mounting plugin SpeedTreeImporter
LogPluginManager: Mounting plugin DatasmithContent
LogPluginManager: Mounting plugin AlembicImporter
LogPluginManager: Mounting plugin AppleImageUtils
LogPluginManager: Mounting plugin AppleVision
LogPluginManager: Mounting plugin BackChannel
LogPluginManager: Mounting plugin CharacterAI
LogPluginManager: Mounting plugin GeometryCache
LogPluginManager: Mounting plugin HTML5Networking
LogPluginManager: Mounting plugin ProxyLODPlugin
LogPluginManager: Mounting plugin MagicLeap
LogPluginManager: Mounting plugin MagicLeapEmulator
LogPluginManager: Mounting plugin MagicLeapMedia
LogPluginManager: Mounting plugin AndroidMedia
LogPluginManager: Mounting plugin AvfMedia
LogPluginManager: Mounting plugin ImgMedia
LogPluginManager: Mounting plugin LinearTimecode
LogPluginManager: Mounting plugin MediaCompositing
LogPluginManager: Mounting plugin MediaPlayerEditor
LogPluginManager: Mounting plugin WmfMedia
LogPluginManager: Mounting plugin TcpMessaging
LogPluginManager: Mounting plugin UdpMessaging
LogPluginManager: Mounting plugin ActorSequence
LogPluginManager: Mounting plugin LevelSequenceEditor
LogPluginManager: Mounting plugin MatineeToLevelSequence
LogPluginManager: Mounting plugin NetcodeUnitTest
LogPluginManager: Mounting plugin NUTUnrealEngine4
LogPluginManager: Mounting plugin OnlineSubsystemGooglePlay
LogPluginManager: Mounting plugin OnlineSubsystemIOS
LogPluginManager: Mounting plugin OnlineSubsystem
LogPluginManager: Mounting plugin OnlineSubsystemNull
LogPluginManager: Mounting plugin OnlineSubsystemUtils
LogPluginManager: Mounting plugin LauncherChunkInstaller
LogPluginManager: Mounting plugin AndroidDeviceProfileSelector
LogPluginManager: Mounting plugin AndroidMoviePlayer
LogPluginManager: Mounting plugin AndroidPermission
LogPluginManager: Mounting plugin AppleMoviePlayer
LogPluginManager: Mounting plugin ArchVisCharacter
LogPluginManager: Mounting plugin AudioCapture
LogPluginManager: Mounting plugin CableComponent
LogPluginManager: Mounting plugin CustomMeshComponent
LogPluginManager: Mounting plugin EditableMesh
LogPluginManager: Mounting plugin ExampleDeviceProfileSelector
LogPluginManager: Mounting plugin GoogleCloudMessaging
LogPluginManager: Mounting plugin ImmediatePhysics
LogPluginManager: Mounting plugin IOSDeviceProfileSelector
LogPluginManager: Mounting plugin LinuxDeviceProfileSelector
LogPluginManager: Mounting plugin LocationServicesBPLibrary
LogPluginManager: Mounting plugin MobilePatchingUtils
LogPluginManager: Mounting plugin OculusVR
LogPluginManager: Plugin shader directory ../../../Engine/Plugins/Runtime/Oculus/OculusVR/Shaders found
LogPluginManager: Mapping shader source directory ../../../Engine/Plugins/Runtime/Oculus/OculusVR/Shaders to virtual directory /Plugin/OculusVR
LogPluginManager: Mounting plugin PhysXVehicles
LogPluginManager: Mounting plugin ProceduralMeshComponent
LogPluginManager: Mounting plugin RuntimePhysXCooking
LogPluginManager: Mounting plugin SteamVR
LogPluginManager: Mounting plugin WindowsMoviePlayer
LogStreaming: Display: Took  0.255s to configure plugins.
LogInit: Using libcurl 7.55.1-DEV
LogInit:  - built for x86_64-pc-win32
LogInit:  - supports SSL with OpenSSL/1.0.2h
LogInit:  - supports HTTP deflate (compression) using libz 1.2.8
LogInit:  - other features:
LogInit:      CURL_VERSION_SSL
LogInit:      CURL_VERSION_LIBZ
LogInit:      CURL_VERSION_IPV6
LogInit:      CURL_VERSION_ASYNCHDNS
LogInit:      CURL_VERSION_LARGEFILE
LogInit:      CURL_VERSION_IDN
LogInit:  CurlRequestOptions (configurable via config and command line):
LogInit:  - bVerifyPeer = false  - Libcurl will NOT verify peer certificate
LogInit:  - bUseHttpProxy = false  - Libcurl will NOT use HTTP proxy
LogInit:  - bDontReuseConnections = false  - Libcurl will reuse connections
LogInit:  - CertBundlePath = nullptr  - Libcurl will use whatever was configured at build time.
LogInit:  - MaxHostConnections = 16  - Libcurl will limit the number of connections to a host
LogInit:  - LocalHostAddr = Default
LogInit:  - BufferSize = 65536
LogInit: WinSock: version 1.1 (2.2), MaxSocks=32767, MaxUdp=65467
LogInit: Build: ++UE4+Release-4.20-CL-4369336
LogInit: Engine Version: 4.20.3-4369336+++UE4+Release-4.20
LogInit: Compatible Engine Version: 4.20.0-4212847+++UE4+Release-4.20
LogInit: Net CL: 4212847
LogInit: OS: Windows 10 (), CPU: Intel(R) Core(TM) i5-7200U CPU @ 2.50GHz, GPU: Intel(R) HD Graphics 620
LogInit: Compiled (64-bit): Sep 17 2018 12:26:19
LogInit: Compiled with Visual C++: 19.13.26129.00
LogInit: Build Configuration: Development
LogInit: Branch Name: ++UE4+Release-4.20
LogInit: Command Line: 
LogInit: Base Directory: C:/Program Files/Epic Games/UE_4.20/Engine/Binaries/Win64/
LogInit: Installed Engine Build: 1
LogDevObjectVersion: Number of dev versions registered: 20
LogDevObjectVersion:   Dev-Blueprints (B0D832E4-1F89-4F0D-ACCF-7EB736FD4AA2): 10
LogDevObjectVersion:   Dev-Build (E1C64328-A22C-4D53-A36C-8E866417BD8C): 0
LogDevObjectVersion:   Dev-Core (375EC13C-06E4-48FB-B500-84F0262A717E): 2
LogDevObjectVersion:   Dev-Editor (E4B068ED-F494-42E9-A231-DA0B2E46BB41): 24
LogDevObjectVersion:   Dev-Framework (CFFC743F-43B0-4480-9391-14DF171D2073): 34
LogDevObjectVersion:   Dev-Mobile (B02B49B5-BB20-44E9-A304-32B752E40360): 2
LogDevObjectVersion:   Dev-Networking (A4E4105C-59A1-49B5-A7C5-40C4547EDFEE): 0
LogDevObjectVersion:   Dev-Online (39C831C9-5AE6-47DC-9A44-9C173E1C8E7C): 0
LogDevObjectVersion:   Dev-Physics (78F01B33-EBEA-4F98-B9B4-84EACCB95AA2): 0
LogDevObjectVersion:   Dev-Platform (6631380F-2D4D-43E0-8009-CF276956A95A): 0
LogDevObjectVersion:   Dev-Rendering (12F88B9F-8875-4AFC-A67C-D90C383ABD29): 26
LogDevObjectVersion:   Dev-Sequencer (7B5AE74C-D270-4C10-A958-57980B212A5A): 9
LogDevObjectVersion:   Dev-VR (D7296918-1DD6-4BDD-9DE2-64A83CC13884): 2
LogDevObjectVersion:   Dev-LoadTimes (C2A15278-BFE7-4AFE-6C17-90FF531DF755): 1
LogDevObjectVersion:   Private-Geometry (6EACA3D4-40EC-4CC1-B786-8BED09428FC5): 3
LogDevObjectVersion:   Dev-AnimPhys (29E575DD-E0A3-4627-9D10-D276232CDCEA): 17
LogDevObjectVersion:   Dev-ReflectionCapture (6B266CEC-1EC7-4B8F-A30B-E4D90942FC07): 1
LogDevObjectVersion:   Dev-Automation (0DF73D61-A23F-47EA-B727-89E90C41499A): 1
LogDevObjectVersion:   FortniteMain (601D1886-AC64-4F84-AA16-D3DE0DEAC7D6): 12
LogDevObjectVersion:   Dev-Enterprise (9DFFBCD6-494F-0158-E221-12823C92A888): 1
LogStreaming: Display: Took  0.009s to delete old logs.
LogInit: Presizing for max 8388607 objects, including 0 objects not considered by GC, pre-allocating 0 bytes for permanent pool.
LogInit: Object subsystem initialized
[2018.12.19-08.20.16:693][  0]LogInit: Selected Device Profile: [Windows]
[2018.12.19-08.20.16:694][  0]LogInit: Applying CVar settings loaded from the selected device profile: [Windows]
[2018.12.19-08.20.16:722][  0]LogHAL: Display: Platform has ~ 8 GB [8442224640 / 8589934592 / 8], which maps to Default [LargestMinGB=32, LargerMinGB=12, DefaultMinGB=8, SmallerMinGB=6, SmallestMinGB=0)
[2018.12.19-08.20.16:722][  0]LogInit: Setting Device Profile CVar: [[r.Vulkan.UseRealUBs:1]]
[2018.12.19-08.20.16:722][  0]LogInit: Going up to parent DeviceProfile []
[2018.12.19-08.20.16:723][  0]LogInit: Computer: DESKTOP-3RQR4D6
[2018.12.19-08.20.16:723][  0]LogInit: User: hoon
[2018.12.19-08.20.16:723][  0]LogInit: CPU Page size=4096, Cores=2
[2018.12.19-08.20.16:723][  0]LogInit: High frequency timer resolution =2.648439 MHz
[2018.12.19-08.20.16:723][  0]LogMemory: Memory total: Physical=7.9GB (8GB approx)
[2018.12.19-08.20.16:723][  0]LogMemory: Platform Memory Stats for Windows
[2018.12.19-08.20.16:724][  0]LogMemory: Process Physical Memory: 100.84 MB used, 100.84 MB peak
[2018.12.19-08.20.16:724][  0]LogMemory: Process Virtual Memory: 84.17 MB used, 84.17 MB peak
[2018.12.19-08.20.16:724][  0]LogMemory: Physical Memory: 4362.52 MB used,  3688.61 MB free, 8051.13 MB total
[2018.12.19-08.20.16:724][  0]LogMemory: Virtual Memory: 4621.54 MB used,  3688.61 MB free, 134217728.00 MB total
[2018.12.19-08.20.16:766][  0]LogInit: Using OS detected language (ko-KR).
[2018.12.19-08.20.16:766][  0]LogInit: Using OS detected locale (ko-KR).
[2018.12.19-08.20.16:768][  0]LogTextLocalizationManager: No specific localization for 'ko-KR' exists, so the 'ko' localization will be used.
[2018.12.19-08.20.17:698][  0]LogStreaming: Display: Took  0.933s to InitEngineTextLocalization.
[2018.12.19-08.20.17:698][  0]LogInit: Setting process to per monitor DPI aware
[2018.12.19-08.20.17:764][  0]LogSlate: New Slate User Created.  User Index 0, Is Virtual User: 0
[2018.12.19-08.20.17:764][  0]LogSlate: Slate User Registered.  User Index 0, Is Virtual User: 0
[2018.12.19-08.20.18:311][  0]LogHMD: Failed to initialize OpenVR with code 110
[2018.12.19-08.20.18:311][  0]LogD3D11RHI: D3D11 adapters:
[2018.12.19-08.20.18:328][  0]LogD3D11RHI:    0. 'Intel(R) HD Graphics 620' (Feature Level 11_0)
[2018.12.19-08.20.18:328][  0]LogD3D11RHI:       128/0/4025 MB DedicatedVideo/DedicatedSystem/SharedSystem, Outputs:1, VendorId:0x8086
[2018.12.19-08.20.18:335][  0]LogD3D11RHI:    1. 'Microsoft Basic Render Driver' (Feature Level 11_0)
[2018.12.19-08.20.18:335][  0]LogD3D11RHI:       0/0/4025 MB DedicatedVideo/DedicatedSystem/SharedSystem, Outputs:0, VendorId:0x1414
[2018.12.19-08.20.18:335][  0]LogD3D11RHI: Chosen D3D11 Adapter: 0
[2018.12.19-08.20.18:345][  0]LogD3D11RHI: Creating new Direct3DDevice
[2018.12.19-08.20.18:345][  0]LogD3D11RHI:     GPU DeviceId: 0x5916 (for the marketing name, search the web for "GPU Device Id")
[2018.12.19-08.20.18:345][  0]LogWindows: EnumDisplayDevices:
[2018.12.19-08.20.18:346][  0]LogWindows:    0. 'Intel(R) HD Graphics 620' (P:1 D:1)
[2018.12.19-08.20.18:348][  0]LogWindows:    1. 'Intel(R) HD Graphics 620' (P:0 D:0)
[2018.12.19-08.20.18:350][  0]LogWindows:    2. 'Intel(R) HD Graphics 620' (P:0 D:0)
[2018.12.19-08.20.18:351][  0]LogWindows: DebugString: FoundDriverCount:3 
[2018.12.19-08.20.18:351][  0]LogD3D11RHI:     Adapter Name: Intel(R) HD Graphics 620
[2018.12.19-08.20.18:351][  0]LogD3D11RHI:   Driver Version: 21.20.16.4528 (internal:21.20.16.4528, unified:21.20.16.4528)
[2018.12.19-08.20.18:352][  0]LogD3D11RHI:      Driver Date: 9-23-2016
[2018.12.19-08.20.18:352][  0]LogRHI: Texture pool is 1498 MB (70% of 2140 MB)
[2018.12.19-08.20.18:365][  0]LogD3D11RHI: Async texture creation enabled
[2018.12.19-08.20.18:381][  0]LogD3D11RHI: GPU Timing Frequency: 12.000000 (Debug: 2 0)
[2018.12.19-08.20.18:384][  0]LogShaderCompilers: Guid format shader working directory is -28 characters bigger than the processId version (../../../../../../Users/hoon/Desktop/UE4STAG/UE4STAG/FujiwaraBattleField/Intermediate/Shaders/WorkingDirectory/12304/).
[2018.12.19-08.20.18:384][  0]LogShaderCompilers: Cleaned the shader compiler working directory 'C:/Users/hoon/AppData/Local/Temp/UnrealShaderWorkingDir/2A6C5F63432C2B6E3D218F977C69B9FC/'.
[2018.12.19-08.20.19:400][  0]LogTemp: Display: Loaded TP AllDesktopTargetPlatform
[2018.12.19-08.20.19:437][  0]LogTemp: Display: Loaded TP MacClientTargetPlatform
[2018.12.19-08.20.19:474][  0]LogTemp: Display: Loaded TP MacNoEditorTargetPlatform
[2018.12.19-08.20.19:513][  0]LogTemp: Display: Loaded TP MacServerTargetPlatform
[2018.12.19-08.20.19:550][  0]LogTemp: Display: Loaded TP MacTargetPlatform
[2018.12.19-08.20.19:582][  0]LogTemp: Display: Loaded TP WindowsClientTargetPlatform
[2018.12.19-08.20.19:622][  0]LogTemp: Display: Loaded TP WindowsNoEditorTargetPlatform
[2018.12.19-08.20.19:661][  0]LogTemp: Display: Loaded TP WindowsServerTargetPlatform
[2018.12.19-08.20.19:678][  0]LogTemp: Display: Loaded TP WindowsTargetPlatform
[2018.12.19-08.20.19:918][  0]LogTemp: Display: Loaded TP AndroidTargetPlatform
[2018.12.19-08.20.19:918][  0]LogTemp: Display: Loaded TP AndroidTargetPlatform
[2018.12.19-08.20.19:918][  0]LogTemp: Display: Loaded TP AndroidTargetPlatform
[2018.12.19-08.20.19:918][  0]LogTemp: Display: Loaded TP AndroidTargetPlatform
[2018.12.19-08.20.19:918][  0]LogTemp: Display: Loaded TP AndroidTargetPlatform
[2018.12.19-08.20.19:918][  0]LogTemp: Display: Loaded TP AndroidTargetPlatform
[2018.12.19-08.20.19:918][  0]LogTemp: Display: Loaded TP AndroidTargetPlatform
[2018.12.19-08.20.19:918][  0]LogTemp: Display: Loaded TP AndroidTargetPlatform
[2018.12.19-08.20.19:918][  0]LogTemp: Display: Loaded TP AndroidTargetPlatform
[2018.12.19-08.20.19:918][  0]LogTemp: Display: Loaded TP AndroidTargetPlatform
[2018.12.19-08.20.19:918][  0]LogTemp: Display: Loaded TP AndroidTargetPlatform
[2018.12.19-08.20.19:918][  0]LogTemp: Display: Loaded TP AndroidTargetPlatform
[2018.12.19-08.20.19:919][  0]LogTemp: Display: Loaded TP AndroidTargetPlatform
[2018.12.19-08.20.19:919][  0]LogTemp: Display: Loaded TP AndroidTargetPlatform
[2018.12.19-08.20.19:919][  0]LogTemp: Display: Loaded TP AndroidTargetPlatform
[2018.12.19-08.20.19:919][  0]LogTemp: Display: Loaded TP AndroidTargetPlatform
[2018.12.19-08.20.19:919][  0]LogTemp: Display: Loaded TP AndroidTargetPlatform
[2018.12.19-08.20.19:919][  0]LogTemp: Display: Loaded TP AndroidTargetPlatform
[2018.12.19-08.20.19:922][  0]LogTemp: Display: Loaded TP HTML5TargetPlatform
[2018.12.19-08.20.20:033][  0]LogTemp: Display: Loaded TP IOSTargetPlatform
[2018.12.19-08.20.20:033][  0]LogTemp: Display: Loaded TP IOSTargetPlatform
[2018.12.19-08.20.20:107][  0]LogTemp: Display: Loaded TP TVOSTargetPlatform
[2018.12.19-08.20.20:107][  0]LogTemp: Display: Loaded TP TVOSTargetPlatform
[2018.12.19-08.20.20:145][  0]LogTemp: Display: Loaded TP LinuxClientTargetPlatform
[2018.12.19-08.20.20:184][  0]LogTemp: Display: Loaded TP LinuxNoEditorTargetPlatform
[2018.12.19-08.20.20:220][  0]LogTemp: Display: Loaded TP LinuxServerTargetPlatform
[2018.12.19-08.20.20:257][  0]LogTemp: Display: Loaded TP LinuxTargetPlatform
[2018.12.19-08.20.20:285][  0]LogTemp: Display: Loaded TP LuminTargetPlatform
[2018.12.19-08.20.20:285][  0]LogTargetPlatformManager: Display: Building Assets For Windows
[2018.12.19-08.20.20:444][  0]LogXGEController: Cannot use XGE Controller as Incredibuild is not installed on this machine.
[2018.12.19-08.20.20:444][  0]LogShaderCompilers: Cannot use XGE Shader Compiler as Incredibuild is not installed on this machine.
[2018.12.19-08.20.20:444][  0]LogShaderCompilers: Display: Using Local Shader Compiler.
[2018.12.19-08.20.22:348][  0]LogDerivedDataCache: Display: Max Cache Size: 512 MB
[2018.12.19-08.20.22:464][  0]LogDerivedDataCache: Loaded boot cache 0.12s 71MB C:/Users/hoon/AppData/Local/UnrealEngine/4.20/DerivedDataCache/Boot.ddc.
[2018.12.19-08.20.22:465][  0]LogDerivedDataCache: Display: Loaded Boot cache: C:/Users/hoon/AppData/Local/UnrealEngine/4.20/DerivedDataCache/Boot.ddc
[2018.12.19-08.20.22:466][  0]LogDerivedDataCache: FDerivedDataBackendGraph:  Pak pak cache file ../../../../../../Users/hoon/Desktop/UE4STAG/UE4STAG/FujiwaraBattleField/DerivedDataCache/DDC.ddp not found, will not use a pak cache.
[2018.12.19-08.20.22:466][  0]LogDerivedDataCache: Unable to find inner node Pak for hierarchical cache Hierarchy.
[2018.12.19-08.20.22:466][  0]LogDerivedDataCache: FDerivedDataBackendGraph:  CompressedPak pak cache file ../../../../../../Users/hoon/Desktop/UE4STAG/UE4STAG/FujiwaraBattleField/DerivedDataCache/Compressed.ddp not found, will not use a pak cache.
[2018.12.19-08.20.22:466][  0]LogDerivedDataCache: Unable to find inner node CompressedPak for hierarchical cache Hierarchy.
[2018.12.19-08.20.22:494][  0]LogDerivedDataCache: Display: Pak cache opened for reading ../../../Engine/DerivedDataCache/Compressed.ddp.
[2018.12.19-08.20.22:507][  0]LogDerivedDataCache: Using Local data cache path C:/Users/hoon/AppData/Local/UnrealEngine/Common/DerivedDataCache: Writable
[2018.12.19-08.20.22:507][  0]LogDerivedDataCache: Shared data cache path not found in *engine.ini, will not use an Shared cache.
[2018.12.19-08.20.22:507][  0]LogDerivedDataCache: Unable to find inner node Shared for hierarchical cache Hierarchy.
[2018.12.19-08.20.22:557][  0]LogMaterial: Verifying Global Shaders for PCD3D_SM5
[2018.12.19-08.20.22:560][  0]LogSlate: Using FreeType 2.6.0
[2018.12.19-08.20.22:561][  0]LogSlate: SlateFontServices - WITH_FREETYPE: 1, WITH_HARFBUZZ: 1
[2018.12.19-08.20.22:701][  0]LogAssetRegistry: FAssetRegistry took 0.0343 seconds to start up
[2018.12.19-08.20.23:640][  0]LogInit: Selected Device Profile: [Windows]
[2018.12.19-08.20.23:770][  0]LogSimplygon: Simplygon DLL not present - disabling.
[2018.12.19-08.20.23:780][  0]LogMeshReduction: Using SimplygonSwarm for distributed automatic mesh merging
[2018.12.19-08.20.23:780][  0]LogMeshReduction: Using ProxyLODMeshReduction for automatic mesh merging
[2018.12.19-08.20.23:780][  0]LogMeshReduction: Using QuadricMeshReduction for automatic static mesh reduction
[2018.12.19-08.20.23:780][  0]LogMeshReduction: No automatic skeletal mesh reduction module available
[2018.12.19-08.20.24:008][  0]LogNetVersion: FujiwaraBattleField 1.0.0, NetCL: 4212847, EngineNetVer: 5, GameNetVer: 0 (Checksum: 1838566955)
[2018.12.19-08.20.25:239][  0]LogPackageLocalizationCache: Processed 11 localized package path(s) for 2 prioritized culture(s) in 0.243139 seconds
[2018.12.19-08.20.25:255][  0]LogUObjectArray: 38425 objects as part of root set at end of initial load.
[2018.12.19-08.20.25:255][  0]LogUObjectAllocator: 6690872 out of 0 bytes used by permanent object pool.
[2018.12.19-08.20.25:255][  0]LogUObjectArray: CloseDisregardForGC: 0/0 objects in disregard for GC pool
[2018.12.19-08.20.27:198][  0]LogTcpMessaging: Initializing TcpMessaging bridge
[2018.12.19-08.20.27:215][  0]LogUdpMessaging: Initializing bridge on interface 0.0.0.0:0 to multicast group 230.0.0.1:6666.
[2018.12.19-08.20.27:468][  0]SourceControl: 소스 컨트롤이 꺼졌습니다.
[2018.12.19-08.20.27:468][  0]SourceControl: 소스 컨트롤이 꺼졌습니다.
[2018.12.19-08.20.27:472][  0]SourceControl: 소스 컨트롤이 꺼졌습니다.
[2018.12.19-08.20.27:474][  0]SourceControl: 소스 컨트롤이 꺼졌습니다.
[2018.12.19-08.20.27:755][  0]LogAndroidPermission: UAndroidPermissionCallbackProxy::GetInstance
[2018.12.19-08.20.27:975][  0]LogOcInput: OculusInput pre-init called
[2018.12.19-08.20.28:100][  0]LogEngine: Initializing Engine...
[2018.12.19-08.20.28:103][  0]LogHMD: Failed to initialize OpenVR with code 110
[2018.12.19-08.20.28:106][  0]LogStats: UGameplayTagsManager::ConstructGameplayTagTree: ImportINI prefixes -  0.000 s
[2018.12.19-08.20.28:106][  0]LogStats: UGameplayTagsManager::ConstructGameplayTagTree: Construct from data asset -  0.000 s
[2018.12.19-08.20.28:106][  0]LogStats: UGameplayTagsManager::ConstructGameplayTagTree: ImportINI -  0.000 s
[2018.12.19-08.20.28:106][  0]LogStats: UGameplayTagsManager::ConstructGameplayTagTree: GameplayTagTreeChangedEvent.Broadcast -  0.000 s
[2018.12.19-08.20.28:662][  0]LogInit: Initializing FReadOnlyCVARCache
[2018.12.19-08.20.28:698][  0]LogAIModule: Creating AISystem for world Untitled
[2018.12.19-08.20.28:758][  0]LogInit: XAudio2 using 'LG Ultra HD(인텔(R) 디스플레이 오디오)' : 2 channels at 48 kHz using 16 bits per sample (channel mask 0x3)
[2018.12.19-08.20.28:834][  0]LogInit: FAudioDevice initialized.
[2018.12.19-08.20.28:835][  0]LogNetVersion: Set ProjectVersion to 1.0.0.0. Version Checksum will be recalculated on next use.
[2018.12.19-08.20.28:950][  0]LogDerivedDataCache: Saved boot cache 0.12s 71MB C:/Users/hoon/AppData/Local/UnrealEngine/4.20/DerivedDataCache/Boot.ddc.
[2018.12.19-08.20.28:951][  0]LogInit: Texture streaming: Enabled
[2018.12.19-08.20.29:001][  0]LogEngineSessionManager: EngineSessionManager initialized
[2018.12.19-08.20.29:001][  0]LogEngineSessionManager: EngineSessionManager sent abnormal shutdown report. Type=AbnormalShutdown, SessionId={B6022698-42EE-C415-2481-5F873CFE0D4F}
[2018.12.19-08.20.29:031][  0]LogInit: Transaction tracking system initialized
[2018.12.19-08.20.29:096][  0]BlueprintLog: New page: 에디터 로드
[2018.12.19-08.20.29:305][  0]LocalizationService: 현지화 서비스가 비활성화되었습니다.
[2018.12.19-08.20.30:525][  0]LogCook: Display: Max memory allowance for cook 16384mb min free memory 0mb
[2018.12.19-08.20.30:525][  0]LogCook: Display: Mobile HDR setting 1
[2018.12.19-08.20.30:525][  0]LogGameplayTags: Display: UGameplayTagsManager::DoneAddingNativeTags. DelegateIsBound: 0
[2018.12.19-08.20.30:525][  0]LogStats: UGameplayTagsManager::ConstructGameplayTagTree: ImportINI prefixes -  0.000 s
[2018.12.19-08.20.30:525][  0]LogStats: UGameplayTagsManager::ConstructGameplayTagTree: Construct from data asset -  0.000 s
[2018.12.19-08.20.30:526][  0]LogStats: UGameplayTagsManager::ConstructGameplayTagTree: ImportINI -  0.000 s
[2018.12.19-08.20.30:526][  0]LogStats: UGameplayTagsManager::ConstructGameplayTagTree: GameplayTagTreeChangedEvent.Broadcast -  0.000 s
[2018.12.19-08.20.30:797][  0]LogFileCache: Scanning file cache for directory 'C:/Users/hoon/Desktop/UE4STAG/UE4STAG/FujiwaraBattleField/Content/' took 0.03s
[2018.12.19-08.20.30:798][  0]SourceControl: 소스 컨트롤이 꺼졌습니다.
[2018.12.19-08.20.30:798][  0]Cmd: MAP LOAD FILE="../../../../../../Users/hoon/Desktop/UE4STAG/UE4STAG/FujiwaraBattleField/Content/Maps/Maps_LostBambooForest.umap" TEMPLATE=0 SHOWPROGRESS=1 FEATURELEVEL=3
[2018.12.19-08.20.30:800][  0]LightingResults: New page: 라이팅 빌드
[2018.12.19-08.20.30:807][  0]MapCheck: New page: 맵 체크
[2018.12.19-08.20.30:807][  0]LightingResults: New page: 라이팅 빌드
[2018.12.19-08.20.38:213][  0]LogMaterial: Display: Missing cached shader map for material M_UE4Man_Body, compiling. 
[2018.12.19-08.20.38:221][  0]LogMaterial: Warning: C:\Users\hoon\Desktop\UE4STAG\UE4STAG\FujiwaraBattleField\Content\_Temporary\Pawn\Character\Mannequin\Materials\M_UE4Man_Body.uasset: Failed to compile Material for platform PCD3D_SM5, Default Material will be used in game.
[2018.12.19-08.20.38:222][  0]LogMaterial: 	(Node TextureSampleParameter2D) Param2D> Requires Texture2D
[2018.12.19-08.20.38:222][  0]LogMaterial: 	Function MatLayerBlend_NormalBlend: (Node MakeMaterialAttributes) Error on property Normal
[2018.12.19-08.20.38:222][  0]LogMaterial: 	(Node TextureSample) Texture Sample> Missing input texture
[2018.12.19-08.20.38:222][  0]LogMaterial: 	Function MatLayerBlend_Simple: (Node MakeMaterialAttributes) Error on property EmissiveColor
[2018.12.19-08.20.38:222][  0]LogMaterial: 	Function MatLayerBlend_Simple: (Node MakeMaterialAttributes) Error on property BaseColor
[2018.12.19-08.20.38:222][  0]LogMaterial: 	Function MatLayerBlend_Simple: (Node MakeMaterialAttributes) Error on property Metallic
[2018.12.19-08.20.38:222][  0]LogMaterial: 	Function MatLayerBlend_Simple: (Node MakeMaterialAttributes) Error on property Roughness
[2018.12.19-08.20.38:227][  0]LogMaterial: Display: Missing cached shader map for material M_UE4Man_Body, compiling. 
[2018.12.19-08.20.38:230][  0]LogMaterial: Warning: C:\Users\hoon\Desktop\UE4STAG\UE4STAG\FujiwaraBattleField\Content\_Temporary\Pawn\Character\Mannequin\Materials\M_UE4Man_ChestLogo.uasset: Failed to compile Material Instance with Base M_UE4Man_Body for platform PCD3D_SM5, Default Material will be used in game.
[2018.12.19-08.20.38:230][  0]LogMaterial: 	(Node TextureSampleParameter2D) Param2D> Requires Texture2D
[2018.12.19-08.20.38:231][  0]LogMaterial: 	Function MatLayerBlend_NormalBlend: (Node MakeMaterialAttributes) Error on property Normal
[2018.12.19-08.20.38:231][  0]LogMaterial: 	Function ML_Plastic_Shiny_Beige_LOGO: (Node TextureSample) Logo Mask> Missing input texture
[2018.12.19-08.20.38:231][  0]LogMaterial: 	Function ML_Plastic_Shiny_Beige_LOGO: (Node MakeMaterialAttributes) Error on property OpacityMask
[2018.12.19-08.20.39:307][  0]LogAIModule: Creating AISystem for world Maps_LostBambooForest
[2018.12.19-08.20.39:681][  0]LogEditorServer: Finished looking for orphan Actors (0.000 secs)
[2018.12.19-08.20.39:758][  0]Cmd: MAP CHECKDEP NOCLEARLOG
[2018.12.19-08.20.40:025][  0]MapCheck: 맵 체크 완료: 오류 0 회, 경고 0 회, 소요 시간 267.014ms.
[2018.12.19-08.20.40:025][  0]LogFileHelpers: Loading map 'Maps_LostBambooForest' took 9.227
[2018.12.19-08.20.40:232][  0]LogSlate: Updating window title bar state: overlay mode, drag disabled, window buttons hidden, title bar hidden
[2018.12.19-08.20.40:253][  0]LogSlate: Updating window title bar state: overlay mode, drag disabled, window buttons hidden, title bar hidden
[2018.12.19-08.20.40:270][  0]LogSlate: Updating window title bar state: overlay mode, drag disabled, window buttons hidden, title bar hidden
[2018.12.19-08.20.40:288][  0]LogSlate: Updating window title bar state: overlay mode, drag disabled, window buttons hidden, title bar hidden
[2018.12.19-08.20.40:305][  0]LogCollectionManager: Loaded 0 collections in 0.003874 seconds
[2018.12.19-08.20.40:365][  0]LogFileCache: Scanning file cache for directory 'C:/Users/hoon/Desktop/UE4STAG/UE4STAG/FujiwaraBattleField/Saved/Collections/' took 0.01s
[2018.12.19-08.20.40:366][  0]LogFileCache: Scanning file cache for directory 'C:/Users/hoon/Desktop/UE4STAG/UE4STAG/FujiwaraBattleField/Content/Developers/hoon/Collections/' took 0.01s
[2018.12.19-08.20.40:366][  0]LogFileCache: Scanning file cache for directory 'C:/Users/hoon/Desktop/UE4STAG/UE4STAG/FujiwaraBattleField/Content/Collections/' took 0.01s
[2018.12.19-08.20.40:366][  0]LogCollectionManager: Rebuilt the GUID cache for 0 collections in 0.000000 seconds
[2018.12.19-08.20.40:396][  0]LogContentBrowser: Native class hierarchy populated in 0.0296 seconds. Added 2578 classes and 609 folders.
[2018.12.19-08.20.40:412][  0]LogContentBrowser: Native class hierarchy updated for 'WidgetCarousel' in 0.0010 seconds. Added 0 classes and 0 folders.
[2018.12.19-08.20.40:537][  0]LogContentBrowser: Native class hierarchy updated for 'AddContentDialog' in 0.0009 seconds. Added 0 classes and 0 folders.
[2018.12.19-08.20.40:552][  0]LogContentBrowser: Native class hierarchy updated for 'SceneOutliner' in 0.0009 seconds. Added 1 classes and 2 folders.
[2018.12.19-08.20.40:826][  0]LogSlate: Took 0.000341 seconds to synchronously load lazily loaded font '../../../Engine/Content/Slate/Fonts/Roboto-Regular.ttf' (155K)
[2018.12.19-08.20.40:833][  0]LogSlate: Took 0.004247 seconds to synchronously load lazily loaded font '../../../Engine/Content/Editor/Slate/Fonts/NanumGothic.ttf' (4243K)
[2018.12.19-08.20.40:839][  0]LogSlate: Took 0.004182 seconds to synchronously load lazily loaded font '../../../Engine/Content/Editor/Slate/Fonts/NanumGothicBold.ttf' (4188K)
[2018.12.19-08.20.40:839][  0]LogSlate: Took 0.000396 seconds to synchronously load lazily loaded font '../../../Engine/Content/Slate/Fonts/Roboto-Bold.ttf' (160K)
[2018.12.19-08.20.40:861][  0]LogSlate: Took 0.000433 seconds to synchronously load lazily loaded font '../../../Engine/Content/Editor/Slate/Fonts/FontAwesome.ttf' (139K)
[2018.12.19-08.20.41:191][  0]LogRenderer: Reallocating scene render targets to support 1476x444 Format 9 NumSamples 1 (Frame:1).
[2018.12.19-08.20.42:576][  0]LogContentBrowser: Native class hierarchy updated for 'HierarchicalLODOutliner' in 0.0010 seconds. Added 0 classes and 0 folders.
[2018.12.19-08.20.42:576][  0]LogLoad: (Engine Initialization) Total time: 29.23 seconds
[2018.12.19-08.20.42:576][  0]LogLoad: (Engine Initialization) Total Blueprint compile time: 0.00 seconds
[2018.12.19-08.20.42:607][  0]LogWindowsTextInputMethodSystem: Display: IME system now activated using TSF (Microsoft 입력기).
[2018.12.19-08.20.42:679][  0]LogContentStreaming: Texture pool size now 400 MB
[2018.12.19-08.20.42:738][  0]LogSlate: Took 0.000292 seconds to synchronously load lazily loaded font '../../../Engine/Content/Slate/Fonts/Roboto-Light.ttf' (167K)
[2018.12.19-08.20.43:675][  5]LogAssetRegistry: Asset discovery search completed in 20.9969 seconds
[2018.12.19-08.20.43:680][  5]LogCollectionManager: Rebuilt the object cache for 0 collections in 0.000000 seconds (found 0 objects)
[2018.12.19-08.20.43:680][  5]LogCollectionManager: Fixed up redirectors for 0 collections in 0.000167 seconds (updated 0 objects)
[2018.12.19-08.20.47:770][ 80]LogFileCache: Retrieving MD5 hashes for directory 'C:/Users/hoon/Desktop/UE4STAG/UE4STAG/FujiwaraBattleField/Content/' took 5.12s
[2018.12.19-08.20.49:417][110]LogSlate: FSceneViewport::OnFocusLost() reason 0
[2018.12.19-08.21.04:858][376]LogSlate: Took 0.002116 seconds to synchronously load lazily loaded font '../../../Engine/Content/Slate/Fonts/Roboto-Light.ttf' (167K)
[2018.12.19-08.21.04:899][376]LogAssetEditorManager: Opening Asset editor for WidgetBlueprint /Game/_Temporary/UI/Widget/Menu/W_RecordContainer.W_RecordContainer
[2018.12.19-08.21.07:034][376]LogContentBrowser: Native class hierarchy updated for 'BlueprintGraph' in 0.0017 seconds. Added 116 classes and 0 folders.
[2018.12.19-08.21.09:929][376]LogSlate: Took 0.000425 seconds to synchronously load lazily loaded font '../../../Engine/Content/Slate/Fonts/Roboto-BoldCondensed.ttf' (158K)
[2018.12.19-08.21.09:988][376]LogSlate: Took 0.004689 seconds to synchronously load lazily loaded font '../../../Engine/Content/Slate/Fonts/../../Editor/Slate/Fonts/NanumGothic.ttf' (4243K)
[2018.12.19-08.21.11:802][394]LogSlate: Window 'W_RecordContainer' being destroyed
[2018.12.19-08.21.11:875][395]LogRenderer: Reallocating scene render targets to support 1844x552 Format 9 NumSamples 1 (Frame:379).
[2018.12.19-08.21.13:238][412]LogSlate: Took 0.001654 seconds to synchronously load lazily loaded font '../../../Engine/Content/Slate/Fonts/Roboto-Italic.ttf' (157K)
[2018.12.19-08.21.36:973][ 59]BlueprintLog: New page: W_RecordContainer 컴파일
[2018.12.19-08.21.39:251][ 59]LogSavePackage: Moving '../../../../../../Users/hoon/Desktop/UE4STAG/UE4STAG/FujiwaraBattleField/Saved/W_RecordContainer9F803BB243D3A9BC2E6DE9BA783DE364.tmp' to '../../../../../../Users/hoon/Desktop/UE4STAG/UE4STAG/FujiwaraBattleField/Content/_Temporary/UI/Widget/Menu/W_RecordContainer.uasset'
[2018.12.19-08.21.39:841][ 60]LogSavePackage: Moving '../../../../../../Users/hoon/Desktop/UE4STAG/UE4STAG/FujiwaraBattleField/Saved/W_RecordContainerACF6529047AEF276789C659672A9A49C.tmp' to '../../../../../../Users/hoon/Desktop/UE4STAG/UE4STAG/FujiwaraBattleField/Content/_Temporary/UI/Widget/Menu/W_RecordContainer.uasset'
[2018.12.19-08.21.59:367][717]BlueprintLog: New page: W_RecordContainer 컴파일
[2018.12.19-08.22.07:277][970]LogAssetEditorManager: Opening Asset editor for WidgetBlueprint /Game/_Temporary/UI/Widget/Menu/W_Record.W_Record
[2018.12.19-08.23.32:124][782]LogTemp: Repeating last play command: 선택된 뷰포트
[2018.12.19-08.23.32:256][782]LogBlueprintUserMessages: Early PlayInEditor Detection: Level '/Game/Maps/Maps_LostBambooForest.Maps_LostBambooForest:PersistentLevel' has LevelScriptBlueprint '/Game/Maps/Maps_LostBambooForest.Maps_LostBambooForest:PersistentLevel.Maps_LostBambooForest' with GeneratedClass '/Game/Maps/Maps_LostBambooForest.Maps_LostBambooForest_C' with ClassGeneratedBy '/Game/Maps/Maps_LostBambooForest.Maps_LostBambooForest:PersistentLevel.Maps_LostBambooForest'
[2018.12.19-08.23.32:256][782]LogPlayLevel: PlayLevel: No blueprints needed recompiling
[2018.12.19-08.23.32:272][782]PIE: New page: PIE 세션: Maps_LostBambooForest (2018. 12. 20. 오전 2:23:32)
[2018.12.19-08.23.32:360][782]LogPlayLevel: Creating play world package: /Game/Maps/UEDPIE_0_Maps_LostBambooForest
[2018.12.19-08.23.32:520][782]LogPlayLevel: PIE: StaticDuplicateObject took: (0.158798s)
[2018.12.19-08.23.32:521][782]LogAIModule: Creating AISystem for world Maps_LostBambooForest
[2018.12.19-08.23.32:522][782]LogPlayLevel: PIE: World Init took: (0.002022s)
[2018.12.19-08.23.32:522][782]LogPlayLevel: PIE: Created PIE world by copying editor world from /Game/Maps/Maps_LostBambooForest.Maps_LostBambooForest to /Game/Maps/UEDPIE_0_Maps_LostBambooForest.Maps_LostBambooForest (0.161371s)
[2018.12.19-08.23.32:672][782]LogInit: XAudio2 using 'LG Ultra HD(인텔(R) 디스플레이 오디오)' : 2 channels at 48 kHz using 16 bits per sample (channel mask 0x3)
[2018.12.19-08.23.32:697][782]LogInit: FAudioDevice initialized.
[2018.12.19-08.23.32:736][782]LogSlate: Updating window title bar state: overlay mode, drag disabled, window buttons hidden, title bar hidden
[2018.12.19-08.23.32:950][782]LogLoad: Game class is 'BP_FBFGameModeBase_C'
[2018.12.19-08.23.32:998][782]LogWorld: Bringing World /Game/Maps/UEDPIE_0_Maps_LostBambooForest.Maps_LostBambooForest up for play (max tick rate 60) at 2018.12.19-17.23.32
[2018.12.19-08.23.32:999][782]LogWorld: Bringing up level for play took: 0.047920
[2018.12.19-08.23.33:101][782]LogContentBrowser: Native class hierarchy updated for 'MovieSceneCapture' in 0.0012 seconds. Added 10 classes and 0 folders.
[2018.12.19-08.23.33:107][782]LogBlueprintUserMessages: [Maps_LostBambooForest_C_2] 레벨초기화
[2018.12.19-08.23.33:107][782]LogBlueprintUserMessages: [BP_FBFGameInstance_C_0] GameInstance초기화
[2018.12.19-08.23.33:108][782]LogBlueprintUserMessages: [KiteMusicSequencer_C_0] 현재 BGM : 동방영야초_엑스트라_모드_테마곡__Extend_Ash___봉래인_Opening
[2018.12.19-08.23.33:109][782]LogBlueprintUserMessages: [KiteMusicSequencer_C_0] 다음 BGM : 동방영야초_2면_테마곡__야작의_가성___Night_Bird_SubMusic
[2018.12.19-08.23.33:128][782]LogLinker: Warning: '/Game/_Temporary/GameFamework/Save/BP_MySaveGame' 파일을 찾을 수 없습니다.
[2018.12.19-08.23.33:129][782]LogLinker: Warning: '/Game/_Temporary/GameFamework/Save/BP_MySaveGame' 파일을 찾을 수 없습니다.
[2018.12.19-08.23.33:129][782]LogUObjectGlobals: Warning: 'Class /Game/_Temporary/GameFamework/Save/BP_MySaveGame.BP_MySaveGame_C' 오브젝트를 찾는 데 실패했습니다.
[2018.12.19-08.23.33:147][782]PIE: /Game/Maps/UEDPIE_0_Maps_LostBambooForest 에 대한 에디터에서 플레이 시작 시간: 0.437
[2018.12.19-08.23.33:148][782]LogBlueprintUserMessages: Late PlayInEditor Detection: Level '/Game/Maps/Maps_LostBambooForest.Maps_LostBambooForest:PersistentLevel' has LevelScriptBlueprint '/Game/Maps/Maps_LostBambooForest.Maps_LostBambooForest:PersistentLevel.Maps_LostBambooForest' with GeneratedClass '/Game/Maps/Maps_LostBambooForest.Maps_LostBambooForest_C' with ClassGeneratedBy '/Game/Maps/Maps_LostBambooForest.Maps_LostBambooForest:PersistentLevel.Maps_LostBambooForest'
[2018.12.19-08.23.34:621][803]LogBlueprintDebug: Warning: Hit breakpoint on node 'K2Node_MacroInstance', from offset 527
[2018.12.19-08.23.34:621][803]LogBlueprintDebug: 
Script call stack:
	Function /Game/_Temporary/UI/Widget/Menu/W_Menu.W_Menu_C:FloatRecord
	Function /Game/_Temporary/UI/Widget/Menu/W_Menu.W_Menu_C:ExecuteUbergraph_W_Menu
	Function /Game/_Temporary/UI/Widget/Menu/W_FloatingWidget.W_FloatingWidget_C:Toggle
	Function /Game/_Temporary/UI/Widget/Menu/W_FloatingWidget.W_FloatingWidget_C:ExecuteUbergraph_W_FloatingWidget
	Function /Game/_Temporary/UI/Widget/Menu/W_RecordContainer.W_RecordContainer_C:Floating
	Function /Game/_Temporary/UI/Widget/Menu/W_RecordContainer.W_RecordContainer_C:ExecuteUbergraph_W_RecordContainer
	Function /Game/_Temporary/UI/Widget/Menu/W_RecordContainer.W_RecordContainer_C:UpdateRecord

