Log file open, 12/05/18 14:34:59
LogWindows: Failed to load 'aqProf.dll' (GetLastError=126)
LogWindows: File 'aqProf.dll' does not exist
LogWindows: Failed to load 'VSPerf140.dll' (GetLastError=126)
LogWindows: File 'VSPerf140.dll' does not exist
LogWindows: Failed to load 'VtuneApi.dll' (GetLastError=126)
LogWindows: File 'VtuneApi.dll' does not exist
LogWindows: Failed to load 'VtuneApi32e.dll' (GetLastError=126)
LogWindows: File 'VtuneApi32e.dll' does not exist
LogInit: Display: Running engine for game: FujiwaraBattleField
LogPlatformFile: Not using cached read wrapper
LogTaskGraph: Started task graph with 5 named threads and 23 total threads with 3 sets of task threads.
LogStats: Stats thread started at 0.519052
LogD3D11RHI: Loaded GFSDK_Aftermath_Lib.x64.dll
LogICUInternationalization: Display: ICU TimeZone Detection - Raw Offset: +9:00, Platform Override: ''
LogPluginManager: Mounting plugin Paper2D
LogPluginManager: Mounting plugin AISupport
LogPluginManager: Mounting plugin LightPropagationVolume
LogPluginManager: Mounting plugin CLionSourceCodeAccess
LogPluginManager: Mounting plugin CodeLiteSourceCodeAccess
LogPluginManager: Mounting plugin GitSourceControl
LogPluginManager: Mounting plugin KDevelopSourceCodeAccess
LogPluginManager: Mounting plugin NullSourceCodeAccess
LogPluginManager: Mounting plugin PerforceSourceControl
LogPluginManager: Mounting plugin SubversionSourceControl
LogPluginManager: Mounting plugin UObjectPlugin
LogPluginManager: Mounting plugin VisualStudioCodeSourceCodeAccess
LogPluginManager: Mounting plugin VisualStudioSourceCodeAccess
LogPluginManager: Mounting plugin XCodeSourceCodeAccess
LogPluginManager: Mounting plugin AssetManagerEditor
LogPluginManager: Mounting plugin CryptoKeys
LogPluginManager: Mounting plugin DataValidation
LogPluginManager: Mounting plugin FacialAnimation
LogPluginManager: Mounting plugin GameplayTagsEditor
LogPluginManager: Mounting plugin MacGraphicsSwitching
LogPluginManager: Mounting plugin MeshEditor
LogPluginManager: Mounting plugin MobileLauncherProfileWizard
LogPluginManager: Mounting plugin PluginBrowser
LogPluginManager: Mounting plugin SpeedTreeImporter
LogPluginManager: Mounting plugin DatasmithContent
LogPluginManager: Mounting plugin AlembicImporter
LogPluginManager: Mounting plugin AppleImageUtils
LogPluginManager: Mounting plugin AppleVision
LogPluginManager: Mounting plugin BackChannel
LogPluginManager: Mounting plugin CharacterAI
LogPluginManager: Mounting plugin GeometryCache
LogPluginManager: Mounting plugin HTML5Networking
LogPluginManager: Mounting plugin ProxyLODPlugin
LogPluginManager: Mounting plugin MagicLeap
LogPluginManager: Mounting plugin MagicLeapEmulator
LogPluginManager: Mounting plugin MagicLeapMedia
LogPluginManager: Mounting plugin AndroidMedia
LogPluginManager: Mounting plugin AvfMedia
LogPluginManager: Mounting plugin ImgMedia
LogPluginManager: Mounting plugin LinearTimecode
LogPluginManager: Mounting plugin MediaCompositing
LogPluginManager: Mounting plugin MediaPlayerEditor
LogPluginManager: Mounting plugin WmfMedia
LogPluginManager: Mounting plugin TcpMessaging
LogPluginManager: Mounting plugin UdpMessaging
LogPluginManager: Mounting plugin ActorSequence
LogPluginManager: Mounting plugin LevelSequenceEditor
LogPluginManager: Mounting plugin MatineeToLevelSequence
LogPluginManager: Mounting plugin NetcodeUnitTest
LogPluginManager: Mounting plugin NUTUnrealEngine4
LogPluginManager: Mounting plugin OnlineSubsystemGooglePlay
LogPluginManager: Mounting plugin OnlineSubsystemIOS
LogPluginManager: Mounting plugin OnlineSubsystem
LogPluginManager: Mounting plugin OnlineSubsystemNull
LogPluginManager: Mounting plugin OnlineSubsystemUtils
LogPluginManager: Mounting plugin LauncherChunkInstaller
LogPluginManager: Mounting plugin AndroidDeviceProfileSelector
LogPluginManager: Mounting plugin AndroidMoviePlayer
LogPluginManager: Mounting plugin AndroidPermission
LogPluginManager: Mounting plugin AppleMoviePlayer
LogPluginManager: Mounting plugin ArchVisCharacter
LogPluginManager: Mounting plugin AudioCapture
LogPluginManager: Mounting plugin CableComponent
LogPluginManager: Mounting plugin CustomMeshComponent
LogPluginManager: Mounting plugin EditableMesh
LogPluginManager: Mounting plugin ExampleDeviceProfileSelector
LogPluginManager: Mounting plugin GoogleCloudMessaging
LogPluginManager: Mounting plugin ImmediatePhysics
LogPluginManager: Mounting plugin IOSDeviceProfileSelector
LogPluginManager: Mounting plugin LinuxDeviceProfileSelector
LogPluginManager: Mounting plugin LocationServicesBPLibrary
LogPluginManager: Mounting plugin MobilePatchingUtils
LogPluginManager: Mounting plugin OculusVR
LogPluginManager: Plugin shader directory ../../../Engine/Plugins/Runtime/Oculus/OculusVR/Shaders found
LogPluginManager: Mapping shader source directory ../../../Engine/Plugins/Runtime/Oculus/OculusVR/Shaders to virtual directory /Plugin/OculusVR
LogPluginManager: Mounting plugin PhysXVehicles
LogPluginManager: Mounting plugin ProceduralMeshComponent
LogPluginManager: Mounting plugin RuntimePhysXCooking
LogPluginManager: Mounting plugin SteamVR
LogPluginManager: Mounting plugin WindowsMoviePlayer
LogStreaming: Display: Took  0.381s to configure plugins.
LogInit: Using libcurl 7.55.1-DEV
LogInit:  - built for x86_64-pc-win32
LogInit:  - supports SSL with OpenSSL/1.0.2h
LogInit:  - supports HTTP deflate (compression) using libz 1.2.8
LogInit:  - other features:
LogInit:      CURL_VERSION_SSL
LogInit:      CURL_VERSION_LIBZ
LogInit:      CURL_VERSION_IPV6
LogInit:      CURL_VERSION_ASYNCHDNS
LogInit:      CURL_VERSION_LARGEFILE
LogInit:      CURL_VERSION_IDN
LogInit:  CurlRequestOptions (configurable via config and command line):
LogInit:  - bVerifyPeer = false  - Libcurl will NOT verify peer certificate
LogInit:  - bUseHttpProxy = false  - Libcurl will NOT use HTTP proxy
LogInit:  - bDontReuseConnections = false  - Libcurl will reuse connections
LogInit:  - CertBundlePath = nullptr  - Libcurl will use whatever was configured at build time.
LogInit:  - MaxHostConnections = 16  - Libcurl will limit the number of connections to a host
LogInit:  - LocalHostAddr = Default
LogInit:  - BufferSize = 65536
LogInit: WinSock: version 1.1 (2.2), MaxSocks=32767, MaxUdp=65467
LogInit: Build: ++UE4+Release-4.20-CL-4369336
LogInit: Engine Version: 4.20.3-4369336+++UE4+Release-4.20
LogInit: Compatible Engine Version: 4.20.0-4212847+++UE4+Release-4.20
LogInit: Net CL: 4212847
LogInit: OS: Windows 10 (), CPU: Intel(R) Core(TM) i7-6700HQ CPU @ 2.60GHz, GPU: Intel(R) HD Graphics 530
LogInit: Compiled (64-bit): Sep 17 2018 12:26:19
LogInit: Compiled with Visual C++: 19.13.26129.00
LogInit: Build Configuration: Development
LogInit: Branch Name: ++UE4+Release-4.20
LogInit: Command Line: -EpicPortal  -epicusername="Minusi" -epicuserid=f20972f491e24565a030c6afa01aa409 -epiclocale=ko-KR
LogInit: Base Directory: C:/Program Files (x86)/~Game/Epic Games/UE_4.20/Engine/Binaries/Win64/
LogInit: Installed Engine Build: 1
LogDevObjectVersion: Number of dev versions registered: 20
LogDevObjectVersion:   Dev-Blueprints (B0D832E4-1F89-4F0D-ACCF-7EB736FD4AA2): 10
LogDevObjectVersion:   Dev-Build (E1C64328-A22C-4D53-A36C-8E866417BD8C): 0
LogDevObjectVersion:   Dev-Core (375EC13C-06E4-48FB-B500-84F0262A717E): 2
LogDevObjectVersion:   Dev-Editor (E4B068ED-F494-42E9-A231-DA0B2E46BB41): 24
LogDevObjectVersion:   Dev-Framework (CFFC743F-43B0-4480-9391-14DF171D2073): 34
LogDevObjectVersion:   Dev-Mobile (B02B49B5-BB20-44E9-A304-32B752E40360): 2
LogDevObjectVersion:   Dev-Networking (A4E4105C-59A1-49B5-A7C5-40C4547EDFEE): 0
LogDevObjectVersion:   Dev-Online (39C831C9-5AE6-47DC-9A44-9C173E1C8E7C): 0
LogDevObjectVersion:   Dev-Physics (78F01B33-EBEA-4F98-B9B4-84EACCB95AA2): 0
LogDevObjectVersion:   Dev-Platform (6631380F-2D4D-43E0-8009-CF276956A95A): 0
LogDevObjectVersion:   Dev-Rendering (12F88B9F-8875-4AFC-A67C-D90C383ABD29): 26
LogDevObjectVersion:   Dev-Sequencer (7B5AE74C-D270-4C10-A958-57980B212A5A): 9
LogDevObjectVersion:   Dev-VR (D7296918-1DD6-4BDD-9DE2-64A83CC13884): 2
LogDevObjectVersion:   Dev-LoadTimes (C2A15278-BFE7-4AFE-6C17-90FF531DF755): 1
LogDevObjectVersion:   Private-Geometry (6EACA3D4-40EC-4CC1-B786-8BED09428FC5): 3
LogDevObjectVersion:   Dev-AnimPhys (29E575DD-E0A3-4627-9D10-D276232CDCEA): 17
LogDevObjectVersion:   Dev-ReflectionCapture (6B266CEC-1EC7-4B8F-A30B-E4D90942FC07): 1
LogDevObjectVersion:   Dev-Automation (0DF73D61-A23F-47EA-B727-89E90C41499A): 1
LogDevObjectVersion:   FortniteMain (601D1886-AC64-4F84-AA16-D3DE0DEAC7D6): 12
LogDevObjectVersion:   Dev-Enterprise (9DFFBCD6-494F-0158-E221-12823C92A888): 1
LogStreaming: Display: Took  0.002s to delete old logs.
LogInit: Presizing for max 8388607 objects, including 0 objects not considered by GC, pre-allocating 0 bytes for permanent pool.
LogInit: Object subsystem initialized
[2018.12.05-05.35.00:434][  0]LogInit: Selected Device Profile: [Windows]
[2018.12.05-05.35.00:434][  0]LogInit: Applying CVar settings loaded from the selected device profile: [Windows]
[2018.12.05-05.35.00:490][  0]LogHAL: Display: Platform has ~ 8 GB [8393322496 / 8589934592 / 8], which maps to Default [LargestMinGB=32, LargerMinGB=12, DefaultMinGB=8, SmallerMinGB=6, SmallestMinGB=0)
[2018.12.05-05.35.00:490][  0]LogInit: Setting Device Profile CVar: [[r.Vulkan.UseRealUBs:1]]
[2018.12.05-05.35.00:490][  0]LogInit: Going up to parent DeviceProfile []
[2018.12.05-05.35.00:492][  0]LogInit: Computer: DESKTOP-33J3PSK
[2018.12.05-05.35.00:492][  0]LogInit: User: Utsuho
[2018.12.05-05.35.00:492][  0]LogInit: CPU Page size=4096, Cores=4
[2018.12.05-05.35.00:492][  0]LogInit: High frequency timer resolution =2.531249 MHz
[2018.12.05-05.35.00:494][  0]LogMemory: Memory total: Physical=7.8GB (8GB approx)
[2018.12.05-05.35.00:494][  0]LogMemory: Platform Memory Stats for Windows
[2018.12.05-05.35.00:494][  0]LogMemory: Process Physical Memory: 100.22 MB used, 100.22 MB peak
[2018.12.05-05.35.00:494][  0]LogMemory: Process Virtual Memory: 90.89 MB used, 90.89 MB peak
[2018.12.05-05.35.00:494][  0]LogMemory: Physical Memory: 5853.03 MB used,  2151.46 MB free, 8004.50 MB total
[2018.12.05-05.35.00:494][  0]LogMemory: Virtual Memory: 4645.04 MB used,  2151.46 MB free, 134217728.00 MB total
[2018.12.05-05.35.00:657][  0]LogInit: Using OS detected language (ko-KR).
[2018.12.05-05.35.00:658][  0]LogInit: Using OS detected locale (ko-KR).
[2018.12.05-05.35.00:660][  0]LogTextLocalizationManager: No specific localization for 'ko-KR' exists, so the 'ko' localization will be used.
[2018.12.05-05.35.01:467][  0]LogStreaming: Display: Took  0.810s to InitEngineTextLocalization.
[2018.12.05-05.35.01:467][  0]LogInit: Setting process to per monitor DPI aware
[2018.12.05-05.35.01:593][  0]LogSlate: New Slate User Created.  User Index 0, Is Virtual User: 0
[2018.12.05-05.35.01:593][  0]LogSlate: Slate User Registered.  User Index 0, Is Virtual User: 0
[2018.12.05-05.35.02:285][  0]LogHMD: Failed to initialize OpenVR with code 110
[2018.12.05-05.35.02:286][  0]LogD3D11RHI: D3D11 adapters:
[2018.12.05-05.35.02:317][  0]LogD3D11RHI:    0. 'Intel(R) HD Graphics 530' (Feature Level 11_0)
[2018.12.05-05.35.02:318][  0]LogD3D11RHI:       128/0/4002 MB DedicatedVideo/DedicatedSystem/SharedSystem, Outputs:1, VendorId:0x8086
[2018.12.05-05.35.02:390][  0]LogD3D11RHI:    1. 'NVIDIA GeForce GTX 960M' (Feature Level 11_0)
[2018.12.05-05.35.02:390][  0]LogD3D11RHI:       1993/0/4002 MB DedicatedVideo/DedicatedSystem/SharedSystem, Outputs:1, VendorId:0x10de
[2018.12.05-05.35.02:401][  0]LogD3D11RHI:    2. 'Microsoft Basic Render Driver' (Feature Level 11_0)
[2018.12.05-05.35.02:401][  0]LogD3D11RHI:       0/0/4002 MB DedicatedVideo/DedicatedSystem/SharedSystem, Outputs:0, VendorId:0x1414
[2018.12.05-05.35.02:401][  0]LogD3D11RHI: Chosen D3D11 Adapter: 1
[2018.12.05-05.35.02:451][  0]LogD3D11RHI: Creating new Direct3DDevice
[2018.12.05-05.35.02:451][  0]LogD3D11RHI:     GPU DeviceId: 0x139b (for the marketing name, search the web for "GPU Device Id")
[2018.12.05-05.35.02:451][  0]LogWindows: EnumDisplayDevices:
[2018.12.05-05.35.02:452][  0]LogWindows:    0. 'Intel(R) HD Graphics 530' (P:1 D:1)
[2018.12.05-05.35.02:454][  0]LogWindows:    1. 'Intel(R) HD Graphics 530' (P:0 D:0)
[2018.12.05-05.35.02:455][  0]LogWindows:    2. 'Intel(R) HD Graphics 530' (P:0 D:0)
[2018.12.05-05.35.02:456][  0]LogWindows:    3. 'NVIDIA GeForce GTX 960M' (P:0 D:1)
[2018.12.05-05.35.02:458][  0]LogWindows:    4. 'NVIDIA GeForce GTX 960M' (P:0 D:0)
[2018.12.05-05.35.02:460][  0]LogWindows:    5. 'NVIDIA GeForce GTX 960M' (P:0 D:0)
[2018.12.05-05.35.02:463][  0]LogWindows:    6. 'NVIDIA GeForce GTX 960M' (P:0 D:0)
[2018.12.05-05.35.02:465][  0]LogWindows:    7. 'Mirage Driver' (P:0 D:0)
[2018.12.05-05.35.02:465][  0]LogWindows: DebugString: PrimaryIsNotTheChoosenAdapter PrimaryIsNotTheChoosenAdapter PrimaryIsNotTheChoosenAdapter GetVideoDriverDetailsInvalid PrimaryIsNotTheChoosenAdapter FoundDriverCount:4 
[2018.12.05-05.35.02:465][  0]LogD3D11RHI:     Adapter Name: NVIDIA GeForce GTX 960M
[2018.12.05-05.35.02:465][  0]LogD3D11RHI:   Driver Version: 353.54 (internal:10.18.13.5354, unified:353.54)
[2018.12.05-05.35.02:465][  0]LogD3D11RHI:      Driver Date: 7-13-2015
[2018.12.05-05.35.02:466][  0]LogRHI: Texture pool is 1395 MB (70% of 1993 MB)
[2018.12.05-05.35.02:504][  0]LogD3D11RHI: NvAPI_D3D_GetCurrentSLIState failed: 0xfffffff7
[2018.12.05-05.35.02:504][  0]LogD3D11RHI: Async texture creation enabled
[2018.12.05-05.35.02:530][  0]LogD3D11RHI: GPU Timing Frequency: 1000.000000 (Debug: 2 2)
[2018.12.05-05.35.02:537][  0]LogShaderCompilers: Guid format shader working directory is -44 characters bigger than the processId version (../../../../../../../Users/Utsuho/Desktop/General/ProjectSpace/UE4STAG/FujiwaraBattleField/Intermediate/Shaders/WorkingDirectory/57368/).
[2018.12.05-05.35.02:537][  0]LogShaderCompilers: Cleaned the shader compiler working directory 'C:/Users/Utsuho/AppData/Local/Temp/UnrealShaderWorkingDir/2939AD86418B5C9802638CADAE31F325/'.
[2018.12.05-05.35.03:273][  0]LogTemp: Display: Loaded TP AllDesktopTargetPlatform
[2018.12.05-05.35.03:296][  0]LogTemp: Display: Loaded TP MacClientTargetPlatform
[2018.12.05-05.35.03:317][  0]LogTemp: Display: Loaded TP MacNoEditorTargetPlatform
[2018.12.05-05.35.03:337][  0]LogTemp: Display: Loaded TP MacServerTargetPlatform
[2018.12.05-05.35.03:359][  0]LogTemp: Display: Loaded TP MacTargetPlatform
[2018.12.05-05.35.03:384][  0]LogTemp: Display: Loaded TP WindowsClientTargetPlatform
[2018.12.05-05.35.03:404][  0]LogTemp: Display: Loaded TP WindowsNoEditorTargetPlatform
[2018.12.05-05.35.03:424][  0]LogTemp: Display: Loaded TP WindowsServerTargetPlatform
[2018.12.05-05.35.03:435][  0]LogTemp: Display: Loaded TP WindowsTargetPlatform
[2018.12.05-05.35.03:551][  0]LogTemp: Display: Loaded TP AndroidTargetPlatform
[2018.12.05-05.35.03:551][  0]LogTemp: Display: Loaded TP AndroidTargetPlatform
[2018.12.05-05.35.03:551][  0]LogTemp: Display: Loaded TP AndroidTargetPlatform
[2018.12.05-05.35.03:552][  0]LogTemp: Display: Loaded TP AndroidTargetPlatform
[2018.12.05-05.35.03:552][  0]LogTemp: Display: Loaded TP AndroidTargetPlatform
[2018.12.05-05.35.03:552][  0]LogTemp: Display: Loaded TP AndroidTargetPlatform
[2018.12.05-05.35.03:552][  0]LogTemp: Display: Loaded TP AndroidTargetPlatform
[2018.12.05-05.35.03:552][  0]LogTemp: Display: Loaded TP AndroidTargetPlatform
[2018.12.05-05.35.03:552][  0]LogTemp: Display: Loaded TP AndroidTargetPlatform
[2018.12.05-05.35.03:552][  0]LogTemp: Display: Loaded TP AndroidTargetPlatform
[2018.12.05-05.35.03:552][  0]LogTemp: Display: Loaded TP AndroidTargetPlatform
[2018.12.05-05.35.03:552][  0]LogTemp: Display: Loaded TP AndroidTargetPlatform
[2018.12.05-05.35.03:552][  0]LogTemp: Display: Loaded TP AndroidTargetPlatform
[2018.12.05-05.35.03:552][  0]LogTemp: Display: Loaded TP AndroidTargetPlatform
[2018.12.05-05.35.03:552][  0]LogTemp: Display: Loaded TP AndroidTargetPlatform
[2018.12.05-05.35.03:552][  0]LogTemp: Display: Loaded TP AndroidTargetPlatform
[2018.12.05-05.35.03:552][  0]LogTemp: Display: Loaded TP AndroidTargetPlatform
[2018.12.05-05.35.03:552][  0]LogTemp: Display: Loaded TP AndroidTargetPlatform
[2018.12.05-05.35.03:555][  0]LogTemp: Display: Loaded TP HTML5TargetPlatform
[2018.12.05-05.35.03:640][  0]LogTemp: Display: Loaded TP IOSTargetPlatform
[2018.12.05-05.35.03:640][  0]LogTemp: Display: Loaded TP IOSTargetPlatform
[2018.12.05-05.35.03:672][  0]LogTemp: Display: Loaded TP TVOSTargetPlatform
[2018.12.05-05.35.03:672][  0]LogTemp: Display: Loaded TP TVOSTargetPlatform
[2018.12.05-05.35.03:692][  0]LogTemp: Display: Loaded TP LinuxClientTargetPlatform
[2018.12.05-05.35.03:716][  0]LogTemp: Display: Loaded TP LinuxNoEditorTargetPlatform
[2018.12.05-05.35.03:736][  0]LogTemp: Display: Loaded TP LinuxServerTargetPlatform
[2018.12.05-05.35.03:756][  0]LogTemp: Display: Loaded TP LinuxTargetPlatform
[2018.12.05-05.35.03:771][  0]LogTemp: Display: Loaded TP LuminTargetPlatform
[2018.12.05-05.35.03:779][  0]LogTargetPlatformManager: Display: Building Assets For Windows
[2018.12.05-05.35.03:913][  0]LogXGEController: Cannot use XGE Controller as Incredibuild is not installed on this machine.
[2018.12.05-05.35.03:913][  0]LogShaderCompilers: Cannot use XGE Shader Compiler as Incredibuild is not installed on this machine.
[2018.12.05-05.35.03:914][  0]LogShaderCompilers: Display: Using Local Shader Compiler.
[2018.12.05-05.35.05:119][  0]LogDerivedDataCache: Display: Max Cache Size: 512 MB
[2018.12.05-05.35.05:265][  0]LogDerivedDataCache: Loaded boot cache 0.15s 71MB C:/Users/Utsuho/AppData/Local/UnrealEngine/4.20/DerivedDataCache/Boot.ddc.
[2018.12.05-05.35.05:266][  0]LogDerivedDataCache: Display: Loaded Boot cache: C:/Users/Utsuho/AppData/Local/UnrealEngine/4.20/DerivedDataCache/Boot.ddc
[2018.12.05-05.35.05:266][  0]LogDerivedDataCache: FDerivedDataBackendGraph:  Pak pak cache file ../../../../../../../Users/Utsuho/Desktop/General/ProjectSpace/UE4STAG/FujiwaraBattleField/DerivedDataCache/DDC.ddp not found, will not use a pak cache.
[2018.12.05-05.35.05:266][  0]LogDerivedDataCache: Unable to find inner node Pak for hierarchical cache Hierarchy.
[2018.12.05-05.35.05:267][  0]LogDerivedDataCache: FDerivedDataBackendGraph:  CompressedPak pak cache file ../../../../../../../Users/Utsuho/Desktop/General/ProjectSpace/UE4STAG/FujiwaraBattleField/DerivedDataCache/Compressed.ddp not found, will not use a pak cache.
[2018.12.05-05.35.05:267][  0]LogDerivedDataCache: Unable to find inner node CompressedPak for hierarchical cache Hierarchy.
[2018.12.05-05.35.05:284][  0]LogDerivedDataCache: Display: Pak cache opened for reading ../../../Engine/DerivedDataCache/Compressed.ddp.
[2018.12.05-05.35.05:297][  0]LogDerivedDataCache: Using Local data cache path C:/Users/Utsuho/AppData/Local/UnrealEngine/Common/DerivedDataCache: Writable
[2018.12.05-05.35.05:297][  0]LogDerivedDataCache: Shared data cache path not found in *engine.ini, will not use an Shared cache.
[2018.12.05-05.35.05:297][  0]LogDerivedDataCache: Unable to find inner node Shared for hierarchical cache Hierarchy.
[2018.12.05-05.35.05:322][  0]LogMaterial: Verifying Global Shaders for PCD3D_SM5
[2018.12.05-05.35.05:325][  0]LogSlate: Using FreeType 2.6.0
[2018.12.05-05.35.05:327][  0]LogSlate: SlateFontServices - WITH_FREETYPE: 1, WITH_HARFBUZZ: 1
[2018.12.05-05.35.05:450][  0]LogAssetRegistry: FAssetRegistry took 0.0300 seconds to start up
[2018.12.05-05.35.06:114][  0]LogInit: Selected Device Profile: [Windows]
[2018.12.05-05.35.06:334][  0]LogSimplygon: Simplygon DLL not present - disabling.
[2018.12.05-05.35.06:346][  0]LogMeshReduction: Using SimplygonSwarm for distributed automatic mesh merging
[2018.12.05-05.35.06:346][  0]LogMeshReduction: Using ProxyLODMeshReduction for automatic mesh merging
[2018.12.05-05.35.06:346][  0]LogMeshReduction: Using QuadricMeshReduction for automatic static mesh reduction
[2018.12.05-05.35.06:346][  0]LogMeshReduction: No automatic skeletal mesh reduction module available
[2018.12.05-05.35.06:379][  0]LogNetVersion: FujiwaraBattleField 1.0.0, NetCL: 4212847, EngineNetVer: 5, GameNetVer: 0 (Checksum: 1838566955)
[2018.12.05-05.35.07:298][  0]LogPackageLocalizationCache: Processed 11 localized package path(s) for 2 prioritized culture(s) in 0.231140 seconds
[2018.12.05-05.35.07:311][  0]LogUObjectArray: 38425 objects as part of root set at end of initial load.
[2018.12.05-05.35.07:311][  0]LogUObjectAllocator: 6690872 out of 0 bytes used by permanent object pool.
[2018.12.05-05.35.07:311][  0]LogUObjectArray: CloseDisregardForGC: 0/0 objects in disregard for GC pool
[2018.12.05-05.35.08:769][  0]LogTcpMessaging: Initializing TcpMessaging bridge
[2018.12.05-05.35.08:786][  0]LogUdpMessaging: Initializing bridge on interface 0.0.0.0:0 to multicast group 230.0.0.1:6666.
[2018.12.05-05.35.09:054][  0]SourceControl: 소스 컨트롤이 꺼졌습니다.
[2018.12.05-05.35.09:054][  0]SourceControl: 소스 컨트롤이 꺼졌습니다.
[2018.12.05-05.35.09:059][  0]SourceControl: 소스 컨트롤이 꺼졌습니다.
[2018.12.05-05.35.09:061][  0]SourceControl: 소스 컨트롤이 꺼졌습니다.
[2018.12.05-05.35.09:312][  0]LogAndroidPermission: UAndroidPermissionCallbackProxy::GetInstance
[2018.12.05-05.35.09:581][  0]LogOcInput: OculusInput pre-init called
[2018.12.05-05.35.09:677][  0]LogEngine: Initializing Engine...
[2018.12.05-05.35.09:678][  0]LogHMD: Failed to initialize OpenVR with code 110
[2018.12.05-05.35.09:680][  0]LogStats: UGameplayTagsManager::ConstructGameplayTagTree: ImportINI prefixes -  0.000 s
[2018.12.05-05.35.09:680][  0]LogStats: UGameplayTagsManager::ConstructGameplayTagTree: Construct from data asset -  0.000 s
[2018.12.05-05.35.09:680][  0]LogStats: UGameplayTagsManager::ConstructGameplayTagTree: ImportINI -  0.000 s
[2018.12.05-05.35.09:680][  0]LogStats: UGameplayTagsManager::ConstructGameplayTagTree: GameplayTagTreeChangedEvent.Broadcast -  0.000 s
[2018.12.05-05.35.10:003][  0]LogInit: Initializing FReadOnlyCVARCache
[2018.12.05-05.35.10:031][  0]LogAIModule: Creating AISystem for world Untitled
[2018.12.05-05.35.10:121][  0]LogInit: XAudio2 using '스피커(Realtek High Definition Audio)' : 2 channels at 48 kHz using 32 bits per sample (channel mask 0x3)
[2018.12.05-05.35.10:209][  0]LogInit: FAudioDevice initialized.
[2018.12.05-05.35.10:209][  0]LogNetVersion: Set ProjectVersion to 1.0.0.0. Version Checksum will be recalculated on next use.
[2018.12.05-05.35.10:308][  0]LogDerivedDataCache: Saved boot cache 0.10s 71MB C:/Users/Utsuho/AppData/Local/UnrealEngine/4.20/DerivedDataCache/Boot.ddc.
[2018.12.05-05.35.10:342][  0]LogInit: Texture streaming: Enabled
[2018.12.05-05.35.10:399][  0]LogEngineSessionManager: EngineSessionManager initialized
[2018.12.05-05.35.10:435][  0]LogInit: Transaction tracking system initialized
[2018.12.05-05.35.10:490][  0]BlueprintLog: New page: 에디터 로드
[2018.12.05-05.35.10:643][  0]LocalizationService: 현지화 서비스가 비활성화되었습니다.
[2018.12.05-05.35.11:114][  0]LogCook: Display: Max memory allowance for cook 16384mb min free memory 0mb
[2018.12.05-05.35.11:114][  0]LogCook: Display: Mobile HDR setting 1
[2018.12.05-05.35.11:114][  0]LogGameplayTags: Display: UGameplayTagsManager::DoneAddingNativeTags. DelegateIsBound: 0
[2018.12.05-05.35.11:115][  0]LogStats: UGameplayTagsManager::ConstructGameplayTagTree: ImportINI prefixes -  0.000 s
[2018.12.05-05.35.11:115][  0]LogStats: UGameplayTagsManager::ConstructGameplayTagTree: Construct from data asset -  0.000 s
[2018.12.05-05.35.11:115][  0]LogStats: UGameplayTagsManager::ConstructGameplayTagTree: ImportINI -  0.000 s
[2018.12.05-05.35.11:115][  0]LogStats: UGameplayTagsManager::ConstructGameplayTagTree: GameplayTagTreeChangedEvent.Broadcast -  0.000 s
[2018.12.05-05.35.11:352][  0]LogFileCache: Scanning file cache for directory 'C:/Users/Utsuho/Desktop/General/ProjectSpace/UE4STAG/FujiwaraBattleField/Content/' took 0.03s
[2018.12.05-05.35.11:352][  0]SourceControl: 소스 컨트롤이 꺼졌습니다.
[2018.12.05-05.35.11:352][  0]Cmd: MAP LOAD FILE="../../../../../../../Users/Utsuho/Desktop/General/ProjectSpace/UE4STAG/FujiwaraBattleField/Content/Maps/Maps_LostBambooForest.umap" TEMPLATE=0 SHOWPROGRESS=1 FEATURELEVEL=3
[2018.12.05-05.35.11:352][  0]LogEditorServer: Warning: Can't find file '../../../../../../../Users/Utsuho/Desktop/General/ProjectSpace/UE4STAG/FujiwaraBattleField/Content/Maps/Maps_LostBambooForest.umap'
[2018.12.05-05.35.11:352][  0]Cmd: MAP CHECKDEP NOCLEARLOG
[2018.12.05-05.35.11:478][  0]MapCheck: 맵 체크 완료: 오류 0 회, 경고 0 회, 소요 시간 125.304ms.
[2018.12.05-05.35.11:478][  0]LogFileHelpers: Loading map 'Maps_LostBambooForest' took 0.126
[2018.12.05-05.35.11:679][  0]LogSlate: Updating window title bar state: overlay mode, drag disabled, window buttons hidden, title bar hidden
[2018.12.05-05.35.11:688][  0]LogSlate: Updating window title bar state: overlay mode, drag disabled, window buttons hidden, title bar hidden
[2018.12.05-05.35.11:700][  0]LogSlate: Updating window title bar state: overlay mode, drag disabled, window buttons hidden, title bar hidden
[2018.12.05-05.35.11:711][  0]LogSlate: Updating window title bar state: overlay mode, drag disabled, window buttons hidden, title bar hidden
[2018.12.05-05.35.11:736][  0]LogCollectionManager: Loaded 0 collections in 0.002517 seconds
[2018.12.05-05.35.11:797][  0]LogFileCache: Scanning file cache for directory 'C:/Users/Utsuho/Desktop/General/ProjectSpace/UE4STAG/FujiwaraBattleField/Saved/Collections/' took 0.01s
[2018.12.05-05.35.11:797][  0]LogFileCache: Scanning file cache for directory 'C:/Users/Utsuho/Desktop/General/ProjectSpace/UE4STAG/FujiwaraBattleField/Content/Developers/Utsuho/Collections/' took 0.01s
[2018.12.05-05.35.11:797][  0]LogFileCache: Scanning file cache for directory 'C:/Users/Utsuho/Desktop/General/ProjectSpace/UE4STAG/FujiwaraBattleField/Content/Collections/' took 0.01s
[2018.12.05-05.35.11:797][  0]LogCollectionManager: Rebuilt the GUID cache for 0 collections in 0.000000 seconds
[2018.12.05-05.35.11:815][  0]LogContentBrowser: Native class hierarchy populated in 0.0164 seconds. Added 2573 classes and 605 folders.
[2018.12.05-05.35.11:833][  0]LogContentBrowser: Native class hierarchy updated for 'WidgetCarousel' in 0.0005 seconds. Added 0 classes and 0 folders.
[2018.12.05-05.35.12:563][  0]LogContentBrowser: Native class hierarchy updated for 'AddContentDialog' in 0.0004 seconds. Added 0 classes and 0 folders.
[2018.12.05-05.35.12:580][  0]LogContentBrowser: Native class hierarchy updated for 'SceneOutliner' in 0.0007 seconds. Added 1 classes and 2 folders.
[2018.12.05-05.35.12:767][  0]LogSlate: Took 0.000384 seconds to synchronously load lazily loaded font '../../../Engine/Content/Slate/Fonts/Roboto-Regular.ttf' (155K)
[2018.12.05-05.35.12:772][  0]LogSlate: Took 0.003254 seconds to synchronously load lazily loaded font '../../../Engine/Content/Editor/Slate/Fonts/NanumGothic.ttf' (4243K)
[2018.12.05-05.35.12:777][  0]LogSlate: Took 0.003531 seconds to synchronously load lazily loaded font '../../../Engine/Content/Editor/Slate/Fonts/NanumGothicBold.ttf' (4188K)
[2018.12.05-05.35.12:778][  0]LogSlate: Took 0.000235 seconds to synchronously load lazily loaded font '../../../Engine/Content/Slate/Fonts/Roboto-Bold.ttf' (160K)
[2018.12.05-05.35.12:798][  0]LogSlate: Took 0.011943 seconds to synchronously load lazily loaded font '../../../Engine/Content/Editor/Slate/Fonts/FontAwesome.ttf' (139K)
[2018.12.05-05.35.13:143][  0]LogRenderer: Reallocating scene render targets to support 1208x492 Format 10 NumSamples 1 (Frame:1).
[2018.12.05-05.35.13:347][  0]LogContentBrowser: Native class hierarchy updated for 'HierarchicalLODOutliner' in 0.0004 seconds. Added 0 classes and 0 folders.
[2018.12.05-05.35.13:347][  0]LogLoad: (Engine Initialization) Total time: 17.93 seconds
[2018.12.05-05.35.13:347][  0]LogLoad: (Engine Initialization) Total Blueprint compile time: 0.00 seconds
[2018.12.05-05.35.13:397][  0]LogContentStreaming: Texture pool size now 1000 MB
[2018.12.05-05.35.13:483][  0]LogSlate: Took 0.010674 seconds to synchronously load lazily loaded font '../../../Engine/Content/Slate/Fonts/Roboto-Light.ttf' (167K)
[2018.12.05-05.35.13:632][  2]LogAssetRegistry: Asset discovery search completed in 8.2039 seconds
[2018.12.05-05.35.13:637][  2]LogCollectionManager: Rebuilt the object cache for 0 collections in 0.000001 seconds (found 0 objects)
[2018.12.05-05.35.13:637][  2]LogCollectionManager: Fixed up redirectors for 0 collections in 0.000147 seconds (updated 0 objects)
[2018.12.05-05.37.17:168][472]LogSlate: FSceneViewport::OnFocusLost() reason 0
[2018.12.05-05.37.20:847][689]LogSlate: Took 0.000275 seconds to synchronously load lazily loaded font '../../../Engine/Content/Slate/Fonts/Roboto-Light.ttf' (167K)
[2018.12.05-05.37.21:250][689]LogAIModule: Creating AISystem for world Map_LostBambooForest
[2018.12.05-05.37.21:330][689]LogAssetEditorManager: Opening Asset editor for World /Game/Maps/Map_LostBambooForest.Map_LostBambooForest
[2018.12.05-05.37.21:361][689]Cmd: MAP LOAD FILE="../../../../../../../Users/Utsuho/Desktop/General/ProjectSpace/UE4STAG/FujiwaraBattleField/Content/Maps/Map_LostBambooForest.umap" TEMPLATE=0 SHOWPROGRESS=1 FEATURELEVEL=3
[2018.12.05-05.37.21:361][689]LightingResults: New page: 라이팅 빌드
[2018.12.05-05.37.21:365][689]LogContentBrowser: Native class hierarchy updated for 'StatsViewer' in 0.0005 seconds. Added 5 classes and 0 folders.
[2018.12.05-05.37.21:366][689]LoadErrors: New page: 맵 로드중: Map_LostBambooForest.umap
[2018.12.05-05.37.21:367][689]MapCheck: New page: 맵 체크
[2018.12.05-05.37.21:367][689]LightingResults: New page: 라이팅 빌드
[2018.12.05-05.37.26:566][689]LogEditorServer: Finished looking for orphan Actors (0.000 secs)
[2018.12.05-05.37.26:649][689]Cmd: MAP CHECKDEP NOCLEARLOG
[2018.12.05-05.37.26:883][689]MapCheck: 맵 체크 완료: 오류 0 회, 경고 0 회, 소요 시간 233.777ms.
[2018.12.05-05.37.26:895][689]LogFileHelpers: Loading map 'Map_LostBambooForest' took 5.535
[2018.12.05-05.37.59:051][785]LogEditorViewport: Clicking on Actor (LMB): Landscape (Landscape1)
[2018.12.05-05.38.02:588][977]LogSlate: FSceneViewport::OnFocusLost() reason 0
[2018.12.05-05.38.03:970][ 57]LogSlate: FSceneViewport::OnFocusLost() reason 0
[2018.12.05-05.38.22:074][ 44]LogSlate: Window 'Delete Assets' being destroyed
[2018.12.05-05.38.22:882][ 82]LogEditorViewport: Clicking on Actor (LMB): Landscape (Landscape1)
[2018.12.05-05.38.23:168][ 97]LogEditorViewport: Clicking on Actor (LMB): LightmassImportanceVolume (LightmassImportanceVolume)
[2018.12.05-05.38.23:500][113]LogEditorViewport: Clicking on Actor (LMB): LightmassImportanceVolume (LightmassImportanceVolume)
[2018.12.05-05.38.25:235][205]LogEditorViewport: Clicking on Actor (LMB): Landscape (Landscape1)
[2018.12.05-05.38.30:139][479]LogSlate: FSceneViewport::OnFocusLost() reason 0
[2018.12.05-05.38.36:367][799]LogEditorViewport: Clicking on Actor (context menu): Landscape (Landscape1)
[2018.12.05-05.38.36:418][799]LogSlate: FSceneViewport::OnFocusLost() reason 2
[2018.12.05-05.38.37:215][844]LogEditorViewport: Clicking on Actor (context menu): Landscape (Landscape1)
[2018.12.05-05.38.37:264][844]LogSlate: FSceneViewport::OnFocusLost() reason 2
[2018.12.05-05.38.40:319][  1]Cmd: TRANSACTION UNDO
[2018.12.05-05.38.40:319][  1]LogEditorTransaction: Undo 액터 클릭 (컨텍스트 메뉴)
[2018.12.05-05.38.41:062][ 39]Cmd: TRANSACTION UNDO
[2018.12.05-05.38.41:062][ 39]LogEditorTransaction: Undo 액터 클릭 (컨텍스트 메뉴)
[2018.12.05-05.38.41:518][ 65]Cmd: TRANSACTION UNDO
[2018.12.05-05.38.41:518][ 65]LogEditorTransaction: Undo 위치 설정
[2018.12.05-05.38.42:982][124]LogEditorViewport: Clicking on Actor (context menu): BP_Sky_Sphere_C (BP_Sky_Sphere)
[2018.12.05-05.38.43:041][124]LogSlate: FSceneViewport::OnFocusLost() reason 2
[2018.12.05-05.38.43:885][169]LogEditorViewport: Clicking on Actor (LMB): Landscape (Landscape1)
[2018.12.05-05.38.47:429][364]LogSlate: FSceneViewport::OnFocusLost() reason 0
[2018.12.05-05.38.59:128][ 29]LogSlate: FSceneViewport::OnFocusLost() reason 0
[2018.12.05-05.39.04:460][322]LogSlate: FSceneViewport::OnFocusLost() reason 0
[2018.12.05-05.39.28:635][720]LogSlate: FSceneViewport::OnFocusLost() reason 0
[2018.12.05-05.39.32:200][920]LogContentBrowser: Native class hierarchy updated for 'WorldBrowser' in 0.0006 seconds. Added 2 classes and 3 folders.
[2018.12.05-05.39.35:675][106]LogSlate: Window '레벨' being destroyed
[2018.12.05-05.39.40:671][395]LogEditorViewport: Clicking on Actor (LMB): Landscape (Landscape1)
[2018.12.05-05.39.42:772][500]LogSlate: FSceneViewport::OnFocusLost() reason 0
[2018.12.05-05.40.12:608][225]LogEditorViewport: Clicking on Actor (context menu): Landscape (Landscape1)
[2018.12.05-05.40.12:651][225]LogSlate: FSceneViewport::OnFocusLost() reason 2
[2018.12.05-05.40.14:854][347]LogSlate: FSceneViewport::OnFocusLost() reason 0
[2018.12.05-05.40.18:910][576]LogSlate: FSceneViewport::OnFocusLost() reason 0
[2018.12.05-05.40.20:522][650]LogSavePackage: Moving '../../../../../../../Users/Utsuho/Desktop/General/ProjectSpace/UE4STAG/FujiwaraBattleField/Saved/LBF_BattleField1EFDE43E4375818112B259AC76A8B7DF.tmp' to '../../../../../../../Users/Utsuho/Desktop/General/ProjectSpace/UE4STAG/FujiwaraBattleField/Content/Maps/LBF_BattleField.umap'
[2018.12.05-05.40.20:534][650]LogFileHelpers: Saving map 'LBF_BattleField' took 0.188
[2018.12.05-05.40.21:162][687]LogEditorViewport: Clicking on Actor (context menu): Landscape (Landscape1)
[2018.12.05-05.40.21:223][687]LogSlate: FSceneViewport::OnFocusLost() reason 2
[2018.12.05-05.40.25:442][898]LogSlate: FSceneViewport::OnFocusLost() reason 0
[2018.12.05-05.40.29:283][  7]LogSavePackage: Moving '../../../../../../../Users/Utsuho/Desktop/General/ProjectSpace/UE4STAG/FujiwaraBattleField/Saved/Map_LostBambooForestD123A24840DB82B390549DA17E2142EE.tmp' to '../../../../../../../Users/Utsuho/Desktop/General/ProjectSpace/UE4STAG/FujiwaraBattleField/Content/Maps/Map_LostBambooForest.umap'
[2018.12.05-05.40.29:350][  7]LogFileHelpers: Saving map 'Map_LostBambooForest' took 1.753
[2018.12.05-05.40.31:842][146]LogSlate: FSceneViewport::OnFocusLost() reason 0
[2018.12.05-05.40.33:309][221]LogAssetEditorManager: Opening Asset editor for World /Game/Maps/LBF_BattleField.LBF_BattleField
[2018.12.05-05.40.33:340][221]Cmd: MAP LOAD FILE="../../../../../../../Users/Utsuho/Desktop/General/ProjectSpace/UE4STAG/FujiwaraBattleField/Content/Maps/LBF_BattleField.umap" TEMPLATE=0 SHOWPROGRESS=1 FEATURELEVEL=3
[2018.12.05-05.40.33:341][221]LightingResults: New page: 라이팅 빌드
[2018.12.05-05.40.33:342][221]LoadErrors: New page: 맵 로드중: LBF_BattleField.umap
[2018.12.05-05.40.33:351][221]MapCheck: New page: 맵 체크
[2018.12.05-05.40.33:351][221]LightingResults: New page: 라이팅 빌드
[2018.12.05-05.40.33:437][221]LogEditorServer: Finished looking for orphan Actors (0.000 secs)
[2018.12.05-05.40.33:437][221]LogAIModule: Creating AISystem for world LBF_BattleField
[2018.12.05-05.40.33:525][221]Cmd: MAP CHECKDEP NOCLEARLOG
[2018.12.05-05.40.33:632][221]MapCheck: 맵 체크 완료: 오류 0 회, 경고 0 회, 소요 시간 106.707ms.
[2018.12.05-05.40.33:633][221]LogFileHelpers: Loading map 'LBF_BattleField' took 0.293
[2018.12.05-05.40.35:988][344]LogAIModule: Creating AISystem for world Map_LostBambooForest
[2018.12.05-05.40.36:036][344]LogAssetEditorManager: Opening Asset editor for World /Game/Maps/Map_LostBambooForest.Map_LostBambooForest
[2018.12.05-05.40.36:063][344]Cmd: MAP LOAD FILE="../../../../../../../Users/Utsuho/Desktop/General/ProjectSpace/UE4STAG/FujiwaraBattleField/Content/Maps/Map_LostBambooForest.umap" TEMPLATE=0 SHOWPROGRESS=1 FEATURELEVEL=3
[2018.12.05-05.40.36:063][344]LightingResults: New page: 라이팅 빌드
[2018.12.05-05.40.36:064][344]LoadErrors: New page: 맵 로드중: Map_LostBambooForest.umap
[2018.12.05-05.40.36:065][344]MapCheck: New page: 맵 체크
[2018.12.05-05.40.36:065][344]LightingResults: New page: 라이팅 빌드
[2018.12.05-05.40.36:224][344]LogStreaming: Display: ULevelStreaming::RequestLevel(/Game/Maps/LBF_BattleField) is flushing async loading
[2018.12.05-05.40.36:224][344]LogStreaming: Display: Flushing async loaders.
[2018.12.05-05.40.36:305][344]LogEditorServer: Finished looking for orphan Actors (0.000 secs)
[2018.12.05-05.40.36:390][344]Cmd: MAP CHECKDEP NOCLEARLOG
[2018.12.05-05.40.36:502][344]MapCheck: 맵 체크 완료: 오류 0 회, 경고 0 회, 소요 시간 111.678ms.
[2018.12.05-05.40.36:502][344]LogFileHelpers: Loading map 'Map_LostBambooForest' took 0.440
[2018.12.05-05.40.42:093][635]Cmd: POLY SELECT MEMORY UNION
[2018.12.05-05.41.05:654][ 10]LogSlate: FSceneViewport::OnFocusLost() reason 0
[2018.12.05-05.41.11:043][312]Cmd: BRUSH ADD SELECTNEWBRUSH
[2018.12.05-05.41.13:307][442]Cmd: DELETE
[2018.12.05-05.41.13:307][442]Cmd: ACTOR DELETE
[2018.12.05-05.41.13:323][442]LogEditorActor: Deleted Actor: Brush
[2018.12.05-05.41.13:353][442]LogEditorActor: Deleted 1 Actors (0.043 secs)
[2018.12.05-05.41.14:293][497]LogSlate: FSceneViewport::OnFocusLost() reason 0
[2018.12.05-05.41.15:963][590]LogActorFactory: Actor Factory created Cylinder
[2018.12.05-05.41.16:195][600]LogActorFactory: Actor Factory created Cylinder
[2018.12.05-05.41.17:180][647]LogSlate: FSceneViewport::OnFocusLost() reason 0
[2018.12.05-05.41.20:593][841]Cmd: CAMERA ALIGN ACTIVEVIEWPORTONLY
[2018.12.05-05.41.27:405][217]LogSlate: FSceneViewport::OnFocusLost() reason 0
[2018.12.05-05.41.50:736][612]LogEditorViewport: Clicking on Actor (LMB): Landscape (Landscape1)
[2018.12.05-05.41.51:955][665]LogEditorViewport: Clicking on Actor (LMB): StaticMeshActor (Cylinder)
[2018.12.05-05.41.56:418][904]LogEditorViewport: Clicking on Actor (LMB): StaticMeshActor (Cylinder)
[2018.12.05-05.42.01:709][200]LogEditorViewport: Clicking on Actor (LMB): StaticMeshActor (Cylinder)
[2018.12.05-05.42.01:919][211]LogEditorViewport: Clicking on Component (LMB): StaticMeshComponent (StaticMeshComponent0)
[2018.12.05-05.42.02:214][224]LogEditorViewport: Clicking on Component (LMB): StaticMeshComponent (StaticMeshComponent0)
[2018.12.05-05.42.11:263][736]LogEditorViewport: Clicking on Component (LMB): StaticMeshComponent (StaticMeshComponent0)
[2018.12.05-05.42.13:754][875]LogSlate: FSceneViewport::OnFocusLost() reason 0
[2018.12.05-05.42.13:948][885]LogAssetEditorManager: Opening Asset editor for StaticMesh /Engine/BasicShapes/Cylinder.Cylinder
[2018.12.05-05.42.14:896][885]LogRenderer: Reallocating scene render targets to support 1432x924 Format 10 NumSamples 1 (Frame:1).
[2018.12.05-05.42.14:896][885]LogSlate: Took 0.013012 seconds to synchronously load lazily loaded font '../../../Engine/Content/Slate/Fonts/Roboto-Italic.ttf' (157K)
[2018.12.05-05.42.22:507][249]LogSlate: Window 'Cylinder' being destroyed
[2018.12.05-05.42.25:618][412]LogSlate: FSceneViewport::OnFocusLost() reason 0
[2018.12.05-05.42.25:695][415]LogActorFactory: Actor Factory created Cube
[2018.12.05-05.42.25:916][425]LogActorFactory: Actor Factory created Cube
[2018.12.05-05.42.26:282][443]Cmd: CAMERA ALIGN ACTIVEVIEWPORTONLY
[2018.12.05-05.42.27:567][515]LogSlate: FSceneViewport::OnFocusLost() reason 0
[2018.12.05-05.42.27:659][519]LogActorFactory: Actor Factory created Cone
[2018.12.05-05.42.30:592][679]LogSlate: FSceneViewport::OnFocusLost() reason 0
[2018.12.05-05.42.30:659][681]LogActorFactory: Actor Factory created Sphere
[2018.12.05-05.42.31:677][734]LogSlate: FSceneViewport::OnFocusLost() reason 0
[2018.12.05-05.42.31:774][738]LogActorFactory: Actor Factory created Cylinder
[2018.12.05-05.42.33:692][838]LogActorFactory: Actor Factory created Cylinder
[2018.12.05-05.42.34:734][894]Cmd: CAMERA ALIGN ACTIVEVIEWPORTONLY
[2018.12.05-05.42.44:885][477]Cmd: DELETE
[2018.12.05-05.42.44:885][477]Cmd: ACTOR DELETE
[2018.12.05-05.42.44:887][477]LogEditorActor: Deleted Actor: StaticMeshActor
[2018.12.05-05.42.44:915][477]LogEditorActor: Deleted 1 Actors (0.030 secs)
[2018.12.05-05.42.45:311][501]LogEditorViewport: Clicking on Actor (LMB): StaticMeshActor (Cube)
[2018.12.05-05.42.45:658][518]Cmd: DELETE
[2018.12.05-05.42.45:659][518]Cmd: ACTOR DELETE
[2018.12.05-05.42.45:660][518]LogEditorActor: Deleted Actor: StaticMeshActor
[2018.12.05-05.42.45:689][518]LogEditorActor: Deleted 1 Actors (0.031 secs)
[2018.12.05-05.42.48:462][678]LogEditorViewport: Clicking on Actor (LMB): StaticMeshActor (Cylinder)
[2018.12.05-05.42.49:859][745]LogSlate: FSceneViewport::OnFocusLost() reason 0
[2018.12.05-05.42.57:444][188]LogSlate: FSceneViewport::OnFocusLost() reason 0
[2018.12.05-05.43.03:346][509]LogEditorViewport: Clicking on Actor (LMB): Landscape (Landscape1)
[2018.12.05-05.43.04:339][562]LogEditorViewport: Clicking on Actor (LMB): Landscape (Landscape1)
[2018.12.05-05.43.04:421][565]LogEditorViewport: Clicking on Actor (double click): Landscape (Landscape1)
[2018.12.05-05.43.05:274][613]LogSlate: FSceneViewport::OnFocusLost() reason 0
[2018.12.05-05.43.17:576][268]LogEditorViewport: Clicking on Actor (LMB): StaticMeshActor (Cylinder)
[2018.12.05-05.43.19:863][391]Cmd: CAMERA ALIGN ACTIVEVIEWPORTONLY
[2018.12.05-05.43.43:679][748]LogSlate: FSceneViewport::OnFocusLost() reason 0
[2018.12.05-05.43.47:041][914]Cmd: DELETE
[2018.12.05-05.43.47:041][914]Cmd: ACTOR DELETE
[2018.12.05-05.43.47:052][914]LogEditorActor: Deleted Actor: Character
[2018.12.05-05.43.47:082][914]LogEditorActor: Deleted 1 Actors (0.040 secs)
[2018.12.05-05.43.50:430][ 99]LogEditorViewport: Clicking on Actor (double click): Landscape (Landscape1)
[2018.12.05-05.43.52:887][240]LogEditorViewport: Clicking on Actor (context menu): Landscape (Landscape1)
[2018.12.05-05.43.52:935][240]LogSlate: FSceneViewport::OnFocusLost() reason 2
[2018.12.05-05.44.10:696][248]LogSlate: FSceneViewport::OnFocusLost() reason 0
[2018.12.05-05.44.19:328][724]LogEditorViewport: Clicking on Actor (context menu): BP_Sky_Sphere_C (BP_Sky_Sphere)
[2018.12.05-05.44.19:389][724]LogSlate: FSceneViewport::OnFocusLost() reason 2
[2018.12.05-05.44.20:095][763]LogEditorViewport: Clicking on Actor (LMB): StaticMeshActor (Cylinder)
[2018.12.05-05.44.20:468][778]LogEditorViewport: Clicking on Actor (LMB): BP_Sky_Sphere_C (BP_Sky_Sphere)
[2018.12.05-05.44.20:944][799]LogEditorViewport: Clicking on Actor (LMB): BP_Sky_Sphere_C (BP_Sky_Sphere)
[2018.12.05-05.44.21:737][836]LogEditorViewport: Clicking on Actor (LMB): BP_Sky_Sphere_C (BP_Sky_Sphere)
[2018.12.05-05.44.22:757][880]LogEditorViewport: Clicking on Actor (LMB): StaticMeshActor (Cylinder)
[2018.12.05-05.44.23:917][930]LogSlate: FSceneViewport::OnFocusLost() reason 0
[2018.12.05-05.44.25:712][ 30]Cmd: CAMERA ALIGN ACTIVEVIEWPORTONLY
[2018.12.05-05.44.29:793][262]LogEditorViewport: Clicking on Actor (context menu): StaticMeshActor (Cylinder)
[2018.12.05-05.44.29:840][262]LogSlate: FSceneViewport::OnFocusLost() reason 2
[2018.12.05-05.44.32:273][386]LogEditorViewport: Clicking on Actor (LMB): StaticMeshActor (Cylinder)
[2018.12.05-05.44.33:627][451]LogSlate: FSceneViewport::OnFocusLost() reason 0
[2018.12.05-05.44.37:177][655]Cmd: DELETE
[2018.12.05-05.44.37:177][655]Cmd: ACTOR DELETE
[2018.12.05-05.44.37:189][655]LogEditorActor: Deleted Actor: StaticMeshActor
[2018.12.05-05.44.37:216][655]LogEditorActor: Deleted 1 Actors (0.040 secs)
[2018.12.05-05.44.37:858][692]LogSlate: FSceneViewport::OnFocusLost() reason 0
[2018.12.05-05.44.45:478][135]LogSlate: FSceneViewport::OnFocusLost() reason 0
[2018.12.05-05.44.45:562][139]LogActorFactory: Actor Factory created Sphere
[2018.12.05-05.44.45:892][157]LogActorFactory: Actor Factory created Sphere
[2018.12.05-05.44.47:417][241]Cmd: CAMERA ALIGN ACTIVEVIEWPORTONLY
[2018.12.05-05.44.49:030][327]LogSlate: FSceneViewport::OnFocusLost() reason 0
[2018.12.05-05.44.54:851][664]LogEditorActor: Deleted Actor: StaticMeshActor
[2018.12.05-05.44.54:883][664]LogEditorActor: Deleted 1 Actors (0.046 secs)
[2018.12.05-05.44.59:933][961]LogAssetEditorManager: Opening Asset editor for World /Game/Maps/Map_LostBambooForest.Map_LostBambooForest
[2018.12.05-05.45.01:134][961]LogSlate: Window '콘텐츠 저장' being destroyed
[2018.12.05-05.45.01:360][961]LogSavePackage: Moving '../../../../../../../Users/Utsuho/Desktop/General/ProjectSpace/UE4STAG/FujiwaraBattleField/Saved/LBF_BattleField896190F741914E0F1EA0E8A225FA98CE.tmp' to '../../../../../../../Users/Utsuho/Desktop/General/ProjectSpace/UE4STAG/FujiwaraBattleField/Content/Maps/LBF_BattleField.umap'
[2018.12.05-05.45.01:374][961]LogFileHelpers: Saving map 'LBF_BattleField' took 0.223
[2018.12.05-05.45.03:200][961]LogSavePackage: Moving '../../../../../../../Users/Utsuho/Desktop/General/ProjectSpace/UE4STAG/FujiwaraBattleField/Saved/Map_LostBambooForestFE631F1044DADB28FB6236A71CC4AD30.tmp' to '../../../../../../../Users/Utsuho/Desktop/General/ProjectSpace/UE4STAG/FujiwaraBattleField/Content/Maps/Map_LostBambooForest.umap'
[2018.12.05-05.45.03:281][961]LogFileHelpers: Saving map 'Map_LostBambooForest' took 1.906
[2018.12.05-05.45.03:285][961]Cmd: MAP LOAD FILE="../../../../../../../Users/Utsuho/Desktop/General/ProjectSpace/UE4STAG/FujiwaraBattleField/Content/Maps/Map_LostBambooForest.umap" TEMPLATE=0 SHOWPROGRESS=1 FEATURELEVEL=3
[2018.12.05-05.45.03:285][961]LightingResults: New page: 라이팅 빌드
[2018.12.05-05.45.03:286][961]LoadErrors: New page: 맵 로드중: Map_LostBambooForest.umap
[2018.12.05-05.45.03:293][961]MapCheck: New page: 맵 체크
[2018.12.05-05.45.03:293][961]LightingResults: New page: 라이팅 빌드
[2018.12.05-05.45.03:438][961]LogAIModule: Creating AISystem for world Map_LostBambooForest
[2018.12.05-05.45.03:622][961]LogStreaming: Display: ULevelStreaming::RequestLevel(/Game/Maps/LBF_BattleField) is flushing async loading
[2018.12.05-05.45.03:622][961]LogStreaming: Display: Flushing async loaders.
[2018.12.05-05.45.03:710][961]LogEditorServer: Finished looking for orphan Actors (0.000 secs)
[2018.12.05-05.45.03:817][961]Cmd: MAP CHECKDEP NOCLEARLOG
[2018.12.05-05.45.03:958][961]MapCheck: 맵 체크 완료: 오류 0 회, 경고 0 회, 소요 시간 140.061ms.
[2018.12.05-05.45.03:962][961]LogFileHelpers: Loading map 'Map_LostBambooForest' took 0.679
[2018.12.05-05.45.06:854][124]LogSlate: FSceneViewport::OnFocusLost() reason 0
[2018.12.05-05.45.09:865][301]LogEditorViewport: Clicking on Actor (context menu): BP_Sky_Sphere_C (BP_Sky_Sphere)
[2018.12.05-05.45.09:924][301]LogSlate: FSceneViewport::OnFocusLost() reason 2
[2018.12.05-05.45.09:954][301]LogEditorViewport: Clicking on Actor (context menu): Landscape (Landscape1)
[2018.12.05-05.45.10:030][301]LogSlate: FSceneViewport::OnFocusLost() reason 2
[2018.12.05-05.45.19:279][818]LogSlate: FSceneViewport::OnFocusLost() reason 0
[2018.12.05-05.45.20:641][875]LogSlate: FSceneViewport::OnFocusLost() reason 0
[2018.12.05-05.45.28:343][298]Cmd: DELETE
[2018.12.05-05.45.28:343][298]Cmd: ACTOR DELETE
[2018.12.05-05.45.28:356][298]LogEditorActor: Deleted Actor: Character
[2018.12.05-05.45.28:386][298]LogEditorActor: Deleted 1 Actors (0.042 secs)
[2018.12.05-05.45.29:068][338]LogEditorViewport: Clicking on Actor (LMB): Landscape (Landscape1)
[2018.12.05-05.45.29:425][356]LogEditorViewport: Clicking on Actor (LMB): Landscape (Landscape1)
[2018.12.05-05.45.29:812][377]LogEditorViewport: Clicking on Actor (double click): Landscape (Landscape1)
[2018.12.05-05.45.30:283][404]LogEditorViewport: Clicking on Actor (LMB): Landscape (Landscape1)
[2018.12.05-05.45.30:851][436]LogEditorViewport: Clicking on Actor (LMB): Landscape (Landscape1)
[2018.12.05-05.45.31:118][450]LogEditorViewport: Clicking on Actor (LMB): Landscape (Landscape1)
[2018.12.05-05.45.31:524][472]LogEditorViewport: Clicking on Actor (LMB): Landscape (Landscape1)
[2018.12.05-05.45.31:993][498]LogEditorViewport: Clicking on Actor (LMB): Landscape (Landscape1)
[2018.12.05-05.45.32:868][548]LogSlate: FSceneViewport::OnFocusLost() reason 0
[2018.12.05-05.45.34:658][639]LogEditorActor: Deleted Actor: Character
[2018.12.05-05.45.34:688][639]LogEditorActor: Deleted 1 Actors (0.042 secs)
[2018.12.05-05.45.41:399][ 28]LogEditorViewport: Clicking on Actor (CTRL LMB): Landscape (Landscape1)
[2018.12.05-05.45.41:484][ 29]Cmd: TRANSACTION UNDO
[2018.12.05-05.45.41:484][ 29]LogEditorTransaction: Undo 액터 클릭
[2018.12.05-05.45.41:721][ 41]Cmd: TRANSACTION UNDO
[2018.12.05-05.45.41:722][ 41]LogEditorTransaction: Undo 액터 클릭
[2018.12.05-05.45.43:708][148]LogEditorViewport: Clicking on Actor (LMB): Landscape (Landscape1)
[2018.12.05-05.45.44:544][181]LogEditorViewport: Clicking on Actor (LMB): Landscape (Landscape1)
[2018.12.05-05.45.48:590][397]LogSlate: FSceneViewport::OnFocusLost() reason 0
[2018.12.05-05.45.52:454][585]LogTexture: Display: 텍스처 빌드: Texture2D_2 (G8, 128X128)
[2018.12.05-05.46.08:199][492]LogSlate: FSceneViewport::OnFocusLost() reason 0
[2018.12.05-05.46.10:922][648]LogSlate: FSceneViewport::OnFocusLost() reason 2
[2018.12.05-05.46.16:947][919]Cmd: TRANSACTION UNDO
[2018.12.05-05.46.16:947][919]LogEditorTransaction: Undo 랜드스케이프 편집중: 평탄화
[2018.12.05-05.46.20:129][ 60]LogSlate: FSceneViewport::OnFocusLost() reason 0
[2018.12.05-05.46.25:257][329]Cmd: TRANSACTION UNDO
[2018.12.05-05.46.25:257][329]LogEditorTransaction: Undo 랜드스케이프 편집중: 평탄화
[2018.12.05-05.46.29:391][509]Cmd: TRANSACTION UNDO
[2018.12.05-05.46.29:391][509]LogEditorTransaction: Undo 랜드스케이프 편집중: 평탄화
[2018.12.05-05.46.29:518][509]LogTexture: Display: 텍스처 빌드: Texture2D_1 (BGRA8, 512X512)
[2018.12.05-05.46.29:547][509]LogTexture: Display: 텍스처 빌드: Texture2D_2 (BGRA8, 512X512)
[2018.12.05-05.46.30:988][574]Cmd: TRANSACTION UNDO
[2018.12.05-05.46.30:988][574]LogEditorTransaction: Undo 랜드스케이프 편집중: 평탄화
[2018.12.05-05.46.55:079][711]LogSlate: FSceneViewport::OnFocusLost() reason 2
[2018.12.05-05.47.01:673][ 87]Cmd: TRANSACTION UNDO
[2018.12.05-05.47.01:673][ 87]LogEditorTransaction: Undo 랜드스케이프 편집중: 노이즈
[2018.12.05-05.47.01:759][ 87]LogTexture: Display: 텍스처 빌드: Texture2D_1 (BGRA8, 512X512)
[2018.12.05-05.47.04:716][253]LogSlate: FSceneViewport::OnFocusLost() reason 0
[2018.12.05-05.47.10:842][593]Cmd: TRANSACTION UNDO
[2018.12.05-05.47.10:842][593]LogEditorTransaction: Undo 랜드스케이프 편집중: 노이즈
[2018.12.05-05.47.10:977][593]LogTexture: Display: 텍스처 빌드: Texture2D_3 (BGRA8, 512X512)
[2018.12.05-05.47.12:121][649]LogSlate: FSceneViewport::OnFocusLost() reason 0
[2018.12.05-05.47.23:629][263]LogPlayLevel: PlayLevel: No blueprints needed recompiling
[2018.12.05-05.47.23:646][263]PIE: New page: SIE 세션: Map_LostBambooForest (2018. 12. 5. 오후 11:47:23)
[2018.12.05-05.47.23:646][263]LogPlayLevel: Creating play world package: /Game/Maps/UEDPIE_0_Map_LostBambooForest
[2018.12.05-05.47.23:694][263]LogPlayLevel: PIE: StaticDuplicateObject took: (0.047622s)
[2018.12.05-05.47.23:696][263]LogAIModule: Creating AISystem for world Map_LostBambooForest
[2018.12.05-05.47.23:698][263]LogPlayLevel: PIE: World Init took: (0.003304s)
[2018.12.05-05.47.23:698][263]LogPlayLevel: PIE: Created PIE world by copying editor world from /Game/Maps/Map_LostBambooForest.Map_LostBambooForest to /Game/Maps/UEDPIE_0_Map_LostBambooForest.Map_LostBambooForest (0.051701s)
[2018.12.05-05.47.23:806][263]LogInit: XAudio2 using '스피커(Realtek High Definition Audio)' : 2 channels at 48 kHz using 32 bits per sample (channel mask 0x3)
[2018.12.05-05.47.23:867][263]LogInit: FAudioDevice initialized.
[2018.12.05-05.47.23:869][263]LogSlate: FSceneViewport::OnFocusLost() reason 2
[2018.12.05-05.47.23:914][263]LogUObjectGlobals: Warning: 'Class /Script/FujiwaraBattleField.FujiwaraBattleFieldGameMode' 오브젝트를 찾는 데 실패했습니다.
[2018.12.05-05.47.23:914][263]LogLoad: Game class is 'GameModeBase'
[2018.12.05-05.47.23:932][263]LogWorld: Bringing World /Game/Maps/UEDPIE_0_Map_LostBambooForest.Map_LostBambooForest up for play (max tick rate 60) at 2018.12.05-14.47.23
[2018.12.05-05.47.23:934][263]LogWorld: Bringing up level for play took: 0.011224
[2018.12.05-05.47.23:950][263]LogGameMode: FindPlayerStart: PATHS NOT DEFINED or NO PLAYERSTART with positive rating
[2018.12.05-05.47.23:966][263]LogContentBrowser: Native class hierarchy updated for 'MovieSceneCapture' in 0.0005 seconds. Added 10 classes and 0 folders.
[2018.12.05-05.47.23:969][263]PIE: /Game/Maps/UEDPIE_0_Map_LostBambooForest 에 대한 에디터에서 플레이 시작 시간: -0.258
[2018.12.05-05.47.25:472][335]LogSlate: FSceneViewport::OnFocusLost() reason 0
[2018.12.05-05.47.26:350][384]Cmd: SELECT NONE
[2018.12.05-05.47.26:546][395]Cmd: SELECT NONE
[2018.12.05-05.47.27:479][448]LogSlate: Updating window title bar state: overlay mode, drag disabled, window buttons hidden, title bar hidden
[2018.12.05-05.47.27:524][448]LogPlayLevel: Display: Shutting down PIE online subsystems
[2018.12.05-05.47.27:557][448]LogSlate: Updating window title bar state: overlay mode, drag disabled, window buttons hidden, title bar hidden
[2018.12.05-05.47.27:610][449]LogPlayLevel: Display: Destroying online subsystem :Context_4
[2018.12.05-05.47.28:202][482]Cmd: POLY SELECT ALL
[2018.12.05-05.47.38:927][ 45]LogSlate: FSceneViewport::OnFocusLost() reason 2
[2018.12.05-05.47.51:977][734]LogSlate: FSceneViewport::OnFocusLost() reason 0
[2018.12.05-05.48.14:599][788]LogSlate: FSceneViewport::OnFocusLost() reason 2
[2018.12.05-05.48.56:861][941]LogSlate: FSceneViewport::OnFocusLost() reason 0
[2018.12.05-05.49.03:037][296]LogSlate: FSceneViewport::OnFocusLost() reason 0
[2018.12.05-05.49.03:137][302]LogTemp: Repeating last play command: 시뮬레이트
[2018.12.05-05.49.03:168][302]LogPlayLevel: PlayLevel: No blueprints needed recompiling
[2018.12.05-05.49.03:168][302]PIE: New page: SIE 세션: Map_LostBambooForest (2018. 12. 5. 오후 11:49:03)
[2018.12.05-05.49.03:168][302]LogPlayLevel: Creating play world package: /Game/Maps/UEDPIE_0_Map_LostBambooForest
[2018.12.05-05.49.03:215][302]LogPlayLevel: PIE: StaticDuplicateObject took: (0.046054s)
[2018.12.05-05.49.03:216][302]LogAIModule: Creating AISystem for world Map_LostBambooForest
[2018.12.05-05.49.03:216][302]LogPlayLevel: PIE: World Init took: (0.001448s)
[2018.12.05-05.49.03:216][302]LogPlayLevel: PIE: Created PIE world by copying editor world from /Game/Maps/Map_LostBambooForest.Map_LostBambooForest to /Game/Maps/UEDPIE_0_Map_LostBambooForest.Map_LostBambooForest (0.047839s)
[2018.12.05-05.49.03:308][302]LogInit: XAudio2 using '스피커(Realtek High Definition Audio)' : 2 channels at 48 kHz using 32 bits per sample (channel mask 0x3)
[2018.12.05-05.49.03:369][302]LogInit: FAudioDevice initialized.
[2018.12.05-05.49.03:401][302]LogLoad: Game class is 'GameModeBase'
[2018.12.05-05.49.03:414][302]LogWorld: Bringing World /Game/Maps/UEDPIE_0_Map_LostBambooForest.Map_LostBambooForest up for play (max tick rate 60) at 2018.12.05-14.49.03
[2018.12.05-05.49.03:415][302]LogWorld: Bringing up level for play took: 0.012856
[2018.12.05-05.49.03:427][302]LogGameMode: FindPlayerStart: PATHS NOT DEFINED or NO PLAYERSTART with positive rating
[2018.12.05-05.49.03:428][302]PIE: /Game/Maps/UEDPIE_0_Map_LostBambooForest 에 대한 에디터에서 플레이 시작 시간: 1.201
[2018.12.05-05.49.08:030][561]LogSlate: Updating window title bar state: overlay mode, drag disabled, window buttons hidden, title bar hidden
[2018.12.05-05.49.08:072][561]LogPlayLevel: Display: Shutting down PIE online subsystems
[2018.12.05-05.49.08:105][561]LogSlate: Updating window title bar state: overlay mode, drag disabled, window buttons hidden, title bar hidden
[2018.12.05-05.49.08:163][563]LogPlayLevel: Display: Destroying online subsystem :Context_5
[2018.12.05-05.49.14:144][909]LogSlate: FSceneViewport::OnFocusLost() reason 2
[2018.12.05-05.49.20:637][178]LogSlate: FSceneViewport::OnFocusLost() reason 2
[2018.12.05-05.49.28:098][547]Cmd: TRANSACTION UNDO
[2018.12.05-05.49.28:098][547]LogEditorTransaction: Undo 랜드스케이프 편집중: 침식
[2018.12.05-05.49.28:248][547]LogTexture: Display: 텍스처 빌드: Texture2D_3 (BGRA8, 512X512)
[2018.12.05-05.49.28:287][547]LogTexture: Display: 텍스처 빌드: Texture2D_1 (BGRA8, 512X512)
[2018.12.05-05.49.30:910][645]Cmd: TRANSACTION UNDO
[2018.12.05-05.49.30:910][645]LogEditorTransaction: Undo 랜드스케이프 편집중: 침식
[2018.12.05-05.49.33:617][788]LogSlate: FSceneViewport::OnFocusLost() reason 2
[2018.12.05-05.49.36:787][932]LogSlate: FSceneViewport::OnFocusLost() reason 0
[2018.12.05-05.49.52:070][656]LogSlate: FSceneViewport::OnFocusLost() reason 2
[2018.12.05-05.49.55:783][856]LogSlate: FSceneViewport::OnFocusLost() reason 2
[2018.12.05-05.50.06:198][418]Cmd: TRANSACTION UNDO
[2018.12.05-05.50.06:198][418]LogEditorTransaction: Undo 랜드스케이프 편집중: 침식
[2018.12.05-05.50.06:284][418]LogTexture: Display: 텍스처 빌드: Texture2D_3 (BGRA8, 512X512)
[2018.12.05-05.50.07:044][447]Cmd: TRANSACTION UNDO
[2018.12.05-05.50.07:045][447]LogEditorTransaction: Undo 랜드스케이프 편집중: 침식
[2018.12.05-05.50.07:131][447]LogTexture: Display: 텍스처 빌드: Texture2D_3 (BGRA8, 512X512)
[2018.12.05-05.50.07:597][471]Cmd: TRANSACTION UNDO
[2018.12.05-05.50.07:597][471]LogEditorTransaction: Undo 랜드스케이프 편집중: 침식
[2018.12.05-05.50.07:675][471]LogTexture: Display: 텍스처 빌드: Texture2D_3 (BGRA8, 512X512)
[2018.12.05-05.50.11:469][691]LogSlate: FSceneViewport::OnFocusLost() reason 0
[2018.12.05-05.50.32:018][904]LogEditorViewport: Clicking on Actor (LMB): Landscape (Landscape1)
[2018.12.05-05.50.42:449][507]LogSlate: FSceneViewport::OnFocusLost() reason 2
[2018.12.05-05.51.13:504][317]LogSlate: FSceneViewport::OnFocusLost() reason 0
[2018.12.05-05.51.18:128][579]LogSlate: FSceneViewport::OnFocusLost() reason 0
[2018.12.05-05.51.45:387][154]LogSlate: FSceneViewport::OnFocusLost() reason 0
[2018.12.05-05.51.51:649][493]LogSlate: FSceneViewport::OnFocusLost() reason 0
[2018.12.05-05.52.03:898][168]LogSlate: FSceneViewport::OnFocusLost() reason 0
[2018.12.05-05.52.07:216][342]LogSlate: FSceneViewport::OnFocusLost() reason 2
[2018.12.05-05.52.36:219][781]Cmd: TRANSACTION UNDO
[2018.12.05-05.52.36:219][781]LogEditorTransaction: Undo 랜드스케이프 편집중: 침식
[2018.12.05-05.52.36:366][781]LogTexture: Display: 텍스처 빌드: Texture2D_3 (BGRA8, 512X512)
[2018.12.05-05.52.36:418][781]LogTexture: Display: 텍스처 빌드: Texture2D_4 (BGRA8, 512X512)
[2018.12.05-05.52.38:544][893]Cmd: TRANSACTION UNDO
[2018.12.05-05.52.38:544][893]LogEditorTransaction: Undo 랜드스케이프 편집중: 침식
[2018.12.05-05.52.38:627][893]LogTexture: Display: 텍스처 빌드: Texture2D_3 (BGRA8, 512X512)
[2018.12.05-05.52.39:748][941]Cmd: TRANSACTION UNDO
[2018.12.05-05.52.39:748][941]LogEditorTransaction: Undo 랜드스케이프 편집중: 침식
[2018.12.05-05.52.39:956][941]LogTexture: Display: 텍스처 빌드: Texture2D_1 (BGRA8, 512X512)
[2018.12.05-05.52.42:515][ 79]LogSlate: FSceneViewport::OnFocusLost() reason 0
[2018.12.05-05.52.47:998][388]Cmd: TRANSACTION UNDO
[2018.12.05-05.52.47:998][388]LogEditorTransaction: Undo 랜드스케이프 편집중: 침식
[2018.12.05-05.52.53:989][634]Cmd: TRANSACTION UNDO
[2018.12.05-05.52.53:989][634]LogEditorTransaction: Undo 랜드스케이프 편집중: 침식
[2018.12.05-05.52.54:075][634]LogTexture: Display: 텍스처 빌드: Texture2D_4 (BGRA8, 512X512)
[2018.12.05-05.52.54:997][671]Cmd: TRANSACTION UNDO
[2018.12.05-05.52.54:997][671]LogEditorTransaction: Undo 랜드스케이프 편집중: 침식
[2018.12.05-05.52.55:964][721]Cmd: TRANSACTION UNDO
[2018.12.05-05.52.55:964][721]LogEditorTransaction: Undo Tool Strength 편집
[2018.12.05-05.53.00:141][941]Cmd: TRANSACTION UNDO
[2018.12.05-05.53.00:141][941]LogEditorTransaction: Undo 랜드스케이프 편집중: 침식
[2018.12.05-05.53.03:745][129]Cmd: TRANSACTION UNDO
[2018.12.05-05.53.03:745][129]LogEditorTransaction: Undo 랜드스케이프 편집중: 침식
[2018.12.05-05.53.06:330][247]Cmd: TRANSACTION UNDO
[2018.12.05-05.53.06:330][247]LogEditorTransaction: Undo 랜드스케이프 편집중: 침식
[2018.12.05-05.53.10:758][471]Cmd: TRANSACTION UNDO
[2018.12.05-05.53.10:758][471]LogEditorTransaction: Undo 랜드스케이프 편집중: 침식
[2018.12.05-05.53.13:973][612]Cmd: TRANSACTION UNDO
[2018.12.05-05.53.13:973][612]LogEditorTransaction: Undo 랜드스케이프 편집중: 침식
[2018.12.05-05.53.15:169][668]LogSlate: FSceneViewport::OnFocusLost() reason 0
[2018.12.05-05.53.29:107][441]Cmd: TRANSACTION UNDO
[2018.12.05-05.53.29:107][441]LogEditorTransaction: Undo 랜드스케이프 편집중: 침식
[2018.12.05-05.53.29:174][441]LogTexture: Display: 텍스처 빌드: Texture2D_4 (BGRA8, 512X512)
[2018.12.05-05.53.31:082][519]Cmd: TRANSACTION UNDO
[2018.12.05-05.53.31:082][519]LogEditorTransaction: Undo 랜드스케이프 편집중: 침식
[2018.12.05-05.53.32:887][618]LogSlate: FSceneViewport::OnFocusLost() reason 2
[2018.12.05-05.53.35:753][778]Cmd: TRANSACTION UNDO
[2018.12.05-05.53.35:754][778]LogEditorTransaction: Undo 랜드스케이프 편집중: 침식
[2018.12.05-05.53.37:403][840]Cmd: TRANSACTION UNDO
[2018.12.05-05.53.37:403][840]LogEditorTransaction: Undo 랜드스케이프 편집중: 침식
[2018.12.05-05.53.39:186][933]Cmd: TRANSACTION UNDO
[2018.12.05-05.53.39:186][933]LogEditorTransaction: Undo 랜드스케이프 편집중: 침식
[2018.12.05-05.53.42:115][ 86]Cmd: TRANSACTION UNDO
[2018.12.05-05.53.42:115][ 86]LogEditorTransaction: Undo 랜드스케이프 편집중: 침식
[2018.12.05-05.53.42:170][ 86]LogTexture: Display: 텍스처 빌드: Texture2D_4 (BGRA8, 512X512)
[2018.12.05-05.54.04:464][308]Cmd: TRANSACTION UNDO
[2018.12.05-05.54.04:464][308]LogEditorTransaction: Undo 랜드스케이프 편집중: 침식
[2018.12.05-05.54.04:527][308]LogTexture: Display: 텍스처 빌드: Texture2D_2 (BGRA8, 512X512)
[2018.12.05-05.54.09:229][577]LogSlate: FSceneViewport::OnFocusLost() reason 0
[2018.12.05-05.54.13:266][812]Cmd: TRANSACTION UNDO
[2018.12.05-05.54.13:267][812]LogEditorTransaction: Undo 랜드스케이프 편집중: 침식
[2018.12.05-05.54.14:565][876]LogSlate: FSceneViewport::OnFocusLost() reason 0
[2018.12.05-05.54.17:424][ 38]Cmd: TRANSACTION UNDO
[2018.12.05-05.54.17:424][ 38]LogEditorTransaction: Undo 랜드스케이프 편집중: 침식
[2018.12.05-05.54.19:190][132]LogSlate: FSceneViewport::OnFocusLost() reason 0
[2018.12.05-05.54.28:640][689]Cmd: TRANSACTION UNDO
[2018.12.05-05.54.28:640][689]LogEditorTransaction: Undo 랜드스케이프 편집중: 침식
[2018.12.05-05.54.30:900][807]LogSlate: FSceneViewport::OnFocusLost() reason 0
[2018.12.05-05.54.51:028][  2]Cmd: TRANSACTION UNDO
[2018.12.05-05.54.51:028][  2]LogEditorTransaction: Undo 랜드스케이프 편집중: 침식
[2018.12.05-05.54.56:261][287]LogSlate: FSceneViewport::OnFocusLost() reason 2
[2018.12.05-05.55.02:101][626]Cmd: TRANSACTION UNDO
[2018.12.05-05.55.02:102][626]LogEditorTransaction: Undo 랜드스케이프 편집중: 침식
[2018.12.05-05.55.03:883][716]LogSlate: FSceneViewport::OnFocusLost() reason 0
[2018.12.05-05.55.06:416][861]Cmd: TRANSACTION UNDO
[2018.12.05-05.55.06:416][861]LogEditorTransaction: Undo 랜드스케이프 편집중: 침식
[2018.12.05-05.55.12:237][146]LogSlate: FSceneViewport::OnFocusLost() reason 0
[2018.12.05-05.55.18:776][463]LogSlate: FSceneViewport::OnFocusLost() reason 0
[2018.12.05-05.55.23:606][724]LogSlate: FSceneViewport::OnFocusLost() reason 0
[2018.12.05-05.55.32:866][215]Cmd: TRANSACTION UNDO
[2018.12.05-05.55.32:866][215]LogEditorTransaction: Undo 랜드스케이프 편집중: 침식
[2018.12.05-05.55.32:952][215]LogTexture: Display: 텍스처 빌드: Texture2D_3 (BGRA8, 512X512)
[2018.12.05-05.55.33:950][265]LogSlate: FSceneViewport::OnFocusLost() reason 0
[2018.12.05-05.55.38:833][538]LogSlate: FSceneViewport::OnFocusLost() reason 0
[2018.12.05-05.55.49:566][121]LogSlate: FSceneViewport::OnFocusLost() reason 0
[2018.12.05-05.55.53:776][363]LogSlate: FSceneViewport::OnFocusLost() reason 2
[2018.12.05-05.55.59:795][683]LogSlate: FSceneViewport::OnFocusLost() reason 0
[2018.12.05-05.56.09:609][215]Cmd: TRANSACTION UNDO
[2018.12.05-05.56.09:610][215]LogEditorTransaction: Undo 랜드스케이프 편집중: 노이즈
[2018.12.05-05.56.09:702][215]LogTexture: Display: 텍스처 빌드: Texture2D_3 (BGRA8, 512X512)
[2018.12.05-05.56.10:647][260]LogSlate: FSceneViewport::OnFocusLost() reason 2
[2018.12.05-05.56.28:245][177]LogSlate: FSceneViewport::OnFocusLost() reason 0
[2018.12.05-05.56.34:191][482]LogSlate: FSceneViewport::OnFocusLost() reason 2
[2018.12.05-05.56.43:756][ 14]LogSlate: FSceneViewport::OnFocusLost() reason 2
[2018.12.05-05.56.53:059][515]LogEditorViewport: Clicking on Actor (context menu): Landscape (Landscape1)
[2018.12.05-05.56.53:112][515]LogSlate: FSceneViewport::OnFocusLost() reason 2
[2018.12.05-05.57.57:759][939]LogSlate: FSceneViewport::OnFocusLost() reason 0
[2018.12.05-05.58.10:915][688]LogSlate: FSceneViewport::OnFocusLost() reason 0
[2018.12.05-06.01.54:624][128]LogTexture: Display: 텍스처 빌드: Texture2D_1 (BGRA8, 512X512)
[2018.12.05-06.01.54:654][128]LogTexture: Display: 텍스처 빌드: Texture2D_3 (BGRA8, 512X512)
[2018.12.05-06.01.54:675][128]LogTexture: Display: 텍스처 빌드: Texture2D_4 (BGRA8, 512X512)
[2018.12.05-06.02.01:939][128]LogSavePackage: Moving '../../../../../../../Users/Utsuho/Desktop/General/ProjectSpace/UE4STAG/FujiwaraBattleField/Saved/Map_LostBambooForest_Auto1197681AC46649FFD378DD0B07DAEA1A6.tmp' to '../../../../../../../Users/Utsuho/Desktop/General/ProjectSpace/UE4STAG/FujiwaraBattleField/Saved/Autosaves/Game/Maps/Map_LostBambooForest_Auto1.umap'
[2018.12.05-06.02.01:969][128]LogFileHelpers: Editor autosave (incl. sublevels) for '/Game/Maps/Map_LostBambooForest' took 8.367
[2018.12.05-06.02.01:969][128]LogFileHelpers: Editor autosave (incl. sublevels) for all levels took 8.367
[2018.12.05-06.02.42:979][867]LogSlate: FSceneViewport::OnFocusLost() reason 0
[2018.12.05-06.02.44:163][873]LogSlate: Window '콘텐츠 저장' being destroyed
[2018.12.05-06.02.46:172][873]LogSavePackage: Moving '../../../../../../../Users/Utsuho/Desktop/General/ProjectSpace/UE4STAG/FujiwaraBattleField/Saved/Map_LostBambooForest6608DFB749B7AEF48567E0813EF1DE93.tmp' to '../../../../../../../Users/Utsuho/Desktop/General/ProjectSpace/UE4STAG/FujiwaraBattleField/Content/Maps/Map_LostBambooForest.umap'
[2018.12.05-06.02.46:295][873]LogFileHelpers: Saving map 'Map_LostBambooForest' took 2.069
[2018.12.05-06.02.46:588][873]LogSlate: Window 'FujiwaraBattleField - 언리얼 에디터' being destroyed
[2018.12.05-06.02.47:059][874]Cmd: QUIT_EDITOR
[2018.12.05-06.02.48:017][874]LogWindowsTextInputMethodSystem: Display: IME system now activated using TSF (Microsoft 입력기).
[2018.12.05-06.02.48:049][874]LogExit: Preparing to exit.
