Log file open, 12/05/18 18:19:01
LogWindows: Failed to load 'aqProf.dll' (GetLastError=126)
LogWindows: File 'aqProf.dll' does not exist
LogWindows: Failed to load 'VSPerf140.dll' (GetLastError=126)
LogWindows: File 'VSPerf140.dll' does not exist
LogWindows: Failed to load 'VtuneApi.dll' (GetLastError=126)
LogWindows: File 'VtuneApi.dll' does not exist
LogWindows: Failed to load 'VtuneApi32e.dll' (GetLastError=126)
LogWindows: File 'VtuneApi32e.dll' does not exist
LogInit: Display: Running engine for game: FujiwaraBattleField
LogPlatformFile: Not using cached read wrapper
LogTaskGraph: Started task graph with 5 named threads and 11 total threads with 3 sets of task threads.
LogStats: Stats thread started at 0.384675
LogD3D11RHI: Loaded GFSDK_Aftermath_Lib.x64.dll
LogICUInternationalization: Display: ICU TimeZone Detection - Raw Offset: +9:00, Platform Override: ''
LogPluginManager: Mounting plugin Paper2D
LogPluginManager: Mounting plugin AISupport
LogPluginManager: Mounting plugin LightPropagationVolume
LogPluginManager: Mounting plugin CLionSourceCodeAccess
LogPluginManager: Mounting plugin CodeLiteSourceCodeAccess
LogPluginManager: Mounting plugin GitSourceControl
LogPluginManager: Mounting plugin KDevelopSourceCodeAccess
LogPluginManager: Mounting plugin NullSourceCodeAccess
LogPluginManager: Mounting plugin PerforceSourceControl
LogPluginManager: Mounting plugin SubversionSourceControl
LogPluginManager: Mounting plugin UObjectPlugin
LogPluginManager: Mounting plugin VisualStudioCodeSourceCodeAccess
LogPluginManager: Mounting plugin VisualStudioSourceCodeAccess
LogPluginManager: Mounting plugin XCodeSourceCodeAccess
LogPluginManager: Mounting plugin AssetManagerEditor
LogPluginManager: Mounting plugin CryptoKeys
LogPluginManager: Mounting plugin DataValidation
LogPluginManager: Mounting plugin FacialAnimation
LogPluginManager: Mounting plugin GameplayTagsEditor
LogPluginManager: Mounting plugin MacGraphicsSwitching
LogPluginManager: Mounting plugin MeshEditor
LogPluginManager: Mounting plugin MobileLauncherProfileWizard
LogPluginManager: Mounting plugin PluginBrowser
LogPluginManager: Mounting plugin SpeedTreeImporter
LogPluginManager: Mounting plugin DatasmithContent
LogPluginManager: Mounting plugin AlembicImporter
LogPluginManager: Mounting plugin AppleImageUtils
LogPluginManager: Mounting plugin AppleVision
LogPluginManager: Mounting plugin BackChannel
LogPluginManager: Mounting plugin CharacterAI
LogPluginManager: Mounting plugin GeometryCache
LogPluginManager: Mounting plugin HTML5Networking
LogPluginManager: Mounting plugin ProxyLODPlugin
LogPluginManager: Mounting plugin MagicLeap
LogPluginManager: Mounting plugin MagicLeapEmulator
LogPluginManager: Mounting plugin MagicLeapMedia
LogPluginManager: Mounting plugin AndroidMedia
LogPluginManager: Mounting plugin AvfMedia
LogPluginManager: Mounting plugin ImgMedia
LogPluginManager: Mounting plugin LinearTimecode
LogPluginManager: Mounting plugin MediaCompositing
LogPluginManager: Mounting plugin MediaPlayerEditor
LogPluginManager: Mounting plugin WmfMedia
LogPluginManager: Mounting plugin TcpMessaging
LogPluginManager: Mounting plugin UdpMessaging
LogPluginManager: Mounting plugin ActorSequence
LogPluginManager: Mounting plugin LevelSequenceEditor
LogPluginManager: Mounting plugin MatineeToLevelSequence
LogPluginManager: Mounting plugin NetcodeUnitTest
LogPluginManager: Mounting plugin NUTUnrealEngine4
LogPluginManager: Mounting plugin OnlineSubsystemGooglePlay
LogPluginManager: Mounting plugin OnlineSubsystemIOS
LogPluginManager: Mounting plugin OnlineSubsystem
LogPluginManager: Mounting plugin OnlineSubsystemNull
LogPluginManager: Mounting plugin OnlineSubsystemUtils
LogPluginManager: Mounting plugin LauncherChunkInstaller
LogPluginManager: Mounting plugin AndroidDeviceProfileSelector
LogPluginManager: Mounting plugin AndroidMoviePlayer
LogPluginManager: Mounting plugin AndroidPermission
LogPluginManager: Mounting plugin AppleMoviePlayer
LogPluginManager: Mounting plugin ArchVisCharacter
LogPluginManager: Mounting plugin AudioCapture
LogPluginManager: Mounting plugin CableComponent
LogPluginManager: Mounting plugin CustomMeshComponent
LogPluginManager: Mounting plugin EditableMesh
LogPluginManager: Mounting plugin ExampleDeviceProfileSelector
LogPluginManager: Mounting plugin GoogleCloudMessaging
LogPluginManager: Mounting plugin ImmediatePhysics
LogPluginManager: Mounting plugin IOSDeviceProfileSelector
LogPluginManager: Mounting plugin LinuxDeviceProfileSelector
LogPluginManager: Mounting plugin LocationServicesBPLibrary
LogPluginManager: Mounting plugin MobilePatchingUtils
LogPluginManager: Mounting plugin OculusVR
LogPluginManager: Plugin shader directory ../../../Engine/Plugins/Runtime/Oculus/OculusVR/Shaders found
LogPluginManager: Mapping shader source directory ../../../Engine/Plugins/Runtime/Oculus/OculusVR/Shaders to virtual directory /Plugin/OculusVR
LogPluginManager: Mounting plugin PhysXVehicles
LogPluginManager: Mounting plugin ProceduralMeshComponent
LogPluginManager: Mounting plugin RuntimePhysXCooking
LogPluginManager: Mounting plugin SteamVR
LogPluginManager: Mounting plugin WindowsMoviePlayer
LogStreaming: Display: Took  0.242s to configure plugins.
LogInit: Using libcurl 7.55.1-DEV
LogInit:  - built for x86_64-pc-win32
LogInit:  - supports SSL with OpenSSL/1.0.2h
LogInit:  - supports HTTP deflate (compression) using libz 1.2.8
LogInit:  - other features:
LogInit:      CURL_VERSION_SSL
LogInit:      CURL_VERSION_LIBZ
LogInit:      CURL_VERSION_IPV6
LogInit:      CURL_VERSION_ASYNCHDNS
LogInit:      CURL_VERSION_LARGEFILE
LogInit:      CURL_VERSION_IDN
LogInit:  CurlRequestOptions (configurable via config and command line):
LogInit:  - bVerifyPeer = false  - Libcurl will NOT verify peer certificate
LogInit:  - bUseHttpProxy = false  - Libcurl will NOT use HTTP proxy
LogInit:  - bDontReuseConnections = false  - Libcurl will reuse connections
LogInit:  - CertBundlePath = nullptr  - Libcurl will use whatever was configured at build time.
LogInit:  - MaxHostConnections = 16  - Libcurl will limit the number of connections to a host
LogInit:  - LocalHostAddr = Default
LogInit:  - BufferSize = 65536
LogInit: WinSock: version 1.1 (2.2), MaxSocks=32767, MaxUdp=65467
LogInit: Build: ++UE4+Release-4.20-CL-4369336
LogInit: Engine Version: 4.20.3-4369336+++UE4+Release-4.20
LogInit: Compatible Engine Version: 4.20.0-4212847+++UE4+Release-4.20
LogInit: Net CL: 4212847
LogInit: OS: Windows 10 (), CPU: Intel(R) Core(TM) i5-7200U CPU @ 2.50GHz, GPU: Intel(R) HD Graphics 620
LogInit: Compiled (64-bit): Sep 17 2018 12:26:19
LogInit: Compiled with Visual C++: 19.13.26129.00
LogInit: Build Configuration: Development
LogInit: Branch Name: ++UE4+Release-4.20
LogInit: Command Line: 
LogInit: Base Directory: C:/Program Files/Epic Games/UE_4.20/Engine/Binaries/Win64/
LogInit: Installed Engine Build: 1
LogDevObjectVersion: Number of dev versions registered: 20
LogDevObjectVersion:   Dev-Blueprints (B0D832E4-1F89-4F0D-ACCF-7EB736FD4AA2): 10
LogDevObjectVersion:   Dev-Build (E1C64328-A22C-4D53-A36C-8E866417BD8C): 0
LogDevObjectVersion:   Dev-Core (375EC13C-06E4-48FB-B500-84F0262A717E): 2
LogDevObjectVersion:   Dev-Editor (E4B068ED-F494-42E9-A231-DA0B2E46BB41): 24
LogDevObjectVersion:   Dev-Framework (CFFC743F-43B0-4480-9391-14DF171D2073): 34
LogDevObjectVersion:   Dev-Mobile (B02B49B5-BB20-44E9-A304-32B752E40360): 2
LogDevObjectVersion:   Dev-Networking (A4E4105C-59A1-49B5-A7C5-40C4547EDFEE): 0
LogDevObjectVersion:   Dev-Online (39C831C9-5AE6-47DC-9A44-9C173E1C8E7C): 0
LogDevObjectVersion:   Dev-Physics (78F01B33-EBEA-4F98-B9B4-84EACCB95AA2): 0
LogDevObjectVersion:   Dev-Platform (6631380F-2D4D-43E0-8009-CF276956A95A): 0
LogDevObjectVersion:   Dev-Rendering (12F88B9F-8875-4AFC-A67C-D90C383ABD29): 26
LogDevObjectVersion:   Dev-Sequencer (7B5AE74C-D270-4C10-A958-57980B212A5A): 9
LogDevObjectVersion:   Dev-VR (D7296918-1DD6-4BDD-9DE2-64A83CC13884): 2
LogDevObjectVersion:   Dev-LoadTimes (C2A15278-BFE7-4AFE-6C17-90FF531DF755): 1
LogDevObjectVersion:   Private-Geometry (6EACA3D4-40EC-4CC1-B786-8BED09428FC5): 3
LogDevObjectVersion:   Dev-AnimPhys (29E575DD-E0A3-4627-9D10-D276232CDCEA): 17
LogDevObjectVersion:   Dev-ReflectionCapture (6B266CEC-1EC7-4B8F-A30B-E4D90942FC07): 1
LogDevObjectVersion:   Dev-Automation (0DF73D61-A23F-47EA-B727-89E90C41499A): 1
LogDevObjectVersion:   FortniteMain (601D1886-AC64-4F84-AA16-D3DE0DEAC7D6): 12
LogDevObjectVersion:   Dev-Enterprise (9DFFBCD6-494F-0158-E221-12823C92A888): 1
LogStreaming: Display: Took  0.010s to delete old logs.
LogInit: Presizing for max 8388607 objects, including 0 objects not considered by GC, pre-allocating 0 bytes for permanent pool.
LogInit: Object subsystem initialized
[2018.12.05-09.19.01:789][  0]LogInit: Selected Device Profile: [Windows]
[2018.12.05-09.19.01:789][  0]LogInit: Applying CVar settings loaded from the selected device profile: [Windows]
[2018.12.05-09.19.01:822][  0]LogHAL: Display: Platform has ~ 8 GB [8442224640 / 8589934592 / 8], which maps to Default [LargestMinGB=32, LargerMinGB=12, DefaultMinGB=8, SmallerMinGB=6, SmallestMinGB=0)
[2018.12.05-09.19.01:822][  0]LogInit: Setting Device Profile CVar: [[r.Vulkan.UseRealUBs:1]]
[2018.12.05-09.19.01:822][  0]LogInit: Going up to parent DeviceProfile []
[2018.12.05-09.19.01:823][  0]LogInit: Computer: DESKTOP-3RQR4D6
[2018.12.05-09.19.01:823][  0]LogInit: User: hoon
[2018.12.05-09.19.01:823][  0]LogInit: CPU Page size=4096, Cores=2
[2018.12.05-09.19.01:823][  0]LogInit: High frequency timer resolution =2.648432 MHz
[2018.12.05-09.19.01:824][  0]LogMemory: Memory total: Physical=7.9GB (8GB approx)
[2018.12.05-09.19.01:824][  0]LogMemory: Platform Memory Stats for Windows
[2018.12.05-09.19.01:824][  0]LogMemory: Process Physical Memory: 100.53 MB used, 100.53 MB peak
[2018.12.05-09.19.01:824][  0]LogMemory: Process Virtual Memory: 84.12 MB used, 84.12 MB peak
[2018.12.05-09.19.01:824][  0]LogMemory: Physical Memory: 3873.17 MB used,  4177.96 MB free, 8051.13 MB total
[2018.12.05-09.19.01:824][  0]LogMemory: Virtual Memory: 4621.23 MB used,  4177.96 MB free, 134217728.00 MB total
[2018.12.05-09.19.01:875][  0]LogInit: Using OS detected language (ko-KR).
[2018.12.05-09.19.01:875][  0]LogInit: Using OS detected locale (ko-KR).
[2018.12.05-09.19.01:877][  0]LogTextLocalizationManager: No specific localization for 'ko-KR' exists, so the 'ko' localization will be used.
[2018.12.05-09.19.02:801][  0]LogStreaming: Display: Took  0.926s to InitEngineTextLocalization.
[2018.12.05-09.19.02:801][  0]LogInit: Setting process to per monitor DPI aware
[2018.12.05-09.19.02:900][  0]LogSlate: New Slate User Created.  User Index 0, Is Virtual User: 0
[2018.12.05-09.19.02:900][  0]LogSlate: Slate User Registered.  User Index 0, Is Virtual User: 0
[2018.12.05-09.19.03:468][  0]LogHMD: Failed to initialize OpenVR with code 110
[2018.12.05-09.19.03:468][  0]LogD3D11RHI: D3D11 adapters:
[2018.12.05-09.19.03:499][  0]LogD3D11RHI:    0. 'Intel(R) HD Graphics 620' (Feature Level 11_0)
[2018.12.05-09.19.03:499][  0]LogD3D11RHI:       128/0/4025 MB DedicatedVideo/DedicatedSystem/SharedSystem, Outputs:1, VendorId:0x8086
[2018.12.05-09.19.03:505][  0]LogD3D11RHI:    1. 'Microsoft Basic Render Driver' (Feature Level 11_0)
[2018.12.05-09.19.03:505][  0]LogD3D11RHI:       0/0/4025 MB DedicatedVideo/DedicatedSystem/SharedSystem, Outputs:0, VendorId:0x1414
[2018.12.05-09.19.03:505][  0]LogD3D11RHI: Chosen D3D11 Adapter: 0
[2018.12.05-09.19.03:522][  0]LogD3D11RHI: Creating new Direct3DDevice
[2018.12.05-09.19.03:522][  0]LogD3D11RHI:     GPU DeviceId: 0x5916 (for the marketing name, search the web for "GPU Device Id")
[2018.12.05-09.19.03:522][  0]LogWindows: EnumDisplayDevices:
[2018.12.05-09.19.03:523][  0]LogWindows:    0. 'Intel(R) HD Graphics 620' (P:1 D:1)
[2018.12.05-09.19.03:526][  0]LogWindows:    1. 'Intel(R) HD Graphics 620' (P:0 D:0)
[2018.12.05-09.19.03:530][  0]LogWindows:    2. 'Intel(R) HD Graphics 620' (P:0 D:0)
[2018.12.05-09.19.03:532][  0]LogWindows: DebugString: FoundDriverCount:3 
[2018.12.05-09.19.03:532][  0]LogD3D11RHI:     Adapter Name: Intel(R) HD Graphics 620
[2018.12.05-09.19.03:532][  0]LogD3D11RHI:   Driver Version: 21.20.16.4528 (internal:21.20.16.4528, unified:21.20.16.4528)
[2018.12.05-09.19.03:532][  0]LogD3D11RHI:      Driver Date: 9-23-2016
[2018.12.05-09.19.03:532][  0]LogRHI: Texture pool is 1498 MB (70% of 2140 MB)
[2018.12.05-09.19.03:553][  0]LogD3D11RHI: Async texture creation enabled
[2018.12.05-09.19.03:582][  0]LogD3D11RHI: GPU Timing Frequency: 12.000000 (Debug: 2 0)
[2018.12.05-09.19.03:586][  0]LogShaderCompilers: Guid format shader working directory is -28 characters bigger than the processId version (../../../../../../Users/hoon/Desktop/UE4STAG/UE4STAG/FujiwaraBattleField/Intermediate/Shaders/WorkingDirectory/19884/).
[2018.12.05-09.19.03:586][  0]LogShaderCompilers: Cleaned the shader compiler working directory 'C:/Users/hoon/AppData/Local/Temp/UnrealShaderWorkingDir/0F7411CE46F17571662F589F3BBE2947/'.
[2018.12.05-09.19.04:668][  0]LogTemp: Display: Loaded TP AllDesktopTargetPlatform
[2018.12.05-09.19.04:699][  0]LogTemp: Display: Loaded TP MacClientTargetPlatform
[2018.12.05-09.19.04:743][  0]LogTemp: Display: Loaded TP MacNoEditorTargetPlatform
[2018.12.05-09.19.04:798][  0]LogTemp: Display: Loaded TP MacServerTargetPlatform
[2018.12.05-09.19.04:841][  0]LogTemp: Display: Loaded TP MacTargetPlatform
[2018.12.05-09.19.04:890][  0]LogTemp: Display: Loaded TP WindowsClientTargetPlatform
[2018.12.05-09.19.04:937][  0]LogTemp: Display: Loaded TP WindowsNoEditorTargetPlatform
[2018.12.05-09.19.04:994][  0]LogTemp: Display: Loaded TP WindowsServerTargetPlatform
[2018.12.05-09.19.05:020][  0]LogTemp: Display: Loaded TP WindowsTargetPlatform
[2018.12.05-09.19.05:220][  0]LogTemp: Display: Loaded TP AndroidTargetPlatform
[2018.12.05-09.19.05:220][  0]LogTemp: Display: Loaded TP AndroidTargetPlatform
[2018.12.05-09.19.05:220][  0]LogTemp: Display: Loaded TP AndroidTargetPlatform
[2018.12.05-09.19.05:220][  0]LogTemp: Display: Loaded TP AndroidTargetPlatform
[2018.12.05-09.19.05:220][  0]LogTemp: Display: Loaded TP AndroidTargetPlatform
[2018.12.05-09.19.05:220][  0]LogTemp: Display: Loaded TP AndroidTargetPlatform
[2018.12.05-09.19.05:220][  0]LogTemp: Display: Loaded TP AndroidTargetPlatform
[2018.12.05-09.19.05:220][  0]LogTemp: Display: Loaded TP AndroidTargetPlatform
[2018.12.05-09.19.05:220][  0]LogTemp: Display: Loaded TP AndroidTargetPlatform
[2018.12.05-09.19.05:220][  0]LogTemp: Display: Loaded TP AndroidTargetPlatform
[2018.12.05-09.19.05:220][  0]LogTemp: Display: Loaded TP AndroidTargetPlatform
[2018.12.05-09.19.05:220][  0]LogTemp: Display: Loaded TP AndroidTargetPlatform
[2018.12.05-09.19.05:220][  0]LogTemp: Display: Loaded TP AndroidTargetPlatform
[2018.12.05-09.19.05:220][  0]LogTemp: Display: Loaded TP AndroidTargetPlatform
[2018.12.05-09.19.05:220][  0]LogTemp: Display: Loaded TP AndroidTargetPlatform
[2018.12.05-09.19.05:220][  0]LogTemp: Display: Loaded TP AndroidTargetPlatform
[2018.12.05-09.19.05:220][  0]LogTemp: Display: Loaded TP AndroidTargetPlatform
[2018.12.05-09.19.05:220][  0]LogTemp: Display: Loaded TP AndroidTargetPlatform
[2018.12.05-09.19.05:224][  0]LogTemp: Display: Loaded TP HTML5TargetPlatform
[2018.12.05-09.19.05:320][  0]LogTemp: Display: Loaded TP IOSTargetPlatform
[2018.12.05-09.19.05:320][  0]LogTemp: Display: Loaded TP IOSTargetPlatform
[2018.12.05-09.19.05:411][  0]LogTemp: Display: Loaded TP TVOSTargetPlatform
[2018.12.05-09.19.05:411][  0]LogTemp: Display: Loaded TP TVOSTargetPlatform
[2018.12.05-09.19.05:450][  0]LogTemp: Display: Loaded TP LinuxClientTargetPlatform
[2018.12.05-09.19.05:490][  0]LogTemp: Display: Loaded TP LinuxNoEditorTargetPlatform
[2018.12.05-09.19.05:529][  0]LogTemp: Display: Loaded TP LinuxServerTargetPlatform
[2018.12.05-09.19.05:563][  0]LogTemp: Display: Loaded TP LinuxTargetPlatform
[2018.12.05-09.19.05:578][  0]LogTemp: Display: Loaded TP LuminTargetPlatform
[2018.12.05-09.19.05:578][  0]LogTargetPlatformManager: Display: Building Assets For Windows
[2018.12.05-09.19.05:736][  0]LogXGEController: Cannot use XGE Controller as Incredibuild is not installed on this machine.
[2018.12.05-09.19.05:737][  0]LogShaderCompilers: Cannot use XGE Shader Compiler as Incredibuild is not installed on this machine.
[2018.12.05-09.19.05:737][  0]LogShaderCompilers: Display: Using Local Shader Compiler.
[2018.12.05-09.19.07:634][  0]LogDerivedDataCache: Display: Max Cache Size: 512 MB
[2018.12.05-09.19.07:818][  0]LogDerivedDataCache: Loaded boot cache 0.18s 71MB C:/Users/hoon/AppData/Local/UnrealEngine/4.20/DerivedDataCache/Boot.ddc.
[2018.12.05-09.19.07:820][  0]LogDerivedDataCache: Display: Loaded Boot cache: C:/Users/hoon/AppData/Local/UnrealEngine/4.20/DerivedDataCache/Boot.ddc
[2018.12.05-09.19.07:820][  0]LogDerivedDataCache: FDerivedDataBackendGraph:  Pak pak cache file ../../../../../../Users/hoon/Desktop/UE4STAG/UE4STAG/FujiwaraBattleField/DerivedDataCache/DDC.ddp not found, will not use a pak cache.
[2018.12.05-09.19.07:820][  0]LogDerivedDataCache: Unable to find inner node Pak for hierarchical cache Hierarchy.
[2018.12.05-09.19.07:820][  0]LogDerivedDataCache: FDerivedDataBackendGraph:  CompressedPak pak cache file ../../../../../../Users/hoon/Desktop/UE4STAG/UE4STAG/FujiwaraBattleField/DerivedDataCache/Compressed.ddp not found, will not use a pak cache.
[2018.12.05-09.19.07:820][  0]LogDerivedDataCache: Unable to find inner node CompressedPak for hierarchical cache Hierarchy.
[2018.12.05-09.19.07:862][  0]LogDerivedDataCache: Display: Pak cache opened for reading ../../../Engine/DerivedDataCache/Compressed.ddp.
[2018.12.05-09.19.07:876][  0]LogDerivedDataCache: Using Local data cache path C:/Users/hoon/AppData/Local/UnrealEngine/Common/DerivedDataCache: Writable
[2018.12.05-09.19.07:876][  0]LogDerivedDataCache: Shared data cache path not found in *engine.ini, will not use an Shared cache.
[2018.12.05-09.19.07:876][  0]LogDerivedDataCache: Unable to find inner node Shared for hierarchical cache Hierarchy.
[2018.12.05-09.19.07:942][  0]LogMaterial: Verifying Global Shaders for PCD3D_SM5
[2018.12.05-09.19.07:946][  0]LogSlate: Using FreeType 2.6.0
[2018.12.05-09.19.07:947][  0]LogSlate: SlateFontServices - WITH_FREETYPE: 1, WITH_HARFBUZZ: 1
[2018.12.05-09.19.08:123][  0]LogAssetRegistry: FAssetRegistry took 0.0395 seconds to start up
[2018.12.05-09.19.08:844][  0]LogInit: Selected Device Profile: [Windows]
[2018.12.05-09.19.09:109][  0]LogSimplygon: Simplygon DLL not present - disabling.
[2018.12.05-09.19.09:119][  0]LogMeshReduction: Using SimplygonSwarm for distributed automatic mesh merging
[2018.12.05-09.19.09:119][  0]LogMeshReduction: Using ProxyLODMeshReduction for automatic mesh merging
[2018.12.05-09.19.09:119][  0]LogMeshReduction: Using QuadricMeshReduction for automatic static mesh reduction
[2018.12.05-09.19.09:119][  0]LogMeshReduction: No automatic skeletal mesh reduction module available
[2018.12.05-09.19.09:159][  0]LogNetVersion: FujiwaraBattleField 1.0.0, NetCL: 4212847, EngineNetVer: 5, GameNetVer: 0 (Checksum: 1838566955)
[2018.12.05-09.19.10:666][  0]LogPackageLocalizationCache: Processed 11 localized package path(s) for 2 prioritized culture(s) in 0.271565 seconds
[2018.12.05-09.19.10:683][  0]LogUObjectArray: 38425 objects as part of root set at end of initial load.
[2018.12.05-09.19.10:683][  0]LogUObjectAllocator: 6690864 out of 0 bytes used by permanent object pool.
[2018.12.05-09.19.10:683][  0]LogUObjectArray: CloseDisregardForGC: 0/0 objects in disregard for GC pool
[2018.12.05-09.19.12:819][  0]LogTcpMessaging: Initializing TcpMessaging bridge
[2018.12.05-09.19.12:837][  0]LogUdpMessaging: Initializing bridge on interface 0.0.0.0:0 to multicast group 230.0.0.1:6666.
[2018.12.05-09.19.13:255][  0]SourceControl: 소스 컨트롤이 꺼졌습니다.
[2018.12.05-09.19.13:255][  0]SourceControl: 소스 컨트롤이 꺼졌습니다.
[2018.12.05-09.19.13:261][  0]SourceControl: 소스 컨트롤이 꺼졌습니다.
[2018.12.05-09.19.13:266][  0]SourceControl: 소스 컨트롤이 꺼졌습니다.
[2018.12.05-09.19.13:586][  0]LogAndroidPermission: UAndroidPermissionCallbackProxy::GetInstance
[2018.12.05-09.19.13:917][  0]LogOcInput: OculusInput pre-init called
[2018.12.05-09.19.14:101][  0]LogEngine: Initializing Engine...
[2018.12.05-09.19.14:104][  0]LogHMD: Failed to initialize OpenVR with code 110
[2018.12.05-09.19.14:108][  0]LogStats: UGameplayTagsManager::ConstructGameplayTagTree: ImportINI prefixes -  0.000 s
[2018.12.05-09.19.14:108][  0]LogStats: UGameplayTagsManager::ConstructGameplayTagTree: Construct from data asset -  0.000 s
[2018.12.05-09.19.14:108][  0]LogStats: UGameplayTagsManager::ConstructGameplayTagTree: ImportINI -  0.000 s
[2018.12.05-09.19.14:108][  0]LogStats: UGameplayTagsManager::ConstructGameplayTagTree: GameplayTagTreeChangedEvent.Broadcast -  0.000 s
[2018.12.05-09.19.14:687][  0]LogInit: Initializing FReadOnlyCVARCache
[2018.12.05-09.19.14:753][  0]LogAIModule: Creating AISystem for world Untitled
[2018.12.05-09.19.14:815][  0]LogInit: XAudio2 using 'Speakers(Conexant HD Audio)' : 2 channels at 48 kHz using 32 bits per sample (channel mask 0x3)
[2018.12.05-09.19.15:259][  0]LogInit: FAudioDevice initialized.
[2018.12.05-09.19.15:259][  0]LogNetVersion: Set ProjectVersion to 1.0.0.0. Version Checksum will be recalculated on next use.
[2018.12.05-09.19.15:350][  0]LogDerivedDataCache: Saved boot cache 0.09s 71MB C:/Users/hoon/AppData/Local/UnrealEngine/4.20/DerivedDataCache/Boot.ddc.
[2018.12.05-09.19.15:350][  0]LogInit: Texture streaming: Enabled
[2018.12.05-09.19.15:375][  0]LogEngineSessionManager: EngineSessionManager initialized
[2018.12.05-09.19.15:377][  0]LogEngineSessionManager: EngineSessionManager sent abnormal shutdown report. Type=Crashed, SessionId={51A5BA8D-413D-7384-BA56-E194BFB00ED9}
[2018.12.05-09.19.15:390][  0]LogInit: Transaction tracking system initialized
[2018.12.05-09.19.15:421][  0]BlueprintLog: New page: 에디터 로드
[2018.12.05-09.19.15:510][  0]LocalizationService: 현지화 서비스가 비활성화되었습니다.
[2018.12.05-09.19.16:691][  0]LogCook: Display: Max memory allowance for cook 16384mb min free memory 0mb
[2018.12.05-09.19.16:692][  0]LogCook: Display: Mobile HDR setting 1
[2018.12.05-09.19.16:692][  0]LogGameplayTags: Display: UGameplayTagsManager::DoneAddingNativeTags. DelegateIsBound: 0
[2018.12.05-09.19.16:692][  0]LogStats: UGameplayTagsManager::ConstructGameplayTagTree: ImportINI prefixes -  0.000 s
[2018.12.05-09.19.16:692][  0]LogStats: UGameplayTagsManager::ConstructGameplayTagTree: Construct from data asset -  0.000 s
[2018.12.05-09.19.16:692][  0]LogStats: UGameplayTagsManager::ConstructGameplayTagTree: ImportINI -  0.000 s
[2018.12.05-09.19.16:692][  0]LogStats: UGameplayTagsManager::ConstructGameplayTagTree: GameplayTagTreeChangedEvent.Broadcast -  0.000 s
[2018.12.05-09.19.16:998][  0]LogFileCache: Scanning file cache for directory 'C:/Users/hoon/Desktop/UE4STAG/UE4STAG/FujiwaraBattleField/Content/' took 0.04s
[2018.12.05-09.19.16:999][  0]SourceControl: 소스 컨트롤이 꺼졌습니다.
[2018.12.05-09.19.17:165][  0]LogWindowsTextInputMethodSystem: Display: IME system now activated using TSF (Microsoft 입력기).
[2018.12.05-09.19.17:187][  0]LogSlate: Took 0.006546 seconds to synchronously load lazily loaded font '../../../Engine/Content/Editor/Slate/Fonts/NanumGothic.ttf' (4243K)
[2018.12.05-09.19.17:187][  0]LogSlate: Took 0.000385 seconds to synchronously load lazily loaded font '../../../Engine/Content/Slate/Fonts/Roboto-Regular.ttf' (155K)
[2018.12.05-09.19.22:322][  0]LogSlate: Window '패키지 복원' being destroyed
[2018.12.05-09.19.22:334][  0]LogWindowsTextInputMethodSystem: Display: IME system now activated using TSF (Microsoft 입력기).
[2018.12.05-09.19.22:358][  0]LogWindowsTextInputMethodSystem: Display: IME system now activated using TSF (Microsoft 입력기).
[2018.12.05-09.19.34:787][  0]LogSlate: Window '소스 컨트롤에서 체크아웃할 수 없습니다!' being destroyed
[2018.12.05-09.19.34:796][  0]LogWindowsTextInputMethodSystem: Display: IME system now activated using TSF (Microsoft 입력기).
[2018.12.05-09.19.34:819][  0]LogWindowsTextInputMethodSystem: Display: IME system now activated using TSF (Microsoft 입력기).
[2018.12.05-09.19.34:886][  0]Cmd: MAP LOAD FILE="../../../../../../Users/hoon/Desktop/UE4STAG/UE4STAG/FujiwaraBattleField/Content/Maps/Maps_LostBambooForest.umap" TEMPLATE=0 SHOWPROGRESS=1 FEATURELEVEL=3
[2018.12.05-09.19.34:888][  0]LightingResults: New page: 라이팅 빌드
[2018.12.05-09.19.34:918][  0]MapCheck: New page: 맵 체크
[2018.12.05-09.19.34:918][  0]LightingResults: New page: 라이팅 빌드
[2018.12.05-09.19.41:959][  0]LogMaterial: Display: Missing cached shader map for material M_UE4Man_Body, compiling. 
[2018.12.05-09.19.41:974][  0]LogMaterial: Warning: C:\Users\hoon\Desktop\UE4STAG\UE4STAG\FujiwaraBattleField\Content\_Temporary\Pawn\Character\Mannequin\Materials\M_UE4Man_Body.uasset: Failed to compile Material for platform PCD3D_SM5, Default Material will be used in game.
[2018.12.05-09.19.41:974][  0]LogMaterial: 	(Node TextureSampleParameter2D) Param2D> Requires Texture2D
[2018.12.05-09.19.41:974][  0]LogMaterial: 	Function MatLayerBlend_NormalBlend: (Node MakeMaterialAttributes) Error on property Normal
[2018.12.05-09.19.41:974][  0]LogMaterial: 	(Node TextureSample) Texture Sample> Missing input texture
[2018.12.05-09.19.41:974][  0]LogMaterial: 	Function MatLayerBlend_Simple: (Node MakeMaterialAttributes) Error on property EmissiveColor
[2018.12.05-09.19.41:974][  0]LogMaterial: 	Function MatLayerBlend_Simple: (Node MakeMaterialAttributes) Error on property BaseColor
[2018.12.05-09.19.41:974][  0]LogMaterial: 	Function MatLayerBlend_Simple: (Node MakeMaterialAttributes) Error on property Metallic
[2018.12.05-09.19.41:975][  0]LogMaterial: 	Function MatLayerBlend_Simple: (Node MakeMaterialAttributes) Error on property Roughness
[2018.12.05-09.19.41:983][  0]LogMaterial: Display: Missing cached shader map for material M_UE4Man_Body, compiling. 
[2018.12.05-09.19.41:990][  0]LogMaterial: Warning: C:\Users\hoon\Desktop\UE4STAG\UE4STAG\FujiwaraBattleField\Content\_Temporary\Pawn\Character\Mannequin\Materials\M_UE4Man_ChestLogo.uasset: Failed to compile Material Instance with Base M_UE4Man_Body for platform PCD3D_SM5, Default Material will be used in game.
[2018.12.05-09.19.41:990][  0]LogMaterial: 	(Node TextureSampleParameter2D) Param2D> Requires Texture2D
[2018.12.05-09.19.41:990][  0]LogMaterial: 	Function MatLayerBlend_NormalBlend: (Node MakeMaterialAttributes) Error on property Normal
[2018.12.05-09.19.41:990][  0]LogMaterial: 	Function ML_Plastic_Shiny_Beige_LOGO: (Node TextureSample) Logo Mask> Missing input texture
[2018.12.05-09.19.41:990][  0]LogMaterial: 	Function ML_Plastic_Shiny_Beige_LOGO: (Node MakeMaterialAttributes) Error on property OpacityMask
[2018.12.05-09.19.43:565][  0]LogAIModule: Creating AISystem for world Maps_LostBambooForest
[2018.12.05-09.19.43:972][  0]LogEditorServer: Finished looking for orphan Actors (0.000 secs)
[2018.12.05-09.19.44:104][  0]Cmd: MAP CHECKDEP NOCLEARLOG
[2018.12.05-09.19.44:441][  0]MapCheck: 맵 체크 완료: 오류 0 회, 경고 0 회, 소요 시간 336.396ms.
[2018.12.05-09.19.44:442][  0]LogFileHelpers: Loading map 'Maps_LostBambooForest' took 9.556
[2018.12.05-09.19.44:579][  0]LogSlate: Updating window title bar state: overlay mode, drag disabled, window buttons hidden, title bar hidden
[2018.12.05-09.19.44:605][  0]LogSlate: Updating window title bar state: overlay mode, drag disabled, window buttons hidden, title bar hidden
[2018.12.05-09.19.44:628][  0]LogSlate: Updating window title bar state: overlay mode, drag disabled, window buttons hidden, title bar hidden
[2018.12.05-09.19.44:652][  0]LogSlate: Updating window title bar state: overlay mode, drag disabled, window buttons hidden, title bar hidden
[2018.12.05-09.19.44:674][  0]LogCollectionManager: Loaded 0 collections in 0.006840 seconds
[2018.12.05-09.19.44:732][  0]LogFileCache: Scanning file cache for directory 'C:/Users/hoon/Desktop/UE4STAG/UE4STAG/FujiwaraBattleField/Saved/Collections/' took 0.01s
[2018.12.05-09.19.44:732][  0]LogFileCache: Scanning file cache for directory 'C:/Users/hoon/Desktop/UE4STAG/UE4STAG/FujiwaraBattleField/Content/Developers/hoon/Collections/' took 0.01s
[2018.12.05-09.19.44:732][  0]LogFileCache: Scanning file cache for directory 'C:/Users/hoon/Desktop/UE4STAG/UE4STAG/FujiwaraBattleField/Content/Collections/' took 0.01s
[2018.12.05-09.19.44:732][  0]LogCollectionManager: Rebuilt the GUID cache for 0 collections in 0.000001 seconds
[2018.12.05-09.19.44:760][  0]LogContentBrowser: Native class hierarchy populated in 0.0277 seconds. Added 2578 classes and 609 folders.
[2018.12.05-09.19.44:779][  0]LogContentBrowser: Native class hierarchy updated for 'WidgetCarousel' in 0.0011 seconds. Added 0 classes and 0 folders.
[2018.12.05-09.19.45:002][  0]LogContentBrowser: Native class hierarchy updated for 'AddContentDialog' in 0.0012 seconds. Added 0 classes and 0 folders.
[2018.12.05-09.19.45:022][  0]LogContentBrowser: Native class hierarchy updated for 'SceneOutliner' in 0.0012 seconds. Added 1 classes and 2 folders.
[2018.12.05-09.19.45:095][  0]LogSlate: Took 0.008941 seconds to synchronously load lazily loaded font '../../../Engine/Content/Editor/Slate/Fonts/NanumGothicBold.ttf' (4188K)
[2018.12.05-09.19.45:096][  0]LogSlate: Took 0.000463 seconds to synchronously load lazily loaded font '../../../Engine/Content/Slate/Fonts/Roboto-Bold.ttf' (160K)
[2018.12.05-09.19.45:104][  0]LogSlate: Took 0.000529 seconds to synchronously load lazily loaded font '../../../Engine/Content/Editor/Slate/Fonts/FontAwesome.ttf' (139K)
[2018.12.05-09.19.45:395][  0]LogRenderer: Reallocating scene render targets to support 828x392 Format 9 NumSamples 1 (Frame:1).
[2018.12.05-09.19.46:885][  0]LogContentBrowser: Native class hierarchy updated for 'HierarchicalLODOutliner' in 0.0008 seconds. Added 0 classes and 0 folders.
[2018.12.05-09.19.46:885][  0]LogLoad: (Engine Initialization) Total time: 49.21 seconds
[2018.12.05-09.19.46:885][  0]LogLoad: (Engine Initialization) Total Blueprint compile time: 0.00 seconds
[2018.12.05-09.19.46:988][  0]LogContentStreaming: Texture pool size now 400 MB
[2018.12.05-09.19.47:028][  0]LogSlate: Took 0.000414 seconds to synchronously load lazily loaded font '../../../Engine/Content/Slate/Fonts/Roboto-Light.ttf' (167K)
[2018.12.05-09.19.48:245][  4]LogAssetRegistry: Asset discovery search completed in 40.1451 seconds
[2018.12.05-09.19.48:251][  4]LogCollectionManager: Rebuilt the object cache for 0 collections in 0.000001 seconds (found 0 objects)
[2018.12.05-09.19.48:251][  4]LogCollectionManager: Fixed up redirectors for 0 collections in 0.000152 seconds (updated 0 objects)
[2018.12.05-09.19.48:277][  4]LogSlate: Took 0.000625 seconds to synchronously load lazily loaded font '../../../Engine/Content/Slate/Fonts/Roboto-Light.ttf' (167K)
[2018.12.05-09.19.51:531][ 14]LogSlate: FSceneViewport::OnFocusLost() reason 0
[2018.12.05-09.19.51:744][ 18]LogAssetEditorManager: Opening Asset editor for Blueprint /Game/_Temporary/Pawn/Skill/Enemy/ESkill_Basic1.ESkill_Basic1
[2018.12.05-09.19.53:282][ 18]LogContentBrowser: Native class hierarchy updated for 'BlueprintGraph' in 0.0026 seconds. Added 116 classes and 0 folders.
[2018.12.05-09.19.55:608][ 18]LogAssetEditorManager: Opening Asset editor for Blueprint /Game/_Temporary/Pawn/Skill/Enemy/ESkill_Basic2.ESkill_Basic2
[2018.12.05-09.19.56:555][ 18]LogAssetEditorManager: Opening Asset editor for Blueprint /Game/_Temporary/Pawn/Skill/Projectile/SpellProjectile.SpellProjectile
[2018.12.05-09.19.57:478][ 18]LogAssetEditorManager: Opening Asset editor for Blueprint /Game/_Temporary/Pawn/Skill/Projectile/DangerZone.DangerZone
[2018.12.05-09.19.58:473][ 18]LogAssetEditorManager: Opening Asset editor for WidgetBlueprint /Game/_Temporary/UI/Widget/Skill/W_DangerZone.W_DangerZone
[2018.12.05-09.19.59:439][ 18]LogAssetEditorManager: Opening Asset editor for Blueprint /Game/_Temporary/Pawn/Skill/Enemy/ESkill_Basic3.ESkill_Basic3
[2018.12.05-09.20.00:781][ 18]LogAssetEditorManager: Opening Asset editor for Blueprint /Game/_Temporary/Pawn/Skill/Projectile/SpellLaser.SpellLaser
[2018.12.05-09.20.02:001][ 18]LogFileCache: Retrieving MD5 hashes for directory 'C:/Users/hoon/Desktop/UE4STAG/UE4STAG/FujiwaraBattleField/Content/' took 15.07s
[2018.12.05-09.20.02:044][ 18]LogSlate: Took 0.000533 seconds to synchronously load lazily loaded font '../../../Engine/Content/Slate/Fonts/Roboto-BoldCondensed.ttf' (158K)
[2018.12.05-09.20.03:359][ 19]LogSlate: Took 0.000573 seconds to synchronously load lazily loaded font '../../../Engine/Content/Slate/Fonts/Roboto-Italic.ttf' (157K)
[2018.12.05-09.22.40:856][987]BlueprintLog: New page: ESkill_Basic3 컴파일
[2018.12.05-09.23.23:598][877]BlueprintLog: New page: SpellProjectile 컴파일
[2018.12.05-09.23.48:609][328]BlueprintLog: New page: ESkill_Basic3 컴파일
[2018.12.05-09.24.46:508][499]BlueprintLog: New page: SpellProjectile 컴파일
[2018.12.05-09.25.10:789][963]LogSlate: Took 0.000556 seconds to synchronously load lazily loaded font '../../../Engine/Content/Slate/Fonts/Roboto-BoldCondensedItalic.ttf' (160K)
[2018.12.05-09.25.23:617][221]BlueprintLog: New page: SpellProjectile 컴파일
[2018.12.05-09.25.55:927][905]BlueprintLog: New page: SpellProjectile 컴파일
[2018.12.05-09.26.13:605][205]BlueprintLog: New page: ESkill_Basic2 컴파일
[2018.12.05-09.26.19:548][294]BlueprintLog: New page: ESkill_Basic2 컴파일
[2018.12.05-09.26.27:236][414]BlueprintLog: New page: ESkill_Basic1 컴파일
[2018.12.05-09.27.34:627][746]LogTemp: Repeating last play command: 선택된 뷰포트
[2018.12.05-09.27.34:775][746]LogBlueprintUserMessages: Early PlayInEditor Detection: Level '/Game/Maps/Maps_LostBambooForest.Maps_LostBambooForest:PersistentLevel' has LevelScriptBlueprint '/Game/Maps/Maps_LostBambooForest.Maps_LostBambooForest:PersistentLevel.Maps_LostBambooForest' with GeneratedClass '/Game/Maps/Maps_LostBambooForest.Maps_LostBambooForest_C' with ClassGeneratedBy '/Game/Maps/Maps_LostBambooForest.Maps_LostBambooForest:PersistentLevel.Maps_LostBambooForest'
[2018.12.05-09.27.34:776][746]BlueprintLog: New page: 플레이 전 자동 컴파일
[2018.12.05-09.27.34:850][746]LogPlayLevel: [PlayLevel] Compiling ESkill_Basic2 before play...
[2018.12.05-09.27.35:481][746]LogPlayLevel: PlayLevel: Blueprint regeneration took 704 ms (1 blueprints)
[2018.12.05-09.27.35:496][746]PIE: New page: PIE 세션: Maps_LostBambooForest (2018. 12. 6. 오전 3:27:35)
[2018.12.05-09.27.35:498][746]LogPlayLevel: Creating play world package: /Game/Maps/UEDPIE_0_Maps_LostBambooForest
[2018.12.05-09.27.35:898][746]LogPlayLevel: PIE: StaticDuplicateObject took: (0.400997s)
[2018.12.05-09.27.35:901][746]LogAIModule: Creating AISystem for world Maps_LostBambooForest
[2018.12.05-09.27.35:902][746]LogPlayLevel: PIE: World Init took: (0.003326s)
[2018.12.05-09.27.35:902][746]LogPlayLevel: PIE: Created PIE world by copying editor world from /Game/Maps/Maps_LostBambooForest.Maps_LostBambooForest to /Game/Maps/UEDPIE_0_Maps_LostBambooForest.Maps_LostBambooForest (0.404934s)
[2018.12.05-09.27.36:075][746]LogInit: XAudio2 using 'Speakers(Conexant HD Audio)' : 2 channels at 48 kHz using 32 bits per sample (channel mask 0x3)
[2018.12.05-09.27.36:289][746]LogInit: FAudioDevice initialized.
[2018.12.05-09.27.36:399][746]LogLoad: Game class is 'BP_MyGameModeBase_C'
[2018.12.05-09.27.36:444][746]LogWorld: Bringing World /Game/Maps/UEDPIE_0_Maps_LostBambooForest.Maps_LostBambooForest up for play (max tick rate 60) at 2018.12.05-18.27.36
[2018.12.05-09.27.36:445][746]LogWorld: Bringing up level for play took: 0.042677
[2018.12.05-09.27.36:508][746]LogContentBrowser: Native class hierarchy updated for 'MovieSceneCapture' in 0.0014 seconds. Added 10 classes and 0 folders.
[2018.12.05-09.27.36:510][746]LogBlueprintUserMessages: [Maps_LostBambooForest_C_4] 레벨초기화
[2018.12.05-09.27.36:510][746]LogBlueprintUserMessages: [BP_MyGameInstance_C_0] GameInstance초기화
[2018.12.05-09.27.36:511][746]LogBlueprintUserMessages: [KiteMusicSequencer_C_0] 현재 BGM : 동방영야초_엑스트라_모드_테마곡__Extend_Ash___봉래인_Opening
[2018.12.05-09.27.36:512][746]LogBlueprintUserMessages: [KiteMusicSequencer_C_0] 다음 BGM : 동방영야초_2면_테마곡__야작의_가성___Night_Bird_SubMusic
[2018.12.05-09.27.36:529][746]LogLinker: Warning: '/Engine/Transient' 파일을 찾을 수 없습니다.
[2018.12.05-09.27.36:529][746]LogUObjectGlobals: Warning: 'Object /Engine/Transient.UnrealEdEngine_0.BP_MyGameInstance_C_12.W_InGame_C_0.WidgetTree_0.W_HealthBar' 오브젝트를 찾는 데 실패했습니다.
[2018.12.05-09.27.36:530][746]LogLinker: Warning: '/Engine/Transient' 파일을 찾을 수 없습니다.
[2018.12.05-09.27.36:531][746]LogLinker: Warning: '/Engine/Transient' 파일을 찾을 수 없습니다.
[2018.12.05-09.27.36:532][746]LogLinker: Warning: '/Engine/Transient' 파일을 찾을 수 없습니다.
[2018.12.05-09.27.36:537][746]LogLinker: Warning: '/Engine/Transient' 파일을 찾을 수 없습니다.
[2018.12.05-09.27.36:538][746]LogLinker: Warning: '/Engine/Transient' 파일을 찾을 수 없습니다.
[2018.12.05-09.27.36:538][746]LogLinker: Warning: '/Engine/Transient' 파일을 찾을 수 없습니다.
[2018.12.05-09.27.36:539][746]LogLinker: Warning: '/Engine/Transient' 파일을 찾을 수 없습니다.
[2018.12.05-09.27.36:547][746]PIE: /Game/Maps/UEDPIE_0_Maps_LostBambooForest 에 대한 에디터에서 플레이 시작 시간: 2.078
[2018.12.05-09.27.36:548][746]LogBlueprintUserMessages: Late PlayInEditor Detection: Level '/Game/Maps/Maps_LostBambooForest.Maps_LostBambooForest:PersistentLevel' has LevelScriptBlueprint '/Game/Maps/Maps_LostBambooForest.Maps_LostBambooForest:PersistentLevel.Maps_LostBambooForest' with GeneratedClass '/Game/Maps/Maps_LostBambooForest.Maps_LostBambooForest_C' with ClassGeneratedBy '/Game/Maps/Maps_LostBambooForest.Maps_LostBambooForest:PersistentLevel.Maps_LostBambooForest'
[2018.12.05-09.27.36:565][746]LogSlate: Took 0.006563 seconds to synchronously load lazily loaded font '../../../Engine/Content/Slate/Fonts/../../Editor/Slate/Fonts/NanumGothic.ttf' (4243K)
[2018.12.05-09.27.37:265][755]LogSlate: FSceneViewport::OnFocusLost() reason 0
[2018.12.05-09.27.38:230][790]LogSlate: FSceneViewport::OnFocusLost() reason 0
[2018.12.05-09.27.38:917][817]LogSlate: FSceneViewport::OnFocusLost() reason 0
[2018.12.05-09.27.39:653][846]LogBlueprintUserMessages: [BP_MyGameInstance_C_0] 새 게임을 진행합니다.
[2018.12.05-09.27.39:702][847]LogBlueprintUserMessages: [KiteMusicSequencer_C_0] 현재 BGM : 동방영야초_2면_테마곡__야작의_가성___Night_Bird_SubMusic
[2018.12.05-09.27.42:678][974]LogBlueprintUserMessages: [Maps_LostBambooForest_C_4] Success
[2018.12.05-09.27.48:991][191]LogBlueprintUserMessages: Early EndPlayMap Detection: Level '/Game/Maps/Maps_LostBambooForest.Maps_LostBambooForest:PersistentLevel' has LevelScriptBlueprint '/Game/Maps/Maps_LostBambooForest.Maps_LostBambooForest:PersistentLevel.Maps_LostBambooForest' with GeneratedClass '/Game/Maps/Maps_LostBambooForest.Maps_LostBambooForest_C' with ClassGeneratedBy '/Game/Maps/Maps_LostBambooForest.Maps_LostBambooForest:PersistentLevel.Maps_LostBambooForest'
[2018.12.05-09.27.48:998][191]LogSlate: Updating window title bar state: overlay mode, drag disabled, window buttons hidden, title bar hidden
[2018.12.05-09.27.49:062][191]LogPlayLevel: Display: Shutting down PIE online subsystems
[2018.12.05-09.27.49:062][191]LogBlueprintUserMessages: Late EndPlayMap Detection: Level '/Game/Maps/Maps_LostBambooForest.Maps_LostBambooForest:PersistentLevel' has LevelScriptBlueprint '/Game/Maps/Maps_LostBambooForest.Maps_LostBambooForest:PersistentLevel.Maps_LostBambooForest' with GeneratedClass '/Game/Maps/Maps_LostBambooForest.Maps_LostBambooForest_C' with ClassGeneratedBy '/Game/Maps/Maps_LostBambooForest.Maps_LostBambooForest:PersistentLevel.Maps_LostBambooForest'
[2018.12.05-09.27.49:205][191]LogSlate: Updating window title bar state: overlay mode, drag disabled, window buttons hidden, title bar hidden
[2018.12.05-09.27.49:293][192]LogPlayLevel: Display: Destroying online subsystem :Context_9
[2018.12.05-09.27.49:539][194]LogSlate: FSceneViewport::OnFocusLost() reason 2
[2018.12.05-09.27.57:735][334]LogTemp: Repeating last play command: 선택된 뷰포트
[2018.12.05-09.27.57:870][334]LogBlueprintUserMessages: Early PlayInEditor Detection: Level '/Game/Maps/Maps_LostBambooForest.Maps_LostBambooForest:PersistentLevel' has LevelScriptBlueprint '/Game/Maps/Maps_LostBambooForest.Maps_LostBambooForest:PersistentLevel.Maps_LostBambooForest' with GeneratedClass '/Game/Maps/Maps_LostBambooForest.Maps_LostBambooForest_C' with ClassGeneratedBy '/Game/Maps/Maps_LostBambooForest.Maps_LostBambooForest:PersistentLevel.Maps_LostBambooForest'
[2018.12.05-09.27.57:871][334]BlueprintLog: New page: 플레이 전 자동 컴파일
[2018.12.05-09.27.57:937][334]LogPlayLevel: [PlayLevel] Compiling ESkill_Basic2 before play...
[2018.12.05-09.27.58:780][334]LogPlayLevel: PlayLevel: Blueprint regeneration took 909 ms (1 blueprints)
[2018.12.05-09.27.58:780][334]PIE: New page: PIE 세션: Maps_LostBambooForest (2018. 12. 6. 오전 3:27:58)
[2018.12.05-09.27.58:782][334]LogPlayLevel: Creating play world package: /Game/Maps/UEDPIE_0_Maps_LostBambooForest
[2018.12.05-09.27.58:929][334]LogPlayLevel: PIE: StaticDuplicateObject took: (0.146546s)
[2018.12.05-09.27.58:930][334]LogAIModule: Creating AISystem for world Maps_LostBambooForest
[2018.12.05-09.27.58:930][334]LogPlayLevel: PIE: World Init took: (0.001361s)
[2018.12.05-09.27.58:930][334]LogPlayLevel: PIE: Created PIE world by copying editor world from /Game/Maps/Maps_LostBambooForest.Maps_LostBambooForest to /Game/Maps/UEDPIE_0_Maps_LostBambooForest.Maps_LostBambooForest (0.148350s)
[2018.12.05-09.27.59:031][334]LogInit: XAudio2 using 'Speakers(Conexant HD Audio)' : 2 channels at 48 kHz using 32 bits per sample (channel mask 0x3)
[2018.12.05-09.27.59:129][334]LogInit: FAudioDevice initialized.
[2018.12.05-09.27.59:183][334]LogLoad: Game class is 'BP_MyGameModeBase_C'
[2018.12.05-09.27.59:238][334]LogWorld: Bringing World /Game/Maps/UEDPIE_0_Maps_LostBambooForest.Maps_LostBambooForest up for play (max tick rate 60) at 2018.12.05-18.27.59
[2018.12.05-09.27.59:239][334]LogWorld: Bringing up level for play took: 0.053914
[2018.12.05-09.27.59:277][334]LogBlueprintUserMessages: [Maps_LostBambooForest_C_4] 레벨초기화
[2018.12.05-09.27.59:278][334]LogBlueprintUserMessages: [BP_MyGameInstance_C_1] GameInstance초기화
[2018.12.05-09.27.59:279][334]LogBlueprintUserMessages: [KiteMusicSequencer_C_0] 현재 BGM : 동방영야초_엑스트라_모드_테마곡__Extend_Ash___봉래인_Opening
[2018.12.05-09.27.59:280][334]LogBlueprintUserMessages: [KiteMusicSequencer_C_0] 다음 BGM : 동방영야초_2면_테마곡__야작의_가성___Night_Bird_SubMusic
[2018.12.05-09.27.59:306][334]LogLinker: Warning: '/Engine/Transient' 파일을 찾을 수 없습니다.
[2018.12.05-09.27.59:307][334]LogLinker: Warning: '/Engine/Transient' 파일을 찾을 수 없습니다.
[2018.12.05-09.27.59:309][334]LogLinker: Warning: '/Engine/Transient' 파일을 찾을 수 없습니다.
[2018.12.05-09.27.59:311][334]LogLinker: Warning: '/Engine/Transient' 파일을 찾을 수 없습니다.
[2018.12.05-09.27.59:319][334]LogLinker: Warning: '/Engine/Transient' 파일을 찾을 수 없습니다.
[2018.12.05-09.27.59:321][334]LogLinker: Warning: '/Engine/Transient' 파일을 찾을 수 없습니다.
[2018.12.05-09.27.59:322][334]LogLinker: Warning: '/Engine/Transient' 파일을 찾을 수 없습니다.
[2018.12.05-09.27.59:324][334]LogLinker: Warning: '/Engine/Transient' 파일을 찾을 수 없습니다.
[2018.12.05-09.27.59:339][334]PIE: /Game/Maps/UEDPIE_0_Maps_LostBambooForest 에 대한 에디터에서 플레이 시작 시간: 0.87
[2018.12.05-09.27.59:340][334]LogBlueprintUserMessages: Late PlayInEditor Detection: Level '/Game/Maps/Maps_LostBambooForest.Maps_LostBambooForest:PersistentLevel' has LevelScriptBlueprint '/Game/Maps/Maps_LostBambooForest.Maps_LostBambooForest:PersistentLevel.Maps_LostBambooForest' with GeneratedClass '/Game/Maps/Maps_LostBambooForest.Maps_LostBambooForest_C' with ClassGeneratedBy '/Game/Maps/Maps_LostBambooForest.Maps_LostBambooForest:PersistentLevel.Maps_LostBambooForest'
[2018.12.05-09.28.00:124][346]LogSlate: FSceneViewport::OnFocusLost() reason 0
[2018.12.05-09.28.00:869][373]LogSlate: FSceneViewport::OnFocusLost() reason 0
[2018.12.05-09.28.01:599][403]LogBlueprintUserMessages: [BP_MyGameInstance_C_1] 새 게임을 진행합니다.
[2018.12.05-09.28.01:628][404]LogBlueprintUserMessages: [KiteMusicSequencer_C_0] 현재 BGM : 동방영야초_2면_테마곡__야작의_가성___Night_Bird_SubMusic
[2018.12.05-09.28.04:634][529]LogBlueprintUserMessages: [Maps_LostBambooForest_C_4] Success
[2018.12.05-09.28.11:501][766]LogBlueprintUserMessages: Early EndPlayMap Detection: Level '/Game/Maps/Maps_LostBambooForest.Maps_LostBambooForest:PersistentLevel' has LevelScriptBlueprint '/Game/Maps/Maps_LostBambooForest.Maps_LostBambooForest:PersistentLevel.Maps_LostBambooForest' with GeneratedClass '/Game/Maps/Maps_LostBambooForest.Maps_LostBambooForest_C' with ClassGeneratedBy '/Game/Maps/Maps_LostBambooForest.Maps_LostBambooForest:PersistentLevel.Maps_LostBambooForest'
[2018.12.05-09.28.11:506][766]LogSlate: Updating window title bar state: overlay mode, drag disabled, window buttons hidden, title bar hidden
[2018.12.05-09.28.11:571][766]LogPlayLevel: Display: Shutting down PIE online subsystems
[2018.12.05-09.28.11:572][766]LogBlueprintUserMessages: Late EndPlayMap Detection: Level '/Game/Maps/Maps_LostBambooForest.Maps_LostBambooForest:PersistentLevel' has LevelScriptBlueprint '/Game/Maps/Maps_LostBambooForest.Maps_LostBambooForest:PersistentLevel.Maps_LostBambooForest' with GeneratedClass '/Game/Maps/Maps_LostBambooForest.Maps_LostBambooForest_C' with ClassGeneratedBy '/Game/Maps/Maps_LostBambooForest.Maps_LostBambooForest:PersistentLevel.Maps_LostBambooForest'
[2018.12.05-09.28.11:773][766]LogSlate: Updating window title bar state: overlay mode, drag disabled, window buttons hidden, title bar hidden
[2018.12.05-09.28.11:885][767]LogPlayLevel: Display: Destroying online subsystem :Context_10
[2018.12.05-09.28.12:077][768]LogSlate: FSceneViewport::OnFocusLost() reason 2
[2018.12.05-09.29.21:271][ 95]LogSlate: Window 'SpellLaser' being destroyed
[2018.12.05-09.29.21:286][ 95]LogSlate: Window 'SpellLaser' being destroyed
[2018.12.05-09.29.21:582][ 95]LogActorComponent: UnregisterComponent: (/Engine/Transient.EditorFloorComp) Not registered. Aborting.
[2018.12.05-09.29.21:766][ 95]LogActorComponent: UnregisterComponent: (/Engine/Transient.EditorFloorComp) Not registered. Aborting.
[2018.12.05-09.29.21:924][ 95]LogActorComponent: UnregisterComponent: (/Engine/Transient.EditorFloorComp) Not registered. Aborting.
[2018.12.05-09.29.22:345][ 95]LogActorComponent: UnregisterComponent: (/Engine/Transient.EditorFloorComp) Not registered. Aborting.
[2018.12.05-09.29.22:586][ 95]LogActorComponent: UnregisterComponent: (/Engine/Transient.EditorFloorComp) Not registered. Aborting.
[2018.12.05-09.29.22:933][100]LogSlate: FSceneViewport::OnFocusLost() reason 0
[2018.12.05-09.29.24:044][103]LogSlate: Window '콘텐츠 저장' being destroyed
[2018.12.05-09.29.24:433][103]LogSavePackage: Moving '../../../../../../Users/hoon/Desktop/UE4STAG/UE4STAG/FujiwaraBattleField/Saved/ESkill_Basic1AE05F78342B532A84C78CDA45CEB1B59.tmp' to '../../../../../../Users/hoon/Desktop/UE4STAG/UE4STAG/FujiwaraBattleField/Content/_Temporary/Pawn/Skill/Enemy/ESkill_Basic1.uasset'
[2018.12.05-09.29.24:725][103]LogSavePackage: Moving '../../../../../../Users/hoon/Desktop/UE4STAG/UE4STAG/FujiwaraBattleField/Saved/ESkill_Basic21549D8604EBF639057AD99957069465F.tmp' to '../../../../../../Users/hoon/Desktop/UE4STAG/UE4STAG/FujiwaraBattleField/Content/_Temporary/Pawn/Skill/Enemy/ESkill_Basic2.uasset'
[2018.12.05-09.29.24:910][103]LogSavePackage: Moving '../../../../../../Users/hoon/Desktop/UE4STAG/UE4STAG/FujiwaraBattleField/Saved/ESkill_Basic3FFED667A41E0D24DC3ACE19B97F935EA.tmp' to '../../../../../../Users/hoon/Desktop/UE4STAG/UE4STAG/FujiwaraBattleField/Content/_Temporary/Pawn/Skill/Enemy/ESkill_Basic3.uasset'
[2018.12.05-09.29.25:449][103]LogSavePackage: Moving '../../../../../../Users/hoon/Desktop/UE4STAG/UE4STAG/FujiwaraBattleField/Saved/SpellProjectile18B49B1D413BD66C44C1909E351A2DC2.tmp' to '../../../../../../Users/hoon/Desktop/UE4STAG/UE4STAG/FujiwaraBattleField/Content/_Temporary/Pawn/Skill/Projectile/SpellProjectile.uasset'
[2018.12.05-09.29.25:721][103]LogSlate: Window 'FujiwaraBattleField - 언리얼 에디터' being destroyed
[2018.12.05-09.29.25:736][103]LogWindowsTextInputMethodSystem: Display: IME system now activated using TSF (Microsoft 입력기).
[2018.12.05-09.29.26:269][104]Cmd: QUIT_EDITOR
[2018.12.05-09.29.26:577][104]LogExit: Preparing to exit.
[2018.12.05-09.29.27:707][104]LogExit: Editor shut down
[2018.12.05-09.29.27:709][104]LogExit: Transaction tracking system shut down
[2018.12.05-09.29.28:683][104]LogExit: Object subsystem successfully closed.
[2018.12.05-09.29.28:708][104]LogShaderCompilers: Display: Shaders left to compile 0
[2018.12.05-09.29.28:719][104]LogD3D11RHI: Shutdown
[2018.12.05-09.29.28:719][104]LogD3D11RHI: CleanupD3DDevice
[2018.12.05-09.29.28:815][104]LogD3D11RHI: ~FD3D11DynamicRHI
[2018.12.05-09.29.28:956][104]LogModuleManager: Shutting down and abandoning module MovieSceneCapture (620)
[2018.12.05-09.29.28:957][104]LogModuleManager: Shutting down and abandoning module Voice (618)
[2018.12.05-09.29.28:961][104]LogModuleManager: Shutting down and abandoning module SequencerWidgets (616)
[2018.12.05-09.29.28:961][104]LogModuleManager: Shutting down and abandoning module BlueprintGraph (614)
[2018.12.05-09.29.28:961][104]LogModuleManager: Shutting down and abandoning module HierarchicalLODOutliner (612)
[2018.12.05-09.29.28:962][104]LogModuleManager: Shutting down and abandoning module SceneOutliner (610)
[2018.12.05-09.29.28:962][104]LogModuleManager: Shutting down and abandoning module AddContentDialog (608)
[2018.12.05-09.29.28:963][104]LogModuleManager: Shutting down and abandoning module WidgetCarousel (607)
[2018.12.05-09.29.28:964][104]LogModuleManager: Shutting down and abandoning module EditorWidgets (604)
[2018.12.05-09.29.28:964][104]LogModuleManager: Shutting down and abandoning module CollectionManager (602)
[2018.12.05-09.29.28:965][104]LogModuleManager: Shutting down and abandoning module StatsViewer (600)
[2018.12.05-09.29.28:965][104]LogModuleManager: Shutting down and abandoning module FoliageEdit (598)
[2018.12.05-09.29.28:965][104]LogModuleManager: Shutting down and abandoning module LandscapeEditor (596)
[2018.12.05-09.29.28:966][104]LogModuleManager: Shutting down and abandoning module MeshPaintMode (594)
[2018.12.05-09.29.28:966][104]LogModuleManager: Shutting down and abandoning module SceneDepthPickerMode (592)
[2018.12.05-09.29.28:966][104]LogModuleManager: Shutting down and abandoning module ActorPickerMode (590)
[2018.12.05-09.29.28:966][104]LogModuleManager: Shutting down and abandoning module GeometryMode (588)
[2018.12.05-09.29.28:966][104]LogModuleManager: Shutting down and abandoning module TextureAlignMode (586)
[2018.12.05-09.29.28:966][104]LogModuleManager: Shutting down and abandoning module BspMode (584)
[2018.12.05-09.29.28:967][104]LogModuleManager: Shutting down and abandoning module PIEPreviewDeviceProfileSelector (582)
[2018.12.05-09.29.28:967][104]LogModuleManager: Shutting down and abandoning module SequenceRecorderSections (580)
[2018.12.05-09.29.28:967][104]LogModuleManager: Shutting down and abandoning module AutomationWorker (578)
[2018.12.05-09.29.28:967][104]LogModuleManager: Shutting down and abandoning module AudioCaptureEditor (576)
[2018.12.05-09.29.28:967][104]LogModuleManager: Shutting down and abandoning module SequenceRecorder (575)
[2018.12.05-09.29.28:967][104]LogModuleManager: Shutting down and abandoning module MatineeToLevelSequence (572)
[2018.12.05-09.29.28:967][104]LogModuleManager: Shutting down and abandoning module LevelSequenceEditor (570)
[2018.12.05-09.29.28:967][104]LogModuleManager: Shutting down and abandoning module PlacementMode (569)
[2018.12.05-09.29.28:968][104]LogModuleManager: Shutting down and abandoning module MaterialEditor (568)
[2018.12.05-09.29.28:968][104]LogModuleManager: Shutting down and abandoning module WmfMediaFactory (564)
[2018.12.05-09.29.28:968][104]LogModuleManager: Shutting down and abandoning module WmfMediaEditor (562)
[2018.12.05-09.29.28:968][104]LogModuleManager: Shutting down and abandoning module MediaPlayerEditor (560)
[2018.12.05-09.29.28:968][104]LogModuleManager: Shutting down and abandoning module OpenExrWrapper (558)
[2018.12.05-09.29.28:969][104]LogModuleManager: Shutting down and abandoning module ImgMediaFactory (556)
[2018.12.05-09.29.28:969][104]LogModuleManager: Shutting down and abandoning module ImgMediaEditor (554)
[2018.12.05-09.29.28:969][104]LogModuleManager: Shutting down and abandoning module AvfMediaFactory (552)
[2018.12.05-09.29.28:969][104]LogModuleManager: Shutting down and abandoning module AvfMediaEditor (550)
[2018.12.05-09.29.28:969][104]LogModuleManager: Shutting down and abandoning module AndroidMediaFactory (548)
[2018.12.05-09.29.28:969][104]LogModuleManager: Shutting down and abandoning module AndroidMediaEditor (546)
[2018.12.05-09.29.28:969][104]LogModuleManager: Shutting down and abandoning module MagicLeapCameraPreviewFactory (544)
[2018.12.05-09.29.28:970][104]LogModuleManager: Shutting down and abandoning module MagicLeapMediaFactory (542)
[2018.12.05-09.29.28:970][104]LogModuleManager: Shutting down and abandoning module MagicLeapMediaEditor (540)
[2018.12.05-09.29.28:970][104]LogModuleManager: Shutting down and abandoning module CharacterAI (538)
[2018.12.05-09.29.28:970][104]LogModuleManager: Shutting down and abandoning module SmartSnapping (536)
[2018.12.05-09.29.28:970][104]LogModuleManager: Shutting down and abandoning module SessionServices (534)
[2018.12.05-09.29.28:970][104]LogModuleManager: Shutting down and abandoning module ViewportSnapping (532)
[2018.12.05-09.29.28:971][104]LogModuleManager: Shutting down and abandoning module ViewportInteraction (530)
[2018.12.05-09.29.28:971][104]LogModuleManager: Shutting down and abandoning module ClothPainter (528)
[2018.12.05-09.29.28:971][104]LogModuleManager: Shutting down and abandoning module SkeletalMeshEditor (527)
[2018.12.05-09.29.28:971][104]LogModuleManager: Shutting down and abandoning module LogVisualizer (524)
[2018.12.05-09.29.28:972][104]LogModuleManager: Shutting down and abandoning module IntroTutorials (522)
[2018.12.05-09.29.28:972][104]LogModuleManager: Shutting down and abandoning module GameProjectGeneration (521)
[2018.12.05-09.29.28:972][104]LogModuleManager: Shutting down and abandoning module LuminPlatformEditor (518)
[2018.12.05-09.29.28:972][104]LogModuleManager: Shutting down and abandoning module IOSPlatformEditor (516)
[2018.12.05-09.29.28:973][104]LogModuleManager: Shutting down and abandoning module HTML5PlatformEditor (514)
[2018.12.05-09.29.28:973][104]LogModuleManager: Shutting down and abandoning module AndroidPlatformEditor (512)
[2018.12.05-09.29.28:973][104]LogModuleManager: Shutting down and abandoning module AndroidDeviceDetection (511)
[2018.12.05-09.29.29:941][104]LogModuleManager: Shutting down and abandoning module WindowsPlatformEditor (508)
[2018.12.05-09.29.29:941][104]LogModuleManager: Shutting down and abandoning module LuminRuntimeSettings (506)
[2018.12.05-09.29.29:941][104]LogModuleManager: Shutting down and abandoning module IOSRuntimeSettings (504)
[2018.12.05-09.29.29:941][104]LogModuleManager: Shutting down and abandoning module AndroidRuntimeSettings (502)
[2018.12.05-09.29.29:941][104]LogModuleManager: Shutting down and abandoning module InputBindingEditor (500)
[2018.12.05-09.29.29:942][104]LogModuleManager: Shutting down and abandoning module MergeActors (498)
[2018.12.05-09.29.29:942][104]LogModuleManager: Shutting down and abandoning module LocalizationDashboard (496)
[2018.12.05-09.29.29:942][104]LogModuleManager: Shutting down and abandoning module LocalizationService (495)
[2018.12.05-09.29.29:942][104]LogModuleManager: Shutting down and abandoning module HardwareTargeting (492)
[2018.12.05-09.29.29:942][104]LogModuleManager: Shutting down and abandoning module DeviceProfileEditor (490)
[2018.12.05-09.29.29:943][104]LogModuleManager: Shutting down and abandoning module UndoHistory (488)
[2018.12.05-09.29.29:943][104]LogModuleManager: Shutting down and abandoning module XmlParser (486)
[2018.12.05-09.29.29:943][104]LogModuleManager: Shutting down and abandoning module Blutility (484)
[2018.12.05-09.29.29:943][104]LogModuleManager: Shutting down and abandoning module ProjectSettingsViewer (482)
[2018.12.05-09.29.29:943][104]LogModuleManager: Shutting down and abandoning module ProjectTargetPlatformEditor (481)
[2018.12.05-09.29.29:943][104]LogModuleManager: Shutting down and abandoning module EditorSettingsViewer (478)
[2018.12.05-09.29.29:943][104]LogModuleManager: Shutting down and abandoning module SettingsEditor (476)
[2018.12.05-09.29.29:943][104]LogModuleManager: Shutting down and abandoning module ProjectLauncher (474)
[2018.12.05-09.29.29:944][104]LogModuleManager: Shutting down and abandoning module SessionFrontend (472)
[2018.12.05-09.29.29:944][104]LogModuleManager: Shutting down and abandoning module ProfilerClient (470)
[2018.12.05-09.29.29:944][104]LogModuleManager: Shutting down and abandoning module DeviceManager (468)
[2018.12.05-09.29.29:944][104]LogModuleManager: Shutting down and abandoning module TargetDeviceServices (467)
[2018.12.05-09.29.29:997][104]LogModuleManager: Shutting down and abandoning module AutomationController (464)
[2018.12.05-09.29.29:998][104]LogModuleManager: Shutting down and abandoning module AutomationWindow (462)
[2018.12.05-09.29.29:998][104]LogModuleManager: Shutting down and abandoning module Layers (460)
[2018.12.05-09.29.29:998][104]LogModuleManager: Shutting down and abandoning module ComponentVisualizers (458)
[2018.12.05-09.29.29:998][104]LogModuleManager: Shutting down and abandoning module DetailCustomizations (456)
[2018.12.05-09.29.29:998][104]LogModuleManager: Shutting down and abandoning module PackagesDialog (454)
[2018.12.05-09.29.29:999][104]LogModuleManager: Shutting down and abandoning module Persona (452)
[2018.12.05-09.29.29:999][104]LogModuleManager: Shutting down and abandoning module AdvancedPreviewScene (451)
[2018.12.05-09.29.29:999][104]LogModuleManager: Shutting down and abandoning module AnimGraph (449)
[2018.12.05-09.29.29:999][104]LogModuleManager: Shutting down and abandoning module Kismet (446)
[2018.12.05-09.29.30:034][104]LogModuleManager: Shutting down and abandoning module GraphEditor (444)
[2018.12.05-09.29.30:034][104]LogModuleManager: Shutting down and abandoning module ClassViewer (442)
[2018.12.05-09.29.30:034][104]LogModuleManager: Shutting down and abandoning module Toolbox (440)
[2018.12.05-09.29.30:035][104]LogModuleManager: Shutting down and abandoning module DesktopPlatform (439)
[2018.12.05-09.29.30:035][104]LogModuleManager: Shutting down and abandoning module ModuleUI (436)
[2018.12.05-09.29.30:035][104]LogModuleManager: Shutting down and abandoning module MovieSceneTools (434)
[2018.12.05-09.29.30:035][104]LogModuleManager: Shutting down and abandoning module OutputLog (432)
[2018.12.05-09.29.30:035][104]LogModuleManager: Shutting down and abandoning module GammaUI (430)
[2018.12.05-09.29.30:036][104]LogModuleManager: Shutting down and abandoning module Documentation (428)
[2018.12.05-09.29.30:036][104]LogModuleManager: Shutting down and abandoning module MovieSceneTracks (426)
[2018.12.05-09.29.30:036][104]LogModuleManager: Shutting down and abandoning module MovieScene (424)
[2018.12.05-09.29.30:036][104]LogModuleManager: Shutting down and abandoning module StreamingPauseRendering (422)
[2018.12.05-09.29.30:036][104]LogModuleManager: Shutting down and abandoning module LauncherPlatform (420)
[2018.12.05-09.29.30:037][104]LogModuleManager: Shutting down and abandoning module AnalyticsET (418)
[2018.12.05-09.29.30:037][104]LogModuleManager: Shutting down and abandoning module PortalServices (416)
[2018.12.05-09.29.30:037][104]LogModuleManager: Shutting down and abandoning module PortalRpc (414)
[2018.12.05-09.29.30:037][104]LogModuleManager: Shutting down and abandoning module MessagingRpc (412)
[2018.12.05-09.29.30:037][104]LogModuleManager: Shutting down and abandoning module AIModule (410)
[2018.12.05-09.29.30:038][104]LogModuleManager: Shutting down and abandoning module GameplayDebugger (409)
[2018.12.05-09.29.30:038][104]LogModuleManager: Shutting down and abandoning module AITestSuite (407)
[2018.12.05-09.29.30:038][104]LogModuleManager: Shutting down and abandoning module NavigationSystem (405)
[2018.12.05-09.29.30:038][104]LogModuleManager: Shutting down and abandoning module ProfilerService (402)
[2018.12.05-09.29.30:044][104]LogModuleManager: Shutting down and abandoning module TaskGraph (400)
[2018.12.05-09.29.30:044][104]LogModuleManager: Shutting down and abandoning module SteamVRController (398)
[2018.12.05-09.29.30:044][104]LogModuleManager: Shutting down and abandoning module ProceduralMeshComponentEditor (396)
[2018.12.05-09.29.30:044][104]LogModuleManager: Shutting down and abandoning module ProceduralMeshComponent (394)
[2018.12.05-09.29.30:044][104]LogModuleManager: Shutting down and abandoning module OculusInput (392)
[2018.12.05-09.29.30:044][104]LogModuleManager: Shutting down and abandoning module MobilePatchingUtils (390)
[2018.12.05-09.29.30:044][104]LogModuleManager: Shutting down and abandoning module EditableMesh (388)
[2018.12.05-09.29.30:045][104]LogModuleManager: Shutting down and abandoning module CustomMeshComponent (386)
[2018.12.05-09.29.30:045][104]LogModuleManager: Shutting down and abandoning module CableComponent (384)
[2018.12.05-09.29.30:045][104]LogModuleManager: Shutting down and abandoning module AudioCapture (382)
[2018.12.05-09.29.30:045][104]LogModuleManager: Shutting down and abandoning module ArchVisCharacter (380)
[2018.12.05-09.29.30:045][104]LogModuleManager: Shutting down and abandoning module AndroidPermission (378)
[2018.12.05-09.29.30:045][104]LogModuleManager: Shutting down and abandoning module NUTUnrealEngine4 (376)
[2018.12.05-09.29.30:045][104]LogModuleManager: Shutting down and abandoning module NetcodeUnitTest (374)
[2018.12.05-09.29.30:045][104]LogModuleManager: Shutting down and abandoning module MediaCompositingEditor (372)
[2018.12.05-09.29.30:045][104]LogModuleManager: Shutting down and abandoning module MediaCompositing (370)
[2018.12.05-09.29.30:046][104]LogModuleManager: Shutting down and abandoning module LinearTimecode (368)
[2018.12.05-09.29.30:046][104]LogModuleManager: Shutting down and abandoning module ImgMedia (366)
[2018.12.05-09.29.30:059][104]LogModuleManager: Shutting down and abandoning module HTML5Networking (364)
[2018.12.05-09.29.30:059][104]LogModuleManager: Shutting down and abandoning module GeometryCacheTracks (362)
[2018.12.05-09.29.30:059][104]LogModuleManager: Shutting down and abandoning module GeometryCacheSequencer (360)
[2018.12.05-09.29.30:060][104]LogModuleManager: Shutting down and abandoning module BackChannel (358)
[2018.12.05-09.29.30:060][104]LogModuleManager: Shutting down and abandoning module AppleVision (356)
[2018.12.05-09.29.30:060][104]LogModuleManager: Shutting down and abandoning module AppleImageUtils (354)
[2018.12.05-09.29.30:060][104]LogModuleManager: Shutting down and abandoning module AlembicImporter (352)
[2018.12.05-09.29.30:060][104]LogModuleManager: Shutting down and abandoning module AlembicLibrary (351)
[2018.12.05-09.29.30:060][104]LogModuleManager: Shutting down and abandoning module GeometryCache (350)
[2018.12.05-09.29.30:061][104]LogModuleManager: Shutting down and abandoning module GeometryCacheEd (349)
[2018.12.05-09.29.30:061][104]LogModuleManager: Shutting down and abandoning module DatasmithContentEditor (344)
[2018.12.05-09.29.30:061][104]LogModuleManager: Shutting down and abandoning module DatasmithContent (342)
[2018.12.05-09.29.30:063][104]LogModuleManager: Shutting down and abandoning module SpeedTreeImporter (340)
[2018.12.05-09.29.30:063][104]LogModuleManager: Shutting down and abandoning module PluginBrowser (338)
[2018.12.05-09.29.30:063][104]LogModuleManager: Shutting down and abandoning module MobileLauncherProfileWizard (336)
[2018.12.05-09.29.30:063][104]LogModuleManager: Shutting down and abandoning module PolygonModeling (334)
[2018.12.05-09.29.30:063][104]LogModuleManager: Shutting down and abandoning module MeshEditor (332)
[2018.12.05-09.29.30:064][104]LogModuleManager: Shutting down and abandoning module CryptoKeysOpenSSL (330)
[2018.12.05-09.29.30:064][104]LogModuleManager: Shutting down and abandoning module CryptoKeys (328)
[2018.12.05-09.29.30:064][104]LogModuleManager: Shutting down and abandoning module VisualStudioSourceCodeAccess (326)
[2018.12.05-09.29.30:064][104]LogModuleManager: Shutting down and abandoning module VisualStudioCodeSourceCodeAccess (324)
[2018.12.05-09.29.30:064][104]LogModuleManager: Shutting down and abandoning module UObjectPlugin (322)
[2018.12.05-09.29.30:064][104]LogModuleManager: Shutting down and abandoning module SubversionSourceControl (320)
[2018.12.05-09.29.30:064][104]LogModuleManager: Shutting down and abandoning module PerforceSourceControl (318)
[2018.12.05-09.29.30:064][104]LogModuleManager: Shutting down and abandoning module GitSourceControl (316)
[2018.12.05-09.29.30:065][104]LogModuleManager: Shutting down and abandoning module SourceControl (315)
[2018.12.05-09.29.30:065][104]LogModuleManager: Shutting down and abandoning module CLionSourceCodeAccess (312)
[2018.12.05-09.29.30:065][104]LogModuleManager: Shutting down and abandoning module LightPropagationVolumeEditor (310)
[2018.12.05-09.29.30:065][104]LogModuleManager: Shutting down and abandoning module PaperTiledImporter (308)
[2018.12.05-09.29.30:065][104]LogModuleManager: Shutting down and abandoning module PaperSpriteSheetImporter (306)
[2018.12.05-09.29.30:065][104]LogModuleManager: Shutting down and abandoning module Paper2DEditor (304)
[2018.12.05-09.29.30:065][104]LogModuleManager: Shutting down and abandoning module MeshPaint (303)
[2018.12.05-09.29.30:066][104]LogModuleManager: Shutting down and abandoning module FujiwaraBattleField (300)
[2018.12.05-09.29.30:066][104]LogModuleManager: Shutting down and abandoning module RuntimePhysXCooking (298)
[2018.12.05-09.29.30:066][104]LogModuleManager: Shutting down and abandoning module PhysXVehiclesEditor (296)
[2018.12.05-09.29.30:066][104]LogModuleManager: Shutting down and abandoning module PhysXVehicles (294)
[2018.12.05-09.29.30:066][104]LogModuleManager: Shutting down and abandoning module OculusEditor (292)
[2018.12.05-09.29.30:066][104]LogModuleManager: Shutting down and abandoning module LocationServicesBPLibrary (290)
[2018.12.05-09.29.30:067][104]LogModuleManager: Shutting down and abandoning module ImmediatePhysicsEditor (288)
[2018.12.05-09.29.30:067][104]LogModuleManager: Shutting down and abandoning module ImmediatePhysics (286)
[2018.12.05-09.29.30:067][104]LogModuleManager: Shutting down and abandoning module ActorSequence (284)
[2018.12.05-09.29.30:067][104]LogModuleManager: Shutting down and abandoning module UdpMessaging (282)
[2018.12.05-09.29.30:168][104]LogModuleManager: Shutting down and abandoning module TcpMessaging (280)
[2018.12.05-09.29.30:269][104]LogModuleManager: Shutting down and abandoning module MagicLeapAudio (278)
[2018.12.05-09.29.30:269][104]LogModuleManager: Shutting down and abandoning module GameplayTagsEditor (276)
[2018.12.05-09.29.30:270][104]LogModuleManager: Shutting down and abandoning module FacialAnimationEditor (274)
[2018.12.05-09.29.30:270][104]LogModuleManager: Shutting down and abandoning module FacialAnimation (272)
[2018.12.05-09.29.30:270][104]LogModuleManager: Shutting down and abandoning module DataValidation (270)
[2018.12.05-09.29.30:270][104]LogModuleManager: Shutting down and abandoning module AssetManagerEditor (268)
[2018.12.05-09.29.30:271][104]LogModuleManager: Shutting down and abandoning module LevelEditor (267)
[2018.12.05-09.29.30:274][104]LogModuleManager: Shutting down and abandoning module PixelInspectorModule (266)
[2018.12.05-09.29.30:274][104]LogModuleManager: Shutting down and abandoning module CommonMenuExtensions (264)
[2018.12.05-09.29.30:275][104]LogModuleManager: Shutting down and abandoning module MainFrame (262)
[2018.12.05-09.29.30:277][104]LogModuleManager: Shutting down and abandoning module HotReload (261)
[2018.12.05-09.29.30:279][104]LogModuleManager: Shutting down and abandoning module ContentBrowser (257)
[2018.12.05-09.29.30:282][104]LogModuleManager: Shutting down and abandoning module TreeMap (255)
[2018.12.05-09.29.30:282][104]LogModuleManager: Shutting down and abandoning module LightPropagationVolumeRuntime (252)
[2018.12.05-09.29.30:282][104]LogModuleManager: Shutting down and abandoning module AISupportModule (250)
[2018.12.05-09.29.30:282][104]LogModuleManager: Shutting down and abandoning module Paper2D (248)
[2018.12.05-09.29.30:282][104]LogModuleManager: Shutting down and abandoning module WindowsMoviePlayer (246)
[2018.12.05-09.29.30:282][104]LogModuleManager: Shutting down and abandoning module WmfMedia (244)
[2018.12.05-09.29.30:287][104]LogModuleManager: Shutting down and abandoning module Media (243)
[2018.12.05-09.29.30:295][104]LogModuleManager: Shutting down and abandoning module PacketHandler (240)
[2018.12.05-09.29.30:295][104]LogModuleManager: Shutting down and abandoning module ClothingSystemEditor (238)
[2018.12.05-09.29.30:295][104]LogModuleManager: Shutting down and abandoning module ClothingSystemRuntime (236)
[2018.12.05-09.29.30:295][104]LogModuleManager: Shutting down and abandoning module MediaAssets (234)
[2018.12.05-09.29.30:295][104]LogModuleManager: Shutting down and abandoning module Overlay (232)
[2018.12.05-09.29.30:295][104]LogModuleManager: Shutting down and abandoning module OverlayEditor (231)
[2018.12.05-09.29.30:296][104]LogModuleManager: Shutting down and abandoning module VREditor (228)
[2018.12.05-09.29.30:296][104]LogModuleManager: Shutting down and abandoning module StringTableEditor (226)
[2018.12.05-09.29.30:296][104]LogModuleManager: Shutting down and abandoning module GameplayTasksEditor (224)
[2018.12.05-09.29.30:296][104]LogModuleManager: Shutting down and abandoning module BehaviorTreeEditor (222)
[2018.12.05-09.29.30:296][104]LogModuleManager: Shutting down and abandoning module FunctionalTesting (220)
[2018.12.05-09.29.30:296][104]LogModuleManager: Shutting down and abandoning module CollisionAnalyzer (218)
[2018.12.05-09.29.30:297][104]LogModuleManager: Shutting down and abandoning module WorkspaceMenuStructure (217)
[2018.12.05-09.29.30:297][104]LogModuleManager: Shutting down and abandoning module UMG (214)
[2018.12.05-09.29.30:297][104]LogModuleManager: Shutting down and abandoning module UMGEditor (213)
[2018.12.05-09.29.30:298][104]LogModuleManager: Shutting down and abandoning module Sequencer (212)
[2018.12.05-09.29.30:298][104]LogModuleManager: Shutting down and abandoning module MessageLog (209)
[2018.12.05-09.29.30:298][104]LogModuleManager: Shutting down and abandoning module SlateReflector (204)
[2018.12.05-09.29.30:298][104]LogModuleManager: Shutting down and abandoning module Slate (202)
[2018.12.05-09.29.30:298][104]LogModuleManager: Shutting down and abandoning module EditorStyle (200)
[2018.12.05-09.29.30:305][104]LogModuleManager: Shutting down and abandoning module MRMesh (198)
[2018.12.05-09.29.30:305][104]LogModuleManager: Shutting down and abandoning module SourceCodeAccess (196)
[2018.12.05-09.29.30:305][104]LogModuleManager: Shutting down and abandoning module HeadMountedDisplay (194)
[2018.12.05-09.29.30:305][104]LogModuleManager: Shutting down and abandoning module XAudio2 (192)
[2018.12.05-09.29.30:305][104]LogModuleManager: Shutting down and abandoning module Networking (190)
[2018.12.05-09.29.30:305][104]LogModuleManager: Shutting down and abandoning module Core (188)
[2018.12.05-09.29.30:305][104]LogModuleManager: Shutting down and abandoning module LevelSequence (186)
[2018.12.05-09.29.30:305][104]LogModuleManager: Shutting down and abandoning module KismetCompiler (184)
[2018.12.05-09.29.30:305][104]LogModuleManager: Shutting down and abandoning module MeshUtilities (182)
[2018.12.05-09.29.30:306][104]LogModuleManager: Shutting down and abandoning module MeshMergeUtilities (181)
[2018.12.05-09.29.30:306][104]LogModuleManager: Shutting down and abandoning module MeshReductionInterface (180)
[2018.12.05-09.29.30:306][104]LogModuleManager: Shutting down and abandoning module SimplygonSwarm (179)
[2018.12.05-09.29.30:306][104]LogModuleManager: Shutting down and abandoning module ProxyLODMeshReduction (177)
[2018.12.05-09.29.30:306][104]LogModuleManager: Shutting down and abandoning module SimplygonMeshReduction (175)
[2018.12.05-09.29.30:306][104]LogModuleManager: Shutting down and abandoning module QuadricMeshReduction (173)
[2018.12.05-09.29.30:306][104]LogModuleManager: Shutting down and abandoning module MaterialBaking (169)
[2018.12.05-09.29.30:306][104]LogModuleManager: Shutting down and abandoning module DirectoryWatcher (165)
[2018.12.05-09.29.30:307][104]LogModuleManager: Shutting down and abandoning module DerivedDataCache (162)
[2018.12.05-09.29.30:325][104]LogDerivedDataCache: Shutdown
[2018.12.05-09.29.30:325][104]LogModuleManager: Shutting down and abandoning module XGEController (160)
[2018.12.05-09.29.30:325][104]LogModuleManager: Shutting down and abandoning module TargetPlatform (158)
[2018.12.05-09.29.30:325][104]LogModuleManager: Shutting down and abandoning module VulkanShaderFormat (157)
[2018.12.05-09.29.30:325][104]LogModuleManager: Shutting down and abandoning module ShaderFormatVectorVM (155)
[2018.12.05-09.29.30:325][104]LogModuleManager: Shutting down and abandoning module ShaderFormatOpenGL (153)
[2018.12.05-09.29.30:325][104]LogModuleManager: Shutting down and abandoning module ShaderFormatD3D (151)
[2018.12.05-09.29.30:326][104]LogModuleManager: Shutting down and abandoning module MetalShaderFormat (149)
[2018.12.05-09.29.30:326][104]LogModuleManager: Shutting down and abandoning module TextureFormatUncompressed (147)
[2018.12.05-09.29.30:326][104]LogModuleManager: Shutting down and abandoning module TextureFormatPVR (145)
[2018.12.05-09.29.30:326][104]LogModuleManager: Shutting down and abandoning module TextureFormatDXT (143)
[2018.12.05-09.29.30:326][104]LogModuleManager: Shutting down and abandoning module TextureFormatIntelISPCTexComp (141)
[2018.12.05-09.29.30:326][104]LogModuleManager: Shutting down and abandoning module TextureFormatASTC (139)
[2018.12.05-09.29.30:326][104]LogModuleManager: Shutting down and abandoning module ImageWrapper (138)
[2018.12.05-09.29.30:327][104]LogModuleManager: Shutting down and abandoning module TextureFormatAndroid (135)
[2018.12.05-09.29.30:327][104]LogModuleManager: Shutting down and abandoning module AudioFormatOpus (133)
[2018.12.05-09.29.30:327][104]LogModuleManager: Shutting down and abandoning module AudioFormatOgg (131)
[2018.12.05-09.29.30:327][104]LogModuleManager: Shutting down and abandoning module AudioFormatADPCM (129)
[2018.12.05-09.29.30:327][104]LogModuleManager: Shutting down and abandoning module LuminTargetPlatform (127)
[2018.12.05-09.29.30:327][104]LogModuleManager: Shutting down and abandoning module LinuxTargetPlatform (125)
[2018.12.05-09.29.30:327][104]LogModuleManager: Shutting down and abandoning module LinuxServerTargetPlatform (123)
[2018.12.05-09.29.30:327][104]LogModuleManager: Shutting down and abandoning module LinuxNoEditorTargetPlatform (121)
[2018.12.05-09.29.30:327][104]LogModuleManager: Shutting down and abandoning module LinuxClientTargetPlatform (119)
[2018.12.05-09.29.30:328][104]LogModuleManager: Shutting down and abandoning module TVOSTargetPlatform (117)
[2018.12.05-09.29.30:331][104]LogModuleManager: Shutting down and abandoning module Messaging (115)
[2018.12.05-09.29.30:331][104]LogModuleManager: Shutting down and abandoning module IOSTargetPlatform (113)
[2018.12.05-09.29.30:333][104]LogModuleManager: Shutting down and abandoning module HTML5TargetPlatform (111)
[2018.12.05-09.29.30:334][104]LogModuleManager: Shutting down and abandoning module AndroidTargetPlatform (109)
[2018.12.05-09.29.30:353][104]LogModuleManager: Shutting down and abandoning module WindowsTargetPlatform (107)
[2018.12.05-09.29.30:353][104]LogModuleManager: Shutting down and abandoning module WindowsServerTargetPlatform (105)
[2018.12.05-09.29.30:353][104]LogModuleManager: Shutting down and abandoning module WindowsNoEditorTargetPlatform (103)
[2018.12.05-09.29.30:353][104]LogModuleManager: Shutting down and abandoning module WindowsClientTargetPlatform (101)
[2018.12.05-09.29.30:353][104]LogModuleManager: Shutting down and abandoning module MacTargetPlatform (99)
[2018.12.05-09.29.30:354][104]LogModuleManager: Shutting down and abandoning module MacServerTargetPlatform (97)
[2018.12.05-09.29.30:354][104]LogModuleManager: Shutting down and abandoning module MacNoEditorTargetPlatform (95)
[2018.12.05-09.29.30:354][104]LogModuleManager: Shutting down and abandoning module MacClientTargetPlatform (93)
[2018.12.05-09.29.30:354][104]LogModuleManager: Shutting down and abandoning module AllDesktopTargetPlatform (91)
[2018.12.05-09.29.30:354][104]LogModuleManager: Shutting down and abandoning module InputCore (88)
[2018.12.05-09.29.30:354][104]LogModuleManager: Shutting down and abandoning module Settings (86)
[2018.12.05-09.29.30:354][104]LogModuleManager: Shutting down and abandoning module PhysXCooking (84)
[2018.12.05-09.29.30:354][104]LogModuleManager: Shutting down and abandoning module SteamVR (82)
[2018.12.05-09.29.30:354][104]LogModuleManager: Shutting down and abandoning module OculusHMD (80)
[2018.12.05-09.29.30:354][104]LogModuleManager: Shutting down and abandoning module ExampleDeviceProfileSelector (78)
[2018.12.05-09.29.30:354][104]LogModuleManager: Shutting down and abandoning module LauncherChunkInstaller (76)
[2018.12.05-09.29.30:354][104]LogModuleManager: Shutting down and abandoning module OnlineBlueprintSupport (74)
[2018.12.05-09.29.30:355][104]LogModuleManager: Shutting down and abandoning module OnlineSubsystem (70)
[2018.12.05-09.29.30:357][104]LogModuleManager: Shutting down and abandoning module XMPP (65)
[2018.12.05-09.29.30:357][104]LogModuleManager: Shutting down and abandoning module WebSockets (64)
[2018.12.05-09.29.30:393][104]LogModuleManager: Shutting down and abandoning module HTTP (61)
[2018.12.05-09.29.30:393][104]LogHttp: Display: Http module shutting down, but needs to wait on 1 outstanding Http requests:
[2018.12.05-09.29.30:393][104]LogHttp: Display: 	verb=[POST] url=[https://datarouter.ol.epicgames.com/datarouter/api/v1/public/data?SessionID=%7BD2238C05-4017-44DA-98BB-30950F4D9F3C%7D&AppID=UEEditor.Rocket.Release&AppVersion=4.20.3-4369336%2B%2B%2BUE4%2BRelease-4.20&UserID=5b0eb9ea4fda3e341e3a4f8469f8b716%7Cc6d252eadabe4478b45225fa32f2ee07%7C8efa9574-8605-47f4-81c9-781c6a52107c&AppEnvironment=datacollector-binary&UploadType=eteventstream] status=Processing
[2018.12.05-09.29.30:408][104]LogModuleManager: Shutting down and abandoning module SSL (60)
[2018.12.05-09.29.30:412][104]LogModuleManager: Shutting down and abandoning module MagicLeapEmulator (56)
[2018.12.05-09.29.30:412][104]LogModuleManager: Shutting down and abandoning module MagicLeapPrivileges (54)
[2018.12.05-09.29.30:412][104]LogModuleManager: Shutting down and abandoning module MagicLeapIdentity (52)
[2018.12.05-09.29.30:412][104]LogModuleManager: Shutting down and abandoning module MagicLeapHelperVulkan (50)
[2018.12.05-09.29.30:412][104]LogModuleManager: Shutting down and abandoning module MagicLeapHelperOpenGL (48)
[2018.12.05-09.29.30:412][104]LogModuleManager: Shutting down and abandoning module MagicLeapSecureStorage (46)
[2018.12.05-09.29.30:412][104]LogModuleManager: Shutting down and abandoning module MagicLeapGestures (44)
[2018.12.05-09.29.30:412][104]LogModuleManager: Shutting down and abandoning module MagicLeapEyeTracker (42)
[2018.12.05-09.29.30:412][104]LogModuleManager: Shutting down and abandoning module MagicLeapController (40)
[2018.12.05-09.29.30:413][104]LogSlate: Slate User Destroyed.  User Index 0, Is Virtual User: 0
[2018.12.05-09.29.30:413][104]LogModuleManager: Shutting down and abandoning module MagicLeap (38)
[2018.12.05-09.29.30:413][104]LogModuleManager: Shutting down and abandoning module AnimationModifiers (36)
[2018.12.05-09.29.30:413][104]LogModuleManager: Shutting down and abandoning module PropertyEditor (35)
[2018.12.05-09.29.30:413][104]LogModuleManager: Shutting down and abandoning module AudioEditor (32)
[2018.12.05-09.29.30:414][104]LogModuleManager: Shutting down and abandoning module TextureCompressor (30)
[2018.12.05-09.29.30:414][104]LogModuleManager: Shutting down and abandoning module ShaderCore (28)
[2018.12.05-09.29.30:414][104]LogModuleManager: Shutting down and abandoning module Landscape (26)
[2018.12.05-09.29.30:414][104]LogModuleManager: Shutting down and abandoning module SlateRHIRenderer (24)
[2018.12.05-09.29.30:421][104]LogModuleManager: Shutting down and abandoning module OpenGLDrv (22)
[2018.12.05-09.29.30:422][104]LogModuleManager: Shutting down and abandoning module D3D11RHI (20)
[2018.12.05-09.29.30:422][104]LogModuleManager: Shutting down and abandoning module AnimGraphRuntime (18)
[2018.12.05-09.29.30:422][104]LogModuleManager: Shutting down and abandoning module Renderer (16)
[2018.12.05-09.29.30:422][104]LogModuleManager: Shutting down and abandoning module Engine (14)
[2018.12.05-09.29.30:422][104]LogModuleManager: Shutting down and abandoning module CoreUObject (12)
[2018.12.05-09.29.30:422][104]LogModuleManager: Shutting down and abandoning module NetworkFile (10)
[2018.12.05-09.29.30:423][104]LogModuleManager: Shutting down and abandoning module CookedIterativeFile (8)
[2018.12.05-09.29.30:423][104]LogModuleManager: Shutting down and abandoning module StreamingFile (6)
[2018.12.05-09.29.30:423][104]LogModuleManager: Shutting down and abandoning module SandboxFile (4)
[2018.12.05-09.29.30:423][104]LogModuleManager: Shutting down and abandoning module PakFile (2)
[2018.12.05-09.29.30:435][104]LogExit: Exiting.
[2018.12.05-09.29.30:449][104]Log file closed, 12/05/18 18:29:30
