Log file open, 12/02/18 19:29:39
LogWindows: Failed to load 'aqProf.dll' (GetLastError=126)
LogWindows: File 'aqProf.dll' does not exist
LogWindows: Failed to load 'VSPerf140.dll' (GetLastError=126)
LogWindows: File 'VSPerf140.dll' does not exist
LogWindows: Failed to load 'VtuneApi.dll' (GetLastError=126)
LogWindows: File 'VtuneApi.dll' does not exist
LogWindows: Failed to load 'VtuneApi32e.dll' (GetLastError=126)
LogWindows: File 'VtuneApi32e.dll' does not exist
LogInit: Display: Running engine for game: FujiwaraBattleField
LogPlatformFile: Not using cached read wrapper
LogTaskGraph: Started task graph with 5 named threads and 23 total threads with 3 sets of task threads.
LogStats: Stats thread started at 0.476844
LogD3D11RHI: Loaded GFSDK_Aftermath_Lib.x64.dll
LogWindows: Failed to load '../../../Engine/Binaries/ThirdParty/nvTextureTools/Win64/nvtt_64.dll' (GetLastError=193)
LogWindows:   Missing import: MSVCR120.dll
LogWindows:   Looked in: ../../../Engine/Binaries/Win64
LogWindows:   Looked in: C:/Users/cho1h/Documents/UE4STAG/FujiwaraBattleField/Binaries/Win64
LogWindows:   Looked in: C:\Users\cho1h\Documents\UE4STAG\FujiwaraBattleField\Binaries\Win64
LogICUInternationalization: Display: ICU TimeZone Detection - Raw Offset: +9:00, Platform Override: ''
LogPluginManager: Mounting plugin Paper2D
LogPluginManager: Mounting plugin AISupport
LogPluginManager: Mounting plugin LightPropagationVolume
LogPluginManager: Mounting plugin CLionSourceCodeAccess
LogPluginManager: Mounting plugin CodeLiteSourceCodeAccess
LogPluginManager: Mounting plugin GitSourceControl
LogPluginManager: Mounting plugin KDevelopSourceCodeAccess
LogPluginManager: Mounting plugin NullSourceCodeAccess
LogPluginManager: Mounting plugin PerforceSourceControl
LogPluginManager: Mounting plugin SubversionSourceControl
LogPluginManager: Mounting plugin UObjectPlugin
LogPluginManager: Mounting plugin VisualStudioCodeSourceCodeAccess
LogPluginManager: Mounting plugin VisualStudioSourceCodeAccess
LogPluginManager: Mounting plugin XCodeSourceCodeAccess
LogPluginManager: Mounting plugin AssetManagerEditor
LogPluginManager: Mounting plugin CryptoKeys
LogPluginManager: Mounting plugin DataValidation
LogPluginManager: Mounting plugin FacialAnimation
LogPluginManager: Mounting plugin GameplayTagsEditor
LogPluginManager: Mounting plugin MacGraphicsSwitching
LogPluginManager: Mounting plugin MeshEditor
LogPluginManager: Mounting plugin MobileLauncherProfileWizard
LogPluginManager: Mounting plugin PluginBrowser
LogPluginManager: Mounting plugin SpeedTreeImporter
LogPluginManager: Mounting plugin DatasmithContent
LogPluginManager: Mounting plugin AlembicImporter
LogPluginManager: Mounting plugin AppleImageUtils
LogPluginManager: Mounting plugin AppleVision
LogPluginManager: Mounting plugin BackChannel
LogPluginManager: Mounting plugin CharacterAI
LogPluginManager: Mounting plugin GeometryCache
LogPluginManager: Mounting plugin HTML5Networking
LogPluginManager: Mounting plugin ProxyLODPlugin
LogPluginManager: Mounting plugin MagicLeap
LogPluginManager: Mounting plugin MagicLeapEmulator
LogPluginManager: Mounting plugin MagicLeapMedia
LogPluginManager: Mounting plugin AndroidMedia
LogPluginManager: Mounting plugin AvfMedia
LogPluginManager: Mounting plugin ImgMedia
LogPluginManager: Mounting plugin LinearTimecode
LogPluginManager: Mounting plugin MediaCompositing
LogPluginManager: Mounting plugin MediaPlayerEditor
LogPluginManager: Mounting plugin WmfMedia
LogPluginManager: Mounting plugin TcpMessaging
LogPluginManager: Mounting plugin UdpMessaging
LogPluginManager: Mounting plugin ActorSequence
LogPluginManager: Mounting plugin LevelSequenceEditor
LogPluginManager: Mounting plugin MatineeToLevelSequence
LogPluginManager: Mounting plugin NetcodeUnitTest
LogPluginManager: Mounting plugin NUTUnrealEngine4
LogPluginManager: Mounting plugin OnlineSubsystemGooglePlay
LogPluginManager: Mounting plugin OnlineSubsystemIOS
LogPluginManager: Mounting plugin OnlineSubsystem
LogPluginManager: Mounting plugin OnlineSubsystemNull
LogPluginManager: Mounting plugin OnlineSubsystemUtils
LogPluginManager: Mounting plugin LauncherChunkInstaller
LogPluginManager: Mounting plugin AndroidDeviceProfileSelector
LogPluginManager: Mounting plugin AndroidMoviePlayer
LogPluginManager: Mounting plugin AndroidPermission
LogPluginManager: Mounting plugin AppleMoviePlayer
LogPluginManager: Mounting plugin ArchVisCharacter
LogPluginManager: Mounting plugin AudioCapture
LogPluginManager: Mounting plugin CableComponent
LogPluginManager: Mounting plugin CustomMeshComponent
LogPluginManager: Mounting plugin EditableMesh
LogPluginManager: Mounting plugin ExampleDeviceProfileSelector
LogPluginManager: Mounting plugin GoogleCloudMessaging
LogPluginManager: Mounting plugin ImmediatePhysics
LogPluginManager: Mounting plugin IOSDeviceProfileSelector
LogPluginManager: Mounting plugin LinuxDeviceProfileSelector
LogPluginManager: Mounting plugin LocationServicesBPLibrary
LogPluginManager: Mounting plugin MobilePatchingUtils
LogPluginManager: Mounting plugin OculusVR
LogPluginManager: Plugin shader directory ../../../Engine/Plugins/Runtime/Oculus/OculusVR/Shaders found
LogPluginManager: Mapping shader source directory ../../../Engine/Plugins/Runtime/Oculus/OculusVR/Shaders to virtual directory /Plugin/OculusVR
LogPluginManager: Mounting plugin PhysXVehicles
LogPluginManager: Mounting plugin ProceduralMeshComponent
LogPluginManager: Mounting plugin RuntimePhysXCooking
LogPluginManager: Mounting plugin SteamVR
LogPluginManager: Mounting plugin WindowsMoviePlayer
LogStreaming: Display: Took  0.289s to configure plugins.
LogInit: Using libcurl 7.55.1-DEV
LogInit:  - built for x86_64-pc-win32
LogInit:  - supports SSL with OpenSSL/1.0.2h
LogInit:  - supports HTTP deflate (compression) using libz 1.2.8
LogInit:  - other features:
LogInit:      CURL_VERSION_SSL
LogInit:      CURL_VERSION_LIBZ
LogInit:      CURL_VERSION_IPV6
LogInit:      CURL_VERSION_ASYNCHDNS
LogInit:      CURL_VERSION_LARGEFILE
LogInit:      CURL_VERSION_IDN
LogInit:  CurlRequestOptions (configurable via config and command line):
LogInit:  - bVerifyPeer = false  - Libcurl will NOT verify peer certificate
LogInit:  - bUseHttpProxy = false  - Libcurl will NOT use HTTP proxy
LogInit:  - bDontReuseConnections = false  - Libcurl will reuse connections
LogInit:  - CertBundlePath = nullptr  - Libcurl will use whatever was configured at build time.
LogInit:  - MaxHostConnections = 16  - Libcurl will limit the number of connections to a host
LogInit:  - LocalHostAddr = Default
LogInit:  - BufferSize = 65536
LogInit: WinSock: version 1.1 (2.2), MaxSocks=32767, MaxUdp=65467
LogInit: Build: ++UE4+Release-4.20-CL-4369336
LogInit: Engine Version: 4.20.3-4369336+++UE4+Release-4.20
LogInit: Compatible Engine Version: 4.20.0-4212847+++UE4+Release-4.20
LogInit: Net CL: 4212847
LogInit: OS: Windows 10 (), CPU: Intel(R) Core(TM) i7-8550U CPU @ 1.80GHz, GPU: Intel(R) UHD Graphics 620
LogInit: Compiled (64-bit): Sep 17 2018 12:26:19
LogInit: Compiled with Visual C++: 19.13.26129.00
LogInit: Build Configuration: Development
LogInit: Branch Name: ++UE4+Release-4.20
LogInit: Command Line:  /Game/Maps/Maps_LostBambooForest -game -PIEVIACONSOLE -ResX=1280 -ResY=720  -Multiprocess -messaging -SessionName="Play in Standalone Game" -windowed 
LogInit: Base Directory: D:/Unreal Engine4/Epic Games/UE_4.20/Engine/Binaries/Win64/
LogInit: Installed Engine Build: 1
LogDevObjectVersion: Number of dev versions registered: 20
LogDevObjectVersion:   Dev-Blueprints (B0D832E4-1F89-4F0D-ACCF-7EB736FD4AA2): 10
LogDevObjectVersion:   Dev-Build (E1C64328-A22C-4D53-A36C-8E866417BD8C): 0
LogDevObjectVersion:   Dev-Core (375EC13C-06E4-48FB-B500-84F0262A717E): 2
LogDevObjectVersion:   Dev-Editor (E4B068ED-F494-42E9-A231-DA0B2E46BB41): 24
LogDevObjectVersion:   Dev-Framework (CFFC743F-43B0-4480-9391-14DF171D2073): 34
LogDevObjectVersion:   Dev-Mobile (B02B49B5-BB20-44E9-A304-32B752E40360): 2
LogDevObjectVersion:   Dev-Networking (A4E4105C-59A1-49B5-A7C5-40C4547EDFEE): 0
LogDevObjectVersion:   Dev-Online (39C831C9-5AE6-47DC-9A44-9C173E1C8E7C): 0
LogDevObjectVersion:   Dev-Physics (78F01B33-EBEA-4F98-B9B4-84EACCB95AA2): 0
LogDevObjectVersion:   Dev-Platform (6631380F-2D4D-43E0-8009-CF276956A95A): 0
LogDevObjectVersion:   Dev-Rendering (12F88B9F-8875-4AFC-A67C-D90C383ABD29): 26
LogDevObjectVersion:   Dev-Sequencer (7B5AE74C-D270-4C10-A958-57980B212A5A): 9
LogDevObjectVersion:   Dev-VR (D7296918-1DD6-4BDD-9DE2-64A83CC13884): 2
LogDevObjectVersion:   Dev-LoadTimes (C2A15278-BFE7-4AFE-6C17-90FF531DF755): 1
LogDevObjectVersion:   Private-Geometry (6EACA3D4-40EC-4CC1-B786-8BED09428FC5): 3
LogDevObjectVersion:   Dev-AnimPhys (29E575DD-E0A3-4627-9D10-D276232CDCEA): 17
LogDevObjectVersion:   Dev-ReflectionCapture (6B266CEC-1EC7-4B8F-A30B-E4D90942FC07): 1
LogDevObjectVersion:   Dev-Automation (0DF73D61-A23F-47EA-B727-89E90C41499A): 1
LogDevObjectVersion:   FortniteMain (601D1886-AC64-4F84-AA16-D3DE0DEAC7D6): 12
LogDevObjectVersion:   Dev-Enterprise (9DFFBCD6-494F-0158-E221-12823C92A888): 1
LogStreaming: Display: Took  0.013s to delete old logs.
LogInit: Presizing for max 8388607 objects, including 0 objects not considered by GC, pre-allocating 0 bytes for permanent pool.
LogInit: Object subsystem initialized
[2018.12.02-10.29.39:924][  0]LogInit: Selected Device Profile: [Windows]
[2018.12.02-10.29.39:924][  0]LogInit: Applying CVar settings loaded from the selected device profile: [Windows]
[2018.12.02-10.29.39:940][  0]LogHAL: Display: Platform has ~ 8 GB [8449830912 / 8589934592 / 8], which maps to Default [LargestMinGB=32, LargerMinGB=12, DefaultMinGB=8, SmallerMinGB=6, SmallestMinGB=0)
[2018.12.02-10.29.39:941][  0]LogInit: Setting Device Profile CVar: [[r.Vulkan.UseRealUBs:1]]
[2018.12.02-10.29.39:941][  0]LogInit: Going up to parent DeviceProfile []
[2018.12.02-10.29.39:941][  0]LogInit: Computer: DESKTOP-8CN6RMF
[2018.12.02-10.29.39:941][  0]LogInit: User: cho1h
[2018.12.02-10.29.39:941][  0]LogInit: CPU Page size=4096, Cores=4
[2018.12.02-10.29.39:941][  0]LogInit: High frequency timer resolution =1.945314 MHz
[2018.12.02-10.29.39:942][  0]LogMemory: Memory total: Physical=7.9GB (8GB approx)
[2018.12.02-10.29.39:942][  0]LogMemory: Platform Memory Stats for Windows
[2018.12.02-10.29.39:942][  0]LogMemory: Process Physical Memory: 100.60 MB used, 100.60 MB peak
[2018.12.02-10.29.39:942][  0]LogMemory: Process Virtual Memory: 89.57 MB used, 89.57 MB peak
[2018.12.02-10.29.39:942][  0]LogMemory: Physical Memory: 5726.02 MB used,  2332.37 MB free, 8058.39 MB total
[2018.12.02-10.29.39:942][  0]LogMemory: Virtual Memory: 4642.34 MB used,  2332.37 MB free, 134217728.00 MB total
[2018.12.02-10.29.40:004][  0]LogInit: Using OS detected language (ko-KR).
[2018.12.02-10.29.40:004][  0]LogInit: Using OS detected locale (ko-KR).
[2018.12.02-10.29.40:008][  0]LogTextLocalizationManager: No specific localization for 'ko-KR' exists, so the 'ko' localization will be used.
[2018.12.02-10.29.41:239][  0]LogStreaming: Display: Took  1.235s to InitEngineTextLocalization.
[2018.12.02-10.29.41:297][  0]LogSlate: New Slate User Created.  User Index 0, Is Virtual User: 0
[2018.12.02-10.29.41:297][  0]LogSlate: Slate User Registered.  User Index 0, Is Virtual User: 0
[2018.12.02-10.29.41:303][  0]LogHMD: Failed to initialize OpenVR with code 110
[2018.12.02-10.29.41:303][  0]LogD3D11RHI: D3D11 adapters:
[2018.12.02-10.29.41:363][  0]LogD3D11RHI:    0. 'Intel(R) UHD Graphics 620' (Feature Level 11_0)
[2018.12.02-10.29.41:364][  0]LogD3D11RHI:       128/0/4029 MB DedicatedVideo/DedicatedSystem/SharedSystem, Outputs:1, VendorId:0x8086
[2018.12.02-10.29.41:368][  0]LogD3D11RHI:    1. 'Microsoft Basic Render Driver' (Feature Level 11_0)
[2018.12.02-10.29.41:368][  0]LogD3D11RHI:       0/0/4029 MB DedicatedVideo/DedicatedSystem/SharedSystem, Outputs:0, VendorId:0x1414
[2018.12.02-10.29.41:368][  0]LogD3D11RHI: Chosen D3D11 Adapter: 0
[2018.12.02-10.29.41:378][  0]LogD3D11RHI: Creating new Direct3DDevice
[2018.12.02-10.29.41:378][  0]LogD3D11RHI:     GPU DeviceId: 0x5917 (for the marketing name, search the web for "GPU Device Id")
[2018.12.02-10.29.41:378][  0]LogWindows: EnumDisplayDevices:
[2018.12.02-10.29.41:378][  0]LogWindows:    0. 'Intel(R) UHD Graphics 620' (P:1 D:1)
[2018.12.02-10.29.41:379][  0]LogWindows:    1. 'Intel(R) UHD Graphics 620' (P:0 D:0)
[2018.12.02-10.29.41:380][  0]LogWindows:    2. 'Intel(R) UHD Graphics 620' (P:0 D:0)
[2018.12.02-10.29.41:380][  0]LogWindows: DebugString: FoundDriverCount:3 
[2018.12.02-10.29.41:380][  0]LogD3D11RHI:     Adapter Name: Intel(R) UHD Graphics 620
[2018.12.02-10.29.41:380][  0]LogD3D11RHI:   Driver Version: 23.20.16.4973 (internal:23.20.16.4973, unified:23.20.16.4973)
[2018.12.02-10.29.41:380][  0]LogD3D11RHI:      Driver Date: 2-28-2018
[2018.12.02-10.29.41:380][  0]LogRHI: Texture pool is 1499 MB (70% of 2142 MB)
[2018.12.02-10.29.41:433][  0]LogD3D11RHI: Async texture creation enabled
[2018.12.02-10.29.41:443][  0]LogD3D11RHI: GPU Timing Frequency: 12.000048 (Debug: 2 0)
[2018.12.02-10.29.41:445][  0]LogShaderCompilers: Guid format shader working directory is -7 characters bigger than the processId version (C:/Users/cho1h/Documents/UE4STAG/FujiwaraBattleField/Intermediate/Shaders/WorkingDirectory/15192/).
[2018.12.02-10.29.41:445][  0]LogShaderCompilers: Cleaned the shader compiler working directory 'C:/Users/cho1h/AppData/Local/Temp/UnrealShaderWorkingDir/77381DBE456C83A481352B801AF30584/'.
[2018.12.02-10.29.41:938][  0]LogTemp: Display: Loaded TP WindowsClientTargetPlatform
[2018.12.02-10.29.41:963][  0]LogTemp: Display: Loaded TP WindowsNoEditorTargetPlatform
[2018.12.02-10.29.41:986][  0]LogTemp: Display: Loaded TP WindowsServerTargetPlatform
[2018.12.02-10.29.41:997][  0]LogTemp: Display: Loaded TP WindowsTargetPlatform
[2018.12.02-10.29.41:997][  0]LogTargetPlatformManager: Display: Building Assets For Windows
[2018.12.02-10.29.42:089][  0]LogXGEController: Cannot use XGE Controller as Incredibuild is not installed on this machine.
[2018.12.02-10.29.42:089][  0]LogShaderCompilers: Cannot use XGE Shader Compiler as Incredibuild is not installed on this machine.
[2018.12.02-10.29.42:089][  0]LogShaderCompilers: Display: Using Local Shader Compiler.
[2018.12.02-10.29.43:436][  0]LogDerivedDataCache: Display: Max Cache Size: 512 MB
[2018.12.02-10.29.43:532][  0]LogDerivedDataCache: Loaded boot cache 0.10s 71MB C:/Users/cho1h/AppData/Local/UnrealEngine/4.20/DerivedDataCache/Boot.ddc.
[2018.12.02-10.29.43:533][  0]LogDerivedDataCache: Display: Loaded Boot cache: C:/Users/cho1h/AppData/Local/UnrealEngine/4.20/DerivedDataCache/Boot.ddc
[2018.12.02-10.29.43:533][  0]LogDerivedDataCache: FDerivedDataBackendGraph:  Pak pak cache file C:/Users/cho1h/Documents/UE4STAG/FujiwaraBattleField/DerivedDataCache/DDC.ddp not found, will not use a pak cache.
[2018.12.02-10.29.43:533][  0]LogDerivedDataCache: Unable to find inner node Pak for hierarchical cache Hierarchy.
[2018.12.02-10.29.43:533][  0]LogDerivedDataCache: FDerivedDataBackendGraph:  CompressedPak pak cache file C:/Users/cho1h/Documents/UE4STAG/FujiwaraBattleField/DerivedDataCache/Compressed.ddp not found, will not use a pak cache.
[2018.12.02-10.29.43:533][  0]LogDerivedDataCache: Unable to find inner node CompressedPak for hierarchical cache Hierarchy.
[2018.12.02-10.29.43:557][  0]LogDerivedDataCache: Display: Pak cache opened for reading ../../../Engine/DerivedDataCache/Compressed.ddp.
[2018.12.02-10.29.43:569][  0]LogDerivedDataCache: Using Local data cache path C:/Users/cho1h/AppData/Local/UnrealEngine/Common/DerivedDataCache: Writable
[2018.12.02-10.29.43:569][  0]LogDerivedDataCache: Shared data cache path not found in *engine.ini, will not use an Shared cache.
[2018.12.02-10.29.43:569][  0]LogDerivedDataCache: Unable to find inner node Shared for hierarchical cache Hierarchy.
[2018.12.02-10.29.43:605][  0]LogMaterial: Verifying Global Shaders for PCD3D_SM5
[2018.12.02-10.29.43:607][  0]LogSlate: Using FreeType 2.6.0
[2018.12.02-10.29.43:608][  0]LogSlate: SlateFontServices - WITH_FREETYPE: 1, WITH_HARFBUZZ: 1
[2018.12.02-10.29.43:689][  0]LogInit: Using OS detected language (ko-KR).
[2018.12.02-10.29.43:689][  0]LogInit: Using OS detected locale (ko-KR).
[2018.12.02-10.29.43:689][  0]LogTextLocalizationManager: No localization for 'ko-KR' exists, so 'en' will be used for the language.
[2018.12.02-10.29.43:689][  0]LogTextLocalizationManager: No localization for 'ko-KR' exists, so 'en' will be used for the locale.
[2018.12.02-10.29.44:200][  0]LogStreaming: Display: Took  0.511s to InitGameTextLocalization.
[2018.12.02-10.29.44:211][  0]LogAssetRegistry: FAssetRegistry took 0.0074 seconds to start up
[2018.12.02-10.29.44:579][  0]LogPackageLocalizationCache: Processed 11 localized package path(s) for 1 prioritized culture(s) in 0.026861 seconds
[2018.12.02-10.29.44:796][  0]LogInit: Selected Device Profile: [Windows]
[2018.12.02-10.29.45:046][  0]LogSimplygon: Simplygon DLL not present - disabling.
[2018.12.02-10.29.45:052][  0]LogMeshReduction: Using SimplygonSwarm for distributed automatic mesh merging
[2018.12.02-10.29.45:053][  0]LogMeshReduction: Using ProxyLODMeshReduction for automatic mesh merging
[2018.12.02-10.29.45:053][  0]LogMeshReduction: Using QuadricMeshReduction for automatic static mesh reduction
[2018.12.02-10.29.45:053][  0]LogMeshReduction: No automatic skeletal mesh reduction module available
[2018.12.02-10.29.45:073][  0]LogNetVersion: FujiwaraBattleField 1.0.0, NetCL: 4212847, EngineNetVer: 5, GameNetVer: 0 (Checksum: 1838566955)
[2018.12.02-10.29.45:841][  0]LogMoviePlayer: Initializing movie player
[2018.12.02-10.29.46:077][  0]LogTcpMessaging: Initializing TcpMessaging bridge
[2018.12.02-10.29.46:091][  0]LogUdpMessaging: Initializing bridge on interface 0.0.0.0:0 to multicast group 230.0.0.1:6666.
[2018.12.02-10.29.46:203][  0]SourceControl: Source control is disabled
[2018.12.02-10.29.46:203][  0]SourceControl: Source control is disabled
[2018.12.02-10.29.46:205][  0]SourceControl: Source control is disabled
[2018.12.02-10.29.46:358][  0]LogAndroidPermission: UAndroidPermissionCallbackProxy::GetInstance
[2018.12.02-10.29.46:443][  0]LogOcInput: OculusInput pre-init called
[2018.12.02-10.29.46:457][  0]LogUObjectArray: 42172 objects as part of root set at end of initial load.
[2018.12.02-10.29.46:457][  0]LogUObjectAllocator: 7434520 out of 0 bytes used by permanent object pool.
[2018.12.02-10.29.46:457][  0]LogUObjectArray: CloseDisregardForGC: 0/0 objects in disregard for GC pool
[2018.12.02-10.29.46:539][  0]LogEngine: Initializing Engine...
[2018.12.02-10.29.46:542][  0]LogHMD: Failed to initialize OpenVR with code 110
[2018.12.02-10.29.46:555][  0]LogStats: UGameplayTagsManager::ConstructGameplayTagTree: ImportINI prefixes -  0.000 s
[2018.12.02-10.29.46:555][  0]LogStats: UGameplayTagsManager::ConstructGameplayTagTree: Construct from data asset -  0.000 s
[2018.12.02-10.29.46:555][  0]LogStats: UGameplayTagsManager::ConstructGameplayTagTree: ImportINI -  0.000 s
[2018.12.02-10.29.46:555][  0]LogStats: UGameplayTagsManager::ConstructGameplayTagTree: GameplayTagTreeChangedEvent.Broadcast -  0.000 s
[2018.12.02-10.29.46:849][  0]LogInit: Initializing FReadOnlyCVARCache
[2018.12.02-10.29.46:864][  0]LogInit: XAudio2 using '스피커(Realtek High Definition Audio)' : 2 channels at 48 kHz using 32 bits per sample (channel mask 0x3)
[2018.12.02-10.29.46:904][  0]LogInit: FAudioDevice initialized.
[2018.12.02-10.29.46:916][  0]LogNetVersion: Set ProjectVersion to 1.0.0.0. Version Checksum will be recalculated on next use.
[2018.12.02-10.29.46:938][  0]LogInit: Texture streaming: Enabled
[2018.12.02-10.29.47:161][  0]LogSlate: Updating window title bar state: overlay mode, drag disabled, window buttons hidden, title bar hidden
[2018.12.02-10.29.47:161][  0]LogInit: Display: Game Engine Initialized.
[2018.12.02-10.29.47:161][  0]LogGameplayTags: Display: UGameplayTagsManager::DoneAddingNativeTags. DelegateIsBound: 0
[2018.12.02-10.29.47:161][  0]LogStats: UGameplayTagsManager::ConstructGameplayTagTree: ImportINI prefixes -  0.000 s
[2018.12.02-10.29.47:161][  0]LogStats: UGameplayTagsManager::ConstructGameplayTagTree: Construct from data asset -  0.000 s
[2018.12.02-10.29.47:161][  0]LogStats: UGameplayTagsManager::ConstructGameplayTagTree: ImportINI -  0.000 s
[2018.12.02-10.29.47:161][  0]LogStats: UGameplayTagsManager::ConstructGameplayTagTree: GameplayTagTreeChangedEvent.Broadcast -  0.000 s
[2018.12.02-10.29.47:185][  0]LogInit: Display: Starting Game.
[2018.12.02-10.29.47:185][  0]LogNet: Browse: /Game/Maps/Maps_LostBambooForest?Name=Player
[2018.12.02-10.29.47:185][  0]LogLoad: LoadMap: /Game/Maps/Maps_LostBambooForest?Name=Player
[2018.12.02-10.29.47:930][  0]LogBlueprint: Warning: [Compiler BP_FBFPlayableCharacter_2] Input Axis Event references unknown Axis 'MoveForward' for  InputAxis MoveForward
[2018.12.02-10.29.47:931][  0]LogBlueprint: Warning: [Compiler BP_FBFPlayableCharacter_2] Input Axis Event references unknown Axis 'LookUp' for  InputAxis LookUp
[2018.12.02-10.29.47:931][  0]LogBlueprint: Warning: [Compiler BP_FBFPlayableCharacter_2] Input Axis Event references unknown Axis 'Turn' for  InputAxis Turn
[2018.12.02-10.29.47:931][  0]LogBlueprint: Warning: [Compiler BP_FBFPlayableCharacter_2] Input Axis Event references unknown Axis 'MoveRight' for  InputAxis MoveRight
[2018.12.02-10.29.47:931][  0]LogBlueprint: Warning: [Compiler BP_FBFPlayableCharacter_2] InputAction Event references unknown Action 'Jump' for  InputAction Jump
[2018.12.02-10.29.48:110][  0]LogBlueprint: Warning: [Compiler BP_FBFPlayableCharacter_2] [0012.48] Compile of BP_FBFPlayableCharacter_2 successful, but with 5 Warning(s) [in 467 ms] (/Game/_Temporary/Character/BP_FBFPlayableCharacter_2.BP_FBFPlayableCharacter_2)
[2018.12.02-10.29.48:882][  0]LogAIModule: Creating AISystem for world Maps_LostBambooForest
[2018.12.02-10.29.48:883][  0]LogUObjectGlobals: Warning: Failed to find object 'Class /Script/FujiwaraBattleField.FujiwaraBattleFieldGameMode'
[2018.12.02-10.29.48:883][  0]LogLoad: Game class is 'GameModeBase'
[2018.12.02-10.29.48:909][  0]LogWorld: Bringing World /Game/Maps/Maps_LostBambooForest.Maps_LostBambooForest up for play (max tick rate 0) at 2018.12.02-19.29.48
[2018.12.02-10.29.48:911][  0]LogWorld: Bringing up level for play took: 0.026778
[2018.12.02-10.29.48:918][  0]LogLoad: Took 1.732086 seconds to LoadMap(/Game/Maps/Maps_LostBambooForest)
[2018.12.02-10.29.49:036][  0]LogLoad: (Engine Initialization) Total time: 13.41 seconds
[2018.12.02-10.29.49:036][  0]LogLoad: (Engine Initialization) Total Blueprint compile time: 0.00 seconds
[2018.12.02-10.29.49:046][  0]LogRenderer: Reallocating scene render targets to support 1280x720 Format 10 NumSamples 1 (Frame:1).
[2018.12.02-10.29.49:544][  0]LogWindowsTextInputMethodSystem: Display: IME system now activated using TSF (Microsoft 입력기).
[2018.12.02-10.29.49:557][  0]LogContentStreaming: Texture pool size now 1000 MB
[2018.12.02-10.29.50:048][  1]LogBlueprintUserMessages: [BP_FBFEnemyCharacter_3] UseSkill1
[2018.12.02-10.29.50:158][  4]LogBlueprintUserMessages: Warning: Invalid object types
[2018.12.02-10.29.50:158][  4]LogScript: Warning: Accessed None trying to read property CallFunc_BreakHitResult_HitActor
	SetDistance_C /Game/Maps/Maps_LostBambooForest.Maps_LostBambooForest:PersistentLevel.BP_BossContoller_C_0.BTComponent.SetDistance_C_1
	Function /Game/AI/SetDistance.SetDistance_C:ExecuteUbergraph_SetDistance:029F
[2018.12.02-10.29.50:158][  4]LogScript: Warning: Script call stack:
	Function /Game/AI/SetDistance.SetDistance_C:ReceiveTick
	Function /Game/AI/SetDistance.SetDistance_C:ExecuteUbergraph_SetDistance

[2018.12.02-10.29.50:677][ 19]LogBlueprintUserMessages: Warning: Invalid object types
[2018.12.02-10.29.50:677][ 19]LogScript: Warning: Accessed None trying to read property CallFunc_BreakHitResult_HitActor
	SetDistance_C /Game/Maps/Maps_LostBambooForest.Maps_LostBambooForest:PersistentLevel.BP_BossContoller_C_0.BTComponent.SetDistance_C_1
	Function /Game/AI/SetDistance.SetDistance_C:ExecuteUbergraph_SetDistance:029F
[2018.12.02-10.29.50:677][ 19]LogScript: Warning: Script call stack:
	Function /Game/AI/SetDistance.SetDistance_C:ReceiveTick
	Function /Game/AI/SetDistance.SetDistance_C:ExecuteUbergraph_SetDistance

[2018.12.02-10.29.51:067][ 30]LogBlueprintUserMessages: [Task_MoveToRandomLocation_C_1] 2028.640625
[2018.12.02-10.29.51:203][ 34]LogBlueprintUserMessages: Warning: Invalid object types
[2018.12.02-10.29.51:204][ 34]LogScript: Warning: Accessed None trying to read property CallFunc_BreakHitResult_HitActor
	SetDistance_C /Game/Maps/Maps_LostBambooForest.Maps_LostBambooForest:PersistentLevel.BP_BossContoller_C_0.BTComponent.SetDistance_C_1
	Function /Game/AI/SetDistance.SetDistance_C:ExecuteUbergraph_SetDistance:029F
[2018.12.02-10.29.51:204][ 34]LogScript: Warning: Script call stack:
	Function /Game/AI/SetDistance.SetDistance_C:ReceiveTick
	Function /Game/AI/SetDistance.SetDistance_C:ExecuteUbergraph_SetDistance

[2018.12.02-10.29.51:735][ 49]LogBlueprintUserMessages: Warning: Invalid object types
[2018.12.02-10.29.51:735][ 49]LogScript: Warning: Accessed None trying to read property CallFunc_BreakHitResult_HitActor
	SetDistance_C /Game/Maps/Maps_LostBambooForest.Maps_LostBambooForest:PersistentLevel.BP_BossContoller_C_0.BTComponent.SetDistance_C_1
	Function /Game/AI/SetDistance.SetDistance_C:ExecuteUbergraph_SetDistance:029F
[2018.12.02-10.29.51:735][ 49]LogScript: Warning: Script call stack:
	Function /Game/AI/SetDistance.SetDistance_C:ReceiveTick
	Function /Game/AI/SetDistance.SetDistance_C:ExecuteUbergraph_SetDistance

[2018.12.02-10.29.52:242][ 63]LogBlueprintUserMessages: Warning: Invalid object types
[2018.12.02-10.29.52:242][ 63]LogScript: Warning: Accessed None trying to read property CallFunc_BreakHitResult_HitActor
	SetDistance_C /Game/Maps/Maps_LostBambooForest.Maps_LostBambooForest:PersistentLevel.BP_BossContoller_C_0.BTComponent.SetDistance_C_1
	Function /Game/AI/SetDistance.SetDistance_C:ExecuteUbergraph_SetDistance:029F
[2018.12.02-10.29.52:242][ 63]LogScript: Warning: Script call stack:
	Function /Game/AI/SetDistance.SetDistance_C:ReceiveTick
	Function /Game/AI/SetDistance.SetDistance_C:ExecuteUbergraph_SetDistance

[2018.12.02-10.29.52:686][ 75]LogBlueprintUserMessages: [Task_MoveToRandomLocation_C_1] 1659.231323
[2018.12.02-10.29.52:761][ 77]LogBlueprintUserMessages: Warning: Invalid object types
[2018.12.02-10.29.52:761][ 77]LogScript: Warning: Accessed None trying to read property CallFunc_BreakHitResult_HitActor
	SetDistance_C /Game/Maps/Maps_LostBambooForest.Maps_LostBambooForest:PersistentLevel.BP_BossContoller_C_0.BTComponent.SetDistance_C_1
	Function /Game/AI/SetDistance.SetDistance_C:ExecuteUbergraph_SetDistance:029F
[2018.12.02-10.29.52:761][ 77]LogScript: Warning: Script call stack:
	Function /Game/AI/SetDistance.SetDistance_C:ReceiveTick
	Function /Game/AI/SetDistance.SetDistance_C:ExecuteUbergraph_SetDistance

[2018.12.02-10.29.53:272][ 91]LogBlueprintUserMessages: Warning: Invalid object types
[2018.12.02-10.29.53:272][ 91]LogScript: Warning: Accessed None trying to read property CallFunc_BreakHitResult_HitActor
	SetDistance_C /Game/Maps/Maps_LostBambooForest.Maps_LostBambooForest:PersistentLevel.BP_BossContoller_C_0.BTComponent.SetDistance_C_1
	Function /Game/AI/SetDistance.SetDistance_C:ExecuteUbergraph_SetDistance:029F
[2018.12.02-10.29.53:272][ 91]LogScript: Warning: Script call stack:
	Function /Game/AI/SetDistance.SetDistance_C:ReceiveTick
	Function /Game/AI/SetDistance.SetDistance_C:ExecuteUbergraph_SetDistance

[2018.12.02-10.29.53:794][105]LogBlueprintUserMessages: Warning: Invalid object types
[2018.12.02-10.29.53:794][105]LogScript: Warning: Accessed None trying to read property CallFunc_BreakHitResult_HitActor
	SetDistance_C /Game/Maps/Maps_LostBambooForest.Maps_LostBambooForest:PersistentLevel.BP_BossContoller_C_0.BTComponent.SetDistance_C_1
	Function /Game/AI/SetDistance.SetDistance_C:ExecuteUbergraph_SetDistance:029F
[2018.12.02-10.29.53:794][105]LogScript: Warning: Script call stack:
	Function /Game/AI/SetDistance.SetDistance_C:ReceiveTick
	Function /Game/AI/SetDistance.SetDistance_C:ExecuteUbergraph_SetDistance

[2018.12.02-10.29.53:903][108]LogBlueprintUserMessages: [Task_MoveToRandomLocation_C_1] 953.254456
[2018.12.02-10.29.54:328][119]LogBlueprintUserMessages: Warning: Invalid object types
[2018.12.02-10.29.54:328][119]LogScript: Warning: Accessed None trying to read property CallFunc_BreakHitResult_HitActor
	SetDistance_C /Game/Maps/Maps_LostBambooForest.Maps_LostBambooForest:PersistentLevel.BP_BossContoller_C_0.BTComponent.SetDistance_C_1
	Function /Game/AI/SetDistance.SetDistance_C:ExecuteUbergraph_SetDistance:029F
[2018.12.02-10.29.54:328][119]LogScript: Warning: Script call stack:
	Function /Game/AI/SetDistance.SetDistance_C:ReceiveTick
	Function /Game/AI/SetDistance.SetDistance_C:ExecuteUbergraph_SetDistance

[2018.12.02-10.29.54:831][132]LogBlueprintUserMessages: Warning: Invalid object types
[2018.12.02-10.29.54:831][132]LogScript: Warning: Accessed None trying to read property CallFunc_BreakHitResult_HitActor
	SetDistance_C /Game/Maps/Maps_LostBambooForest.Maps_LostBambooForest:PersistentLevel.BP_BossContoller_C_0.BTComponent.SetDistance_C_1
	Function /Game/AI/SetDistance.SetDistance_C:ExecuteUbergraph_SetDistance:029F
[2018.12.02-10.29.54:831][132]LogScript: Warning: Script call stack:
	Function /Game/AI/SetDistance.SetDistance_C:ReceiveTick
	Function /Game/AI/SetDistance.SetDistance_C:ExecuteUbergraph_SetDistance

[2018.12.02-10.29.54:869][133]LogBlueprintUserMessages: [Task_MoveToRandomLocation_C_1] 580.267517
[2018.12.02-10.29.55:339][145]LogBlueprintUserMessages: Warning: Invalid object types
[2018.12.02-10.29.55:340][145]LogScript: Warning: Accessed None trying to read property CallFunc_BreakHitResult_HitActor
	SetDistance_C /Game/Maps/Maps_LostBambooForest.Maps_LostBambooForest:PersistentLevel.BP_BossContoller_C_0.BTComponent.SetDistance_C_1
	Function /Game/AI/SetDistance.SetDistance_C:ExecuteUbergraph_SetDistance:029F
[2018.12.02-10.29.55:340][145]LogScript: Warning: Script call stack:
	Function /Game/AI/SetDistance.SetDistance_C:ReceiveTick
	Function /Game/AI/SetDistance.SetDistance_C:ExecuteUbergraph_SetDistance

[2018.12.02-10.29.55:846][158]LogBlueprintUserMessages: Warning: Invalid object types
[2018.12.02-10.29.55:847][158]LogScript: Warning: Accessed None trying to read property CallFunc_BreakHitResult_HitActor
	SetDistance_C /Game/Maps/Maps_LostBambooForest.Maps_LostBambooForest:PersistentLevel.BP_BossContoller_C_0.BTComponent.SetDistance_C_1
	Function /Game/AI/SetDistance.SetDistance_C:ExecuteUbergraph_SetDistance:029F
[2018.12.02-10.29.55:847][158]LogScript: Warning: Script call stack:
	Function /Game/AI/SetDistance.SetDistance_C:ReceiveTick
	Function /Game/AI/SetDistance.SetDistance_C:ExecuteUbergraph_SetDistance

[2018.12.02-10.29.55:955][161]LogBlueprintUserMessages: [Task_MoveToRandomLocation_C_1] 1013.243958
[2018.12.02-10.29.56:374][172]LogBlueprintUserMessages: Warning: Invalid object types
[2018.12.02-10.29.56:375][172]LogScript: Warning: Accessed None trying to read property CallFunc_BreakHitResult_HitActor
	SetDistance_C /Game/Maps/Maps_LostBambooForest.Maps_LostBambooForest:PersistentLevel.BP_BossContoller_C_0.BTComponent.SetDistance_C_1
	Function /Game/AI/SetDistance.SetDistance_C:ExecuteUbergraph_SetDistance:029F
[2018.12.02-10.29.56:375][172]LogScript: Warning: Script call stack:
	Function /Game/AI/SetDistance.SetDistance_C:ReceiveTick
	Function /Game/AI/SetDistance.SetDistance_C:ExecuteUbergraph_SetDistance

[2018.12.02-10.29.56:892][186]LogBlueprintUserMessages: Warning: Invalid object types
[2018.12.02-10.29.56:892][186]LogScript: Warning: Accessed None trying to read property CallFunc_BreakHitResult_HitActor
	SetDistance_C /Game/Maps/Maps_LostBambooForest.Maps_LostBambooForest:PersistentLevel.BP_BossContoller_C_0.BTComponent.SetDistance_C_1
	Function /Game/AI/SetDistance.SetDistance_C:ExecuteUbergraph_SetDistance:029F
[2018.12.02-10.29.56:892][186]LogScript: Warning: Script call stack:
	Function /Game/AI/SetDistance.SetDistance_C:ReceiveTick
	Function /Game/AI/SetDistance.SetDistance_C:ExecuteUbergraph_SetDistance

[2018.12.02-10.29.57:416][200]LogBlueprintUserMessages: Warning: Invalid object types
[2018.12.02-10.29.57:417][200]LogScript: Warning: Accessed None trying to read property CallFunc_BreakHitResult_HitActor
	SetDistance_C /Game/Maps/Maps_LostBambooForest.Maps_LostBambooForest:PersistentLevel.BP_BossContoller_C_0.BTComponent.SetDistance_C_1
	Function /Game/AI/SetDistance.SetDistance_C:ExecuteUbergraph_SetDistance:029F
[2018.12.02-10.29.57:417][200]LogScript: Warning: Script call stack:
	Function /Game/AI/SetDistance.SetDistance_C:ReceiveTick
	Function /Game/AI/SetDistance.SetDistance_C:ExecuteUbergraph_SetDistance

[2018.12.02-10.29.57:566][204]LogBlueprintUserMessages: [Task_MoveToRandomLocation_C_1] 1771.591919
[2018.12.02-10.29.57:937][214]LogBlueprintUserMessages: Warning: Invalid object types
[2018.12.02-10.29.57:937][214]LogScript: Warning: Accessed None trying to read property CallFunc_BreakHitResult_HitActor
	SetDistance_C /Game/Maps/Maps_LostBambooForest.Maps_LostBambooForest:PersistentLevel.BP_BossContoller_C_0.BTComponent.SetDistance_C_1
	Function /Game/AI/SetDistance.SetDistance_C:ExecuteUbergraph_SetDistance:029F
[2018.12.02-10.29.57:938][214]LogScript: Warning: Script call stack:
	Function /Game/AI/SetDistance.SetDistance_C:ReceiveTick
	Function /Game/AI/SetDistance.SetDistance_C:ExecuteUbergraph_SetDistance

[2018.12.02-10.29.58:460][228]LogBlueprintUserMessages: Warning: Invalid object types
[2018.12.02-10.29.58:461][228]LogScript: Warning: Accessed None trying to read property CallFunc_BreakHitResult_HitActor
	SetDistance_C /Game/Maps/Maps_LostBambooForest.Maps_LostBambooForest:PersistentLevel.BP_BossContoller_C_0.BTComponent.SetDistance_C_1
	Function /Game/AI/SetDistance.SetDistance_C:ExecuteUbergraph_SetDistance:029F
[2018.12.02-10.29.58:461][228]LogScript: Warning: Script call stack:
	Function /Game/AI/SetDistance.SetDistance_C:ReceiveTick
	Function /Game/AI/SetDistance.SetDistance_C:ExecuteUbergraph_SetDistance

[2018.12.02-10.29.58:835][238]LogBlueprintUserMessages: [Task_MoveToRandomLocation_C_1] 1933.523438
[2018.12.02-10.29.58:981][242]LogBlueprintUserMessages: Warning: Invalid object types
[2018.12.02-10.29.59:512][256]LogBlueprintUserMessages: Warning: Invalid object types
[2018.12.02-10.29.59:847][265]LogBlueprintUserMessages: [Task_MoveToRandomLocation_C_1] 2128.96167
[2018.12.02-10.30.00:041][270]LogBlueprintUserMessages: Warning: Invalid object types
[2018.12.02-10.30.00:562][284]LogBlueprintUserMessages: Warning: Invalid object types
[2018.12.02-10.30.00:940][294]LogBlueprintUserMessages: [Task_MoveToRandomLocation_C_1] 2106.177002
[2018.12.02-10.30.01:098][298]LogBlueprintUserMessages: Warning: Invalid object types
[2018.12.02-10.30.01:618][312]LogBlueprintUserMessages: Warning: Invalid object types
[2018.12.02-10.30.02:144][326]LogBlueprintUserMessages: Warning: Invalid object types
[2018.12.02-10.30.02:221][328]LogBlueprintUserMessages: [Task_MoveToRandomLocation_C_1] 1913.795898
[2018.12.02-10.30.02:666][340]LogBlueprintUserMessages: Warning: Invalid object types
[2018.12.02-10.30.03:190][354]LogBlueprintUserMessages: Warning: Invalid object types
[2018.12.02-10.30.03:338][358]LogBlueprintUserMessages: [Task_MoveToRandomLocation_C_1] 2116.310547
[2018.12.02-10.30.03:719][368]LogBlueprintUserMessages: Warning: Invalid object types
[2018.12.02-10.30.04:238][382]LogBlueprintUserMessages: Warning: Invalid object types
[2018.12.02-10.30.04:768][396]LogBlueprintUserMessages: Warning: Invalid object types
[2018.12.02-10.30.04:842][398]LogBlueprintUserMessages: [Task_MoveToRandomLocation_C_1] 2258.304932
[2018.12.02-10.30.05:293][410]LogBlueprintUserMessages: Warning: Invalid object types
[2018.12.02-10.30.05:822][423]LogBlueprintUserMessages: Warning: Invalid object types
[2018.12.02-10.30.06:138][431]LogBlueprintUserMessages: [Task_MoveToRandomLocation_C_1] 2029.224243
[2018.12.02-10.30.06:328][436]LogBlueprintUserMessages: Warning: Invalid object types
[2018.12.02-10.30.06:844][449]LogBlueprintUserMessages: Warning: Invalid object types
[2018.12.02-10.30.07:351][462]LogBlueprintUserMessages: Warning: Invalid object types
[2018.12.02-10.30.07:827][474]LogBlueprintUserMessages: [Task_MoveToRandomLocation_C_1] 1898.401855
[2018.12.02-10.30.07:867][475]LogBlueprintUserMessages: Warning: Invalid object types
[2018.12.02-10.30.08:371][488]LogBlueprintUserMessages: Warning: Invalid object types
[2018.12.02-10.30.08:891][501]LogBlueprintUserMessages: Warning: Invalid object types
[2018.12.02-10.30.09:403][514]LogBlueprintUserMessages: Warning: Invalid object types
[2018.12.02-10.30.09:526][517]LogBlueprintUserMessages: [Task_MoveToRandomLocation_C_1] 1961.904785
[2018.12.02-10.30.09:920][527]LogBlueprintUserMessages: Warning: Invalid object types
[2018.12.02-10.30.10:432][540]LogBlueprintUserMessages: Warning: Invalid object types
[2018.12.02-10.30.10:665][546]LogBlueprintUserMessages: [Task_MoveToRandomLocation_C_1] 2108.920898
[2018.12.02-10.30.10:937][553]LogBlueprintUserMessages: Warning: Invalid object types
[2018.12.02-10.30.11:450][566]LogBlueprintUserMessages: Warning: Invalid object types
[2018.12.02-10.30.11:962][579]LogBlueprintUserMessages: Warning: Invalid object types
[2018.12.02-10.30.12:389][590]LogBlueprintUserMessages: [Task_MoveToRandomLocation_C_1] 2043.352173
[2018.12.02-10.30.12:472][592]LogBlueprintUserMessages: Warning: Invalid object types
[2018.12.02-10.30.12:980][605]LogBlueprintUserMessages: Warning: Invalid object types
[2018.12.02-10.30.13:495][618]LogBlueprintUserMessages: Warning: Invalid object types
[2018.12.02-10.30.13:612][621]LogBlueprintUserMessages: [Task_MoveToRandomLocation_C_1] 2236.364014
[2018.12.02-10.30.14:006][631]LogBlueprintUserMessages: Warning: Invalid object types
[2018.12.02-10.30.14:511][644]LogBlueprintUserMessages: Warning: Invalid object types
[2018.12.02-10.30.14:622][647]LogBlueprintUserMessages: [Task_MoveToRandomLocation_C_1] 1960.072998
[2018.12.02-10.30.15:044][658]LogBlueprintUserMessages: Warning: Invalid object types
[2018.12.02-10.30.15:573][672]LogBlueprintUserMessages: Warning: Invalid object types
[2018.12.02-10.30.15:761][677]LogBlueprintUserMessages: [Task_MoveToRandomLocation_C_1] 2073.891846
[2018.12.02-10.30.16:094][686]LogBlueprintUserMessages: Warning: Invalid object types
[2018.12.02-10.30.16:621][700]LogBlueprintUserMessages: Warning: Invalid object types
[2018.12.02-10.30.16:921][708]LogBlueprintUserMessages: [Task_MoveToRandomLocation_C_1] 2079.185547
[2018.12.02-10.30.17:143][714]LogBlueprintUserMessages: Warning: Invalid object types
[2018.12.02-10.30.17:667][728]LogBlueprintUserMessages: Warning: Invalid object types
[2018.12.02-10.30.18:191][742]LogBlueprintUserMessages: Warning: Invalid object types
[2018.12.02-10.30.18:305][745]LogBlueprintUserMessages: [Task_MoveToRandomLocation_C_1] 2153.628662
[2018.12.02-10.30.18:712][756]LogBlueprintUserMessages: Warning: Invalid object types
[2018.12.02-10.30.19:237][770]LogBlueprintUserMessages: Warning: Invalid object types
[2018.12.02-10.30.19:275][771]LogBlueprintUserMessages: [Task_MoveToRandomLocation_C_1] 2215.092773
[2018.12.02-10.30.19:758][784]LogBlueprintUserMessages: Warning: Invalid object types
[2018.12.02-10.30.20:288][798]LogBlueprintUserMessages: Warning: Invalid object types
[2018.12.02-10.30.20:815][812]LogBlueprintUserMessages: Warning: Invalid object types
[2018.12.02-10.30.20:928][815]LogBlueprintUserMessages: [Task_MoveToRandomLocation_C_1] 1982.845093
[2018.12.02-10.30.21:338][826]LogBlueprintUserMessages: Warning: Invalid object types
[2018.12.02-10.30.21:867][840]LogBlueprintUserMessages: Warning: Invalid object types
[2018.12.02-10.30.22:395][854]LogBlueprintUserMessages: Warning: Invalid object types
[2018.12.02-10.30.22:439][855]LogBlueprintUserMessages: [Task_MoveToRandomLocation_C_1] 2209.187744
[2018.12.02-10.30.22:924][868]LogBlueprintUserMessages: Warning: Invalid object types
[2018.12.02-10.30.23:419][881]LogBlueprintUserMessages: [Task_MoveToRandomLocation_C_1] 2122.872559
[2018.12.02-10.30.23:459][882]LogBlueprintUserMessages: Warning: Invalid object types
[2018.12.02-10.30.23:981][896]LogBlueprintUserMessages: Warning: Invalid object types
[2018.12.02-10.30.24:507][910]LogBlueprintUserMessages: Warning: Invalid object types
[2018.12.02-10.30.24:992][923]LogBlueprintUserMessages: [Task_MoveToRandomLocation_C_1] 2083.963379
[2018.12.02-10.30.25:028][924]LogBlueprintUserMessages: Warning: Invalid object types
[2018.12.02-10.30.25:555][938]LogBlueprintUserMessages: Warning: Invalid object types
[2018.12.02-10.30.26:084][952]LogBlueprintUserMessages: Warning: Invalid object types
[2018.12.02-10.30.26:282][957]LogBlueprintUserMessages: [Task_MoveToRandomLocation_C_1] 1999.234619
[2018.12.02-10.30.26:621][966]LogBlueprintUserMessages: Warning: Invalid object types
[2018.12.02-10.30.27:148][980]LogBlueprintUserMessages: Warning: Invalid object types
[2018.12.02-10.30.27:374][986]LogBlueprintUserMessages: [Task_MoveToRandomLocation_C_1] 2190.160156
[2018.12.02-10.30.27:679][994]LogBlueprintUserMessages: Warning: Invalid object types
[2018.12.02-10.30.28:208][  8]LogBlueprintUserMessages: Warning: Invalid object types
[2018.12.02-10.30.28:511][ 16]LogBlueprintUserMessages: [Task_MoveToRandomLocation_C_1] 2050.730469
[2018.12.02-10.30.28:733][ 22]LogBlueprintUserMessages: Warning: Invalid object types
[2018.12.02-10.30.29:237][ 35]LogBlueprintUserMessages: Warning: Invalid object types
[2018.12.02-10.30.29:768][ 49]LogBlueprintUserMessages: Warning: Invalid object types
[2018.12.02-10.30.29:924][ 53]LogBlueprintUserMessages: [Task_MoveToRandomLocation_C_1] 2050.262939
[2018.12.02-10.30.30:302][ 63]LogBlueprintUserMessages: Warning: Invalid object types
[2018.12.02-10.30.30:831][ 77]LogBlueprintUserMessages: Warning: Invalid object types
[2018.12.02-10.30.30:946][ 80]LogBlueprintUserMessages: [Task_MoveToRandomLocation_C_1] 2233.494141
[2018.12.02-10.30.31:361][ 91]LogBlueprintUserMessages: Warning: Invalid object types
[2018.12.02-10.30.31:888][105]LogBlueprintUserMessages: Warning: Invalid object types
[2018.12.02-10.30.32:379][118]LogBlueprintUserMessages: [Task_MoveToRandomLocation_C_1] 2226.450195
[2018.12.02-10.30.32:416][119]LogBlueprintUserMessages: Warning: Invalid object types
[2018.12.02-10.30.32:947][133]LogBlueprintUserMessages: Warning: Invalid object types
[2018.12.02-10.30.33:473][147]LogBlueprintUserMessages: Warning: Invalid object types
[2018.12.02-10.30.33:738][154]LogBlueprintUserMessages: [Task_MoveToRandomLocation_C_1] 2251.188721
[2018.12.02-10.30.34:004][161]LogBlueprintUserMessages: Warning: Invalid object types
[2018.12.02-10.30.34:536][175]LogBlueprintUserMessages: Warning: Invalid object types
[2018.12.02-10.30.35:063][189]LogBlueprintUserMessages: Warning: Invalid object types
[2018.12.02-10.30.35:290][195]LogBlueprintUserMessages: [Task_MoveToRandomLocation_C_1] 2116.208252
[2018.12.02-10.30.35:595][203]LogBlueprintUserMessages: Warning: Invalid object types
[2018.12.02-10.30.36:122][217]LogBlueprintUserMessages: Warning: Invalid object types
[2018.12.02-10.30.36:623][230]LogBlueprintUserMessages: Warning: Invalid object types
[2018.12.02-10.30.36:845][236]LogBlueprintUserMessages: [Task_MoveToRandomLocation_C_1] 2125.72998
[2018.12.02-10.30.37:144][244]LogBlueprintUserMessages: Warning: Invalid object types
[2018.12.02-10.30.37:679][258]LogBlueprintUserMessages: Warning: Invalid object types
[2018.12.02-10.30.37:788][261]LogBlueprintUserMessages: [Task_MoveToRandomLocation_C_1] 2208.677002
[2018.12.02-10.30.38:199][272]LogBlueprintUserMessages: Warning: Invalid object types
[2018.12.02-10.30.38:721][286]LogBlueprintUserMessages: Warning: Invalid object types
[2018.12.02-10.30.39:248][300]LogBlueprintUserMessages: Warning: Invalid object types
[2018.12.02-10.30.39:286][301]LogBlueprintUserMessages: [Task_MoveToRandomLocation_C_1] 2161.51123
[2018.12.02-10.30.39:782][314]LogBlueprintUserMessages: Warning: Invalid object types
[2018.12.02-10.30.40:313][328]LogBlueprintUserMessages: Warning: Invalid object types
[2018.12.02-10.30.40:838][342]LogBlueprintUserMessages: Warning: Invalid object types
[2018.12.02-10.30.40:989][346]LogBlueprintUserMessages: [Task_MoveToRandomLocation_C_1] 2024.139404
[2018.12.02-10.30.41:368][356]LogBlueprintUserMessages: Warning: Invalid object types
[2018.12.02-10.30.41:902][370]LogBlueprintUserMessages: Warning: Invalid object types
[2018.12.02-10.30.42:427][384]LogBlueprintUserMessages: Warning: Invalid object types
[2018.12.02-10.30.42:656][390]LogBlueprintUserMessages: [Task_MoveToRandomLocation_C_1] 2210.588623
[2018.12.02-10.30.42:960][398]LogBlueprintUserMessages: Warning: Invalid object types
[2018.12.02-10.30.43:483][412]LogBlueprintUserMessages: Warning: Invalid object types
[2018.12.02-10.30.44:016][426]LogBlueprintUserMessages: Warning: Invalid object types
[2018.12.02-10.30.44:427][437]LogBlueprintUserMessages: [Task_MoveToRandomLocation_C_1] 1984.096191
[2018.12.02-10.30.44:541][440]LogBlueprintUserMessages: Warning: Invalid object types
[2018.12.02-10.30.45:068][454]LogBlueprintUserMessages: Warning: Invalid object types
[2018.12.02-10.30.45:599][468]LogBlueprintUserMessages: Warning: Invalid object types
[2018.12.02-10.30.45:938][477]LogBlueprintUserMessages: [Task_MoveToRandomLocation_C_1] 1900.28186
[2018.12.02-10.30.46:125][482]LogBlueprintUserMessages: Warning: Invalid object types
[2018.12.02-10.30.46:655][496]LogBlueprintUserMessages: Warning: Invalid object types
[2018.12.02-10.30.47:185][510]LogBlueprintUserMessages: Warning: Invalid object types
[2018.12.02-10.30.47:445][517]LogBlueprintUserMessages: [Task_MoveToRandomLocation_C_1] 1859.027344
[2018.12.02-10.30.47:712][524]LogBlueprintUserMessages: Warning: Invalid object types
[2018.12.02-10.30.48:241][538]LogBlueprintUserMessages: Warning: Invalid object types
[2018.12.02-10.30.48:771][552]LogBlueprintUserMessages: Warning: Invalid object types
[2018.12.02-10.30.48:845][554]LogBlueprintUserMessages: [Task_MoveToRandomLocation_C_1] 1900.093994
[2018.12.02-10.30.49:301][566]LogBlueprintUserMessages: Warning: Invalid object types
[2018.12.02-10.30.49:825][580]LogBlueprintUserMessages: Warning: Invalid object types
[2018.12.02-10.30.50:354][594]LogBlueprintUserMessages: Warning: Invalid object types
[2018.12.02-10.30.50:467][597]LogBlueprintUserMessages: [Task_MoveToRandomLocation_C_1] 1848.311768
[2018.12.02-10.30.51:043][603]LogBlueprintUserMessages: Warning: Invalid object types
[2018.12.02-10.30.51:560][617]LogBlueprintUserMessages: Warning: Invalid object types
[2018.12.02-10.30.51:777][623]LogBlueprintUserMessages: [Task_MoveToRandomLocation_C_1] 2078.594238
[2018.12.02-10.30.52:072][631]LogBlueprintUserMessages: Warning: Invalid object types
[2018.12.02-10.30.52:601][645]LogBlueprintUserMessages: Warning: Invalid object types
[2018.12.02-10.30.52:783][649]LogSlate: Window 'FujiwaraBattleField (64-bit Development PCD3D_SM5) ' being destroyed
[2018.12.02-10.30.52:788][649]LogWindowsTextInputMethodSystem: Display: IME system now activated using TSF (Microsoft 입력기).
[2018.12.02-10.30.52:798][649]LogWindowsTextInputMethodSystem: Display: IME system now activated using TSF (Microsoft 입력기).
[2018.12.02-10.30.52:802][649]LogSlate: Updating window title bar state: overlay mode, drag disabled, window buttons hidden, title bar hidden
[2018.12.02-10.30.52:803][649]LogEngine: All Windows Closed
[2018.12.02-10.30.52:803][649]LogWindows: FPlatformMisc::RequestExit(0)
[2018.12.02-10.30.53:577][650]LogExit: Preparing to exit.
[2018.12.02-10.30.53:577][650]LogMoviePlayer: Shutting down movie player
[2018.12.02-10.30.54:186][650]LogSlate: Updating window title bar state: overlay mode, drag disabled, window buttons hidden, title bar hidden
[2018.12.02-10.30.54:213][650]LogExit: Game engine shut down
[2018.12.02-10.30.54:798][650]LogExit: Object subsystem successfully closed.
[2018.12.02-10.30.54:816][650]LogShaderCompilers: Display: Shaders left to compile 0
[2018.12.02-10.30.54:820][650]LogD3D11RHI: Shutdown
[2018.12.02-10.30.54:820][650]LogD3D11RHI: CleanupD3DDevice
[2018.12.02-10.30.54:835][650]LogD3D11RHI: ~FD3D11DynamicRHI
[2018.12.02-10.30.54:849][650]LogModuleManager: Shutting down and abandoning module SequenceRecorderSections (378)
[2018.12.02-10.30.54:849][650]LogModuleManager: Shutting down and abandoning module SequenceRecorder (376)
[2018.12.02-10.30.54:849][650]LogModuleManager: Shutting down and abandoning module AutomationController (374)
[2018.12.02-10.30.54:849][650]LogModuleManager: Shutting down and abandoning module AutomationWorker (372)
[2018.12.02-10.30.54:849][650]LogModuleManager: Shutting down and abandoning module Voice (370)
[2018.12.02-10.30.54:849][650]LogModuleManager: Shutting down and abandoning module AIModule (368)
[2018.12.02-10.30.54:849][650]LogModuleManager: Shutting down and abandoning module GameplayDebugger (367)
[2018.12.02-10.30.54:849][650]LogModuleManager: Shutting down and abandoning module AITestSuite (365)
[2018.12.02-10.30.54:849][650]LogModuleManager: Shutting down and abandoning module NavigationSystem (363)
[2018.12.02-10.30.54:849][650]LogModuleManager: Shutting down and abandoning module WmfMediaFactory (360)
[2018.12.02-10.30.54:849][650]LogModuleManager: Shutting down and abandoning module OpenExrWrapper (358)
[2018.12.02-10.30.54:849][650]LogModuleManager: Shutting down and abandoning module ImgMediaFactory (356)
[2018.12.02-10.30.54:849][650]LogModuleManager: Shutting down and abandoning module AvfMediaFactory (354)
[2018.12.02-10.30.54:849][650]LogModuleManager: Shutting down and abandoning module MagicLeapCameraPreviewFactory (352)
[2018.12.02-10.30.54:850][650]LogModuleManager: Shutting down and abandoning module MagicLeapMediaFactory (350)
[2018.12.02-10.30.54:850][650]LogModuleManager: Shutting down and abandoning module CharacterAI (348)
[2018.12.02-10.30.54:850][650]LogModuleManager: Shutting down and abandoning module SessionServices (346)
[2018.12.02-10.30.54:850][650]LogModuleManager: Shutting down and abandoning module MovieSceneCapture (344)
[2018.12.02-10.30.54:850][650]LogModuleManager: Shutting down and abandoning module MovieSceneTracks (342)
[2018.12.02-10.30.54:850][650]LogModuleManager: Shutting down and abandoning module MovieScene (340)
[2018.12.02-10.30.54:850][650]LogModuleManager: Shutting down and abandoning module StreamingPauseRendering (338)
[2018.12.02-10.30.54:850][650]LogModuleManager: Shutting down and abandoning module PortalServices (336)
[2018.12.02-10.30.54:850][650]LogModuleManager: Shutting down and abandoning module PortalRpc (334)
[2018.12.02-10.30.54:850][650]LogModuleManager: Shutting down and abandoning module MessagingRpc (332)
[2018.12.02-10.30.54:850][650]LogModuleManager: Shutting down and abandoning module ProfilerService (330)
[2018.12.02-10.30.55:098][650]LogModuleManager: Shutting down and abandoning module TaskGraph (328)
[2018.12.02-10.30.55:099][650]LogModuleManager: Shutting down and abandoning module SteamVRController (326)
[2018.12.02-10.30.55:099][650]LogModuleManager: Shutting down and abandoning module ProceduralMeshComponent (324)
[2018.12.02-10.30.55:099][650]LogModuleManager: Shutting down and abandoning module OculusInput (322)
[2018.12.02-10.30.55:099][650]LogModuleManager: Shutting down and abandoning module MobilePatchingUtils (320)
[2018.12.02-10.30.55:099][650]LogModuleManager: Shutting down and abandoning module EditableMesh (318)
[2018.12.02-10.30.55:099][650]LogModuleManager: Shutting down and abandoning module CustomMeshComponent (316)
[2018.12.02-10.30.55:099][650]LogModuleManager: Shutting down and abandoning module CableComponent (314)
[2018.12.02-10.30.55:099][650]LogModuleManager: Shutting down and abandoning module AudioCapture (312)
[2018.12.02-10.30.55:099][650]LogModuleManager: Shutting down and abandoning module ArchVisCharacter (310)
[2018.12.02-10.30.55:099][650]LogModuleManager: Shutting down and abandoning module AndroidPermission (308)
[2018.12.02-10.30.55:099][650]LogModuleManager: Shutting down and abandoning module NUTUnrealEngine4 (306)
[2018.12.02-10.30.55:099][650]LogModuleManager: Shutting down and abandoning module NetcodeUnitTest (304)
[2018.12.02-10.30.55:099][650]LogModuleManager: Shutting down and abandoning module MediaCompositing (302)
[2018.12.02-10.30.55:099][650]LogModuleManager: Shutting down and abandoning module LinearTimecode (300)
[2018.12.02-10.30.55:099][650]LogModuleManager: Shutting down and abandoning module ImgMedia (298)
[2018.12.02-10.30.55:104][650]LogModuleManager: Shutting down and abandoning module HTML5Networking (296)
[2018.12.02-10.30.55:104][650]LogModuleManager: Shutting down and abandoning module GeometryCacheTracks (294)
[2018.12.02-10.30.55:104][650]LogModuleManager: Shutting down and abandoning module GeometryCacheSequencer (293)
[2018.12.02-10.30.55:104][650]LogModuleManager: Shutting down and abandoning module GeometryCache (290)
[2018.12.02-10.30.55:104][650]LogModuleManager: Shutting down and abandoning module GeometryCacheEd (289)
[2018.12.02-10.30.55:104][650]LogModuleManager: Shutting down and abandoning module BackChannel (286)
[2018.12.02-10.30.55:104][650]LogModuleManager: Shutting down and abandoning module AppleVision (284)
[2018.12.02-10.30.55:104][650]LogModuleManager: Shutting down and abandoning module AppleImageUtils (282)
[2018.12.02-10.30.55:104][650]LogModuleManager: Shutting down and abandoning module DatasmithContent (280)
[2018.12.02-10.30.55:105][650]LogModuleManager: Shutting down and abandoning module CryptoKeysOpenSSL (278)
[2018.12.02-10.30.55:105][650]LogModuleManager: Shutting down and abandoning module CryptoKeys (276)
[2018.12.02-10.30.55:105][650]LogModuleManager: Shutting down and abandoning module VisualStudioSourceCodeAccess (274)
[2018.12.02-10.30.55:105][650]LogModuleManager: Shutting down and abandoning module HotReload (273)
[2018.12.02-10.30.55:105][650]LogModuleManager: Shutting down and abandoning module DirectoryWatcher (272)
[2018.12.02-10.30.55:105][650]LogModuleManager: Shutting down and abandoning module VisualStudioCodeSourceCodeAccess (268)
[2018.12.02-10.30.55:105][650]LogModuleManager: Shutting down and abandoning module UObjectPlugin (266)
[2018.12.02-10.30.55:105][650]LogModuleManager: Shutting down and abandoning module SubversionSourceControl (264)
[2018.12.02-10.30.55:105][650]LogModuleManager: Shutting down and abandoning module PerforceSourceControl (262)
[2018.12.02-10.30.55:105][650]LogModuleManager: Shutting down and abandoning module SourceControl (261)
[2018.12.02-10.30.55:105][650]LogModuleManager: Shutting down and abandoning module CLionSourceCodeAccess (258)
[2018.12.02-10.30.55:105][650]LogModuleManager: Shutting down and abandoning module FujiwaraBattleField (256)
[2018.12.02-10.30.55:106][650]LogModuleManager: Shutting down and abandoning module RuntimePhysXCooking (254)
[2018.12.02-10.30.55:106][650]LogModuleManager: Shutting down and abandoning module PhysXVehiclesEditor (252)
[2018.12.02-10.30.55:106][650]LogModuleManager: Shutting down and abandoning module PhysXVehicles (250)
[2018.12.02-10.30.55:106][650]LogModuleManager: Shutting down and abandoning module LocationServicesBPLibrary (248)
[2018.12.02-10.30.55:106][650]LogModuleManager: Shutting down and abandoning module ImmediatePhysicsEditor (246)
[2018.12.02-10.30.55:106][650]LogModuleManager: Shutting down and abandoning module ImmediatePhysics (244)
[2018.12.02-10.30.55:106][650]LogModuleManager: Shutting down and abandoning module ActorSequence (242)
[2018.12.02-10.30.55:106][650]LogModuleManager: Shutting down and abandoning module UdpMessaging (240)
[2018.12.02-10.30.55:206][650]LogModuleManager: Shutting down and abandoning module TcpMessaging (238)
[2018.12.02-10.30.55:307][650]LogModuleManager: Shutting down and abandoning module MagicLeapAudio (236)
[2018.12.02-10.30.55:307][650]LogModuleManager: Shutting down and abandoning module GameplayTagsEditor (234)
[2018.12.02-10.30.55:307][650]LogModuleManager: Shutting down and abandoning module FacialAnimation (232)
[2018.12.02-10.30.55:307][650]LogModuleManager: Shutting down and abandoning module DataValidation (230)
[2018.12.02-10.30.55:307][650]LogModuleManager: Shutting down and abandoning module AssetManagerEditor (228)
[2018.12.02-10.30.55:307][650]LogModuleManager: Shutting down and abandoning module TreeMap (227)
[2018.12.02-10.30.55:307][650]LogModuleManager: Shutting down and abandoning module LightPropagationVolumeRuntime (224)
[2018.12.02-10.30.55:307][650]LogModuleManager: Shutting down and abandoning module AISupportModule (222)
[2018.12.02-10.30.55:307][650]LogModuleManager: Shutting down and abandoning module Paper2D (220)
[2018.12.02-10.30.55:307][650]LogModuleManager: Shutting down and abandoning module PIEPreviewDeviceProfileSelector (218)
[2018.12.02-10.30.55:307][650]LogModuleManager: Shutting down and abandoning module WindowsMoviePlayer (216)
[2018.12.02-10.30.55:307][650]LogModuleManager: Shutting down and abandoning module WmfMedia (214)
[2018.12.02-10.30.55:310][650]LogModuleManager: Shutting down and abandoning module Media (213)
[2018.12.02-10.30.55:317][650]LogModuleManager: Shutting down and abandoning module PacketHandler (210)
[2018.12.02-10.30.55:317][650]LogModuleManager: Shutting down and abandoning module ClothingSystemEditor (208)
[2018.12.02-10.30.55:317][650]LogModuleManager: Shutting down and abandoning module ClothingSystemRuntime (206)
[2018.12.02-10.30.55:317][650]LogModuleManager: Shutting down and abandoning module MediaAssets (204)
[2018.12.02-10.30.55:317][650]LogModuleManager: Shutting down and abandoning module Overlay (202)
[2018.12.02-10.30.55:317][650]LogModuleManager: Shutting down and abandoning module OverlayEditor (201)
[2018.12.02-10.30.55:317][650]LogModuleManager: Shutting down and abandoning module VREditor (198)
[2018.12.02-10.30.55:317][650]LogModuleManager: Shutting down and abandoning module StringTableEditor (196)
[2018.12.02-10.30.55:317][650]LogModuleManager: Shutting down and abandoning module GameplayTasksEditor (194)
[2018.12.02-10.30.55:317][650]LogModuleManager: Shutting down and abandoning module BehaviorTreeEditor (192)
[2018.12.02-10.30.55:317][650]LogModuleManager: Shutting down and abandoning module FunctionalTesting (190)
[2018.12.02-10.30.55:317][650]LogModuleManager: Shutting down and abandoning module CollisionAnalyzer (188)
[2018.12.02-10.30.55:317][650]LogModuleManager: Shutting down and abandoning module WorkspaceMenuStructure (187)
[2018.12.02-10.30.55:317][650]LogModuleManager: Shutting down and abandoning module UMG (184)
[2018.12.02-10.30.55:317][650]LogModuleManager: Shutting down and abandoning module UMGEditor (183)
[2018.12.02-10.30.55:317][650]LogModuleManager: Shutting down and abandoning module Sequencer (182)
[2018.12.02-10.30.55:317][650]LogModuleManager: Shutting down and abandoning module MessageLog (179)
[2018.12.02-10.30.55:317][650]LogModuleManager: Shutting down and abandoning module SlateReflector (174)
[2018.12.02-10.30.55:318][650]LogModuleManager: Shutting down and abandoning module Slate (172)
[2018.12.02-10.30.55:318][650]LogModuleManager: Shutting down and abandoning module EditorStyle (170)
[2018.12.02-10.30.55:319][650]LogModuleManager: Shutting down and abandoning module MRMesh (168)
[2018.12.02-10.30.55:319][650]LogModuleManager: Shutting down and abandoning module Messaging (166)
[2018.12.02-10.30.55:319][650]LogModuleManager: Shutting down and abandoning module SourceCodeAccess (164)
[2018.12.02-10.30.55:320][650]LogModuleManager: Shutting down and abandoning module HeadMountedDisplay (162)
[2018.12.02-10.30.55:320][650]LogModuleManager: Shutting down and abandoning module XAudio2 (160)
[2018.12.02-10.30.55:320][650]LogModuleManager: Shutting down and abandoning module Networking (158)
[2018.12.02-10.30.55:320][650]LogModuleManager: Shutting down and abandoning module Core (156)
[2018.12.02-10.30.55:320][650]LogModuleManager: Shutting down and abandoning module LevelSequence (154)
[2018.12.02-10.30.55:320][650]LogModuleManager: Shutting down and abandoning module KismetCompiler (152)
[2018.12.02-10.30.55:320][650]LogModuleManager: Shutting down and abandoning module MeshUtilities (150)
[2018.12.02-10.30.55:320][650]LogModuleManager: Shutting down and abandoning module MeshMergeUtilities (149)
[2018.12.02-10.30.55:320][650]LogModuleManager: Shutting down and abandoning module MeshReductionInterface (148)
[2018.12.02-10.30.55:320][650]LogModuleManager: Shutting down and abandoning module SimplygonSwarm (147)
[2018.12.02-10.30.55:320][650]LogModuleManager: Shutting down and abandoning module ProxyLODMeshReduction (145)
[2018.12.02-10.30.55:320][650]LogModuleManager: Shutting down and abandoning module SimplygonMeshReduction (143)
[2018.12.02-10.30.55:320][650]LogModuleManager: Shutting down and abandoning module QuadricMeshReduction (141)
[2018.12.02-10.30.55:320][650]LogModuleManager: Shutting down and abandoning module MaterialBaking (137)
[2018.12.02-10.30.55:320][650]LogModuleManager: Shutting down and abandoning module DerivedDataCache (132)
[2018.12.02-10.30.55:637][650]LogDerivedDataCache: Shutdown
[2018.12.02-10.30.55:637][650]LogModuleManager: Shutting down and abandoning module XGEController (130)
[2018.12.02-10.30.55:637][650]LogModuleManager: Shutting down and abandoning module TargetPlatform (128)
[2018.12.02-10.30.55:637][650]LogModuleManager: Shutting down and abandoning module VulkanShaderFormat (127)
[2018.12.02-10.30.55:637][650]LogModuleManager: Shutting down and abandoning module ShaderFormatVectorVM (125)
[2018.12.02-10.30.55:637][650]LogModuleManager: Shutting down and abandoning module ShaderFormatOpenGL (123)
[2018.12.02-10.30.55:637][650]LogModuleManager: Shutting down and abandoning module ShaderFormatD3D (121)
[2018.12.02-10.30.55:637][650]LogModuleManager: Shutting down and abandoning module MetalShaderFormat (119)
[2018.12.02-10.30.55:637][650]LogModuleManager: Shutting down and abandoning module TextureFormatUncompressed (117)
[2018.12.02-10.30.55:637][650]LogModuleManager: Shutting down and abandoning module TextureFormatPVR (115)
[2018.12.02-10.30.55:637][650]LogModuleManager: Shutting down and abandoning module TextureFormatDXT (113)
[2018.12.02-10.30.55:637][650]LogModuleManager: Shutting down and abandoning module TextureFormatIntelISPCTexComp (111)
[2018.12.02-10.30.55:638][650]LogModuleManager: Shutting down and abandoning module TextureFormatASTC (109)
[2018.12.02-10.30.55:638][650]LogModuleManager: Shutting down and abandoning module ImageWrapper (108)
[2018.12.02-10.30.55:638][650]LogModuleManager: Shutting down and abandoning module TextureFormatAndroid (105)
[2018.12.02-10.30.55:638][650]LogModuleManager: Shutting down and abandoning module AudioFormatOpus (103)
[2018.12.02-10.30.55:638][650]LogModuleManager: Shutting down and abandoning module AudioFormatOgg (101)
[2018.12.02-10.30.55:638][650]LogModuleManager: Shutting down and abandoning module AudioFormatADPCM (99)
[2018.12.02-10.30.55:638][650]LogModuleManager: Shutting down and abandoning module WindowsTargetPlatform (97)
[2018.12.02-10.30.55:638][650]LogModuleManager: Shutting down and abandoning module WindowsServerTargetPlatform (95)
[2018.12.02-10.30.55:638][650]LogModuleManager: Shutting down and abandoning module WindowsNoEditorTargetPlatform (93)
[2018.12.02-10.30.55:638][650]LogModuleManager: Shutting down and abandoning module WindowsClientTargetPlatform (91)
[2018.12.02-10.30.55:638][650]LogModuleManager: Shutting down and abandoning module InputCore (88)
[2018.12.02-10.30.55:638][650]LogModuleManager: Shutting down and abandoning module Settings (86)
[2018.12.02-10.30.55:638][650]LogModuleManager: Shutting down and abandoning module PhysXCooking (84)
[2018.12.02-10.30.55:638][650]LogModuleManager: Shutting down and abandoning module SteamVR (82)
[2018.12.02-10.30.55:638][650]LogModuleManager: Shutting down and abandoning module OculusHMD (80)
[2018.12.02-10.30.55:638][650]LogModuleManager: Shutting down and abandoning module ExampleDeviceProfileSelector (78)
[2018.12.02-10.30.55:638][650]LogModuleManager: Shutting down and abandoning module LauncherChunkInstaller (76)
[2018.12.02-10.30.55:638][650]LogModuleManager: Shutting down and abandoning module OnlineBlueprintSupport (74)
[2018.12.02-10.30.55:638][650]LogModuleManager: Shutting down and abandoning module OnlineSubsystem (70)
[2018.12.02-10.30.55:639][650]LogModuleManager: Shutting down and abandoning module XMPP (65)
[2018.12.02-10.30.55:639][650]LogModuleManager: Shutting down and abandoning module WebSockets (64)
[2018.12.02-10.30.55:655][650]LogModuleManager: Shutting down and abandoning module HTTP (61)
[2018.12.02-10.30.55:666][650]LogModuleManager: Shutting down and abandoning module SSL (60)
[2018.12.02-10.30.55:669][650]LogModuleManager: Shutting down and abandoning module MagicLeapEmulator (56)
[2018.12.02-10.30.55:669][650]LogModuleManager: Shutting down and abandoning module MagicLeapPrivileges (54)
[2018.12.02-10.30.55:669][650]LogModuleManager: Shutting down and abandoning module MagicLeapIdentity (52)
[2018.12.02-10.30.55:669][650]LogModuleManager: Shutting down and abandoning module MagicLeapHelperVulkan (50)
[2018.12.02-10.30.55:669][650]LogModuleManager: Shutting down and abandoning module MagicLeapHelperOpenGL (48)
[2018.12.02-10.30.55:669][650]LogModuleManager: Shutting down and abandoning module MagicLeapSecureStorage (46)
[2018.12.02-10.30.55:669][650]LogModuleManager: Shutting down and abandoning module MagicLeapGestures (44)
[2018.12.02-10.30.55:669][650]LogModuleManager: Shutting down and abandoning module MagicLeapEyeTracker (42)
[2018.12.02-10.30.55:669][650]LogModuleManager: Shutting down and abandoning module MagicLeapController (40)
[2018.12.02-10.30.55:669][650]LogSlate: Slate User Destroyed.  User Index 0, Is Virtual User: 0
[2018.12.02-10.30.55:670][650]LogModuleManager: Shutting down and abandoning module MagicLeap (38)
[2018.12.02-10.30.55:670][650]LogModuleManager: Shutting down and abandoning module AnimationModifiers (36)
[2018.12.02-10.30.55:670][650]LogModuleManager: Shutting down and abandoning module PropertyEditor (35)
[2018.12.02-10.30.55:670][650]LogModuleManager: Shutting down and abandoning module AudioEditor (32)
[2018.12.02-10.30.55:670][650]LogModuleManager: Shutting down and abandoning module TextureCompressor (30)
[2018.12.02-10.30.55:670][650]LogModuleManager: Shutting down and abandoning module ShaderCore (28)
[2018.12.02-10.30.55:670][650]LogModuleManager: Shutting down and abandoning module Landscape (26)
[2018.12.02-10.30.55:670][650]LogModuleManager: Shutting down and abandoning module SlateRHIRenderer (24)
[2018.12.02-10.30.55:670][650]LogModuleManager: Shutting down and abandoning module OpenGLDrv (22)
[2018.12.02-10.30.55:670][650]LogModuleManager: Shutting down and abandoning module D3D11RHI (20)
[2018.12.02-10.30.55:670][650]LogModuleManager: Shutting down and abandoning module AnimGraphRuntime (18)
[2018.12.02-10.30.55:670][650]LogModuleManager: Shutting down and abandoning module Renderer (16)
[2018.12.02-10.30.55:670][650]LogModuleManager: Shutting down and abandoning module Engine (14)
[2018.12.02-10.30.55:670][650]LogModuleManager: Shutting down and abandoning module CoreUObject (12)
[2018.12.02-10.30.55:670][650]LogModuleManager: Shutting down and abandoning module NetworkFile (10)
[2018.12.02-10.30.55:670][650]LogModuleManager: Shutting down and abandoning module CookedIterativeFile (8)
[2018.12.02-10.30.55:670][650]LogModuleManager: Shutting down and abandoning module StreamingFile (6)
[2018.12.02-10.30.55:670][650]LogModuleManager: Shutting down and abandoning module SandboxFile (4)
[2018.12.02-10.30.55:670][650]LogModuleManager: Shutting down and abandoning module PakFile (2)
[2018.12.02-10.30.55:679][650]LogExit: Exiting.
[2018.12.02-10.30.55:682][650]Log file closed, 12/02/18 19:30:55
