Log file open, 12/02/18 19:18:42
LogWindows: Failed to load 'aqProf.dll' (GetLastError=126)
LogWindows: File 'aqProf.dll' does not exist
LogWindows: Failed to load 'VSPerf140.dll' (GetLastError=126)
LogWindows: File 'VSPerf140.dll' does not exist
LogWindows: Failed to load 'VtuneApi.dll' (GetLastError=126)
LogWindows: File 'VtuneApi.dll' does not exist
LogWindows: Failed to load 'VtuneApi32e.dll' (GetLastError=126)
LogWindows: File 'VtuneApi32e.dll' does not exist
LogInit: Display: Running engine for game: FujiwaraBattleField
LogPlatformFile: Not using cached read wrapper
LogTaskGraph: Started task graph with 5 named threads and 23 total threads with 3 sets of task threads.
LogStats: Stats thread started at 0.528178
LogD3D11RHI: Loaded GFSDK_Aftermath_Lib.x64.dll
LogWindows: Failed to load '../../../Engine/Binaries/ThirdParty/nvTextureTools/Win64/nvtt_64.dll' (GetLastError=193)
LogWindows:   Missing import: MSVCR120.dll
LogWindows:   Looked in: ../../../Engine/Binaries/Win64
LogWindows:   Looked in: C:/Users/cho1h/Documents/UE4STAG/FujiwaraBattleField/Binaries/Win64
LogWindows:   Looked in: C:\Users\cho1h\Documents\UE4STAG\FujiwaraBattleField\Binaries\Win64
LogICUInternationalization: Display: ICU TimeZone Detection - Raw Offset: +9:00, Platform Override: ''
LogPluginManager: Mounting plugin Paper2D
LogPluginManager: Mounting plugin AISupport
LogPluginManager: Mounting plugin LightPropagationVolume
LogPluginManager: Mounting plugin CLionSourceCodeAccess
LogPluginManager: Mounting plugin CodeLiteSourceCodeAccess
LogPluginManager: Mounting plugin GitSourceControl
LogPluginManager: Mounting plugin KDevelopSourceCodeAccess
LogPluginManager: Mounting plugin NullSourceCodeAccess
LogPluginManager: Mounting plugin PerforceSourceControl
LogPluginManager: Mounting plugin SubversionSourceControl
LogPluginManager: Mounting plugin UObjectPlugin
LogPluginManager: Mounting plugin VisualStudioCodeSourceCodeAccess
LogPluginManager: Mounting plugin VisualStudioSourceCodeAccess
LogPluginManager: Mounting plugin XCodeSourceCodeAccess
LogPluginManager: Mounting plugin AssetManagerEditor
LogPluginManager: Mounting plugin CryptoKeys
LogPluginManager: Mounting plugin DataValidation
LogPluginManager: Mounting plugin FacialAnimation
LogPluginManager: Mounting plugin GameplayTagsEditor
LogPluginManager: Mounting plugin MacGraphicsSwitching
LogPluginManager: Mounting plugin MeshEditor
LogPluginManager: Mounting plugin MobileLauncherProfileWizard
LogPluginManager: Mounting plugin PluginBrowser
LogPluginManager: Mounting plugin SpeedTreeImporter
LogPluginManager: Mounting plugin DatasmithContent
LogPluginManager: Mounting plugin AlembicImporter
LogPluginManager: Mounting plugin AppleImageUtils
LogPluginManager: Mounting plugin AppleVision
LogPluginManager: Mounting plugin BackChannel
LogPluginManager: Mounting plugin CharacterAI
LogPluginManager: Mounting plugin GeometryCache
LogPluginManager: Mounting plugin HTML5Networking
LogPluginManager: Mounting plugin ProxyLODPlugin
LogPluginManager: Mounting plugin MagicLeap
LogPluginManager: Mounting plugin MagicLeapEmulator
LogPluginManager: Mounting plugin MagicLeapMedia
LogPluginManager: Mounting plugin AndroidMedia
LogPluginManager: Mounting plugin AvfMedia
LogPluginManager: Mounting plugin ImgMedia
LogPluginManager: Mounting plugin LinearTimecode
LogPluginManager: Mounting plugin MediaCompositing
LogPluginManager: Mounting plugin MediaPlayerEditor
LogPluginManager: Mounting plugin WmfMedia
LogPluginManager: Mounting plugin TcpMessaging
LogPluginManager: Mounting plugin UdpMessaging
LogPluginManager: Mounting plugin ActorSequence
LogPluginManager: Mounting plugin LevelSequenceEditor
LogPluginManager: Mounting plugin MatineeToLevelSequence
LogPluginManager: Mounting plugin NetcodeUnitTest
LogPluginManager: Mounting plugin NUTUnrealEngine4
LogPluginManager: Mounting plugin OnlineSubsystemGooglePlay
LogPluginManager: Mounting plugin OnlineSubsystemIOS
LogPluginManager: Mounting plugin OnlineSubsystem
LogPluginManager: Mounting plugin OnlineSubsystemNull
LogPluginManager: Mounting plugin OnlineSubsystemUtils
LogPluginManager: Mounting plugin LauncherChunkInstaller
LogPluginManager: Mounting plugin AndroidDeviceProfileSelector
LogPluginManager: Mounting plugin AndroidMoviePlayer
LogPluginManager: Mounting plugin AndroidPermission
LogPluginManager: Mounting plugin AppleMoviePlayer
LogPluginManager: Mounting plugin ArchVisCharacter
LogPluginManager: Mounting plugin AudioCapture
LogPluginManager: Mounting plugin CableComponent
LogPluginManager: Mounting plugin CustomMeshComponent
LogPluginManager: Mounting plugin EditableMesh
LogPluginManager: Mounting plugin ExampleDeviceProfileSelector
LogPluginManager: Mounting plugin GoogleCloudMessaging
LogPluginManager: Mounting plugin ImmediatePhysics
LogPluginManager: Mounting plugin IOSDeviceProfileSelector
LogPluginManager: Mounting plugin LinuxDeviceProfileSelector
LogPluginManager: Mounting plugin LocationServicesBPLibrary
LogPluginManager: Mounting plugin MobilePatchingUtils
LogPluginManager: Mounting plugin OculusVR
LogPluginManager: Plugin shader directory ../../../Engine/Plugins/Runtime/Oculus/OculusVR/Shaders found
LogPluginManager: Mapping shader source directory ../../../Engine/Plugins/Runtime/Oculus/OculusVR/Shaders to virtual directory /Plugin/OculusVR
LogPluginManager: Mounting plugin PhysXVehicles
LogPluginManager: Mounting plugin ProceduralMeshComponent
LogPluginManager: Mounting plugin RuntimePhysXCooking
LogPluginManager: Mounting plugin SteamVR
LogPluginManager: Mounting plugin WindowsMoviePlayer
LogStreaming: Display: Took  0.518s to configure plugins.
LogInit: Using libcurl 7.55.1-DEV
LogInit:  - built for x86_64-pc-win32
LogInit:  - supports SSL with OpenSSL/1.0.2h
LogInit:  - supports HTTP deflate (compression) using libz 1.2.8
LogInit:  - other features:
LogInit:      CURL_VERSION_SSL
LogInit:      CURL_VERSION_LIBZ
LogInit:      CURL_VERSION_IPV6
LogInit:      CURL_VERSION_ASYNCHDNS
LogInit:      CURL_VERSION_LARGEFILE
LogInit:      CURL_VERSION_IDN
LogInit:  CurlRequestOptions (configurable via config and command line):
LogInit:  - bVerifyPeer = false  - Libcurl will NOT verify peer certificate
LogInit:  - bUseHttpProxy = false  - Libcurl will NOT use HTTP proxy
LogInit:  - bDontReuseConnections = false  - Libcurl will reuse connections
LogInit:  - CertBundlePath = nullptr  - Libcurl will use whatever was configured at build time.
LogInit:  - MaxHostConnections = 16  - Libcurl will limit the number of connections to a host
LogInit:  - LocalHostAddr = Default
LogInit:  - BufferSize = 65536
LogInit: WinSock: version 1.1 (2.2), MaxSocks=32767, MaxUdp=65467
LogInit: Build: ++UE4+Release-4.20-CL-4369336
LogInit: Engine Version: 4.20.3-4369336+++UE4+Release-4.20
LogInit: Compatible Engine Version: 4.20.0-4212847+++UE4+Release-4.20
LogInit: Net CL: 4212847
LogInit: OS: Windows 10 (), CPU: Intel(R) Core(TM) i7-8550U CPU @ 1.80GHz, GPU: Intel(R) UHD Graphics 620
LogInit: Compiled (64-bit): Sep 17 2018 12:26:19
LogInit: Compiled with Visual C++: 19.13.26129.00
LogInit: Build Configuration: Development
LogInit: Branch Name: ++UE4+Release-4.20
LogInit: Command Line:  /Game/Maps/Maps_LostBambooForest -game -PIEVIACONSOLE -ResX=1280 -ResY=720  -Multiprocess -messaging -SessionName="Play in Standalone Game" -windowed 
LogInit: Base Directory: D:/Unreal Engine4/Epic Games/UE_4.20/Engine/Binaries/Win64/
LogInit: Installed Engine Build: 1
LogDevObjectVersion: Number of dev versions registered: 20
LogDevObjectVersion:   Dev-Blueprints (B0D832E4-1F89-4F0D-ACCF-7EB736FD4AA2): 10
LogDevObjectVersion:   Dev-Build (E1C64328-A22C-4D53-A36C-8E866417BD8C): 0
LogDevObjectVersion:   Dev-Core (375EC13C-06E4-48FB-B500-84F0262A717E): 2
LogDevObjectVersion:   Dev-Editor (E4B068ED-F494-42E9-A231-DA0B2E46BB41): 24
LogDevObjectVersion:   Dev-Framework (CFFC743F-43B0-4480-9391-14DF171D2073): 34
LogDevObjectVersion:   Dev-Mobile (B02B49B5-BB20-44E9-A304-32B752E40360): 2
LogDevObjectVersion:   Dev-Networking (A4E4105C-59A1-49B5-A7C5-40C4547EDFEE): 0
LogDevObjectVersion:   Dev-Online (39C831C9-5AE6-47DC-9A44-9C173E1C8E7C): 0
LogDevObjectVersion:   Dev-Physics (78F01B33-EBEA-4F98-B9B4-84EACCB95AA2): 0
LogDevObjectVersion:   Dev-Platform (6631380F-2D4D-43E0-8009-CF276956A95A): 0
LogDevObjectVersion:   Dev-Rendering (12F88B9F-8875-4AFC-A67C-D90C383ABD29): 26
LogDevObjectVersion:   Dev-Sequencer (7B5AE74C-D270-4C10-A958-57980B212A5A): 9
LogDevObjectVersion:   Dev-VR (D7296918-1DD6-4BDD-9DE2-64A83CC13884): 2
LogDevObjectVersion:   Dev-LoadTimes (C2A15278-BFE7-4AFE-6C17-90FF531DF755): 1
LogDevObjectVersion:   Private-Geometry (6EACA3D4-40EC-4CC1-B786-8BED09428FC5): 3
LogDevObjectVersion:   Dev-AnimPhys (29E575DD-E0A3-4627-9D10-D276232CDCEA): 17
LogDevObjectVersion:   Dev-ReflectionCapture (6B266CEC-1EC7-4B8F-A30B-E4D90942FC07): 1
LogDevObjectVersion:   Dev-Automation (0DF73D61-A23F-47EA-B727-89E90C41499A): 1
LogDevObjectVersion:   FortniteMain (601D1886-AC64-4F84-AA16-D3DE0DEAC7D6): 12
LogDevObjectVersion:   Dev-Enterprise (9DFFBCD6-494F-0158-E221-12823C92A888): 1
LogStreaming: Display: Took  0.022s to delete old logs.
LogInit: Presizing for max 8388607 objects, including 0 objects not considered by GC, pre-allocating 0 bytes for permanent pool.
LogInit: Object subsystem initialized
[2018.12.02-10.18.43:047][  0]LogInit: Selected Device Profile: [Windows]
[2018.12.02-10.18.43:047][  0]LogInit: Applying CVar settings loaded from the selected device profile: [Windows]
[2018.12.02-10.18.43:062][  0]LogHAL: Display: Platform has ~ 8 GB [8449830912 / 8589934592 / 8], which maps to Default [LargestMinGB=32, LargerMinGB=12, DefaultMinGB=8, SmallerMinGB=6, SmallestMinGB=0)
[2018.12.02-10.18.43:062][  0]LogInit: Setting Device Profile CVar: [[r.Vulkan.UseRealUBs:1]]
[2018.12.02-10.18.43:062][  0]LogInit: Going up to parent DeviceProfile []
[2018.12.02-10.18.43:064][  0]LogInit: Computer: DESKTOP-8CN6RMF
[2018.12.02-10.18.43:064][  0]LogInit: User: cho1h
[2018.12.02-10.18.43:064][  0]LogInit: CPU Page size=4096, Cores=4
[2018.12.02-10.18.43:064][  0]LogInit: High frequency timer resolution =1.945314 MHz
[2018.12.02-10.18.43:066][  0]LogMemory: Memory total: Physical=7.9GB (8GB approx)
[2018.12.02-10.18.43:066][  0]LogMemory: Platform Memory Stats for Windows
[2018.12.02-10.18.43:066][  0]LogMemory: Process Physical Memory: 100.49 MB used, 100.49 MB peak
[2018.12.02-10.18.43:066][  0]LogMemory: Process Virtual Memory: 89.41 MB used, 89.41 MB peak
[2018.12.02-10.18.43:066][  0]LogMemory: Physical Memory: 5630.66 MB used,  2427.72 MB free, 8058.39 MB total
[2018.12.02-10.18.43:066][  0]LogMemory: Virtual Memory: 4642.34 MB used,  2427.72 MB free, 134217728.00 MB total
[2018.12.02-10.18.43:131][  0]LogInit: Using OS detected language (ko-KR).
[2018.12.02-10.18.43:131][  0]LogInit: Using OS detected locale (ko-KR).
[2018.12.02-10.18.43:133][  0]LogTextLocalizationManager: No specific localization for 'ko-KR' exists, so the 'ko' localization will be used.
[2018.12.02-10.18.44:479][  0]LogStreaming: Display: Took  1.348s to InitEngineTextLocalization.
[2018.12.02-10.18.44:547][  0]LogSlate: New Slate User Created.  User Index 0, Is Virtual User: 0
[2018.12.02-10.18.44:547][  0]LogSlate: Slate User Registered.  User Index 0, Is Virtual User: 0
[2018.12.02-10.18.44:554][  0]LogHMD: Failed to initialize OpenVR with code 110
[2018.12.02-10.18.44:554][  0]LogD3D11RHI: D3D11 adapters:
[2018.12.02-10.18.44:613][  0]LogD3D11RHI:    0. 'Intel(R) UHD Graphics 620' (Feature Level 11_0)
[2018.12.02-10.18.44:613][  0]LogD3D11RHI:       128/0/4029 MB DedicatedVideo/DedicatedSystem/SharedSystem, Outputs:1, VendorId:0x8086
[2018.12.02-10.18.44:616][  0]LogD3D11RHI:    1. 'Microsoft Basic Render Driver' (Feature Level 11_0)
[2018.12.02-10.18.44:616][  0]LogD3D11RHI:       0/0/4029 MB DedicatedVideo/DedicatedSystem/SharedSystem, Outputs:0, VendorId:0x1414
[2018.12.02-10.18.44:616][  0]LogD3D11RHI: Chosen D3D11 Adapter: 0
[2018.12.02-10.18.44:626][  0]LogD3D11RHI: Creating new Direct3DDevice
[2018.12.02-10.18.44:626][  0]LogD3D11RHI:     GPU DeviceId: 0x5917 (for the marketing name, search the web for "GPU Device Id")
[2018.12.02-10.18.44:626][  0]LogWindows: EnumDisplayDevices:
[2018.12.02-10.18.44:626][  0]LogWindows:    0. 'Intel(R) UHD Graphics 620' (P:1 D:1)
[2018.12.02-10.18.44:627][  0]LogWindows:    1. 'Intel(R) UHD Graphics 620' (P:0 D:0)
[2018.12.02-10.18.44:627][  0]LogWindows:    2. 'Intel(R) UHD Graphics 620' (P:0 D:0)
[2018.12.02-10.18.44:627][  0]LogWindows: DebugString: FoundDriverCount:3 
[2018.12.02-10.18.44:627][  0]LogD3D11RHI:     Adapter Name: Intel(R) UHD Graphics 620
[2018.12.02-10.18.44:628][  0]LogD3D11RHI:   Driver Version: 23.20.16.4973 (internal:23.20.16.4973, unified:23.20.16.4973)
[2018.12.02-10.18.44:628][  0]LogD3D11RHI:      Driver Date: 2-28-2018
[2018.12.02-10.18.44:628][  0]LogRHI: Texture pool is 1499 MB (70% of 2142 MB)
[2018.12.02-10.18.44:676][  0]LogD3D11RHI: Async texture creation enabled
[2018.12.02-10.18.44:685][  0]LogD3D11RHI: GPU Timing Frequency: 12.000048 (Debug: 2 0)
[2018.12.02-10.18.44:687][  0]LogShaderCompilers: Guid format shader working directory is -7 characters bigger than the processId version (C:/Users/cho1h/Documents/UE4STAG/FujiwaraBattleField/Intermediate/Shaders/WorkingDirectory/17956/).
[2018.12.02-10.18.44:688][  0]LogShaderCompilers: Cleaned the shader compiler working directory 'C:/Users/cho1h/AppData/Local/Temp/UnrealShaderWorkingDir/F52B20C342ACD944FE5933B8C94DA2D9/'.
[2018.12.02-10.18.45:194][  0]LogTemp: Display: Loaded TP WindowsClientTargetPlatform
[2018.12.02-10.18.45:221][  0]LogTemp: Display: Loaded TP WindowsNoEditorTargetPlatform
[2018.12.02-10.18.45:244][  0]LogTemp: Display: Loaded TP WindowsServerTargetPlatform
[2018.12.02-10.18.45:255][  0]LogTemp: Display: Loaded TP WindowsTargetPlatform
[2018.12.02-10.18.45:255][  0]LogTargetPlatformManager: Display: Building Assets For Windows
[2018.12.02-10.18.45:347][  0]LogXGEController: Cannot use XGE Controller as Incredibuild is not installed on this machine.
[2018.12.02-10.18.45:347][  0]LogShaderCompilers: Cannot use XGE Shader Compiler as Incredibuild is not installed on this machine.
[2018.12.02-10.18.45:347][  0]LogShaderCompilers: Display: Using Local Shader Compiler.
[2018.12.02-10.18.46:730][  0]LogDerivedDataCache: Display: Max Cache Size: 512 MB
[2018.12.02-10.18.46:833][  0]LogDerivedDataCache: Loaded boot cache 0.10s 71MB C:/Users/cho1h/AppData/Local/UnrealEngine/4.20/DerivedDataCache/Boot.ddc.
[2018.12.02-10.18.46:834][  0]LogDerivedDataCache: Display: Loaded Boot cache: C:/Users/cho1h/AppData/Local/UnrealEngine/4.20/DerivedDataCache/Boot.ddc
[2018.12.02-10.18.46:834][  0]LogDerivedDataCache: FDerivedDataBackendGraph:  Pak pak cache file C:/Users/cho1h/Documents/UE4STAG/FujiwaraBattleField/DerivedDataCache/DDC.ddp not found, will not use a pak cache.
[2018.12.02-10.18.46:834][  0]LogDerivedDataCache: Unable to find inner node Pak for hierarchical cache Hierarchy.
[2018.12.02-10.18.46:834][  0]LogDerivedDataCache: FDerivedDataBackendGraph:  CompressedPak pak cache file C:/Users/cho1h/Documents/UE4STAG/FujiwaraBattleField/DerivedDataCache/Compressed.ddp not found, will not use a pak cache.
[2018.12.02-10.18.46:834][  0]LogDerivedDataCache: Unable to find inner node CompressedPak for hierarchical cache Hierarchy.
[2018.12.02-10.18.46:857][  0]LogDerivedDataCache: Display: Pak cache opened for reading ../../../Engine/DerivedDataCache/Compressed.ddp.
[2018.12.02-10.18.46:870][  0]LogDerivedDataCache: Using Local data cache path C:/Users/cho1h/AppData/Local/UnrealEngine/Common/DerivedDataCache: Writable
[2018.12.02-10.18.46:870][  0]LogDerivedDataCache: Shared data cache path not found in *engine.ini, will not use an Shared cache.
[2018.12.02-10.18.46:870][  0]LogDerivedDataCache: Unable to find inner node Shared for hierarchical cache Hierarchy.
[2018.12.02-10.18.46:902][  0]LogMaterial: Verifying Global Shaders for PCD3D_SM5
[2018.12.02-10.18.46:904][  0]LogSlate: Using FreeType 2.6.0
[2018.12.02-10.18.46:905][  0]LogSlate: SlateFontServices - WITH_FREETYPE: 1, WITH_HARFBUZZ: 1
[2018.12.02-10.18.46:985][  0]LogInit: Using OS detected language (ko-KR).
[2018.12.02-10.18.46:985][  0]LogInit: Using OS detected locale (ko-KR).
[2018.12.02-10.18.46:985][  0]LogTextLocalizationManager: No localization for 'ko-KR' exists, so 'en' will be used for the language.
[2018.12.02-10.18.46:985][  0]LogTextLocalizationManager: No localization for 'ko-KR' exists, so 'en' will be used for the locale.
[2018.12.02-10.18.47:495][  0]LogStreaming: Display: Took  0.511s to InitGameTextLocalization.
[2018.12.02-10.18.47:507][  0]LogAssetRegistry: FAssetRegistry took 0.0075 seconds to start up
[2018.12.02-10.18.47:846][  0]LogPackageLocalizationCache: Processed 11 localized package path(s) for 1 prioritized culture(s) in 0.021161 seconds
[2018.12.02-10.18.48:036][  0]LogInit: Selected Device Profile: [Windows]
[2018.12.02-10.18.48:251][  0]LogSimplygon: Simplygon DLL not present - disabling.
[2018.12.02-10.18.48:256][  0]LogMeshReduction: Using SimplygonSwarm for distributed automatic mesh merging
[2018.12.02-10.18.48:256][  0]LogMeshReduction: Using ProxyLODMeshReduction for automatic mesh merging
[2018.12.02-10.18.48:256][  0]LogMeshReduction: Using QuadricMeshReduction for automatic static mesh reduction
[2018.12.02-10.18.48:256][  0]LogMeshReduction: No automatic skeletal mesh reduction module available
[2018.12.02-10.18.48:276][  0]LogNetVersion: FujiwaraBattleField 1.0.0, NetCL: 4212847, EngineNetVer: 5, GameNetVer: 0 (Checksum: 1838566955)
[2018.12.02-10.18.49:023][  0]LogMoviePlayer: Initializing movie player
[2018.12.02-10.18.49:248][  0]LogTcpMessaging: Initializing TcpMessaging bridge
[2018.12.02-10.18.49:261][  0]LogUdpMessaging: Initializing bridge on interface 0.0.0.0:0 to multicast group 230.0.0.1:6666.
[2018.12.02-10.18.49:375][  0]SourceControl: Source control is disabled
[2018.12.02-10.18.49:376][  0]SourceControl: Source control is disabled
[2018.12.02-10.18.49:377][  0]SourceControl: Source control is disabled
[2018.12.02-10.18.49:525][  0]LogAndroidPermission: UAndroidPermissionCallbackProxy::GetInstance
[2018.12.02-10.18.49:609][  0]LogOcInput: OculusInput pre-init called
[2018.12.02-10.18.49:622][  0]LogUObjectArray: 42172 objects as part of root set at end of initial load.
[2018.12.02-10.18.49:622][  0]LogUObjectAllocator: 7434520 out of 0 bytes used by permanent object pool.
[2018.12.02-10.18.49:622][  0]LogUObjectArray: CloseDisregardForGC: 0/0 objects in disregard for GC pool
[2018.12.02-10.18.49:709][  0]LogEngine: Initializing Engine...
[2018.12.02-10.18.49:711][  0]LogHMD: Failed to initialize OpenVR with code 110
[2018.12.02-10.18.49:724][  0]LogStats: UGameplayTagsManager::ConstructGameplayTagTree: ImportINI prefixes -  0.000 s
[2018.12.02-10.18.49:724][  0]LogStats: UGameplayTagsManager::ConstructGameplayTagTree: Construct from data asset -  0.000 s
[2018.12.02-10.18.49:724][  0]LogStats: UGameplayTagsManager::ConstructGameplayTagTree: ImportINI -  0.000 s
[2018.12.02-10.18.49:724][  0]LogStats: UGameplayTagsManager::ConstructGameplayTagTree: GameplayTagTreeChangedEvent.Broadcast -  0.000 s
[2018.12.02-10.18.50:031][  0]LogInit: Initializing FReadOnlyCVARCache
[2018.12.02-10.18.50:045][  0]LogInit: XAudio2 using '스피커(Realtek High Definition Audio)' : 2 channels at 48 kHz using 32 bits per sample (channel mask 0x3)
[2018.12.02-10.18.50:077][  0]LogInit: FAudioDevice initialized.
[2018.12.02-10.18.50:089][  0]LogNetVersion: Set ProjectVersion to 1.0.0.0. Version Checksum will be recalculated on next use.
[2018.12.02-10.18.50:111][  0]LogInit: Texture streaming: Enabled
[2018.12.02-10.18.50:339][  0]LogSlate: Updating window title bar state: overlay mode, drag disabled, window buttons hidden, title bar hidden
[2018.12.02-10.18.50:340][  0]LogInit: Display: Game Engine Initialized.
[2018.12.02-10.18.50:340][  0]LogGameplayTags: Display: UGameplayTagsManager::DoneAddingNativeTags. DelegateIsBound: 0
[2018.12.02-10.18.50:340][  0]LogStats: UGameplayTagsManager::ConstructGameplayTagTree: ImportINI prefixes -  0.000 s
[2018.12.02-10.18.50:340][  0]LogStats: UGameplayTagsManager::ConstructGameplayTagTree: Construct from data asset -  0.000 s
[2018.12.02-10.18.50:340][  0]LogStats: UGameplayTagsManager::ConstructGameplayTagTree: ImportINI -  0.000 s
[2018.12.02-10.18.50:340][  0]LogStats: UGameplayTagsManager::ConstructGameplayTagTree: GameplayTagTreeChangedEvent.Broadcast -  0.000 s
[2018.12.02-10.18.50:361][  0]LogInit: Display: Starting Game.
[2018.12.02-10.18.50:361][  0]LogNet: Browse: /Game/Maps/Maps_LostBambooForest?Name=Player
[2018.12.02-10.18.50:362][  0]LogLoad: LoadMap: /Game/Maps/Maps_LostBambooForest?Name=Player
[2018.12.02-10.18.51:083][  0]LogBlueprint: Warning: [Compiler BP_FBFPlayableCharacter_2] Input Axis Event references unknown Axis 'MoveForward' for  InputAxis MoveForward
[2018.12.02-10.18.51:083][  0]LogBlueprint: Warning: [Compiler BP_FBFPlayableCharacter_2] Input Axis Event references unknown Axis 'LookUp' for  InputAxis LookUp
[2018.12.02-10.18.51:083][  0]LogBlueprint: Warning: [Compiler BP_FBFPlayableCharacter_2] Input Axis Event references unknown Axis 'Turn' for  InputAxis Turn
[2018.12.02-10.18.51:083][  0]LogBlueprint: Warning: [Compiler BP_FBFPlayableCharacter_2] Input Axis Event references unknown Axis 'MoveRight' for  InputAxis MoveRight
[2018.12.02-10.18.51:084][  0]LogBlueprint: Warning: [Compiler BP_FBFPlayableCharacter_2] InputAction Event references unknown Action 'Jump' for  InputAction Jump
[2018.12.02-10.18.51:292][  0]LogBlueprint: Warning: [Compiler BP_FBFPlayableCharacter_2] [0013.29] Compile of BP_FBFPlayableCharacter_2 successful, but with 5 Warning(s) [in 498 ms] (/Game/_Temporary/Character/BP_FBFPlayableCharacter_2.BP_FBFPlayableCharacter_2)
[2018.12.02-10.18.52:044][  0]LogAIModule: Creating AISystem for world Maps_LostBambooForest
[2018.12.02-10.18.52:045][  0]LogUObjectGlobals: Warning: Failed to find object 'Class /Script/FujiwaraBattleField.FujiwaraBattleFieldGameMode'
[2018.12.02-10.18.52:045][  0]LogLoad: Game class is 'GameModeBase'
[2018.12.02-10.18.52:068][  0]LogWorld: Bringing World /Game/Maps/Maps_LostBambooForest.Maps_LostBambooForest up for play (max tick rate 0) at 2018.12.02-19.18.52
[2018.12.02-10.18.52:071][  0]LogWorld: Bringing up level for play took: 0.025268
[2018.12.02-10.18.52:077][  0]LogLoad: Took 1.715698 seconds to LoadMap(/Game/Maps/Maps_LostBambooForest)
[2018.12.02-10.18.52:193][  0]LogLoad: (Engine Initialization) Total time: 14.19 seconds
[2018.12.02-10.18.52:193][  0]LogLoad: (Engine Initialization) Total Blueprint compile time: 0.00 seconds
[2018.12.02-10.18.52:197][  0]LogRenderer: Reallocating scene render targets to support 1280x720 Format 10 NumSamples 1 (Frame:1).
[2018.12.02-10.18.52:584][  0]LogWindowsTextInputMethodSystem: Display: IME system now activated using TSF (Microsoft 입력기).
[2018.12.02-10.18.52:597][  0]LogContentStreaming: Texture pool size now 1000 MB
[2018.12.02-10.18.53:076][  1]LogBlueprintUserMessages: [BP_FBFEnemyCharacter_3] UseSkill1
[2018.12.02-10.18.53:689][ 18]LogBlueprintUserMessages: Warning: Invalid object types
[2018.12.02-10.18.53:689][ 18]LogScript: Warning: Accessed None trying to read property CallFunc_BreakHitResult_HitActor
	SetDistance_C /Game/Maps/Maps_LostBambooForest.Maps_LostBambooForest:PersistentLevel.BP_BossContoller_C_0.BTComponent.SetDistance_C_3
	Function /Game/AI/SetDistance.SetDistance_C:ExecuteUbergraph_SetDistance:026D
[2018.12.02-10.18.53:689][ 18]LogScript: Warning: Script call stack:
	Function /Game/AI/SetDistance.SetDistance_C:ReceiveTick
	Function /Game/AI/SetDistance.SetDistance_C:ExecuteUbergraph_SetDistance

[2018.12.02-10.18.53:689][ 18]LogBlueprintUserMessages: [SetDistance_C_3] 343.106171
[2018.12.02-10.18.54:250][ 33]LogBlueprintUserMessages: Warning: Invalid object types
[2018.12.02-10.18.54:250][ 33]LogScript: Warning: Accessed None trying to read property CallFunc_BreakHitResult_HitActor
	SetDistance_C /Game/Maps/Maps_LostBambooForest.Maps_LostBambooForest:PersistentLevel.BP_BossContoller_C_0.BTComponent.SetDistance_C_3
	Function /Game/AI/SetDistance.SetDistance_C:ExecuteUbergraph_SetDistance:026D
[2018.12.02-10.18.54:250][ 33]LogScript: Warning: Script call stack:
	Function /Game/AI/SetDistance.SetDistance_C:ReceiveTick
	Function /Game/AI/SetDistance.SetDistance_C:ExecuteUbergraph_SetDistance

[2018.12.02-10.18.54:250][ 33]LogBlueprintUserMessages: [SetDistance_C_3] 661.055359
[2018.12.02-10.18.54:783][ 47]LogBlueprintUserMessages: Warning: Invalid object types
[2018.12.02-10.18.54:783][ 47]LogScript: Warning: Accessed None trying to read property CallFunc_BreakHitResult_HitActor
	SetDistance_C /Game/Maps/Maps_LostBambooForest.Maps_LostBambooForest:PersistentLevel.BP_BossContoller_C_0.BTComponent.SetDistance_C_3
	Function /Game/AI/SetDistance.SetDistance_C:ExecuteUbergraph_SetDistance:026D
[2018.12.02-10.18.54:783][ 47]LogScript: Warning: Script call stack:
	Function /Game/AI/SetDistance.SetDistance_C:ReceiveTick
	Function /Game/AI/SetDistance.SetDistance_C:ExecuteUbergraph_SetDistance

[2018.12.02-10.18.54:783][ 47]LogBlueprintUserMessages: [SetDistance_C_3] 851.878967
[2018.12.02-10.18.55:340][ 61]LogBlueprintUserMessages: Warning: Invalid object types
[2018.12.02-10.18.55:341][ 61]LogScript: Warning: Accessed None trying to read property CallFunc_BreakHitResult_HitActor
	SetDistance_C /Game/Maps/Maps_LostBambooForest.Maps_LostBambooForest:PersistentLevel.BP_BossContoller_C_0.BTComponent.SetDistance_C_3
	Function /Game/AI/SetDistance.SetDistance_C:ExecuteUbergraph_SetDistance:026D
[2018.12.02-10.18.55:341][ 61]LogScript: Warning: Script call stack:
	Function /Game/AI/SetDistance.SetDistance_C:ReceiveTick
	Function /Game/AI/SetDistance.SetDistance_C:ExecuteUbergraph_SetDistance

[2018.12.02-10.18.55:341][ 61]LogBlueprintUserMessages: [SetDistance_C_3] 986.072571
[2018.12.02-10.18.55:900][ 75]LogBlueprintUserMessages: Warning: Invalid object types
[2018.12.02-10.18.55:901][ 75]LogScript: Warning: Accessed None trying to read property CallFunc_BreakHitResult_HitActor
	SetDistance_C /Game/Maps/Maps_LostBambooForest.Maps_LostBambooForest:PersistentLevel.BP_BossContoller_C_0.BTComponent.SetDistance_C_3
	Function /Game/AI/SetDistance.SetDistance_C:ExecuteUbergraph_SetDistance:026D
[2018.12.02-10.18.55:901][ 75]LogScript: Warning: Script call stack:
	Function /Game/AI/SetDistance.SetDistance_C:ReceiveTick
	Function /Game/AI/SetDistance.SetDistance_C:ExecuteUbergraph_SetDistance

[2018.12.02-10.18.55:901][ 75]LogBlueprintUserMessages: [SetDistance_C_3] 1205.009033
[2018.12.02-10.18.56:456][ 89]LogBlueprintUserMessages: Warning: Invalid object types
[2018.12.02-10.18.56:456][ 89]LogScript: Warning: Accessed None trying to read property CallFunc_BreakHitResult_HitActor
	SetDistance_C /Game/Maps/Maps_LostBambooForest.Maps_LostBambooForest:PersistentLevel.BP_BossContoller_C_0.BTComponent.SetDistance_C_3
	Function /Game/AI/SetDistance.SetDistance_C:ExecuteUbergraph_SetDistance:026D
[2018.12.02-10.18.56:456][ 89]LogScript: Warning: Script call stack:
	Function /Game/AI/SetDistance.SetDistance_C:ReceiveTick
	Function /Game/AI/SetDistance.SetDistance_C:ExecuteUbergraph_SetDistance

[2018.12.02-10.18.56:456][ 89]LogBlueprintUserMessages: [SetDistance_C_3] 1398.134033
[2018.12.02-10.18.57:006][103]LogBlueprintUserMessages: Warning: Invalid object types
[2018.12.02-10.18.57:007][103]LogScript: Warning: Accessed None trying to read property CallFunc_BreakHitResult_HitActor
	SetDistance_C /Game/Maps/Maps_LostBambooForest.Maps_LostBambooForest:PersistentLevel.BP_BossContoller_C_0.BTComponent.SetDistance_C_3
	Function /Game/AI/SetDistance.SetDistance_C:ExecuteUbergraph_SetDistance:026D
[2018.12.02-10.18.57:007][103]LogScript: Warning: Script call stack:
	Function /Game/AI/SetDistance.SetDistance_C:ReceiveTick
	Function /Game/AI/SetDistance.SetDistance_C:ExecuteUbergraph_SetDistance

[2018.12.02-10.18.57:007][103]LogBlueprintUserMessages: [SetDistance_C_3] 1674.680298
[2018.12.02-10.18.57:541][117]LogBlueprintUserMessages: Warning: Invalid object types
[2018.12.02-10.18.57:541][117]LogScript: Warning: Accessed None trying to read property CallFunc_BreakHitResult_HitActor
	SetDistance_C /Game/Maps/Maps_LostBambooForest.Maps_LostBambooForest:PersistentLevel.BP_BossContoller_C_0.BTComponent.SetDistance_C_3
	Function /Game/AI/SetDistance.SetDistance_C:ExecuteUbergraph_SetDistance:026D
[2018.12.02-10.18.57:542][117]LogScript: Warning: Script call stack:
	Function /Game/AI/SetDistance.SetDistance_C:ReceiveTick
	Function /Game/AI/SetDistance.SetDistance_C:ExecuteUbergraph_SetDistance

[2018.12.02-10.18.57:542][117]LogBlueprintUserMessages: [SetDistance_C_3] 1871.876587
[2018.12.02-10.18.58:092][131]LogBlueprintUserMessages: Warning: Invalid object types
[2018.12.02-10.18.58:092][131]LogScript: Warning: Accessed None trying to read property CallFunc_BreakHitResult_HitActor
	SetDistance_C /Game/Maps/Maps_LostBambooForest.Maps_LostBambooForest:PersistentLevel.BP_BossContoller_C_0.BTComponent.SetDistance_C_3
	Function /Game/AI/SetDistance.SetDistance_C:ExecuteUbergraph_SetDistance:026D
[2018.12.02-10.18.58:092][131]LogScript: Warning: Script call stack:
	Function /Game/AI/SetDistance.SetDistance_C:ReceiveTick
	Function /Game/AI/SetDistance.SetDistance_C:ExecuteUbergraph_SetDistance

[2018.12.02-10.18.58:092][131]LogBlueprintUserMessages: [SetDistance_C_3] 2151.647949
[2018.12.02-10.18.58:638][145]LogBlueprintUserMessages: Warning: Invalid object types
[2018.12.02-10.18.58:638][145]LogScript: Warning: Accessed None trying to read property CallFunc_BreakHitResult_HitActor
	SetDistance_C /Game/Maps/Maps_LostBambooForest.Maps_LostBambooForest:PersistentLevel.BP_BossContoller_C_0.BTComponent.SetDistance_C_3
	Function /Game/AI/SetDistance.SetDistance_C:ExecuteUbergraph_SetDistance:026D
[2018.12.02-10.18.58:639][145]LogScript: Warning: Script call stack:
	Function /Game/AI/SetDistance.SetDistance_C:ReceiveTick
	Function /Game/AI/SetDistance.SetDistance_C:ExecuteUbergraph_SetDistance

[2018.12.02-10.18.58:639][145]LogBlueprintUserMessages: [SetDistance_C_3] 2146.239746
[2018.12.02-10.18.59:176][159]LogBlueprintUserMessages: Warning: Invalid object types
[2018.12.02-10.18.59:176][159]LogScript: Warning: Accessed None trying to read property CallFunc_BreakHitResult_HitActor
	SetDistance_C /Game/Maps/Maps_LostBambooForest.Maps_LostBambooForest:PersistentLevel.BP_BossContoller_C_0.BTComponent.SetDistance_C_3
	Function /Game/AI/SetDistance.SetDistance_C:ExecuteUbergraph_SetDistance:026D
[2018.12.02-10.18.59:176][159]LogScript: Warning: Script call stack:
	Function /Game/AI/SetDistance.SetDistance_C:ReceiveTick
	Function /Game/AI/SetDistance.SetDistance_C:ExecuteUbergraph_SetDistance

[2018.12.02-10.18.59:176][159]LogBlueprintUserMessages: [SetDistance_C_3] 1856.021729
[2018.12.02-10.18.59:723][173]LogBlueprintUserMessages: Warning: Invalid object types
[2018.12.02-10.18.59:723][173]LogScript: Warning: Accessed None trying to read property CallFunc_BreakHitResult_HitActor
	SetDistance_C /Game/Maps/Maps_LostBambooForest.Maps_LostBambooForest:PersistentLevel.BP_BossContoller_C_0.BTComponent.SetDistance_C_3
	Function /Game/AI/SetDistance.SetDistance_C:ExecuteUbergraph_SetDistance:026D
[2018.12.02-10.18.59:723][173]LogScript: Warning: Script call stack:
	Function /Game/AI/SetDistance.SetDistance_C:ReceiveTick
	Function /Game/AI/SetDistance.SetDistance_C:ExecuteUbergraph_SetDistance

[2018.12.02-10.18.59:723][173]LogBlueprintUserMessages: [SetDistance_C_3] 1574.610962
[2018.12.02-10.19.00:276][187]LogBlueprintUserMessages: Warning: Invalid object types
[2018.12.02-10.19.00:276][187]LogScript: Warning: Accessed None trying to read property CallFunc_BreakHitResult_HitActor
	SetDistance_C /Game/Maps/Maps_LostBambooForest.Maps_LostBambooForest:PersistentLevel.BP_BossContoller_C_0.BTComponent.SetDistance_C_3
	Function /Game/AI/SetDistance.SetDistance_C:ExecuteUbergraph_SetDistance:026D
[2018.12.02-10.19.00:276][187]LogScript: Warning: Script call stack:
	Function /Game/AI/SetDistance.SetDistance_C:ReceiveTick
	Function /Game/AI/SetDistance.SetDistance_C:ExecuteUbergraph_SetDistance

[2018.12.02-10.19.00:276][187]LogBlueprintUserMessages: [SetDistance_C_3] 1528.228882
[2018.12.02-10.19.00:817][201]LogBlueprintUserMessages: Warning: Invalid object types
[2018.12.02-10.19.00:817][201]LogScript: Warning: Accessed None trying to read property CallFunc_BreakHitResult_HitActor
	SetDistance_C /Game/Maps/Maps_LostBambooForest.Maps_LostBambooForest:PersistentLevel.BP_BossContoller_C_0.BTComponent.SetDistance_C_3
	Function /Game/AI/SetDistance.SetDistance_C:ExecuteUbergraph_SetDistance:026D
[2018.12.02-10.19.00:817][201]LogScript: Warning: Script call stack:
	Function /Game/AI/SetDistance.SetDistance_C:ReceiveTick
	Function /Game/AI/SetDistance.SetDistance_C:ExecuteUbergraph_SetDistance

[2018.12.02-10.19.00:818][201]LogBlueprintUserMessages: [SetDistance_C_3] 1636.578857
[2018.12.02-10.19.01:369][215]LogBlueprintUserMessages: Warning: Invalid object types
[2018.12.02-10.19.01:370][215]LogScript: Warning: Accessed None trying to read property CallFunc_BreakHitResult_HitActor
	SetDistance_C /Game/Maps/Maps_LostBambooForest.Maps_LostBambooForest:PersistentLevel.BP_BossContoller_C_0.BTComponent.SetDistance_C_3
	Function /Game/AI/SetDistance.SetDistance_C:ExecuteUbergraph_SetDistance:026D
[2018.12.02-10.19.01:370][215]LogScript: Warning: Script call stack:
	Function /Game/AI/SetDistance.SetDistance_C:ReceiveTick
	Function /Game/AI/SetDistance.SetDistance_C:ExecuteUbergraph_SetDistance

[2018.12.02-10.19.01:370][215]LogBlueprintUserMessages: [SetDistance_C_3] 1717.329346
[2018.12.02-10.19.01:908][229]LogBlueprintUserMessages: Warning: Invalid object types
[2018.12.02-10.19.01:908][229]LogScript: Warning: Accessed None trying to read property CallFunc_BreakHitResult_HitActor
	SetDistance_C /Game/Maps/Maps_LostBambooForest.Maps_LostBambooForest:PersistentLevel.BP_BossContoller_C_0.BTComponent.SetDistance_C_3
	Function /Game/AI/SetDistance.SetDistance_C:ExecuteUbergraph_SetDistance:026D
[2018.12.02-10.19.01:908][229]LogScript: Warning: Script call stack:
	Function /Game/AI/SetDistance.SetDistance_C:ReceiveTick
	Function /Game/AI/SetDistance.SetDistance_C:ExecuteUbergraph_SetDistance

[2018.12.02-10.19.01:908][229]LogBlueprintUserMessages: [SetDistance_C_3] 1832.848389
[2018.12.02-10.19.02:455][243]LogBlueprintUserMessages: Warning: Invalid object types
[2018.12.02-10.19.02:456][243]LogScript: Warning: Accessed None trying to read property CallFunc_BreakHitResult_HitActor
	SetDistance_C /Game/Maps/Maps_LostBambooForest.Maps_LostBambooForest:PersistentLevel.BP_BossContoller_C_0.BTComponent.SetDistance_C_3
	Function /Game/AI/SetDistance.SetDistance_C:ExecuteUbergraph_SetDistance:026D
[2018.12.02-10.19.02:456][243]LogScript: Warning: Script call stack:
	Function /Game/AI/SetDistance.SetDistance_C:ReceiveTick
	Function /Game/AI/SetDistance.SetDistance_C:ExecuteUbergraph_SetDistance

[2018.12.02-10.19.02:456][243]LogBlueprintUserMessages: [SetDistance_C_3] 1556.794556
[2018.12.02-10.19.03:001][257]LogBlueprintUserMessages: Warning: Invalid object types
[2018.12.02-10.19.03:001][257]LogBlueprintUserMessages: [SetDistance_C_3] 1230.493286
[2018.12.02-10.19.03:543][271]LogBlueprintUserMessages: Warning: Invalid object types
[2018.12.02-10.19.03:543][271]LogBlueprintUserMessages: [SetDistance_C_3] 905.11499
[2018.12.02-10.19.04:093][285]LogBlueprintUserMessages: Warning: Invalid object types
[2018.12.02-10.19.04:093][285]LogBlueprintUserMessages: [SetDistance_C_3] 993.888611
[2018.12.02-10.19.04:629][299]LogBlueprintUserMessages: Warning: Invalid object types
[2018.12.02-10.19.04:630][299]LogBlueprintUserMessages: [SetDistance_C_3] 1181.571411
[2018.12.02-10.19.05:176][313]LogBlueprintUserMessages: Warning: Invalid object types
[2018.12.02-10.19.05:177][313]LogBlueprintUserMessages: [SetDistance_C_3] 1424.105957
[2018.12.02-10.19.05:714][327]LogBlueprintUserMessages: Warning: Invalid object types
[2018.12.02-10.19.05:714][327]LogBlueprintUserMessages: [SetDistance_C_3] 1195.268799
[2018.12.02-10.19.06:245][341]LogBlueprintUserMessages: Warning: Invalid object types
[2018.12.02-10.19.06:245][341]LogBlueprintUserMessages: [SetDistance_C_3] 879.719971
[2018.12.02-10.19.06:791][355]LogBlueprintUserMessages: Warning: Invalid object types
[2018.12.02-10.19.06:791][355]LogBlueprintUserMessages: [SetDistance_C_3] 558.564636
[2018.12.02-10.19.27:170][358]LogScript: Warning: Runaway loop detected (over 1,000,000 iterations) - see log for stack trace
	Task_MoveToRandomLocation_C /Game/Maps/Maps_LostBambooForest.Maps_LostBambooForest:PersistentLevel.BP_BossContoller_C_0.BTComponent.Task_MoveToRandomLocation_C_1
	Function /Game/AI/Task_MoveToRandomLocation.Task_MoveToRandomLocation_C:ExecuteUbergraph_Task_MoveToRandomLocation:0052
[2018.12.02-10.19.27:170][358]LogScript: Warning: Script call stack:
	Function /Game/AI/Task_MoveToRandomLocation.Task_MoveToRandomLocation_C:ReceiveExecute
	Function /Game/AI/Task_MoveToRandomLocation.Task_MoveToRandomLocation_C:ExecuteUbergraph_Task_MoveToRandomLocation

[2018.12.02-10.19.27:199][360]LogBlueprintUserMessages: Warning: Invalid object types
[2018.12.02-10.19.27:199][360]LogBlueprintUserMessages: [SetDistance_C_3] 500.729858
[2018.12.02-10.19.27:710][377]LogBlueprintUserMessages: Warning: Invalid object types
[2018.12.02-10.19.27:710][377]LogBlueprintUserMessages: [SetDistance_C_3] 500.729858
[2018.12.02-10.19.28:245][393]LogBlueprintUserMessages: Warning: Invalid object types
[2018.12.02-10.19.28:245][393]LogBlueprintUserMessages: [SetDistance_C_3] 500.729858
[2018.12.02-10.19.28:772][407]LogBlueprintUserMessages: Warning: Invalid object types
[2018.12.02-10.19.28:773][407]LogBlueprintUserMessages: [SetDistance_C_3] 500.729858
[2018.12.02-10.19.29:306][422]LogBlueprintUserMessages: Warning: Invalid object types
[2018.12.02-10.19.29:307][422]LogBlueprintUserMessages: [SetDistance_C_3] 500.729858
[2018.12.02-10.19.29:806][436]LogBlueprintUserMessages: Warning: Invalid object types
[2018.12.02-10.19.29:806][436]LogBlueprintUserMessages: [SetDistance_C_3] 500.729858
[2018.12.02-10.19.30:326][451]LogBlueprintUserMessages: Warning: Invalid object types
[2018.12.02-10.19.30:326][451]LogBlueprintUserMessages: [SetDistance_C_3] 500.729858
[2018.12.02-10.19.30:827][465]LogBlueprintUserMessages: Warning: Invalid object types
[2018.12.02-10.19.30:827][465]LogBlueprintUserMessages: [SetDistance_C_3] 500.729858
[2018.12.02-10.19.31:355][480]LogBlueprintUserMessages: Warning: Invalid object types
[2018.12.02-10.19.31:355][480]LogBlueprintUserMessages: [SetDistance_C_3] 500.729858
[2018.12.02-10.19.31:857][494]LogBlueprintUserMessages: Warning: Invalid object types
[2018.12.02-10.19.31:858][494]LogBlueprintUserMessages: [SetDistance_C_3] 500.729858
[2018.12.02-10.19.32:388][509]LogBlueprintUserMessages: Warning: Invalid object types
[2018.12.02-10.19.32:388][509]LogBlueprintUserMessages: [SetDistance_C_3] 500.729858
[2018.12.02-10.19.32:893][523]LogBlueprintUserMessages: Warning: Invalid object types
[2018.12.02-10.19.32:893][523]LogBlueprintUserMessages: [SetDistance_C_3] 500.729858
[2018.12.02-10.19.33:432][538]LogBlueprintUserMessages: Warning: Invalid object types
[2018.12.02-10.19.33:432][538]LogBlueprintUserMessages: [SetDistance_C_3] 500.729858
[2018.12.02-10.19.33:967][553]LogBlueprintUserMessages: Warning: Invalid object types
[2018.12.02-10.19.33:968][553]LogBlueprintUserMessages: [SetDistance_C_3] 500.729858
[2018.12.02-10.19.34:480][566]LogBlueprintUserMessages: Warning: Invalid object types
[2018.12.02-10.19.34:480][566]LogBlueprintUserMessages: [SetDistance_C_3] 500.729858
[2018.12.02-10.19.34:980][579]LogBlueprintUserMessages: Warning: Invalid object types
[2018.12.02-10.19.34:980][579]LogBlueprintUserMessages: [SetDistance_C_3] 500.729858
[2018.12.02-10.19.35:501][593]LogBlueprintUserMessages: Warning: Invalid object types
[2018.12.02-10.19.35:501][593]LogBlueprintUserMessages: [SetDistance_C_3] 500.729858
[2018.12.02-10.19.35:919][602]LogSlate: Window 'FujiwaraBattleField (64-bit Development PCD3D_SM5) ' being destroyed
[2018.12.02-10.19.35:925][602]LogWindowsTextInputMethodSystem: Display: IME system now activated using TSF (Microsoft 입력기).
[2018.12.02-10.19.35:933][602]LogWindowsTextInputMethodSystem: Display: IME system now activated using TSF (Microsoft 입력기).
[2018.12.02-10.19.35:940][602]LogSlate: Updating window title bar state: overlay mode, drag disabled, window buttons hidden, title bar hidden
[2018.12.02-10.19.35:940][602]LogEngine: All Windows Closed
[2018.12.02-10.19.35:940][602]LogWindows: FPlatformMisc::RequestExit(0)
[2018.12.02-10.19.36:741][603]LogExit: Preparing to exit.
[2018.12.02-10.19.36:741][603]LogMoviePlayer: Shutting down movie player
[2018.12.02-10.19.37:335][603]LogSlate: Updating window title bar state: overlay mode, drag disabled, window buttons hidden, title bar hidden
[2018.12.02-10.19.37:365][603]LogExit: Game engine shut down
[2018.12.02-10.19.37:986][603]LogExit: Object subsystem successfully closed.
[2018.12.02-10.19.38:004][603]LogShaderCompilers: Display: Shaders left to compile 0
[2018.12.02-10.19.38:009][603]LogD3D11RHI: Shutdown
[2018.12.02-10.19.38:009][603]LogD3D11RHI: CleanupD3DDevice
[2018.12.02-10.19.38:023][603]LogD3D11RHI: ~FD3D11DynamicRHI
[2018.12.02-10.19.38:039][603]LogModuleManager: Shutting down and abandoning module SequenceRecorderSections (378)
[2018.12.02-10.19.38:039][603]LogModuleManager: Shutting down and abandoning module SequenceRecorder (376)
[2018.12.02-10.19.38:039][603]LogModuleManager: Shutting down and abandoning module AutomationController (374)
[2018.12.02-10.19.38:039][603]LogModuleManager: Shutting down and abandoning module AutomationWorker (372)
[2018.12.02-10.19.38:039][603]LogModuleManager: Shutting down and abandoning module Voice (370)
[2018.12.02-10.19.38:039][603]LogModuleManager: Shutting down and abandoning module AIModule (368)
[2018.12.02-10.19.38:040][603]LogModuleManager: Shutting down and abandoning module GameplayDebugger (367)
[2018.12.02-10.19.38:040][603]LogModuleManager: Shutting down and abandoning module AITestSuite (365)
[2018.12.02-10.19.38:040][603]LogModuleManager: Shutting down and abandoning module NavigationSystem (363)
[2018.12.02-10.19.38:040][603]LogModuleManager: Shutting down and abandoning module WmfMediaFactory (360)
[2018.12.02-10.19.38:040][603]LogModuleManager: Shutting down and abandoning module OpenExrWrapper (358)
[2018.12.02-10.19.38:040][603]LogModuleManager: Shutting down and abandoning module ImgMediaFactory (356)
[2018.12.02-10.19.38:040][603]LogModuleManager: Shutting down and abandoning module AvfMediaFactory (354)
[2018.12.02-10.19.38:040][603]LogModuleManager: Shutting down and abandoning module MagicLeapCameraPreviewFactory (352)
[2018.12.02-10.19.38:040][603]LogModuleManager: Shutting down and abandoning module MagicLeapMediaFactory (350)
[2018.12.02-10.19.38:040][603]LogModuleManager: Shutting down and abandoning module CharacterAI (348)
[2018.12.02-10.19.38:040][603]LogModuleManager: Shutting down and abandoning module SessionServices (346)
[2018.12.02-10.19.38:040][603]LogModuleManager: Shutting down and abandoning module MovieSceneCapture (344)
[2018.12.02-10.19.38:040][603]LogModuleManager: Shutting down and abandoning module MovieSceneTracks (342)
[2018.12.02-10.19.38:040][603]LogModuleManager: Shutting down and abandoning module MovieScene (340)
[2018.12.02-10.19.38:040][603]LogModuleManager: Shutting down and abandoning module StreamingPauseRendering (338)
[2018.12.02-10.19.38:040][603]LogModuleManager: Shutting down and abandoning module PortalServices (336)
[2018.12.02-10.19.38:040][603]LogModuleManager: Shutting down and abandoning module PortalRpc (334)
[2018.12.02-10.19.38:040][603]LogModuleManager: Shutting down and abandoning module MessagingRpc (332)
[2018.12.02-10.19.38:040][603]LogModuleManager: Shutting down and abandoning module ProfilerService (330)
[2018.12.02-10.19.38:248][603]LogModuleManager: Shutting down and abandoning module TaskGraph (328)
[2018.12.02-10.19.38:248][603]LogModuleManager: Shutting down and abandoning module SteamVRController (326)
[2018.12.02-10.19.38:248][603]LogModuleManager: Shutting down and abandoning module ProceduralMeshComponent (324)
[2018.12.02-10.19.38:248][603]LogModuleManager: Shutting down and abandoning module OculusInput (322)
[2018.12.02-10.19.38:248][603]LogModuleManager: Shutting down and abandoning module MobilePatchingUtils (320)
[2018.12.02-10.19.38:248][603]LogModuleManager: Shutting down and abandoning module EditableMesh (318)
[2018.12.02-10.19.38:248][603]LogModuleManager: Shutting down and abandoning module CustomMeshComponent (316)
[2018.12.02-10.19.38:248][603]LogModuleManager: Shutting down and abandoning module CableComponent (314)
[2018.12.02-10.19.38:248][603]LogModuleManager: Shutting down and abandoning module AudioCapture (312)
[2018.12.02-10.19.38:249][603]LogModuleManager: Shutting down and abandoning module ArchVisCharacter (310)
[2018.12.02-10.19.38:249][603]LogModuleManager: Shutting down and abandoning module AndroidPermission (308)
[2018.12.02-10.19.38:249][603]LogModuleManager: Shutting down and abandoning module NUTUnrealEngine4 (306)
[2018.12.02-10.19.38:249][603]LogModuleManager: Shutting down and abandoning module NetcodeUnitTest (304)
[2018.12.02-10.19.38:249][603]LogModuleManager: Shutting down and abandoning module MediaCompositing (302)
[2018.12.02-10.19.38:249][603]LogModuleManager: Shutting down and abandoning module LinearTimecode (300)
[2018.12.02-10.19.38:249][603]LogModuleManager: Shutting down and abandoning module ImgMedia (298)
[2018.12.02-10.19.38:252][603]LogModuleManager: Shutting down and abandoning module HTML5Networking (296)
[2018.12.02-10.19.38:252][603]LogModuleManager: Shutting down and abandoning module GeometryCacheTracks (294)
[2018.12.02-10.19.38:252][603]LogModuleManager: Shutting down and abandoning module GeometryCacheSequencer (293)
[2018.12.02-10.19.38:252][603]LogModuleManager: Shutting down and abandoning module GeometryCache (290)
[2018.12.02-10.19.38:253][603]LogModuleManager: Shutting down and abandoning module GeometryCacheEd (289)
[2018.12.02-10.19.38:253][603]LogModuleManager: Shutting down and abandoning module BackChannel (286)
[2018.12.02-10.19.38:253][603]LogModuleManager: Shutting down and abandoning module AppleVision (284)
[2018.12.02-10.19.38:253][603]LogModuleManager: Shutting down and abandoning module AppleImageUtils (282)
[2018.12.02-10.19.38:253][603]LogModuleManager: Shutting down and abandoning module DatasmithContent (280)
[2018.12.02-10.19.38:253][603]LogModuleManager: Shutting down and abandoning module CryptoKeysOpenSSL (278)
[2018.12.02-10.19.38:254][603]LogModuleManager: Shutting down and abandoning module CryptoKeys (276)
[2018.12.02-10.19.38:254][603]LogModuleManager: Shutting down and abandoning module VisualStudioSourceCodeAccess (274)
[2018.12.02-10.19.38:254][603]LogModuleManager: Shutting down and abandoning module HotReload (273)
[2018.12.02-10.19.38:254][603]LogModuleManager: Shutting down and abandoning module DirectoryWatcher (272)
[2018.12.02-10.19.38:254][603]LogModuleManager: Shutting down and abandoning module VisualStudioCodeSourceCodeAccess (268)
[2018.12.02-10.19.38:254][603]LogModuleManager: Shutting down and abandoning module UObjectPlugin (266)
[2018.12.02-10.19.38:254][603]LogModuleManager: Shutting down and abandoning module SubversionSourceControl (264)
[2018.12.02-10.19.38:254][603]LogModuleManager: Shutting down and abandoning module PerforceSourceControl (262)
[2018.12.02-10.19.38:254][603]LogModuleManager: Shutting down and abandoning module SourceControl (261)
[2018.12.02-10.19.38:254][603]LogModuleManager: Shutting down and abandoning module CLionSourceCodeAccess (258)
[2018.12.02-10.19.38:254][603]LogModuleManager: Shutting down and abandoning module FujiwaraBattleField (256)
[2018.12.02-10.19.38:254][603]LogModuleManager: Shutting down and abandoning module RuntimePhysXCooking (254)
[2018.12.02-10.19.38:254][603]LogModuleManager: Shutting down and abandoning module PhysXVehiclesEditor (252)
[2018.12.02-10.19.38:255][603]LogModuleManager: Shutting down and abandoning module PhysXVehicles (250)
[2018.12.02-10.19.38:255][603]LogModuleManager: Shutting down and abandoning module LocationServicesBPLibrary (248)
[2018.12.02-10.19.38:255][603]LogModuleManager: Shutting down and abandoning module ImmediatePhysicsEditor (246)
[2018.12.02-10.19.38:255][603]LogModuleManager: Shutting down and abandoning module ImmediatePhysics (244)
[2018.12.02-10.19.38:255][603]LogModuleManager: Shutting down and abandoning module ActorSequence (242)
[2018.12.02-10.19.38:255][603]LogModuleManager: Shutting down and abandoning module UdpMessaging (240)
[2018.12.02-10.19.38:355][603]LogModuleManager: Shutting down and abandoning module TcpMessaging (238)
[2018.12.02-10.19.38:456][603]LogModuleManager: Shutting down and abandoning module MagicLeapAudio (236)
[2018.12.02-10.19.38:456][603]LogModuleManager: Shutting down and abandoning module GameplayTagsEditor (234)
[2018.12.02-10.19.38:456][603]LogModuleManager: Shutting down and abandoning module FacialAnimation (232)
[2018.12.02-10.19.38:456][603]LogModuleManager: Shutting down and abandoning module DataValidation (230)
[2018.12.02-10.19.38:456][603]LogModuleManager: Shutting down and abandoning module AssetManagerEditor (228)
[2018.12.02-10.19.38:456][603]LogModuleManager: Shutting down and abandoning module TreeMap (227)
[2018.12.02-10.19.38:456][603]LogModuleManager: Shutting down and abandoning module LightPropagationVolumeRuntime (224)
[2018.12.02-10.19.38:456][603]LogModuleManager: Shutting down and abandoning module AISupportModule (222)
[2018.12.02-10.19.38:456][603]LogModuleManager: Shutting down and abandoning module Paper2D (220)
[2018.12.02-10.19.38:456][603]LogModuleManager: Shutting down and abandoning module PIEPreviewDeviceProfileSelector (218)
[2018.12.02-10.19.38:456][603]LogModuleManager: Shutting down and abandoning module WindowsMoviePlayer (216)
[2018.12.02-10.19.38:456][603]LogModuleManager: Shutting down and abandoning module WmfMedia (214)
[2018.12.02-10.19.38:457][603]LogModuleManager: Shutting down and abandoning module Media (213)
[2018.12.02-10.19.38:464][603]LogModuleManager: Shutting down and abandoning module PacketHandler (210)
[2018.12.02-10.19.38:464][603]LogModuleManager: Shutting down and abandoning module ClothingSystemEditor (208)
[2018.12.02-10.19.38:464][603]LogModuleManager: Shutting down and abandoning module ClothingSystemRuntime (206)
[2018.12.02-10.19.38:464][603]LogModuleManager: Shutting down and abandoning module MediaAssets (204)
[2018.12.02-10.19.38:464][603]LogModuleManager: Shutting down and abandoning module Overlay (202)
[2018.12.02-10.19.38:464][603]LogModuleManager: Shutting down and abandoning module OverlayEditor (201)
[2018.12.02-10.19.38:464][603]LogModuleManager: Shutting down and abandoning module VREditor (198)
[2018.12.02-10.19.38:464][603]LogModuleManager: Shutting down and abandoning module StringTableEditor (196)
[2018.12.02-10.19.38:464][603]LogModuleManager: Shutting down and abandoning module GameplayTasksEditor (194)
[2018.12.02-10.19.38:464][603]LogModuleManager: Shutting down and abandoning module BehaviorTreeEditor (192)
[2018.12.02-10.19.38:464][603]LogModuleManager: Shutting down and abandoning module FunctionalTesting (190)
[2018.12.02-10.19.38:464][603]LogModuleManager: Shutting down and abandoning module CollisionAnalyzer (188)
[2018.12.02-10.19.38:464][603]LogModuleManager: Shutting down and abandoning module WorkspaceMenuStructure (187)
[2018.12.02-10.19.38:464][603]LogModuleManager: Shutting down and abandoning module UMG (184)
[2018.12.02-10.19.38:464][603]LogModuleManager: Shutting down and abandoning module UMGEditor (183)
[2018.12.02-10.19.38:465][603]LogModuleManager: Shutting down and abandoning module Sequencer (182)
[2018.12.02-10.19.38:465][603]LogModuleManager: Shutting down and abandoning module MessageLog (179)
[2018.12.02-10.19.38:465][603]LogModuleManager: Shutting down and abandoning module SlateReflector (174)
[2018.12.02-10.19.38:465][603]LogModuleManager: Shutting down and abandoning module Slate (172)
[2018.12.02-10.19.38:465][603]LogModuleManager: Shutting down and abandoning module EditorStyle (170)
[2018.12.02-10.19.38:467][603]LogModuleManager: Shutting down and abandoning module MRMesh (168)
[2018.12.02-10.19.38:468][603]LogModuleManager: Shutting down and abandoning module Messaging (166)
[2018.12.02-10.19.38:468][603]LogModuleManager: Shutting down and abandoning module SourceCodeAccess (164)
[2018.12.02-10.19.38:468][603]LogModuleManager: Shutting down and abandoning module HeadMountedDisplay (162)
[2018.12.02-10.19.38:468][603]LogModuleManager: Shutting down and abandoning module XAudio2 (160)
[2018.12.02-10.19.38:468][603]LogModuleManager: Shutting down and abandoning module Networking (158)
[2018.12.02-10.19.38:468][603]LogModuleManager: Shutting down and abandoning module Core (156)
[2018.12.02-10.19.38:468][603]LogModuleManager: Shutting down and abandoning module LevelSequence (154)
[2018.12.02-10.19.38:468][603]LogModuleManager: Shutting down and abandoning module KismetCompiler (152)
[2018.12.02-10.19.38:468][603]LogModuleManager: Shutting down and abandoning module MeshUtilities (150)
[2018.12.02-10.19.38:468][603]LogModuleManager: Shutting down and abandoning module MeshMergeUtilities (149)
[2018.12.02-10.19.38:468][603]LogModuleManager: Shutting down and abandoning module MeshReductionInterface (148)
[2018.12.02-10.19.38:468][603]LogModuleManager: Shutting down and abandoning module SimplygonSwarm (147)
[2018.12.02-10.19.38:468][603]LogModuleManager: Shutting down and abandoning module ProxyLODMeshReduction (145)
[2018.12.02-10.19.38:468][603]LogModuleManager: Shutting down and abandoning module SimplygonMeshReduction (143)
[2018.12.02-10.19.38:468][603]LogModuleManager: Shutting down and abandoning module QuadricMeshReduction (141)
[2018.12.02-10.19.38:468][603]LogModuleManager: Shutting down and abandoning module MaterialBaking (137)
[2018.12.02-10.19.38:468][603]LogModuleManager: Shutting down and abandoning module DerivedDataCache (132)
[2018.12.02-10.19.38:923][603]LogDerivedDataCache: Shutdown
[2018.12.02-10.19.38:923][603]LogModuleManager: Shutting down and abandoning module XGEController (130)
[2018.12.02-10.19.38:923][603]LogModuleManager: Shutting down and abandoning module TargetPlatform (128)
[2018.12.02-10.19.38:923][603]LogModuleManager: Shutting down and abandoning module VulkanShaderFormat (127)
[2018.12.02-10.19.38:923][603]LogModuleManager: Shutting down and abandoning module ShaderFormatVectorVM (125)
[2018.12.02-10.19.38:923][603]LogModuleManager: Shutting down and abandoning module ShaderFormatOpenGL (123)
[2018.12.02-10.19.38:923][603]LogModuleManager: Shutting down and abandoning module ShaderFormatD3D (121)
[2018.12.02-10.19.38:923][603]LogModuleManager: Shutting down and abandoning module MetalShaderFormat (119)
[2018.12.02-10.19.38:923][603]LogModuleManager: Shutting down and abandoning module TextureFormatUncompressed (117)
[2018.12.02-10.19.38:923][603]LogModuleManager: Shutting down and abandoning module TextureFormatPVR (115)
[2018.12.02-10.19.38:923][603]LogModuleManager: Shutting down and abandoning module TextureFormatDXT (113)
[2018.12.02-10.19.38:923][603]LogModuleManager: Shutting down and abandoning module TextureFormatIntelISPCTexComp (111)
[2018.12.02-10.19.38:923][603]LogModuleManager: Shutting down and abandoning module TextureFormatASTC (109)
[2018.12.02-10.19.38:923][603]LogModuleManager: Shutting down and abandoning module ImageWrapper (108)
[2018.12.02-10.19.38:924][603]LogModuleManager: Shutting down and abandoning module TextureFormatAndroid (105)
[2018.12.02-10.19.38:924][603]LogModuleManager: Shutting down and abandoning module AudioFormatOpus (103)
[2018.12.02-10.19.38:924][603]LogModuleManager: Shutting down and abandoning module AudioFormatOgg (101)
[2018.12.02-10.19.38:924][603]LogModuleManager: Shutting down and abandoning module AudioFormatADPCM (99)
[2018.12.02-10.19.38:924][603]LogModuleManager: Shutting down and abandoning module WindowsTargetPlatform (97)
[2018.12.02-10.19.38:924][603]LogModuleManager: Shutting down and abandoning module WindowsServerTargetPlatform (95)
[2018.12.02-10.19.38:924][603]LogModuleManager: Shutting down and abandoning module WindowsNoEditorTargetPlatform (93)
[2018.12.02-10.19.38:924][603]LogModuleManager: Shutting down and abandoning module WindowsClientTargetPlatform (91)
[2018.12.02-10.19.38:924][603]LogModuleManager: Shutting down and abandoning module InputCore (88)
[2018.12.02-10.19.38:924][603]LogModuleManager: Shutting down and abandoning module Settings (86)
[2018.12.02-10.19.38:924][603]LogModuleManager: Shutting down and abandoning module PhysXCooking (84)
[2018.12.02-10.19.38:924][603]LogModuleManager: Shutting down and abandoning module SteamVR (82)
[2018.12.02-10.19.38:924][603]LogModuleManager: Shutting down and abandoning module OculusHMD (80)
[2018.12.02-10.19.38:924][603]LogModuleManager: Shutting down and abandoning module ExampleDeviceProfileSelector (78)
[2018.12.02-10.19.38:924][603]LogModuleManager: Shutting down and abandoning module LauncherChunkInstaller (76)
[2018.12.02-10.19.38:924][603]LogModuleManager: Shutting down and abandoning module OnlineBlueprintSupport (74)
[2018.12.02-10.19.38:924][603]LogModuleManager: Shutting down and abandoning module OnlineSubsystem (70)
[2018.12.02-10.19.38:925][603]LogModuleManager: Shutting down and abandoning module XMPP (65)
[2018.12.02-10.19.38:925][603]LogModuleManager: Shutting down and abandoning module WebSockets (64)
[2018.12.02-10.19.38:940][603]LogModuleManager: Shutting down and abandoning module HTTP (61)
[2018.12.02-10.19.38:958][603]LogModuleManager: Shutting down and abandoning module SSL (60)
[2018.12.02-10.19.38:959][603]LogModuleManager: Shutting down and abandoning module MagicLeapEmulator (56)
[2018.12.02-10.19.38:959][603]LogModuleManager: Shutting down and abandoning module MagicLeapPrivileges (54)
[2018.12.02-10.19.38:959][603]LogModuleManager: Shutting down and abandoning module MagicLeapIdentity (52)
[2018.12.02-10.19.38:959][603]LogModuleManager: Shutting down and abandoning module MagicLeapHelperVulkan (50)
[2018.12.02-10.19.38:959][603]LogModuleManager: Shutting down and abandoning module MagicLeapHelperOpenGL (48)
[2018.12.02-10.19.38:959][603]LogModuleManager: Shutting down and abandoning module MagicLeapSecureStorage (46)
[2018.12.02-10.19.38:959][603]LogModuleManager: Shutting down and abandoning module MagicLeapGestures (44)
[2018.12.02-10.19.38:959][603]LogModuleManager: Shutting down and abandoning module MagicLeapEyeTracker (42)
[2018.12.02-10.19.38:959][603]LogModuleManager: Shutting down and abandoning module MagicLeapController (40)
[2018.12.02-10.19.38:960][603]LogSlate: Slate User Destroyed.  User Index 0, Is Virtual User: 0
[2018.12.02-10.19.38:960][603]LogModuleManager: Shutting down and abandoning module MagicLeap (38)
[2018.12.02-10.19.38:960][603]LogModuleManager: Shutting down and abandoning module AnimationModifiers (36)
[2018.12.02-10.19.38:960][603]LogModuleManager: Shutting down and abandoning module PropertyEditor (35)
[2018.12.02-10.19.38:960][603]LogModuleManager: Shutting down and abandoning module AudioEditor (32)
[2018.12.02-10.19.38:960][603]LogModuleManager: Shutting down and abandoning module TextureCompressor (30)
[2018.12.02-10.19.38:960][603]LogModuleManager: Shutting down and abandoning module ShaderCore (28)
[2018.12.02-10.19.38:960][603]LogModuleManager: Shutting down and abandoning module Landscape (26)
[2018.12.02-10.19.38:960][603]LogModuleManager: Shutting down and abandoning module SlateRHIRenderer (24)
[2018.12.02-10.19.38:960][603]LogModuleManager: Shutting down and abandoning module OpenGLDrv (22)
[2018.12.02-10.19.38:961][603]LogModuleManager: Shutting down and abandoning module D3D11RHI (20)
[2018.12.02-10.19.38:961][603]LogModuleManager: Shutting down and abandoning module AnimGraphRuntime (18)
[2018.12.02-10.19.38:961][603]LogModuleManager: Shutting down and abandoning module Renderer (16)
[2018.12.02-10.19.38:961][603]LogModuleManager: Shutting down and abandoning module Engine (14)
[2018.12.02-10.19.38:961][603]LogModuleManager: Shutting down and abandoning module CoreUObject (12)
[2018.12.02-10.19.38:961][603]LogModuleManager: Shutting down and abandoning module NetworkFile (10)
[2018.12.02-10.19.38:961][603]LogModuleManager: Shutting down and abandoning module CookedIterativeFile (8)
[2018.12.02-10.19.38:961][603]LogModuleManager: Shutting down and abandoning module StreamingFile (6)
[2018.12.02-10.19.38:961][603]LogModuleManager: Shutting down and abandoning module SandboxFile (4)
[2018.12.02-10.19.38:961][603]LogModuleManager: Shutting down and abandoning module PakFile (2)
[2018.12.02-10.19.38:969][603]LogExit: Exiting.
[2018.12.02-10.19.38:974][603]Log file closed, 12/02/18 19:19:38
