Log file open, 12/26/18 18:46:23
LogWindows: Failed to load 'aqProf.dll' (GetLastError=126)
LogWindows: File 'aqProf.dll' does not exist
LogWindows: Failed to load 'VSPerf140.dll' (GetLastError=126)
LogWindows: File 'VSPerf140.dll' does not exist
LogWindows: Failed to load 'VtuneApi.dll' (GetLastError=126)
LogWindows: File 'VtuneApi.dll' does not exist
LogWindows: Failed to load 'VtuneApi32e.dll' (GetLastError=126)
LogWindows: File 'VtuneApi32e.dll' does not exist
LogInit: Display: Running engine for game: FujiwaraBattleField
LogPlatformFile: Not using cached read wrapper
LogTaskGraph: Started task graph with 5 named threads and 23 total threads with 3 sets of task threads.
LogStats: Stats thread started at 1.562381
LogD3D11RHI: Loaded GFSDK_Aftermath_Lib.x64.dll
LogICUInternationalization: Display: ICU TimeZone Detection - Raw Offset: +9:00, Platform Override: ''
LogPluginManager: Mounting plugin Paper2D
LogPluginManager: Mounting plugin AISupport
LogPluginManager: Mounting plugin LightPropagationVolume
LogPluginManager: Mounting plugin CLionSourceCodeAccess
LogPluginManager: Mounting plugin CodeLiteSourceCodeAccess
LogPluginManager: Mounting plugin GitSourceControl
LogPluginManager: Mounting plugin KDevelopSourceCodeAccess
LogPluginManager: Mounting plugin NullSourceCodeAccess
LogPluginManager: Mounting plugin PerforceSourceControl
LogPluginManager: Mounting plugin SubversionSourceControl
LogPluginManager: Mounting plugin UObjectPlugin
LogPluginManager: Mounting plugin VisualStudioCodeSourceCodeAccess
LogPluginManager: Mounting plugin VisualStudioSourceCodeAccess
LogPluginManager: Mounting plugin XCodeSourceCodeAccess
LogPluginManager: Mounting plugin AssetManagerEditor
LogPluginManager: Mounting plugin CryptoKeys
LogPluginManager: Mounting plugin DataValidation
LogPluginManager: Mounting plugin FacialAnimation
LogPluginManager: Mounting plugin GameplayTagsEditor
LogPluginManager: Mounting plugin MacGraphicsSwitching
LogPluginManager: Mounting plugin MeshEditor
LogPluginManager: Mounting plugin MobileLauncherProfileWizard
LogPluginManager: Mounting plugin PluginBrowser
LogPluginManager: Mounting plugin SpeedTreeImporter
LogPluginManager: Mounting plugin DatasmithContent
LogPluginManager: Mounting plugin AlembicImporter
LogPluginManager: Mounting plugin AppleImageUtils
LogPluginManager: Mounting plugin AppleVision
LogPluginManager: Mounting plugin BackChannel
LogPluginManager: Mounting plugin CharacterAI
LogPluginManager: Mounting plugin GeometryCache
LogPluginManager: Mounting plugin HTML5Networking
LogPluginManager: Mounting plugin ProxyLODPlugin
LogPluginManager: Mounting plugin MagicLeap
LogPluginManager: Mounting plugin MagicLeapEmulator
LogPluginManager: Mounting plugin MagicLeapMedia
LogPluginManager: Mounting plugin AndroidMedia
LogPluginManager: Mounting plugin AvfMedia
LogPluginManager: Mounting plugin ImgMedia
LogPluginManager: Mounting plugin LinearTimecode
LogPluginManager: Mounting plugin MediaCompositing
LogPluginManager: Mounting plugin MediaPlayerEditor
LogPluginManager: Mounting plugin WmfMedia
LogPluginManager: Mounting plugin TcpMessaging
LogPluginManager: Mounting plugin UdpMessaging
LogPluginManager: Mounting plugin ActorSequence
LogPluginManager: Mounting plugin LevelSequenceEditor
LogPluginManager: Mounting plugin MatineeToLevelSequence
LogPluginManager: Mounting plugin NetcodeUnitTest
LogPluginManager: Mounting plugin NUTUnrealEngine4
LogPluginManager: Mounting plugin OnlineSubsystemGooglePlay
LogPluginManager: Mounting plugin OnlineSubsystemIOS
LogPluginManager: Mounting plugin OnlineSubsystem
LogPluginManager: Mounting plugin OnlineSubsystemNull
LogPluginManager: Mounting plugin OnlineSubsystemUtils
LogPluginManager: Mounting plugin LauncherChunkInstaller
LogPluginManager: Mounting plugin AndroidDeviceProfileSelector
LogPluginManager: Mounting plugin AndroidMoviePlayer
LogPluginManager: Mounting plugin AndroidPermission
LogPluginManager: Mounting plugin AppleMoviePlayer
LogPluginManager: Mounting plugin ArchVisCharacter
LogPluginManager: Mounting plugin AudioCapture
LogPluginManager: Mounting plugin CableComponent
LogPluginManager: Mounting plugin CustomMeshComponent
LogPluginManager: Mounting plugin EditableMesh
LogPluginManager: Mounting plugin ExampleDeviceProfileSelector
LogPluginManager: Mounting plugin GoogleCloudMessaging
LogPluginManager: Mounting plugin ImmediatePhysics
LogPluginManager: Mounting plugin IOSDeviceProfileSelector
LogPluginManager: Mounting plugin LinuxDeviceProfileSelector
LogPluginManager: Mounting plugin LocationServicesBPLibrary
LogPluginManager: Mounting plugin MobilePatchingUtils
LogPluginManager: Mounting plugin OculusVR
LogPluginManager: Plugin shader directory ../../../Engine/Plugins/Runtime/Oculus/OculusVR/Shaders found
LogPluginManager: Mapping shader source directory ../../../Engine/Plugins/Runtime/Oculus/OculusVR/Shaders to virtual directory /Plugin/OculusVR
LogPluginManager: Mounting plugin PhysXVehicles
LogPluginManager: Mounting plugin ProceduralMeshComponent
LogPluginManager: Mounting plugin RuntimePhysXCooking
LogPluginManager: Mounting plugin SteamVR
LogPluginManager: Mounting plugin WindowsMoviePlayer
LogStreaming: Display: Took  0.280s to configure plugins.
LogInit: Using libcurl 7.55.1-DEV
LogInit:  - built for x86_64-pc-win32
LogInit:  - supports SSL with OpenSSL/1.0.2h
LogInit:  - supports HTTP deflate (compression) using libz 1.2.8
LogInit:  - other features:
LogInit:      CURL_VERSION_SSL
LogInit:      CURL_VERSION_LIBZ
LogInit:      CURL_VERSION_IPV6
LogInit:      CURL_VERSION_ASYNCHDNS
LogInit:      CURL_VERSION_LARGEFILE
LogInit:      CURL_VERSION_IDN
LogInit:  CurlRequestOptions (configurable via config and command line):
LogInit:  - bVerifyPeer = false  - Libcurl will NOT verify peer certificate
LogInit:  - bUseHttpProxy = false  - Libcurl will NOT use HTTP proxy
LogInit:  - bDontReuseConnections = false  - Libcurl will reuse connections
LogInit:  - CertBundlePath = nullptr  - Libcurl will use whatever was configured at build time.
LogInit:  - MaxHostConnections = 16  - Libcurl will limit the number of connections to a host
LogInit:  - LocalHostAddr = Default
LogInit:  - BufferSize = 65536
LogInit: WinSock: version 1.1 (2.2), MaxSocks=32767, MaxUdp=65467
LogInit: Build: ++UE4+Release-4.20-CL-4369336
LogInit: Engine Version: 4.20.3-4369336+++UE4+Release-4.20
LogInit: Compatible Engine Version: 4.20.0-4212847+++UE4+Release-4.20
LogInit: Net CL: 4212847
LogInit: OS: Windows 10 (), CPU: Intel(R) Core(TM) i7-6700HQ CPU @ 2.60GHz, GPU: Intel(R) HD Graphics 530
LogInit: Compiled (64-bit): Sep 17 2018 12:26:19
LogInit: Compiled with Visual C++: 19.13.26129.00
LogInit: Build Configuration: Development
LogInit: Branch Name: ++UE4+Release-4.20
LogInit: Command Line:  /Game/Maps/Map_LostBambooForest -game -PIEVIACONSOLE -ResX=1280 -ResY=720  -Multiprocess -messaging -SessionName="Play in Standalone Game" -windowed 
LogInit: Base Directory: C:/Program Files (x86)/~Game/Epic Games/UE_4.20/Engine/Binaries/Win64/
LogInit: Installed Engine Build: 1
LogDevObjectVersion: Number of dev versions registered: 20
LogDevObjectVersion:   Dev-Blueprints (B0D832E4-1F89-4F0D-ACCF-7EB736FD4AA2): 10
LogDevObjectVersion:   Dev-Build (E1C64328-A22C-4D53-A36C-8E866417BD8C): 0
LogDevObjectVersion:   Dev-Core (375EC13C-06E4-48FB-B500-84F0262A717E): 2
LogDevObjectVersion:   Dev-Editor (E4B068ED-F494-42E9-A231-DA0B2E46BB41): 24
LogDevObjectVersion:   Dev-Framework (CFFC743F-43B0-4480-9391-14DF171D2073): 34
LogDevObjectVersion:   Dev-Mobile (B02B49B5-BB20-44E9-A304-32B752E40360): 2
LogDevObjectVersion:   Dev-Networking (A4E4105C-59A1-49B5-A7C5-40C4547EDFEE): 0
LogDevObjectVersion:   Dev-Online (39C831C9-5AE6-47DC-9A44-9C173E1C8E7C): 0
LogDevObjectVersion:   Dev-Physics (78F01B33-EBEA-4F98-B9B4-84EACCB95AA2): 0
LogDevObjectVersion:   Dev-Platform (6631380F-2D4D-43E0-8009-CF276956A95A): 0
LogDevObjectVersion:   Dev-Rendering (12F88B9F-8875-4AFC-A67C-D90C383ABD29): 26
LogDevObjectVersion:   Dev-Sequencer (7B5AE74C-D270-4C10-A958-57980B212A5A): 9
LogDevObjectVersion:   Dev-VR (D7296918-1DD6-4BDD-9DE2-64A83CC13884): 2
LogDevObjectVersion:   Dev-LoadTimes (C2A15278-BFE7-4AFE-6C17-90FF531DF755): 1
LogDevObjectVersion:   Private-Geometry (6EACA3D4-40EC-4CC1-B786-8BED09428FC5): 3
LogDevObjectVersion:   Dev-AnimPhys (29E575DD-E0A3-4627-9D10-D276232CDCEA): 17
LogDevObjectVersion:   Dev-ReflectionCapture (6B266CEC-1EC7-4B8F-A30B-E4D90942FC07): 1
LogDevObjectVersion:   Dev-Automation (0DF73D61-A23F-47EA-B727-89E90C41499A): 1
LogDevObjectVersion:   FortniteMain (601D1886-AC64-4F84-AA16-D3DE0DEAC7D6): 12
LogDevObjectVersion:   Dev-Enterprise (9DFFBCD6-494F-0158-E221-12823C92A888): 1
LogStreaming: Display: Took  0.012s to delete old logs.
LogInit: Presizing for max 8388607 objects, including 0 objects not considered by GC, pre-allocating 0 bytes for permanent pool.
LogInit: Object subsystem initialized
[2018.12.26-09.46.25:706][  0]LogInit: Selected Device Profile: [Windows]
[2018.12.26-09.46.25:706][  0]LogInit: Applying CVar settings loaded from the selected device profile: [Windows]
[2018.12.26-09.46.25:724][  0]LogHAL: Display: Platform has ~ 8 GB [8393322496 / 8589934592 / 8], which maps to Default [LargestMinGB=32, LargerMinGB=12, DefaultMinGB=8, SmallerMinGB=6, SmallestMinGB=0)
[2018.12.26-09.46.25:724][  0]LogInit: Setting Device Profile CVar: [[r.Vulkan.UseRealUBs:1]]
[2018.12.26-09.46.25:724][  0]LogInit: Going up to parent DeviceProfile []
[2018.12.26-09.46.25:730][  0]LogInit: Computer: DESKTOP-33J3PSK
[2018.12.26-09.46.25:730][  0]LogInit: User: Utsuho
[2018.12.26-09.46.25:730][  0]LogInit: CPU Page size=4096, Cores=4
[2018.12.26-09.46.25:730][  0]LogInit: High frequency timer resolution =2.531249 MHz
[2018.12.26-09.46.25:731][  0]LogMemory: Memory total: Physical=7.8GB (8GB approx)
[2018.12.26-09.46.25:731][  0]LogMemory: Platform Memory Stats for Windows
[2018.12.26-09.46.25:731][  0]LogMemory: Process Physical Memory: 101.37 MB used, 101.37 MB peak
[2018.12.26-09.46.25:731][  0]LogMemory: Process Virtual Memory: 93.33 MB used, 93.33 MB peak
[2018.12.26-09.46.25:731][  0]LogMemory: Physical Memory: 7152.33 MB used,  852.17 MB free, 8004.50 MB total
[2018.12.26-09.46.25:731][  0]LogMemory: Virtual Memory: 4647.42 MB used,  852.17 MB free, 134217728.00 MB total
[2018.12.26-09.46.25:982][  0]LogInit: Using OS detected language (ko-KR).
[2018.12.26-09.46.25:982][  0]LogInit: Using OS detected locale (ko-KR).
[2018.12.26-09.46.25:984][  0]LogTextLocalizationManager: No specific localization for 'ko-KR' exists, so the 'ko' localization will be used.
[2018.12.26-09.46.27:469][  0]LogStreaming: Display: Took  1.487s to InitEngineTextLocalization.
[2018.12.26-09.46.27:688][  0]LogSlate: New Slate User Created.  User Index 0, Is Virtual User: 0
[2018.12.26-09.46.27:688][  0]LogSlate: Slate User Registered.  User Index 0, Is Virtual User: 0
[2018.12.26-09.46.27:723][  0]LogHMD: Failed to initialize OpenVR with code 110
[2018.12.26-09.46.27:723][  0]LogD3D11RHI: D3D11 adapters:
[2018.12.26-09.46.27:762][  0]LogD3D11RHI:    0. 'Intel(R) HD Graphics 530' (Feature Level 11_0)
[2018.12.26-09.46.27:762][  0]LogD3D11RHI:       128/0/4002 MB DedicatedVideo/DedicatedSystem/SharedSystem, Outputs:1, VendorId:0x8086
[2018.12.26-09.46.27:870][  0]LogD3D11RHI:    1. 'NVIDIA GeForce GTX 960M' (Feature Level 11_0)
[2018.12.26-09.46.27:871][  0]LogD3D11RHI:       1993/0/4002 MB DedicatedVideo/DedicatedSystem/SharedSystem, Outputs:0, VendorId:0x10de
[2018.12.26-09.46.27:883][  0]LogD3D11RHI:    2. 'Microsoft Basic Render Driver' (Feature Level 11_0)
[2018.12.26-09.46.27:883][  0]LogD3D11RHI:       0/0/4002 MB DedicatedVideo/DedicatedSystem/SharedSystem, Outputs:0, VendorId:0x1414
[2018.12.26-09.46.27:883][  0]LogD3D11RHI: Chosen D3D11 Adapter: 1
[2018.12.26-09.46.27:956][  0]LogD3D11RHI: Creating new Direct3DDevice
[2018.12.26-09.46.27:956][  0]LogD3D11RHI:     GPU DeviceId: 0x139b (for the marketing name, search the web for "GPU Device Id")
[2018.12.26-09.46.27:956][  0]LogWindows: EnumDisplayDevices:
[2018.12.26-09.46.27:957][  0]LogWindows:    0. 'Intel(R) HD Graphics 530' (P:1 D:1)
[2018.12.26-09.46.27:959][  0]LogWindows:    1. 'Intel(R) HD Graphics 530' (P:0 D:0)
[2018.12.26-09.46.27:961][  0]LogWindows:    2. 'Intel(R) HD Graphics 530' (P:0 D:0)
[2018.12.26-09.46.27:963][  0]LogWindows:    3. 'NVIDIA GeForce GTX 960M' (P:0 D:0)
[2018.12.26-09.46.27:965][  0]LogWindows:    4. 'NVIDIA GeForce GTX 960M' (P:0 D:0)
[2018.12.26-09.46.27:967][  0]LogWindows:    5. 'NVIDIA GeForce GTX 960M' (P:0 D:0)
[2018.12.26-09.46.27:969][  0]LogWindows:    6. 'NVIDIA GeForce GTX 960M' (P:0 D:0)
[2018.12.26-09.46.27:971][  0]LogWindows:    7. 'Mirage Driver' (P:0 D:0)
[2018.12.26-09.46.27:972][  0]LogWindows: DebugString: PrimaryIsNotTheChoosenAdapter PrimaryIsNotTheChoosenAdapter PrimaryIsNotTheChoosenAdapter GetVideoDriverDetailsInvalid PrimaryIsNotTheChoosenAdapter FoundDriverCount:4 
[2018.12.26-09.46.27:972][  0]LogD3D11RHI:     Adapter Name: NVIDIA GeForce GTX 960M
[2018.12.26-09.46.27:972][  0]LogD3D11RHI:   Driver Version: 353.54 (internal:10.18.13.5354, unified:353.54)
[2018.12.26-09.46.27:972][  0]LogD3D11RHI:      Driver Date: 7-13-2015
[2018.12.26-09.46.27:972][  0]LogRHI: Texture pool is 1395 MB (70% of 1993 MB)
[2018.12.26-09.46.28:017][  0]LogD3D11RHI: NvAPI_D3D_GetCurrentSLIState failed: 0xfffffff7
[2018.12.26-09.46.28:017][  0]LogD3D11RHI: Async texture creation enabled
[2018.12.26-09.46.28:034][  0]LogD3D11RHI: GPU Timing Frequency: 1000.000000 (Debug: 2 1)
[2018.12.26-09.46.28:036][  0]LogShaderCompilers: Guid format shader working directory is -45 characters bigger than the processId version (../../../../../../../Users/Utsuho/Desktop/General/ProjectSpace/UE4STAG/FujiwaraBattleField/Intermediate/Shaders/WorkingDirectory/151608/).
[2018.12.26-09.46.28:037][  0]LogShaderCompilers: Cleaned the shader compiler working directory 'C:/Users/Utsuho/AppData/Local/Temp/UnrealShaderWorkingDir/015A91D042AEDD43433695BDDF7CE3D3/'.
[2018.12.26-09.46.29:639][  0]LogTemp: Display: Loaded TP WindowsClientTargetPlatform
[2018.12.26-09.46.29:691][  0]LogTemp: Display: Loaded TP WindowsNoEditorTargetPlatform
[2018.12.26-09.46.29:734][  0]LogTemp: Display: Loaded TP WindowsServerTargetPlatform
[2018.12.26-09.46.29:768][  0]LogTemp: Display: Loaded TP WindowsTargetPlatform
[2018.12.26-09.46.29:768][  0]LogTargetPlatformManager: Display: Building Assets For Windows
[2018.12.26-09.46.30:061][  0]LogXGEController: Cannot use XGE Controller as Incredibuild is not installed on this machine.
[2018.12.26-09.46.30:062][  0]LogShaderCompilers: Cannot use XGE Shader Compiler as Incredibuild is not installed on this machine.
[2018.12.26-09.46.30:062][  0]LogShaderCompilers: Display: Using Local Shader Compiler.
[2018.12.26-09.46.36:090][  0]LogDerivedDataCache: Display: Max Cache Size: 512 MB
[2018.12.26-09.46.36:803][  0]LogDerivedDataCache: Loaded boot cache 0.71s 71MB C:/Users/Utsuho/AppData/Local/UnrealEngine/4.20/DerivedDataCache/Boot.ddc.
[2018.12.26-09.46.36:804][  0]LogDerivedDataCache: Display: Loaded Boot cache: C:/Users/Utsuho/AppData/Local/UnrealEngine/4.20/DerivedDataCache/Boot.ddc
[2018.12.26-09.46.36:804][  0]LogDerivedDataCache: FDerivedDataBackendGraph:  Pak pak cache file ../../../../../../../Users/Utsuho/Desktop/General/ProjectSpace/UE4STAG/FujiwaraBattleField/DerivedDataCache/DDC.ddp not found, will not use a pak cache.
[2018.12.26-09.46.36:804][  0]LogDerivedDataCache: Unable to find inner node Pak for hierarchical cache Hierarchy.
[2018.12.26-09.46.36:804][  0]LogDerivedDataCache: FDerivedDataBackendGraph:  CompressedPak pak cache file ../../../../../../../Users/Utsuho/Desktop/General/ProjectSpace/UE4STAG/FujiwaraBattleField/DerivedDataCache/Compressed.ddp not found, will not use a pak cache.
[2018.12.26-09.46.36:804][  0]LogDerivedDataCache: Unable to find inner node CompressedPak for hierarchical cache Hierarchy.
[2018.12.26-09.46.36:841][  0]LogDerivedDataCache: Display: Pak cache opened for reading ../../../Engine/DerivedDataCache/Compressed.ddp.
[2018.12.26-09.46.36:856][  0]LogDerivedDataCache: Using Local data cache path C:/Users/Utsuho/AppData/Local/UnrealEngine/Common/DerivedDataCache: Writable
[2018.12.26-09.46.36:856][  0]LogDerivedDataCache: Shared data cache path not found in *engine.ini, will not use an Shared cache.
[2018.12.26-09.46.36:856][  0]LogDerivedDataCache: Unable to find inner node Shared for hierarchical cache Hierarchy.
[2018.12.26-09.46.36:918][  0]LogMaterial: Verifying Global Shaders for PCD3D_SM5
[2018.12.26-09.46.36:922][  0]LogSlate: Using FreeType 2.6.0
[2018.12.26-09.46.36:924][  0]LogSlate: SlateFontServices - WITH_FREETYPE: 1, WITH_HARFBUZZ: 1
[2018.12.26-09.46.37:106][  0]LogInit: Using OS detected language (ko-KR).
[2018.12.26-09.46.37:106][  0]LogInit: Using OS detected locale (ko-KR).
[2018.12.26-09.46.37:107][  0]LogTextLocalizationManager: No localization for 'ko-KR' exists, so 'en' will be used for the language.
[2018.12.26-09.46.37:107][  0]LogTextLocalizationManager: No localization for 'ko-KR' exists, so 'en' will be used for the locale.
[2018.12.26-09.46.37:872][  0]LogStreaming: Display: Took  0.766s to InitGameTextLocalization.
[2018.12.26-09.46.37:897][  0]LogAssetRegistry: FAssetRegistry took 0.0139 seconds to start up
[2018.12.26-09.46.38:535][  0]LogPackageLocalizationCache: Processed 11 localized package path(s) for 1 prioritized culture(s) in 0.041552 seconds
[2018.12.26-09.46.38:946][  0]LogInit: Selected Device Profile: [Windows]
[2018.12.26-09.46.39:382][  0]LogSimplygon: Simplygon DLL not present - disabling.
[2018.12.26-09.46.39:406][  0]LogMeshReduction: Using SimplygonSwarm for distributed automatic mesh merging
[2018.12.26-09.46.39:406][  0]LogMeshReduction: Using ProxyLODMeshReduction for automatic mesh merging
[2018.12.26-09.46.39:407][  0]LogMeshReduction: Using QuadricMeshReduction for automatic static mesh reduction
[2018.12.26-09.46.39:407][  0]LogMeshReduction: No automatic skeletal mesh reduction module available
[2018.12.26-09.46.39:443][  0]LogNetVersion: FujiwaraBattleField 1.0.0, NetCL: 4212847, EngineNetVer: 5, GameNetVer: 0 (Checksum: 1838566955)
[2018.12.26-09.46.41:130][  0]LogMoviePlayer: Initializing movie player
[2018.12.26-09.46.41:658][  0]LogTcpMessaging: Initializing TcpMessaging bridge
[2018.12.26-09.46.41:676][  0]LogUdpMessaging: Initializing bridge on interface 0.0.0.0:0 to multicast group 230.0.0.1:6666.
[2018.12.26-09.46.41:852][  0]SourceControl: Source control is disabled
[2018.12.26-09.46.41:852][  0]SourceControl: Source control is disabled
[2018.12.26-09.46.41:858][  0]SourceControl: Source control is disabled
[2018.12.26-09.46.42:097][  0]LogAndroidPermission: UAndroidPermissionCallbackProxy::GetInstance
[2018.12.26-09.46.42:547][  0]LogOcInput: OculusInput pre-init called
[2018.12.26-09.46.42:569][  0]LogUObjectArray: 42287 objects as part of root set at end of initial load.
[2018.12.26-09.46.42:569][  0]LogUObjectAllocator: 7466240 out of 0 bytes used by permanent object pool.
[2018.12.26-09.46.42:569][  0]LogUObjectArray: CloseDisregardForGC: 0/0 objects in disregard for GC pool
[2018.12.26-09.46.42:678][  0]LogEngine: Initializing Engine...
[2018.12.26-09.46.42:679][  0]LogHMD: Failed to initialize OpenVR with code 110
[2018.12.26-09.46.42:694][  0]LogStats: UGameplayTagsManager::ConstructGameplayTagTree: ImportINI prefixes -  0.000 s
[2018.12.26-09.46.42:694][  0]LogStats: UGameplayTagsManager::ConstructGameplayTagTree: Construct from data asset -  0.000 s
[2018.12.26-09.46.42:694][  0]LogStats: UGameplayTagsManager::ConstructGameplayTagTree: ImportINI -  0.000 s
[2018.12.26-09.46.42:694][  0]LogStats: UGameplayTagsManager::ConstructGameplayTagTree: GameplayTagTreeChangedEvent.Broadcast -  0.000 s
[2018.12.26-09.46.43:040][  0]LogInit: Initializing FReadOnlyCVARCache
[2018.12.26-09.46.43:203][  0]LogInit: XAudio2 using '스피커(Realtek High Definition Audio)' : 2 channels at 48 kHz using 32 bits per sample (channel mask 0x3)
[2018.12.26-09.46.43:379][  0]LogInit: FAudioDevice initialized.
[2018.12.26-09.46.43:392][  0]LogNetVersion: Set ProjectVersion to 1.0.0.0. Version Checksum will be recalculated on next use.
[2018.12.26-09.46.43:404][  0]LogInit: Texture streaming: Enabled
[2018.12.26-09.46.47:622][  0]LogBlueprint: Warning: [Compiler GideonPlayerCharacter] InputAction Event references unknown Action 'ResetVR' for  InputAction ResetVR
[2018.12.26-09.46.47:623][  0]LogBlueprint: Warning: [Compiler GideonPlayerCharacter] Input Axis Event references unknown Axis 'LookUpRate' for  InputAxis LookUpRate
[2018.12.26-09.46.47:623][  0]LogBlueprint: Warning: [Compiler GideonPlayerCharacter] Input Axis Event references unknown Axis 'TurnRate' for  InputAxis TurnRate
[2018.12.26-09.46.47:644][  0]LogBlueprint: Warning: [Compiler PhasePlayerCharacter] InputAction Event references unknown Action 'ResetVR' for  InputAction ResetVR
[2018.12.26-09.46.47:644][  0]LogBlueprint: Warning: [Compiler PhasePlayerCharacter] Input Axis Event references unknown Axis 'LookUpRate' for  InputAxis LookUpRate
[2018.12.26-09.46.47:645][  0]LogBlueprint: Warning: [Compiler PhasePlayerCharacter] Input Axis Event references unknown Axis 'TurnRate' for  InputAxis TurnRate
[2018.12.26-09.46.48:729][  0]LogBlueprint: Warning: [Compiler GideonPlayerCharacter] [0036.62] Compile of GideonPlayerCharacter successful, but with 3 Warning(s) [in 2,246 ms] (/Game/ParagonGideon/Characters/Heroes/Gideon/GideonPlayerCharacter.GideonPlayerCharacter)
[2018.12.26-09.46.48:729][  0]LogBlueprint: Warning: [Compiler PhasePlayerCharacter] [0036.62] Compile of PhasePlayerCharacter successful, but with 3 Warning(s) [in 2,242 ms] (/Game/ParagonPhase/Characters/Heroes/Phase/PhasePlayerCharacter.PhasePlayerCharacter)
[2018.12.26-09.47.07:374][  0]LogMaterial: Display: Missing cached shader map for material M_UE4Man_Body, compiling. 
[2018.12.26-09.47.07:387][  0]LogMaterial: Warning: C:\Users\Utsuho\Desktop\General\ProjectSpace\UE4STAG\FujiwaraBattleField\Content\_Temporary\Pawn\Character\Mannequin\Materials\M_UE4Man_Body.uasset: Failed to compile Material for platform PCD3D_SM5, Default Material will be used in game.
[2018.12.26-09.47.07:387][  0]LogMaterial: 	(Node TextureSampleParameter2D) Param2D> Requires Texture2D
[2018.12.26-09.47.07:387][  0]LogMaterial: 	Function MatLayerBlend_NormalBlend: (Node MakeMaterialAttributes) Error on property Normal
[2018.12.26-09.47.07:387][  0]LogMaterial: 	(Node TextureSample) Texture Sample> Missing input texture
[2018.12.26-09.47.07:387][  0]LogMaterial: 	Function MatLayerBlend_Simple: (Node MakeMaterialAttributes) Error on property EmissiveColor
[2018.12.26-09.47.07:387][  0]LogMaterial: 	Function MatLayerBlend_Simple: (Node MakeMaterialAttributes) Error on property BaseColor
[2018.12.26-09.47.07:387][  0]LogMaterial: 	Function MatLayerBlend_Simple: (Node MakeMaterialAttributes) Error on property Metallic
[2018.12.26-09.47.07:387][  0]LogMaterial: 	Function MatLayerBlend_Simple: (Node MakeMaterialAttributes) Error on property Roughness
[2018.12.26-09.47.07:393][  0]LogMaterial: Display: Missing cached shader map for material M_UE4Man_Body, compiling. 
[2018.12.26-09.47.07:398][  0]LogMaterial: Warning: C:\Users\Utsuho\Desktop\General\ProjectSpace\UE4STAG\FujiwaraBattleField\Content\_Temporary\Pawn\Character\Mannequin\Materials\M_UE4Man_ChestLogo.uasset: Failed to compile Material Instance with Base M_UE4Man_Body for platform PCD3D_SM5, Default Material will be used in game.
[2018.12.26-09.47.07:398][  0]LogMaterial: 	(Node TextureSampleParameter2D) Param2D> Requires Texture2D
[2018.12.26-09.47.07:398][  0]LogMaterial: 	Function MatLayerBlend_NormalBlend: (Node MakeMaterialAttributes) Error on property Normal
[2018.12.26-09.47.07:398][  0]LogMaterial: 	Function ML_Plastic_Shiny_Beige_LOGO: (Node TextureSample) Logo Mask> Missing input texture
[2018.12.26-09.47.07:398][  0]LogMaterial: 	Function ML_Plastic_Shiny_Beige_LOGO: (Node MakeMaterialAttributes) Error on property OpacityMask
[2018.12.26-09.47.09:279][  0]LogSlate: Updating window title bar state: overlay mode, drag disabled, window buttons hidden, title bar hidden
[2018.12.26-09.47.09:288][  0]LogInit: Display: Game Engine Initialized.
[2018.12.26-09.47.09:293][  0]LogGameplayTags: Display: UGameplayTagsManager::DoneAddingNativeTags. DelegateIsBound: 0
[2018.12.26-09.47.09:297][  0]LogStats: UGameplayTagsManager::ConstructGameplayTagTree: ImportINI prefixes -  0.000 s
[2018.12.26-09.47.09:297][  0]LogStats: UGameplayTagsManager::ConstructGameplayTagTree: Construct from data asset -  0.000 s
[2018.12.26-09.47.09:298][  0]LogStats: UGameplayTagsManager::ConstructGameplayTagTree: ImportINI -  0.001 s
[2018.12.26-09.47.09:298][  0]LogStats: UGameplayTagsManager::ConstructGameplayTagTree: GameplayTagTreeChangedEvent.Broadcast -  0.000 s
[2018.12.26-09.47.09:404][  0]LogInit: Display: Starting Game.
[2018.12.26-09.47.09:405][  0]LogNet: Browse: /Game/Maps/Map_LostBambooForest?Name=Player
[2018.12.26-09.47.09:407][  0]LogLoad: LoadMap: /Game/Maps/Map_LostBambooForest?Name=Player
[2018.12.26-09.47.15:537][  0]LogAIModule: Creating AISystem for world Map_LostBambooForest
[2018.12.26-09.47.15:566][  0]LogLoad: Game class is 'BP_FBFGameModeBase_C'
[2018.12.26-09.47.18:766][  0]LogWorld: Bringing World /Game/Maps/Map_LostBambooForest.Map_LostBambooForest up for play (max tick rate 0) at 2018.12.26-18.47.18
[2018.12.26-09.47.18:772][  0]LogWorld: Bringing up level for play took: 3.183737
[2018.12.26-09.47.18:880][  0]LogGameMode: FindPlayerStart: PATHS NOT DEFINED or NO PLAYERSTART with positive rating
[2018.12.26-09.47.18:930][  0]LogBlueprintUserMessages: [Map_LostBambooForest_C_14] 레벨초기화
[2018.12.26-09.47.18:932][  0]LogBlueprintUserMessages: [BP_FBFGameInstance_C_0] GameInstance초기화
[2018.12.26-09.47.18:939][  0]LogBlueprintUserMessages: [KiteMusicSequencer_C_0] 현재 BGM : 동방영야초_엑스트라_모드_테마곡__Extend_Ash___봉래인_Opening
[2018.12.26-09.47.18:942][  0]LogBlueprintUserMessages: [KiteMusicSequencer_C_0] 다음 BGM : 동방영야초_2면_테마곡__야작의_가성___Night_Bird_SubMusic
[2018.12.26-09.47.19:047][  0]LogLoad: Took 9.639058 seconds to LoadMap(/Game/Maps/Map_LostBambooForest)
[2018.12.26-09.47.19:230][  0]LogSlate: Took 0.170195 seconds to synchronously load lazily loaded font '../../../Engine/Content/Slate/Fonts/DroidSansFallback.ttf' (3848K)
[2018.12.26-09.47.20:029][  0]LogRenderer: Reallocating scene render targets to support 1280x720 Format 10 NumSamples 1 (Frame:1).
[2018.12.26-09.47.20:029][  0]LogLoad: (Engine Initialization) Total time: 67.92 seconds
[2018.12.26-09.47.20:029][  0]LogLoad: (Engine Initialization) Total Blueprint compile time: 0.00 seconds
[2018.12.26-09.47.20:162][  0]LogWindowsTextInputMethodSystem: Display: IME system now activated using TSF (Microsoft 입력기).
[2018.12.26-09.47.20:263][  0]LogContentStreaming: Texture pool size now 1000 MB
[2018.12.26-09.47.28:524][296]LogAudio: Warning: Waited 72.057312ms for audio thread.
[2018.12.26-09.47.28:560][296]LogAudio: Warning: Waited 108.378120ms for audio thread.
[2018.12.26-09.47.28:595][296]LogAudio: Warning: Waited 144.864059ms for audio thread.
[2018.12.26-09.47.28:631][296]LogAudio: Warning: Waited 180.030502ms for audio thread.
[2018.12.26-09.47.28:667][296]LogAudio: Warning: Waited 215.928970ms for audio thread.
[2018.12.26-09.47.28:703][296]LogAudio: Warning: Waited 251.567520ms for audio thread.
[2018.12.26-09.47.28:738][296]LogAudio: Warning: Waited 286.853638ms for audio thread.
[2018.12.26-09.47.28:774][296]LogAudio: Warning: Waited 322.224701ms for audio thread.
[2018.12.26-09.47.28:809][296]LogAudio: Warning: Waited 357.928833ms for audio thread.
[2018.12.26-09.47.28:845][296]LogAudio: Warning: Waited 393.632568ms for audio thread.
[2018.12.26-09.47.28:881][296]LogAudio: Warning: Waited 429.646790ms for audio thread.
[2018.12.26-09.47.28:916][296]LogAudio: Warning: Waited 465.086212ms for audio thread.
[2018.12.26-09.47.28:952][296]LogAudio: Warning: Waited 500.519348ms for audio thread.
[2018.12.26-09.47.28:989][296]LogAudio: Warning: Waited 536.662354ms for audio thread.
[2018.12.26-09.47.29:025][296]LogAudio: Warning: Waited 573.733765ms for audio thread.
[2018.12.26-09.47.29:062][296]LogAudio: Warning: Waited 610.975891ms for audio thread.
[2018.12.26-09.47.29:097][296]LogAudio: Warning: Waited 645.855042ms for audio thread.
[2018.12.26-09.47.29:133][296]LogAudio: Warning: Waited 681.565125ms for audio thread.
[2018.12.26-09.47.29:169][296]LogAudio: Warning: Waited 717.217834ms for audio thread.
[2018.12.26-09.47.29:204][296]LogAudio: Warning: Waited 752.214417ms for audio thread.
[2018.12.26-09.47.29:239][296]LogAudio: Warning: Waited 787.921326ms for audio thread.
[2018.12.26-09.47.29:275][296]LogAudio: Warning: Waited 823.198730ms for audio thread.
[2018.12.26-09.47.29:310][296]LogAudio: Warning: Waited 858.688354ms for audio thread.
[2018.12.26-09.47.29:345][296]LogAudio: Warning: Waited 894.067261ms for audio thread.
[2018.12.26-09.47.29:381][296]LogAudio: Warning: Waited 929.946045ms for audio thread.
[2018.12.26-09.47.29:417][296]LogAudio: Warning: Waited 965.849609ms for audio thread.
[2018.12.26-09.47.29:453][296]LogAudio: Warning: Waited 1001.875427ms for audio thread.
[2018.12.26-09.47.29:490][296]LogAudio: Warning: Waited 1039.508057ms for audio thread.
[2018.12.26-09.47.29:528][296]LogAudio: Warning: Waited 1077.532837ms for audio thread.
[2018.12.26-09.47.29:566][296]LogAudio: Warning: Waited 1113.650146ms for audio thread.
[2018.12.26-09.47.29:601][296]LogAudio: Warning: Waited 1150.018433ms for audio thread.
[2018.12.26-09.47.29:637][296]LogAudio: Warning: Waited 1185.915405ms for audio thread.
[2018.12.26-09.47.29:673][296]LogAudio: Warning: Waited 1221.641602ms for audio thread.
[2018.12.26-09.47.29:708][296]LogAudio: Warning: Waited 1256.875122ms for audio thread.
[2018.12.26-09.47.29:744][296]LogAudio: Warning: Waited 1292.500244ms for audio thread.
[2018.12.26-09.47.29:779][296]LogAudio: Warning: Waited 1327.736938ms for audio thread.
[2018.12.26-09.47.29:793][296]LogAudio: Warning: Waited 1341.932739ms for audio thread.
[2018.12.26-09.47.36:591][580]LogSlate: FSceneViewport::OnFocusLost() reason 0
[2018.12.26-09.47.37:534][623]LogSlate: FSceneViewport::OnFocusLost() reason 0
[2018.12.26-09.47.39:816][714]LogAudio: Warning: Waited 71.276276ms for audio thread.
[2018.12.26-09.47.39:852][714]LogAudio: Warning: Waited 106.934166ms for audio thread.
[2018.12.26-09.47.39:865][714]LogAudio: Warning: Waited 121.494568ms for audio thread.
[2018.12.26-09.47.39:946][716]LogAudio: Warning: Waited 39.559917ms for audio thread.
[2018.12.26-09.47.41:789][792]LogBlueprintUserMessages: [BP_FBFGameInstance_C_0] 새 게임을 진행합니다.
[2018.12.26-09.47.41:814][793]LogBlueprintUserMessages: [KiteMusicSequencer_C_0] 현재 BGM : 동방영야초_2면_테마곡__야작의_가성___Night_Bird_SubMusic
[2018.12.26-09.47.41:832][794]LogBlueprintUserMessages: [KiteMusicSequencer_C_0] Hello
[2018.12.26-09.47.41:832][794]LogBlueprintUserMessages: [KiteMusicSequencer_C_0] 현재 BGM : 동방영야초_레이센_우돈게인_이나바_테마곡__광기의_눈동자___Invisible_Full_Moon_SubMusic
[2018.12.26-09.47.46:034][838]LogAudio: Warning: Waited 69.718941ms for audio thread.
[2018.12.26-09.47.46:070][838]LogAudio: Warning: Waited 105.651009ms for audio thread.
[2018.12.26-09.47.46:106][838]LogAudio: Warning: Waited 142.050430ms for audio thread.
[2018.12.26-09.47.46:142][838]LogAudio: Warning: Waited 177.481552ms for audio thread.
[2018.12.26-09.47.46:178][838]LogAudio: Warning: Waited 213.365021ms for audio thread.
[2018.12.26-09.47.46:214][838]LogAudio: Warning: Waited 249.267059ms for audio thread.
[2018.12.26-09.47.46:250][838]LogAudio: Warning: Waited 285.205841ms for audio thread.
[2018.12.26-09.47.46:287][838]LogAudio: Warning: Waited 323.710938ms for audio thread.
[2018.12.26-09.47.46:323][838]LogAudio: Warning: Waited 359.053589ms for audio thread.
[2018.12.26-09.47.46:359][838]LogAudio: Warning: Waited 394.958374ms for audio thread.
[2018.12.26-09.47.46:395][838]LogAudio: Warning: Waited 430.856842ms for audio thread.
[2018.12.26-09.47.46:431][838]LogAudio: Warning: Waited 467.100220ms for audio thread.
[2018.12.26-09.47.46:467][838]LogAudio: Warning: Waited 502.677155ms for audio thread.
[2018.12.26-09.47.46:503][838]LogAudio: Warning: Waited 538.607605ms for audio thread.
[2018.12.26-09.47.46:539][838]LogAudio: Warning: Waited 574.484741ms for audio thread.
[2018.12.26-09.47.46:575][838]LogAudio: Warning: Waited 610.508057ms for audio thread.
[2018.12.26-09.47.46:610][838]LogAudio: Warning: Waited 645.501892ms for audio thread.
[2018.12.26-09.47.46:646][838]LogAudio: Warning: Waited 681.379028ms for audio thread.
[2018.12.26-09.47.46:681][838]LogAudio: Warning: Waited 716.801453ms for audio thread.
[2018.12.26-09.47.46:717][838]LogAudio: Warning: Waited 752.770691ms for audio thread.
[2018.12.26-09.47.46:753][838]LogAudio: Warning: Waited 788.142151ms for audio thread.
[2018.12.26-09.47.46:789][838]LogAudio: Warning: Waited 824.106567ms for audio thread.
[2018.12.26-09.47.46:790][838]LogAudio: Warning: Waited 825.967712ms for audio thread.
[2018.12.26-09.47.47:701][872]LogAudio: Warning: Waited 71.177116ms for audio thread.
[2018.12.26-09.47.47:736][872]LogAudio: Warning: Waited 107.073624ms for audio thread.
[2018.12.26-09.47.47:772][872]LogAudio: Warning: Waited 143.011215ms for audio thread.
[2018.12.26-09.47.47:808][872]LogAudio: Warning: Waited 178.888763ms for audio thread.
[2018.12.26-09.47.47:811][872]LogAudio: Warning: Waited 182.449463ms for audio thread.
[2018.12.26-09.47.47:852][873]LogScript: Warning: Script Msg: Divide by zero detected: 0.000000 / 0
Script call stack:
	Function /Game/ParagonPhase/Characters/Heroes/Phase/Phase_AnimBlueprint.Phase_AnimBlueprint_C:BlueprintUpdateAnimation
	Function /Game/ParagonPhase/Characters/Heroes/Phase/Phase_AnimBlueprint.Phase_AnimBlueprint_C:ExecuteUbergraph_Phase_AnimBlueprint

[2018.12.26-09.47.47:881][873]LogScript: Warning: Script Msg: Divide by zero detected: 179.999969 / 0
Script call stack:
	Function /Game/ParagonGideon/Characters/Heroes/Gideon/Gideon_AnimBlueprint.Gideon_AnimBlueprint_C:BlueprintUpdateAnimation
	Function /Game/ParagonGideon/Characters/Heroes/Gideon/Gideon_AnimBlueprint.Gideon_AnimBlueprint_C:ExecuteUbergraph_Gideon_AnimBlueprint

[2018.12.26-09.47.47:953][873]LogBlueprintUserMessages: [Map_LostBambooForest_C_14] Success
[2018.12.26-09.47.47:960][873]LogBlueprintUserMessages: [Phase1_C_4] Hello
[2018.12.26-09.47.47:960][873]LogBlueprintUserMessages: [Phase1_C_4] true
[2018.12.26-09.47.48:012][873]LogSlate: Took 0.027551 seconds to synchronously load lazily loaded font '../../../Engine/Content/Slate/Fonts/Roboto-Regular.ttf' (155K)
[2018.12.26-09.47.48:055][874]LogBlueprintUserMessages: [BP_FBFEnemyCharacter_C_0] UseSkill6
[2018.12.26-09.47.54:157][888]LogParticles: Warning: Particle Notify: Particle system is null for particle notify 'PlayParticleEffect' in anim: '/Game/ParagonPhase/Characters/Heroes/Phase/Animations/LevelStart_Montage.LevelStart_Montage'
[2018.12.26-09.47.54:394][894]LogAudio: Warning: Waited 70.258987ms for audio thread.
[2018.12.26-09.47.54:430][894]LogAudio: Warning: Waited 106.345131ms for audio thread.
[2018.12.26-09.47.54:466][894]LogAudio: Warning: Waited 142.033447ms for audio thread.
[2018.12.26-09.47.54:503][894]LogAudio: Warning: Waited 179.735779ms for audio thread.
[2018.12.26-09.47.54:539][894]LogAudio: Warning: Waited 215.844040ms for audio thread.
[2018.12.26-09.47.54:575][894]LogAudio: Warning: Waited 251.800598ms for audio thread.
[2018.12.26-09.47.54:611][894]LogAudio: Warning: Waited 287.725159ms for audio thread.
[2018.12.26-09.47.54:647][894]LogAudio: Warning: Waited 323.690399ms for audio thread.
[2018.12.26-09.47.54:683][894]LogAudio: Warning: Waited 359.523285ms for audio thread.
[2018.12.26-09.47.54:719][894]LogAudio: Warning: Waited 395.515411ms for audio thread.
[2018.12.26-09.47.54:755][894]LogAudio: Warning: Waited 431.530060ms for audio thread.
[2018.12.26-09.47.54:791][894]LogAudio: Warning: Waited 467.409576ms for audio thread.
[2018.12.26-09.47.54:827][894]LogAudio: Warning: Waited 503.325470ms for audio thread.
[2018.12.26-09.47.54:863][894]LogAudio: Warning: Waited 539.200623ms for audio thread.
[2018.12.26-09.47.54:899][894]LogAudio: Warning: Waited 575.206177ms for audio thread.
[2018.12.26-09.47.54:934][894]LogAudio: Warning: Waited 611.122009ms for audio thread.
[2018.12.26-09.47.54:970][894]LogAudio: Warning: Waited 647.027222ms for audio thread.
[2018.12.26-09.47.55:006][894]LogAudio: Warning: Waited 683.054871ms for audio thread.
[2018.12.26-09.47.55:041][894]LogAudio: Warning: Waited 718.007996ms for audio thread.
[2018.12.26-09.47.55:077][894]LogAudio: Warning: Waited 753.901733ms for audio thread.
[2018.12.26-09.47.55:113][894]LogAudio: Warning: Waited 789.892700ms for audio thread.
[2018.12.26-09.47.55:149][894]LogAudio: Warning: Waited 825.600342ms for audio thread.
[2018.12.26-09.47.55:185][894]LogAudio: Warning: Waited 861.914063ms for audio thread.
[2018.12.26-09.47.55:221][894]LogAudio: Warning: Waited 897.146423ms for audio thread.
[2018.12.26-09.47.55:257][894]LogAudio: Warning: Waited 933.174500ms for audio thread.
[2018.12.26-09.47.55:292][894]LogAudio: Warning: Waited 969.290649ms for audio thread.
[2018.12.26-09.47.55:328][894]LogAudio: Warning: Waited 1004.917725ms for audio thread.
[2018.12.26-09.47.55:364][894]LogAudio: Warning: Waited 1041.327026ms for audio thread.
[2018.12.26-09.47.55:400][894]LogAudio: Warning: Waited 1076.749146ms for audio thread.
[2018.12.26-09.47.55:437][894]LogAudio: Warning: Waited 1113.583496ms for audio thread.
[2018.12.26-09.47.55:437][894]LogAudio: Warning: Waited 1114.233398ms for audio thread.
[2018.12.26-09.47.57:749][944]LogBlueprintUserMessages: [BP_FBFEnemyCharacter_C_0] UseSkill2
[2018.12.26-09.47.57:749][944]LogBlueprintUserMessages: [ESkill_Special2_C_0] Casting SpreadSpell
[2018.12.26-09.47.59:684][996]LogCharacterMovement: Warning: GetSimulationTimeStep() - Max iterations 8 hit while remaining time 0.061362 > MaxSimulationTimeStep (0.050) for 'BP_FBFPlayableCharacter_C_0', movement 'Walking'
[2018.12.26-09.48.02:794][104]LogBlueprintUserMessages: [BP_FBFEnemyCharacter_C_0] UseSkill4
[2018.12.26-09.48.04:214][143]LogAudio: Warning: Waited 71.602203ms for audio thread.
[2018.12.26-09.48.04:249][143]LogAudio: Warning: Waited 107.365173ms for audio thread.
[2018.12.26-09.48.04:285][143]LogAudio: Warning: Waited 143.325287ms for audio thread.
[2018.12.26-09.48.04:321][143]LogAudio: Warning: Waited 178.814484ms for audio thread.
[2018.12.26-09.48.04:356][143]LogAudio: Warning: Waited 213.812637ms for audio thread.
[2018.12.26-09.48.04:391][143]LogAudio: Warning: Waited 248.743210ms for audio thread.
[2018.12.26-09.48.04:426][143]LogAudio: Warning: Waited 284.237549ms for audio thread.
[2018.12.26-09.48.04:462][143]LogAudio: Warning: Waited 320.222137ms for audio thread.
[2018.12.26-09.48.04:498][143]LogAudio: Warning: Waited 356.066101ms for audio thread.
[2018.12.26-09.48.04:520][143]LogAudio: Warning: Waited 378.719360ms for audio thread.
[2018.12.26-09.48.07:540][191]LogBlueprintUserMessages: [W_Setting] 게임정지
[2018.12.26-09.48.10:363][228]LogBlueprintUserMessages: [BP_FBFEnemyCharacter_C_0] UseSkill4
[2018.12.26-09.48.11:996][278]LogAudio: Warning: Waited 70.872131ms for audio thread.
[2018.12.26-09.48.12:031][278]LogAudio: Warning: Waited 106.322212ms for audio thread.
[2018.12.26-09.48.12:067][278]LogAudio: Warning: Waited 141.871063ms for audio thread.
[2018.12.26-09.48.12:103][278]LogAudio: Warning: Waited 177.920456ms for audio thread.
[2018.12.26-09.48.12:139][278]LogAudio: Warning: Waited 213.854111ms for audio thread.
[2018.12.26-09.48.12:174][278]LogAudio: Warning: Waited 248.905182ms for audio thread.
[2018.12.26-09.48.12:210][278]LogAudio: Warning: Waited 284.892181ms for audio thread.
[2018.12.26-09.48.12:245][278]LogAudio: Warning: Waited 319.983551ms for audio thread.
[2018.12.26-09.48.12:281][278]LogAudio: Warning: Waited 355.720825ms for audio thread.
[2018.12.26-09.48.12:316][278]LogAudio: Warning: Waited 391.250732ms for audio thread.
[2018.12.26-09.48.12:352][278]LogAudio: Warning: Waited 426.764435ms for audio thread.
[2018.12.26-09.48.12:388][278]LogAudio: Warning: Waited 462.664093ms for audio thread.
[2018.12.26-09.48.12:401][278]LogAudio: Warning: Waited 476.186676ms for audio thread.
[2018.12.26-09.48.12:976][297]LogSlate: Window 'FujiwaraBattleField (64-bit Development PCD3D_SM5) ' being destroyed
[2018.12.26-09.48.12:994][297]LogWindowsTextInputMethodSystem: Display: IME system now activated using TSF (Microsoft 입력기).
[2018.12.26-09.48.13:044][297]LogSlate: Updating window title bar state: overlay mode, drag disabled, window buttons hidden, title bar hidden
[2018.12.26-09.48.13:044][297]LogEngine: All Windows Closed
[2018.12.26-09.48.13:044][297]LogWindows: FPlatformMisc::RequestExit(0)
[2018.12.26-09.48.13:100][298]LogAudio: Warning: Waited 37.592903ms for audio thread.
[2018.12.26-09.48.13:136][298]LogAudio: Warning: Waited 73.238937ms for audio thread.
[2018.12.26-09.48.13:173][298]LogAudio: Warning: Waited 110.145226ms for audio thread.
[2018.12.26-09.48.13:208][298]LogAudio: Warning: Waited 145.483505ms for audio thread.
[2018.12.26-09.48.13:816][298]LogExit: Preparing to exit.
[2018.12.26-09.48.13:816][298]LogMoviePlayer: Shutting down movie player
[2018.12.26-09.48.15:296][298]LogSlate: Updating window title bar state: overlay mode, drag disabled, window buttons hidden, title bar hidden
[2018.12.26-09.48.15:395][298]LogExit: Game engine shut down
[2018.12.26-09.48.16:116][298]LogExit: Object subsystem successfully closed.
[2018.12.26-09.48.16:354][298]LogShaderCompilers: Display: Shaders left to compile 0
[2018.12.26-09.48.16:413][298]LogD3D11RHI: Shutdown
[2018.12.26-09.48.16:413][298]LogD3D11RHI: CleanupD3DDevice
[2018.12.26-09.48.16:438][298]LogD3D11RHI: ~FD3D11DynamicRHI
[2018.12.26-09.48.16:586][298]LogModuleManager: Shutting down and abandoning module SequenceRecorderSections (378)
[2018.12.26-09.48.16:586][298]LogModuleManager: Shutting down and abandoning module SequenceRecorder (376)
[2018.12.26-09.48.16:586][298]LogModuleManager: Shutting down and abandoning module AutomationController (374)
[2018.12.26-09.48.16:588][298]LogModuleManager: Shutting down and abandoning module AutomationWorker (372)
[2018.12.26-09.48.16:588][298]LogModuleManager: Shutting down and abandoning module Voice (370)
[2018.12.26-09.48.16:588][298]LogModuleManager: Shutting down and abandoning module AIModule (368)
[2018.12.26-09.48.16:589][298]LogModuleManager: Shutting down and abandoning module GameplayDebugger (367)
[2018.12.26-09.48.16:589][298]LogModuleManager: Shutting down and abandoning module AITestSuite (365)
[2018.12.26-09.48.16:590][298]LogModuleManager: Shutting down and abandoning module NavigationSystem (363)
[2018.12.26-09.48.16:590][298]LogModuleManager: Shutting down and abandoning module WmfMediaFactory (360)
[2018.12.26-09.48.16:590][298]LogModuleManager: Shutting down and abandoning module OpenExrWrapper (358)
[2018.12.26-09.48.16:590][298]LogModuleManager: Shutting down and abandoning module ImgMediaFactory (356)
[2018.12.26-09.48.16:590][298]LogModuleManager: Shutting down and abandoning module AvfMediaFactory (354)
[2018.12.26-09.48.16:590][298]LogModuleManager: Shutting down and abandoning module MagicLeapCameraPreviewFactory (352)
[2018.12.26-09.48.16:590][298]LogModuleManager: Shutting down and abandoning module MagicLeapMediaFactory (350)
[2018.12.26-09.48.16:590][298]LogModuleManager: Shutting down and abandoning module CharacterAI (348)
[2018.12.26-09.48.16:590][298]LogModuleManager: Shutting down and abandoning module SessionServices (346)
[2018.12.26-09.48.16:590][298]LogModuleManager: Shutting down and abandoning module MovieSceneCapture (344)
[2018.12.26-09.48.16:591][298]LogModuleManager: Shutting down and abandoning module MovieSceneTracks (342)
[2018.12.26-09.48.16:591][298]LogModuleManager: Shutting down and abandoning module MovieScene (340)
[2018.12.26-09.48.16:591][298]LogModuleManager: Shutting down and abandoning module StreamingPauseRendering (338)
[2018.12.26-09.48.16:591][298]LogModuleManager: Shutting down and abandoning module PortalServices (336)
[2018.12.26-09.48.16:591][298]LogModuleManager: Shutting down and abandoning module PortalRpc (334)
[2018.12.26-09.48.16:591][298]LogModuleManager: Shutting down and abandoning module MessagingRpc (332)
[2018.12.26-09.48.16:591][298]LogModuleManager: Shutting down and abandoning module ProfilerService (330)
[2018.12.26-09.48.16:734][298]LogModuleManager: Shutting down and abandoning module TaskGraph (328)
[2018.12.26-09.48.16:736][298]LogModuleManager: Shutting down and abandoning module SteamVRController (326)
[2018.12.26-09.48.16:736][298]LogModuleManager: Shutting down and abandoning module ProceduralMeshComponent (324)
[2018.12.26-09.48.16:736][298]LogModuleManager: Shutting down and abandoning module OculusInput (322)
[2018.12.26-09.48.16:736][298]LogModuleManager: Shutting down and abandoning module MobilePatchingUtils (320)
[2018.12.26-09.48.16:736][298]LogModuleManager: Shutting down and abandoning module EditableMesh (318)
[2018.12.26-09.48.16:737][298]LogModuleManager: Shutting down and abandoning module CustomMeshComponent (316)
[2018.12.26-09.48.16:737][298]LogModuleManager: Shutting down and abandoning module CableComponent (314)
[2018.12.26-09.48.16:737][298]LogModuleManager: Shutting down and abandoning module AudioCapture (312)
[2018.12.26-09.48.16:737][298]LogModuleManager: Shutting down and abandoning module ArchVisCharacter (310)
[2018.12.26-09.48.16:737][298]LogModuleManager: Shutting down and abandoning module AndroidPermission (308)
[2018.12.26-09.48.16:737][298]LogModuleManager: Shutting down and abandoning module NUTUnrealEngine4 (306)
[2018.12.26-09.48.16:737][298]LogModuleManager: Shutting down and abandoning module NetcodeUnitTest (304)
[2018.12.26-09.48.16:740][298]LogModuleManager: Shutting down and abandoning module MediaCompositing (302)
[2018.12.26-09.48.16:740][298]LogModuleManager: Shutting down and abandoning module LinearTimecode (300)
[2018.12.26-09.48.16:740][298]LogModuleManager: Shutting down and abandoning module ImgMedia (298)
[2018.12.26-09.48.16:754][298]LogModuleManager: Shutting down and abandoning module HTML5Networking (296)
[2018.12.26-09.48.16:754][298]LogModuleManager: Shutting down and abandoning module GeometryCacheTracks (294)
[2018.12.26-09.48.16:754][298]LogModuleManager: Shutting down and abandoning module GeometryCacheSequencer (293)
[2018.12.26-09.48.16:755][298]LogModuleManager: Shutting down and abandoning module GeometryCache (290)
[2018.12.26-09.48.16:755][298]LogModuleManager: Shutting down and abandoning module GeometryCacheEd (289)
[2018.12.26-09.48.16:755][298]LogModuleManager: Shutting down and abandoning module BackChannel (286)
[2018.12.26-09.48.16:756][298]LogModuleManager: Shutting down and abandoning module AppleVision (284)
[2018.12.26-09.48.16:756][298]LogModuleManager: Shutting down and abandoning module AppleImageUtils (282)
[2018.12.26-09.48.16:756][298]LogModuleManager: Shutting down and abandoning module DatasmithContent (280)
[2018.12.26-09.48.16:761][298]LogModuleManager: Shutting down and abandoning module CryptoKeysOpenSSL (278)
[2018.12.26-09.48.16:762][298]LogModuleManager: Shutting down and abandoning module CryptoKeys (276)
[2018.12.26-09.48.16:762][298]LogModuleManager: Shutting down and abandoning module VisualStudioSourceCodeAccess (274)
[2018.12.26-09.48.16:762][298]LogModuleManager: Shutting down and abandoning module HotReload (273)
[2018.12.26-09.48.16:765][298]LogModuleManager: Shutting down and abandoning module DirectoryWatcher (272)
[2018.12.26-09.48.16:766][298]LogModuleManager: Shutting down and abandoning module VisualStudioCodeSourceCodeAccess (268)
[2018.12.26-09.48.16:766][298]LogModuleManager: Shutting down and abandoning module UObjectPlugin (266)
[2018.12.26-09.48.16:766][298]LogModuleManager: Shutting down and abandoning module SubversionSourceControl (264)
[2018.12.26-09.48.16:768][298]LogModuleManager: Shutting down and abandoning module PerforceSourceControl (262)
[2018.12.26-09.48.16:774][298]LogModuleManager: Shutting down and abandoning module SourceControl (261)
[2018.12.26-09.48.16:776][298]LogModuleManager: Shutting down and abandoning module CLionSourceCodeAccess (258)
[2018.12.26-09.48.16:777][298]LogModuleManager: Shutting down and abandoning module FujiwaraBattleField (256)
[2018.12.26-09.48.16:777][298]LogModuleManager: Shutting down and abandoning module RuntimePhysXCooking (254)
[2018.12.26-09.48.16:777][298]LogModuleManager: Shutting down and abandoning module PhysXVehiclesEditor (252)
[2018.12.26-09.48.16:779][298]LogModuleManager: Shutting down and abandoning module PhysXVehicles (250)
[2018.12.26-09.48.16:779][298]LogModuleManager: Shutting down and abandoning module LocationServicesBPLibrary (248)
[2018.12.26-09.48.16:779][298]LogModuleManager: Shutting down and abandoning module ImmediatePhysicsEditor (246)
[2018.12.26-09.48.16:779][298]LogModuleManager: Shutting down and abandoning module ImmediatePhysics (244)
[2018.12.26-09.48.16:779][298]LogModuleManager: Shutting down and abandoning module ActorSequence (242)
[2018.12.26-09.48.16:779][298]LogModuleManager: Shutting down and abandoning module UdpMessaging (240)
[2018.12.26-09.48.16:880][298]LogModuleManager: Shutting down and abandoning module TcpMessaging (238)
[2018.12.26-09.48.16:982][298]LogModuleManager: Shutting down and abandoning module MagicLeapAudio (236)
[2018.12.26-09.48.16:982][298]LogModuleManager: Shutting down and abandoning module GameplayTagsEditor (234)
[2018.12.26-09.48.16:983][298]LogModuleManager: Shutting down and abandoning module FacialAnimation (232)
[2018.12.26-09.48.16:983][298]LogModuleManager: Shutting down and abandoning module DataValidation (230)
[2018.12.26-09.48.16:983][298]LogModuleManager: Shutting down and abandoning module AssetManagerEditor (228)
[2018.12.26-09.48.16:985][298]LogModuleManager: Shutting down and abandoning module TreeMap (227)
[2018.12.26-09.48.16:985][298]LogModuleManager: Shutting down and abandoning module LightPropagationVolumeRuntime (224)
[2018.12.26-09.48.16:985][298]LogModuleManager: Shutting down and abandoning module AISupportModule (222)
[2018.12.26-09.48.16:985][298]LogModuleManager: Shutting down and abandoning module Paper2D (220)
[2018.12.26-09.48.16:985][298]LogModuleManager: Shutting down and abandoning module PIEPreviewDeviceProfileSelector (218)
[2018.12.26-09.48.16:985][298]LogModuleManager: Shutting down and abandoning module WindowsMoviePlayer (216)
[2018.12.26-09.48.16:986][298]LogModuleManager: Shutting down and abandoning module WmfMedia (214)
[2018.12.26-09.48.16:990][298]LogModuleManager: Shutting down and abandoning module Media (213)
[2018.12.26-09.48.16:998][298]LogModuleManager: Shutting down and abandoning module PacketHandler (210)
[2018.12.26-09.48.16:998][298]LogModuleManager: Shutting down and abandoning module ClothingSystemEditor (208)
[2018.12.26-09.48.16:998][298]LogModuleManager: Shutting down and abandoning module ClothingSystemRuntime (206)
[2018.12.26-09.48.16:998][298]LogModuleManager: Shutting down and abandoning module MediaAssets (204)
[2018.12.26-09.48.16:998][298]LogModuleManager: Shutting down and abandoning module Overlay (202)
[2018.12.26-09.48.16:998][298]LogModuleManager: Shutting down and abandoning module OverlayEditor (201)
[2018.12.26-09.48.16:999][298]LogModuleManager: Shutting down and abandoning module VREditor (198)
[2018.12.26-09.48.16:999][298]LogModuleManager: Shutting down and abandoning module StringTableEditor (196)
[2018.12.26-09.48.17:000][298]LogModuleManager: Shutting down and abandoning module GameplayTasksEditor (194)
[2018.12.26-09.48.17:000][298]LogModuleManager: Shutting down and abandoning module BehaviorTreeEditor (192)
[2018.12.26-09.48.17:002][298]LogModuleManager: Shutting down and abandoning module FunctionalTesting (190)
[2018.12.26-09.48.17:002][298]LogModuleManager: Shutting down and abandoning module CollisionAnalyzer (188)
[2018.12.26-09.48.17:004][298]LogModuleManager: Shutting down and abandoning module WorkspaceMenuStructure (187)
[2018.12.26-09.48.17:005][298]LogModuleManager: Shutting down and abandoning module UMG (184)
[2018.12.26-09.48.17:005][298]LogModuleManager: Shutting down and abandoning module UMGEditor (183)
[2018.12.26-09.48.17:008][298]LogModuleManager: Shutting down and abandoning module Sequencer (182)
[2018.12.26-09.48.17:011][298]LogModuleManager: Shutting down and abandoning module MessageLog (179)
[2018.12.26-09.48.17:013][298]LogModuleManager: Shutting down and abandoning module SlateReflector (174)
[2018.12.26-09.48.17:015][298]LogModuleManager: Shutting down and abandoning module Slate (172)
[2018.12.26-09.48.17:015][298]LogModuleManager: Shutting down and abandoning module EditorStyle (170)
[2018.12.26-09.48.17:026][298]LogModuleManager: Shutting down and abandoning module MRMesh (168)
[2018.12.26-09.48.17:026][298]LogModuleManager: Shutting down and abandoning module Messaging (166)
[2018.12.26-09.48.17:026][298]LogModuleManager: Shutting down and abandoning module SourceCodeAccess (164)
[2018.12.26-09.48.17:026][298]LogModuleManager: Shutting down and abandoning module HeadMountedDisplay (162)
[2018.12.26-09.48.17:027][298]LogModuleManager: Shutting down and abandoning module XAudio2 (160)
[2018.12.26-09.48.17:027][298]LogModuleManager: Shutting down and abandoning module Networking (158)
[2018.12.26-09.48.17:027][298]LogModuleManager: Shutting down and abandoning module Core (156)
[2018.12.26-09.48.17:027][298]LogModuleManager: Shutting down and abandoning module LevelSequence (154)
[2018.12.26-09.48.17:027][298]LogModuleManager: Shutting down and abandoning module KismetCompiler (152)
[2018.12.26-09.48.17:027][298]LogModuleManager: Shutting down and abandoning module MeshUtilities (150)
[2018.12.26-09.48.17:029][298]LogModuleManager: Shutting down and abandoning module MeshMergeUtilities (149)
[2018.12.26-09.48.17:031][298]LogModuleManager: Shutting down and abandoning module MeshReductionInterface (148)
[2018.12.26-09.48.17:031][298]LogModuleManager: Shutting down and abandoning module SimplygonSwarm (147)
[2018.12.26-09.48.17:032][298]LogModuleManager: Shutting down and abandoning module ProxyLODMeshReduction (145)
[2018.12.26-09.48.17:035][298]LogModuleManager: Shutting down and abandoning module SimplygonMeshReduction (143)
[2018.12.26-09.48.17:035][298]LogModuleManager: Shutting down and abandoning module QuadricMeshReduction (141)
[2018.12.26-09.48.17:036][298]LogModuleManager: Shutting down and abandoning module MaterialBaking (137)
[2018.12.26-09.48.17:036][298]LogModuleManager: Shutting down and abandoning module DerivedDataCache (132)
[2018.12.26-09.48.17:094][298]LogDerivedDataCache: Shutdown
[2018.12.26-09.48.17:094][298]LogModuleManager: Shutting down and abandoning module XGEController (130)
[2018.12.26-09.48.17:094][298]LogModuleManager: Shutting down and abandoning module TargetPlatform (128)
[2018.12.26-09.48.17:094][298]LogModuleManager: Shutting down and abandoning module VulkanShaderFormat (127)
[2018.12.26-09.48.17:095][298]LogModuleManager: Shutting down and abandoning module ShaderFormatVectorVM (125)
[2018.12.26-09.48.17:096][298]LogModuleManager: Shutting down and abandoning module ShaderFormatOpenGL (123)
[2018.12.26-09.48.17:096][298]LogModuleManager: Shutting down and abandoning module ShaderFormatD3D (121)
[2018.12.26-09.48.17:096][298]LogModuleManager: Shutting down and abandoning module MetalShaderFormat (119)
[2018.12.26-09.48.17:098][298]LogModuleManager: Shutting down and abandoning module TextureFormatUncompressed (117)
[2018.12.26-09.48.17:099][298]LogModuleManager: Shutting down and abandoning module TextureFormatPVR (115)
[2018.12.26-09.48.17:099][298]LogModuleManager: Shutting down and abandoning module TextureFormatDXT (113)
[2018.12.26-09.48.17:099][298]LogModuleManager: Shutting down and abandoning module TextureFormatIntelISPCTexComp (111)
[2018.12.26-09.48.17:101][298]LogModuleManager: Shutting down and abandoning module TextureFormatASTC (109)
[2018.12.26-09.48.17:101][298]LogModuleManager: Shutting down and abandoning module ImageWrapper (108)
[2018.12.26-09.48.17:101][298]LogModuleManager: Shutting down and abandoning module TextureFormatAndroid (105)
[2018.12.26-09.48.17:101][298]LogModuleManager: Shutting down and abandoning module AudioFormatOpus (103)
[2018.12.26-09.48.17:102][298]LogModuleManager: Shutting down and abandoning module AudioFormatOgg (101)
[2018.12.26-09.48.17:102][298]LogModuleManager: Shutting down and abandoning module AudioFormatADPCM (99)
[2018.12.26-09.48.17:102][298]LogModuleManager: Shutting down and abandoning module WindowsTargetPlatform (97)
[2018.12.26-09.48.17:102][298]LogModuleManager: Shutting down and abandoning module WindowsServerTargetPlatform (95)
[2018.12.26-09.48.17:103][298]LogModuleManager: Shutting down and abandoning module WindowsNoEditorTargetPlatform (93)
[2018.12.26-09.48.17:103][298]LogModuleManager: Shutting down and abandoning module WindowsClientTargetPlatform (91)
[2018.12.26-09.48.17:103][298]LogModuleManager: Shutting down and abandoning module InputCore (88)
[2018.12.26-09.48.17:103][298]LogModuleManager: Shutting down and abandoning module Settings (86)
[2018.12.26-09.48.17:103][298]LogModuleManager: Shutting down and abandoning module PhysXCooking (84)
[2018.12.26-09.48.17:103][298]LogModuleManager: Shutting down and abandoning module SteamVR (82)
[2018.12.26-09.48.17:104][298]LogModuleManager: Shutting down and abandoning module OculusHMD (80)
[2018.12.26-09.48.17:104][298]LogModuleManager: Shutting down and abandoning module ExampleDeviceProfileSelector (78)
[2018.12.26-09.48.17:104][298]LogModuleManager: Shutting down and abandoning module LauncherChunkInstaller (76)
[2018.12.26-09.48.17:104][298]LogModuleManager: Shutting down and abandoning module OnlineBlueprintSupport (74)
[2018.12.26-09.48.17:104][298]LogModuleManager: Shutting down and abandoning module OnlineSubsystem (70)
[2018.12.26-09.48.17:107][298]LogModuleManager: Shutting down and abandoning module XMPP (65)
[2018.12.26-09.48.17:111][298]LogModuleManager: Shutting down and abandoning module WebSockets (64)
[2018.12.26-09.48.17:151][298]LogModuleManager: Shutting down and abandoning module HTTP (61)
[2018.12.26-09.48.17:171][298]LogModuleManager: Shutting down and abandoning module SSL (60)
[2018.12.26-09.48.17:177][298]LogModuleManager: Shutting down and abandoning module MagicLeapEmulator (56)
[2018.12.26-09.48.17:177][298]LogModuleManager: Shutting down and abandoning module MagicLeapPrivileges (54)
[2018.12.26-09.48.17:177][298]LogModuleManager: Shutting down and abandoning module MagicLeapIdentity (52)
[2018.12.26-09.48.17:177][298]LogModuleManager: Shutting down and abandoning module MagicLeapHelperVulkan (50)
[2018.12.26-09.48.17:177][298]LogModuleManager: Shutting down and abandoning module MagicLeapHelperOpenGL (48)
[2018.12.26-09.48.17:177][298]LogModuleManager: Shutting down and abandoning module MagicLeapSecureStorage (46)
[2018.12.26-09.48.17:178][298]LogModuleManager: Shutting down and abandoning module MagicLeapGestures (44)
[2018.12.26-09.48.17:178][298]LogModuleManager: Shutting down and abandoning module MagicLeapEyeTracker (42)
[2018.12.26-09.48.17:178][298]LogModuleManager: Shutting down and abandoning module MagicLeapController (40)
[2018.12.26-09.48.17:179][298]LogSlate: Slate User Destroyed.  User Index 0, Is Virtual User: 0
[2018.12.26-09.48.17:179][298]LogModuleManager: Shutting down and abandoning module MagicLeap (38)
[2018.12.26-09.48.17:180][298]LogModuleManager: Shutting down and abandoning module AnimationModifiers (36)
[2018.12.26-09.48.17:183][298]LogModuleManager: Shutting down and abandoning module PropertyEditor (35)
[2018.12.26-09.48.17:184][298]LogModuleManager: Shutting down and abandoning module AudioEditor (32)
[2018.12.26-09.48.17:184][298]LogModuleManager: Shutting down and abandoning module TextureCompressor (30)
[2018.12.26-09.48.17:189][298]LogModuleManager: Shutting down and abandoning module ShaderCore (28)
[2018.12.26-09.48.17:189][298]LogModuleManager: Shutting down and abandoning module Landscape (26)
[2018.12.26-09.48.17:189][298]LogModuleManager: Shutting down and abandoning module SlateRHIRenderer (24)
[2018.12.26-09.48.17:191][298]LogModuleManager: Shutting down and abandoning module OpenGLDrv (22)
[2018.12.26-09.48.17:192][298]LogModuleManager: Shutting down and abandoning module D3D11RHI (20)
[2018.12.26-09.48.17:192][298]LogModuleManager: Shutting down and abandoning module AnimGraphRuntime (18)
[2018.12.26-09.48.17:192][298]LogModuleManager: Shutting down and abandoning module Renderer (16)
[2018.12.26-09.48.17:192][298]LogModuleManager: Shutting down and abandoning module Engine (14)
[2018.12.26-09.48.17:192][298]LogModuleManager: Shutting down and abandoning module CoreUObject (12)
[2018.12.26-09.48.17:193][298]LogModuleManager: Shutting down and abandoning module NetworkFile (10)
[2018.12.26-09.48.17:193][298]LogModuleManager: Shutting down and abandoning module CookedIterativeFile (8)
[2018.12.26-09.48.17:193][298]LogModuleManager: Shutting down and abandoning module StreamingFile (6)
[2018.12.26-09.48.17:193][298]LogModuleManager: Shutting down and abandoning module SandboxFile (4)
[2018.12.26-09.48.17:194][298]LogModuleManager: Shutting down and abandoning module PakFile (2)
[2018.12.26-09.48.17:236][298]LogExit: Exiting.
[2018.12.26-09.48.17:240][298]Log file closed, 12/26/18 18:48:17
