Log file open, 11/26/18 23:13:16
LogWindows: Failed to load 'aqProf.dll' (GetLastError=126)
LogWindows: File 'aqProf.dll' does not exist
LogWindows: Failed to load 'VSPerf140.dll' (GetLastError=126)
LogWindows: File 'VSPerf140.dll' does not exist
LogWindows: Failed to load 'VtuneApi.dll' (GetLastError=126)
LogWindows: File 'VtuneApi.dll' does not exist
LogWindows: Failed to load 'VtuneApi32e.dll' (GetLastError=126)
LogWindows: File 'VtuneApi32e.dll' does not exist
LogInit: Display: Running engine for game: FujiwaraBattleField
LogPlatformFile: Not using cached read wrapper
LogTaskGraph: Started task graph with 5 named threads and 23 total threads with 3 sets of task threads.
LogStats: Stats thread started at 0.343277
LogD3D11RHI: Loaded GFSDK_Aftermath_Lib.x64.dll
LogWindows: Failed to load '../../../Engine/Binaries/ThirdParty/nvTextureTools/Win64/nvtt_64.dll' (GetLastError=193)
LogWindows:   Missing import: MSVCR120.dll
LogWindows:   Looked in: ../../../Engine/Binaries/Win64
LogWindows:   Looked in: C:/Users/cho1h/Documents/UE4STAG/FujiwaraBattleField/Binaries/Win64
LogWindows:   Looked in: C:\Users\cho1h\Documents\UE4STAG\FujiwaraBattleField\Binaries\Win64
LogICUInternationalization: Display: ICU TimeZone Detection - Raw Offset: +9:00, Platform Override: ''
LogPluginManager: Mounting plugin Paper2D
LogPluginManager: Mounting plugin AISupport
LogPluginManager: Mounting plugin LightPropagationVolume
LogPluginManager: Mounting plugin CLionSourceCodeAccess
LogPluginManager: Mounting plugin CodeLiteSourceCodeAccess
LogPluginManager: Mounting plugin GitSourceControl
LogPluginManager: Mounting plugin KDevelopSourceCodeAccess
LogPluginManager: Mounting plugin NullSourceCodeAccess
LogPluginManager: Mounting plugin PerforceSourceControl
LogPluginManager: Mounting plugin SubversionSourceControl
LogPluginManager: Mounting plugin UObjectPlugin
LogPluginManager: Mounting plugin VisualStudioCodeSourceCodeAccess
LogPluginManager: Mounting plugin VisualStudioSourceCodeAccess
LogPluginManager: Mounting plugin XCodeSourceCodeAccess
LogPluginManager: Mounting plugin AssetManagerEditor
LogPluginManager: Mounting plugin CryptoKeys
LogPluginManager: Mounting plugin DataValidation
LogPluginManager: Mounting plugin FacialAnimation
LogPluginManager: Mounting plugin GameplayTagsEditor
LogPluginManager: Mounting plugin MacGraphicsSwitching
LogPluginManager: Mounting plugin MeshEditor
LogPluginManager: Mounting plugin MobileLauncherProfileWizard
LogPluginManager: Mounting plugin PluginBrowser
LogPluginManager: Mounting plugin SpeedTreeImporter
LogPluginManager: Mounting plugin DatasmithContent
LogPluginManager: Mounting plugin AlembicImporter
LogPluginManager: Mounting plugin AppleImageUtils
LogPluginManager: Mounting plugin AppleVision
LogPluginManager: Mounting plugin BackChannel
LogPluginManager: Mounting plugin CharacterAI
LogPluginManager: Mounting plugin GeometryCache
LogPluginManager: Mounting plugin HTML5Networking
LogPluginManager: Mounting plugin ProxyLODPlugin
LogPluginManager: Mounting plugin MagicLeap
LogPluginManager: Mounting plugin MagicLeapEmulator
LogPluginManager: Mounting plugin MagicLeapMedia
LogPluginManager: Mounting plugin AndroidMedia
LogPluginManager: Mounting plugin AvfMedia
LogPluginManager: Mounting plugin ImgMedia
LogPluginManager: Mounting plugin LinearTimecode
LogPluginManager: Mounting plugin MediaCompositing
LogPluginManager: Mounting plugin MediaPlayerEditor
LogPluginManager: Mounting plugin WmfMedia
LogPluginManager: Mounting plugin TcpMessaging
LogPluginManager: Mounting plugin UdpMessaging
LogPluginManager: Mounting plugin ActorSequence
LogPluginManager: Mounting plugin LevelSequenceEditor
LogPluginManager: Mounting plugin MatineeToLevelSequence
LogPluginManager: Mounting plugin NetcodeUnitTest
LogPluginManager: Mounting plugin NUTUnrealEngine4
LogPluginManager: Mounting plugin OnlineSubsystemGooglePlay
LogPluginManager: Mounting plugin OnlineSubsystemIOS
LogPluginManager: Mounting plugin OnlineSubsystem
LogPluginManager: Mounting plugin OnlineSubsystemNull
LogPluginManager: Mounting plugin OnlineSubsystemUtils
LogPluginManager: Mounting plugin LauncherChunkInstaller
LogPluginManager: Mounting plugin AndroidDeviceProfileSelector
LogPluginManager: Mounting plugin AndroidMoviePlayer
LogPluginManager: Mounting plugin AndroidPermission
LogPluginManager: Mounting plugin AppleMoviePlayer
LogPluginManager: Mounting plugin ArchVisCharacter
LogPluginManager: Mounting plugin AudioCapture
LogPluginManager: Mounting plugin CableComponent
LogPluginManager: Mounting plugin CustomMeshComponent
LogPluginManager: Mounting plugin EditableMesh
LogPluginManager: Mounting plugin ExampleDeviceProfileSelector
LogPluginManager: Mounting plugin GoogleCloudMessaging
LogPluginManager: Mounting plugin ImmediatePhysics
LogPluginManager: Mounting plugin IOSDeviceProfileSelector
LogPluginManager: Mounting plugin LinuxDeviceProfileSelector
LogPluginManager: Mounting plugin LocationServicesBPLibrary
LogPluginManager: Mounting plugin MobilePatchingUtils
LogPluginManager: Mounting plugin OculusVR
LogPluginManager: Plugin shader directory ../../../Engine/Plugins/Runtime/Oculus/OculusVR/Shaders found
LogPluginManager: Mapping shader source directory ../../../Engine/Plugins/Runtime/Oculus/OculusVR/Shaders to virtual directory /Plugin/OculusVR
LogPluginManager: Mounting plugin PhysXVehicles
LogPluginManager: Mounting plugin ProceduralMeshComponent
LogPluginManager: Mounting plugin RuntimePhysXCooking
LogPluginManager: Mounting plugin SteamVR
LogPluginManager: Mounting plugin WindowsMoviePlayer
LogStreaming: Display: Took  0.159s to configure plugins.
LogInit: Using libcurl 7.55.1-DEV
LogInit:  - built for x86_64-pc-win32
LogInit:  - supports SSL with OpenSSL/1.0.2h
LogInit:  - supports HTTP deflate (compression) using libz 1.2.8
LogInit:  - other features:
LogInit:      CURL_VERSION_SSL
LogInit:      CURL_VERSION_LIBZ
LogInit:      CURL_VERSION_IPV6
LogInit:      CURL_VERSION_ASYNCHDNS
LogInit:      CURL_VERSION_LARGEFILE
LogInit:      CURL_VERSION_IDN
LogInit:  CurlRequestOptions (configurable via config and command line):
LogInit:  - bVerifyPeer = false  - Libcurl will NOT verify peer certificate
LogInit:  - bUseHttpProxy = false  - Libcurl will NOT use HTTP proxy
LogInit:  - bDontReuseConnections = false  - Libcurl will reuse connections
LogInit:  - CertBundlePath = nullptr  - Libcurl will use whatever was configured at build time.
LogInit:  - MaxHostConnections = 16  - Libcurl will limit the number of connections to a host
LogInit:  - LocalHostAddr = Default
LogInit:  - BufferSize = 65536
LogInit: WinSock: version 1.1 (2.2), MaxSocks=32767, MaxUdp=65467
LogInit: Build: ++UE4+Release-4.20-CL-4369336
LogInit: Engine Version: 4.20.3-4369336+++UE4+Release-4.20
LogInit: Compatible Engine Version: 4.20.0-4212847+++UE4+Release-4.20
LogInit: Net CL: 4212847
LogInit: OS: Windows 10 (), CPU: Intel(R) Core(TM) i7-8550U CPU @ 1.80GHz, GPU: Intel(R) UHD Graphics 620
LogInit: Compiled (64-bit): Sep 17 2018 12:26:19
LogInit: Compiled with Visual C++: 19.13.26129.00
LogInit: Build Configuration: Development
LogInit: Branch Name: ++UE4+Release-4.20
LogInit: Command Line: 
LogInit: Base Directory: D:/Unreal Engine4/Epic Games/UE_4.20/Engine/Binaries/Win64/
LogInit: Installed Engine Build: 1
LogDevObjectVersion: Number of dev versions registered: 20
LogDevObjectVersion:   Dev-Blueprints (B0D832E4-1F89-4F0D-ACCF-7EB736FD4AA2): 10
LogDevObjectVersion:   Dev-Build (E1C64328-A22C-4D53-A36C-8E866417BD8C): 0
LogDevObjectVersion:   Dev-Core (375EC13C-06E4-48FB-B500-84F0262A717E): 2
LogDevObjectVersion:   Dev-Editor (E4B068ED-F494-42E9-A231-DA0B2E46BB41): 24
LogDevObjectVersion:   Dev-Framework (CFFC743F-43B0-4480-9391-14DF171D2073): 34
LogDevObjectVersion:   Dev-Mobile (B02B49B5-BB20-44E9-A304-32B752E40360): 2
LogDevObjectVersion:   Dev-Networking (A4E4105C-59A1-49B5-A7C5-40C4547EDFEE): 0
LogDevObjectVersion:   Dev-Online (39C831C9-5AE6-47DC-9A44-9C173E1C8E7C): 0
LogDevObjectVersion:   Dev-Physics (78F01B33-EBEA-4F98-B9B4-84EACCB95AA2): 0
LogDevObjectVersion:   Dev-Platform (6631380F-2D4D-43E0-8009-CF276956A95A): 0
LogDevObjectVersion:   Dev-Rendering (12F88B9F-8875-4AFC-A67C-D90C383ABD29): 26
LogDevObjectVersion:   Dev-Sequencer (7B5AE74C-D270-4C10-A958-57980B212A5A): 9
LogDevObjectVersion:   Dev-VR (D7296918-1DD6-4BDD-9DE2-64A83CC13884): 2
LogDevObjectVersion:   Dev-LoadTimes (C2A15278-BFE7-4AFE-6C17-90FF531DF755): 1
LogDevObjectVersion:   Private-Geometry (6EACA3D4-40EC-4CC1-B786-8BED09428FC5): 3
LogDevObjectVersion:   Dev-AnimPhys (29E575DD-E0A3-4627-9D10-D276232CDCEA): 17
LogDevObjectVersion:   Dev-ReflectionCapture (6B266CEC-1EC7-4B8F-A30B-E4D90942FC07): 1
LogDevObjectVersion:   Dev-Automation (0DF73D61-A23F-47EA-B727-89E90C41499A): 1
LogDevObjectVersion:   FortniteMain (601D1886-AC64-4F84-AA16-D3DE0DEAC7D6): 12
LogDevObjectVersion:   Dev-Enterprise (9DFFBCD6-494F-0158-E221-12823C92A888): 1
LogStreaming: Display: Took  0.001s to delete old logs.
LogInit: Presizing for max 8388607 objects, including 0 objects not considered by GC, pre-allocating 0 bytes for permanent pool.
LogInit: Object subsystem initialized
[2018.11.26-14.13.17:123][  0]LogInit: Selected Device Profile: [Windows]
[2018.11.26-14.13.17:123][  0]LogInit: Applying CVar settings loaded from the selected device profile: [Windows]
[2018.11.26-14.13.17:148][  0]LogHAL: Display: Platform has ~ 8 GB [8449830912 / 8589934592 / 8], which maps to Default [LargestMinGB=32, LargerMinGB=12, DefaultMinGB=8, SmallerMinGB=6, SmallestMinGB=0)
[2018.11.26-14.13.17:148][  0]LogInit: Setting Device Profile CVar: [[r.Vulkan.UseRealUBs:1]]
[2018.11.26-14.13.17:148][  0]LogInit: Going up to parent DeviceProfile []
[2018.11.26-14.13.17:148][  0]LogInit: Computer: DESKTOP-8CN6RMF
[2018.11.26-14.13.17:148][  0]LogInit: User: cho1h
[2018.11.26-14.13.17:148][  0]LogInit: CPU Page size=4096, Cores=4
[2018.11.26-14.13.17:148][  0]LogInit: High frequency timer resolution =1.945314 MHz
[2018.11.26-14.13.17:149][  0]LogMemory: Memory total: Physical=7.9GB (8GB approx)
[2018.11.26-14.13.17:149][  0]LogMemory: Platform Memory Stats for Windows
[2018.11.26-14.13.17:149][  0]LogMemory: Process Physical Memory: 100.19 MB used, 100.19 MB peak
[2018.11.26-14.13.17:149][  0]LogMemory: Process Virtual Memory: 91.14 MB used, 91.14 MB peak
[2018.11.26-14.13.17:149][  0]LogMemory: Physical Memory: 4237.25 MB used,  3821.14 MB free, 8058.39 MB total
[2018.11.26-14.13.17:149][  0]LogMemory: Virtual Memory: 4643.90 MB used,  3821.14 MB free, 134217728.00 MB total
[2018.11.26-14.13.17:171][  0]LogInit: Using OS detected language (ko-KR).
[2018.11.26-14.13.17:171][  0]LogInit: Using OS detected locale (ko-KR).
[2018.11.26-14.13.17:172][  0]LogTextLocalizationManager: No specific localization for 'ko-KR' exists, so the 'ko' localization will be used.
[2018.11.26-14.13.17:815][  0]LogStreaming: Display: Took  0.643s to InitEngineTextLocalization.
[2018.11.26-14.13.17:815][  0]LogInit: Setting process to per monitor DPI aware
[2018.11.26-14.13.17:879][  0]LogSlate: New Slate User Created.  User Index 0, Is Virtual User: 0
[2018.11.26-14.13.17:879][  0]LogSlate: Slate User Registered.  User Index 0, Is Virtual User: 0
[2018.11.26-14.13.18:222][  0]LogHMD: Failed to initialize OpenVR with code 110
[2018.11.26-14.13.18:222][  0]LogD3D11RHI: D3D11 adapters:
[2018.11.26-14.13.18:273][  0]LogD3D11RHI:    0. 'Intel(R) UHD Graphics 620' (Feature Level 11_0)
[2018.11.26-14.13.18:273][  0]LogD3D11RHI:       128/0/4029 MB DedicatedVideo/DedicatedSystem/SharedSystem, Outputs:2, VendorId:0x8086
[2018.11.26-14.13.18:276][  0]LogD3D11RHI:    1. 'Microsoft Basic Render Driver' (Feature Level 11_0)
[2018.11.26-14.13.18:276][  0]LogD3D11RHI:       0/0/4029 MB DedicatedVideo/DedicatedSystem/SharedSystem, Outputs:0, VendorId:0x1414
[2018.11.26-14.13.18:276][  0]LogD3D11RHI: Chosen D3D11 Adapter: 0
[2018.11.26-14.13.18:283][  0]LogD3D11RHI: Creating new Direct3DDevice
[2018.11.26-14.13.18:283][  0]LogD3D11RHI:     GPU DeviceId: 0x5917 (for the marketing name, search the web for "GPU Device Id")
[2018.11.26-14.13.18:283][  0]LogWindows: EnumDisplayDevices:
[2018.11.26-14.13.18:283][  0]LogWindows:    0. 'Intel(R) UHD Graphics 620' (P:1 D:1)
[2018.11.26-14.13.18:284][  0]LogWindows:    1. 'Intel(R) UHD Graphics 620' (P:0 D:1)
[2018.11.26-14.13.18:284][  0]LogWindows:    2. 'Intel(R) UHD Graphics 620' (P:0 D:0)
[2018.11.26-14.13.18:285][  0]LogWindows: DebugString: FoundDriverCount:3 
[2018.11.26-14.13.18:285][  0]LogD3D11RHI:     Adapter Name: Intel(R) UHD Graphics 620
[2018.11.26-14.13.18:285][  0]LogD3D11RHI:   Driver Version: 23.20.16.4973 (internal:23.20.16.4973, unified:23.20.16.4973)
[2018.11.26-14.13.18:285][  0]LogD3D11RHI:      Driver Date: 2-28-2018
[2018.11.26-14.13.18:285][  0]LogRHI: Texture pool is 1499 MB (70% of 2142 MB)
[2018.11.26-14.13.18:327][  0]LogD3D11RHI: Async texture creation enabled
[2018.11.26-14.13.18:338][  0]LogD3D11RHI: GPU Timing Frequency: 12.000048 (Debug: 2 0)
[2018.11.26-14.13.18:340][  0]LogShaderCompilers: Guid format shader working directory is -6 characters bigger than the processId version (C:/Users/cho1h/Documents/UE4STAG/FujiwaraBattleField/Intermediate/Shaders/WorkingDirectory/8852/).
[2018.11.26-14.13.18:341][  0]LogShaderCompilers: Cleaned the shader compiler working directory 'C:/Users/cho1h/AppData/Local/Temp/UnrealShaderWorkingDir/7CE7133B47878CD408A377B3B5B0A639/'.
[2018.11.26-14.13.18:800][  0]LogTemp: Display: Loaded TP AllDesktopTargetPlatform
[2018.11.26-14.13.18:822][  0]LogTemp: Display: Loaded TP MacClientTargetPlatform
[2018.11.26-14.13.18:844][  0]LogTemp: Display: Loaded TP MacNoEditorTargetPlatform
[2018.11.26-14.13.18:872][  0]LogTemp: Display: Loaded TP MacServerTargetPlatform
[2018.11.26-14.13.18:897][  0]LogTemp: Display: Loaded TP MacTargetPlatform
[2018.11.26-14.13.18:919][  0]LogTemp: Display: Loaded TP WindowsClientTargetPlatform
[2018.11.26-14.13.18:941][  0]LogTemp: Display: Loaded TP WindowsNoEditorTargetPlatform
[2018.11.26-14.13.18:968][  0]LogTemp: Display: Loaded TP WindowsServerTargetPlatform
[2018.11.26-14.13.18:979][  0]LogTemp: Display: Loaded TP WindowsTargetPlatform
[2018.11.26-14.13.19:139][  0]LogTemp: Display: Loaded TP AndroidTargetPlatform
[2018.11.26-14.13.19:139][  0]LogTemp: Display: Loaded TP AndroidTargetPlatform
[2018.11.26-14.13.19:139][  0]LogTemp: Display: Loaded TP AndroidTargetPlatform
[2018.11.26-14.13.19:139][  0]LogTemp: Display: Loaded TP AndroidTargetPlatform
[2018.11.26-14.13.19:139][  0]LogTemp: Display: Loaded TP AndroidTargetPlatform
[2018.11.26-14.13.19:139][  0]LogTemp: Display: Loaded TP AndroidTargetPlatform
[2018.11.26-14.13.19:139][  0]LogTemp: Display: Loaded TP AndroidTargetPlatform
[2018.11.26-14.13.19:139][  0]LogTemp: Display: Loaded TP AndroidTargetPlatform
[2018.11.26-14.13.19:139][  0]LogTemp: Display: Loaded TP AndroidTargetPlatform
[2018.11.26-14.13.19:139][  0]LogTemp: Display: Loaded TP AndroidTargetPlatform
[2018.11.26-14.13.19:139][  0]LogTemp: Display: Loaded TP AndroidTargetPlatform
[2018.11.26-14.13.19:139][  0]LogTemp: Display: Loaded TP AndroidTargetPlatform
[2018.11.26-14.13.19:139][  0]LogTemp: Display: Loaded TP AndroidTargetPlatform
[2018.11.26-14.13.19:139][  0]LogTemp: Display: Loaded TP AndroidTargetPlatform
[2018.11.26-14.13.19:139][  0]LogTemp: Display: Loaded TP AndroidTargetPlatform
[2018.11.26-14.13.19:139][  0]LogTemp: Display: Loaded TP AndroidTargetPlatform
[2018.11.26-14.13.19:139][  0]LogTemp: Display: Loaded TP AndroidTargetPlatform
[2018.11.26-14.13.19:140][  0]LogTemp: Display: Loaded TP AndroidTargetPlatform
[2018.11.26-14.13.19:141][  0]LogTemp: Display: Loaded TP HTML5TargetPlatform
[2018.11.26-14.13.19:227][  0]LogTemp: Display: Loaded TP IOSTargetPlatform
[2018.11.26-14.13.19:227][  0]LogTemp: Display: Loaded TP IOSTargetPlatform
[2018.11.26-14.13.19:272][  0]LogTemp: Display: Loaded TP TVOSTargetPlatform
[2018.11.26-14.13.19:272][  0]LogTemp: Display: Loaded TP TVOSTargetPlatform
[2018.11.26-14.13.19:295][  0]LogTemp: Display: Loaded TP LinuxClientTargetPlatform
[2018.11.26-14.13.19:317][  0]LogTemp: Display: Loaded TP LinuxNoEditorTargetPlatform
[2018.11.26-14.13.19:343][  0]LogTemp: Display: Loaded TP LinuxServerTargetPlatform
[2018.11.26-14.13.19:370][  0]LogTemp: Display: Loaded TP LinuxTargetPlatform
[2018.11.26-14.13.19:387][  0]LogTemp: Display: Loaded TP LuminTargetPlatform
[2018.11.26-14.13.19:387][  0]LogTargetPlatformManager: Display: Building Assets For Windows
[2018.11.26-14.13.19:464][  0]LogXGEController: Cannot use XGE Controller as Incredibuild is not installed on this machine.
[2018.11.26-14.13.19:464][  0]LogShaderCompilers: Cannot use XGE Shader Compiler as Incredibuild is not installed on this machine.
[2018.11.26-14.13.19:464][  0]LogShaderCompilers: Display: Using Local Shader Compiler.
[2018.11.26-14.13.20:691][  0]LogDerivedDataCache: Display: Max Cache Size: 512 MB
[2018.11.26-14.13.20:795][  0]LogDerivedDataCache: Loaded boot cache 0.10s 71MB C:/Users/cho1h/AppData/Local/UnrealEngine/4.20/DerivedDataCache/Boot.ddc.
[2018.11.26-14.13.20:797][  0]LogDerivedDataCache: Display: Loaded Boot cache: C:/Users/cho1h/AppData/Local/UnrealEngine/4.20/DerivedDataCache/Boot.ddc
[2018.11.26-14.13.20:797][  0]LogDerivedDataCache: FDerivedDataBackendGraph:  Pak pak cache file C:/Users/cho1h/Documents/UE4STAG/FujiwaraBattleField/DerivedDataCache/DDC.ddp not found, will not use a pak cache.
[2018.11.26-14.13.20:797][  0]LogDerivedDataCache: Unable to find inner node Pak for hierarchical cache Hierarchy.
[2018.11.26-14.13.20:797][  0]LogDerivedDataCache: FDerivedDataBackendGraph:  CompressedPak pak cache file C:/Users/cho1h/Documents/UE4STAG/FujiwaraBattleField/DerivedDataCache/Compressed.ddp not found, will not use a pak cache.
[2018.11.26-14.13.20:797][  0]LogDerivedDataCache: Unable to find inner node CompressedPak for hierarchical cache Hierarchy.
[2018.11.26-14.13.20:821][  0]LogDerivedDataCache: Display: Pak cache opened for reading ../../../Engine/DerivedDataCache/Compressed.ddp.
[2018.11.26-14.13.20:834][  0]LogDerivedDataCache: Using Local data cache path C:/Users/cho1h/AppData/Local/UnrealEngine/Common/DerivedDataCache: Writable
[2018.11.26-14.13.20:834][  0]LogDerivedDataCache: Shared data cache path not found in *engine.ini, will not use an Shared cache.
[2018.11.26-14.13.20:834][  0]LogDerivedDataCache: Unable to find inner node Shared for hierarchical cache Hierarchy.
[2018.11.26-14.13.20:866][  0]LogMaterial: Verifying Global Shaders for PCD3D_SM5
[2018.11.26-14.13.20:868][  0]LogSlate: Using FreeType 2.6.0
[2018.11.26-14.13.20:869][  0]LogSlate: SlateFontServices - WITH_FREETYPE: 1, WITH_HARFBUZZ: 1
[2018.11.26-14.13.20:982][  0]LogAssetRegistry: FAssetRegistry took 0.0302 seconds to start up
[2018.11.26-14.13.21:552][  0]LogInit: Selected Device Profile: [Windows]
[2018.11.26-14.13.21:771][  0]LogSimplygon: Simplygon DLL not present - disabling.
[2018.11.26-14.13.21:776][  0]LogMeshReduction: Using SimplygonSwarm for distributed automatic mesh merging
[2018.11.26-14.13.21:776][  0]LogMeshReduction: Using ProxyLODMeshReduction for automatic mesh merging
[2018.11.26-14.13.21:776][  0]LogMeshReduction: Using QuadricMeshReduction for automatic static mesh reduction
[2018.11.26-14.13.21:776][  0]LogMeshReduction: No automatic skeletal mesh reduction module available
[2018.11.26-14.13.21:813][  0]LogNetVersion: FujiwaraBattleField 1.0.0, NetCL: 4212847, EngineNetVer: 5, GameNetVer: 0 (Checksum: 1838566955)
[2018.11.26-14.13.22:621][  0]LogPackageLocalizationCache: Processed 11 localized package path(s) for 2 prioritized culture(s) in 0.143194 seconds
[2018.11.26-14.13.22:630][  0]LogUObjectArray: 38425 objects as part of root set at end of initial load.
[2018.11.26-14.13.22:630][  0]LogUObjectAllocator: 6690864 out of 0 bytes used by permanent object pool.
[2018.11.26-14.13.22:630][  0]LogUObjectArray: CloseDisregardForGC: 0/0 objects in disregard for GC pool
[2018.11.26-14.13.23:997][  0]LogTcpMessaging: Initializing TcpMessaging bridge
[2018.11.26-14.13.24:011][  0]LogUdpMessaging: Initializing bridge on interface 0.0.0.0:0 to multicast group 230.0.0.1:6666.
[2018.11.26-14.13.24:201][  0]SourceControl: 소스 컨트롤이 꺼졌습니다.
[2018.11.26-14.13.24:201][  0]SourceControl: 소스 컨트롤이 꺼졌습니다.
[2018.11.26-14.13.24:203][  0]SourceControl: 소스 컨트롤이 꺼졌습니다.
[2018.11.26-14.13.24:205][  0]SourceControl: 소스 컨트롤이 꺼졌습니다.
[2018.11.26-14.13.24:396][  0]LogAndroidPermission: UAndroidPermissionCallbackProxy::GetInstance
[2018.11.26-14.13.24:501][  0]LogOcInput: OculusInput pre-init called
[2018.11.26-14.13.24:588][  0]LogEngine: Initializing Engine...
[2018.11.26-14.13.24:589][  0]LogHMD: Failed to initialize OpenVR with code 110
[2018.11.26-14.13.24:591][  0]LogStats: UGameplayTagsManager::ConstructGameplayTagTree: ImportINI prefixes -  0.000 s
[2018.11.26-14.13.24:591][  0]LogStats: UGameplayTagsManager::ConstructGameplayTagTree: Construct from data asset -  0.000 s
[2018.11.26-14.13.24:591][  0]LogStats: UGameplayTagsManager::ConstructGameplayTagTree: ImportINI -  0.000 s
[2018.11.26-14.13.24:591][  0]LogStats: UGameplayTagsManager::ConstructGameplayTagTree: GameplayTagTreeChangedEvent.Broadcast -  0.000 s
[2018.11.26-14.13.24:952][  0]LogInit: Initializing FReadOnlyCVARCache
[2018.11.26-14.13.24:970][  0]LogAIModule: Creating AISystem for world Untitled
[2018.11.26-14.13.24:991][  0]LogInit: XAudio2 using 'T27B350(인텔(R) 디스플레이 오디오)' : 2 channels at 48 kHz using 16 bits per sample (channel mask 0x3)
[2018.11.26-14.13.25:025][  0]LogInit: FAudioDevice initialized.
[2018.11.26-14.13.25:025][  0]LogNetVersion: Set ProjectVersion to 1.0.0.0. Version Checksum will be recalculated on next use.
[2018.11.26-14.13.25:108][  0]LogDerivedDataCache: Saved boot cache 0.08s 71MB C:/Users/cho1h/AppData/Local/UnrealEngine/4.20/DerivedDataCache/Boot.ddc.
[2018.11.26-14.13.25:134][  0]LogInit: Texture streaming: Enabled
[2018.11.26-14.13.25:153][  0]LogEngineSessionManager: EngineSessionManager initialized
[2018.11.26-14.13.25:169][  0]LogInit: Transaction tracking system initialized
[2018.11.26-14.13.25:198][  0]BlueprintLog: New page: 에디터 로드
[2018.11.26-14.13.25:287][  0]LocalizationService: 현지화 서비스가 비활성화되었습니다.
[2018.11.26-14.13.25:356][  0]LogLinker: Warning: '/Game/TopDownBP/TopDownOverview' 파일을 찾을 수 없습니다.
[2018.11.26-14.13.25:356][  0]LogLinker: Warning: '/Game/TopDownBP/TopDownOverview' 파일을 찾을 수 없습니다.
[2018.11.26-14.13.25:357][  0]LogUObjectGlobals: Warning: 'Class /Game/TopDownBP/TopDownOverview.TopDownOverview_C' 오브젝트를 찾는 데 실패했습니다.
[2018.11.26-14.13.26:243][  0]LogCook: Display: Max memory allowance for cook 16384mb min free memory 0mb
[2018.11.26-14.13.26:243][  0]LogCook: Display: Mobile HDR setting 1
[2018.11.26-14.13.26:244][  0]LogGameplayTags: Display: UGameplayTagsManager::DoneAddingNativeTags. DelegateIsBound: 0
[2018.11.26-14.13.26:244][  0]LogStats: UGameplayTagsManager::ConstructGameplayTagTree: ImportINI prefixes -  0.000 s
[2018.11.26-14.13.26:244][  0]LogStats: UGameplayTagsManager::ConstructGameplayTagTree: Construct from data asset -  0.000 s
[2018.11.26-14.13.26:244][  0]LogStats: UGameplayTagsManager::ConstructGameplayTagTree: ImportINI -  0.000 s
[2018.11.26-14.13.26:244][  0]LogStats: UGameplayTagsManager::ConstructGameplayTagTree: GameplayTagTreeChangedEvent.Broadcast -  0.000 s
[2018.11.26-14.13.26:404][  0]LogFileCache: Scanning file cache for directory 'C:/Users/cho1h/Documents/UE4STAG/FujiwaraBattleField/Content/' took 0.02s
[2018.11.26-14.13.26:404][  0]SourceControl: 소스 컨트롤이 꺼졌습니다.
[2018.11.26-14.13.26:404][  0]Cmd: MAP LOAD FILE="C:/Users/cho1h/Documents/UE4STAG/FujiwaraBattleField/Content/Maps/Maps_LostBambooForest.umap" TEMPLATE=0 SHOWPROGRESS=1 FEATURELEVEL=3
[2018.11.26-14.13.26:404][  0]LightingResults: New page: 라이팅 빌드
[2018.11.26-14.13.26:407][  0]MapCheck: New page: 맵 체크
[2018.11.26-14.13.26:407][  0]LightingResults: New page: 라이팅 빌드
[2018.11.26-14.13.27:143][  0]LogBlueprint: Warning: [Compiler BP_FBFPlayableCharacter_2] Input Axis Event 가  MoveForward 입력 축  에 대해 알려지지 않은 'MoveForward' 축을 레퍼런싱합니다.
[2018.11.26-14.13.27:144][  0]LogBlueprint: Warning: [Compiler BP_FBFPlayableCharacter_2] Input Axis Event 가  LookUp 입력 축  에 대해 알려지지 않은 'LookUp' 축을 레퍼런싱합니다.
[2018.11.26-14.13.27:144][  0]LogBlueprint: Warning: [Compiler BP_FBFPlayableCharacter_2] Input Axis Event 가  Turn 입력 축  에 대해 알려지지 않은 'Turn' 축을 레퍼런싱합니다.
[2018.11.26-14.13.27:144][  0]LogBlueprint: Warning: [Compiler BP_FBFPlayableCharacter_2] Input Axis Event 가  MoveRight 입력 축  에 대해 알려지지 않은 'MoveRight' 축을 레퍼런싱합니다.
[2018.11.26-14.13.27:145][  0]LogBlueprint: Warning: [Compiler BP_FBFPlayableCharacter_2] InputAction Event 가  Jump 입력 액션  에 대해 알려지지 않은 'Jump' 액션을 레퍼런싱합니다.
[2018.11.26-14.13.27:271][  0]LogBlueprint: Warning: [Compiler BP_FBFPlayableCharacter_2] [0012.52] BP_FBFPlayableCharacter_2 컴파일에 성공했습니다만, 경고가 5 회 있습니다. [소요시간 316 ms] (/Game/_Temporary/Character/BP_FBFPlayableCharacter_2.BP_FBFPlayableCharacter_2)
[2018.11.26-14.13.28:453][  0]LogAIModule: Creating AISystem for world Maps_LostBambooForest
[2018.11.26-14.13.28:670][  0]LogEditorServer: Finished looking for orphan Actors (0.000 secs)
[2018.11.26-14.13.28:795][  0]Cmd: MAP CHECKDEP NOCLEARLOG
[2018.11.26-14.13.28:911][  0]MapCheck: 맵 체크 완료: 오류 0 회, 경고 0 회, 소요 시간 116.521ms.
[2018.11.26-14.13.28:911][  0]LogFileHelpers: Loading map 'Maps_LostBambooForest' took 2.508
[2018.11.26-14.13.29:072][  0]LogSlate: Updating window title bar state: overlay mode, drag disabled, window buttons hidden, title bar hidden
[2018.11.26-14.13.29:085][  0]LogSlate: Updating window title bar state: overlay mode, drag disabled, window buttons hidden, title bar hidden
[2018.11.26-14.13.29:098][  0]LogSlate: Updating window title bar state: overlay mode, drag disabled, window buttons hidden, title bar hidden
[2018.11.26-14.13.29:111][  0]LogSlate: Updating window title bar state: overlay mode, drag disabled, window buttons hidden, title bar hidden
[2018.11.26-14.13.29:119][  0]LogCollectionManager: Loaded 0 collections in 0.001765 seconds
[2018.11.26-14.13.29:169][  0]LogFileCache: Scanning file cache for directory 'C:/Users/cho1h/Documents/UE4STAG/FujiwaraBattleField/Saved/Collections/' took 0.01s
[2018.11.26-14.13.29:169][  0]LogFileCache: Scanning file cache for directory 'C:/Users/cho1h/Documents/UE4STAG/FujiwaraBattleField/Content/Developers/cho1h/Collections/' took 0.01s
[2018.11.26-14.13.29:169][  0]LogFileCache: Scanning file cache for directory 'C:/Users/cho1h/Documents/UE4STAG/FujiwaraBattleField/Content/Collections/' took 0.01s
[2018.11.26-14.13.29:169][  0]LogCollectionManager: Rebuilt the GUID cache for 0 collections in 0.000001 seconds
[2018.11.26-14.13.29:186][  0]LogContentBrowser: Native class hierarchy populated in 0.0166 seconds. Added 2573 classes and 605 folders.
[2018.11.26-14.13.29:194][  0]LogContentBrowser: Native class hierarchy updated for 'WidgetCarousel' in 0.0007 seconds. Added 0 classes and 0 folders.
[2018.11.26-14.13.29:264][  0]LogContentBrowser: Native class hierarchy updated for 'AddContentDialog' in 0.0007 seconds. Added 0 classes and 0 folders.
[2018.11.26-14.13.29:271][  0]LogContentBrowser: Native class hierarchy updated for 'SceneOutliner' in 0.0006 seconds. Added 1 classes and 2 folders.
[2018.11.26-14.13.29:295][  0]LogSlate: Took 0.000388 seconds to synchronously load lazily loaded font '../../../Engine/Content/Slate/Fonts/Roboto-Regular.ttf' (155K)
[2018.11.26-14.13.29:303][  0]LogSlate: Took 0.004275 seconds to synchronously load lazily loaded font '../../../Engine/Content/Editor/Slate/Fonts/NanumGothic.ttf' (4243K)
[2018.11.26-14.13.29:308][  0]LogSlate: Took 0.004267 seconds to synchronously load lazily loaded font '../../../Engine/Content/Editor/Slate/Fonts/NanumGothicBold.ttf' (4188K)
[2018.11.26-14.13.29:309][  0]LogSlate: Took 0.000316 seconds to synchronously load lazily loaded font '../../../Engine/Content/Slate/Fonts/Roboto-Bold.ttf' (160K)
[2018.11.26-14.13.29:317][  0]LogSlate: Took 0.000371 seconds to synchronously load lazily loaded font '../../../Engine/Content/Editor/Slate/Fonts/FontAwesome.ttf' (139K)
[2018.11.26-14.13.29:507][  0]LogRenderer: Reallocating scene render targets to support 1208x576 Format 9 NumSamples 1 (Frame:1).
[2018.11.26-14.13.29:754][  0]LogContentBrowser: Native class hierarchy updated for 'HierarchicalLODOutliner' in 0.0006 seconds. Added 0 classes and 0 folders.
[2018.11.26-14.13.29:754][  0]LogLoad: (Engine Initialization) Total time: 15.01 seconds
[2018.11.26-14.13.29:754][  0]LogLoad: (Engine Initialization) Total Blueprint compile time: 0.00 seconds
[2018.11.26-14.13.29:778][  0]LogWindowsTextInputMethodSystem: Display: IME system now activated using TSF (Microsoft 입력기).
[2018.11.26-14.13.29:811][  0]LogContentStreaming: Texture pool size now 400 MB
[2018.11.26-14.13.29:866][  0]LogSlate: Took 0.000263 seconds to synchronously load lazily loaded font '../../../Engine/Content/Slate/Fonts/Roboto-Light.ttf' (167K)
[2018.11.26-14.13.30:660][  3]LogAssetRegistry: Asset discovery search completed in 9.7007 seconds
[2018.11.26-14.13.30:663][  3]LogCollectionManager: Rebuilt the object cache for 0 collections in 0.000000 seconds (found 0 objects)
[2018.11.26-14.13.30:663][  3]LogCollectionManager: Fixed up redirectors for 0 collections in 0.000085 seconds (updated 0 objects)
[2018.11.26-14.13.40:775][335]LogSlate: FSceneViewport::OnFocusLost() reason 0
[2018.11.26-14.13.44:093][448]LogSlate: Took 0.001338 seconds to synchronously load lazily loaded font '../../../Engine/Content/Slate/Fonts/Roboto-Light.ttf' (167K)
[2018.11.26-14.13.44:120][448]LogAssetEditorManager: Opening Asset editor for BehaviorTree /Game/AI/BT_BossBehavierTree.BT_BossBehavierTree
[2018.11.26-14.13.44:276][448]LogSlate: Took 0.000301 seconds to synchronously load lazily loaded font '../../../Engine/Content/Slate/Fonts/Roboto-BoldCondensed.ttf' (158K)
[2018.11.26-14.13.46:801][595]LogAssetEditorManager: Opening Asset editor for Blueprint /Game/AI/Deco_Phase1.Deco_Phase1
[2018.11.26-14.13.47:723][595]LogContentBrowser: Native class hierarchy updated for 'BlueprintGraph' in 0.0013 seconds. Added 116 classes and 0 folders.
[2018.11.26-14.13.51:577][738]LogSlate: Took 0.000308 seconds to synchronously load lazily loaded font '../../../Engine/Content/Slate/Fonts/Roboto-Italic.ttf' (157K)
[2018.11.26-14.14.24:188][557]BlueprintLog: New page: Deco_Phase1 컴파일
[2018.11.26-14.14.25:990][629]LogSlate: Window 'Deco_Phase1*' being destroyed
[2018.11.26-14.14.27:375][710]LogAssetEditorManager: Opening Asset editor for Blueprint /Game/AI/Deco_Phase2.Deco_Phase2
[2018.11.26-14.15.09:295][190]BlueprintLog: New page: Deco_Phase2 컴파일
[2018.11.26-14.15.11:092][276]LogAssetEditorManager: Opening Asset editor for Blueprint /Game/AI/Deco_Phase3.Deco_Phase3
[2018.11.26-14.15.30:340][352]LogTemp: Repeating last play command: 선택된 뷰포트
[2018.11.26-14.15.30:383][352]LogPlayLevel: PlayLevel: No blueprints needed recompiling
[2018.11.26-14.15.30:395][352]PIE: New page: PIE 세션: Maps_LostBambooForest (2018. 11. 27. 오전 8:15:30)
[2018.11.26-14.15.30:395][352]LogPlayLevel: Creating play world package: /Game/Maps/UEDPIE_0_Maps_LostBambooForest
[2018.11.26-14.15.30:552][352]LogPlayLevel: PIE: StaticDuplicateObject took: (0.156317s)
[2018.11.26-14.15.30:553][352]LogAIModule: Creating AISystem for world Maps_LostBambooForest
[2018.11.26-14.15.30:553][352]LogPlayLevel: PIE: World Init took: (0.001086s)
[2018.11.26-14.15.30:553][352]LogPlayLevel: PIE: Created PIE world by copying editor world from /Game/Maps/Maps_LostBambooForest.Maps_LostBambooForest to /Game/Maps/UEDPIE_0_Maps_LostBambooForest.Maps_LostBambooForest (0.157631s)
[2018.11.26-14.15.30:607][352]LogInit: XAudio2 using 'T27B350(인텔(R) 디스플레이 오디오)' : 2 channels at 48 kHz using 16 bits per sample (channel mask 0x3)
[2018.11.26-14.15.30:616][352]LogInit: FAudioDevice initialized.
[2018.11.26-14.15.30:663][352]LogUObjectGlobals: Warning: 'Class /Script/FujiwaraBattleField.FujiwaraBattleFieldGameMode' 오브젝트를 찾는 데 실패했습니다.
[2018.11.26-14.15.30:663][352]LogLoad: Game class is 'GameModeBase'
[2018.11.26-14.15.30:680][352]LogWorld: Bringing World /Game/Maps/UEDPIE_0_Maps_LostBambooForest.Maps_LostBambooForest up for play (max tick rate 60) at 2018.11.26-23.15.30
[2018.11.26-14.15.30:681][352]LogWorld: Bringing up level for play took: 0.015292
[2018.11.26-14.15.30:707][352]LogContentBrowser: Native class hierarchy updated for 'MovieSceneCapture' in 0.0007 seconds. Added 10 classes and 0 folders.
[2018.11.26-14.15.30:721][352]PIE: /Game/Maps/UEDPIE_0_Maps_LostBambooForest 에 대한 에디터에서 플레이 시작 시간: -0.28
[2018.11.26-14.15.30:723][352]LogBlueprintUserMessages: [BP_FBFEnemyCharacter_8] UseSkill2
[2018.11.26-14.15.32:675][451]LogBlueprintUserMessages: [BP_FBFEnemyCharacter_8] UseSkill2
[2018.11.26-14.15.33:977][529]LogBlueprintUserMessages: [BP_FBFEnemyCharacter_8] UseSkill5
[2018.11.26-14.15.35:345][611]LogBlueprintUserMessages: [BP_FBFEnemyCharacter_8] UseSkill4
[2018.11.26-14.15.36:549][683]LogBlueprintUserMessages: [BP_FBFEnemyCharacter_8] UseSkill2
[2018.11.26-14.15.37:614][747]LogBlueprintUserMessages: [BP_FBFEnemyCharacter_8] UseSkill2
[2018.11.26-14.15.38:614][807]LogBlueprintUserMessages: [BP_FBFEnemyCharacter_8] UseSkill3
[2018.11.26-14.15.40:215][903]LogBlueprintUserMessages: [BP_FBFEnemyCharacter_8] UseSkill5
[2018.11.26-14.15.41:347][971]LogBlueprintUserMessages: [BP_FBFEnemyCharacter_8] UseSkill5
[2018.11.26-14.15.42:797][ 58]LogBlueprintUserMessages: [BP_FBFEnemyCharacter_8] UseSkill3
[2018.11.26-14.15.43:899][124]LogBlueprintUserMessages: [BP_FBFEnemyCharacter_8] UseSkill1
[2018.11.26-14.15.45:333][210]LogBlueprintUserMessages: [BP_FBFEnemyCharacter_8] UseSkill4
[2018.11.26-14.15.46:865][302]LogBlueprintUserMessages: [BP_FBFEnemyCharacter_8] UseSkill4
[2018.11.26-14.15.48:600][406]LogBlueprintUserMessages: [BP_FBFEnemyCharacter_8] UseSkill3
[2018.11.26-14.15.49:748][475]LogBlueprintUserMessages: [BP_FBFEnemyCharacter_8] UseSkill3
[2018.11.26-14.15.50:784][537]LogBlueprintUserMessages: [BP_FBFEnemyCharacter_8] UseSkill4
[2018.11.26-14.15.52:466][638]LogBlueprintUserMessages: [BP_FBFEnemyCharacter_8] UseSkill4
[2018.11.26-14.16.14:022][639]LogScript: Warning: 런어웨이 루프가 (1,000,000 회에 걸쳐) 감지되었습니다. 로그에서 스택 추적 내역을 확인하세요.
	Task_MoveToRandomLocation_C /Game/Maps/UEDPIE_0_Maps_LostBambooForest.Maps_LostBambooForest:PersistentLevel.BP_BossContoller_C_0.BTComponent.MoveToRandomLocation_C_0
	Function /Game/AI/Task_MoveToRandomLocation.Task_MoveToRandomLocation_C:ExecuteUbergraph_Task_MoveToRandomLocation:005C
[2018.11.26-14.16.14:022][639]PIE: Error: 무한 루프가 감지되었습니다. 블루프린트:  Task_MoveToRandomLocation 함수:  출력 콜 스택:  표시
[2018.11.26-14.16.14:029][639]LogSlate: Updating window title bar state: overlay mode, drag disabled, window buttons hidden, title bar hidden
[2018.11.26-14.16.14:072][639]LogPlayLevel: Display: Shutting down PIE online subsystems
[2018.11.26-14.16.14:127][639]LogSlate: Updating window title bar state: overlay mode, drag disabled, window buttons hidden, title bar hidden
[2018.11.26-14.16.14:207][640]LogPlayLevel: Display: Destroying online subsystem :Context_7
[2018.11.26-14.16.16:763][716]LogSlate: FSceneViewport::OnFocusLost() reason 0
[2018.11.26-14.16.56:492][361]LogTemp: Repeating last play command: 선택된 뷰포트
[2018.11.26-14.16.56:582][361]LogPlayLevel: PlayLevel: No blueprints needed recompiling
[2018.11.26-14.16.56:582][361]PIE: New page: PIE 세션: Maps_LostBambooForest (2018. 11. 27. 오전 8:16:56)
[2018.11.26-14.16.56:582][361]LogPlayLevel: Creating play world package: /Game/Maps/UEDPIE_0_Maps_LostBambooForest
[2018.11.26-14.16.56:640][361]LogPlayLevel: PIE: StaticDuplicateObject took: (0.057460s)
[2018.11.26-14.16.56:641][361]LogAIModule: Creating AISystem for world Maps_LostBambooForest
[2018.11.26-14.16.56:641][361]LogPlayLevel: PIE: World Init took: (0.001136s)
[2018.11.26-14.16.56:641][361]LogPlayLevel: PIE: Created PIE world by copying editor world from /Game/Maps/Maps_LostBambooForest.Maps_LostBambooForest to /Game/Maps/UEDPIE_0_Maps_LostBambooForest.Maps_LostBambooForest (0.058779s)
[2018.11.26-14.16.57:020][361]LogInit: XAudio2 using 'T27B350(인텔(R) 디스플레이 오디오)' : 2 channels at 48 kHz using 16 bits per sample (channel mask 0x3)
[2018.11.26-14.16.57:028][361]LogInit: FAudioDevice initialized.
[2018.11.26-14.16.57:065][361]LogLoad: Game class is 'GameModeBase'
[2018.11.26-14.16.57:080][361]LogWorld: Bringing World /Game/Maps/UEDPIE_0_Maps_LostBambooForest.Maps_LostBambooForest up for play (max tick rate 60) at 2018.11.26-23.16.57
[2018.11.26-14.16.57:081][361]LogWorld: Bringing up level for play took: 0.014909
[2018.11.26-14.16.57:106][361]PIE: /Game/Maps/UEDPIE_0_Maps_LostBambooForest 에 대한 에디터에서 플레이 시작 시간: 0.106
[2018.11.26-14.16.57:108][361]LogBlueprintUserMessages: [BP_FBFEnemyCharacter_8] UseSkill4
[2018.11.26-14.16.59:901][512]LogBlueprintUserMessages: [BP_FBFEnemyCharacter_8] UseSkill2
[2018.11.26-14.17.01:116][585]LogSlate: FSceneViewport::OnFocusLost() reason 2
[2018.11.26-14.17.02:352][659]LogBlueprintUserMessages: [BP_FBFEnemyCharacter_8] UseSkill3
[2018.11.26-14.17.04:853][809]LogBlueprintUserMessages: [BP_FBFEnemyCharacter_8] UseSkill3
[2018.11.26-14.17.07:086][943]LogBlueprintUserMessages: [BP_FBFEnemyCharacter_8] UseSkill5
[2018.11.26-14.17.09:802][106]LogBlueprintUserMessages: [BP_FBFEnemyCharacter_8] UseSkill4
[2018.11.26-14.17.11:885][231]LogBlueprintUserMessages: [BP_FBFEnemyCharacter_8] UseSkill2
[2018.11.26-14.17.12:146][246]LogSlate: Updating window title bar state: overlay mode, drag disabled, window buttons hidden, title bar hidden
[2018.11.26-14.17.12:189][246]LogPlayLevel: Display: Shutting down PIE online subsystems
[2018.11.26-14.17.12:243][246]LogSlate: Updating window title bar state: overlay mode, drag disabled, window buttons hidden, title bar hidden
[2018.11.26-14.17.12:275][247]LogPlayLevel: Display: Destroying online subsystem :Context_10
[2018.11.26-14.17.19:652][484]LogSlate: FSceneViewport::OnFocusLost() reason 0
[2018.11.26-14.17.33:999][856]LogAssetEditorManager: Opening Asset editor for Blueprint /Game/_Temporary/Character/BP_FBFPlayableCharacter.BP_FBFPlayableCharacter
[2018.11.26-14.17.45:905][243]LogEditorViewport: Clicking on Actor (LMB): StaticMeshActor (Cylinder)
[2018.11.26-14.17.47:469][280]LogEditorViewport: Clicking on Actor (LMB): PlayerStart (PlayerStart)
[2018.11.26-14.17.50:325][365]LogEditorViewport: Clicking on Actor (LMB): StaticMeshActor (Cylinder)
[2018.11.26-14.17.50:996][382]LogEditorViewport: Clicking on Actor (LMB): BP_FBFPlayableCharacter_C (BP_FBFPlayableCharacter)
[2018.11.26-14.17.54:342][462]LogEditorViewport: Clicking on Actor (LMB): PlayerStart (PlayerStart)
[2018.11.26-14.17.55:730][493]Cmd: DELETE
[2018.11.26-14.17.55:730][493]Cmd: ACTOR DELETE
[2018.11.26-14.17.55:993][493]LogEditorActor: Deleted Actor: PlayerStart
[2018.11.26-14.17.56:042][493]LogEditorActor: Deleted 1 Actors (0.096 secs)
[2018.11.26-14.17.57:289][535]Cmd: TRANSACTION UNDO
[2018.11.26-14.17.57:290][535]LogEditorTransaction: Undo 액터 삭제
[2018.11.26-14.17.58:085][553]LogEditorViewport: Clicking on Actor (LMB): StaticMeshActor (Cylinder)
[2018.11.26-14.17.58:849][572]LogEditorViewport: Clicking on Actor (LMB): BP_FBFPlayableCharacter_2_C (BP_FBFPlayableCharacter_2)
[2018.11.26-14.17.59:853][592]Cmd: DELETE
[2018.11.26-14.17.59:853][592]Cmd: ACTOR DELETE
[2018.11.26-14.17.59:890][592]LogEditorActor: Deleted Actor: BP_FBFPlayableCharacter_2_C
[2018.11.26-14.17.59:981][592]LogEditorActor: Deleted 1 Actors (0.127 secs)
[2018.11.26-14.18.02:106][661]LogEditorViewport: Clicking on Actor (LMB): BP_FBFPlayableCharacter_C (BP_FBFPlayableCharacter)
[2018.11.26-14.18.03:096][681]LogSlate: FSceneViewport::OnFocusLost() reason 0
[2018.11.26-14.18.03:133][682]LogTemp: Repeating last play command: 선택된 뷰포트
[2018.11.26-14.18.03:233][682]LogPlayLevel: PlayLevel: No blueprints needed recompiling
[2018.11.26-14.18.03:233][682]PIE: New page: PIE 세션: Maps_LostBambooForest (2018. 11. 27. 오전 8:18:03)
[2018.11.26-14.18.03:234][682]LogPlayLevel: Creating play world package: /Game/Maps/UEDPIE_0_Maps_LostBambooForest
[2018.11.26-14.18.03:298][682]LogPlayLevel: PIE: StaticDuplicateObject took: (0.063956s)
[2018.11.26-14.18.03:298][682]LogAIModule: Creating AISystem for world Maps_LostBambooForest
[2018.11.26-14.18.03:299][682]LogPlayLevel: PIE: World Init took: (0.001077s)
[2018.11.26-14.18.03:299][682]LogPlayLevel: PIE: Created PIE world by copying editor world from /Game/Maps/Maps_LostBambooForest.Maps_LostBambooForest to /Game/Maps/UEDPIE_0_Maps_LostBambooForest.Maps_LostBambooForest (0.065250s)
[2018.11.26-14.18.03:385][682]LogInit: XAudio2 using 'T27B350(인텔(R) 디스플레이 오디오)' : 2 channels at 48 kHz using 16 bits per sample (channel mask 0x3)
[2018.11.26-14.18.03:393][682]LogInit: FAudioDevice initialized.
[2018.11.26-14.18.03:429][682]LogLoad: Game class is 'GameModeBase'
[2018.11.26-14.18.03:444][682]LogWorld: Bringing World /Game/Maps/UEDPIE_0_Maps_LostBambooForest.Maps_LostBambooForest up for play (max tick rate 60) at 2018.11.26-23.18.03
[2018.11.26-14.18.03:445][682]LogWorld: Bringing up level for play took: 0.014586
[2018.11.26-14.18.03:470][682]PIE: /Game/Maps/UEDPIE_0_Maps_LostBambooForest 에 대한 에디터에서 플레이 시작 시간: 0.469
[2018.11.26-14.18.03:471][682]LogBlueprintUserMessages: [BP_FBFEnemyCharacter_8] UseSkill1
[2018.11.26-14.18.06:257][836]LogBlueprintUserMessages: [BP_FBFEnemyCharacter_8] UseSkill5
[2018.11.26-14.18.07:634][918]LogSlate: Updating window title bar state: overlay mode, drag disabled, window buttons hidden, title bar hidden
[2018.11.26-14.18.07:678][918]LogPlayLevel: Display: Shutting down PIE online subsystems
[2018.11.26-14.18.07:732][918]LogSlate: Updating window title bar state: overlay mode, drag disabled, window buttons hidden, title bar hidden
[2018.11.26-14.18.07:764][919]LogPlayLevel: Display: Destroying online subsystem :Context_14
[2018.11.26-14.18.13:990][122]LogEditorViewport: Clicking on Actor (LMB): StaticMeshActor (Cylinder)
[2018.11.26-14.18.14:824][141]LogEditorViewport: Clicking on Actor (LMB): BP_FBFPlayableCharacter_C (BP_FBFPlayableCharacter)
[2018.11.26-14.18.15:869][163]Cmd: DELETE
[2018.11.26-14.18.15:869][163]Cmd: ACTOR DELETE
[2018.11.26-14.18.15:906][163]LogEditorActor: Deleted Actor: BP_FBFPlayableCharacter_C
[2018.11.26-14.18.15:990][163]LogEditorActor: Deleted 1 Actors (0.120 secs)
[2018.11.26-14.18.17:339][206]LogSlate: FSceneViewport::OnFocusLost() reason 0
[2018.11.26-14.18.28:253][478]LogEditorViewport: Clicking on Actor (LMB): PlayerStart (PlayerStart)
[2018.11.26-14.18.35:050][687]LogNavigationPoint: PostEditMove Clear paths rebuilt
[2018.11.26-14.18.36:879][743]LogSlate: FSceneViewport::OnFocusLost() reason 0
[2018.11.26-14.18.44:803][932]LogSlate: FSceneViewport::OnFocusLost() reason 2
[2018.11.26-14.19.16:122][717]Cmd: CAMERA ALIGN ACTIVEVIEWPORTONLY
[2018.11.26-14.19.17:796][760]LogTemp: Repeating last play command: 선택된 뷰포트
[2018.11.26-14.19.17:894][760]LogPlayLevel: PlayLevel: No blueprints needed recompiling
[2018.11.26-14.19.17:894][760]PIE: New page: PIE 세션: Maps_LostBambooForest (2018. 11. 27. 오전 8:19:17)
[2018.11.26-14.19.17:894][760]LogPlayLevel: Creating play world package: /Game/Maps/UEDPIE_0_Maps_LostBambooForest
[2018.11.26-14.19.17:954][760]LogPlayLevel: PIE: StaticDuplicateObject took: (0.059399s)
[2018.11.26-14.19.17:954][760]LogAIModule: Creating AISystem for world Maps_LostBambooForest
[2018.11.26-14.19.17:955][760]LogPlayLevel: PIE: World Init took: (0.001040s)
[2018.11.26-14.19.17:955][760]LogPlayLevel: PIE: Created PIE world by copying editor world from /Game/Maps/Maps_LostBambooForest.Maps_LostBambooForest to /Game/Maps/UEDPIE_0_Maps_LostBambooForest.Maps_LostBambooForest (0.060633s)
[2018.11.26-14.19.18:036][760]LogInit: XAudio2 using 'T27B350(인텔(R) 디스플레이 오디오)' : 2 channels at 48 kHz using 16 bits per sample (channel mask 0x3)
[2018.11.26-14.19.18:043][760]LogInit: FAudioDevice initialized.
[2018.11.26-14.19.18:081][760]LogLoad: Game class is 'GameModeBase'
[2018.11.26-14.19.18:095][760]LogWorld: Bringing World /Game/Maps/UEDPIE_0_Maps_LostBambooForest.Maps_LostBambooForest up for play (max tick rate 60) at 2018.11.26-23.19.18
[2018.11.26-14.19.18:097][760]LogWorld: Bringing up level for play took: 0.014549
[2018.11.26-14.19.18:227][760]PIE: /Game/Maps/UEDPIE_0_Maps_LostBambooForest 에 대한 에디터에서 플레이 시작 시간: 1.226
[2018.11.26-14.19.18:261][760]LogBlueprintUserMessages: [BP_FBFEnemyCharacter_8] UseSkill2
[2018.11.26-14.19.21:185][925]LogBlueprintUserMessages: [BP_FBFEnemyCharacter_8] UseSkill2
[2018.11.26-14.19.23:469][ 62]LogBlueprintUserMessages: [BP_FBFEnemyCharacter_8] UseSkill3
[2018.11.26-14.19.25:905][208]LogBlueprintUserMessages: [BP_FBFEnemyCharacter_8] UseSkill2
[2018.11.26-14.19.27:904][328]LogBlueprintUserMessages: [BP_FBFEnemyCharacter_8] UseSkill4
[2018.11.26-14.19.30:171][464]LogBlueprintUserMessages: [BP_FBFEnemyCharacter_8] UseSkill5
[2018.11.26-14.19.30:645][492]LogSlate: Updating window title bar state: overlay mode, drag disabled, window buttons hidden, title bar hidden
[2018.11.26-14.19.30:687][492]LogPlayLevel: Display: Shutting down PIE online subsystems
[2018.11.26-14.19.30:731][492]LogSlate: Updating window title bar state: overlay mode, drag disabled, window buttons hidden, title bar hidden
[2018.11.26-14.19.30:761][493]LogPlayLevel: Display: Destroying online subsystem :Context_15
[2018.11.26-14.19.32:286][543]LogSlate: FSceneViewport::OnFocusLost() reason 2
[2018.11.26-14.19.33:761][591]LogEditorViewport: Clicking on Actor (LMB): StaticMeshActor (Cylinder)
[2018.11.26-14.19.34:462][608]LogSlate: FSceneViewport::OnFocusLost() reason 0
[2018.11.26-14.19.47:101][961]LogEditorViewport: Clicking on Actor (LMB): BP_FBFPlayableCharacter_2_C (BP_FBFPlayableCharacter_2)
[2018.11.26-14.19.48:024][979]Cmd: DELETE
[2018.11.26-14.19.48:025][979]Cmd: ACTOR DELETE
[2018.11.26-14.19.48:056][979]LogEditorActor: Deleted Actor: BP_FBFPlayableCharacter_2_C
[2018.11.26-14.19.48:144][979]LogEditorActor: Deleted 1 Actors (0.119 secs)
[2018.11.26-14.19.53:563][146]LogSlate: FSceneViewport::OnFocusLost() reason 0
[2018.11.26-14.19.53:806][151]LogAssetEditorManager: Opening Asset editor for Blueprint /Game/_Temporary/Character/BP_FBFCharacter.BP_FBFCharacter
[2018.11.26-14.20.13:722][290]LogSlate: Took 0.000321 seconds to synchronously load lazily loaded font '../../../Engine/Content/Slate/Fonts/Roboto-BoldCondensedItalic.ttf' (160K)
[2018.11.26-14.20.33:681][458]LogSelectionDetails: Warning: NavigateToFunctionSource:  Unable to find symbols for 'UBlueprintMapLibrary::Map_Add' [요소가 없습니다.]
[2018.11.26-14.20.57:860][392]LogSlate: Window '콘텐츠 저장' being destroyed
[2018.11.26-14.20.58:038][392]Cmd: OBJ SAVEPACKAGE PACKAGE="/Game/_Temporary/Character/BP_FBFCharacter" FILE="C:/Users/cho1h/Documents/UE4STAG/FujiwaraBattleField/Content/_Temporary/Character/BP_FBFCharacter.uasset" SILENT=true
[2018.11.26-14.20.58:456][392]LogSavePackage: Moving 'C:/Users/cho1h/Documents/UE4STAG/FujiwaraBattleField/Saved/BP_FBFCharacterB520D687496B65B1B773EBB3DFE3FB27.tmp' to 'C:/Users/cho1h/Documents/UE4STAG/FujiwaraBattleField/Content/_Temporary/Character/BP_FBFCharacter.uasset'
[2018.11.26-14.20.58:723][392]LogSavePackage: Moving 'C:/Users/cho1h/Documents/UE4STAG/FujiwaraBattleField/Saved/BP_FBFEnemyCharacterBC5B4A854CA269673FE06AB38FAF31CA.tmp' to 'C:/Users/cho1h/Documents/UE4STAG/FujiwaraBattleField/Content/_Temporary/Character/BP_FBFEnemyCharacter.uasset'
[2018.11.26-14.20.59:019][392]LogSavePackage: Moving 'C:/Users/cho1h/Documents/UE4STAG/FujiwaraBattleField/Saved/BP_FBFPlayableCharacter_26AF1BC674EFAB1D265ADA5A4D8234714.tmp' to 'C:/Users/cho1h/Documents/UE4STAG/FujiwaraBattleField/Content/_Temporary/Character/BP_FBFPlayableCharacter_2.uasset'
[2018.11.26-14.20.59:030][392]Cmd: OBJ SAVEPACKAGE PACKAGE="/Game/AI/BT_BossBehavierTree" FILE="C:/Users/cho1h/Documents/UE4STAG/FujiwaraBattleField/Content/AI/BT_BossBehavierTree.uasset" SILENT=true
[2018.11.26-14.20.59:093][392]LogSavePackage: Moving 'C:/Users/cho1h/Documents/UE4STAG/FujiwaraBattleField/Saved/BT_BossBehavierTreeDEFF5D6E478283B2946A12901AFAD02C.tmp' to 'C:/Users/cho1h/Documents/UE4STAG/FujiwaraBattleField/Content/AI/BT_BossBehavierTree.uasset'
[2018.11.26-14.20.59:105][392]Cmd: OBJ SAVEPACKAGE PACKAGE="/Game/AI/Deco_Phase1" FILE="C:/Users/cho1h/Documents/UE4STAG/FujiwaraBattleField/Content/AI/Deco_Phase1.uasset" SILENT=true
[2018.11.26-14.20.59:167][392]LogSavePackage: Moving 'C:/Users/cho1h/Documents/UE4STAG/FujiwaraBattleField/Saved/Deco_Phase18C2D2F66401476EA21A25B95F3A5ACB3.tmp' to 'C:/Users/cho1h/Documents/UE4STAG/FujiwaraBattleField/Content/AI/Deco_Phase1.uasset'
[2018.11.26-14.21.01:093][392]LogSavePackage: Moving 'C:/Users/cho1h/Documents/UE4STAG/FujiwaraBattleField/Saved/Maps_LostBambooForest1D080B4C4AF77DB7C0B893A017056759.tmp' to 'C:/Users/cho1h/Documents/UE4STAG/FujiwaraBattleField/Content/Maps/Maps_LostBambooForest.umap'
[2018.11.26-14.21.01:164][392]LogFileHelpers: Saving map 'Maps_LostBambooForest' took 1.985
[2018.11.26-14.21.01:344][392]LogSlate: Window 'FujiwaraBattleField - 언리얼 에디터' being destroyed
[2018.11.26-14.21.01:608][393]Cmd: QUIT_EDITOR
[2018.11.26-14.21.02:475][393]LogWindowsTextInputMethodSystem: Display: IME system now activated using TSF (Microsoft 입력기).
[2018.11.26-14.21.02:491][393]LogExit: Preparing to exit.
[2018.11.26-14.21.03:549][393]LogExit: Editor shut down
[2018.11.26-14.21.03:549][393]LogExit: Transaction tracking system shut down
[2018.11.26-14.21.04:030][393]LogExit: Object subsystem successfully closed.
[2018.11.26-14.21.04:057][393]LogShaderCompilers: Display: Shaders left to compile 0
[2018.11.26-14.21.04:062][393]LogD3D11RHI: Shutdown
[2018.11.26-14.21.04:062][393]LogD3D11RHI: CleanupD3DDevice
[2018.11.26-14.21.04:085][393]LogD3D11RHI: ~FD3D11DynamicRHI
[2018.11.26-14.21.04:105][393]LogModuleManager: Shutting down and abandoning module MovieSceneCapture (618)
[2018.11.26-14.21.04:105][393]LogModuleManager: Shutting down and abandoning module Voice (616)
[2018.11.26-14.21.04:105][393]LogModuleManager: Shutting down and abandoning module BlueprintGraph (614)
[2018.11.26-14.21.04:105][393]LogModuleManager: Shutting down and abandoning module HierarchicalLODOutliner (612)
[2018.11.26-14.21.04:105][393]LogModuleManager: Shutting down and abandoning module SceneOutliner (610)
[2018.11.26-14.21.04:105][393]LogModuleManager: Shutting down and abandoning module AddContentDialog (608)
[2018.11.26-14.21.04:106][393]LogModuleManager: Shutting down and abandoning module WidgetCarousel (607)
[2018.11.26-14.21.04:106][393]LogModuleManager: Shutting down and abandoning module EditorWidgets (604)
[2018.11.26-14.21.04:106][393]LogModuleManager: Shutting down and abandoning module CollectionManager (602)
[2018.11.26-14.21.04:106][393]LogModuleManager: Shutting down and abandoning module StatsViewer (600)
[2018.11.26-14.21.04:106][393]LogModuleManager: Shutting down and abandoning module FoliageEdit (598)
[2018.11.26-14.21.04:106][393]LogModuleManager: Shutting down and abandoning module LandscapeEditor (596)
[2018.11.26-14.21.04:106][393]LogModuleManager: Shutting down and abandoning module MeshPaintMode (594)
[2018.11.26-14.21.04:106][393]LogModuleManager: Shutting down and abandoning module SceneDepthPickerMode (592)
[2018.11.26-14.21.04:106][393]LogModuleManager: Shutting down and abandoning module ActorPickerMode (590)
[2018.11.26-14.21.04:106][393]LogModuleManager: Shutting down and abandoning module GeometryMode (588)
[2018.11.26-14.21.04:106][393]LogModuleManager: Shutting down and abandoning module TextureAlignMode (586)
[2018.11.26-14.21.04:106][393]LogModuleManager: Shutting down and abandoning module BspMode (584)
[2018.11.26-14.21.04:106][393]LogModuleManager: Shutting down and abandoning module PIEPreviewDeviceProfileSelector (582)
[2018.11.26-14.21.04:107][393]LogModuleManager: Shutting down and abandoning module SequenceRecorderSections (580)
[2018.11.26-14.21.04:107][393]LogModuleManager: Shutting down and abandoning module AutomationWorker (578)
[2018.11.26-14.21.04:107][393]LogModuleManager: Shutting down and abandoning module AudioCaptureEditor (576)
[2018.11.26-14.21.04:107][393]LogModuleManager: Shutting down and abandoning module SequenceRecorder (575)
[2018.11.26-14.21.04:107][393]LogModuleManager: Shutting down and abandoning module MatineeToLevelSequence (572)
[2018.11.26-14.21.04:107][393]LogModuleManager: Shutting down and abandoning module LevelSequenceEditor (570)
[2018.11.26-14.21.04:107][393]LogModuleManager: Shutting down and abandoning module PlacementMode (569)
[2018.11.26-14.21.04:107][393]LogModuleManager: Shutting down and abandoning module MaterialEditor (568)
[2018.11.26-14.21.04:107][393]LogModuleManager: Shutting down and abandoning module WmfMediaFactory (564)
[2018.11.26-14.21.04:107][393]LogModuleManager: Shutting down and abandoning module WmfMediaEditor (562)
[2018.11.26-14.21.04:107][393]LogModuleManager: Shutting down and abandoning module MediaPlayerEditor (560)
[2018.11.26-14.21.04:107][393]LogModuleManager: Shutting down and abandoning module OpenExrWrapper (558)
[2018.11.26-14.21.04:107][393]LogModuleManager: Shutting down and abandoning module ImgMediaFactory (556)
[2018.11.26-14.21.04:107][393]LogModuleManager: Shutting down and abandoning module ImgMediaEditor (554)
[2018.11.26-14.21.04:107][393]LogModuleManager: Shutting down and abandoning module AvfMediaFactory (552)
[2018.11.26-14.21.04:107][393]LogModuleManager: Shutting down and abandoning module AvfMediaEditor (550)
[2018.11.26-14.21.04:107][393]LogModuleManager: Shutting down and abandoning module AndroidMediaFactory (548)
[2018.11.26-14.21.04:107][393]LogModuleManager: Shutting down and abandoning module AndroidMediaEditor (546)
[2018.11.26-14.21.04:107][393]LogModuleManager: Shutting down and abandoning module MagicLeapCameraPreviewFactory (544)
[2018.11.26-14.21.04:107][393]LogModuleManager: Shutting down and abandoning module MagicLeapMediaFactory (542)
[2018.11.26-14.21.04:107][393]LogModuleManager: Shutting down and abandoning module MagicLeapMediaEditor (540)
[2018.11.26-14.21.04:107][393]LogModuleManager: Shutting down and abandoning module CharacterAI (538)
[2018.11.26-14.21.04:108][393]LogModuleManager: Shutting down and abandoning module SmartSnapping (536)
[2018.11.26-14.21.04:108][393]LogModuleManager: Shutting down and abandoning module SessionServices (534)
[2018.11.26-14.21.04:108][393]LogModuleManager: Shutting down and abandoning module ViewportSnapping (532)
[2018.11.26-14.21.04:108][393]LogModuleManager: Shutting down and abandoning module ViewportInteraction (530)
[2018.11.26-14.21.04:108][393]LogModuleManager: Shutting down and abandoning module ClothPainter (528)
[2018.11.26-14.21.04:108][393]LogModuleManager: Shutting down and abandoning module SkeletalMeshEditor (527)
[2018.11.26-14.21.04:108][393]LogModuleManager: Shutting down and abandoning module LogVisualizer (524)
[2018.11.26-14.21.04:108][393]LogModuleManager: Shutting down and abandoning module IntroTutorials (522)
[2018.11.26-14.21.04:108][393]LogModuleManager: Shutting down and abandoning module GameProjectGeneration (521)
[2018.11.26-14.21.04:108][393]LogModuleManager: Shutting down and abandoning module LuminPlatformEditor (518)
[2018.11.26-14.21.04:108][393]LogModuleManager: Shutting down and abandoning module IOSPlatformEditor (516)
[2018.11.26-14.21.04:108][393]LogModuleManager: Shutting down and abandoning module HTML5PlatformEditor (514)
[2018.11.26-14.21.04:108][393]LogModuleManager: Shutting down and abandoning module AndroidPlatformEditor (512)
[2018.11.26-14.21.04:108][393]LogModuleManager: Shutting down and abandoning module AndroidDeviceDetection (511)
[2018.11.26-14.21.04:550][393]LogModuleManager: Shutting down and abandoning module WindowsPlatformEditor (508)
[2018.11.26-14.21.04:550][393]LogModuleManager: Shutting down and abandoning module LuminRuntimeSettings (506)
[2018.11.26-14.21.04:550][393]LogModuleManager: Shutting down and abandoning module IOSRuntimeSettings (504)
[2018.11.26-14.21.04:550][393]LogModuleManager: Shutting down and abandoning module AndroidRuntimeSettings (502)
[2018.11.26-14.21.04:550][393]LogModuleManager: Shutting down and abandoning module InputBindingEditor (500)
[2018.11.26-14.21.04:550][393]LogModuleManager: Shutting down and abandoning module MergeActors (498)
[2018.11.26-14.21.04:550][393]LogModuleManager: Shutting down and abandoning module LocalizationDashboard (496)
[2018.11.26-14.21.04:550][393]LogModuleManager: Shutting down and abandoning module LocalizationService (495)
[2018.11.26-14.21.04:550][393]LogModuleManager: Shutting down and abandoning module HardwareTargeting (492)
[2018.11.26-14.21.04:550][393]LogModuleManager: Shutting down and abandoning module DeviceProfileEditor (490)
[2018.11.26-14.21.04:550][393]LogModuleManager: Shutting down and abandoning module UndoHistory (488)
[2018.11.26-14.21.04:550][393]LogModuleManager: Shutting down and abandoning module XmlParser (486)
[2018.11.26-14.21.04:550][393]LogModuleManager: Shutting down and abandoning module Blutility (484)
[2018.11.26-14.21.04:550][393]LogModuleManager: Shutting down and abandoning module ProjectSettingsViewer (482)
[2018.11.26-14.21.04:550][393]LogModuleManager: Shutting down and abandoning module ProjectTargetPlatformEditor (481)
[2018.11.26-14.21.04:550][393]LogModuleManager: Shutting down and abandoning module EditorSettingsViewer (478)
[2018.11.26-14.21.04:550][393]LogModuleManager: Shutting down and abandoning module SettingsEditor (476)
[2018.11.26-14.21.04:550][393]LogModuleManager: Shutting down and abandoning module ProjectLauncher (474)
[2018.11.26-14.21.04:550][393]LogModuleManager: Shutting down and abandoning module SessionFrontend (472)
[2018.11.26-14.21.04:551][393]LogModuleManager: Shutting down and abandoning module ProfilerClient (470)
[2018.11.26-14.21.04:551][393]LogModuleManager: Shutting down and abandoning module DeviceManager (468)
[2018.11.26-14.21.04:551][393]LogModuleManager: Shutting down and abandoning module TargetDeviceServices (467)
[2018.11.26-14.21.04:603][393]LogModuleManager: Shutting down and abandoning module AutomationController (464)
[2018.11.26-14.21.04:603][393]LogModuleManager: Shutting down and abandoning module AutomationWindow (462)
[2018.11.26-14.21.04:603][393]LogModuleManager: Shutting down and abandoning module Layers (460)
[2018.11.26-14.21.04:603][393]LogModuleManager: Shutting down and abandoning module ComponentVisualizers (458)
[2018.11.26-14.21.04:603][393]LogModuleManager: Shutting down and abandoning module DetailCustomizations (456)
[2018.11.26-14.21.04:603][393]LogModuleManager: Shutting down and abandoning module PackagesDialog (454)
[2018.11.26-14.21.04:603][393]LogModuleManager: Shutting down and abandoning module Persona (452)
[2018.11.26-14.21.04:603][393]LogModuleManager: Shutting down and abandoning module AdvancedPreviewScene (451)
[2018.11.26-14.21.04:603][393]LogModuleManager: Shutting down and abandoning module AnimGraph (449)
[2018.11.26-14.21.04:603][393]LogModuleManager: Shutting down and abandoning module Kismet (446)
[2018.11.26-14.21.04:611][393]LogModuleManager: Shutting down and abandoning module GraphEditor (444)
[2018.11.26-14.21.04:611][393]LogModuleManager: Shutting down and abandoning module ClassViewer (442)
[2018.11.26-14.21.04:611][393]LogModuleManager: Shutting down and abandoning module Toolbox (440)
[2018.11.26-14.21.04:611][393]LogModuleManager: Shutting down and abandoning module DesktopPlatform (439)
[2018.11.26-14.21.04:611][393]LogModuleManager: Shutting down and abandoning module ModuleUI (436)
[2018.11.26-14.21.04:611][393]LogModuleManager: Shutting down and abandoning module MovieSceneTools (434)
[2018.11.26-14.21.04:611][393]LogModuleManager: Shutting down and abandoning module OutputLog (432)
[2018.11.26-14.21.04:612][393]LogModuleManager: Shutting down and abandoning module GammaUI (430)
[2018.11.26-14.21.04:612][393]LogModuleManager: Shutting down and abandoning module Documentation (428)
[2018.11.26-14.21.04:612][393]LogModuleManager: Shutting down and abandoning module MovieSceneTracks (426)
[2018.11.26-14.21.04:612][393]LogModuleManager: Shutting down and abandoning module MovieScene (424)
[2018.11.26-14.21.04:612][393]LogModuleManager: Shutting down and abandoning module StreamingPauseRendering (422)
[2018.11.26-14.21.04:612][393]LogModuleManager: Shutting down and abandoning module LauncherPlatform (420)
[2018.11.26-14.21.04:612][393]LogModuleManager: Shutting down and abandoning module AnalyticsET (418)
[2018.11.26-14.21.04:612][393]LogModuleManager: Shutting down and abandoning module PortalServices (416)
[2018.11.26-14.21.04:612][393]LogModuleManager: Shutting down and abandoning module PortalRpc (414)
[2018.11.26-14.21.04:612][393]LogModuleManager: Shutting down and abandoning module MessagingRpc (412)
[2018.11.26-14.21.04:612][393]LogModuleManager: Shutting down and abandoning module AIModule (410)
[2018.11.26-14.21.04:612][393]LogModuleManager: Shutting down and abandoning module GameplayDebugger (409)
[2018.11.26-14.21.04:612][393]LogModuleManager: Shutting down and abandoning module AITestSuite (407)
[2018.11.26-14.21.04:612][393]LogModuleManager: Shutting down and abandoning module NavigationSystem (405)
[2018.11.26-14.21.04:612][393]LogModuleManager: Shutting down and abandoning module ProfilerService (402)
[2018.11.26-14.21.04:779][393]LogModuleManager: Shutting down and abandoning module TaskGraph (400)
[2018.11.26-14.21.04:780][393]LogModuleManager: Shutting down and abandoning module SteamVRController (398)
[2018.11.26-14.21.04:780][393]LogModuleManager: Shutting down and abandoning module ProceduralMeshComponentEditor (396)
[2018.11.26-14.21.04:780][393]LogModuleManager: Shutting down and abandoning module ProceduralMeshComponent (394)
[2018.11.26-14.21.04:780][393]LogModuleManager: Shutting down and abandoning module OculusInput (392)
[2018.11.26-14.21.04:780][393]LogModuleManager: Shutting down and abandoning module MobilePatchingUtils (390)
[2018.11.26-14.21.04:780][393]LogModuleManager: Shutting down and abandoning module EditableMesh (388)
[2018.11.26-14.21.04:780][393]LogModuleManager: Shutting down and abandoning module CustomMeshComponent (386)
[2018.11.26-14.21.04:780][393]LogModuleManager: Shutting down and abandoning module CableComponent (384)
[2018.11.26-14.21.04:780][393]LogModuleManager: Shutting down and abandoning module AudioCapture (382)
[2018.11.26-14.21.04:780][393]LogModuleManager: Shutting down and abandoning module ArchVisCharacter (380)
[2018.11.26-14.21.04:780][393]LogModuleManager: Shutting down and abandoning module AndroidPermission (378)
[2018.11.26-14.21.04:780][393]LogModuleManager: Shutting down and abandoning module NUTUnrealEngine4 (376)
[2018.11.26-14.21.04:780][393]LogModuleManager: Shutting down and abandoning module NetcodeUnitTest (374)
[2018.11.26-14.21.04:780][393]LogModuleManager: Shutting down and abandoning module MediaCompositingEditor (372)
[2018.11.26-14.21.04:780][393]LogModuleManager: Shutting down and abandoning module MediaCompositing (370)
[2018.11.26-14.21.04:781][393]LogModuleManager: Shutting down and abandoning module LinearTimecode (368)
[2018.11.26-14.21.04:781][393]LogModuleManager: Shutting down and abandoning module ImgMedia (366)
[2018.11.26-14.21.04:788][393]LogModuleManager: Shutting down and abandoning module HTML5Networking (364)
[2018.11.26-14.21.04:788][393]LogModuleManager: Shutting down and abandoning module GeometryCacheTracks (362)
[2018.11.26-14.21.04:788][393]LogModuleManager: Shutting down and abandoning module GeometryCacheSequencer (360)
[2018.11.26-14.21.04:788][393]LogModuleManager: Shutting down and abandoning module BackChannel (358)
[2018.11.26-14.21.04:788][393]LogModuleManager: Shutting down and abandoning module AppleVision (356)
[2018.11.26-14.21.04:788][393]LogModuleManager: Shutting down and abandoning module AppleImageUtils (354)
[2018.11.26-14.21.04:788][393]LogModuleManager: Shutting down and abandoning module AlembicImporter (352)
[2018.11.26-14.21.04:788][393]LogModuleManager: Shutting down and abandoning module AlembicLibrary (351)
[2018.11.26-14.21.04:788][393]LogModuleManager: Shutting down and abandoning module GeometryCache (350)
[2018.11.26-14.21.04:788][393]LogModuleManager: Shutting down and abandoning module GeometryCacheEd (349)
[2018.11.26-14.21.04:788][393]LogModuleManager: Shutting down and abandoning module DatasmithContentEditor (344)
[2018.11.26-14.21.04:788][393]LogModuleManager: Shutting down and abandoning module DatasmithContent (342)
[2018.11.26-14.21.04:789][393]LogModuleManager: Shutting down and abandoning module SpeedTreeImporter (340)
[2018.11.26-14.21.04:789][393]LogModuleManager: Shutting down and abandoning module PluginBrowser (338)
[2018.11.26-14.21.04:789][393]LogModuleManager: Shutting down and abandoning module MobileLauncherProfileWizard (336)
[2018.11.26-14.21.04:789][393]LogModuleManager: Shutting down and abandoning module PolygonModeling (334)
[2018.11.26-14.21.04:789][393]LogModuleManager: Shutting down and abandoning module MeshEditor (332)
[2018.11.26-14.21.04:789][393]LogModuleManager: Shutting down and abandoning module CryptoKeysOpenSSL (330)
[2018.11.26-14.21.04:789][393]LogModuleManager: Shutting down and abandoning module CryptoKeys (328)
[2018.11.26-14.21.04:789][393]LogModuleManager: Shutting down and abandoning module VisualStudioSourceCodeAccess (326)
[2018.11.26-14.21.04:789][393]LogModuleManager: Shutting down and abandoning module VisualStudioCodeSourceCodeAccess (324)
[2018.11.26-14.21.04:789][393]LogModuleManager: Shutting down and abandoning module UObjectPlugin (322)
[2018.11.26-14.21.04:789][393]LogModuleManager: Shutting down and abandoning module SubversionSourceControl (320)
[2018.11.26-14.21.04:789][393]LogModuleManager: Shutting down and abandoning module PerforceSourceControl (318)
[2018.11.26-14.21.04:789][393]LogModuleManager: Shutting down and abandoning module GitSourceControl (316)
[2018.11.26-14.21.04:789][393]LogModuleManager: Shutting down and abandoning module SourceControl (315)
[2018.11.26-14.21.04:789][393]LogModuleManager: Shutting down and abandoning module CLionSourceCodeAccess (312)
[2018.11.26-14.21.04:789][393]LogModuleManager: Shutting down and abandoning module LightPropagationVolumeEditor (310)
[2018.11.26-14.21.04:789][393]LogModuleManager: Shutting down and abandoning module PaperTiledImporter (308)
[2018.11.26-14.21.04:789][393]LogModuleManager: Shutting down and abandoning module PaperSpriteSheetImporter (306)
[2018.11.26-14.21.04:790][393]LogModuleManager: Shutting down and abandoning module Paper2DEditor (304)
[2018.11.26-14.21.04:790][393]LogModuleManager: Shutting down and abandoning module MeshPaint (303)
[2018.11.26-14.21.04:790][393]LogModuleManager: Shutting down and abandoning module FujiwaraBattleField (300)
[2018.11.26-14.21.04:790][393]LogModuleManager: Shutting down and abandoning module RuntimePhysXCooking (298)
[2018.11.26-14.21.04:790][393]LogModuleManager: Shutting down and abandoning module PhysXVehiclesEditor (296)
[2018.11.26-14.21.04:790][393]LogModuleManager: Shutting down and abandoning module PhysXVehicles (294)
[2018.11.26-14.21.04:790][393]LogModuleManager: Shutting down and abandoning module OculusEditor (292)
[2018.11.26-14.21.04:790][393]LogModuleManager: Shutting down and abandoning module LocationServicesBPLibrary (290)
[2018.11.26-14.21.04:790][393]LogModuleManager: Shutting down and abandoning module ImmediatePhysicsEditor (288)
[2018.11.26-14.21.04:790][393]LogModuleManager: Shutting down and abandoning module ImmediatePhysics (286)
[2018.11.26-14.21.04:790][393]LogModuleManager: Shutting down and abandoning module ActorSequence (284)
[2018.11.26-14.21.04:790][393]LogModuleManager: Shutting down and abandoning module UdpMessaging (282)
[2018.11.26-14.21.04:891][393]LogModuleManager: Shutting down and abandoning module TcpMessaging (280)
[2018.11.26-14.21.04:992][393]LogModuleManager: Shutting down and abandoning module MagicLeapAudio (278)
[2018.11.26-14.21.04:992][393]LogModuleManager: Shutting down and abandoning module GameplayTagsEditor (276)
[2018.11.26-14.21.04:992][393]LogModuleManager: Shutting down and abandoning module FacialAnimationEditor (274)
[2018.11.26-14.21.04:992][393]LogModuleManager: Shutting down and abandoning module FacialAnimation (272)
[2018.11.26-14.21.04:993][393]LogModuleManager: Shutting down and abandoning module DataValidation (270)
[2018.11.26-14.21.04:993][393]LogModuleManager: Shutting down and abandoning module AssetManagerEditor (268)
[2018.11.26-14.21.04:993][393]LogModuleManager: Shutting down and abandoning module LevelEditor (267)
[2018.11.26-14.21.04:996][393]LogModuleManager: Shutting down and abandoning module PixelInspectorModule (266)
[2018.11.26-14.21.04:996][393]LogModuleManager: Shutting down and abandoning module CommonMenuExtensions (264)
[2018.11.26-14.21.04:996][393]LogModuleManager: Shutting down and abandoning module MainFrame (262)
[2018.11.26-14.21.04:996][393]LogModuleManager: Shutting down and abandoning module HotReload (261)
[2018.11.26-14.21.04:997][393]LogModuleManager: Shutting down and abandoning module ContentBrowser (257)
[2018.11.26-14.21.04:998][393]LogModuleManager: Shutting down and abandoning module TreeMap (255)
[2018.11.26-14.21.04:998][393]LogModuleManager: Shutting down and abandoning module LightPropagationVolumeRuntime (252)
[2018.11.26-14.21.04:998][393]LogModuleManager: Shutting down and abandoning module AISupportModule (250)
[2018.11.26-14.21.04:998][393]LogModuleManager: Shutting down and abandoning module Paper2D (248)
[2018.11.26-14.21.04:998][393]LogModuleManager: Shutting down and abandoning module WindowsMoviePlayer (246)
[2018.11.26-14.21.04:999][393]LogModuleManager: Shutting down and abandoning module WmfMedia (244)
[2018.11.26-14.21.05:000][393]LogModuleManager: Shutting down and abandoning module Media (243)
[2018.11.26-14.21.05:007][393]LogModuleManager: Shutting down and abandoning module PacketHandler (240)
[2018.11.26-14.21.05:007][393]LogModuleManager: Shutting down and abandoning module ClothingSystemEditor (238)
[2018.11.26-14.21.05:007][393]LogModuleManager: Shutting down and abandoning module ClothingSystemRuntime (236)
[2018.11.26-14.21.05:007][393]LogModuleManager: Shutting down and abandoning module MediaAssets (234)
[2018.11.26-14.21.05:007][393]LogModuleManager: Shutting down and abandoning module Overlay (232)
[2018.11.26-14.21.05:007][393]LogModuleManager: Shutting down and abandoning module OverlayEditor (231)
[2018.11.26-14.21.05:007][393]LogModuleManager: Shutting down and abandoning module VREditor (228)
[2018.11.26-14.21.05:007][393]LogModuleManager: Shutting down and abandoning module StringTableEditor (226)
[2018.11.26-14.21.05:007][393]LogModuleManager: Shutting down and abandoning module GameplayTasksEditor (224)
[2018.11.26-14.21.05:007][393]LogModuleManager: Shutting down and abandoning module BehaviorTreeEditor (222)
[2018.11.26-14.21.05:007][393]LogModuleManager: Shutting down and abandoning module FunctionalTesting (220)
[2018.11.26-14.21.05:007][393]LogModuleManager: Shutting down and abandoning module CollisionAnalyzer (218)
[2018.11.26-14.21.05:007][393]LogModuleManager: Shutting down and abandoning module WorkspaceMenuStructure (217)
[2018.11.26-14.21.05:007][393]LogModuleManager: Shutting down and abandoning module UMG (214)
[2018.11.26-14.21.05:007][393]LogModuleManager: Shutting down and abandoning module UMGEditor (213)
[2018.11.26-14.21.05:008][393]LogModuleManager: Shutting down and abandoning module Sequencer (212)
[2018.11.26-14.21.05:008][393]LogModuleManager: Shutting down and abandoning module MessageLog (209)
[2018.11.26-14.21.05:008][393]LogModuleManager: Shutting down and abandoning module SlateReflector (204)
[2018.11.26-14.21.05:008][393]LogModuleManager: Shutting down and abandoning module Slate (202)
[2018.11.26-14.21.05:008][393]LogModuleManager: Shutting down and abandoning module EditorStyle (200)
[2018.11.26-14.21.05:012][393]LogModuleManager: Shutting down and abandoning module MRMesh (198)
[2018.11.26-14.21.05:012][393]LogModuleManager: Shutting down and abandoning module SourceCodeAccess (196)
[2018.11.26-14.21.05:012][393]LogModuleManager: Shutting down and abandoning module HeadMountedDisplay (194)
[2018.11.26-14.21.05:012][393]LogModuleManager: Shutting down and abandoning module XAudio2 (192)
[2018.11.26-14.21.05:012][393]LogModuleManager: Shutting down and abandoning module Networking (190)
[2018.11.26-14.21.05:013][393]LogModuleManager: Shutting down and abandoning module Core (188)
[2018.11.26-14.21.05:013][393]LogModuleManager: Shutting down and abandoning module LevelSequence (186)
[2018.11.26-14.21.05:013][393]LogModuleManager: Shutting down and abandoning module KismetCompiler (184)
[2018.11.26-14.21.05:013][393]LogModuleManager: Shutting down and abandoning module MeshUtilities (182)
[2018.11.26-14.21.05:013][393]LogModuleManager: Shutting down and abandoning module MeshMergeUtilities (181)
[2018.11.26-14.21.05:013][393]LogModuleManager: Shutting down and abandoning module MeshReductionInterface (180)
[2018.11.26-14.21.05:013][393]LogModuleManager: Shutting down and abandoning module SimplygonSwarm (179)
[2018.11.26-14.21.05:013][393]LogModuleManager: Shutting down and abandoning module ProxyLODMeshReduction (177)
[2018.11.26-14.21.05:013][393]LogModuleManager: Shutting down and abandoning module SimplygonMeshReduction (175)
[2018.11.26-14.21.05:013][393]LogModuleManager: Shutting down and abandoning module QuadricMeshReduction (173)
[2018.11.26-14.21.05:013][393]LogModuleManager: Shutting down and abandoning module MaterialBaking (169)
[2018.11.26-14.21.05:013][393]LogModuleManager: Shutting down and abandoning module DirectoryWatcher (165)
[2018.11.26-14.21.05:013][393]LogModuleManager: Shutting down and abandoning module DerivedDataCache (162)
[2018.11.26-14.21.05:108][393]LogDerivedDataCache: Shutdown
[2018.11.26-14.21.05:109][393]LogModuleManager: Shutting down and abandoning module XGEController (160)
[2018.11.26-14.21.05:109][393]LogModuleManager: Shutting down and abandoning module TargetPlatform (158)
[2018.11.26-14.21.05:109][393]LogModuleManager: Shutting down and abandoning module VulkanShaderFormat (157)
[2018.11.26-14.21.05:109][393]LogModuleManager: Shutting down and abandoning module ShaderFormatVectorVM (155)
[2018.11.26-14.21.05:109][393]LogModuleManager: Shutting down and abandoning module ShaderFormatOpenGL (153)
[2018.11.26-14.21.05:109][393]LogModuleManager: Shutting down and abandoning module ShaderFormatD3D (151)
[2018.11.26-14.21.05:109][393]LogModuleManager: Shutting down and abandoning module MetalShaderFormat (149)
[2018.11.26-14.21.05:109][393]LogModuleManager: Shutting down and abandoning module TextureFormatUncompressed (147)
[2018.11.26-14.21.05:109][393]LogModuleManager: Shutting down and abandoning module TextureFormatPVR (145)
[2018.11.26-14.21.05:109][393]LogModuleManager: Shutting down and abandoning module TextureFormatDXT (143)
[2018.11.26-14.21.05:109][393]LogModuleManager: Shutting down and abandoning module TextureFormatIntelISPCTexComp (141)
[2018.11.26-14.21.05:109][393]LogModuleManager: Shutting down and abandoning module TextureFormatASTC (139)
[2018.11.26-14.21.05:109][393]LogModuleManager: Shutting down and abandoning module ImageWrapper (138)
[2018.11.26-14.21.05:109][393]LogModuleManager: Shutting down and abandoning module TextureFormatAndroid (135)
[2018.11.26-14.21.05:109][393]LogModuleManager: Shutting down and abandoning module AudioFormatOpus (133)
[2018.11.26-14.21.05:109][393]LogModuleManager: Shutting down and abandoning module AudioFormatOgg (131)
[2018.11.26-14.21.05:109][393]LogModuleManager: Shutting down and abandoning module AudioFormatADPCM (129)
[2018.11.26-14.21.05:109][393]LogModuleManager: Shutting down and abandoning module LuminTargetPlatform (127)
[2018.11.26-14.21.05:109][393]LogModuleManager: Shutting down and abandoning module LinuxTargetPlatform (125)
[2018.11.26-14.21.05:109][393]LogModuleManager: Shutting down and abandoning module LinuxServerTargetPlatform (123)
[2018.11.26-14.21.05:109][393]LogModuleManager: Shutting down and abandoning module LinuxNoEditorTargetPlatform (121)
[2018.11.26-14.21.05:109][393]LogModuleManager: Shutting down and abandoning module LinuxClientTargetPlatform (119)
[2018.11.26-14.21.05:109][393]LogModuleManager: Shutting down and abandoning module TVOSTargetPlatform (117)
[2018.11.26-14.21.05:111][393]LogModuleManager: Shutting down and abandoning module Messaging (115)
[2018.11.26-14.21.05:111][393]LogModuleManager: Shutting down and abandoning module IOSTargetPlatform (113)
[2018.11.26-14.21.05:112][393]LogModuleManager: Shutting down and abandoning module HTML5TargetPlatform (111)
[2018.11.26-14.21.05:112][393]LogModuleManager: Shutting down and abandoning module AndroidTargetPlatform (109)
[2018.11.26-14.21.05:120][393]LogModuleManager: Shutting down and abandoning module WindowsTargetPlatform (107)
[2018.11.26-14.21.05:121][393]LogModuleManager: Shutting down and abandoning module WindowsServerTargetPlatform (105)
[2018.11.26-14.21.05:121][393]LogModuleManager: Shutting down and abandoning module WindowsNoEditorTargetPlatform (103)
[2018.11.26-14.21.05:121][393]LogModuleManager: Shutting down and abandoning module WindowsClientTargetPlatform (101)
[2018.11.26-14.21.05:121][393]LogModuleManager: Shutting down and abandoning module MacTargetPlatform (99)
[2018.11.26-14.21.05:121][393]LogModuleManager: Shutting down and abandoning module MacServerTargetPlatform (97)
[2018.11.26-14.21.05:121][393]LogModuleManager: Shutting down and abandoning module MacNoEditorTargetPlatform (95)
[2018.11.26-14.21.05:121][393]LogModuleManager: Shutting down and abandoning module MacClientTargetPlatform (93)
[2018.11.26-14.21.05:121][393]LogModuleManager: Shutting down and abandoning module AllDesktopTargetPlatform (91)
[2018.11.26-14.21.05:121][393]LogModuleManager: Shutting down and abandoning module InputCore (88)
[2018.11.26-14.21.05:121][393]LogModuleManager: Shutting down and abandoning module Settings (86)
[2018.11.26-14.21.05:121][393]LogModuleManager: Shutting down and abandoning module PhysXCooking (84)
[2018.11.26-14.21.05:121][393]LogModuleManager: Shutting down and abandoning module SteamVR (82)
[2018.11.26-14.21.05:121][393]LogModuleManager: Shutting down and abandoning module OculusHMD (80)
[2018.11.26-14.21.05:121][393]LogModuleManager: Shutting down and abandoning module ExampleDeviceProfileSelector (78)
[2018.11.26-14.21.05:121][393]LogModuleManager: Shutting down and abandoning module LauncherChunkInstaller (76)
[2018.11.26-14.21.05:121][393]LogModuleManager: Shutting down and abandoning module OnlineBlueprintSupport (74)
[2018.11.26-14.21.05:121][393]LogModuleManager: Shutting down and abandoning module OnlineSubsystem (70)
[2018.11.26-14.21.05:122][393]LogModuleManager: Shutting down and abandoning module XMPP (65)
[2018.11.26-14.21.05:122][393]LogModuleManager: Shutting down and abandoning module WebSockets (64)
[2018.11.26-14.21.05:151][393]LogModuleManager: Shutting down and abandoning module HTTP (61)
[2018.11.26-14.21.05:151][393]LogHttp: Display: Http module shutting down, but needs to wait on 1 outstanding Http requests:
[2018.11.26-14.21.05:151][393]LogHttp: Display: 	verb=[POST] url=[https://datarouter.ol.epicgames.com/datarouter/api/v1/public/data?SessionID=%7B9EFA4EE9-4136-0518-6AB2-4F90113A80E0%7D&AppID=UEEditor.Rocket.Release&AppVersion=4.20.3-4369336%2B%2B%2BUE4%2BRelease-4.20&UserID=c6815ac54eca81c3c6beba85e15d2075%7C15fc74ef24ac48c89be1ab68cd6f85aa%7C45c761d1-180b-4b5e-86cd-1b2d290af186&AppEnvironment=datacollector-binary&UploadType=eteventstream] status=Processing
[2018.11.26-14.21.05:177][393]LogModuleManager: Shutting down and abandoning module SSL (60)
[2018.11.26-14.21.05:179][393]LogModuleManager: Shutting down and abandoning module MagicLeapEmulator (56)
[2018.11.26-14.21.05:179][393]LogModuleManager: Shutting down and abandoning module MagicLeapPrivileges (54)
[2018.11.26-14.21.05:179][393]LogModuleManager: Shutting down and abandoning module MagicLeapIdentity (52)
[2018.11.26-14.21.05:179][393]LogModuleManager: Shutting down and abandoning module MagicLeapHelperVulkan (50)
[2018.11.26-14.21.05:179][393]LogModuleManager: Shutting down and abandoning module MagicLeapHelperOpenGL (48)
[2018.11.26-14.21.05:179][393]LogModuleManager: Shutting down and abandoning module MagicLeapSecureStorage (46)
[2018.11.26-14.21.05:179][393]LogModuleManager: Shutting down and abandoning module MagicLeapGestures (44)
[2018.11.26-14.21.05:179][393]LogModuleManager: Shutting down and abandoning module MagicLeapEyeTracker (42)
[2018.11.26-14.21.05:179][393]LogModuleManager: Shutting down and abandoning module MagicLeapController (40)
[2018.11.26-14.21.05:179][393]LogSlate: Slate User Destroyed.  User Index 0, Is Virtual User: 0
[2018.11.26-14.21.05:179][393]LogModuleManager: Shutting down and abandoning module MagicLeap (38)
[2018.11.26-14.21.05:179][393]LogModuleManager: Shutting down and abandoning module AnimationModifiers (36)
[2018.11.26-14.21.05:179][393]LogModuleManager: Shutting down and abandoning module PropertyEditor (35)
[2018.11.26-14.21.05:179][393]LogModuleManager: Shutting down and abandoning module AudioEditor (32)
[2018.11.26-14.21.05:179][393]LogModuleManager: Shutting down and abandoning module TextureCompressor (30)
[2018.11.26-14.21.05:180][393]LogModuleManager: Shutting down and abandoning module ShaderCore (28)
[2018.11.26-14.21.05:180][393]LogModuleManager: Shutting down and abandoning module Landscape (26)
[2018.11.26-14.21.05:180][393]LogModuleManager: Shutting down and abandoning module SlateRHIRenderer (24)
[2018.11.26-14.21.05:182][393]LogModuleManager: Shutting down and abandoning module OpenGLDrv (22)
[2018.11.26-14.21.05:182][393]LogModuleManager: Shutting down and abandoning module D3D11RHI (20)
[2018.11.26-14.21.05:182][393]LogModuleManager: Shutting down and abandoning module AnimGraphRuntime (18)
[2018.11.26-14.21.05:183][393]LogModuleManager: Shutting down and abandoning module Renderer (16)
[2018.11.26-14.21.05:183][393]LogModuleManager: Shutting down and abandoning module Engine (14)
[2018.11.26-14.21.05:183][393]LogModuleManager: Shutting down and abandoning module CoreUObject (12)
[2018.11.26-14.21.05:183][393]LogModuleManager: Shutting down and abandoning module NetworkFile (10)
[2018.11.26-14.21.05:183][393]LogModuleManager: Shutting down and abandoning module CookedIterativeFile (8)
[2018.11.26-14.21.05:183][393]LogModuleManager: Shutting down and abandoning module StreamingFile (6)
[2018.11.26-14.21.05:183][393]LogModuleManager: Shutting down and abandoning module SandboxFile (4)
[2018.11.26-14.21.05:183][393]LogModuleManager: Shutting down and abandoning module PakFile (2)
[2018.11.26-14.21.05:193][393]LogExit: Exiting.
[2018.11.26-14.21.05:203][393]Log file closed, 11/26/18 23:21:05
