Log file open, 11/22/18 00:40:41
LogWindows: Failed to load 'aqProf.dll' (GetLastError=126)
LogWindows: File 'aqProf.dll' does not exist
LogWindows: Failed to load 'VSPerf140.dll' (GetLastError=126)
LogWindows: File 'VSPerf140.dll' does not exist
LogWindows: Failed to load 'VtuneApi.dll' (GetLastError=126)
LogWindows: File 'VtuneApi.dll' does not exist
LogWindows: Failed to load 'VtuneApi32e.dll' (GetLastError=126)
LogWindows: File 'VtuneApi32e.dll' does not exist
LogInit: Display: Running engine for game: FujiwaraBattleField
LogPlatformFile: Not using cached read wrapper
LogTaskGraph: Started task graph with 5 named threads and 11 total threads with 3 sets of task threads.
LogStats: Stats thread started at 0.188833
LogD3D11RHI: Loaded GFSDK_Aftermath_Lib.x64.dll
LogICUInternationalization: Display: ICU TimeZone Detection - Raw Offset: +9:00, Platform Override: ''
LogPluginManager: Mounting plugin Paper2D
LogPluginManager: Mounting plugin AISupport
LogPluginManager: Mounting plugin LightPropagationVolume
LogPluginManager: Mounting plugin CLionSourceCodeAccess
LogPluginManager: Mounting plugin CodeLiteSourceCodeAccess
LogPluginManager: Mounting plugin GitSourceControl
LogPluginManager: Mounting plugin KDevelopSourceCodeAccess
LogPluginManager: Mounting plugin NullSourceCodeAccess
LogPluginManager: Mounting plugin PerforceSourceControl
LogPluginManager: Mounting plugin SubversionSourceControl
LogPluginManager: Mounting plugin UObjectPlugin
LogPluginManager: Mounting plugin VisualStudioCodeSourceCodeAccess
LogPluginManager: Mounting plugin VisualStudioSourceCodeAccess
LogPluginManager: Mounting plugin XCodeSourceCodeAccess
LogPluginManager: Mounting plugin AssetManagerEditor
LogPluginManager: Mounting plugin CryptoKeys
LogPluginManager: Mounting plugin DataValidation
LogPluginManager: Mounting plugin FacialAnimation
LogPluginManager: Mounting plugin GameplayTagsEditor
LogPluginManager: Mounting plugin MacGraphicsSwitching
LogPluginManager: Mounting plugin MeshEditor
LogPluginManager: Mounting plugin MobileLauncherProfileWizard
LogPluginManager: Mounting plugin PluginBrowser
LogPluginManager: Mounting plugin SpeedTreeImporter
LogPluginManager: Mounting plugin DatasmithContent
LogPluginManager: Mounting plugin AlembicImporter
LogPluginManager: Mounting plugin AppleImageUtils
LogPluginManager: Mounting plugin AppleVision
LogPluginManager: Mounting plugin BackChannel
LogPluginManager: Mounting plugin CharacterAI
LogPluginManager: Mounting plugin GeometryCache
LogPluginManager: Mounting plugin HTML5Networking
LogPluginManager: Mounting plugin ProxyLODPlugin
LogPluginManager: Mounting plugin MagicLeap
LogPluginManager: Mounting plugin MagicLeapEmulator
LogPluginManager: Mounting plugin MagicLeapMedia
LogPluginManager: Mounting plugin AndroidMedia
LogPluginManager: Mounting plugin AvfMedia
LogPluginManager: Mounting plugin ImgMedia
LogPluginManager: Mounting plugin LinearTimecode
LogPluginManager: Mounting plugin MediaCompositing
LogPluginManager: Mounting plugin MediaPlayerEditor
LogPluginManager: Mounting plugin WmfMedia
LogPluginManager: Mounting plugin TcpMessaging
LogPluginManager: Mounting plugin UdpMessaging
LogPluginManager: Mounting plugin ActorSequence
LogPluginManager: Mounting plugin LevelSequenceEditor
LogPluginManager: Mounting plugin MatineeToLevelSequence
LogPluginManager: Mounting plugin NetcodeUnitTest
LogPluginManager: Mounting plugin NUTUnrealEngine4
LogPluginManager: Mounting plugin OnlineSubsystemGooglePlay
LogPluginManager: Mounting plugin OnlineSubsystemIOS
LogPluginManager: Mounting plugin OnlineSubsystem
LogPluginManager: Mounting plugin OnlineSubsystemNull
LogPluginManager: Mounting plugin OnlineSubsystemUtils
LogPluginManager: Mounting plugin LauncherChunkInstaller
LogPluginManager: Mounting plugin AndroidDeviceProfileSelector
LogPluginManager: Mounting plugin AndroidMoviePlayer
LogPluginManager: Mounting plugin AndroidPermission
LogPluginManager: Mounting plugin AppleMoviePlayer
LogPluginManager: Mounting plugin ArchVisCharacter
LogPluginManager: Mounting plugin AudioCapture
LogPluginManager: Mounting plugin CableComponent
LogPluginManager: Mounting plugin CustomMeshComponent
LogPluginManager: Mounting plugin EditableMesh
LogPluginManager: Mounting plugin ExampleDeviceProfileSelector
LogPluginManager: Mounting plugin GoogleCloudMessaging
LogPluginManager: Mounting plugin ImmediatePhysics
LogPluginManager: Mounting plugin IOSDeviceProfileSelector
LogPluginManager: Mounting plugin LinuxDeviceProfileSelector
LogPluginManager: Mounting plugin LocationServicesBPLibrary
LogPluginManager: Mounting plugin MobilePatchingUtils
LogPluginManager: Mounting plugin OculusVR
LogPluginManager: Plugin shader directory ../../../Engine/Plugins/Runtime/Oculus/OculusVR/Shaders found
LogPluginManager: Mapping shader source directory ../../../Engine/Plugins/Runtime/Oculus/OculusVR/Shaders to virtual directory /Plugin/OculusVR
LogPluginManager: Mounting plugin PhysXVehicles
LogPluginManager: Mounting plugin ProceduralMeshComponent
LogPluginManager: Mounting plugin RuntimePhysXCooking
LogPluginManager: Mounting plugin SteamVR
LogPluginManager: Mounting plugin WindowsMoviePlayer
LogStreaming: Display: Took  0.270s to configure plugins.
LogInit: Using libcurl 7.55.1-DEV
LogInit:  - built for x86_64-pc-win32
LogInit:  - supports SSL with OpenSSL/1.0.2h
LogInit:  - supports HTTP deflate (compression) using libz 1.2.8
LogInit:  - other features:
LogInit:      CURL_VERSION_SSL
LogInit:      CURL_VERSION_LIBZ
LogInit:      CURL_VERSION_IPV6
LogInit:      CURL_VERSION_ASYNCHDNS
LogInit:      CURL_VERSION_LARGEFILE
LogInit:      CURL_VERSION_IDN
LogInit:  CurlRequestOptions (configurable via config and command line):
LogInit:  - bVerifyPeer = false  - Libcurl will NOT verify peer certificate
LogInit:  - bUseHttpProxy = false  - Libcurl will NOT use HTTP proxy
LogInit:  - bDontReuseConnections = false  - Libcurl will reuse connections
LogInit:  - CertBundlePath = nullptr  - Libcurl will use whatever was configured at build time.
LogInit:  - MaxHostConnections = 16  - Libcurl will limit the number of connections to a host
LogInit:  - LocalHostAddr = Default
LogInit:  - BufferSize = 65536
LogInit: WinSock: version 1.1 (2.2), MaxSocks=32767, MaxUdp=65467
LogInit: Build: ++UE4+Release-4.20-CL-4369336
LogInit: Engine Version: 4.20.3-4369336+++UE4+Release-4.20
LogInit: Compatible Engine Version: 4.20.0-4212847+++UE4+Release-4.20
LogInit: Net CL: 4212847
LogInit: OS: Windows 10 (), CPU: Intel(R) Core(TM) i5-7200U CPU @ 2.50GHz, GPU: Intel(R) HD Graphics 620
LogInit: Compiled (64-bit): Sep 17 2018 12:26:19
LogInit: Compiled with Visual C++: 19.13.26129.00
LogInit: Build Configuration: Development
LogInit: Branch Name: ++UE4+Release-4.20
LogInit: Command Line: 
LogInit: Base Directory: C:/Program Files/Epic Games/UE_4.20/Engine/Binaries/Win64/
LogInit: Installed Engine Build: 1
LogDevObjectVersion: Number of dev versions registered: 20
LogDevObjectVersion:   Dev-Blueprints (B0D832E4-1F89-4F0D-ACCF-7EB736FD4AA2): 10
LogDevObjectVersion:   Dev-Build (E1C64328-A22C-4D53-A36C-8E866417BD8C): 0
LogDevObjectVersion:   Dev-Core (375EC13C-06E4-48FB-B500-84F0262A717E): 2
LogDevObjectVersion:   Dev-Editor (E4B068ED-F494-42E9-A231-DA0B2E46BB41): 24
LogDevObjectVersion:   Dev-Framework (CFFC743F-43B0-4480-9391-14DF171D2073): 34
LogDevObjectVersion:   Dev-Mobile (B02B49B5-BB20-44E9-A304-32B752E40360): 2
LogDevObjectVersion:   Dev-Networking (A4E4105C-59A1-49B5-A7C5-40C4547EDFEE): 0
LogDevObjectVersion:   Dev-Online (39C831C9-5AE6-47DC-9A44-9C173E1C8E7C): 0
LogDevObjectVersion:   Dev-Physics (78F01B33-EBEA-4F98-B9B4-84EACCB95AA2): 0
LogDevObjectVersion:   Dev-Platform (6631380F-2D4D-43E0-8009-CF276956A95A): 0
LogDevObjectVersion:   Dev-Rendering (12F88B9F-8875-4AFC-A67C-D90C383ABD29): 26
LogDevObjectVersion:   Dev-Sequencer (7B5AE74C-D270-4C10-A958-57980B212A5A): 9
LogDevObjectVersion:   Dev-VR (D7296918-1DD6-4BDD-9DE2-64A83CC13884): 2
LogDevObjectVersion:   Dev-LoadTimes (C2A15278-BFE7-4AFE-6C17-90FF531DF755): 1
LogDevObjectVersion:   Private-Geometry (6EACA3D4-40EC-4CC1-B786-8BED09428FC5): 3
LogDevObjectVersion:   Dev-AnimPhys (29E575DD-E0A3-4627-9D10-D276232CDCEA): 17
LogDevObjectVersion:   Dev-ReflectionCapture (6B266CEC-1EC7-4B8F-A30B-E4D90942FC07): 1
LogDevObjectVersion:   Dev-Automation (0DF73D61-A23F-47EA-B727-89E90C41499A): 1
LogDevObjectVersion:   FortniteMain (601D1886-AC64-4F84-AA16-D3DE0DEAC7D6): 12
LogDevObjectVersion:   Dev-Enterprise (9DFFBCD6-494F-0158-E221-12823C92A888): 1
LogStreaming: Display: Took  0.008s to delete old logs.
LogInit: Presizing for max 8388607 objects, including 0 objects not considered by GC, pre-allocating 0 bytes for permanent pool.
LogInit: Object subsystem initialized
[2018.11.21-15.40.41:630][  0]LogInit: Selected Device Profile: [Windows]
[2018.11.21-15.40.41:630][  0]LogInit: Applying CVar settings loaded from the selected device profile: [Windows]
[2018.11.21-15.40.41:647][  0]LogHAL: Display: Platform has ~ 8 GB [8442224640 / 8589934592 / 8], which maps to Default [LargestMinGB=32, LargerMinGB=12, DefaultMinGB=8, SmallerMinGB=6, SmallestMinGB=0)
[2018.11.21-15.40.41:648][  0]LogInit: Setting Device Profile CVar: [[r.Vulkan.UseRealUBs:1]]
[2018.11.21-15.40.41:648][  0]LogInit: Going up to parent DeviceProfile []
[2018.11.21-15.40.41:648][  0]LogInit: Computer: DESKTOP-3RQR4D6
[2018.11.21-15.40.41:648][  0]LogInit: User: hoon
[2018.11.21-15.40.41:648][  0]LogInit: CPU Page size=4096, Cores=2
[2018.11.21-15.40.41:648][  0]LogInit: High frequency timer resolution =2.648438 MHz
[2018.11.21-15.40.41:648][  0]LogMemory: Memory total: Physical=7.9GB (8GB approx)
[2018.11.21-15.40.41:648][  0]LogMemory: Platform Memory Stats for Windows
[2018.11.21-15.40.41:648][  0]LogMemory: Process Physical Memory: 102.37 MB used, 102.37 MB peak
[2018.11.21-15.40.41:648][  0]LogMemory: Process Virtual Memory: 96.51 MB used, 96.51 MB peak
[2018.11.21-15.40.41:649][  0]LogMemory: Physical Memory: 6173.64 MB used,  1877.49 MB free, 8051.13 MB total
[2018.11.21-15.40.41:649][  0]LogMemory: Virtual Memory: 4642.80 MB used,  1877.49 MB free, 134217728.00 MB total
[2018.11.21-15.40.41:678][  0]LogInit: Using OS detected language (ko-KR).
[2018.11.21-15.40.41:678][  0]LogInit: Using OS detected locale (ko-KR).
[2018.11.21-15.40.41:679][  0]LogTextLocalizationManager: No specific localization for 'ko-KR' exists, so the 'ko' localization will be used.
[2018.11.21-15.40.42:336][  0]LogStreaming: Display: Took  0.659s to InitEngineTextLocalization.
[2018.11.21-15.40.42:336][  0]LogInit: Setting process to per monitor DPI aware
[2018.11.21-15.40.42:420][  0]LogSlate: New Slate User Created.  User Index 0, Is Virtual User: 0
[2018.11.21-15.40.42:420][  0]LogSlate: Slate User Registered.  User Index 0, Is Virtual User: 0
[2018.11.21-15.40.42:860][  0]LogHMD: Failed to initialize OpenVR with code 110
[2018.11.21-15.40.42:860][  0]LogD3D11RHI: D3D11 adapters:
[2018.11.21-15.40.42:873][  0]LogD3D11RHI:    0. 'Intel(R) HD Graphics 620' (Feature Level 11_0)
[2018.11.21-15.40.42:873][  0]LogD3D11RHI:       128/0/4025 MB DedicatedVideo/DedicatedSystem/SharedSystem, Outputs:1, VendorId:0x8086
[2018.11.21-15.40.42:877][  0]LogD3D11RHI:    1. 'Microsoft Basic Render Driver' (Feature Level 11_0)
[2018.11.21-15.40.42:877][  0]LogD3D11RHI:       0/0/4025 MB DedicatedVideo/DedicatedSystem/SharedSystem, Outputs:0, VendorId:0x1414
[2018.11.21-15.40.42:877][  0]LogD3D11RHI: Chosen D3D11 Adapter: 0
[2018.11.21-15.40.42:888][  0]LogD3D11RHI: Creating new Direct3DDevice
[2018.11.21-15.40.42:888][  0]LogD3D11RHI:     GPU DeviceId: 0x5916 (for the marketing name, search the web for "GPU Device Id")
[2018.11.21-15.40.42:888][  0]LogWindows: EnumDisplayDevices:
[2018.11.21-15.40.42:889][  0]LogWindows:    0. 'Intel(R) HD Graphics 620' (P:1 D:1)
[2018.11.21-15.40.42:890][  0]LogWindows:    1. 'Intel(R) HD Graphics 620' (P:0 D:0)
[2018.11.21-15.40.42:892][  0]LogWindows:    2. 'Intel(R) HD Graphics 620' (P:0 D:0)
[2018.11.21-15.40.42:893][  0]LogWindows: DebugString: FoundDriverCount:3 
[2018.11.21-15.40.42:893][  0]LogD3D11RHI:     Adapter Name: Intel(R) HD Graphics 620
[2018.11.21-15.40.42:893][  0]LogD3D11RHI:   Driver Version: 21.20.16.4528 (internal:21.20.16.4528, unified:21.20.16.4528)
[2018.11.21-15.40.42:893][  0]LogD3D11RHI:      Driver Date: 9-23-2016
[2018.11.21-15.40.42:893][  0]LogRHI: Texture pool is 1498 MB (70% of 2140 MB)
[2018.11.21-15.40.42:902][  0]LogD3D11RHI: Async texture creation enabled
[2018.11.21-15.40.42:913][  0]LogD3D11RHI: GPU Timing Frequency: 12.000000 (Debug: 2 0)
[2018.11.21-15.40.42:915][  0]LogShaderCompilers: Guid format shader working directory is -27 characters bigger than the processId version (../../../../../../Users/hoon/Desktop/UE4STAG/UE4STAG/FujiwaraBattleField/Intermediate/Shaders/WorkingDirectory/3644/).
[2018.11.21-15.40.42:916][  0]LogShaderCompilers: Cleaned the shader compiler working directory 'C:/Users/hoon/AppData/Local/Temp/UnrealShaderWorkingDir/3570703A4C39E0652A2D6080BC55AE8F/'.
[2018.11.21-15.40.43:517][  0]LogTemp: Display: Loaded TP AllDesktopTargetPlatform
[2018.11.21-15.40.43:545][  0]LogTemp: Display: Loaded TP MacClientTargetPlatform
[2018.11.21-15.40.43:576][  0]LogTemp: Display: Loaded TP MacNoEditorTargetPlatform
[2018.11.21-15.40.43:603][  0]LogTemp: Display: Loaded TP MacServerTargetPlatform
[2018.11.21-15.40.43:628][  0]LogTemp: Display: Loaded TP MacTargetPlatform
[2018.11.21-15.40.43:648][  0]LogTemp: Display: Loaded TP WindowsClientTargetPlatform
[2018.11.21-15.40.43:668][  0]LogTemp: Display: Loaded TP WindowsNoEditorTargetPlatform
[2018.11.21-15.40.43:690][  0]LogTemp: Display: Loaded TP WindowsServerTargetPlatform
[2018.11.21-15.40.43:700][  0]LogTemp: Display: Loaded TP WindowsTargetPlatform
[2018.11.21-15.40.43:820][  0]LogTemp: Display: Loaded TP AndroidTargetPlatform
[2018.11.21-15.40.43:820][  0]LogTemp: Display: Loaded TP AndroidTargetPlatform
[2018.11.21-15.40.43:820][  0]LogTemp: Display: Loaded TP AndroidTargetPlatform
[2018.11.21-15.40.43:820][  0]LogTemp: Display: Loaded TP AndroidTargetPlatform
[2018.11.21-15.40.43:820][  0]LogTemp: Display: Loaded TP AndroidTargetPlatform
[2018.11.21-15.40.43:820][  0]LogTemp: Display: Loaded TP AndroidTargetPlatform
[2018.11.21-15.40.43:820][  0]LogTemp: Display: Loaded TP AndroidTargetPlatform
[2018.11.21-15.40.43:820][  0]LogTemp: Display: Loaded TP AndroidTargetPlatform
[2018.11.21-15.40.43:820][  0]LogTemp: Display: Loaded TP AndroidTargetPlatform
[2018.11.21-15.40.43:820][  0]LogTemp: Display: Loaded TP AndroidTargetPlatform
[2018.11.21-15.40.43:820][  0]LogTemp: Display: Loaded TP AndroidTargetPlatform
[2018.11.21-15.40.43:820][  0]LogTemp: Display: Loaded TP AndroidTargetPlatform
[2018.11.21-15.40.43:820][  0]LogTemp: Display: Loaded TP AndroidTargetPlatform
[2018.11.21-15.40.43:820][  0]LogTemp: Display: Loaded TP AndroidTargetPlatform
[2018.11.21-15.40.43:820][  0]LogTemp: Display: Loaded TP AndroidTargetPlatform
[2018.11.21-15.40.43:820][  0]LogTemp: Display: Loaded TP AndroidTargetPlatform
[2018.11.21-15.40.43:820][  0]LogTemp: Display: Loaded TP AndroidTargetPlatform
[2018.11.21-15.40.43:820][  0]LogTemp: Display: Loaded TP AndroidTargetPlatform
[2018.11.21-15.40.43:822][  0]LogTemp: Display: Loaded TP HTML5TargetPlatform
[2018.11.21-15.40.43:896][  0]LogTemp: Display: Loaded TP IOSTargetPlatform
[2018.11.21-15.40.43:896][  0]LogTemp: Display: Loaded TP IOSTargetPlatform
[2018.11.21-15.40.43:929][  0]LogTemp: Display: Loaded TP TVOSTargetPlatform
[2018.11.21-15.40.43:929][  0]LogTemp: Display: Loaded TP TVOSTargetPlatform
[2018.11.21-15.40.43:947][  0]LogTemp: Display: Loaded TP LinuxClientTargetPlatform
[2018.11.21-15.40.43:966][  0]LogTemp: Display: Loaded TP LinuxNoEditorTargetPlatform
[2018.11.21-15.40.43:982][  0]LogTemp: Display: Loaded TP LinuxServerTargetPlatform
[2018.11.21-15.40.43:999][  0]LogTemp: Display: Loaded TP LinuxTargetPlatform
[2018.11.21-15.40.44:009][  0]LogTemp: Display: Loaded TP LuminTargetPlatform
[2018.11.21-15.40.44:009][  0]LogTargetPlatformManager: Display: Building Assets For Windows
[2018.11.21-15.40.44:101][  0]LogXGEController: Cannot use XGE Controller as Incredibuild is not installed on this machine.
[2018.11.21-15.40.44:101][  0]LogShaderCompilers: Cannot use XGE Shader Compiler as Incredibuild is not installed on this machine.
[2018.11.21-15.40.44:101][  0]LogShaderCompilers: Display: Using Local Shader Compiler.
[2018.11.21-15.40.45:343][  0]LogDerivedDataCache: Display: Max Cache Size: 512 MB
[2018.11.21-15.40.45:465][  0]LogDerivedDataCache: Loaded boot cache 0.12s 71MB C:/Users/hoon/AppData/Local/UnrealEngine/4.20/DerivedDataCache/Boot.ddc.
[2018.11.21-15.40.45:466][  0]LogDerivedDataCache: Display: Loaded Boot cache: C:/Users/hoon/AppData/Local/UnrealEngine/4.20/DerivedDataCache/Boot.ddc
[2018.11.21-15.40.45:466][  0]LogDerivedDataCache: FDerivedDataBackendGraph:  Pak pak cache file ../../../../../../Users/hoon/Desktop/UE4STAG/UE4STAG/FujiwaraBattleField/DerivedDataCache/DDC.ddp not found, will not use a pak cache.
[2018.11.21-15.40.45:466][  0]LogDerivedDataCache: Unable to find inner node Pak for hierarchical cache Hierarchy.
[2018.11.21-15.40.45:466][  0]LogDerivedDataCache: FDerivedDataBackendGraph:  CompressedPak pak cache file ../../../../../../Users/hoon/Desktop/UE4STAG/UE4STAG/FujiwaraBattleField/DerivedDataCache/Compressed.ddp not found, will not use a pak cache.
[2018.11.21-15.40.45:466][  0]LogDerivedDataCache: Unable to find inner node CompressedPak for hierarchical cache Hierarchy.
[2018.11.21-15.40.45:499][  0]LogDerivedDataCache: Display: Pak cache opened for reading ../../../Engine/DerivedDataCache/Compressed.ddp.
[2018.11.21-15.40.45:533][  0]LogDerivedDataCache: Using Local data cache path C:/Users/hoon/AppData/Local/UnrealEngine/Common/DerivedDataCache: Writable
[2018.11.21-15.40.45:533][  0]LogDerivedDataCache: Shared data cache path not found in *engine.ini, will not use an Shared cache.
[2018.11.21-15.40.45:533][  0]LogDerivedDataCache: Unable to find inner node Shared for hierarchical cache Hierarchy.
[2018.11.21-15.40.45:575][  0]LogMaterial: Verifying Global Shaders for PCD3D_SM5
[2018.11.21-15.40.45:579][  0]LogSlate: Using FreeType 2.6.0
[2018.11.21-15.40.45:579][  0]LogSlate: SlateFontServices - WITH_FREETYPE: 1, WITH_HARFBUZZ: 1
[2018.11.21-15.40.45:719][  0]LogAssetRegistry: FAssetRegistry took 0.0326 seconds to start up
[2018.11.21-15.40.46:453][  0]LogInit: Selected Device Profile: [Windows]
[2018.11.21-15.40.46:712][  0]LogSimplygon: Simplygon DLL not present - disabling.
[2018.11.21-15.40.46:719][  0]LogMeshReduction: Using SimplygonSwarm for distributed automatic mesh merging
[2018.11.21-15.40.46:719][  0]LogMeshReduction: Using ProxyLODMeshReduction for automatic mesh merging
[2018.11.21-15.40.46:719][  0]LogMeshReduction: Using QuadricMeshReduction for automatic static mesh reduction
[2018.11.21-15.40.46:719][  0]LogMeshReduction: No automatic skeletal mesh reduction module available
[2018.11.21-15.40.46:761][  0]LogNetVersion: FujiwaraBattleField 1.0.0, NetCL: 4212847, EngineNetVer: 5, GameNetVer: 0 (Checksum: 1838566955)
[2018.11.21-15.40.47:779][  0]LogPackageLocalizationCache: Processed 11 localized package path(s) for 2 prioritized culture(s) in 0.159568 seconds
[2018.11.21-15.40.47:792][  0]LogUObjectArray: 38425 objects as part of root set at end of initial load.
[2018.11.21-15.40.47:792][  0]LogUObjectAllocator: 6690872 out of 0 bytes used by permanent object pool.
[2018.11.21-15.40.47:792][  0]LogUObjectArray: CloseDisregardForGC: 0/0 objects in disregard for GC pool
[2018.11.21-15.40.49:361][  0]LogTcpMessaging: Initializing TcpMessaging bridge
[2018.11.21-15.40.49:377][  0]LogUdpMessaging: Initializing bridge on interface 0.0.0.0:0 to multicast group 230.0.0.1:6666.
[2018.11.21-15.40.49:635][  0]SourceControl: 소스 컨트롤이 꺼졌습니다.
[2018.11.21-15.40.49:635][  0]SourceControl: 소스 컨트롤이 꺼졌습니다.
[2018.11.21-15.40.49:639][  0]SourceControl: 소스 컨트롤이 꺼졌습니다.
[2018.11.21-15.40.49:641][  0]SourceControl: 소스 컨트롤이 꺼졌습니다.
[2018.11.21-15.40.49:943][  0]LogAndroidPermission: UAndroidPermissionCallbackProxy::GetInstance
[2018.11.21-15.40.50:158][  0]LogOcInput: OculusInput pre-init called
[2018.11.21-15.40.50:305][  0]LogEngine: Initializing Engine...
[2018.11.21-15.40.50:307][  0]LogHMD: Failed to initialize OpenVR with code 110
[2018.11.21-15.40.50:309][  0]LogStats: UGameplayTagsManager::ConstructGameplayTagTree: ImportINI prefixes -  0.000 s
[2018.11.21-15.40.50:309][  0]LogStats: UGameplayTagsManager::ConstructGameplayTagTree: Construct from data asset -  0.000 s
[2018.11.21-15.40.50:310][  0]LogStats: UGameplayTagsManager::ConstructGameplayTagTree: ImportINI -  0.001 s
[2018.11.21-15.40.50:310][  0]LogStats: UGameplayTagsManager::ConstructGameplayTagTree: GameplayTagTreeChangedEvent.Broadcast -  0.000 s
[2018.11.21-15.40.50:664][  0]LogInit: Initializing FReadOnlyCVARCache
[2018.11.21-15.40.50:704][  0]LogAIModule: Creating AISystem for world Untitled
[2018.11.21-15.40.50:737][  0]LogInit: XAudio2 using 'Speakers(Conexant HD Audio)' : 2 channels at 48 kHz using 32 bits per sample (channel mask 0x3)
[2018.11.21-15.40.50:839][  0]LogInit: FAudioDevice initialized.
[2018.11.21-15.40.50:840][  0]LogNetVersion: Set ProjectVersion to 1.0.0.0. Version Checksum will be recalculated on next use.
[2018.11.21-15.40.50:947][  0]LogDerivedDataCache: Saved boot cache 0.11s 71MB C:/Users/hoon/AppData/Local/UnrealEngine/4.20/DerivedDataCache/Boot.ddc.
[2018.11.21-15.40.50:949][  0]LogInit: Texture streaming: Enabled
[2018.11.21-15.40.50:999][  0]LogEngineSessionManager: EngineSessionManager initialized
[2018.11.21-15.40.51:040][  0]LogInit: Transaction tracking system initialized
[2018.11.21-15.40.51:095][  0]BlueprintLog: New page: 에디터 로드
[2018.11.21-15.40.51:269][  0]LocalizationService: 현지화 서비스가 비활성화되었습니다.
[2018.11.21-15.40.52:104][  0]LogCook: Display: Max memory allowance for cook 16384mb min free memory 0mb
[2018.11.21-15.40.52:104][  0]LogCook: Display: Mobile HDR setting 1
[2018.11.21-15.40.52:105][  0]LogGameplayTags: Display: UGameplayTagsManager::DoneAddingNativeTags. DelegateIsBound: 0
[2018.11.21-15.40.52:105][  0]LogStats: UGameplayTagsManager::ConstructGameplayTagTree: ImportINI prefixes -  0.000 s
[2018.11.21-15.40.52:105][  0]LogStats: UGameplayTagsManager::ConstructGameplayTagTree: Construct from data asset -  0.000 s
[2018.11.21-15.40.52:105][  0]LogStats: UGameplayTagsManager::ConstructGameplayTagTree: ImportINI -  0.000 s
[2018.11.21-15.40.52:105][  0]LogStats: UGameplayTagsManager::ConstructGameplayTagTree: GameplayTagTreeChangedEvent.Broadcast -  0.000 s
[2018.11.21-15.40.52:171][  0]LogFileCache: Scanning file cache for directory 'C:/Users/hoon/Desktop/UE4STAG/UE4STAG/FujiwaraBattleField/Content/' took 0.02s
[2018.11.21-15.40.52:356][  0]SourceControl: 소스 컨트롤이 꺼졌습니다.
[2018.11.21-15.40.52:356][  0]Cmd: MAP LOAD FILE="../../../../../../Users/hoon/Desktop/UE4STAG/UE4STAG/FujiwaraBattleField/Content/Maps/Maps_LostBambooForest.umap" TEMPLATE=0 SHOWPROGRESS=1 FEATURELEVEL=3
[2018.11.21-15.40.52:365][  0]LightingResults: New page: 라이팅 빌드
[2018.11.21-15.40.52:370][  0]MapCheck: New page: 맵 체크
[2018.11.21-15.40.52:370][  0]LightingResults: New page: 라이팅 빌드
[2018.11.21-15.40.52:977][  0]LogLinker: Error: HOTRELOADED_Skill_Dash_1 has an inappropriate outermost, it was probably saved with a deprecated outer (file: ../../../../../../Users/hoon/Desktop/UE4STAG/UE4STAG/FujiwaraBattleField/Content/_Temporary/Skill/Skill_Dash.uasset)
[2018.11.21-15.40.52:977][  0]LogLinker: Error: HOTRELOADED_Skill_Dash_1 has an inappropriate outermost, it was probably saved with a deprecated outer (file: ../../../../../../Users/hoon/Desktop/UE4STAG/UE4STAG/FujiwaraBattleField/Content/_Temporary/Skill/Skill_Dash.uasset)
[2018.11.21-15.40.52:981][  0]LogLinker: Error: HOTRELOADED_Skill_Dash_1 has an inappropriate outermost, it was probably saved with a deprecated outer (file: ../../../../../../Users/hoon/Desktop/UE4STAG/UE4STAG/FujiwaraBattleField/Content/_Temporary/Skill/Skill_Dash.uasset)
[2018.11.21-15.40.52:981][  0]LogLinker: Error: HOTRELOADED_Skill_Dash_1 has an inappropriate outermost, it was probably saved with a deprecated outer (file: ../../../../../../Users/hoon/Desktop/UE4STAG/UE4STAG/FujiwaraBattleField/Content/_Temporary/Skill/Skill_Dash.uasset)
[2018.11.21-15.40.52:981][  0]LogProperty: Error: UStructProperty::Serialize Loading: Property 'StructProperty /Game/_Temporary/Skill/Skill_Dash.Skill_Dash_C:SkillDash'. Unknown structure.
[2018.11.21-15.40.52:998][  0]LogLinker: Error: HOTRELOADED_Skill_Dash_1 has an inappropriate outermost, it was probably saved with a deprecated outer (file: ../../../../../../Users/hoon/Desktop/UE4STAG/UE4STAG/FujiwaraBattleField/Content/_Temporary/Skill/Skill_Dash.uasset)
[2018.11.21-15.40.52:998][  0]LogLinker: Error: HOTRELOADED_Skill_Dash_1 has an inappropriate outermost, it was probably saved with a deprecated outer (file: ../../../../../../Users/hoon/Desktop/UE4STAG/UE4STAG/FujiwaraBattleField/Content/_Temporary/Skill/Skill_Dash.uasset)
[2018.11.21-15.40.52:998][  0]LogLinker: Error: HOTRELOADED_Skill_Dash_1 has an inappropriate outermost, it was probably saved with a deprecated outer (file: ../../../../../../Users/hoon/Desktop/UE4STAG/UE4STAG/FujiwaraBattleField/Content/_Temporary/Skill/Skill_Dash.uasset)
[2018.11.21-15.40.52:998][  0]LogClass: Warning: Property SkillDash of SkillDash has a struct type mismatch (tag HOTRELOADED_Skill_Dash_1 != prop FallbackStruct) in package:  ../../../../../../Users/hoon/Desktop/UE4STAG/UE4STAG/FujiwaraBattleField/Content/_Temporary/Skill/Skill_Dash.uasset. If that struct got renamed, add an entry to ActiveStructRedirects.
[2018.11.21-15.40.52:999][  0]LogLinker: Error: HOTRELOADED_Skill_Dash_1 has an inappropriate outermost, it was probably saved with a deprecated outer (file: ../../../../../../Users/hoon/Desktop/UE4STAG/UE4STAG/FujiwaraBattleField/Content/_Temporary/Skill/Skill_Dash.uasset)
[2018.11.21-15.40.53:000][  0]LogLinker: Error: HOTRELOADED_Skill_Dash_1 has an inappropriate outermost, it was probably saved with a deprecated outer (file: ../../../../../../Users/hoon/Desktop/UE4STAG/UE4STAG/FujiwaraBattleField/Content/_Temporary/Skill/Skill_Dash.uasset)
[2018.11.21-15.40.53:000][  0]LogLinker: Error: HOTRELOADED_Skill_Dash_1 has an inappropriate outermost, it was probably saved with a deprecated outer (file: ../../../../../../Users/hoon/Desktop/UE4STAG/UE4STAG/FujiwaraBattleField/Content/_Temporary/Skill/Skill_Dash.uasset)
[2018.11.21-15.40.53:000][  0]LogLinker: Error: HOTRELOADED_Skill_Dash_1 has an inappropriate outermost, it was probably saved with a deprecated outer (file: ../../../../../../Users/hoon/Desktop/UE4STAG/UE4STAG/FujiwaraBattleField/Content/_Temporary/Skill/Skill_Dash.uasset)
[2018.11.21-15.40.53:134][  0]LogBlueprint: Error: [Compiler Skill_Dash] Skill_Dash  에 선언된 SkillDash 변수에 유효하지 않은 구조체 유형이 있습니다.
[2018.11.21-15.40.53:203][  0]LogBlueprint: Error: [Compiler Skill_Dash] Skill_Dash  에 선언된 SkillDash 변수에 유효하지 않은 구조체 유형이 있습니다.
[2018.11.21-15.40.53:204][  0]LogBlueprint: Error: [Compiler Skill_Dash] 사용 중인  Skill Dash  핀은 더 이상  <unknown struct> 분해  노드에 존재하지 않습니다. 노드를 새로고치거나 연결을 끊어 제거하세요.
[2018.11.21-15.40.53:204][  0]LogBlueprint: Error: [Compiler Skill_Dash] 사용 중인  Dash Power  핀은 더 이상  <unknown struct> 분해  노드에 존재하지 않습니다. 노드를 새로고치거나 연결을 끊어 제거하세요.
[2018.11.21-15.40.53:204][  0]LogBlueprint: Error: [Compiler Skill_Dash] 사용 중인  Break Time  핀은 더 이상  <unknown struct> 분해  노드에 존재하지 않습니다. 노드를 새로고치거나 연결을 끊어 제거하세요.
[2018.11.21-15.40.53:204][  0]LogBlueprint: Error: [Compiler Skill_Dash] <unknown struct> 분해  에 구조체가 없습니다.
[2018.11.21-15.40.53:204][  0]LogBlueprint: Warning: [Compiler Skill_Dash] 'Skill_Dash_C' 에서 "SkillDash" 라는 이름의 변수를 찾을 수 없습니다.
 SkillDash 구하기  에 대해 'Skill_Dash_C' 컴파일이 되었는지 확인하세요.
[2018.11.21-15.40.53:305][  0]LogBlueprint: Error: [Compiler Skill_Dash] Skill Dash  와 연관된 프로퍼티를 찾지 못했습니다.
[2018.11.21-15.40.53:305][  0]LogBlueprint: Warning: [Compiler Skill_Dash] 이 구조체는 범용  <unknown struct> 분해  'break' 노드로 분해할 수 없습니다. 가능하다면 전용 'break' 함수를 사용해 보세요.
[2018.11.21-15.40.53:305][  0]LogBlueprint: Error: [Compiler Skill_Dash] <unknown struct> 분해  의 분해를 위해 알려지지 않은 구조체입니다.
[2018.11.21-15.40.53:371][  0]LogBlueprint: Warning: [Compiler Skill_Dash] [0014.75] Skill_Dash 컴파일에 실패했습니다. 치명적 오류 8 회, 경고 2 회, [소요시간 241 ms] (/Game/_Temporary/Skill/Skill_Dash.Skill_Dash)
[2018.11.21-15.40.54:373][  0]LogSlate: Took 0.002737 seconds to synchronously load lazily loaded font '../../../Engine/Content/Editor/Slate/Fonts/NanumGothic.ttf' (4243K)
[2018.11.21-15.40.54:374][  0]LogSlate: Took 0.000257 seconds to synchronously load lazily loaded font '../../../Engine/Content/Slate/Fonts/Roboto-Regular.ttf' (155K)
[2018.11.21-15.42.42:545][  0]LogSlate: Window '메시지' being destroyed
[2018.11.21-15.42.42:549][  0]LogWindowsTextInputMethodSystem: Display: IME system now activated using TSF (Microsoft 입력기).
[2018.11.21-15.42.42:624][  0]LogAIModule: Creating AISystem for world Maps_LostBambooForest
[2018.11.21-15.42.43:153][  0]LogEditorServer: Finished looking for orphan Actors (0.000 secs)
[2018.11.21-15.42.43:197][  0]Cmd: MAP CHECKDEP NOCLEARLOG
[2018.11.21-15.42.43:316][  0]MapCheck: 맵 체크 완료: 오류 0 회, 경고 0 회, 소요 시간 119.811ms.
[2018.11.21-15.42.43:316][  0]LogFileHelpers: Loading map 'Maps_LostBambooForest' took 110.960
[2018.11.21-15.42.43:393][  0]LogWindowsTextInputMethodSystem: Display: IME system now activated using TSF (Microsoft 입력기).
[2018.11.21-15.42.43:484][  0]LogSlate: Updating window title bar state: overlay mode, drag disabled, window buttons hidden, title bar hidden
[2018.11.21-15.42.43:496][  0]LogSlate: Updating window title bar state: overlay mode, drag disabled, window buttons hidden, title bar hidden
[2018.11.21-15.42.43:504][  0]LogSlate: Updating window title bar state: overlay mode, drag disabled, window buttons hidden, title bar hidden
[2018.11.21-15.42.43:512][  0]LogSlate: Updating window title bar state: overlay mode, drag disabled, window buttons hidden, title bar hidden
[2018.11.21-15.42.43:526][  0]LogCollectionManager: Loaded 0 collections in 0.002357 seconds
[2018.11.21-15.42.43:600][  0]LogFileCache: Scanning file cache for directory 'C:/Users/hoon/Desktop/UE4STAG/UE4STAG/FujiwaraBattleField/Saved/Collections/' took 0.01s
[2018.11.21-15.42.43:600][  0]LogFileCache: Scanning file cache for directory 'C:/Users/hoon/Desktop/UE4STAG/UE4STAG/FujiwaraBattleField/Content/Developers/hoon/Collections/' took 0.01s
[2018.11.21-15.42.43:600][  0]LogFileCache: Scanning file cache for directory 'C:/Users/hoon/Desktop/UE4STAG/UE4STAG/FujiwaraBattleField/Content/Collections/' took 0.01s
[2018.11.21-15.42.43:600][  0]LogCollectionManager: Rebuilt the GUID cache for 0 collections in 0.000001 seconds
[2018.11.21-15.42.43:616][  0]LogContentBrowser: Native class hierarchy populated in 0.0129 seconds. Added 2574 classes and 607 folders.
[2018.11.21-15.42.43:638][  0]LogContentBrowser: Native class hierarchy updated for 'WidgetCarousel' in 0.0004 seconds. Added 0 classes and 0 folders.
[2018.11.21-15.42.43:820][  0]LogContentBrowser: Native class hierarchy updated for 'AddContentDialog' in 0.0004 seconds. Added 0 classes and 0 folders.
[2018.11.21-15.42.43:836][  0]LogContentBrowser: Native class hierarchy updated for 'SceneOutliner' in 0.0006 seconds. Added 1 classes and 2 folders.
[2018.11.21-15.42.43:921][  0]LogSlate: Took 0.004030 seconds to synchronously load lazily loaded font '../../../Engine/Content/Editor/Slate/Fonts/NanumGothicBold.ttf' (4188K)
[2018.11.21-15.42.43:922][  0]LogSlate: Took 0.000275 seconds to synchronously load lazily loaded font '../../../Engine/Content/Slate/Fonts/Roboto-Bold.ttf' (160K)
[2018.11.21-15.42.43:930][  0]LogSlate: Took 0.001873 seconds to synchronously load lazily loaded font '../../../Engine/Content/Editor/Slate/Fonts/FontAwesome.ttf' (139K)
[2018.11.21-15.42.44:014][  0]LogRenderer: Reallocating scene render targets to support 900x412 Format 9 NumSamples 1 (Frame:1).
[2018.11.21-15.42.44:730][  0]LogContentBrowser: Native class hierarchy updated for 'HierarchicalLODOutliner' in 0.0006 seconds. Added 0 classes and 0 folders.
[2018.11.21-15.42.44:730][  0]LogLoad: (Engine Initialization) Total time: 126.11 seconds
[2018.11.21-15.42.44:730][  0]LogLoad: (Engine Initialization) Total Blueprint compile time: 0.00 seconds
[2018.11.21-15.42.44:785][  0]LogContentStreaming: Texture pool size now 400 MB
[2018.11.21-15.42.44:827][  0]LogSlate: Took 0.001406 seconds to synchronously load lazily loaded font '../../../Engine/Content/Slate/Fonts/Roboto-Light.ttf' (167K)
[2018.11.21-15.42.45:171][  1]LogAssetRegistry: Asset discovery search completed in 119.4754 seconds
[2018.11.21-15.42.45:187][  1]LogCollectionManager: Rebuilt the object cache for 0 collections in 0.000001 seconds (found 0 objects)
[2018.11.21-15.42.45:187][  1]LogCollectionManager: Fixed up redirectors for 0 collections in 0.000176 seconds (updated 0 objects)
[2018.11.21-15.42.46:248][  5]LogSlate: Took 0.000213 seconds to synchronously load lazily loaded font '../../../Engine/Content/Slate/Fonts/Roboto-Light.ttf' (167K)
[2018.11.21-15.42.50:488][ 18]LogSlate: FSceneViewport::OnFocusLost() reason 0
[2018.11.21-15.42.50:643][ 19]LogAssetEditorManager: Opening Asset editor for Blueprint /Game/_Temporary/Skill/Skill_Dash.Skill_Dash
[2018.11.21-15.42.51:383][ 19]LogContentBrowser: Native class hierarchy updated for 'BlueprintGraph' in 0.0010 seconds. Added 116 classes and 0 folders.
[2018.11.21-15.42.52:653][ 19]LogSlate: Took 0.001576 seconds to synchronously load lazily loaded font '../../../Engine/Content/Slate/Fonts/Roboto-BoldCondensed.ttf' (158K)
[2018.11.21-15.42.52:829][ 20]LogSlate: Took 0.001879 seconds to synchronously load lazily loaded font '../../../Engine/Content/Slate/Fonts/Roboto-Italic.ttf' (157K)
[2018.11.21-15.43.30:426][ 29]LogVSAccessor: Warning: Couldn't access Visual Studio
[2018.11.21-15.43.30:437][ 29]Candidate modules for hot reload:
[2018.11.21-15.43.30:438][ 29]  FujiwaraBattleField
[2018.11.21-15.43.30:438][ 29]Launching UnrealBuildTool... [C:/Program Files/Epic Games/UE_4.20/Engine/Binaries/DotNET/UnrealBuildTool.exe  -ModuleWithSuffix=FujiwaraBattleField,4324 Win64 Development -TargetType=Editor -Project="../../../../../../Users/hoon/Desktop/UE4STAG/UE4STAG/FujiwaraBattleField/FujiwaraBattleField.uproject" -canskiplink "C:/Users/hoon/Desktop/UE4STAG/UE4STAG/FujiwaraBattleField/FujiwaraBattleField.uproject" ]
[2018.11.21-15.43.30:439][ 29]Warning: Starting HotReload took  0.0s.
[2018.11.21-15.43.39:258][402]LogSlate: Took 0.002043 seconds to synchronously load lazily loaded font '../../../Engine/Content/Slate/Fonts/Roboto-BoldCondensedItalic.ttf' (160K)
[2018.11.21-15.43.52:476][ 27]CompilerResultsLog: New page: 컴파일 - 2018. 11. 22. 오전 9:43:52
[2018.11.21-15.43.52:478][ 27]CompilerResultsLog: Using 'git status' to determine working set for adaptive non-unity build.
[2018.11.21-15.43.52:478][ 27]CompilerResultsLog: Compiling game modules for hot reload
[2018.11.21-15.43.52:478][ 27]CompilerResultsLog: Target is up to date
[2018.11.21-15.43.52:478][ 27]CompilerResultsLog: Total build time: 18.13 seconds (NoActionsToExecute executor: 0.01 seconds)
[2018.11.21-15.43.52:479][ 27]LogMainFrame: MainFrame: Module compiling took 22.052 seconds
[2018.11.21-15.43.52:923][ 27]LogContentBrowser: Native class hierarchy populated in 0.0106 seconds. Added 2575 classes and 609 folders.
[2018.11.21-15.43.52:980][ 27]Display: HotReload took 22.6s.
[2018.11.21-15.44.23:584][624]LogEditorTransaction: Undo 현 선택을 삭제합니다.
[2018.11.21-15.44.26:245][765]LogEditorTransaction: Redo 현 선택을 삭제합니다.
[2018.11.21-15.44.46:237][848]LogEditorTransaction: Undo 노드 이동
[2018.11.21-15.44.48:856][987]LogEditorTransaction: Undo 노드 이동
[2018.11.21-15.44.57:407][453]BlueprintLog: New page: Skill_Dash 컴파일
[2018.11.21-15.44.57:428][453]LogBlueprint: Error: [Compiler Skill_Dash] Skill_Dash  에 선언된 SkillDash 변수에 유효하지 않은 구조체 유형이 있습니다.
[2018.11.21-15.44.57:439][453]LogBlueprint: Error: [Compiler Skill_Dash] Skill_Dash  에 선언된 SkillDash 변수에 유효하지 않은 구조체 유형이 있습니다.
[2018.11.21-15.44.57:761][453]LogBlueprint: Warning: [Compiler Skill_Dash] [0259.14] Skill_Dash 컴파일에 실패했습니다. 치명적 오류 2 회, 경고 0 회, [소요시간 353 ms] (/Game/_Temporary/Skill/Skill_Dash.Skill_Dash)
[2018.11.21-15.45.11:904][207]BlueprintLog: New page: Skill_Dash 컴파일
[2018.11.21-15.45.11:928][207]LogBlueprint: Error: [Compiler Skill_Dash] Skill_Dash  에 선언된 SkillDash 변수에 유효하지 않은 구조체 유형이 있습니다.
[2018.11.21-15.45.11:944][207]LogBlueprint: Error: [Compiler Skill_Dash] Skill_Dash  에 선언된 SkillDash 변수에 유효하지 않은 구조체 유형이 있습니다.
[2018.11.21-15.45.12:293][207]LogBlueprint: Warning: [Compiler Skill_Dash] [0273.67] Skill_Dash 컴파일에 실패했습니다. 치명적 오류 2 회, 경고 0 회, [소요시간 388 ms] (/Game/_Temporary/Skill/Skill_Dash.Skill_Dash)
[2018.11.21-15.45.42:783][936]BlueprintLog: New page: Skill_Dash 컴파일
[2018.11.21-15.45.42:804][936]LogBlueprint: Error: [Compiler Skill_Dash] Skill_Dash  에 선언된 SkillDash 변수에 유효하지 않은 구조체 유형이 있습니다.
[2018.11.21-15.45.42:817][936]LogBlueprint: Error: [Compiler Skill_Dash] Skill_Dash  에 선언된 SkillDash 변수에 유효하지 않은 구조체 유형이 있습니다.
[2018.11.21-15.45.43:040][936]LogBlueprint: Warning: [Compiler Skill_Dash] [0304.42] Skill_Dash 컴파일에 실패했습니다. 치명적 오류 2 회, 경고 0 회, [소요시간 256 ms] (/Game/_Temporary/Skill/Skill_Dash.Skill_Dash)
[2018.11.21-15.46.02:072][944]BlueprintLog: New page: Skill_Dash 컴파일
[2018.11.21-15.46.02:089][944]LogBlueprint: Error: [Compiler Skill_Dash] Skill_Dash  에 선언된 SkillDash 변수에 유효하지 않은 구조체 유형이 있습니다.
[2018.11.21-15.46.02:114][944]LogBlueprint: Error: [Compiler Skill_Dash] Skill_Dash  에 선언된 SkillDash 변수에 유효하지 않은 구조체 유형이 있습니다.
[2018.11.21-15.46.02:385][944]LogBlueprint: Warning: [Compiler Skill_Dash] [0323.76] Skill_Dash 컴파일에 실패했습니다. 치명적 오류 2 회, 경고 0 회, [소요시간 312 ms] (/Game/_Temporary/Skill/Skill_Dash.Skill_Dash)
[2018.11.21-15.46.02:928][968]Cmd: OBJ SAVEPACKAGE PACKAGE="/Game/_Temporary/Skill/Skill_Dash" FILE="../../../../../../Users/hoon/Desktop/UE4STAG/UE4STAG/FujiwaraBattleField/Content/_Temporary/Skill/Skill_Dash.uasset" SILENT=true
[2018.11.21-15.46.03:033][968]LogSavePackage: Moving '../../../../../../Users/hoon/Desktop/UE4STAG/UE4STAG/FujiwaraBattleField/Saved/Skill_Dash2094900642AE3D719439D8AEF10608CA.tmp' to '../../../../../../Users/hoon/Desktop/UE4STAG/UE4STAG/FujiwaraBattleField/Content/_Temporary/Skill/Skill_Dash.uasset'
[2018.11.21-15.46.18:154][807]BlueprintLog: New page: Skill_Dash 컴파일
[2018.11.21-15.46.18:179][807]LogBlueprint: Error: [Compiler Skill_Dash] Skill_Dash  에 선언된 SkillDash 변수에 유효하지 않은 구조체 유형이 있습니다.
[2018.11.21-15.46.18:189][807]LogBlueprint: Error: [Compiler Skill_Dash] Skill_Dash  에 선언된 SkillDash 변수에 유효하지 않은 구조체 유형이 있습니다.
[2018.11.21-15.46.18:411][807]LogBlueprint: Warning: [Compiler Skill_Dash] [0339.79] Skill_Dash 컴파일에 실패했습니다. 치명적 오류 2 회, 경고 0 회, [소요시간 255 ms] (/Game/_Temporary/Skill/Skill_Dash.Skill_Dash)
[2018.11.21-15.46.34:271][402]BlueprintLog: New page: Skill_Dash 컴파일
[2018.11.21-15.46.34:292][402]LogBlueprint: Error: [Compiler Skill_Dash] Skill_Dash  에 선언된 SkillDash 변수에 유효하지 않은 구조체 유형이 있습니다.
[2018.11.21-15.46.34:304][402]LogBlueprint: Error: [Compiler Skill_Dash] Skill_Dash  에 선언된 SkillDash 변수에 유효하지 않은 구조체 유형이 있습니다.
[2018.11.21-15.46.34:564][402]LogBlueprint: Warning: [Compiler Skill_Dash] [0355.94] Skill_Dash 컴파일에 실패했습니다. 치명적 오류 2 회, 경고 0 회, [소요시간 293 ms] (/Game/_Temporary/Skill/Skill_Dash.Skill_Dash)
[2018.11.21-15.46.34:732][408]BlueprintLog: New page: Skill_Dash 컴파일
[2018.11.21-15.46.34:748][408]LogBlueprint: Error: [Compiler Skill_Dash] Skill_Dash  에 선언된 SkillDash 변수에 유효하지 않은 구조체 유형이 있습니다.
[2018.11.21-15.46.34:761][408]LogBlueprint: Error: [Compiler Skill_Dash] Skill_Dash  에 선언된 SkillDash 변수에 유효하지 않은 구조체 유형이 있습니다.
[2018.11.21-15.46.34:983][408]LogBlueprint: Warning: [Compiler Skill_Dash] [0356.36] Skill_Dash 컴파일에 실패했습니다. 치명적 오류 2 회, 경고 0 회, [소요시간 249 ms] (/Game/_Temporary/Skill/Skill_Dash.Skill_Dash)
[2018.11.21-15.46.34:984][408]BlueprintLog: New page: Skill_Dash 컴파일
[2018.11.21-15.46.34:998][408]LogBlueprint: Error: [Compiler Skill_Dash] Skill_Dash  에 선언된 SkillDash 변수에 유효하지 않은 구조체 유형이 있습니다.
[2018.11.21-15.46.35:004][408]LogBlueprint: Error: [Compiler Skill_Dash] Skill_Dash  에 선언된 SkillDash 변수에 유효하지 않은 구조체 유형이 있습니다.
[2018.11.21-15.46.35:230][408]LogBlueprint: Warning: [Compiler Skill_Dash] [0356.61] Skill_Dash 컴파일에 실패했습니다. 치명적 오류 2 회, 경고 0 회, [소요시간 246 ms] (/Game/_Temporary/Skill/Skill_Dash.Skill_Dash)
[2018.11.21-15.46.35:230][408]BlueprintLog: New page: Skill_Dash 컴파일
[2018.11.21-15.46.35:240][408]LogBlueprint: Error: [Compiler Skill_Dash] Skill_Dash  에 선언된 SkillDash 변수에 유효하지 않은 구조체 유형이 있습니다.
[2018.11.21-15.46.35:248][408]LogBlueprint: Error: [Compiler Skill_Dash] Skill_Dash  에 선언된 SkillDash 변수에 유효하지 않은 구조체 유형이 있습니다.
[2018.11.21-15.46.35:476][408]LogBlueprint: Warning: [Compiler Skill_Dash] [0356.86] Skill_Dash 컴파일에 실패했습니다. 치명적 오류 2 회, 경고 0 회, [소요시간 245 ms] (/Game/_Temporary/Skill/Skill_Dash.Skill_Dash)
[2018.11.21-15.46.37:340][459]LogVSAccessor: Warning: Couldn't access Visual Studio
[2018.11.21-15.46.37:347][459]Candidate modules for hot reload:
[2018.11.21-15.46.37:347][459]  FujiwaraBattleField
[2018.11.21-15.46.37:348][459]Launching UnrealBuildTool... [C:/Program Files/Epic Games/UE_4.20/Engine/Binaries/DotNET/UnrealBuildTool.exe  -ModuleWithSuffix=FujiwaraBattleField,3937 Win64 Development -TargetType=Editor -Project="../../../../../../Users/hoon/Desktop/UE4STAG/UE4STAG/FujiwaraBattleField/FujiwaraBattleField.uproject" -canskiplink "C:/Users/hoon/Desktop/UE4STAG/UE4STAG/FujiwaraBattleField/FujiwaraBattleField.uproject" ]
[2018.11.21-15.46.37:352][459]Warning: Starting HotReload took  0.0s.
[2018.11.21-15.46.53:383][135]BlueprintLog: New page: Skill_Dash 컴파일
[2018.11.21-15.46.53:404][135]LogBlueprint: Error: [Compiler Skill_Dash] Skill_Dash  에 선언된 SkillDash 변수에 유효하지 않은 구조체 유형이 있습니다.
[2018.11.21-15.46.53:418][135]LogBlueprint: Error: [Compiler Skill_Dash] Skill_Dash  에 선언된 SkillDash 변수에 유효하지 않은 구조체 유형이 있습니다.
[2018.11.21-15.46.53:729][135]LogBlueprint: Warning: [Compiler Skill_Dash] [0375.11] Skill_Dash 컴파일에 실패했습니다. 치명적 오류 2 회, 경고 0 회, [소요시간 345 ms] (/Game/_Temporary/Skill/Skill_Dash.Skill_Dash)
[2018.11.21-15.46.56:238][242]LogSlate: Window 'FujiwaraBattleField - 언리얼 에디터' being destroyed
[2018.11.21-15.46.56:243][242]LogWindowsTextInputMethodSystem: Display: IME system now activated using TSF (Microsoft 입력기).
[2018.11.21-15.46.56:581][243]CompilerResultsLog: New page: 컴파일 - 2018. 11. 22. 오전 9:46:56
[2018.11.21-15.46.56:581][243]CompilerResultsLog: Using 'git status' to determine working set for adaptive non-unity build.
[2018.11.21-15.46.56:581][243]CompilerResultsLog: Compiling game modules for hot reload
[2018.11.21-15.46.56:581][243]CompilerResultsLog: Target is up to date
[2018.11.21-15.46.56:581][243]CompilerResultsLog: Total build time: 14.76 seconds (NoActionsToExecute executor: 0.00 seconds)
[2018.11.21-15.46.56:581][243]LogMainFrame: MainFrame: Module compiling took 19.241 seconds
[2018.11.21-15.46.57:149][243]LogContentBrowser: Native class hierarchy populated in 0.0242 seconds. Added 2575 classes and 609 folders.
[2018.11.21-15.46.57:149][243]Display: HotReload took 19.8s.
[2018.11.21-15.46.57:149][243]Cmd: QUIT_EDITOR
[2018.11.21-15.46.57:226][243]LogExit: Preparing to exit.
[2018.11.21-15.46.57:802][243]LogExit: Editor shut down
[2018.11.21-15.46.57:869][243]LogExit: Transaction tracking system shut down
[2018.11.21-15.46.58:647][243]LogExit: Object subsystem successfully closed.
[2018.11.21-15.46.58:664][243]LogShaderCompilers: Display: Shaders left to compile 0
[2018.11.21-15.46.58:668][243]LogD3D11RHI: Shutdown
[2018.11.21-15.46.58:668][243]LogD3D11RHI: CleanupD3DDevice
[2018.11.21-15.46.58:710][243]LogD3D11RHI: ~FD3D11DynamicRHI
[2018.11.21-15.46.58:750][243]LogModuleManager: Shutting down and abandoning module BlueprintGraph (614)
[2018.11.21-15.46.58:751][243]LogModuleManager: Shutting down and abandoning module HierarchicalLODOutliner (612)
[2018.11.21-15.46.58:751][243]LogModuleManager: Shutting down and abandoning module SceneOutliner (610)
[2018.11.21-15.46.58:751][243]LogModuleManager: Shutting down and abandoning module AddContentDialog (608)
[2018.11.21-15.46.58:751][243]LogModuleManager: Shutting down and abandoning module WidgetCarousel (607)
[2018.11.21-15.46.58:751][243]LogModuleManager: Shutting down and abandoning module EditorWidgets (604)
[2018.11.21-15.46.58:751][243]LogModuleManager: Shutting down and abandoning module CollectionManager (602)
[2018.11.21-15.46.58:752][243]LogModuleManager: Shutting down and abandoning module StatsViewer (600)
[2018.11.21-15.46.58:752][243]LogModuleManager: Shutting down and abandoning module FoliageEdit (598)
[2018.11.21-15.46.58:752][243]LogModuleManager: Shutting down and abandoning module LandscapeEditor (596)
[2018.11.21-15.46.58:752][243]LogModuleManager: Shutting down and abandoning module MeshPaintMode (594)
[2018.11.21-15.46.58:752][243]LogModuleManager: Shutting down and abandoning module SceneDepthPickerMode (592)
[2018.11.21-15.46.58:752][243]LogModuleManager: Shutting down and abandoning module ActorPickerMode (590)
[2018.11.21-15.46.58:752][243]LogModuleManager: Shutting down and abandoning module GeometryMode (588)
[2018.11.21-15.46.58:752][243]LogModuleManager: Shutting down and abandoning module TextureAlignMode (586)
[2018.11.21-15.46.58:752][243]LogModuleManager: Shutting down and abandoning module BspMode (584)
[2018.11.21-15.46.58:752][243]LogModuleManager: Shutting down and abandoning module PIEPreviewDeviceProfileSelector (582)
[2018.11.21-15.46.58:752][243]LogModuleManager: Shutting down and abandoning module SequenceRecorderSections (580)
[2018.11.21-15.46.58:752][243]LogModuleManager: Shutting down and abandoning module AutomationWorker (578)
[2018.11.21-15.46.58:752][243]LogModuleManager: Shutting down and abandoning module AudioCaptureEditor (576)
[2018.11.21-15.46.58:752][243]LogModuleManager: Shutting down and abandoning module SequenceRecorder (575)
[2018.11.21-15.46.58:752][243]LogModuleManager: Shutting down and abandoning module MatineeToLevelSequence (572)
[2018.11.21-15.46.58:752][243]LogModuleManager: Shutting down and abandoning module LevelSequenceEditor (570)
[2018.11.21-15.46.58:752][243]LogModuleManager: Shutting down and abandoning module PlacementMode (569)
[2018.11.21-15.46.58:752][243]LogModuleManager: Shutting down and abandoning module MaterialEditor (568)
[2018.11.21-15.46.58:752][243]LogModuleManager: Shutting down and abandoning module WmfMediaFactory (564)
[2018.11.21-15.46.58:752][243]LogModuleManager: Shutting down and abandoning module WmfMediaEditor (562)
[2018.11.21-15.46.58:752][243]LogModuleManager: Shutting down and abandoning module MediaPlayerEditor (560)
[2018.11.21-15.46.58:752][243]LogModuleManager: Shutting down and abandoning module OpenExrWrapper (558)
[2018.11.21-15.46.58:752][243]LogModuleManager: Shutting down and abandoning module ImgMediaFactory (556)
[2018.11.21-15.46.58:752][243]LogModuleManager: Shutting down and abandoning module ImgMediaEditor (554)
[2018.11.21-15.46.58:753][243]LogModuleManager: Shutting down and abandoning module AvfMediaFactory (552)
[2018.11.21-15.46.58:753][243]LogModuleManager: Shutting down and abandoning module AvfMediaEditor (550)
[2018.11.21-15.46.58:753][243]LogModuleManager: Shutting down and abandoning module AndroidMediaFactory (548)
[2018.11.21-15.46.58:753][243]LogModuleManager: Shutting down and abandoning module AndroidMediaEditor (546)
[2018.11.21-15.46.58:753][243]LogModuleManager: Shutting down and abandoning module MagicLeapCameraPreviewFactory (544)
[2018.11.21-15.46.58:753][243]LogModuleManager: Shutting down and abandoning module MagicLeapMediaFactory (542)
[2018.11.21-15.46.58:753][243]LogModuleManager: Shutting down and abandoning module MagicLeapMediaEditor (540)
[2018.11.21-15.46.58:753][243]LogModuleManager: Shutting down and abandoning module CharacterAI (538)
[2018.11.21-15.46.58:753][243]LogModuleManager: Shutting down and abandoning module SmartSnapping (536)
[2018.11.21-15.46.58:753][243]LogModuleManager: Shutting down and abandoning module SessionServices (534)
[2018.11.21-15.46.58:753][243]LogModuleManager: Shutting down and abandoning module ViewportSnapping (532)
[2018.11.21-15.46.58:753][243]LogModuleManager: Shutting down and abandoning module ViewportInteraction (530)
[2018.11.21-15.46.58:753][243]LogModuleManager: Shutting down and abandoning module ClothPainter (528)
[2018.11.21-15.46.58:753][243]LogModuleManager: Shutting down and abandoning module SkeletalMeshEditor (527)
[2018.11.21-15.46.58:753][243]LogModuleManager: Shutting down and abandoning module LogVisualizer (524)
[2018.11.21-15.46.58:753][243]LogModuleManager: Shutting down and abandoning module IntroTutorials (522)
[2018.11.21-15.46.58:753][243]LogModuleManager: Shutting down and abandoning module GameProjectGeneration (521)
[2018.11.21-15.46.58:753][243]LogModuleManager: Shutting down and abandoning module LuminPlatformEditor (518)
[2018.11.21-15.46.58:753][243]LogModuleManager: Shutting down and abandoning module IOSPlatformEditor (516)
[2018.11.21-15.46.58:753][243]LogModuleManager: Shutting down and abandoning module HTML5PlatformEditor (514)
[2018.11.21-15.46.58:753][243]LogModuleManager: Shutting down and abandoning module AndroidPlatformEditor (512)
[2018.11.21-15.46.58:753][243]LogModuleManager: Shutting down and abandoning module AndroidDeviceDetection (511)
[2018.11.21-15.47.00:582][243]LogModuleManager: Shutting down and abandoning module WindowsPlatformEditor (508)
[2018.11.21-15.47.00:582][243]LogModuleManager: Shutting down and abandoning module LuminRuntimeSettings (506)
[2018.11.21-15.47.00:582][243]LogModuleManager: Shutting down and abandoning module IOSRuntimeSettings (504)
[2018.11.21-15.47.00:582][243]LogModuleManager: Shutting down and abandoning module AndroidRuntimeSettings (502)
[2018.11.21-15.47.00:582][243]LogModuleManager: Shutting down and abandoning module InputBindingEditor (500)
[2018.11.21-15.47.00:582][243]LogModuleManager: Shutting down and abandoning module MergeActors (498)
[2018.11.21-15.47.00:582][243]LogModuleManager: Shutting down and abandoning module LocalizationDashboard (496)
[2018.11.21-15.47.00:582][243]LogModuleManager: Shutting down and abandoning module LocalizationService (495)
[2018.11.21-15.47.00:582][243]LogModuleManager: Shutting down and abandoning module HardwareTargeting (492)
[2018.11.21-15.47.00:582][243]LogModuleManager: Shutting down and abandoning module DeviceProfileEditor (490)
[2018.11.21-15.47.00:582][243]LogModuleManager: Shutting down and abandoning module UndoHistory (488)
[2018.11.21-15.47.00:582][243]LogModuleManager: Shutting down and abandoning module XmlParser (486)
[2018.11.21-15.47.00:582][243]LogModuleManager: Shutting down and abandoning module Blutility (484)
[2018.11.21-15.47.00:583][243]LogModuleManager: Shutting down and abandoning module ProjectSettingsViewer (482)
[2018.11.21-15.47.00:583][243]LogModuleManager: Shutting down and abandoning module ProjectTargetPlatformEditor (481)
[2018.11.21-15.47.00:583][243]LogModuleManager: Shutting down and abandoning module EditorSettingsViewer (478)
[2018.11.21-15.47.00:583][243]LogModuleManager: Shutting down and abandoning module SettingsEditor (476)
[2018.11.21-15.47.00:583][243]LogModuleManager: Shutting down and abandoning module ProjectLauncher (474)
[2018.11.21-15.47.00:583][243]LogModuleManager: Shutting down and abandoning module SessionFrontend (472)
[2018.11.21-15.47.00:583][243]LogModuleManager: Shutting down and abandoning module ProfilerClient (470)
[2018.11.21-15.47.00:583][243]LogModuleManager: Shutting down and abandoning module DeviceManager (468)
[2018.11.21-15.47.00:583][243]LogModuleManager: Shutting down and abandoning module TargetDeviceServices (467)
[2018.11.21-15.47.00:852][243]LogModuleManager: Shutting down and abandoning module AutomationController (464)
[2018.11.21-15.47.00:852][243]LogModuleManager: Shutting down and abandoning module AutomationWindow (462)
[2018.11.21-15.47.00:853][243]LogModuleManager: Shutting down and abandoning module Layers (460)
[2018.11.21-15.47.00:853][243]LogModuleManager: Shutting down and abandoning module ComponentVisualizers (458)
[2018.11.21-15.47.00:853][243]LogModuleManager: Shutting down and abandoning module DetailCustomizations (456)
[2018.11.21-15.47.00:853][243]LogModuleManager: Shutting down and abandoning module PackagesDialog (454)
[2018.11.21-15.47.00:853][243]LogModuleManager: Shutting down and abandoning module Persona (452)
[2018.11.21-15.47.00:853][243]LogModuleManager: Shutting down and abandoning module AdvancedPreviewScene (451)
[2018.11.21-15.47.00:853][243]LogModuleManager: Shutting down and abandoning module AnimGraph (449)
[2018.11.21-15.47.00:853][243]LogModuleManager: Shutting down and abandoning module Kismet (446)
[2018.11.21-15.47.00:870][243]LogModuleManager: Shutting down and abandoning module GraphEditor (444)
[2018.11.21-15.47.00:870][243]LogModuleManager: Shutting down and abandoning module ClassViewer (442)
[2018.11.21-15.47.00:870][243]LogModuleManager: Shutting down and abandoning module Toolbox (440)
[2018.11.21-15.47.00:870][243]LogModuleManager: Shutting down and abandoning module DesktopPlatform (439)
[2018.11.21-15.47.00:870][243]LogModuleManager: Shutting down and abandoning module ModuleUI (436)
[2018.11.21-15.47.00:870][243]LogModuleManager: Shutting down and abandoning module MovieSceneTools (434)
[2018.11.21-15.47.00:870][243]LogModuleManager: Shutting down and abandoning module OutputLog (432)
[2018.11.21-15.47.00:870][243]LogModuleManager: Shutting down and abandoning module GammaUI (430)
[2018.11.21-15.47.00:870][243]LogModuleManager: Shutting down and abandoning module Documentation (428)
[2018.11.21-15.47.00:870][243]LogModuleManager: Shutting down and abandoning module MovieSceneTracks (426)
[2018.11.21-15.47.00:870][243]LogModuleManager: Shutting down and abandoning module MovieScene (424)
[2018.11.21-15.47.00:871][243]LogModuleManager: Shutting down and abandoning module StreamingPauseRendering (422)
[2018.11.21-15.47.00:871][243]LogModuleManager: Shutting down and abandoning module LauncherPlatform (420)
[2018.11.21-15.47.00:871][243]LogModuleManager: Shutting down and abandoning module AnalyticsET (418)
[2018.11.21-15.47.00:871][243]LogModuleManager: Shutting down and abandoning module PortalServices (416)
[2018.11.21-15.47.00:871][243]LogModuleManager: Shutting down and abandoning module PortalRpc (414)
[2018.11.21-15.47.00:871][243]LogModuleManager: Shutting down and abandoning module MessagingRpc (412)
[2018.11.21-15.47.00:871][243]LogModuleManager: Shutting down and abandoning module AIModule (410)
[2018.11.21-15.47.00:871][243]LogModuleManager: Shutting down and abandoning module GameplayDebugger (409)
[2018.11.21-15.47.00:871][243]LogModuleManager: Shutting down and abandoning module AITestSuite (407)
[2018.11.21-15.47.00:871][243]LogModuleManager: Shutting down and abandoning module NavigationSystem (405)
[2018.11.21-15.47.00:871][243]LogModuleManager: Shutting down and abandoning module ProfilerService (402)
[2018.11.21-15.47.01:045][243]LogModuleManager: Shutting down and abandoning module TaskGraph (400)
[2018.11.21-15.47.01:045][243]LogModuleManager: Shutting down and abandoning module SteamVRController (398)
[2018.11.21-15.47.01:045][243]LogModuleManager: Shutting down and abandoning module ProceduralMeshComponentEditor (396)
[2018.11.21-15.47.01:045][243]LogModuleManager: Shutting down and abandoning module ProceduralMeshComponent (394)
[2018.11.21-15.47.01:045][243]LogModuleManager: Shutting down and abandoning module OculusInput (392)
[2018.11.21-15.47.01:046][243]LogModuleManager: Shutting down and abandoning module MobilePatchingUtils (390)
[2018.11.21-15.47.01:046][243]LogModuleManager: Shutting down and abandoning module EditableMesh (388)
[2018.11.21-15.47.01:046][243]LogModuleManager: Shutting down and abandoning module CustomMeshComponent (386)
[2018.11.21-15.47.01:046][243]LogModuleManager: Shutting down and abandoning module CableComponent (384)
[2018.11.21-15.47.01:046][243]LogModuleManager: Shutting down and abandoning module AudioCapture (382)
[2018.11.21-15.47.01:046][243]LogModuleManager: Shutting down and abandoning module ArchVisCharacter (380)
[2018.11.21-15.47.01:046][243]LogModuleManager: Shutting down and abandoning module AndroidPermission (378)
[2018.11.21-15.47.01:046][243]LogModuleManager: Shutting down and abandoning module NUTUnrealEngine4 (376)
[2018.11.21-15.47.01:046][243]LogModuleManager: Shutting down and abandoning module NetcodeUnitTest (374)
[2018.11.21-15.47.01:047][243]LogModuleManager: Shutting down and abandoning module MediaCompositingEditor (372)
[2018.11.21-15.47.01:047][243]LogModuleManager: Shutting down and abandoning module MediaCompositing (370)
[2018.11.21-15.47.01:047][243]LogModuleManager: Shutting down and abandoning module LinearTimecode (368)
[2018.11.21-15.47.01:047][243]LogModuleManager: Shutting down and abandoning module ImgMedia (366)
[2018.11.21-15.47.01:052][243]LogModuleManager: Shutting down and abandoning module HTML5Networking (364)
[2018.11.21-15.47.01:052][243]LogModuleManager: Shutting down and abandoning module GeometryCacheTracks (362)
[2018.11.21-15.47.01:052][243]LogModuleManager: Shutting down and abandoning module GeometryCacheSequencer (360)
[2018.11.21-15.47.01:052][243]LogModuleManager: Shutting down and abandoning module BackChannel (358)
[2018.11.21-15.47.01:052][243]LogModuleManager: Shutting down and abandoning module AppleVision (356)
[2018.11.21-15.47.01:052][243]LogModuleManager: Shutting down and abandoning module AppleImageUtils (354)
[2018.11.21-15.47.01:052][243]LogModuleManager: Shutting down and abandoning module AlembicImporter (352)
[2018.11.21-15.47.01:052][243]LogModuleManager: Shutting down and abandoning module AlembicLibrary (351)
[2018.11.21-15.47.01:052][243]LogModuleManager: Shutting down and abandoning module GeometryCache (350)
[2018.11.21-15.47.01:052][243]LogModuleManager: Shutting down and abandoning module GeometryCacheEd (349)
[2018.11.21-15.47.01:053][243]LogModuleManager: Shutting down and abandoning module DatasmithContentEditor (344)
[2018.11.21-15.47.01:053][243]LogModuleManager: Shutting down and abandoning module DatasmithContent (342)
[2018.11.21-15.47.01:053][243]LogModuleManager: Shutting down and abandoning module SpeedTreeImporter (340)
[2018.11.21-15.47.01:053][243]LogModuleManager: Shutting down and abandoning module PluginBrowser (338)
[2018.11.21-15.47.01:054][243]LogModuleManager: Shutting down and abandoning module MobileLauncherProfileWizard (336)
[2018.11.21-15.47.01:054][243]LogModuleManager: Shutting down and abandoning module PolygonModeling (334)
[2018.11.21-15.47.01:054][243]LogModuleManager: Shutting down and abandoning module MeshEditor (332)
[2018.11.21-15.47.01:054][243]LogModuleManager: Shutting down and abandoning module CryptoKeysOpenSSL (330)
[2018.11.21-15.47.01:054][243]LogModuleManager: Shutting down and abandoning module CryptoKeys (328)
[2018.11.21-15.47.01:054][243]LogModuleManager: Shutting down and abandoning module VisualStudioSourceCodeAccess (326)
[2018.11.21-15.47.01:054][243]LogModuleManager: Shutting down and abandoning module VisualStudioCodeSourceCodeAccess (324)
[2018.11.21-15.47.01:054][243]LogModuleManager: Shutting down and abandoning module UObjectPlugin (322)
[2018.11.21-15.47.01:054][243]LogModuleManager: Shutting down and abandoning module SubversionSourceControl (320)
[2018.11.21-15.47.01:054][243]LogModuleManager: Shutting down and abandoning module PerforceSourceControl (318)
[2018.11.21-15.47.01:054][243]LogModuleManager: Shutting down and abandoning module GitSourceControl (316)
[2018.11.21-15.47.01:055][243]LogModuleManager: Shutting down and abandoning module SourceControl (315)
[2018.11.21-15.47.01:055][243]LogModuleManager: Shutting down and abandoning module CLionSourceCodeAccess (312)
[2018.11.21-15.47.01:055][243]LogModuleManager: Shutting down and abandoning module LightPropagationVolumeEditor (310)
[2018.11.21-15.47.01:055][243]LogModuleManager: Shutting down and abandoning module PaperTiledImporter (308)
[2018.11.21-15.47.01:055][243]LogModuleManager: Shutting down and abandoning module PaperSpriteSheetImporter (306)
[2018.11.21-15.47.01:055][243]LogModuleManager: Shutting down and abandoning module Paper2DEditor (304)
[2018.11.21-15.47.01:055][243]LogModuleManager: Shutting down and abandoning module MeshPaint (303)
[2018.11.21-15.47.01:055][243]LogModuleManager: Shutting down and abandoning module FujiwaraBattleField (300)
[2018.11.21-15.47.01:055][243]LogModuleManager: Shutting down and abandoning module RuntimePhysXCooking (298)
[2018.11.21-15.47.01:055][243]LogModuleManager: Shutting down and abandoning module PhysXVehiclesEditor (296)
[2018.11.21-15.47.01:055][243]LogModuleManager: Shutting down and abandoning module PhysXVehicles (294)
[2018.11.21-15.47.01:055][243]LogModuleManager: Shutting down and abandoning module OculusEditor (292)
[2018.11.21-15.47.01:055][243]LogModuleManager: Shutting down and abandoning module LocationServicesBPLibrary (290)
[2018.11.21-15.47.01:055][243]LogModuleManager: Shutting down and abandoning module ImmediatePhysicsEditor (288)
[2018.11.21-15.47.01:055][243]LogModuleManager: Shutting down and abandoning module ImmediatePhysics (286)
[2018.11.21-15.47.01:055][243]LogModuleManager: Shutting down and abandoning module ActorSequence (284)
[2018.11.21-15.47.01:055][243]LogModuleManager: Shutting down and abandoning module UdpMessaging (282)
[2018.11.21-15.47.01:157][243]LogModuleManager: Shutting down and abandoning module TcpMessaging (280)
[2018.11.21-15.47.01:257][243]LogModuleManager: Shutting down and abandoning module MagicLeapAudio (278)
[2018.11.21-15.47.01:257][243]LogModuleManager: Shutting down and abandoning module GameplayTagsEditor (276)
[2018.11.21-15.47.01:257][243]LogModuleManager: Shutting down and abandoning module FacialAnimationEditor (274)
[2018.11.21-15.47.01:257][243]LogModuleManager: Shutting down and abandoning module FacialAnimation (272)
[2018.11.21-15.47.01:257][243]LogModuleManager: Shutting down and abandoning module DataValidation (270)
[2018.11.21-15.47.01:257][243]LogModuleManager: Shutting down and abandoning module AssetManagerEditor (268)
[2018.11.21-15.47.01:257][243]LogModuleManager: Shutting down and abandoning module LevelEditor (267)
[2018.11.21-15.47.01:259][243]LogModuleManager: Shutting down and abandoning module PixelInspectorModule (266)
[2018.11.21-15.47.01:259][243]LogModuleManager: Shutting down and abandoning module CommonMenuExtensions (264)
[2018.11.21-15.47.01:259][243]LogModuleManager: Shutting down and abandoning module MainFrame (262)
[2018.11.21-15.47.01:259][243]LogModuleManager: Shutting down and abandoning module HotReload (261)
[2018.11.21-15.47.01:262][243]LogModuleManager: Shutting down and abandoning module ContentBrowser (257)
[2018.11.21-15.47.01:266][243]LogModuleManager: Shutting down and abandoning module TreeMap (255)
[2018.11.21-15.47.01:266][243]LogModuleManager: Shutting down and abandoning module LightPropagationVolumeRuntime (252)
[2018.11.21-15.47.01:267][243]LogModuleManager: Shutting down and abandoning module AISupportModule (250)
[2018.11.21-15.47.01:267][243]LogModuleManager: Shutting down and abandoning module Paper2D (248)
[2018.11.21-15.47.01:267][243]LogModuleManager: Shutting down and abandoning module WindowsMoviePlayer (246)
[2018.11.21-15.47.01:267][243]LogModuleManager: Shutting down and abandoning module WmfMedia (244)
[2018.11.21-15.47.01:269][243]LogModuleManager: Shutting down and abandoning module Media (243)
[2018.11.21-15.47.01:275][243]LogModuleManager: Shutting down and abandoning module PacketHandler (240)
[2018.11.21-15.47.01:275][243]LogModuleManager: Shutting down and abandoning module ClothingSystemEditor (238)
[2018.11.21-15.47.01:276][243]LogModuleManager: Shutting down and abandoning module ClothingSystemRuntime (236)
[2018.11.21-15.47.01:276][243]LogModuleManager: Shutting down and abandoning module MediaAssets (234)
[2018.11.21-15.47.01:276][243]LogModuleManager: Shutting down and abandoning module Overlay (232)
[2018.11.21-15.47.01:276][243]LogModuleManager: Shutting down and abandoning module OverlayEditor (231)
[2018.11.21-15.47.01:301][243]LogModuleManager: Shutting down and abandoning module VREditor (228)
[2018.11.21-15.47.01:301][243]LogModuleManager: Shutting down and abandoning module StringTableEditor (226)
[2018.11.21-15.47.01:301][243]LogModuleManager: Shutting down and abandoning module GameplayTasksEditor (224)
[2018.11.21-15.47.01:301][243]LogModuleManager: Shutting down and abandoning module BehaviorTreeEditor (222)
[2018.11.21-15.47.01:301][243]LogModuleManager: Shutting down and abandoning module FunctionalTesting (220)
[2018.11.21-15.47.01:301][243]LogModuleManager: Shutting down and abandoning module CollisionAnalyzer (218)
[2018.11.21-15.47.01:301][243]LogModuleManager: Shutting down and abandoning module WorkspaceMenuStructure (217)
[2018.11.21-15.47.01:302][243]LogModuleManager: Shutting down and abandoning module UMG (214)
[2018.11.21-15.47.01:341][243]LogModuleManager: Shutting down and abandoning module UMGEditor (213)
[2018.11.21-15.47.01:342][243]LogModuleManager: Shutting down and abandoning module Sequencer (212)
[2018.11.21-15.47.01:342][243]LogModuleManager: Shutting down and abandoning module MessageLog (209)
[2018.11.21-15.47.01:342][243]LogModuleManager: Shutting down and abandoning module SlateReflector (204)
[2018.11.21-15.47.01:342][243]LogModuleManager: Shutting down and abandoning module Slate (202)
[2018.11.21-15.47.01:342][243]LogModuleManager: Shutting down and abandoning module EditorStyle (200)
[2018.11.21-15.47.01:347][243]LogModuleManager: Shutting down and abandoning module MRMesh (198)
[2018.11.21-15.47.01:347][243]LogModuleManager: Shutting down and abandoning module SourceCodeAccess (196)
[2018.11.21-15.47.01:347][243]LogModuleManager: Shutting down and abandoning module HeadMountedDisplay (194)
[2018.11.21-15.47.01:347][243]LogModuleManager: Shutting down and abandoning module XAudio2 (192)
[2018.11.21-15.47.01:347][243]LogModuleManager: Shutting down and abandoning module Networking (190)
[2018.11.21-15.47.01:347][243]LogModuleManager: Shutting down and abandoning module Core (188)
[2018.11.21-15.47.01:347][243]LogModuleManager: Shutting down and abandoning module LevelSequence (186)
[2018.11.21-15.47.01:347][243]LogModuleManager: Shutting down and abandoning module KismetCompiler (184)
[2018.11.21-15.47.01:347][243]LogModuleManager: Shutting down and abandoning module MeshUtilities (182)
[2018.11.21-15.47.01:347][243]LogModuleManager: Shutting down and abandoning module MeshMergeUtilities (181)
[2018.11.21-15.47.01:347][243]LogModuleManager: Shutting down and abandoning module MeshReductionInterface (180)
[2018.11.21-15.47.01:347][243]LogModuleManager: Shutting down and abandoning module SimplygonSwarm (179)
[2018.11.21-15.47.01:347][243]LogModuleManager: Shutting down and abandoning module ProxyLODMeshReduction (177)
[2018.11.21-15.47.01:347][243]LogModuleManager: Shutting down and abandoning module SimplygonMeshReduction (175)
[2018.11.21-15.47.01:347][243]LogModuleManager: Shutting down and abandoning module QuadricMeshReduction (173)
[2018.11.21-15.47.01:347][243]LogModuleManager: Shutting down and abandoning module MaterialBaking (169)
[2018.11.21-15.47.01:347][243]LogModuleManager: Shutting down and abandoning module DirectoryWatcher (165)
[2018.11.21-15.47.01:347][243]LogModuleManager: Shutting down and abandoning module DerivedDataCache (162)
[2018.11.21-15.47.01:444][243]LogDerivedDataCache: Shutdown
[2018.11.21-15.47.01:444][243]LogModuleManager: Shutting down and abandoning module XGEController (160)
[2018.11.21-15.47.01:444][243]LogModuleManager: Shutting down and abandoning module TargetPlatform (158)
[2018.11.21-15.47.01:444][243]LogModuleManager: Shutting down and abandoning module VulkanShaderFormat (157)
[2018.11.21-15.47.01:444][243]LogModuleManager: Shutting down and abandoning module ShaderFormatVectorVM (155)
[2018.11.21-15.47.01:444][243]LogModuleManager: Shutting down and abandoning module ShaderFormatOpenGL (153)
[2018.11.21-15.47.01:444][243]LogModuleManager: Shutting down and abandoning module ShaderFormatD3D (151)
[2018.11.21-15.47.01:444][243]LogModuleManager: Shutting down and abandoning module MetalShaderFormat (149)
[2018.11.21-15.47.01:444][243]LogModuleManager: Shutting down and abandoning module TextureFormatUncompressed (147)
[2018.11.21-15.47.01:444][243]LogModuleManager: Shutting down and abandoning module TextureFormatPVR (145)
[2018.11.21-15.47.01:445][243]LogModuleManager: Shutting down and abandoning module TextureFormatDXT (143)
[2018.11.21-15.47.01:445][243]LogModuleManager: Shutting down and abandoning module TextureFormatIntelISPCTexComp (141)
[2018.11.21-15.47.01:445][243]LogModuleManager: Shutting down and abandoning module TextureFormatASTC (139)
[2018.11.21-15.47.01:445][243]LogModuleManager: Shutting down and abandoning module ImageWrapper (138)
[2018.11.21-15.47.01:445][243]LogModuleManager: Shutting down and abandoning module TextureFormatAndroid (135)
[2018.11.21-15.47.01:446][243]LogModuleManager: Shutting down and abandoning module AudioFormatOpus (133)
[2018.11.21-15.47.01:446][243]LogModuleManager: Shutting down and abandoning module AudioFormatOgg (131)
[2018.11.21-15.47.01:446][243]LogModuleManager: Shutting down and abandoning module AudioFormatADPCM (129)
[2018.11.21-15.47.01:446][243]LogModuleManager: Shutting down and abandoning module LuminTargetPlatform (127)
[2018.11.21-15.47.01:446][243]LogModuleManager: Shutting down and abandoning module LinuxTargetPlatform (125)
[2018.11.21-15.47.01:446][243]LogModuleManager: Shutting down and abandoning module LinuxServerTargetPlatform (123)
[2018.11.21-15.47.01:446][243]LogModuleManager: Shutting down and abandoning module LinuxNoEditorTargetPlatform (121)
[2018.11.21-15.47.01:446][243]LogModuleManager: Shutting down and abandoning module LinuxClientTargetPlatform (119)
[2018.11.21-15.47.01:446][243]LogModuleManager: Shutting down and abandoning module TVOSTargetPlatform (117)
[2018.11.21-15.47.01:449][243]LogModuleManager: Shutting down and abandoning module Messaging (115)
[2018.11.21-15.47.01:449][243]LogModuleManager: Shutting down and abandoning module IOSTargetPlatform (113)
[2018.11.21-15.47.01:450][243]LogModuleManager: Shutting down and abandoning module HTML5TargetPlatform (111)
[2018.11.21-15.47.01:450][243]LogModuleManager: Shutting down and abandoning module AndroidTargetPlatform (109)
[2018.11.21-15.47.01:464][243]LogModuleManager: Shutting down and abandoning module WindowsTargetPlatform (107)
[2018.11.21-15.47.01:464][243]LogModuleManager: Shutting down and abandoning module WindowsServerTargetPlatform (105)
[2018.11.21-15.47.01:464][243]LogModuleManager: Shutting down and abandoning module WindowsNoEditorTargetPlatform (103)
[2018.11.21-15.47.01:464][243]LogModuleManager: Shutting down and abandoning module WindowsClientTargetPlatform (101)
[2018.11.21-15.47.01:464][243]LogModuleManager: Shutting down and abandoning module MacTargetPlatform (99)
[2018.11.21-15.47.01:464][243]LogModuleManager: Shutting down and abandoning module MacServerTargetPlatform (97)
[2018.11.21-15.47.01:464][243]LogModuleManager: Shutting down and abandoning module MacNoEditorTargetPlatform (95)
[2018.11.21-15.47.01:464][243]LogModuleManager: Shutting down and abandoning module MacClientTargetPlatform (93)
[2018.11.21-15.47.01:464][243]LogModuleManager: Shutting down and abandoning module AllDesktopTargetPlatform (91)
[2018.11.21-15.47.01:464][243]LogModuleManager: Shutting down and abandoning module InputCore (88)
[2018.11.21-15.47.01:464][243]LogModuleManager: Shutting down and abandoning module Settings (86)
[2018.11.21-15.47.01:464][243]LogModuleManager: Shutting down and abandoning module PhysXCooking (84)
[2018.11.21-15.47.01:464][243]LogModuleManager: Shutting down and abandoning module SteamVR (82)
[2018.11.21-15.47.01:464][243]LogModuleManager: Shutting down and abandoning module OculusHMD (80)
[2018.11.21-15.47.01:464][243]LogModuleManager: Shutting down and abandoning module ExampleDeviceProfileSelector (78)
[2018.11.21-15.47.01:465][243]LogModuleManager: Shutting down and abandoning module LauncherChunkInstaller (76)
[2018.11.21-15.47.01:465][243]LogModuleManager: Shutting down and abandoning module OnlineBlueprintSupport (74)
[2018.11.21-15.47.01:465][243]LogModuleManager: Shutting down and abandoning module OnlineSubsystem (70)
[2018.11.21-15.47.01:466][243]LogModuleManager: Shutting down and abandoning module XMPP (65)
[2018.11.21-15.47.01:466][243]LogModuleManager: Shutting down and abandoning module WebSockets (64)
[2018.11.21-15.47.01:473][243]LogModuleManager: Shutting down and abandoning module HTTP (61)
[2018.11.21-15.47.01:474][243]LogHttp: Display: Http module shutting down, but needs to wait on 1 outstanding Http requests:
[2018.11.21-15.47.01:474][243]LogHttp: Display: 	verb=[POST] url=[https://datarouter.ol.epicgames.com/datarouter/api/v1/public/data?SessionID=%7B0D978D38-4B43-BCF7-C3A3-179751B7BA18%7D&AppID=UEEditor.Rocket.Release&AppVersion=4.20.3-4369336%2B%2B%2BUE4%2BRelease-4.20&UserID=5b0eb9ea4fda3e341e3a4f8469f8b716%7Cc6d252eadabe4478b45225fa32f2ee07%7C8efa9574-8605-47f4-81c9-781c6a52107c&AppEnvironment=datacollector-binary&UploadType=eteventstream] status=Processing
[2018.11.21-15.47.01:509][243]LogModuleManager: Shutting down and abandoning module SSL (60)
[2018.11.21-15.47.01:513][243]LogModuleManager: Shutting down and abandoning module MagicLeapEmulator (56)
[2018.11.21-15.47.01:513][243]LogModuleManager: Shutting down and abandoning module MagicLeapPrivileges (54)
[2018.11.21-15.47.01:513][243]LogModuleManager: Shutting down and abandoning module MagicLeapIdentity (52)
[2018.11.21-15.47.01:513][243]LogModuleManager: Shutting down and abandoning module MagicLeapHelperVulkan (50)
[2018.11.21-15.47.01:513][243]LogModuleManager: Shutting down and abandoning module MagicLeapHelperOpenGL (48)
[2018.11.21-15.47.01:513][243]LogModuleManager: Shutting down and abandoning module MagicLeapSecureStorage (46)
[2018.11.21-15.47.01:513][243]LogModuleManager: Shutting down and abandoning module MagicLeapGestures (44)
[2018.11.21-15.47.01:513][243]LogModuleManager: Shutting down and abandoning module MagicLeapEyeTracker (42)
[2018.11.21-15.47.01:513][243]LogModuleManager: Shutting down and abandoning module MagicLeapController (40)
[2018.11.21-15.47.01:517][243]LogSlate: Slate User Destroyed.  User Index 0, Is Virtual User: 0
[2018.11.21-15.47.01:517][243]LogModuleManager: Shutting down and abandoning module MagicLeap (38)
[2018.11.21-15.47.01:517][243]LogModuleManager: Shutting down and abandoning module AnimationModifiers (36)
[2018.11.21-15.47.01:517][243]LogModuleManager: Shutting down and abandoning module PropertyEditor (35)
[2018.11.21-15.47.01:517][243]LogModuleManager: Shutting down and abandoning module AudioEditor (32)
[2018.11.21-15.47.01:517][243]LogModuleManager: Shutting down and abandoning module TextureCompressor (30)
[2018.11.21-15.47.01:518][243]LogModuleManager: Shutting down and abandoning module ShaderCore (28)
[2018.11.21-15.47.01:518][243]LogModuleManager: Shutting down and abandoning module Landscape (26)
[2018.11.21-15.47.01:518][243]LogModuleManager: Shutting down and abandoning module SlateRHIRenderer (24)
[2018.11.21-15.47.01:520][243]LogModuleManager: Shutting down and abandoning module OpenGLDrv (22)
[2018.11.21-15.47.01:520][243]LogModuleManager: Shutting down and abandoning module D3D11RHI (20)
[2018.11.21-15.47.01:520][243]LogModuleManager: Shutting down and abandoning module AnimGraphRuntime (18)
[2018.11.21-15.47.01:520][243]LogModuleManager: Shutting down and abandoning module Renderer (16)
[2018.11.21-15.47.01:520][243]LogModuleManager: Shutting down and abandoning module Engine (14)
[2018.11.21-15.47.01:520][243]LogModuleManager: Shutting down and abandoning module CoreUObject (12)
[2018.11.21-15.47.01:520][243]LogModuleManager: Shutting down and abandoning module NetworkFile (10)
[2018.11.21-15.47.01:520][243]LogModuleManager: Shutting down and abandoning module CookedIterativeFile (8)
[2018.11.21-15.47.01:520][243]LogModuleManager: Shutting down and abandoning module StreamingFile (6)
[2018.11.21-15.47.01:520][243]LogModuleManager: Shutting down and abandoning module SandboxFile (4)
[2018.11.21-15.47.01:520][243]LogModuleManager: Shutting down and abandoning module PakFile (2)
[2018.11.21-15.47.01:526][243]LogExit: Exiting.
[2018.11.21-15.47.01:537][243]Log file closed, 11/22/18 00:47:01
