Log file open, 11/06/18 19:38:21
LogWindows: Failed to load 'aqProf.dll' (GetLastError=126)
LogWindows: File 'aqProf.dll' does not exist
LogWindows: Failed to load 'VSPerf140.dll' (GetLastError=126)
LogWindows: File 'VSPerf140.dll' does not exist
LogWindows: Failed to load 'VtuneApi.dll' (GetLastError=126)
LogWindows: File 'VtuneApi.dll' does not exist
LogWindows: Failed to load 'VtuneApi32e.dll' (GetLastError=126)
LogWindows: File 'VtuneApi32e.dll' does not exist
LogInit: Display: Running engine for game: FujiwaraBattleField
LogPlatformFile: Not using cached read wrapper
LogTaskGraph: Started task graph with 5 named threads and 23 total threads with 3 sets of task threads.
LogStats: Stats thread started at 0.405370
LogD3D11RHI: Loaded GFSDK_Aftermath_Lib.x64.dll
LogICUInternationalization: Display: ICU TimeZone Detection - Raw Offset: +9:00, Platform Override: ''
LogPluginManager: Mounting plugin Paper2D
LogPluginManager: Mounting plugin AISupport
LogPluginManager: Mounting plugin LightPropagationVolume
LogPluginManager: Mounting plugin CLionSourceCodeAccess
LogPluginManager: Mounting plugin CodeLiteSourceCodeAccess
LogPluginManager: Mounting plugin GitSourceControl
LogPluginManager: Mounting plugin KDevelopSourceCodeAccess
LogPluginManager: Mounting plugin NullSourceCodeAccess
LogPluginManager: Mounting plugin PerforceSourceControl
LogPluginManager: Mounting plugin SubversionSourceControl
LogPluginManager: Mounting plugin UObjectPlugin
LogPluginManager: Mounting plugin VisualStudioCodeSourceCodeAccess
LogPluginManager: Mounting plugin VisualStudioSourceCodeAccess
LogPluginManager: Mounting plugin XCodeSourceCodeAccess
LogPluginManager: Mounting plugin AssetManagerEditor
LogPluginManager: Mounting plugin CryptoKeys
LogPluginManager: Mounting plugin DataValidation
LogPluginManager: Mounting plugin FacialAnimation
LogPluginManager: Mounting plugin GameplayTagsEditor
LogPluginManager: Mounting plugin MacGraphicsSwitching
LogPluginManager: Mounting plugin MeshEditor
LogPluginManager: Mounting plugin MobileLauncherProfileWizard
LogPluginManager: Mounting plugin PluginBrowser
LogPluginManager: Mounting plugin SpeedTreeImporter
LogPluginManager: Mounting plugin DatasmithContent
LogPluginManager: Mounting plugin AlembicImporter
LogPluginManager: Mounting plugin AppleImageUtils
LogPluginManager: Mounting plugin AppleVision
LogPluginManager: Mounting plugin BackChannel
LogPluginManager: Mounting plugin CharacterAI
LogPluginManager: Mounting plugin GeometryCache
LogPluginManager: Mounting plugin HTML5Networking
LogPluginManager: Mounting plugin ProxyLODPlugin
LogPluginManager: Mounting plugin MagicLeap
LogPluginManager: Mounting plugin MagicLeapEmulator
LogPluginManager: Mounting plugin MagicLeapMedia
LogPluginManager: Mounting plugin AndroidMedia
LogPluginManager: Mounting plugin AvfMedia
LogPluginManager: Mounting plugin ImgMedia
LogPluginManager: Mounting plugin LinearTimecode
LogPluginManager: Mounting plugin MediaCompositing
LogPluginManager: Mounting plugin MediaPlayerEditor
LogPluginManager: Mounting plugin WmfMedia
LogPluginManager: Mounting plugin TcpMessaging
LogPluginManager: Mounting plugin UdpMessaging
LogPluginManager: Mounting plugin ActorSequence
LogPluginManager: Mounting plugin LevelSequenceEditor
LogPluginManager: Mounting plugin MatineeToLevelSequence
LogPluginManager: Mounting plugin NetcodeUnitTest
LogPluginManager: Mounting plugin NUTUnrealEngine4
LogPluginManager: Mounting plugin OnlineSubsystemGooglePlay
LogPluginManager: Mounting plugin OnlineSubsystemIOS
LogPluginManager: Mounting plugin OnlineSubsystem
LogPluginManager: Mounting plugin OnlineSubsystemNull
LogPluginManager: Mounting plugin OnlineSubsystemUtils
LogPluginManager: Mounting plugin LauncherChunkInstaller
LogPluginManager: Mounting plugin AndroidDeviceProfileSelector
LogPluginManager: Mounting plugin AndroidMoviePlayer
LogPluginManager: Mounting plugin AndroidPermission
LogPluginManager: Mounting plugin AppleMoviePlayer
LogPluginManager: Mounting plugin ArchVisCharacter
LogPluginManager: Mounting plugin AudioCapture
LogPluginManager: Mounting plugin CableComponent
LogPluginManager: Mounting plugin CustomMeshComponent
LogPluginManager: Mounting plugin EditableMesh
LogPluginManager: Mounting plugin ExampleDeviceProfileSelector
LogPluginManager: Mounting plugin GoogleCloudMessaging
LogPluginManager: Mounting plugin ImmediatePhysics
LogPluginManager: Mounting plugin IOSDeviceProfileSelector
LogPluginManager: Mounting plugin LinuxDeviceProfileSelector
LogPluginManager: Mounting plugin LocationServicesBPLibrary
LogPluginManager: Mounting plugin MobilePatchingUtils
LogPluginManager: Mounting plugin OculusVR
LogPluginManager: Plugin shader directory ../../../Engine/Plugins/Runtime/Oculus/OculusVR/Shaders found
LogPluginManager: Mapping shader source directory ../../../Engine/Plugins/Runtime/Oculus/OculusVR/Shaders to virtual directory /Plugin/OculusVR
LogPluginManager: Mounting plugin PhysXVehicles
LogPluginManager: Mounting plugin ProceduralMeshComponent
LogPluginManager: Mounting plugin RuntimePhysXCooking
LogPluginManager: Mounting plugin SteamVR
LogPluginManager: Mounting plugin WindowsMoviePlayer
LogStreaming: Display: Took  0.307s to configure plugins.
LogInit: Using libcurl 7.55.1-DEV
LogInit:  - built for x86_64-pc-win32
LogInit:  - supports SSL with OpenSSL/1.0.2h
LogInit:  - supports HTTP deflate (compression) using libz 1.2.8
LogInit:  - other features:
LogInit:      CURL_VERSION_SSL
LogInit:      CURL_VERSION_LIBZ
LogInit:      CURL_VERSION_IPV6
LogInit:      CURL_VERSION_ASYNCHDNS
LogInit:      CURL_VERSION_LARGEFILE
LogInit:      CURL_VERSION_IDN
LogInit:  CurlRequestOptions (configurable via config and command line):
LogInit:  - bVerifyPeer = false  - Libcurl will NOT verify peer certificate
LogInit:  - bUseHttpProxy = false  - Libcurl will NOT use HTTP proxy
LogInit:  - bDontReuseConnections = false  - Libcurl will reuse connections
LogInit:  - CertBundlePath = nullptr  - Libcurl will use whatever was configured at build time.
LogInit:  - MaxHostConnections = 16  - Libcurl will limit the number of connections to a host
LogInit:  - LocalHostAddr = Default
LogInit:  - BufferSize = 65536
LogInit: WinSock: version 1.1 (2.2), MaxSocks=32767, MaxUdp=65467
LogInit: Build: ++UE4+Release-4.20-CL-4369336
LogInit: Engine Version: 4.20.3-4369336+++UE4+Release-4.20
LogInit: Compatible Engine Version: 4.20.0-4212847+++UE4+Release-4.20
LogInit: Net CL: 4212847
LogInit: OS: Windows 10 (), CPU: Intel(R) Core(TM) i7-6700HQ CPU @ 2.60GHz, GPU: Intel(R) HD Graphics 530
LogInit: Compiled (64-bit): Sep 17 2018 12:26:19
LogInit: Compiled with Visual C++: 19.13.26129.00
LogInit: Build Configuration: Development
LogInit: Branch Name: ++UE4+Release-4.20
LogInit: Command Line:  
LogInit: Base Directory: C:/Program Files (x86)/~Game/Epic Games/UE_4.20/Engine/Binaries/Win64/
LogInit: Installed Engine Build: 1
LogDevObjectVersion: Number of dev versions registered: 20
LogDevObjectVersion:   Dev-Blueprints (B0D832E4-1F89-4F0D-ACCF-7EB736FD4AA2): 10
LogDevObjectVersion:   Dev-Build (E1C64328-A22C-4D53-A36C-8E866417BD8C): 0
LogDevObjectVersion:   Dev-Core (375EC13C-06E4-48FB-B500-84F0262A717E): 2
LogDevObjectVersion:   Dev-Editor (E4B068ED-F494-42E9-A231-DA0B2E46BB41): 24
LogDevObjectVersion:   Dev-Framework (CFFC743F-43B0-4480-9391-14DF171D2073): 34
LogDevObjectVersion:   Dev-Mobile (B02B49B5-BB20-44E9-A304-32B752E40360): 2
LogDevObjectVersion:   Dev-Networking (A4E4105C-59A1-49B5-A7C5-40C4547EDFEE): 0
LogDevObjectVersion:   Dev-Online (39C831C9-5AE6-47DC-9A44-9C173E1C8E7C): 0
LogDevObjectVersion:   Dev-Physics (78F01B33-EBEA-4F98-B9B4-84EACCB95AA2): 0
LogDevObjectVersion:   Dev-Platform (6631380F-2D4D-43E0-8009-CF276956A95A): 0
LogDevObjectVersion:   Dev-Rendering (12F88B9F-8875-4AFC-A67C-D90C383ABD29): 26
LogDevObjectVersion:   Dev-Sequencer (7B5AE74C-D270-4C10-A958-57980B212A5A): 9
LogDevObjectVersion:   Dev-VR (D7296918-1DD6-4BDD-9DE2-64A83CC13884): 2
LogDevObjectVersion:   Dev-LoadTimes (C2A15278-BFE7-4AFE-6C17-90FF531DF755): 1
LogDevObjectVersion:   Private-Geometry (6EACA3D4-40EC-4CC1-B786-8BED09428FC5): 3
LogDevObjectVersion:   Dev-AnimPhys (29E575DD-E0A3-4627-9D10-D276232CDCEA): 17
LogDevObjectVersion:   Dev-ReflectionCapture (6B266CEC-1EC7-4B8F-A30B-E4D90942FC07): 1
LogDevObjectVersion:   Dev-Automation (0DF73D61-A23F-47EA-B727-89E90C41499A): 1
LogDevObjectVersion:   FortniteMain (601D1886-AC64-4F84-AA16-D3DE0DEAC7D6): 12
LogDevObjectVersion:   Dev-Enterprise (9DFFBCD6-494F-0158-E221-12823C92A888): 1
LogStreaming: Display: Took  0.002s to delete old logs.
LogInit: Presizing for max 8388607 objects, including 0 objects not considered by GC, pre-allocating 0 bytes for permanent pool.
LogInit: Object subsystem initialized
[2018.11.06-10.38.22:519][  0]LogInit: Selected Device Profile: [Windows]
[2018.11.06-10.38.22:519][  0]LogInit: Applying CVar settings loaded from the selected device profile: [Windows]
[2018.11.06-10.38.22:589][  0]LogHAL: Display: Platform has ~ 8 GB [8393322496 / 8589934592 / 8], which maps to Default [LargestMinGB=32, LargerMinGB=12, DefaultMinGB=8, SmallerMinGB=6, SmallestMinGB=0)
[2018.11.06-10.38.22:589][  0]LogInit: Setting Device Profile CVar: [[r.Vulkan.UseRealUBs:1]]
[2018.11.06-10.38.22:589][  0]LogInit: Going up to parent DeviceProfile []
[2018.11.06-10.38.22:604][  0]LogInit: Computer: DESKTOP-33J3PSK
[2018.11.06-10.38.22:604][  0]LogInit: User: Utsuho
[2018.11.06-10.38.22:604][  0]LogInit: CPU Page size=4096, Cores=4
[2018.11.06-10.38.22:604][  0]LogInit: High frequency timer resolution =2.531252 MHz
[2018.11.06-10.38.22:605][  0]LogMemory: Memory total: Physical=7.8GB (8GB approx)
[2018.11.06-10.38.22:605][  0]LogMemory: Platform Memory Stats for Windows
[2018.11.06-10.38.22:605][  0]LogMemory: Process Physical Memory: 99.97 MB used, 99.97 MB peak
[2018.11.06-10.38.22:605][  0]LogMemory: Process Virtual Memory: 94.90 MB used, 94.90 MB peak
[2018.11.06-10.38.22:605][  0]LogMemory: Physical Memory: 6861.56 MB used,  1142.93 MB free, 8004.50 MB total
[2018.11.06-10.38.22:605][  0]LogMemory: Virtual Memory: 4649.04 MB used,  1142.93 MB free, 134217728.00 MB total
[2018.11.06-10.38.23:536][  0]LogInit: Using OS detected language (ko-KR).
[2018.11.06-10.38.23:536][  0]LogInit: Using OS detected locale (ko-KR).
[2018.11.06-10.38.23:541][  0]LogTextLocalizationManager: No specific localization for 'ko-KR' exists, so the 'ko' localization will be used.
[2018.11.06-10.38.24:457][  0]LogStreaming: Display: Took  0.922s to InitEngineTextLocalization.
[2018.11.06-10.38.24:458][  0]LogInit: Setting process to per monitor DPI aware
[2018.11.06-10.38.24:774][  0]LogSlate: New Slate User Created.  User Index 0, Is Virtual User: 0
[2018.11.06-10.38.24:775][  0]LogSlate: Slate User Registered.  User Index 0, Is Virtual User: 0
[2018.11.06-10.38.31:924][  0]LogHMD: Failed to initialize OpenVR with code 110
[2018.11.06-10.38.31:924][  0]LogD3D11RHI: D3D11 adapters:
[2018.11.06-10.38.32:103][  0]LogD3D11RHI:    0. 'NVIDIA GeForce GTX 960M' (Feature Level 11_0)
[2018.11.06-10.38.32:103][  0]LogD3D11RHI:       2007/0/4002 MB DedicatedVideo/DedicatedSystem/SharedSystem, Outputs:1, VendorId:0x10de
[2018.11.06-10.38.32:129][  0]LogD3D11RHI:    1. 'Intel(R) HD Graphics 530' (Feature Level 11_0)
[2018.11.06-10.38.32:129][  0]LogD3D11RHI:       128/0/4002 MB DedicatedVideo/DedicatedSystem/SharedSystem, Outputs:0, VendorId:0x8086
[2018.11.06-10.38.32:136][  0]LogD3D11RHI:    2. 'Microsoft Basic Render Driver' (Feature Level 11_0)
[2018.11.06-10.38.32:136][  0]LogD3D11RHI:       0/0/4002 MB DedicatedVideo/DedicatedSystem/SharedSystem, Outputs:0, VendorId:0x1414
[2018.11.06-10.38.32:136][  0]LogD3D11RHI: Chosen D3D11 Adapter: 0
[2018.11.06-10.38.32:224][  0]LogD3D11RHI: Creating new Direct3DDevice
[2018.11.06-10.38.32:224][  0]LogD3D11RHI:     GPU DeviceId: 0x139b (for the marketing name, search the web for "GPU Device Id")
[2018.11.06-10.38.32:225][  0]LogWindows: EnumDisplayDevices:
[2018.11.06-10.38.32:226][  0]LogWindows:    0. 'Intel(R) HD Graphics 530' (P:1 D:1)
[2018.11.06-10.38.32:227][  0]LogWindows:    1. 'Intel(R) HD Graphics 530' (P:0 D:0)
[2018.11.06-10.38.32:229][  0]LogWindows:    2. 'Intel(R) HD Graphics 530' (P:0 D:0)
[2018.11.06-10.38.32:231][  0]LogWindows:    3. 'NVIDIA GeForce GTX 960M' (P:0 D:0)
[2018.11.06-10.38.32:233][  0]LogWindows:    4. 'NVIDIA GeForce GTX 960M' (P:0 D:0)
[2018.11.06-10.38.32:234][  0]LogWindows:    5. 'NVIDIA GeForce GTX 960M' (P:0 D:0)
[2018.11.06-10.38.32:236][  0]LogWindows:    6. 'NVIDIA GeForce GTX 960M' (P:0 D:0)
[2018.11.06-10.38.32:237][  0]LogWindows:    7. 'Mirage Driver' (P:0 D:0)
[2018.11.06-10.38.32:238][  0]LogWindows: DebugString: PrimaryIsNotTheChoosenAdapter PrimaryIsNotTheChoosenAdapter PrimaryIsNotTheChoosenAdapter GetVideoDriverDetailsInvalid PrimaryIsNotTheChoosenAdapter FoundDriverCount:4 
[2018.11.06-10.38.32:238][  0]LogD3D11RHI:     Adapter Name: NVIDIA GeForce GTX 960M
[2018.11.06-10.38.32:238][  0]LogD3D11RHI:   Driver Version: 391.01 (internal:23.21.13.9101, unified:391.01)
[2018.11.06-10.38.32:238][  0]LogD3D11RHI:      Driver Date: 2-23-2018
[2018.11.06-10.38.32:238][  0]LogRHI: Texture pool is 1405 MB (70% of 2007 MB)
[2018.11.06-10.38.32:321][  0]LogD3D11RHI: Async texture creation enabled
[2018.11.06-10.38.32:350][  0]LogD3D11RHI: GPU Timing Frequency: 1000.000000 (Debug: 2 2)
[2018.11.06-10.38.32:358][  0]LogShaderCompilers: Guid format shader working directory is -44 characters bigger than the processId version (../../../../../../../Users/Utsuho/Desktop/General/ProjectSpace/UE4STAG/FujiwaraBattleField/Intermediate/Shaders/WorkingDirectory/27420/).
[2018.11.06-10.38.32:358][  0]LogShaderCompilers: Cleaned the shader compiler working directory 'C:/Users/Utsuho/AppData/Local/Temp/UnrealShaderWorkingDir/E545FEDB420A69BCBECDB396CCC0753C/'.
[2018.11.06-10.38.33:705][  0]LogTemp: Display: Loaded TP AllDesktopTargetPlatform
[2018.11.06-10.38.33:739][  0]LogTemp: Display: Loaded TP MacClientTargetPlatform
[2018.11.06-10.38.33:778][  0]LogTemp: Display: Loaded TP MacNoEditorTargetPlatform
[2018.11.06-10.38.33:811][  0]LogTemp: Display: Loaded TP MacServerTargetPlatform
[2018.11.06-10.38.33:854][  0]LogTemp: Display: Loaded TP MacTargetPlatform
[2018.11.06-10.38.33:886][  0]LogTemp: Display: Loaded TP WindowsClientTargetPlatform
[2018.11.06-10.38.33:918][  0]LogTemp: Display: Loaded TP WindowsNoEditorTargetPlatform
[2018.11.06-10.38.33:951][  0]LogTemp: Display: Loaded TP WindowsServerTargetPlatform
[2018.11.06-10.38.33:970][  0]LogTemp: Display: Loaded TP WindowsTargetPlatform
[2018.11.06-10.38.34:173][  0]LogTemp: Display: Loaded TP AndroidTargetPlatform
[2018.11.06-10.38.34:173][  0]LogTemp: Display: Loaded TP AndroidTargetPlatform
[2018.11.06-10.38.34:173][  0]LogTemp: Display: Loaded TP AndroidTargetPlatform
[2018.11.06-10.38.34:173][  0]LogTemp: Display: Loaded TP AndroidTargetPlatform
[2018.11.06-10.38.34:173][  0]LogTemp: Display: Loaded TP AndroidTargetPlatform
[2018.11.06-10.38.34:173][  0]LogTemp: Display: Loaded TP AndroidTargetPlatform
[2018.11.06-10.38.34:174][  0]LogTemp: Display: Loaded TP AndroidTargetPlatform
[2018.11.06-10.38.34:174][  0]LogTemp: Display: Loaded TP AndroidTargetPlatform
[2018.11.06-10.38.34:174][  0]LogTemp: Display: Loaded TP AndroidTargetPlatform
[2018.11.06-10.38.34:174][  0]LogTemp: Display: Loaded TP AndroidTargetPlatform
[2018.11.06-10.38.34:174][  0]LogTemp: Display: Loaded TP AndroidTargetPlatform
[2018.11.06-10.38.34:174][  0]LogTemp: Display: Loaded TP AndroidTargetPlatform
[2018.11.06-10.38.34:174][  0]LogTemp: Display: Loaded TP AndroidTargetPlatform
[2018.11.06-10.38.34:174][  0]LogTemp: Display: Loaded TP AndroidTargetPlatform
[2018.11.06-10.38.34:174][  0]LogTemp: Display: Loaded TP AndroidTargetPlatform
[2018.11.06-10.38.34:174][  0]LogTemp: Display: Loaded TP AndroidTargetPlatform
[2018.11.06-10.38.34:174][  0]LogTemp: Display: Loaded TP AndroidTargetPlatform
[2018.11.06-10.38.34:174][  0]LogTemp: Display: Loaded TP AndroidTargetPlatform
[2018.11.06-10.38.34:180][  0]LogTemp: Display: Loaded TP HTML5TargetPlatform
[2018.11.06-10.38.34:306][  0]LogTemp: Display: Loaded TP IOSTargetPlatform
[2018.11.06-10.38.34:306][  0]LogTemp: Display: Loaded TP IOSTargetPlatform
[2018.11.06-10.38.34:359][  0]LogTemp: Display: Loaded TP TVOSTargetPlatform
[2018.11.06-10.38.34:359][  0]LogTemp: Display: Loaded TP TVOSTargetPlatform
[2018.11.06-10.38.34:388][  0]LogTemp: Display: Loaded TP LinuxClientTargetPlatform
[2018.11.06-10.38.34:419][  0]LogTemp: Display: Loaded TP LinuxNoEditorTargetPlatform
[2018.11.06-10.38.34:449][  0]LogTemp: Display: Loaded TP LinuxServerTargetPlatform
[2018.11.06-10.38.34:502][  0]LogTemp: Display: Loaded TP LinuxTargetPlatform
[2018.11.06-10.38.34:525][  0]LogTemp: Display: Loaded TP LuminTargetPlatform
[2018.11.06-10.38.34:525][  0]LogTargetPlatformManager: Display: Building Assets For Windows
[2018.11.06-10.38.34:843][  0]LogXGEController: Cannot use XGE Controller as Incredibuild is not installed on this machine.
[2018.11.06-10.38.34:843][  0]LogShaderCompilers: Cannot use XGE Shader Compiler as Incredibuild is not installed on this machine.
[2018.11.06-10.38.34:843][  0]LogShaderCompilers: Display: Using Local Shader Compiler.
[2018.11.06-10.38.39:437][  0]LogDerivedDataCache: Display: Max Cache Size: 512 MB
[2018.11.06-10.38.39:680][  0]LogDerivedDataCache: Loaded boot cache 0.24s 71MB C:/Users/Utsuho/AppData/Local/UnrealEngine/4.20/DerivedDataCache/Boot.ddc.
[2018.11.06-10.38.39:680][  0]LogDerivedDataCache: Display: Loaded Boot cache: C:/Users/Utsuho/AppData/Local/UnrealEngine/4.20/DerivedDataCache/Boot.ddc
[2018.11.06-10.38.39:681][  0]LogDerivedDataCache: FDerivedDataBackendGraph:  Pak pak cache file ../../../../../../../Users/Utsuho/Desktop/General/ProjectSpace/UE4STAG/FujiwaraBattleField/DerivedDataCache/DDC.ddp not found, will not use a pak cache.
[2018.11.06-10.38.39:681][  0]LogDerivedDataCache: Unable to find inner node Pak for hierarchical cache Hierarchy.
[2018.11.06-10.38.39:681][  0]LogDerivedDataCache: FDerivedDataBackendGraph:  CompressedPak pak cache file ../../../../../../../Users/Utsuho/Desktop/General/ProjectSpace/UE4STAG/FujiwaraBattleField/DerivedDataCache/Compressed.ddp not found, will not use a pak cache.
[2018.11.06-10.38.39:681][  0]LogDerivedDataCache: Unable to find inner node CompressedPak for hierarchical cache Hierarchy.
[2018.11.06-10.38.39:728][  0]LogDerivedDataCache: Display: Pak cache opened for reading ../../../Engine/DerivedDataCache/Compressed.ddp.
[2018.11.06-10.38.39:742][  0]LogDerivedDataCache: Using Local data cache path C:/Users/Utsuho/AppData/Local/UnrealEngine/Common/DerivedDataCache: Writable
[2018.11.06-10.38.39:742][  0]LogDerivedDataCache: Shared data cache path not found in *engine.ini, will not use an Shared cache.
[2018.11.06-10.38.39:742][  0]LogDerivedDataCache: Unable to find inner node Shared for hierarchical cache Hierarchy.
[2018.11.06-10.38.39:784][  0]LogMaterial: Verifying Global Shaders for PCD3D_SM5
[2018.11.06-10.38.39:790][  0]LogSlate: Using FreeType 2.6.0
[2018.11.06-10.38.39:815][  0]LogSlate: SlateFontServices - WITH_FREETYPE: 1, WITH_HARFBUZZ: 1
[2018.11.06-10.38.40:354][  0]LogAssetRegistry: FAssetRegistry took 0.0314 seconds to start up
[2018.11.06-10.38.41:477][  0]LogInit: Selected Device Profile: [Windows]
[2018.11.06-10.38.42:068][  0]LogSimplygon: Simplygon DLL not present - disabling.
[2018.11.06-10.38.42:094][  0]LogMeshReduction: Using SimplygonSwarm for distributed automatic mesh merging
[2018.11.06-10.38.42:095][  0]LogMeshReduction: Using ProxyLODMeshReduction for automatic mesh merging
[2018.11.06-10.38.42:095][  0]LogMeshReduction: Using QuadricMeshReduction for automatic static mesh reduction
[2018.11.06-10.38.42:095][  0]LogMeshReduction: No automatic skeletal mesh reduction module available
[2018.11.06-10.38.42:165][  0]LogNetVersion: FujiwaraBattleField 1.0.0, NetCL: 4212847, EngineNetVer: 5, GameNetVer: 0 (Checksum: 1838566955)
[2018.11.06-10.38.43:784][  0]LogPackageLocalizationCache: Processed 11 localized package path(s) for 2 prioritized culture(s) in 0.281032 seconds
[2018.11.06-10.38.43:797][  0]LogUObjectArray: 38447 objects as part of root set at end of initial load.
[2018.11.06-10.38.43:797][  0]LogUObjectAllocator: 6692624 out of 0 bytes used by permanent object pool.
[2018.11.06-10.38.43:797][  0]LogUObjectArray: CloseDisregardForGC: 0/0 objects in disregard for GC pool
[2018.11.06-10.38.51:452][  0]LogTcpMessaging: Initializing TcpMessaging bridge
[2018.11.06-10.38.51:471][  0]LogUdpMessaging: Initializing bridge on interface 0.0.0.0:0 to multicast group 230.0.0.1:6666.
[2018.11.06-10.38.52:336][  0]SourceControl: 소스 컨트롤이 꺼졌습니다.
[2018.11.06-10.38.52:337][  0]SourceControl: 소스 컨트롤이 꺼졌습니다.
[2018.11.06-10.38.52:349][  0]SourceControl: 소스 컨트롤이 꺼졌습니다.
[2018.11.06-10.38.52:357][  0]SourceControl: 소스 컨트롤이 꺼졌습니다.
[2018.11.06-10.38.52:882][  0]LogAndroidPermission: UAndroidPermissionCallbackProxy::GetInstance
[2018.11.06-10.38.53:270][  0]LogOcInput: OculusInput pre-init called
[2018.11.06-10.38.53:465][  0]LogEngine: Initializing Engine...
[2018.11.06-10.38.53:470][  0]LogHMD: Failed to initialize OpenVR with code 110
[2018.11.06-10.38.53:476][  0]LogStats: UGameplayTagsManager::ConstructGameplayTagTree: ImportINI prefixes -  0.000 s
[2018.11.06-10.38.53:476][  0]LogStats: UGameplayTagsManager::ConstructGameplayTagTree: Construct from data asset -  0.000 s
[2018.11.06-10.38.53:477][  0]LogStats: UGameplayTagsManager::ConstructGameplayTagTree: ImportINI -  0.000 s
[2018.11.06-10.38.53:477][  0]LogStats: UGameplayTagsManager::ConstructGameplayTagTree: GameplayTagTreeChangedEvent.Broadcast -  0.000 s
[2018.11.06-10.38.53:933][  0]LogInit: Initializing FReadOnlyCVARCache
[2018.11.06-10.38.53:994][  0]LogAIModule: Creating AISystem for world Untitled
[2018.11.06-10.38.54:127][  0]LogInit: XAudio2 using '스피커(Realtek High Definition Audio)' : 2 channels at 48 kHz using 32 bits per sample (channel mask 0x3)
[2018.11.06-10.38.54:401][  0]LogInit: FAudioDevice initialized.
[2018.11.06-10.38.54:402][  0]LogNetVersion: Set ProjectVersion to 1.0.0.0. Version Checksum will be recalculated on next use.
[2018.11.06-10.38.54:510][  0]LogDerivedDataCache: Saved boot cache 0.11s 87MB C:/Users/Utsuho/AppData/Local/UnrealEngine/4.20/DerivedDataCache/Boot.ddc.
[2018.11.06-10.38.54:520][  0]LogInit: Texture streaming: Enabled
[2018.11.06-10.38.54:592][  0]LogEngineSessionManager: EngineSessionManager initialized
[2018.11.06-10.38.54:652][  0]LogInit: Transaction tracking system initialized
[2018.11.06-10.38.54:753][  0]BlueprintLog: New page: 에디터 로드
[2018.11.06-10.38.55:099][  0]LocalizationService: 현지화 서비스가 비활성화되었습니다.
[2018.11.06-10.38.55:974][  0]LogCook: Display: Max memory allowance for cook 16384mb min free memory 0mb
[2018.11.06-10.38.55:974][  0]LogCook: Display: Mobile HDR setting 1
[2018.11.06-10.38.55:974][  0]LogGameplayTags: Display: UGameplayTagsManager::DoneAddingNativeTags. DelegateIsBound: 0
[2018.11.06-10.38.55:974][  0]LogStats: UGameplayTagsManager::ConstructGameplayTagTree: ImportINI prefixes -  0.000 s
[2018.11.06-10.38.55:975][  0]LogStats: UGameplayTagsManager::ConstructGameplayTagTree: Construct from data asset -  0.000 s
[2018.11.06-10.38.55:975][  0]LogStats: UGameplayTagsManager::ConstructGameplayTagTree: ImportINI -  0.000 s
[2018.11.06-10.38.55:975][  0]LogStats: UGameplayTagsManager::ConstructGameplayTagTree: GameplayTagTreeChangedEvent.Broadcast -  0.000 s
[2018.11.06-10.38.56:586][  0]LogFileCache: Scanning file cache for directory 'C:/Users/Utsuho/Desktop/General/ProjectSpace/UE4STAG/FujiwaraBattleField/Content/' took 0.03s
[2018.11.06-10.38.56:586][  0]SourceControl: 소스 컨트롤이 꺼졌습니다.
[2018.11.06-10.38.56:587][  0]Cmd: MAP LOAD FILE="../../../../../../../Users/Utsuho/Desktop/General/ProjectSpace/UE4STAG/FujiwaraBattleField/Content/Maps/Map_LostBambooForest.umap" TEMPLATE=0 SHOWPROGRESS=1 FEATURELEVEL=3
[2018.11.06-10.38.56:588][  0]LightingResults: New page: 라이팅 빌드
[2018.11.06-10.38.56:600][  0]MapCheck: New page: 맵 체크
[2018.11.06-10.38.56:600][  0]LightingResults: New page: 라이팅 빌드
[2018.11.06-10.38.57:974][  0]LogTexture: Display: 텍스처 빌드: HQ_Lightmap0_10 (AutoDXT, 256X256)
[2018.11.06-10.38.57:974][  0]LogTexture: Display: 텍스처 빌드: HQ_Lightmap0_1 (AutoDXT, 256X256)
[2018.11.06-10.38.57:974][  0]LogTexture: Display: 텍스처 빌드: Texture2D_4 (BGRA8, 512X512)
[2018.11.06-10.38.57:974][  0]LogTexture: Display: 텍스처 빌드: Texture2D_3 (BGRA8, 512X512)
[2018.11.06-10.38.57:974][  0]LogTexture: Display: 텍스처 빌드: Texture2D_1 (BGRA8, 512X512)
[2018.11.06-10.38.57:974][  0]LogTexture: Display: 텍스처 빌드: Texture2D_2 (BGRA8, 512X512)
[2018.11.06-10.38.57:974][  0]LogTexture: Display: 텍스처 빌드: HQ_Lightmap0_11 (AutoDXT, 256X256)
[2018.11.06-10.38.57:974][  0]LogTexture: Display: 텍스처 빌드: HQ_Lightmap0_13 (AutoDXT, 256X256)
[2018.11.06-10.38.57:974][  0]LogTexture: Display: 텍스처 빌드: HQ_Lightmap0_12 (AutoDXT, 256X256)
[2018.11.06-10.38.57:975][  0]LogTexture: Display: 텍스처 빌드: HQ_Lightmap0_14 (AutoDXT, 256X256)
[2018.11.06-10.38.57:975][  0]LogTexture: Display: 텍스처 빌드: HQ_Lightmap0_15 (AutoDXT, 256X256)
[2018.11.06-10.38.57:975][  0]LogTexture: Display: 텍스처 빌드: HQ_Lightmap0_16 (AutoDXT, 256X256)
[2018.11.06-10.38.57:975][  0]LogTexture: Display: 텍스처 빌드: HQ_Lightmap0_17 (AutoDXT, 256X256)
[2018.11.06-10.38.57:975][  0]LogTexture: Display: 텍스처 빌드: HQ_Lightmap0_18 (AutoDXT, 256X256)
[2018.11.06-10.38.57:975][  0]LogTexture: Display: 텍스처 빌드: HQ_Lightmap0_19 (AutoDXT, 256X256)
[2018.11.06-10.38.57:975][  0]LogTexture: Display: 텍스처 빌드: HQ_Lightmap0_2 (AutoDXT, 256X256)
[2018.11.06-10.38.57:975][  0]LogTexture: Display: 텍스처 빌드: HQ_Lightmap0_20 (AutoDXT, 256X256)
[2018.11.06-10.38.57:975][  0]LogTexture: Display: 텍스처 빌드: HQ_Lightmap0_21 (AutoDXT, 256X256)
[2018.11.06-10.38.57:975][  0]LogTexture: Display: 텍스처 빌드: HQ_Lightmap0_22 (AutoDXT, 256X256)
[2018.11.06-10.38.57:975][  0]LogTexture: Display: 텍스처 빌드: HQ_Lightmap0_23 (AutoDXT, 256X256)
[2018.11.06-10.38.57:975][  0]LogTexture: Display: 텍스처 빌드: HQ_Lightmap0_24 (AutoDXT, 256X256)
[2018.11.06-10.38.57:975][  0]LogTexture: Display: 텍스처 빌드: HQ_Lightmap0_25 (AutoDXT, 256X256)
[2018.11.06-10.38.57:975][  0]LogTexture: Display: 텍스처 빌드: HQ_Lightmap0_26 (AutoDXT, 256X256)
[2018.11.06-10.38.57:975][  0]LogTexture: Display: 텍스처 빌드: HQ_Lightmap0_27 (AutoDXT, 256X256)
[2018.11.06-10.38.57:975][  0]LogTexture: Display: 텍스처 빌드: HQ_Lightmap0_28 (AutoDXT, 256X256)
[2018.11.06-10.38.57:975][  0]LogTexture: Display: 텍스처 빌드: HQ_Lightmap0_29 (AutoDXT, 256X256)
[2018.11.06-10.38.57:975][  0]LogTexture: Display: 텍스처 빌드: HQ_Lightmap0_31 (AutoDXT, 256X256)
[2018.11.06-10.38.57:975][  0]LogTexture: Display: 텍스처 빌드: HQ_Lightmap0_3 (AutoDXT, 256X256)
[2018.11.06-10.38.57:975][  0]LogTexture: Display: 텍스처 빌드: HQ_Lightmap0_30 (AutoDXT, 256X256)
[2018.11.06-10.38.57:975][  0]LogTexture: Display: 텍스처 빌드: HQ_Lightmap0_32 (AutoDXT, 256X256)
[2018.11.06-10.38.57:975][  0]LogTexture: Display: 텍스처 빌드: HQ_Lightmap0_33 (AutoDXT, 256X256)
[2018.11.06-10.38.58:144][  0]LogTexture: Display: 텍스처 빌드: HQ_Lightmap0_34 (AutoDXT, 256X256)
[2018.11.06-10.38.58:144][  0]LogTexture: Display: 텍스처 빌드: HQ_Lightmap0_35 (AutoDXT, 256X256)
[2018.11.06-10.38.58:144][  0]LogTexture: Display: 텍스처 빌드: HQ_Lightmap0_37 (AutoDXT, 256X256)
[2018.11.06-10.38.58:145][  0]LogTexture: Display: 텍스처 빌드: HQ_Lightmap0_36 (AutoDXT, 256X256)
[2018.11.06-10.38.58:145][  0]LogTexture: Display: 텍스처 빌드: HQ_Lightmap0_38 (AutoDXT, 256X256)
[2018.11.06-10.38.58:145][  0]LogTexture: Display: 텍스처 빌드: HQ_Lightmap0_39 (AutoDXT, 256X256)
[2018.11.06-10.38.58:145][  0]LogMaterial: Display: Missing cached shader map for material WorldGridMaterial, compiling. Is special engine material.
[2018.11.06-10.39.25:279][  0]LogTexture: Display: 텍스처 빌드: HQ_Lightmap0_4 (AutoDXT, 256X256)
[2018.11.06-10.39.25:279][  0]LogTexture: Display: 텍스처 빌드: HQ_Lightmap0_42 (AutoDXT, 256X256)
[2018.11.06-10.39.25:280][  0]LogTexture: Display: 텍스처 빌드: HQ_Lightmap0_43 (AutoDXT, 256X256)
[2018.11.06-10.39.25:280][  0]LogTexture: Display: 텍스처 빌드: HQ_Lightmap0_41 (AutoDXT, 256X256)
[2018.11.06-10.39.25:280][  0]LogTexture: Display: 텍스처 빌드: HQ_Lightmap0_40 (AutoDXT, 256X256)
[2018.11.06-10.39.25:280][  0]LogTexture: Display: 텍스처 빌드: HQ_Lightmap0_44 (AutoDXT, 256X256)
[2018.11.06-10.39.25:280][  0]LogTexture: Display: 텍스처 빌드: HQ_Lightmap0_45 (AutoDXT, 256X256)
[2018.11.06-10.39.25:280][  0]LogTexture: Display: 텍스처 빌드: HQ_Lightmap0_46 (AutoDXT, 256X256)
[2018.11.06-10.39.25:280][  0]LogTexture: Display: 텍스처 빌드: HQ_Lightmap0_47 (AutoDXT, 256X256)
[2018.11.06-10.39.25:280][  0]LogTexture: Display: 텍스처 빌드: HQ_Lightmap0_48 (AutoDXT, 256X256)
[2018.11.06-10.39.25:280][  0]LogTexture: Display: 텍스처 빌드: HQ_Lightmap0_49 (AutoDXT, 256X256)
[2018.11.06-10.39.25:280][  0]LogTexture: Display: 텍스처 빌드: HQ_Lightmap0_5 (AutoDXT, 256X256)
[2018.11.06-10.39.25:280][  0]LogShaderCompilers: Display: Shaders left to compile 112
[2018.11.06-10.39.25:280][  0]LogShaderCompilers: Display: Shaders left to compile 111
[2018.11.06-10.39.25:280][  0]LogShaderCompilers: Display: Shaders left to compile 110
[2018.11.06-10.39.25:280][  0]LogShaderCompilers: Display: Shaders left to compile 109
[2018.11.06-10.39.25:280][  0]LogShaderCompilers: Display: Shaders left to compile 108
[2018.11.06-10.39.25:280][  0]LogTexture: Display: 텍스처 빌드: HQ_Lightmap0_50 (AutoDXT, 256X256)
[2018.11.06-10.39.25:280][  0]LogTexture: Display: 텍스처 빌드: HQ_Lightmap0_51 (AutoDXT, 256X256)
[2018.11.06-10.39.25:280][  0]LogTexture: Display: 텍스처 빌드: HQ_Lightmap0_52 (AutoDXT, 256X256)
[2018.11.06-10.39.25:280][  0]LogTexture: Display: 텍스처 빌드: HQ_Lightmap0_53 (AutoDXT, 256X256)
[2018.11.06-10.39.25:280][  0]LogTexture: Display: 텍스처 빌드: HQ_Lightmap0_54 (AutoDXT, 256X256)
[2018.11.06-10.39.25:280][  0]LogTexture: Display: 텍스처 빌드: HQ_Lightmap0_55 (AutoDXT, 256X256)
[2018.11.06-10.39.25:280][  0]LogTexture: Display: 텍스처 빌드: HQ_Lightmap0_56 (AutoDXT, 256X256)
[2018.11.06-10.39.25:280][  0]LogTexture: Display: 텍스처 빌드: HQ_Lightmap0_57 (AutoDXT, 256X256)
[2018.11.06-10.39.25:280][  0]LogTexture: Display: 텍스처 빌드: HQ_Lightmap0_58 (AutoDXT, 256X256)
[2018.11.06-10.39.25:280][  0]LogTexture: Display: 텍스처 빌드: HQ_Lightmap0_59 (AutoDXT, 256X256)
[2018.11.06-10.39.25:280][  0]LogTexture: Display: 텍스처 빌드: HQ_Lightmap0_6 (AutoDXT, 256X256)
[2018.11.06-10.39.25:280][  0]LogTexture: Display: 텍스처 빌드: HQ_Lightmap0_60 (AutoDXT, 256X256)
[2018.11.06-10.39.25:280][  0]LogTexture: Display: 텍스처 빌드: HQ_Lightmap0_61 (AutoDXT, 256X256)
[2018.11.06-10.39.25:280][  0]LogTexture: Display: 텍스처 빌드: HQ_Lightmap0_62 (AutoDXT, 256X256)
[2018.11.06-10.39.25:280][  0]LogTexture: Display: 텍스처 빌드: HQ_Lightmap0_63 (AutoDXT, 256X256)
[2018.11.06-10.39.25:280][  0]LogTexture: Display: 텍스처 빌드: HQ_Lightmap0_64 (AutoDXT, 256X256)
[2018.11.06-10.39.25:280][  0]LogTexture: Display: 텍스처 빌드: HQ_Lightmap0_65 (AutoDXT, 256X256)
[2018.11.06-10.39.25:280][  0]LogTexture: Display: 텍스처 빌드: HQ_Lightmap0_66 (AutoDXT, 256X256)
[2018.11.06-10.39.25:281][  0]LogTexture: Display: 텍스처 빌드: HQ_Lightmap0_67 (AutoDXT, 256X256)
[2018.11.06-10.39.25:281][  0]LogTexture: Display: 텍스처 빌드: HQ_Lightmap0_68 (AutoDXT, 256X256)
[2018.11.06-10.39.25:281][  0]LogTexture: Display: 텍스처 빌드: HQ_Lightmap0_69 (AutoDXT, 256X256)
[2018.11.06-10.39.25:281][  0]LogTexture: Display: 텍스처 빌드: HQ_Lightmap0_7 (AutoDXT, 256X256)
[2018.11.06-10.39.25:281][  0]LogTexture: Display: 텍스처 빌드: HQ_Lightmap0_70 (AutoDXT, 256X256)
[2018.11.06-10.39.25:281][  0]LogTexture: Display: 텍스처 빌드: HQ_Lightmap0_71 (AutoDXT, 256X256)
[2018.11.06-10.39.25:281][  0]LogTexture: Display: 텍스처 빌드: HQ_Lightmap0_72 (AutoDXT, 256X256)
[2018.11.06-10.39.25:281][  0]LogTexture: Display: 텍스처 빌드: HQ_Lightmap0_73 (AutoDXT, 256X256)
[2018.11.06-10.39.25:281][  0]LogTexture: Display: 텍스처 빌드: HQ_Lightmap0_74 (AutoDXT, 256X256)
[2018.11.06-10.39.25:281][  0]LogTexture: Display: 텍스처 빌드: HQ_Lightmap0_75 (AutoDXT, 256X256)
[2018.11.06-10.39.25:281][  0]LogTexture: Display: 텍스처 빌드: HQ_Lightmap0_76 (AutoDXT, 128X128)
[2018.11.06-10.39.25:281][  0]LogTexture: Display: 텍스처 빌드: HQ_Lightmap0_77 (AutoDXT, 128X128)
[2018.11.06-10.39.25:281][  0]LogTexture: Display: 텍스처 빌드: HQ_Lightmap0_8 (AutoDXT, 256X256)
[2018.11.06-10.39.25:281][  0]LogTexture: Display: 텍스처 빌드: HQ_Lightmap0_9 (AutoDXT, 256X256)
[2018.11.06-10.39.25:281][  0]LogTexture: Display: 텍스처 빌드: LQ_Lightmap_0_1 (DXT1, 256X256)
[2018.11.06-10.39.25:281][  0]LogTexture: Display: 텍스처 빌드: LQ_Lightmap_0_10 (DXT1, 256X256)
[2018.11.06-10.39.25:281][  0]LogTexture: Display: 텍스처 빌드: LQ_Lightmap_0_11 (DXT1, 256X256)
[2018.11.06-10.39.25:281][  0]LogTexture: Display: 텍스처 빌드: LQ_Lightmap_0_12 (DXT1, 256X256)
[2018.11.06-10.39.25:281][  0]LogTexture: Display: 텍스처 빌드: LQ_Lightmap_0_13 (DXT1, 256X256)
[2018.11.06-10.39.25:281][  0]LogTexture: Display: 텍스처 빌드: LQ_Lightmap_0_14 (DXT1, 256X256)
[2018.11.06-10.39.25:281][  0]LogTexture: Display: 텍스처 빌드: LQ_Lightmap_0_15 (DXT1, 256X256)
[2018.11.06-10.39.25:281][  0]LogTexture: Display: 텍스처 빌드: LQ_Lightmap_0_16 (DXT1, 256X256)
[2018.11.06-10.39.25:281][  0]LogTexture: Display: 텍스처 빌드: LQ_Lightmap_0_17 (DXT1, 256X256)
[2018.11.06-10.39.25:281][  0]LogTexture: Display: 텍스처 빌드: LQ_Lightmap_0_18 (DXT1, 256X256)
[2018.11.06-10.39.25:281][  0]LogTexture: Display: 텍스처 빌드: LQ_Lightmap_0_19 (DXT1, 256X256)
[2018.11.06-10.39.25:281][  0]LogTexture: Display: 텍스처 빌드: LQ_Lightmap_0_2 (DXT1, 256X256)
[2018.11.06-10.39.25:281][  0]LogTexture: Display: 텍스처 빌드: LQ_Lightmap_0_20 (DXT1, 256X256)
[2018.11.06-10.39.25:281][  0]LogTexture: Display: 텍스처 빌드: LQ_Lightmap_0_21 (DXT1, 256X256)
[2018.11.06-10.39.25:282][  0]LogTexture: Display: 텍스처 빌드: LQ_Lightmap_0_22 (DXT1, 256X256)
[2018.11.06-10.39.25:282][  0]LogTexture: Display: 텍스처 빌드: LQ_Lightmap_0_23 (DXT1, 256X256)
[2018.11.06-10.39.25:282][  0]LogTexture: Display: 텍스처 빌드: LQ_Lightmap_0_24 (DXT1, 256X256)
[2018.11.06-10.39.25:282][  0]LogTexture: Display: 텍스처 빌드: LQ_Lightmap_0_25 (DXT1, 256X256)
[2018.11.06-10.39.25:282][  0]LogTexture: Display: 텍스처 빌드: LQ_Lightmap_0_26 (DXT1, 256X256)
[2018.11.06-10.39.25:282][  0]LogTexture: Display: 텍스처 빌드: LQ_Lightmap_0_27 (DXT1, 256X256)
[2018.11.06-10.39.25:282][  0]LogTexture: Display: 텍스처 빌드: LQ_Lightmap_0_28 (DXT1, 256X256)
[2018.11.06-10.39.25:282][  0]LogTexture: Display: 텍스처 빌드: LQ_Lightmap_0_29 (DXT1, 256X256)
[2018.11.06-10.39.25:282][  0]LogTexture: Display: 텍스처 빌드: LQ_Lightmap_0_30 (DXT1, 256X256)
[2018.11.06-10.39.25:282][  0]LogTexture: Display: 텍스처 빌드: LQ_Lightmap_0_3 (DXT1, 256X256)
[2018.11.06-10.39.25:282][  0]LogTexture: Display: 텍스처 빌드: LQ_Lightmap_0_31 (DXT1, 256X256)
[2018.11.06-10.39.25:282][  0]LogTexture: Display: 텍스처 빌드: LQ_Lightmap_0_32 (DXT1, 256X256)
[2018.11.06-10.39.25:282][  0]LogTexture: Display: 텍스처 빌드: LQ_Lightmap_0_33 (DXT1, 256X256)
[2018.11.06-10.39.25:282][  0]LogTexture: Display: 텍스처 빌드: LQ_Lightmap_0_34 (DXT1, 256X256)
[2018.11.06-10.39.25:282][  0]LogTexture: Display: 텍스처 빌드: LQ_Lightmap_0_36 (DXT1, 256X256)
[2018.11.06-10.39.25:282][  0]LogTexture: Display: 텍스처 빌드: LQ_Lightmap_0_35 (DXT1, 256X256)
[2018.11.06-10.39.25:282][  0]LogTexture: Display: 텍스처 빌드: LQ_Lightmap_0_37 (DXT1, 256X256)
[2018.11.06-10.39.25:282][  0]LogTexture: Display: 텍스처 빌드: LQ_Lightmap_0_38 (DXT1, 256X256)
[2018.11.06-10.39.25:282][  0]LogTexture: Display: 텍스처 빌드: LQ_Lightmap_0_39 (DXT1, 256X256)
[2018.11.06-10.39.25:282][  0]LogTexture: Display: 텍스처 빌드: LQ_Lightmap_0_4 (DXT1, 256X256)
[2018.11.06-10.39.25:282][  0]LogTexture: Display: 텍스처 빌드: LQ_Lightmap_0_40 (DXT1, 256X256)
[2018.11.06-10.39.25:282][  0]LogTexture: Display: 텍스처 빌드: LQ_Lightmap_0_41 (DXT1, 256X256)
[2018.11.06-10.39.25:282][  0]LogTexture: Display: 텍스처 빌드: LQ_Lightmap_0_42 (DXT1, 256X256)
[2018.11.06-10.39.25:282][  0]LogTexture: Display: 텍스처 빌드: LQ_Lightmap_0_43 (DXT1, 256X256)
[2018.11.06-10.39.25:282][  0]LogTexture: Display: 텍스처 빌드: LQ_Lightmap_0_44 (DXT1, 256X256)
[2018.11.06-10.39.25:282][  0]LogTexture: Display: 텍스처 빌드: LQ_Lightmap_0_45 (DXT1, 256X256)
[2018.11.06-10.39.25:282][  0]LogTexture: Display: 텍스처 빌드: LQ_Lightmap_0_46 (DXT1, 256X256)
[2018.11.06-10.39.25:282][  0]LogTexture: Display: 텍스처 빌드: LQ_Lightmap_0_47 (DXT1, 256X256)
[2018.11.06-10.39.25:282][  0]LogTexture: Display: 텍스처 빌드: LQ_Lightmap_0_48 (DXT1, 256X256)
[2018.11.06-10.39.25:282][  0]LogTexture: Display: 텍스처 빌드: LQ_Lightmap_0_49 (DXT1, 256X256)
[2018.11.06-10.39.25:282][  0]LogTexture: Display: 텍스처 빌드: LQ_Lightmap_0_5 (DXT1, 256X256)
[2018.11.06-10.39.25:282][  0]LogTexture: Display: 텍스처 빌드: LQ_Lightmap_0_50 (DXT1, 256X256)
[2018.11.06-10.39.25:282][  0]LogTexture: Display: 텍스처 빌드: LQ_Lightmap_0_51 (DXT1, 256X256)
[2018.11.06-10.39.25:283][  0]LogTexture: Display: 텍스처 빌드: LQ_Lightmap_0_52 (DXT1, 256X256)
[2018.11.06-10.39.25:283][  0]LogTexture: Display: 텍스처 빌드: LQ_Lightmap_0_53 (DXT1, 256X256)
[2018.11.06-10.39.25:283][  0]LogTexture: Display: 텍스처 빌드: LQ_Lightmap_0_54 (DXT1, 256X256)
[2018.11.06-10.39.25:283][  0]LogTexture: Display: 텍스처 빌드: LQ_Lightmap_0_55 (DXT1, 256X256)
[2018.11.06-10.39.25:283][  0]LogTexture: Display: 텍스처 빌드: LQ_Lightmap_0_56 (DXT1, 256X256)
[2018.11.06-10.39.25:283][  0]LogTexture: Display: 텍스처 빌드: LQ_Lightmap_0_57 (DXT1, 256X256)
[2018.11.06-10.39.25:283][  0]LogTexture: Display: 텍스처 빌드: LQ_Lightmap_0_58 (DXT1, 256X256)
[2018.11.06-10.39.25:283][  0]LogTexture: Display: 텍스처 빌드: LQ_Lightmap_0_59 (DXT1, 256X256)
[2018.11.06-10.39.25:283][  0]LogTexture: Display: 텍스처 빌드: LQ_Lightmap_0_6 (DXT1, 256X256)
[2018.11.06-10.39.25:283][  0]LogTexture: Display: 텍스처 빌드: LQ_Lightmap_0_60 (DXT1, 256X256)
[2018.11.06-10.39.25:283][  0]LogTexture: Display: 텍스처 빌드: LQ_Lightmap_0_61 (DXT1, 256X256)
[2018.11.06-10.39.25:283][  0]LogTexture: Display: 텍스처 빌드: LQ_Lightmap_0_62 (DXT1, 256X256)
[2018.11.06-10.39.25:283][  0]LogTexture: Display: 텍스처 빌드: LQ_Lightmap_0_63 (DXT1, 256X256)
[2018.11.06-10.39.25:283][  0]LogTexture: Display: 텍스처 빌드: LQ_Lightmap_0_64 (DXT1, 256X256)
[2018.11.06-10.39.25:283][  0]LogTexture: Display: 텍스처 빌드: LQ_Lightmap_0_65 (DXT1, 256X256)
[2018.11.06-10.39.25:283][  0]LogTexture: Display: 텍스처 빌드: LQ_Lightmap_0_66 (DXT1, 256X256)
[2018.11.06-10.39.25:283][  0]LogTexture: Display: 텍스처 빌드: LQ_Lightmap_0_67 (DXT1, 256X256)
[2018.11.06-10.39.25:283][  0]LogTexture: Display: 텍스처 빌드: LQ_Lightmap_0_68 (DXT1, 256X256)
[2018.11.06-10.39.25:283][  0]LogTexture: Display: 텍스처 빌드: LQ_Lightmap_0_69 (DXT1, 256X256)
[2018.11.06-10.39.25:283][  0]LogTexture: Display: 텍스처 빌드: LQ_Lightmap_0_7 (DXT1, 256X256)
[2018.11.06-10.39.25:283][  0]LogTexture: Display: 텍스처 빌드: LQ_Lightmap_0_70 (DXT1, 256X256)
[2018.11.06-10.39.25:283][  0]LogTexture: Display: 텍스처 빌드: LQ_Lightmap_0_71 (DXT1, 256X256)
[2018.11.06-10.39.25:283][  0]LogTexture: Display: 텍스처 빌드: LQ_Lightmap_0_72 (DXT1, 256X256)
[2018.11.06-10.39.25:283][  0]LogTexture: Display: 텍스처 빌드: LQ_Lightmap_0_74 (DXT1, 256X256)
[2018.11.06-10.39.25:283][  0]LogTexture: Display: 텍스처 빌드: LQ_Lightmap_0_73 (DXT1, 256X256)
[2018.11.06-10.39.25:283][  0]LogTexture: Display: 텍스처 빌드: LQ_Lightmap_0_75 (DXT1, 256X256)
[2018.11.06-10.39.25:283][  0]LogTexture: Display: 텍스처 빌드: LQ_Lightmap_0_76 (DXT1, 128X128)
[2018.11.06-10.39.25:283][  0]LogTexture: Display: 텍스처 빌드: LQ_Lightmap_0_77 (DXT1, 128X128)
[2018.11.06-10.39.25:283][  0]LogTexture: Display: 텍스처 빌드: LQ_Lightmap_0_8 (DXT1, 256X256)
[2018.11.06-10.39.25:283][  0]LogTexture: Display: 텍스처 빌드: LQ_Lightmap_0_9 (DXT1, 256X256)
[2018.11.06-10.39.25:283][  0]LogTexture: Display: 텍스처 빌드: SkyOcclusion0_1 (AutoDXT, 256X128)
[2018.11.06-10.39.25:284][  0]LogTexture: Display: 텍스처 빌드: SkyOcclusion0_10 (AutoDXT, 256X128)
[2018.11.06-10.39.25:284][  0]LogTexture: Display: 텍스처 빌드: SkyOcclusion0_11 (AutoDXT, 256X128)
[2018.11.06-10.39.25:284][  0]LogTexture: Display: 텍스처 빌드: SkyOcclusion0_12 (AutoDXT, 256X128)
[2018.11.06-10.39.25:284][  0]LogTexture: Display: 텍스처 빌드: SkyOcclusion0_16 (AutoDXT, 256X128)
[2018.11.06-10.39.25:284][  0]LogTexture: Display: 텍스처 빌드: SkyOcclusion0_18 (AutoDXT, 256X128)
[2018.11.06-10.39.25:284][  0]LogTexture: Display: 텍스처 빌드: SkyOcclusion0_15 (AutoDXT, 256X128)
[2018.11.06-10.39.25:284][  0]LogTexture: Display: 텍스처 빌드: SkyOcclusion0_17 (AutoDXT, 256X128)
[2018.11.06-10.39.25:284][  0]LogTexture: Display: 텍스처 빌드: SkyOcclusion0_13 (AutoDXT, 256X128)
[2018.11.06-10.39.25:284][  0]LogTexture: Display: 텍스처 빌드: SkyOcclusion0_14 (AutoDXT, 256X128)
[2018.11.06-10.39.25:284][  0]LogTexture: Display: 텍스처 빌드: SkyOcclusion0_19 (AutoDXT, 256X128)
[2018.11.06-10.39.25:284][  0]LogTexture: Display: 텍스처 빌드: SkyOcclusion0_20 (AutoDXT, 256X128)
[2018.11.06-10.39.25:284][  0]LogTexture: Display: 텍스처 빌드: SkyOcclusion0_21 (AutoDXT, 256X128)
[2018.11.06-10.39.25:284][  0]LogTexture: Display: 텍스처 빌드: SkyOcclusion0_2 (AutoDXT, 256X128)
[2018.11.06-10.39.25:284][  0]LogTexture: Display: 텍스처 빌드: SkyOcclusion0_22 (AutoDXT, 256X128)
[2018.11.06-10.39.25:284][  0]LogTexture: Display: 텍스처 빌드: SkyOcclusion0_23 (AutoDXT, 256X128)
[2018.11.06-10.39.25:284][  0]LogTexture: Display: 텍스처 빌드: SkyOcclusion0_24 (AutoDXT, 256X128)
[2018.11.06-10.39.25:284][  0]LogTexture: Display: 텍스처 빌드: SkyOcclusion0_25 (AutoDXT, 256X128)
[2018.11.06-10.39.25:284][  0]LogTexture: Display: 텍스처 빌드: SkyOcclusion0_26 (AutoDXT, 256X128)
[2018.11.06-10.39.25:284][  0]LogTexture: Display: 텍스처 빌드: SkyOcclusion0_27 (AutoDXT, 256X128)
[2018.11.06-10.39.25:284][  0]LogTexture: Display: 텍스처 빌드: SkyOcclusion0_28 (AutoDXT, 256X128)
[2018.11.06-10.39.25:284][  0]LogTexture: Display: 텍스처 빌드: SkyOcclusion0_3 (AutoDXT, 256X128)
[2018.11.06-10.39.25:284][  0]LogTexture: Display: 텍스처 빌드: SkyOcclusion0_30 (AutoDXT, 256X128)
[2018.11.06-10.39.25:284][  0]LogTexture: Display: 텍스처 빌드: SkyOcclusion0_29 (AutoDXT, 256X128)
[2018.11.06-10.39.25:284][  0]LogTexture: Display: 텍스처 빌드: SkyOcclusion0_31 (AutoDXT, 256X128)
[2018.11.06-10.39.25:284][  0]LogTexture: Display: 텍스처 빌드: SkyOcclusion0_33 (AutoDXT, 256X128)
[2018.11.06-10.39.25:284][  0]LogTexture: Display: 텍스처 빌드: SkyOcclusion0_32 (AutoDXT, 256X128)
[2018.11.06-10.39.25:284][  0]LogTexture: Display: 텍스처 빌드: SkyOcclusion0_34 (AutoDXT, 256X128)
[2018.11.06-10.39.25:284][  0]LogTexture: Display: 텍스처 빌드: SkyOcclusion0_35 (AutoDXT, 256X128)
[2018.11.06-10.39.25:284][  0]LogTexture: Display: 텍스처 빌드: SkyOcclusion0_36 (AutoDXT, 256X128)
[2018.11.06-10.39.25:284][  0]LogTexture: Display: 텍스처 빌드: SkyOcclusion0_37 (AutoDXT, 256X128)
[2018.11.06-10.39.25:285][  0]LogTexture: Display: 텍스처 빌드: SkyOcclusion0_39 (AutoDXT, 256X128)
[2018.11.06-10.39.25:285][  0]LogTexture: Display: 텍스처 빌드: SkyOcclusion0_38 (AutoDXT, 256X128)
[2018.11.06-10.39.25:285][  0]LogTexture: Display: 텍스처 빌드: SkyOcclusion0_4 (AutoDXT, 256X128)
[2018.11.06-10.39.25:285][  0]LogTexture: Display: 텍스처 빌드: SkyOcclusion0_40 (AutoDXT, 256X128)
[2018.11.06-10.39.25:285][  0]LogTexture: Display: 텍스처 빌드: SkyOcclusion0_41 (AutoDXT, 256X128)
[2018.11.06-10.39.25:285][  0]LogTexture: Display: 텍스처 빌드: SkyOcclusion0_42 (AutoDXT, 256X128)
[2018.11.06-10.39.25:285][  0]LogTexture: Display: 텍스처 빌드: SkyOcclusion0_43 (AutoDXT, 256X128)
[2018.11.06-10.39.25:285][  0]LogTexture: Display: 텍스처 빌드: SkyOcclusion0_44 (AutoDXT, 256X128)
[2018.11.06-10.39.25:285][  0]LogTexture: Display: 텍스처 빌드: SkyOcclusion0_45 (AutoDXT, 256X128)
[2018.11.06-10.39.25:285][  0]LogTexture: Display: 텍스처 빌드: SkyOcclusion0_46 (AutoDXT, 256X128)
[2018.11.06-10.39.25:285][  0]LogTexture: Display: 텍스처 빌드: SkyOcclusion0_47 (AutoDXT, 256X128)
[2018.11.06-10.39.25:285][  0]LogTexture: Display: 텍스처 빌드: SkyOcclusion0_48 (AutoDXT, 256X128)
[2018.11.06-10.39.25:285][  0]LogTexture: Display: 텍스처 빌드: SkyOcclusion0_49 (AutoDXT, 256X128)
[2018.11.06-10.39.25:285][  0]LogTexture: Display: 텍스처 빌드: SkyOcclusion0_5 (AutoDXT, 256X128)
[2018.11.06-10.39.25:285][  0]LogTexture: Display: 텍스처 빌드: SkyOcclusion0_50 (AutoDXT, 256X128)
[2018.11.06-10.39.25:285][  0]LogTexture: Display: 텍스처 빌드: SkyOcclusion0_51 (AutoDXT, 256X128)
[2018.11.06-10.39.25:285][  0]LogTexture: Display: 텍스처 빌드: SkyOcclusion0_52 (AutoDXT, 256X128)
[2018.11.06-10.39.25:285][  0]LogTexture: Display: 텍스처 빌드: SkyOcclusion0_53 (AutoDXT, 256X128)
[2018.11.06-10.39.25:285][  0]LogTexture: Display: 텍스처 빌드: SkyOcclusion0_57 (AutoDXT, 256X128)
[2018.11.06-10.39.25:285][  0]LogTexture: Display: 텍스처 빌드: SkyOcclusion0_56 (AutoDXT, 256X128)
[2018.11.06-10.39.25:285][  0]LogTexture: Display: 텍스처 빌드: SkyOcclusion0_54 (AutoDXT, 256X128)
[2018.11.06-10.39.25:286][  0]LogTexture: Display: 텍스처 빌드: SkyOcclusion0_55 (AutoDXT, 256X128)
[2018.11.06-10.39.25:286][  0]LogTexture: Display: 텍스처 빌드: SkyOcclusion0_58 (AutoDXT, 256X128)
[2018.11.06-10.39.25:286][  0]LogTexture: Display: 텍스처 빌드: SkyOcclusion0_59 (AutoDXT, 256X128)
[2018.11.06-10.39.25:286][  0]LogTexture: Display: 텍스처 빌드: SkyOcclusion0_6 (AutoDXT, 256X128)
[2018.11.06-10.39.25:286][  0]LogTexture: Display: 텍스처 빌드: SkyOcclusion0_60 (AutoDXT, 256X128)
[2018.11.06-10.39.25:286][  0]LogTexture: Display: 텍스처 빌드: SkyOcclusion0_61 (AutoDXT, 256X128)
[2018.11.06-10.39.25:286][  0]LogTexture: Display: 텍스처 빌드: SkyOcclusion0_62 (AutoDXT, 256X128)
[2018.11.06-10.39.25:286][  0]LogTexture: Display: 텍스처 빌드: SkyOcclusion0_63 (AutoDXT, 256X128)
[2018.11.06-10.39.25:286][  0]LogTexture: Display: 텍스처 빌드: SkyOcclusion0_64 (AutoDXT, 256X128)
[2018.11.06-10.39.25:286][  0]LogTexture: Display: 텍스처 빌드: SkyOcclusion0_65 (AutoDXT, 256X128)
[2018.11.06-10.39.25:286][  0]LogTexture: Display: 텍스처 빌드: SkyOcclusion0_66 (AutoDXT, 256X128)
[2018.11.06-10.39.25:286][  0]LogTexture: Display: 텍스처 빌드: SkyOcclusion0_67 (AutoDXT, 256X128)
[2018.11.06-10.39.25:286][  0]LogTexture: Display: 텍스처 빌드: SkyOcclusion0_68 (AutoDXT, 256X128)
[2018.11.06-10.39.25:286][  0]LogTexture: Display: 텍스처 빌드: SkyOcclusion0_69 (AutoDXT, 256X128)
[2018.11.06-10.39.25:286][  0]LogTexture: Display: 텍스처 빌드: SkyOcclusion0_7 (AutoDXT, 256X128)
[2018.11.06-10.39.25:286][  0]LogTexture: Display: 텍스처 빌드: SkyOcclusion0_70 (AutoDXT, 256X128)
[2018.11.06-10.39.25:286][  0]LogTexture: Display: 텍스처 빌드: SkyOcclusion0_71 (AutoDXT, 256X128)
[2018.11.06-10.39.25:286][  0]LogTexture: Display: 텍스처 빌드: SkyOcclusion0_72 (AutoDXT, 256X128)
[2018.11.06-10.39.25:286][  0]LogTexture: Display: 텍스처 빌드: SkyOcclusion0_73 (AutoDXT, 256X128)
[2018.11.06-10.39.25:286][  0]LogTexture: Display: 텍스처 빌드: SkyOcclusion0_74 (AutoDXT, 256X128)
[2018.11.06-10.39.25:286][  0]LogTexture: Display: 텍스처 빌드: SkyOcclusion0_75 (AutoDXT, 256X128)
[2018.11.06-10.39.25:286][  0]LogTexture: Display: 텍스처 빌드: SkyOcclusion0_76 (AutoDXT, 128X64)
[2018.11.06-10.39.25:286][  0]LogTexture: Display: 텍스처 빌드: SkyOcclusion0_77 (AutoDXT, 128X64)
[2018.11.06-10.39.25:286][  0]LogTexture: Display: 텍스처 빌드: SkyOcclusion0_8 (AutoDXT, 256X128)
[2018.11.06-10.39.25:287][  0]LogTexture: Display: 텍스처 빌드: SkyOcclusion0_9 (AutoDXT, 256X128)
[2018.11.06-10.39.25:287][  0]LogTexture: Display: 텍스처 빌드: ShadowMapTexture2D_0 (G8, 256X128)
[2018.11.06-10.39.25:287][  0]LogTexture: Display: 텍스처 빌드: ShadowMapTexture2D_1 (G8, 256X64)
[2018.11.06-10.39.25:287][  0]LogTexture: Display: 텍스처 빌드: ShadowMapTexture2D_10 (G8, 256X64)
[2018.11.06-10.39.25:287][  0]LogTexture: Display: 텍스처 빌드: ShadowMapTexture2D_11 (G8, 256X64)
[2018.11.06-10.39.25:287][  0]LogTexture: Display: 텍스처 빌드: ShadowMapTexture2D_12 (G8, 256X64)
[2018.11.06-10.39.25:287][  0]LogTexture: Display: 텍스처 빌드: ShadowMapTexture2D_13 (G8, 256X64)
[2018.11.06-10.39.25:287][  0]LogTexture: Display: 텍스처 빌드: ShadowMapTexture2D_14 (G8, 256X64)
[2018.11.06-10.39.25:287][  0]LogTexture: Display: 텍스처 빌드: ShadowMapTexture2D_15 (G8, 256X64)
[2018.11.06-10.39.25:287][  0]LogTexture: Display: 텍스처 빌드: ShadowMapTexture2D_17 (G8, 256X64)
[2018.11.06-10.39.25:287][  0]LogTexture: Display: 텍스처 빌드: ShadowMapTexture2D_16 (G8, 256X64)
[2018.11.06-10.39.25:287][  0]LogTexture: Display: 텍스처 빌드: ShadowMapTexture2D_18 (G8, 256X64)
[2018.11.06-10.39.25:287][  0]LogTexture: Display: 텍스처 빌드: ShadowMapTexture2D_19 (G8, 256X64)
[2018.11.06-10.39.25:287][  0]LogTexture: Display: 텍스처 빌드: ShadowMapTexture2D_2 (G8, 256X64)
[2018.11.06-10.39.25:287][  0]LogTexture: Display: 텍스처 빌드: ShadowMapTexture2D_20 (G8, 256X64)
[2018.11.06-10.39.25:287][  0]LogTexture: Display: 텍스처 빌드: ShadowMapTexture2D_21 (G8, 256X64)
[2018.11.06-10.39.25:287][  0]LogTexture: Display: 텍스처 빌드: ShadowMapTexture2D_22 (G8, 256X64)
[2018.11.06-10.39.25:287][  0]LogTexture: Display: 텍스처 빌드: ShadowMapTexture2D_23 (G8, 256X64)
[2018.11.06-10.39.25:287][  0]LogTexture: Display: 텍스처 빌드: ShadowMapTexture2D_25 (G8, 256X64)
[2018.11.06-10.39.25:287][  0]LogTexture: Display: 텍스처 빌드: ShadowMapTexture2D_24 (G8, 256X64)
[2018.11.06-10.39.25:287][  0]LogTexture: Display: 텍스처 빌드: ShadowMapTexture2D_26 (G8, 256X64)
[2018.11.06-10.39.25:287][  0]LogTexture: Display: 텍스처 빌드: ShadowMapTexture2D_29 (G8, 256X64)
[2018.11.06-10.39.25:287][  0]LogTexture: Display: 텍스처 빌드: ShadowMapTexture2D_27 (G8, 256X64)
[2018.11.06-10.39.25:287][  0]LogTexture: Display: 텍스처 빌드: ShadowMapTexture2D_28 (G8, 256X64)
[2018.11.06-10.39.25:287][  0]LogTexture: Display: 텍스처 빌드: ShadowMapTexture2D_3 (G8, 256X64)
[2018.11.06-10.39.25:287][  0]LogTexture: Display: 텍스처 빌드: ShadowMapTexture2D_30 (G8, 256X64)
[2018.11.06-10.39.25:287][  0]LogTexture: Display: 텍스처 빌드: ShadowMapTexture2D_31 (G8, 256X64)
[2018.11.06-10.39.25:287][  0]LogTexture: Display: 텍스처 빌드: ShadowMapTexture2D_32 (G8, 256X64)
[2018.11.06-10.39.25:287][  0]LogTexture: Display: 텍스처 빌드: ShadowMapTexture2D_33 (G8, 256X64)
[2018.11.06-10.39.25:287][  0]LogTexture: Display: 텍스처 빌드: ShadowMapTexture2D_34 (G8, 256X64)
[2018.11.06-10.39.25:288][  0]LogTexture: Display: 텍스처 빌드: ShadowMapTexture2D_35 (G8, 256X64)
[2018.11.06-10.39.25:288][  0]LogTexture: Display: 텍스처 빌드: ShadowMapTexture2D_36 (G8, 256X64)
[2018.11.06-10.39.25:288][  0]LogTexture: Display: 텍스처 빌드: ShadowMapTexture2D_37 (G8, 256X64)
[2018.11.06-10.39.25:288][  0]LogTexture: Display: 텍스처 빌드: ShadowMapTexture2D_38 (G8, 256X64)
[2018.11.06-10.39.25:288][  0]LogTexture: Display: 텍스처 빌드: ShadowMapTexture2D_39 (G8, 256X64)
[2018.11.06-10.39.25:288][  0]LogTexture: Display: 텍스처 빌드: ShadowMapTexture2D_4 (G8, 256X64)
[2018.11.06-10.39.25:288][  0]LogTexture: Display: 텍스처 빌드: ShadowMapTexture2D_40 (G8, 256X64)
[2018.11.06-10.39.25:288][  0]LogTexture: Display: 텍스처 빌드: ShadowMapTexture2D_41 (G8, 256X64)
[2018.11.06-10.39.25:288][  0]LogTexture: Display: 텍스처 빌드: ShadowMapTexture2D_42 (G8, 256X64)
[2018.11.06-10.39.25:288][  0]LogTexture: Display: 텍스처 빌드: ShadowMapTexture2D_44 (G8, 256X64)
[2018.11.06-10.39.25:288][  0]LogTexture: Display: 텍스처 빌드: ShadowMapTexture2D_43 (G8, 256X64)
[2018.11.06-10.39.25:288][  0]LogTexture: Display: 텍스처 빌드: ShadowMapTexture2D_45 (G8, 256X64)
[2018.11.06-10.39.25:288][  0]LogTexture: Display: 텍스처 빌드: ShadowMapTexture2D_46 (G8, 256X64)
[2018.11.06-10.39.25:288][  0]LogTexture: Display: 텍스처 빌드: ShadowMapTexture2D_47 (G8, 256X64)
[2018.11.06-10.39.25:288][  0]LogTexture: Display: 텍스처 빌드: ShadowMapTexture2D_48 (G8, 256X64)
[2018.11.06-10.39.25:288][  0]LogTexture: Display: 텍스처 빌드: ShadowMapTexture2D_49 (G8, 256X64)
[2018.11.06-10.39.25:288][  0]LogTexture: Display: 텍스처 빌드: ShadowMapTexture2D_5 (G8, 256X64)
[2018.11.06-10.39.25:288][  0]LogTexture: Display: 텍스처 빌드: ShadowMapTexture2D_51 (G8, 256X64)
[2018.11.06-10.39.25:288][  0]LogTexture: Display: 텍스처 빌드: ShadowMapTexture2D_50 (G8, 256X64)
[2018.11.06-10.39.25:288][  0]LogTexture: Display: 텍스처 빌드: ShadowMapTexture2D_52 (G8, 256X64)
[2018.11.06-10.39.25:288][  0]LogTexture: Display: 텍스처 빌드: ShadowMapTexture2D_54 (G8, 256X64)
[2018.11.06-10.39.25:288][  0]LogTexture: Display: 텍스처 빌드: ShadowMapTexture2D_53 (G8, 256X64)
[2018.11.06-10.39.25:288][  0]LogTexture: Display: 텍스처 빌드: ShadowMapTexture2D_55 (G8, 256X64)
[2018.11.06-10.39.25:288][  0]LogTexture: Display: 텍스처 빌드: ShadowMapTexture2D_56 (G8, 256X64)
[2018.11.06-10.39.25:288][  0]LogTexture: Display: 텍스처 빌드: ShadowMapTexture2D_57 (G8, 256X64)
[2018.11.06-10.39.25:288][  0]LogTexture: Display: 텍스처 빌드: ShadowMapTexture2D_58 (G8, 256X64)
[2018.11.06-10.39.25:288][  0]LogTexture: Display: 텍스처 빌드: ShadowMapTexture2D_59 (G8, 256X64)
[2018.11.06-10.39.25:288][  0]LogTexture: Display: 텍스처 빌드: ShadowMapTexture2D_6 (G8, 256X64)
[2018.11.06-10.39.25:288][  0]LogTexture: Display: 텍스처 빌드: ShadowMapTexture2D_60 (G8, 256X64)
[2018.11.06-10.39.25:288][  0]LogTexture: Display: 텍스처 빌드: ShadowMapTexture2D_61 (G8, 256X64)
[2018.11.06-10.39.25:288][  0]LogTexture: Display: 텍스처 빌드: ShadowMapTexture2D_62 (G8, 256X64)
[2018.11.06-10.39.25:288][  0]LogTexture: Display: 텍스처 빌드: ShadowMapTexture2D_63 (G8, 256X64)
[2018.11.06-10.39.25:288][  0]LogTexture: Display: 텍스처 빌드: ShadowMapTexture2D_64 (G8, 256X64)
[2018.11.06-10.39.25:289][  0]LogTexture: Display: 텍스처 빌드: ShadowMapTexture2D_65 (G8, 256X64)
[2018.11.06-10.39.25:289][  0]LogTexture: Display: 텍스처 빌드: ShadowMapTexture2D_67 (G8, 256X64)
[2018.11.06-10.39.25:289][  0]LogTexture: Display: 텍스처 빌드: ShadowMapTexture2D_66 (G8, 256X64)
[2018.11.06-10.39.25:289][  0]LogTexture: Display: 텍스처 빌드: ShadowMapTexture2D_68 (G8, 256X64)
[2018.11.06-10.39.25:289][  0]LogTexture: Display: 텍스처 빌드: ShadowMapTexture2D_69 (G8, 256X64)
[2018.11.06-10.39.25:289][  0]LogTexture: Display: 텍스처 빌드: ShadowMapTexture2D_7 (G8, 256X64)
[2018.11.06-10.39.25:289][  0]LogTexture: Display: 텍스처 빌드: ShadowMapTexture2D_70 (G8, 256X64)
[2018.11.06-10.39.25:289][  0]LogTexture: Display: 텍스처 빌드: ShadowMapTexture2D_71 (G8, 256X64)
[2018.11.06-10.39.25:289][  0]LogTexture: Display: 텍스처 빌드: ShadowMapTexture2D_72 (G8, 256X64)
[2018.11.06-10.39.25:289][  0]LogTexture: Display: 텍스처 빌드: ShadowMapTexture2D_73 (G8, 256X64)
[2018.11.06-10.39.25:289][  0]LogTexture: Display: 텍스처 빌드: ShadowMapTexture2D_74 (G8, 256X64)
[2018.11.06-10.39.25:289][  0]LogTexture: Display: 텍스처 빌드: ShadowMapTexture2D_75 (G8, 128X64)
[2018.11.06-10.39.25:289][  0]LogTexture: Display: 텍스처 빌드: ShadowMapTexture2D_76 (G8, 128X64)
[2018.11.06-10.39.25:289][  0]LogTexture: Display: 텍스처 빌드: ShadowMapTexture2D_8 (G8, 256X64)
[2018.11.06-10.39.25:289][  0]LogTexture: Display: 텍스처 빌드: ShadowMapTexture2D_9 (G8, 256X64)
[2018.11.06-10.39.25:289][  0]LogShaderCompilers: Display: Shaders left to compile 107
[2018.11.06-10.39.25:289][  0]LogShaderCompilers: Display: Shaders left to compile 106
[2018.11.06-10.39.25:289][  0]LogShaderCompilers: Display: Shaders left to compile 105
[2018.11.06-10.39.25:289][  0]LogShaderCompilers: Display: Shaders left to compile 104
[2018.11.06-10.39.25:289][  0]LogShaderCompilers: Display: Shaders left to compile 103
[2018.11.06-10.39.25:289][  0]LogShaderCompilers: Display: Shaders left to compile 102
[2018.11.06-10.39.25:289][  0]LogShaderCompilers: Display: Shaders left to compile 101
[2018.11.06-10.39.25:289][  0]LogShaderCompilers: Display: Shaders left to compile 100
[2018.11.06-10.39.25:289][  0]LogShaderCompilers: Display: Shaders left to compile 99
[2018.11.06-10.39.25:289][  0]LogShaderCompilers: Display: Shaders left to compile 98
[2018.11.06-10.39.25:289][  0]LogShaderCompilers: Display: Shaders left to compile 97
[2018.11.06-10.39.25:289][  0]LogShaderCompilers: Display: Shaders left to compile 96
[2018.11.06-10.39.25:289][  0]LogShaderCompilers: Display: Shaders left to compile 95
[2018.11.06-10.39.25:289][  0]LogShaderCompilers: Display: Shaders left to compile 94
[2018.11.06-10.39.25:289][  0]LogShaderCompilers: Display: Shaders left to compile 93
[2018.11.06-10.39.25:289][  0]LogShaderCompilers: Display: Shaders left to compile 92
[2018.11.06-10.39.25:289][  0]LogShaderCompilers: Display: Shaders left to compile 91
[2018.11.06-10.39.25:290][  0]LogShaderCompilers: Display: Shaders left to compile 90
[2018.11.06-10.39.25:290][  0]LogShaderCompilers: Display: Shaders left to compile 89
[2018.11.06-10.39.25:290][  0]LogShaderCompilers: Display: Shaders left to compile 88
[2018.11.06-10.39.25:290][  0]LogShaderCompilers: Display: Shaders left to compile 87
[2018.11.06-10.39.25:290][  0]LogShaderCompilers: Display: Shaders left to compile 86
[2018.11.06-10.39.25:290][  0]LogShaderCompilers: Display: Shaders left to compile 85
[2018.11.06-10.39.25:290][  0]LogShaderCompilers: Display: Shaders left to compile 84
[2018.11.06-10.39.25:290][  0]LogShaderCompilers: Display: Shaders left to compile 83
[2018.11.06-10.39.25:290][  0]LogShaderCompilers: Display: Shaders left to compile 82
[2018.11.06-10.39.25:290][  0]LogShaderCompilers: Display: Shaders left to compile 81
[2018.11.06-10.39.25:290][  0]LogShaderCompilers: Display: Shaders left to compile 80
[2018.11.06-10.39.25:290][  0]LogShaderCompilers: Display: Shaders left to compile 79
[2018.11.06-10.39.25:290][  0]LogShaderCompilers: Display: Shaders left to compile 78
[2018.11.06-10.39.25:290][  0]LogShaderCompilers: Display: Shaders left to compile 77
[2018.11.06-10.39.25:290][  0]LogShaderCompilers: Display: Shaders left to compile 76
[2018.11.06-10.39.25:290][  0]LogShaderCompilers: Display: Shaders left to compile 75
[2018.11.06-10.39.25:290][  0]LogShaderCompilers: Display: Shaders left to compile 74
[2018.11.06-10.39.25:290][  0]LogShaderCompilers: Display: Shaders left to compile 73
[2018.11.06-10.39.25:290][  0]LogShaderCompilers: Display: Shaders left to compile 72
[2018.11.06-10.39.25:290][  0]LogShaderCompilers: Display: Shaders left to compile 71
[2018.11.06-10.39.25:290][  0]LogShaderCompilers: Display: Shaders left to compile 70
[2018.11.06-10.39.25:290][  0]LogShaderCompilers: Display: Shaders left to compile 69
[2018.11.06-10.39.25:290][  0]LogShaderCompilers: Display: Shaders left to compile 68
[2018.11.06-10.39.25:290][  0]LogShaderCompilers: Display: Shaders left to compile 67
[2018.11.06-10.39.25:290][  0]LogShaderCompilers: Display: Shaders left to compile 66
[2018.11.06-10.39.25:290][  0]LogShaderCompilers: Display: Shaders left to compile 65
[2018.11.06-10.39.25:290][  0]LogShaderCompilers: Display: Shaders left to compile 64
[2018.11.06-10.39.25:290][  0]LogShaderCompilers: Display: Shaders left to compile 63
[2018.11.06-10.39.25:290][  0]LogShaderCompilers: Display: Shaders left to compile 62
[2018.11.06-10.39.25:290][  0]LogShaderCompilers: Display: Shaders left to compile 61
[2018.11.06-10.39.25:290][  0]LogShaderCompilers: Display: Shaders left to compile 60
[2018.11.06-10.39.25:290][  0]LogShaderCompilers: Display: Shaders left to compile 59
[2018.11.06-10.39.25:290][  0]LogShaderCompilers: Display: Shaders left to compile 58
[2018.11.06-10.39.25:290][  0]LogShaderCompilers: Display: Shaders left to compile 57
[2018.11.06-10.39.25:291][  0]LogShaderCompilers: Display: Shaders left to compile 56
[2018.11.06-10.39.25:291][  0]LogShaderCompilers: Display: Shaders left to compile 55
[2018.11.06-10.39.25:291][  0]LogShaderCompilers: Display: Shaders left to compile 54
[2018.11.06-10.39.25:291][  0]LogShaderCompilers: Display: Shaders left to compile 53
[2018.11.06-10.39.25:291][  0]LogShaderCompilers: Display: Shaders left to compile 52
[2018.11.06-10.39.25:291][  0]LogShaderCompilers: Display: Shaders left to compile 51
[2018.11.06-10.39.25:291][  0]LogShaderCompilers: Display: Shaders left to compile 50
[2018.11.06-10.39.25:291][  0]LogShaderCompilers: Display: Shaders left to compile 49
[2018.11.06-10.39.25:291][  0]LogShaderCompilers: Display: Shaders left to compile 48
[2018.11.06-10.39.25:291][  0]LogShaderCompilers: Display: Shaders left to compile 47
[2018.11.06-10.39.25:291][  0]LogShaderCompilers: Display: Shaders left to compile 46
[2018.11.06-10.39.25:291][  0]LogShaderCompilers: Display: Shaders left to compile 45
[2018.11.06-10.39.25:291][  0]LogShaderCompilers: Display: Shaders left to compile 44
[2018.11.06-10.39.25:291][  0]LogShaderCompilers: Display: Shaders left to compile 43
[2018.11.06-10.39.25:291][  0]LogShaderCompilers: Display: Shaders left to compile 42
[2018.11.06-10.39.25:291][  0]LogShaderCompilers: Display: Shaders left to compile 41
[2018.11.06-10.39.25:291][  0]LogShaderCompilers: Display: Shaders left to compile 40
[2018.11.06-10.39.25:291][  0]LogShaderCompilers: Display: Shaders left to compile 39
[2018.11.06-10.39.25:291][  0]LogShaderCompilers: Display: Shaders left to compile 38
[2018.11.06-10.39.25:291][  0]LogShaderCompilers: Display: Shaders left to compile 37
[2018.11.06-10.39.25:291][  0]LogShaderCompilers: Display: Shaders left to compile 36
[2018.11.06-10.39.25:291][  0]LogShaderCompilers: Display: Shaders left to compile 35
[2018.11.06-10.39.25:291][  0]LogShaderCompilers: Display: Shaders left to compile 34
[2018.11.06-10.39.25:291][  0]LogShaderCompilers: Display: Shaders left to compile 33
[2018.11.06-10.39.25:291][  0]LogShaderCompilers: Display: Shaders left to compile 32
[2018.11.06-10.39.25:291][  0]LogShaderCompilers: Display: Shaders left to compile 31
[2018.11.06-10.39.25:291][  0]LogShaderCompilers: Display: Shaders left to compile 30
[2018.11.06-10.39.25:291][  0]LogShaderCompilers: Display: Shaders left to compile 29
[2018.11.06-10.39.25:291][  0]LogShaderCompilers: Display: Shaders left to compile 28
[2018.11.06-10.39.25:291][  0]LogShaderCompilers: Display: Shaders left to compile 27
[2018.11.06-10.39.25:291][  0]LogShaderCompilers: Display: Shaders left to compile 26
[2018.11.06-10.39.25:291][  0]LogShaderCompilers: Display: Shaders left to compile 25
[2018.11.06-10.39.25:291][  0]LogShaderCompilers: Display: Shaders left to compile 24
[2018.11.06-10.39.25:292][  0]LogShaderCompilers: Display: Shaders left to compile 23
[2018.11.06-10.39.25:292][  0]LogShaderCompilers: Display: Shaders left to compile 22
[2018.11.06-10.39.25:292][  0]LogShaderCompilers: Display: Shaders left to compile 21
[2018.11.06-10.39.25:292][  0]LogShaderCompilers: Display: Shaders left to compile 20
[2018.11.06-10.39.25:292][  0]LogShaderCompilers: Display: Shaders left to compile 19
[2018.11.06-10.39.25:292][  0]LogShaderCompilers: Display: Shaders left to compile 18
[2018.11.06-10.39.25:292][  0]LogShaderCompilers: Display: Shaders left to compile 17
[2018.11.06-10.39.25:292][  0]LogShaderCompilers: Display: Shaders left to compile 16
[2018.11.06-10.39.25:292][  0]LogShaderCompilers: Display: Shaders left to compile 15
[2018.11.06-10.39.25:292][  0]LogShaderCompilers: Display: Shaders left to compile 14
[2018.11.06-10.39.25:292][  0]LogShaderCompilers: Display: Shaders left to compile 13
[2018.11.06-10.39.25:292][  0]LogShaderCompilers: Display: Shaders left to compile 12
[2018.11.06-10.39.25:292][  0]LogShaderCompilers: Display: Shaders left to compile 11
[2018.11.06-10.39.25:292][  0]LogShaderCompilers: Display: Shaders left to compile 10
[2018.11.06-10.39.25:292][  0]LogShaderCompilers: Display: Shaders left to compile 9
[2018.11.06-10.39.25:292][  0]LogShaderCompilers: Display: Shaders left to compile 8
[2018.11.06-10.39.25:292][  0]LogShaderCompilers: Display: Shaders left to compile 7
[2018.11.06-10.39.25:292][  0]LogShaderCompilers: Display: Shaders left to compile 6
[2018.11.06-10.39.25:292][  0]LogShaderCompilers: Display: Shaders left to compile 5
[2018.11.06-10.39.25:292][  0]LogShaderCompilers: Display: Shaders left to compile 4
[2018.11.06-10.39.25:292][  0]LogShaderCompilers: Display: Shaders left to compile 3
[2018.11.06-10.39.25:292][  0]LogShaderCompilers: Display: Shaders left to compile 2
[2018.11.06-10.39.25:292][  0]LogShaderCompilers: Display: Shaders left to compile 1
[2018.11.06-10.39.25:316][  0]LogStaticMesh: Floor_400x400 스태틱 메시 빌드중...
[2018.11.06-10.39.25:327][  0]LogStaticMesh: Built static mesh [0.01s] /Game/StarterContent/Architecture/Floor_400x400.Floor_400x400
[2018.11.06-10.39.25:367][  0]LogAIModule: Creating AISystem for world Map_LostBambooForest
[2018.11.06-10.39.26:423][  0]LogEditorServer: Finished looking for orphan Actors (0.000 secs)
[2018.11.06-10.39.26:497][  0]Cmd: MAP CHECKDEP NOCLEARLOG
[2018.11.06-10.39.26:801][  0]MapCheck: 맵 체크 완료: 오류 0 회, 경고 0 회, 소요 시간 303.705ms.
[2018.11.06-10.39.26:801][  0]LogFileHelpers: Loading map 'Map_LostBambooForest' took 30.214
[2018.11.06-10.39.27:212][  0]LogSlate: Updating window title bar state: overlay mode, drag disabled, window buttons hidden, title bar hidden
[2018.11.06-10.39.27:238][  0]LogSlate: Updating window title bar state: overlay mode, drag disabled, window buttons hidden, title bar hidden
[2018.11.06-10.39.27:262][  0]LogSlate: Updating window title bar state: overlay mode, drag disabled, window buttons hidden, title bar hidden
[2018.11.06-10.39.27:287][  0]LogSlate: Updating window title bar state: overlay mode, drag disabled, window buttons hidden, title bar hidden
[2018.11.06-10.39.27:340][  0]LogCollectionManager: Loaded 0 collections in 0.006765 seconds
[2018.11.06-10.39.27:416][  0]LogFileCache: Scanning file cache for directory 'C:/Users/Utsuho/Desktop/General/ProjectSpace/UE4STAG/FujiwaraBattleField/Saved/Collections/' took 0.01s
[2018.11.06-10.39.27:416][  0]LogFileCache: Scanning file cache for directory 'C:/Users/Utsuho/Desktop/General/ProjectSpace/UE4STAG/FujiwaraBattleField/Content/Developers/Utsuho/Collections/' took 0.01s
[2018.11.06-10.39.27:416][  0]LogFileCache: Scanning file cache for directory 'C:/Users/Utsuho/Desktop/General/ProjectSpace/UE4STAG/FujiwaraBattleField/Content/Collections/' took 0.01s
[2018.11.06-10.39.27:417][  0]LogCollectionManager: Rebuilt the GUID cache for 0 collections in 0.000000 seconds
[2018.11.06-10.39.27:454][  0]LogContentBrowser: Native class hierarchy populated in 0.0357 seconds. Added 2573 classes and 605 folders.
[2018.11.06-10.39.27:481][  0]LogContentBrowser: Native class hierarchy updated for 'WidgetCarousel' in 0.0011 seconds. Added 0 classes and 0 folders.
[2018.11.06-10.39.28:533][  0]LogContentBrowser: Native class hierarchy updated for 'AddContentDialog' in 0.0009 seconds. Added 0 classes and 0 folders.
[2018.11.06-10.39.28:556][  0]LogContentBrowser: Native class hierarchy updated for 'SceneOutliner' in 0.0010 seconds. Added 1 classes and 2 folders.
[2018.11.06-10.39.28:630][  0]LogSlate: Took 0.012531 seconds to synchronously load lazily loaded font '../../../Engine/Content/Slate/Fonts/Roboto-Regular.ttf' (155K)
[2018.11.06-10.39.28:664][  0]LogSlate: Took 0.030321 seconds to synchronously load lazily loaded font '../../../Engine/Content/Editor/Slate/Fonts/NanumGothic.ttf' (4243K)
[2018.11.06-10.39.28:685][  0]LogSlate: Took 0.019593 seconds to synchronously load lazily loaded font '../../../Engine/Content/Editor/Slate/Fonts/NanumGothicBold.ttf' (4188K)
[2018.11.06-10.39.28:698][  0]LogSlate: Took 0.012586 seconds to synchronously load lazily loaded font '../../../Engine/Content/Slate/Fonts/Roboto-Bold.ttf' (160K)
[2018.11.06-10.39.28:725][  0]LogSlate: Took 0.015920 seconds to synchronously load lazily loaded font '../../../Engine/Content/Editor/Slate/Fonts/FontAwesome.ttf' (139K)
[2018.11.06-10.39.29:220][  0]LogRenderer: Reallocating scene render targets to support 1208x576 Format 10 NumSamples 1 (Frame:1).
[2018.11.06-10.39.29:455][  0]LogContentBrowser: Native class hierarchy updated for 'HierarchicalLODOutliner' in 0.0008 seconds. Added 0 classes and 0 folders.
[2018.11.06-10.39.29:456][  0]LogLoad: (Engine Initialization) Total time: 71.45 seconds
[2018.11.06-10.39.29:456][  0]LogLoad: (Engine Initialization) Total Blueprint compile time: 0.00 seconds
[2018.11.06-10.39.29:518][  0]LogContentStreaming: Texture pool size now 1000 MB
[2018.11.06-10.39.29:620][  0]LogSlate: Took 0.012767 seconds to synchronously load lazily loaded font '../../../Engine/Content/Slate/Fonts/Roboto-Light.ttf' (167K)
[2018.11.06-10.39.29:935][  3]LogAssetRegistry: Asset discovery search completed in 49.6027 seconds
[2018.11.06-10.39.29:941][  3]LogCollectionManager: Rebuilt the object cache for 0 collections in 0.000000 seconds (found 0 objects)
[2018.11.06-10.39.29:941][  3]LogCollectionManager: Fixed up redirectors for 0 collections in 0.000171 seconds (updated 0 objects)
[2018.11.06-10.39.55:828][155]LogSlate: FSceneViewport::OnFocusLost() reason 0
[2018.11.06-10.40.12:423][614]LogEditorViewport: Clicking on Actor (context menu): Landscape (Landscape1)
[2018.11.06-10.40.12:732][614]LogSlate: FSceneViewport::OnFocusLost() reason 2
[2018.11.06-10.40.12:760][614]LogEditorViewport: Clicking on Actor (context menu): Landscape (Landscape1)
[2018.11.06-10.40.12:892][614]LogSlate: FSceneViewport::OnFocusLost() reason 2
[2018.11.06-10.40.12:926][614]LogEditorViewport: Clicking on Actor (context menu): Landscape (Landscape1)
[2018.11.06-10.40.13:058][614]LogSlate: FSceneViewport::OnFocusLost() reason 2
[2018.11.06-10.41.13:448][399]LogSlate: FSceneViewport::OnFocusLost() reason 0
[2018.11.06-10.41.15:806][455]Cmd: CAMERA ALIGN ACTIVEVIEWPORTONLY
[2018.11.06-10.41.35:280][ 15]Cmd: DELETE
[2018.11.06-10.41.35:280][ 15]Cmd: ACTOR DELETE
[2018.11.06-10.41.35:308][ 15]LogEditorActor: Deleted Actor: Character
[2018.11.06-10.41.35:411][ 15]LogEditorActor: Deleted 1 Actors (0.124 secs)
[2018.11.06-10.41.35:544][ 20]LogSlate: FSceneViewport::OnFocusLost() reason 0
[2018.11.06-10.41.41:176][161]Cmd: DELETE
[2018.11.06-10.41.41:176][161]Cmd: ACTOR DELETE
[2018.11.06-10.41.41:195][161]LogEditorActor: Deleted Actor: Character
[2018.11.06-10.41.41:245][161]LogEditorActor: Deleted 1 Actors (0.069 secs)
[2018.11.06-10.44.06:565][671]LogEditorViewport: Clicking on Actor (LMB): StaticMeshActor (Floor_400x400)
[2018.11.06-10.44.10:003][769]LogSlate: FSceneViewport::OnFocusLost() reason 0
[2018.11.06-10.44.18:236][  0]LogSlate: FSceneViewport::OnFocusLost() reason 0
[2018.11.06-10.49.20:851][229]LogSlate: Took 0.000601 seconds to synchronously load lazily loaded font '../../../Engine/Content/Slate/Fonts/Roboto-Light.ttf' (167K)
[2018.11.06-10.49.31:852][334]LogSavePackage: Moving '../../../../../../../Users/Utsuho/Desktop/General/ProjectSpace/UE4STAG/FujiwaraBattleField/Saved/Map_LostBambooForest_Auto127EBFC3D481DEAA1AAFCBEADD7C2C8FA.tmp' to '../../../../../../../Users/Utsuho/Desktop/General/ProjectSpace/UE4STAG/FujiwaraBattleField/Saved/Autosaves/Game/Maps/Map_LostBambooForest_Auto1.umap'
[2018.11.06-10.49.31:862][334]LogFileHelpers: Editor autosave (incl. sublevels) for '/Game/Maps/Map_LostBambooForest' took 1.890
[2018.11.06-10.49.31:862][334]LogFileHelpers: Editor autosave (incl. sublevels) for all levels took 1.890
[2018.11.06-11.45.56:759][205]LogSlate: FSceneViewport::OnFocusLost() reason 0
[2018.11.06-12.37.02:977][158]LogSlate: Took 0.018591 seconds to synchronously load lazily loaded font '../../../Engine/Content/Slate/Fonts/Roboto-Italic.ttf' (157K)
[2018.11.06-12.39.41:377][ 51]LogSlate: FSceneViewport::OnFocusLost() reason 0
[2018.11.06-12.39.41:487][ 57]LogRenderer: Reallocating scene render targets to support 1208x584 Format 10 NumSamples 1 (Frame:17789).
[2018.11.06-12.39.41:544][ 58]LogRenderer: Reallocating scene render targets to support 1208x664 Format 10 NumSamples 1 (Frame:17791).
[2018.11.06-12.39.41:602][ 59]LogRenderer: Reallocating scene render targets to support 1208x672 Format 10 NumSamples 1 (Frame:17793).
[2018.11.06-12.39.41:664][ 60]LogRenderer: Reallocating scene render targets to support 1208x688 Format 10 NumSamples 1 (Frame:17795).
[2018.11.06-13.20.06:439][411]LogSlate: FSceneViewport::OnFocusLost() reason 0
[2018.11.06-13.20.28:480][ 51]LogSlate: Window '부모 클래스 선택' being destroyed
[2018.11.06-13.20.37:791][594]LogAssetEditorManager: Opening Asset editor for Blueprint /Game/Characters/BP_TestCharacter.BP_TestCharacter
[2018.11.06-13.20.38:804][594]LogContentBrowser: Native class hierarchy updated for 'BlueprintGraph' in 0.0024 seconds. Added 116 classes and 0 folders.
[2018.11.06-13.20.43:377][737]LogRenderer: Reallocating scene render targets to support 1208x900 Format 10 NumSamples 1 (Frame:124).
[2018.11.06-13.20.43:979][773]LogSlate: Window 'BP_TestCharacter*' being destroyed
[2018.11.06-13.21.51:718][483]LogSlate: FSceneViewport::OnFocusLost() reason 0
[2018.11.06-13.22.13:563][504]LogSlate: FSceneViewport::OnFocusLost() reason 0
[2018.11.06-13.24.47:490][485]LogSlate: FSceneViewport::OnFocusLost() reason 0
[2018.11.06-13.25.29:093][402]LogSlate: FSceneViewport::OnFocusLost() reason 2
[2018.11.06-13.25.35:870][998]LogSlate: FSceneViewport::OnFocusLost() reason 2
[2018.11.06-13.26.13:255][791]LogSlate: FSceneViewport::OnFocusLost() reason 0
[2018.11.06-13.26.23:379][833]LogSlate: FSceneViewport::OnFocusLost() reason 0
[2018.11.06-13.26.31:745][669]LogSlate: FSceneViewport::OnFocusLost() reason 0
[2018.11.06-13.26.48:805][442]LogSlate: FSceneViewport::OnFocusLost() reason 0
[2018.11.06-13.26.57:149][896]LogSlate: FSceneViewport::OnFocusLost() reason 2
[2018.11.06-13.27.01:926][187]LogSlate: FSceneViewport::OnFocusLost() reason 2
[2018.11.06-13.27.10:575][524]LogSlate: FSceneViewport::OnFocusLost() reason 2
[2018.11.06-13.28.25:872][200]BlueprintLog: New page: BP_TestCharacter 컴파일
[2018.11.06-13.28.27:501][316]LogSlate: FSceneViewport::OnFocusLost() reason 0
[2018.11.06-13.28.28:625][373]Cmd: CAMERA ALIGN ACTIVEVIEWPORTONLY
[2018.11.06-13.28.30:030][472]LogSlate: FSceneViewport::OnFocusLost() reason 0
[2018.11.06-13.28.31:340][557]LogSlate: FSceneViewport::OnFocusLost() reason 0
[2018.11.06-13.28.33:455][685]Cmd: DELETE
[2018.11.06-13.28.33:455][685]Cmd: ACTOR DELETE
[2018.11.06-13.28.33:469][685]LogEditorActor: Deleted Actor: BP_TestCharacter_C
[2018.11.06-13.28.33:504][685]LogEditorActor: Deleted 1 Actors (0.047 secs)
[2018.11.06-13.28.33:846][705]LogEditorViewport: Clicking on Actor (LMB): StaticMeshActor (Floor_400x400)
[2018.11.06-13.28.34:337][738]LogEditorViewport: Clicking on Actor (LMB): Landscape (Landscape1)
[2018.11.06-13.28.34:717][765]LogEditorViewport: Clicking on Actor (LMB): Landscape (Landscape1)
[2018.11.06-13.28.35:145][800]LogEditorViewport: Clicking on Actor (LMB): Landscape (Landscape1)
[2018.11.06-13.28.35:442][822]LogEditorViewport: Clicking on Actor (LMB): Landscape (Landscape1)
[2018.11.06-13.28.35:712][843]LogEditorViewport: Clicking on Actor (double click): Landscape (Landscape1)
[2018.11.06-13.28.36:046][871]LogEditorViewport: Clicking on Actor (LMB): Landscape (Landscape1)
[2018.11.06-13.28.36:476][905]LogEditorViewport: Clicking on Actor (LMB): Landscape (Landscape1)
[2018.11.06-13.28.36:824][933]LogEditorViewport: Clicking on Actor (LMB): Landscape (Landscape1)
[2018.11.06-13.28.36:956][941]LogEditorViewport: Clicking on Actor (double click): Landscape (Landscape1)
[2018.11.06-13.28.37:233][964]LogEditorViewport: Clicking on Actor (LMB): BP_TestCharacter_C (BP_TestCharacter2)
[2018.11.06-13.28.44:951][589]LogSlate: FSceneViewport::OnFocusLost() reason 0
[2018.11.06-13.29.13:267][974]LogSlate: FSceneViewport::OnFocusLost() reason 0
[2018.11.06-13.30.36:320][ 67]LogSavePackage: Moving '../../../../../../../Users/Utsuho/Desktop/General/ProjectSpace/UE4STAG/FujiwaraBattleField/Saved/Map_LostBambooForest_Auto24C4228DA449B12E206F9ED8129760130.tmp' to '../../../../../../../Users/Utsuho/Desktop/General/ProjectSpace/UE4STAG/FujiwaraBattleField/Saved/Autosaves/Game/Maps/Map_LostBambooForest_Auto2.umap'
[2018.11.06-13.30.36:332][ 67]LogFileHelpers: Editor autosave (incl. sublevels) for '/Game/Maps/Map_LostBambooForest' took 1.140
[2018.11.06-13.30.36:332][ 67]LogFileHelpers: Editor autosave (incl. sublevels) for all levels took 1.140
[2018.11.06-13.30.36:343][ 67]OBJ SavePackage: Generating thumbnails for [0] asset(s) in package [/Game/Characters/BP_TestCharacter] ([1] browsable assets)...
[2018.11.06-13.30.36:343][ 67]OBJ SavePackage: Finished generating thumbnails for package [/Game/Characters/BP_TestCharacter]
[2018.11.06-13.30.36:367][ 67]LogSavePackage: Moving '../../../../../../../Users/Utsuho/Desktop/General/ProjectSpace/UE4STAG/FujiwaraBattleField/Saved/BP_TestCharacter_Auto27242B5644B5C649D4515F7A6D4C590A1.tmp' to '../../../../../../../Users/Utsuho/Desktop/General/ProjectSpace/UE4STAG/FujiwaraBattleField/Saved/Autosaves/Game/Characters/BP_TestCharacter_Auto2.uasset'
[2018.11.06-13.30.36:370][ 67]LogFileHelpers: Auto-saving content packages took 0.030
[2018.11.06-13.32.17:394][656]LogSlate: FSceneViewport::OnFocusLost() reason 0
[2018.11.06-13.37.04:618][297]LogSlate: FSceneViewport::OnFocusLost() reason 0
[2018.11.06-13.37.46:622][145]LogSlate: FSceneViewport::OnFocusLost() reason 0
[2018.11.06-13.38.25:997][ 32]LogSlate: FSceneViewport::OnFocusLost() reason 2
[2018.11.06-13.38.36:485][ 41]LogSlate: FSceneViewport::OnFocusLost() reason 0
[2018.11.06-13.40.37:901][712]LogSavePackage: Moving '../../../../../../../Users/Utsuho/Desktop/General/ProjectSpace/UE4STAG/FujiwaraBattleField/Saved/Map_LostBambooForest_Auto395423A384A17CA826A677FBE63691D8B.tmp' to '../../../../../../../Users/Utsuho/Desktop/General/ProjectSpace/UE4STAG/FujiwaraBattleField/Saved/Autosaves/Game/Maps/Map_LostBambooForest_Auto3.umap'
[2018.11.06-13.40.37:931][712]LogFileHelpers: Editor autosave (incl. sublevels) for '/Game/Maps/Map_LostBambooForest' took 1.307
[2018.11.06-13.40.37:931][712]LogFileHelpers: Editor autosave (incl. sublevels) for all levels took 1.307
[2018.11.06-13.40.37:942][712]OBJ SavePackage: Generating thumbnails for [0] asset(s) in package [/Game/Characters/BP_TestCharacter] ([1] browsable assets)...
[2018.11.06-13.40.37:942][712]OBJ SavePackage: Finished generating thumbnails for package [/Game/Characters/BP_TestCharacter]
[2018.11.06-13.40.37:991][712]LogSavePackage: Moving '../../../../../../../Users/Utsuho/Desktop/General/ProjectSpace/UE4STAG/FujiwaraBattleField/Saved/BP_TestCharacter_Auto3D56C92E440A91F12777E91A8EA7D60B8.tmp' to '../../../../../../../Users/Utsuho/Desktop/General/ProjectSpace/UE4STAG/FujiwaraBattleField/Saved/Autosaves/Game/Characters/BP_TestCharacter_Auto3.uasset'
[2018.11.06-13.40.37:995][712]LogFileHelpers: Auto-saving content packages took 0.055
[2018.11.06-13.43.48:088][943]LogSlate: FSceneViewport::OnFocusLost() reason 0
[2018.11.06-13.44.17:434][346]LogEditorViewport: Clicking on Actor (LMB): StaticMeshActor (Floor_400x400)
[2018.11.06-13.44.28:280][136]LogEditorViewport: Clicking on Actor (LMB): Landscape (Landscape1)
[2018.11.06-13.44.28:659][156]LogEditorViewport: Clicking on Actor (LMB): BP_Sky_Sphere_C (BP_Sky_Sphere)
[2018.11.06-13.44.33:359][521]LogEditorViewport: Clicking on Actor (LMB): BP_Sky_Sphere_C (BP_Sky_Sphere)
[2018.11.06-13.44.33:700][548]LogEditorViewport: Clicking on Component (LMB): StaticMeshComponent (Sky Sphere mesh)
[2018.11.06-13.44.34:154][580]LogEditorViewport: Clicking on Actor (LMB): BP_TestCharacter_C (BP_TestCharacter2)
[2018.11.06-13.45.24:278][775]LogSlate: FSceneViewport::OnFocusLost() reason 0
[2018.11.06-13.45.34:443][710]LogSlate: FSceneViewport::OnFocusLost() reason 0
[2018.11.06-13.45.42:798][487]LogSlate: FSceneViewport::OnFocusLost() reason 2
[2018.11.06-14.30.30:012][246]LogHttp: Warning: 000001F403274E00: request failed, libcurl error: 6 (Couldn't resolve host name)
[2018.11.06-14.30.30:012][246]LogHttp: Warning: 000001F403274E00: libcurl info message cache 0 (Connection 99 seems to be dead!)
[2018.11.06-14.30.30:012][246]LogHttp: Warning: 000001F403274E00: libcurl info message cache 1 (Closing connection 99)
[2018.11.06-14.30.30:013][246]LogHttp: Warning: 000001F403274E00: libcurl info message cache 2 (TLSv1.2 (OUT), TLS alert, Client hello (1):)
[2018.11.06-14.30.30:013][246]LogHttp: Warning: 000001F403274E00: libcurl info message cache 3 (Could not resolve host: datarouter.ol.epicgames.com)
[2018.11.06-14.30.30:013][246]LogHttp: Warning: 000001F403274E00: libcurl info message cache 4 (Closing connection 100)
[2018.11.06-14.36.41:181][351]LogRenderer: Reallocating scene render targets to support 1208x940 Format 10 NumSamples 1 (Frame:28651).
[2018.11.06-14.36.44:861][359]LogInit: XAudio2 using 'LG FULL HD(4- NVIDIA High Definition Audio)' : 2 channels at 48 kHz using 16 bits per sample (channel mask 0x3)
[2018.11.06-15.57.34:145][865]LogAudio: Warning: Current Audio Device with ID {0.0.0.00000000}.{6c2f534b-f9b8-4f07-95cf-48d013a19d64} was removed. Shutting down audio device.
[2018.11.06-15.57.34:147][865]LogInit: XAudio2 using '스피커(Realtek High Definition Audio)' : 2 channels at 48 kHz using 32 bits per sample (channel mask 0x3)
[2018.11.07-00.57.50:884][868]LogHttp: Warning: 000001F4032742C0: request failed, libcurl error: 6 (Couldn't resolve host name)
[2018.11.07-00.57.50:884][868]LogHttp: Warning: 000001F4032742C0: libcurl info message cache 0 (Connection 136 seems to be dead!)
[2018.11.07-00.57.50:890][868]LogHttp: Warning: 000001F4032742C0: libcurl info message cache 1 (Closing connection 136)
[2018.11.07-00.57.50:890][868]LogHttp: Warning: 000001F4032742C0: libcurl info message cache 2 (Could not resolve host: datarouter.ol.epicgames.com)
[2018.11.07-00.57.50:890][868]LogHttp: Warning: 000001F4032742C0: libcurl info message cache 3 (Closing connection 137)
[2018.11.07-00.58.18:880][925]LogSlate: FSceneViewport::OnFocusLost() reason 0
[2018.11.07-00.58.20:649][928]LogSlate: Window '콘텐츠 저장' being destroyed
[2018.11.07-00.58.21:515][928]LogSlate: Window 'FujiwaraBattleField - 언리얼 에디터' being destroyed
[2018.11.07-00.58.22:689][929]Cmd: QUIT_EDITOR
[2018.11.07-00.58.22:936][929]LogWindowsTextInputMethodSystem: Display: IME system now activated using TSF (Microsoft 입력기).
[2018.11.07-00.58.23:112][929]LogExit: Preparing to exit.
